[2022-08-03 03:38:01,347] {taskinstance.py:826} INFO - Dependencies all met for <TaskInstance: penjadwalan.dapat_suhu 2022-08-03T03:36:00+00:00 [queued]>
[2022-08-03 03:38:01,372] {taskinstance.py:826} INFO - Dependencies all met for <TaskInstance: penjadwalan.dapat_suhu 2022-08-03T03:36:00+00:00 [queued]>
[2022-08-03 03:38:01,373] {taskinstance.py:1017} INFO - 
--------------------------------------------------------------------------------
[2022-08-03 03:38:01,374] {taskinstance.py:1018} INFO - Starting attempt 1 of 1
[2022-08-03 03:38:01,374] {taskinstance.py:1019} INFO - 
--------------------------------------------------------------------------------
[2022-08-03 03:38:01,390] {taskinstance.py:1038} INFO - Executing <Task(PythonOperator): dapat_suhu> on 2022-08-03T03:36:00+00:00
[2022-08-03 03:38:01,395] {standard_task_runner.py:51} INFO - Started process 514 to run task
[2022-08-03 03:38:01,401] {standard_task_runner.py:75} INFO - Running: ['airflow', 'tasks', 'run', 'penjadwalan', 'dapat_suhu', '2022-08-03T03:36:00+00:00', '--job-id', '583', '--pool', 'default_pool', '--raw', '--subdir', 'DAGS_FOLDER/penjadwalan.py', '--cfg-path', '/tmp/tmpnpzntqy2']
[2022-08-03 03:38:01,405] {standard_task_runner.py:76} INFO - Job 583: Subtask dapat_suhu
[2022-08-03 03:38:01,476] {logging_mixin.py:103} INFO - Running <TaskInstance: penjadwalan.dapat_suhu 2022-08-03T03:36:00+00:00 [running]> on host b4dcda255553
[2022-08-03 03:38:01,558] {taskinstance.py:1232} INFO - Exporting the following env vars:
AIRFLOW_CTX_DAG_OWNER=airflow
AIRFLOW_CTX_DAG_ID=penjadwalan
AIRFLOW_CTX_TASK_ID=dapat_suhu
AIRFLOW_CTX_EXECUTION_DATE=2022-08-03T03:36:00+00:00
AIRFLOW_CTX_DAG_RUN_ID=scheduled__2022-08-03T03:36:00+00:00
[2022-08-03 03:38:01,684] {logging_mixin.py:103} INFO - {'kota': 'Bali', 'cuaca': 'Clouds', 'cuaca_deskripsi': 'scattered clouds', 'temperatur': 301.61, 'waktu': '2022-08-03T03:38:01.684358'}
[2022-08-03 03:38:02,500] {logging_mixin.py:103} INFO - {'kota': 'Lombok', 'cuaca': 'Clouds', 'cuaca_deskripsi': 'overcast clouds', 'temperatur': 298.97, 'waktu': '2022-08-03T03:38:02.499778'}
[2022-08-03 03:38:02,634] {logging_mixin.py:103} INFO - {'kota': 'Labuan Bajo', 'cuaca': 'Clouds', 'cuaca_deskripsi': 'broken clouds', 'temperatur': 302.05, 'waktu': '2022-08-03T03:38:02.633755'}
[2022-08-03 03:38:02,752] {logging_mixin.py:103} INFO - {'kota': 'Bogor', 'cuaca': 'Clouds', 'cuaca_deskripsi': 'overcast clouds', 'temperatur': 304.2, 'waktu': '2022-08-03T03:38:02.752607'}
[2022-08-03 03:38:02,868] {logging_mixin.py:103} INFO - {'kota': 'Bandung', 'cuaca': 'Clouds', 'cuaca_deskripsi': 'broken clouds', 'temperatur': 302.13, 'waktu': '2022-08-03T03:38:02.868506'}
[2022-08-03 03:38:02,869] {python.py:118} INFO - Done. Returned value was: None
[2022-08-03 03:38:02,887] {taskinstance.py:1142} INFO - Marking task as SUCCESS. dag_id=penjadwalan, task_id=dapat_suhu, execution_date=20220803T033600, start_date=20220803T033801, end_date=20220803T033802
[2022-08-03 03:38:02,930] {taskinstance.py:1195} INFO - 0 downstream tasks scheduled from follow-on schedule check
[2022-08-03 03:38:02,939] {local_task_job.py:118} INFO - Task exited with return code 0
