[2022-08-03 00:47:49,861] {taskinstance.py:826} INFO - Dependencies all met for <TaskInstance: penjadwalan.dapat_suhu 2022-08-02T23:10:00+00:00 [queued]>
[2022-08-03 00:47:49,918] {taskinstance.py:826} INFO - Dependencies all met for <TaskInstance: penjadwalan.dapat_suhu 2022-08-02T23:10:00+00:00 [queued]>
[2022-08-03 00:47:49,923] {taskinstance.py:1017} INFO - 
--------------------------------------------------------------------------------
[2022-08-03 00:47:49,924] {taskinstance.py:1018} INFO - Starting attempt 1 of 1
[2022-08-03 00:47:49,925] {taskinstance.py:1019} INFO - 
--------------------------------------------------------------------------------
[2022-08-03 00:47:49,978] {taskinstance.py:1038} INFO - Executing <Task(PythonOperator): dapat_suhu> on 2022-08-02T23:10:00+00:00
[2022-08-03 00:47:49,986] {standard_task_runner.py:51} INFO - Started process 31933 to run task
[2022-08-03 00:47:49,994] {standard_task_runner.py:75} INFO - Running: ['airflow', 'tasks', 'run', 'penjadwalan', 'dapat_suhu', '2022-08-02T23:10:00+00:00', '--job-id', '382', '--pool', 'default_pool', '--raw', '--subdir', 'DAGS_FOLDER/penjadwalan.py', '--cfg-path', '/tmp/tmp91bp9rgi']
[2022-08-03 00:47:50,006] {standard_task_runner.py:76} INFO - Job 382: Subtask dapat_suhu
[2022-08-03 00:47:50,233] {logging_mixin.py:103} INFO - Running <TaskInstance: penjadwalan.dapat_suhu 2022-08-02T23:10:00+00:00 [running]> on host b4dcda255553
[2022-08-03 00:47:50,401] {taskinstance.py:1232} INFO - Exporting the following env vars:
AIRFLOW_CTX_DAG_OWNER=airflow
AIRFLOW_CTX_DAG_ID=penjadwalan
AIRFLOW_CTX_TASK_ID=dapat_suhu
AIRFLOW_CTX_EXECUTION_DATE=2022-08-02T23:10:00+00:00
AIRFLOW_CTX_DAG_RUN_ID=scheduled__2022-08-02T23:10:00+00:00
[2022-08-03 00:47:51,391] {logging_mixin.py:103} INFO - {'kota': 'Bali', 'cuaca': 'Clouds', 'cuaca_deskripsi': 'overcast clouds', 'temperatur': 298.28, 'waktu': '2022-08-03T00:47:51.391297'}
[2022-08-03 00:47:53,315] {logging_mixin.py:103} INFO - {'kota': 'Lombok', 'cuaca': 'Clouds', 'cuaca_deskripsi': 'overcast clouds', 'temperatur': 295.51, 'waktu': '2022-08-03T00:47:53.315302'}
[2022-08-03 00:47:54,853] {logging_mixin.py:103} INFO - {'kota': 'Labuan Bajo', 'cuaca': 'Clouds', 'cuaca_deskripsi': 'scattered clouds', 'temperatur': 300.93, 'waktu': '2022-08-03T00:47:54.853109'}
[2022-08-03 00:47:55,482] {logging_mixin.py:103} INFO - {'kota': 'Bogor', 'cuaca': 'Rain', 'cuaca_deskripsi': 'light rain', 'temperatur': 300.87, 'waktu': '2022-08-03T00:47:55.481983'}
[2022-08-03 00:47:56,160] {logging_mixin.py:103} INFO - {'kota': 'Bandung', 'cuaca': 'Clouds', 'cuaca_deskripsi': 'scattered clouds', 'temperatur': 296.92, 'waktu': '2022-08-03T00:47:56.160499'}
[2022-08-03 00:47:56,162] {python.py:118} INFO - Done. Returned value was: None
[2022-08-03 00:47:56,218] {taskinstance.py:1142} INFO - Marking task as SUCCESS. dag_id=penjadwalan, task_id=dapat_suhu, execution_date=20220802T231000, start_date=20220803T004749, end_date=20220803T004756
[2022-08-03 00:47:56,657] {taskinstance.py:1195} INFO - 0 downstream tasks scheduled from follow-on schedule check
[2022-08-03 00:47:56,708] {local_task_job.py:118} INFO - Task exited with return code 0
