[2022-08-03 00:47:56,925] {taskinstance.py:826} INFO - Dependencies all met for <TaskInstance: penjadwalan.dapat_suhu 2022-08-02T23:26:00+00:00 [queued]>
[2022-08-03 00:47:57,062] {taskinstance.py:826} INFO - Dependencies all met for <TaskInstance: penjadwalan.dapat_suhu 2022-08-02T23:26:00+00:00 [queued]>
[2022-08-03 00:47:57,064] {taskinstance.py:1017} INFO - 
--------------------------------------------------------------------------------
[2022-08-03 00:47:57,065] {taskinstance.py:1018} INFO - Starting attempt 1 of 1
[2022-08-03 00:47:57,069] {taskinstance.py:1019} INFO - 
--------------------------------------------------------------------------------
[2022-08-03 00:47:57,140] {taskinstance.py:1038} INFO - Executing <Task(PythonOperator): dapat_suhu> on 2022-08-02T23:26:00+00:00
[2022-08-03 00:47:57,154] {standard_task_runner.py:51} INFO - Started process 32185 to run task
[2022-08-03 00:47:57,168] {standard_task_runner.py:75} INFO - Running: ['airflow', 'tasks', 'run', 'penjadwalan', 'dapat_suhu', '2022-08-02T23:26:00+00:00', '--job-id', '390', '--pool', 'default_pool', '--raw', '--subdir', 'DAGS_FOLDER/penjadwalan.py', '--cfg-path', '/tmp/tmpa2hq0cph']
[2022-08-03 00:47:57,173] {standard_task_runner.py:76} INFO - Job 390: Subtask dapat_suhu
[2022-08-03 00:47:57,330] {logging_mixin.py:103} INFO - Running <TaskInstance: penjadwalan.dapat_suhu 2022-08-02T23:26:00+00:00 [running]> on host b4dcda255553
[2022-08-03 00:47:57,570] {taskinstance.py:1232} INFO - Exporting the following env vars:
AIRFLOW_CTX_DAG_OWNER=airflow
AIRFLOW_CTX_DAG_ID=penjadwalan
AIRFLOW_CTX_TASK_ID=dapat_suhu
AIRFLOW_CTX_EXECUTION_DATE=2022-08-02T23:26:00+00:00
AIRFLOW_CTX_DAG_RUN_ID=scheduled__2022-08-02T23:26:00+00:00
[2022-08-03 00:47:58,080] {logging_mixin.py:103} INFO - {'kota': 'Bali', 'cuaca': 'Clouds', 'cuaca_deskripsi': 'overcast clouds', 'temperatur': 298.28, 'waktu': '2022-08-03T00:47:58.080841'}
[2022-08-03 00:47:58,380] {logging_mixin.py:103} INFO - {'kota': 'Lombok', 'cuaca': 'Clouds', 'cuaca_deskripsi': 'overcast clouds', 'temperatur': 295.51, 'waktu': '2022-08-03T00:47:58.379983'}
[2022-08-03 00:47:58,639] {logging_mixin.py:103} INFO - {'kota': 'Labuan Bajo', 'cuaca': 'Clouds', 'cuaca_deskripsi': 'scattered clouds', 'temperatur': 300.93, 'waktu': '2022-08-03T00:47:58.638834'}
[2022-08-03 00:47:58,932] {logging_mixin.py:103} INFO - {'kota': 'Bogor', 'cuaca': 'Rain', 'cuaca_deskripsi': 'light rain', 'temperatur': 300.87, 'waktu': '2022-08-03T00:47:58.932116'}
[2022-08-03 00:47:59,358] {logging_mixin.py:103} INFO - {'kota': 'Bandung', 'cuaca': 'Clouds', 'cuaca_deskripsi': 'scattered clouds', 'temperatur': 296.92, 'waktu': '2022-08-03T00:47:59.358398'}
[2022-08-03 00:47:59,359] {python.py:118} INFO - Done. Returned value was: None
[2022-08-03 00:47:59,428] {taskinstance.py:1142} INFO - Marking task as SUCCESS. dag_id=penjadwalan, task_id=dapat_suhu, execution_date=20220802T232600, start_date=20220803T004756, end_date=20220803T004759
[2022-08-03 00:47:59,701] {taskinstance.py:1195} INFO - 0 downstream tasks scheduled from follow-on schedule check
[2022-08-03 00:47:59,778] {local_task_job.py:118} INFO - Task exited with return code 0
