[2022-08-03 01:46:00,680] {taskinstance.py:826} INFO - Dependencies all met for <TaskInstance: penjadwalan.dapat_suhu 2022-08-03T01:44:00+00:00 [queued]>
[2022-08-03 01:46:00,709] {taskinstance.py:826} INFO - Dependencies all met for <TaskInstance: penjadwalan.dapat_suhu 2022-08-03T01:44:00+00:00 [queued]>
[2022-08-03 01:46:00,710] {taskinstance.py:1017} INFO - 
--------------------------------------------------------------------------------
[2022-08-03 01:46:00,711] {taskinstance.py:1018} INFO - Starting attempt 1 of 1
[2022-08-03 01:46:00,711] {taskinstance.py:1019} INFO - 
--------------------------------------------------------------------------------
[2022-08-03 01:46:00,737] {taskinstance.py:1038} INFO - Executing <Task(PythonOperator): dapat_suhu> on 2022-08-03T01:44:00+00:00
[2022-08-03 01:46:00,743] {standard_task_runner.py:51} INFO - Started process 6719 to run task
[2022-08-03 01:46:00,755] {standard_task_runner.py:75} INFO - Running: ['airflow', 'tasks', 'run', 'penjadwalan', 'dapat_suhu', '2022-08-03T01:44:00+00:00', '--job-id', '483', '--pool', 'default_pool', '--raw', '--subdir', 'DAGS_FOLDER/penjadwalan.py', '--cfg-path', '/tmp/tmposb3vfum']
[2022-08-03 01:46:00,761] {standard_task_runner.py:76} INFO - Job 483: Subtask dapat_suhu
[2022-08-03 01:46:00,860] {logging_mixin.py:103} INFO - Running <TaskInstance: penjadwalan.dapat_suhu 2022-08-03T01:44:00+00:00 [running]> on host b4dcda255553
[2022-08-03 01:46:00,933] {taskinstance.py:1232} INFO - Exporting the following env vars:
AIRFLOW_CTX_DAG_OWNER=airflow
AIRFLOW_CTX_DAG_ID=penjadwalan
AIRFLOW_CTX_TASK_ID=dapat_suhu
AIRFLOW_CTX_EXECUTION_DATE=2022-08-03T01:44:00+00:00
AIRFLOW_CTX_DAG_RUN_ID=scheduled__2022-08-03T01:44:00+00:00
[2022-08-03 01:46:01,413] {logging_mixin.py:103} INFO - {'kota': 'Bali', 'cuaca': 'Clouds', 'cuaca_deskripsi': 'broken clouds', 'temperatur': 298.28, 'waktu': '2022-08-03T01:46:01.413209'}
[2022-08-03 01:46:01,923] {logging_mixin.py:103} INFO - {'kota': 'Lombok', 'cuaca': 'Rain', 'cuaca_deskripsi': 'moderate rain', 'temperatur': 295.93, 'waktu': '2022-08-03T01:46:01.923153'}
[2022-08-03 01:46:02,857] {logging_mixin.py:103} INFO - {'kota': 'Labuan Bajo', 'cuaca': 'Clouds', 'cuaca_deskripsi': 'broken clouds', 'temperatur': 301.94, 'waktu': '2022-08-03T01:46:02.857584'}
[2022-08-03 01:46:03,246] {logging_mixin.py:103} INFO - {'kota': 'Bogor', 'cuaca': 'Clouds', 'cuaca_deskripsi': 'overcast clouds', 'temperatur': 299.37, 'waktu': '2022-08-03T01:46:03.246754'}
[2022-08-03 01:46:03,512] {logging_mixin.py:103} INFO - {'kota': 'Bandung', 'cuaca': 'Clouds', 'cuaca_deskripsi': 'scattered clouds', 'temperatur': 299.15, 'waktu': '2022-08-03T01:46:03.512224'}
[2022-08-03 01:46:03,512] {python.py:118} INFO - Done. Returned value was: None
[2022-08-03 01:46:03,528] {taskinstance.py:1142} INFO - Marking task as SUCCESS. dag_id=penjadwalan, task_id=dapat_suhu, execution_date=20220803T014400, start_date=20220803T014600, end_date=20220803T014603
[2022-08-03 01:46:03,569] {taskinstance.py:1195} INFO - 0 downstream tasks scheduled from follow-on schedule check
[2022-08-03 01:46:03,580] {local_task_job.py:118} INFO - Task exited with return code 0
