[2022-08-03 00:46:27,565] {taskinstance.py:826} INFO - Dependencies all met for <TaskInstance: penjadwalan.dapat_suhu 2022-08-02T21:10:00+00:00 [queued]>
[2022-08-03 00:46:27,637] {taskinstance.py:826} INFO - Dependencies all met for <TaskInstance: penjadwalan.dapat_suhu 2022-08-02T21:10:00+00:00 [queued]>
[2022-08-03 00:46:27,638] {taskinstance.py:1017} INFO - 
--------------------------------------------------------------------------------
[2022-08-03 00:46:27,640] {taskinstance.py:1018} INFO - Starting attempt 1 of 1
[2022-08-03 00:46:27,640] {taskinstance.py:1019} INFO - 
--------------------------------------------------------------------------------
[2022-08-03 00:46:27,669] {taskinstance.py:1038} INFO - Executing <Task(PythonOperator): dapat_suhu> on 2022-08-02T21:10:00+00:00
[2022-08-03 00:46:27,680] {standard_task_runner.py:51} INFO - Started process 28534 to run task
[2022-08-03 00:46:27,697] {standard_task_runner.py:75} INFO - Running: ['airflow', 'tasks', 'run', 'penjadwalan', 'dapat_suhu', '2022-08-02T21:10:00+00:00', '--job-id', '322', '--pool', 'default_pool', '--raw', '--subdir', 'DAGS_FOLDER/penjadwalan.py', '--cfg-path', '/tmp/tmpx5_74ca1']
[2022-08-03 00:46:27,703] {standard_task_runner.py:76} INFO - Job 322: Subtask dapat_suhu
[2022-08-03 00:46:27,834] {logging_mixin.py:103} INFO - Running <TaskInstance: penjadwalan.dapat_suhu 2022-08-02T21:10:00+00:00 [running]> on host b4dcda255553
[2022-08-03 00:46:27,988] {taskinstance.py:1232} INFO - Exporting the following env vars:
AIRFLOW_CTX_DAG_OWNER=airflow
AIRFLOW_CTX_DAG_ID=penjadwalan
AIRFLOW_CTX_TASK_ID=dapat_suhu
AIRFLOW_CTX_EXECUTION_DATE=2022-08-02T21:10:00+00:00
AIRFLOW_CTX_DAG_RUN_ID=scheduled__2022-08-02T21:10:00+00:00
[2022-08-03 00:46:29,468] {logging_mixin.py:103} INFO - {'kota': 'Bali', 'cuaca': 'Clouds', 'cuaca_deskripsi': 'overcast clouds', 'temperatur': 298.28, 'waktu': '2022-08-03T00:46:29.467993'}
[2022-08-03 00:46:30,131] {logging_mixin.py:103} INFO - {'kota': 'Lombok', 'cuaca': 'Clouds', 'cuaca_deskripsi': 'overcast clouds', 'temperatur': 295.51, 'waktu': '2022-08-03T00:46:30.131403'}
[2022-08-03 00:46:30,491] {logging_mixin.py:103} INFO - {'kota': 'Labuan Bajo', 'cuaca': 'Clouds', 'cuaca_deskripsi': 'scattered clouds', 'temperatur': 300.93, 'waktu': '2022-08-03T00:46:30.490799'}
[2022-08-03 00:46:32,095] {logging_mixin.py:103} INFO - {'kota': 'Bogor', 'cuaca': 'Rain', 'cuaca_deskripsi': 'light rain', 'temperatur': 300.87, 'waktu': '2022-08-03T00:46:32.095220'}
[2022-08-03 00:46:33,695] {logging_mixin.py:103} INFO - {'kota': 'Bandung', 'cuaca': 'Clouds', 'cuaca_deskripsi': 'scattered clouds', 'temperatur': 296.92, 'waktu': '2022-08-03T00:46:33.693502'}
[2022-08-03 00:46:33,698] {python.py:118} INFO - Done. Returned value was: None
[2022-08-03 00:46:33,789] {taskinstance.py:1142} INFO - Marking task as SUCCESS. dag_id=penjadwalan, task_id=dapat_suhu, execution_date=20220802T211000, start_date=20220803T004627, end_date=20220803T004633
[2022-08-03 00:46:34,275] {taskinstance.py:1195} INFO - 0 downstream tasks scheduled from follow-on schedule check
[2022-08-03 00:46:34,313] {local_task_job.py:118} INFO - Task exited with return code 0
