[2022-08-03 00:47:49,569] {taskinstance.py:826} INFO - Dependencies all met for <TaskInstance: penjadwalan.dapat_suhu 2022-08-02T23:08:00+00:00 [queued]>
[2022-08-03 00:47:49,628] {taskinstance.py:826} INFO - Dependencies all met for <TaskInstance: penjadwalan.dapat_suhu 2022-08-02T23:08:00+00:00 [queued]>
[2022-08-03 00:47:49,629] {taskinstance.py:1017} INFO - 
--------------------------------------------------------------------------------
[2022-08-03 00:47:49,632] {taskinstance.py:1018} INFO - Starting attempt 1 of 1
[2022-08-03 00:47:49,635] {taskinstance.py:1019} INFO - 
--------------------------------------------------------------------------------
[2022-08-03 00:47:49,670] {taskinstance.py:1038} INFO - Executing <Task(PythonOperator): dapat_suhu> on 2022-08-02T23:08:00+00:00
[2022-08-03 00:47:49,677] {standard_task_runner.py:51} INFO - Started process 31929 to run task
[2022-08-03 00:47:49,689] {standard_task_runner.py:75} INFO - Running: ['airflow', 'tasks', 'run', 'penjadwalan', 'dapat_suhu', '2022-08-02T23:08:00+00:00', '--job-id', '381', '--pool', 'default_pool', '--raw', '--subdir', 'DAGS_FOLDER/penjadwalan.py', '--cfg-path', '/tmp/tmpay8odgg7']
[2022-08-03 00:47:49,696] {standard_task_runner.py:76} INFO - Job 381: Subtask dapat_suhu
[2022-08-03 00:47:49,899] {logging_mixin.py:103} INFO - Running <TaskInstance: penjadwalan.dapat_suhu 2022-08-02T23:08:00+00:00 [running]> on host b4dcda255553
[2022-08-03 00:47:50,118] {taskinstance.py:1232} INFO - Exporting the following env vars:
AIRFLOW_CTX_DAG_OWNER=airflow
AIRFLOW_CTX_DAG_ID=penjadwalan
AIRFLOW_CTX_TASK_ID=dapat_suhu
AIRFLOW_CTX_EXECUTION_DATE=2022-08-02T23:08:00+00:00
AIRFLOW_CTX_DAG_RUN_ID=scheduled__2022-08-02T23:08:00+00:00
[2022-08-03 00:47:50,835] {logging_mixin.py:103} INFO - {'kota': 'Bali', 'cuaca': 'Clouds', 'cuaca_deskripsi': 'overcast clouds', 'temperatur': 298.28, 'waktu': '2022-08-03T00:47:50.835655'}
[2022-08-03 00:47:52,804] {logging_mixin.py:103} INFO - {'kota': 'Lombok', 'cuaca': 'Clouds', 'cuaca_deskripsi': 'overcast clouds', 'temperatur': 295.51, 'waktu': '2022-08-03T00:47:52.804413'}
[2022-08-03 00:47:53,729] {logging_mixin.py:103} INFO - {'kota': 'Labuan Bajo', 'cuaca': 'Clouds', 'cuaca_deskripsi': 'scattered clouds', 'temperatur': 300.93, 'waktu': '2022-08-03T00:47:53.728996'}
[2022-08-03 00:47:55,002] {logging_mixin.py:103} INFO - {'kota': 'Bogor', 'cuaca': 'Rain', 'cuaca_deskripsi': 'light rain', 'temperatur': 300.87, 'waktu': '2022-08-03T00:47:55.002408'}
[2022-08-03 00:47:55,826] {logging_mixin.py:103} INFO - {'kota': 'Bandung', 'cuaca': 'Clouds', 'cuaca_deskripsi': 'scattered clouds', 'temperatur': 296.92, 'waktu': '2022-08-03T00:47:55.826044'}
[2022-08-03 00:47:55,838] {python.py:118} INFO - Done. Returned value was: None
[2022-08-03 00:47:55,920] {taskinstance.py:1142} INFO - Marking task as SUCCESS. dag_id=penjadwalan, task_id=dapat_suhu, execution_date=20220802T230800, start_date=20220803T004749, end_date=20220803T004755
[2022-08-03 00:47:56,030] {taskinstance.py:1195} INFO - 0 downstream tasks scheduled from follow-on schedule check
[2022-08-03 00:47:56,091] {local_task_job.py:118} INFO - Task exited with return code 0
