[2022-08-03 00:44:39,633] {taskinstance.py:826} INFO - Dependencies all met for <TaskInstance: penjadwalan.dapat_suhu 2022-08-02T17:56:00+00:00 [queued]>
[2022-08-03 00:44:39,802] {taskinstance.py:826} INFO - Dependencies all met for <TaskInstance: penjadwalan.dapat_suhu 2022-08-02T17:56:00+00:00 [queued]>
[2022-08-03 00:44:39,810] {taskinstance.py:1017} INFO - 
--------------------------------------------------------------------------------
[2022-08-03 00:44:39,820] {taskinstance.py:1018} INFO - Starting attempt 1 of 1
[2022-08-03 00:44:39,835] {taskinstance.py:1019} INFO - 
--------------------------------------------------------------------------------
[2022-08-03 00:44:39,954] {taskinstance.py:1038} INFO - Executing <Task(PythonOperator): dapat_suhu> on 2022-08-02T17:56:00+00:00
[2022-08-03 00:44:40,024] {standard_task_runner.py:51} INFO - Started process 25000 to run task
[2022-08-03 00:44:40,032] {standard_task_runner.py:75} INFO - Running: ['airflow', 'tasks', 'run', 'penjadwalan', 'dapat_suhu', '2022-08-02T17:56:00+00:00', '--job-id', '221', '--pool', 'default_pool', '--raw', '--subdir', 'DAGS_FOLDER/penjadwalan.py', '--cfg-path', '/tmp/tmpx4ix1s8o']
[2022-08-03 00:44:40,064] {standard_task_runner.py:76} INFO - Job 221: Subtask dapat_suhu
[2022-08-03 00:44:40,483] {logging_mixin.py:103} INFO - Running <TaskInstance: penjadwalan.dapat_suhu 2022-08-02T17:56:00+00:00 [running]> on host b4dcda255553
[2022-08-03 00:44:40,819] {taskinstance.py:1232} INFO - Exporting the following env vars:
AIRFLOW_CTX_DAG_OWNER=airflow
AIRFLOW_CTX_DAG_ID=penjadwalan
AIRFLOW_CTX_TASK_ID=dapat_suhu
AIRFLOW_CTX_EXECUTION_DATE=2022-08-02T17:56:00+00:00
AIRFLOW_CTX_DAG_RUN_ID=scheduled__2022-08-02T17:56:00+00:00
[2022-08-03 00:44:45,195] {logging_mixin.py:103} INFO - {'kota': 'Bali', 'cuaca': 'Clouds', 'cuaca_deskripsi': 'overcast clouds', 'temperatur': 297.72, 'waktu': '2022-08-03T00:44:45.195613'}
[2022-08-03 00:44:50,399] {logging_mixin.py:103} INFO - {'kota': 'Lombok', 'cuaca': 'Clouds', 'cuaca_deskripsi': 'overcast clouds', 'temperatur': 295.51, 'waktu': '2022-08-03T00:44:50.399779'}
[2022-08-03 00:44:54,776] {logging_mixin.py:103} INFO - {'kota': 'Labuan Bajo', 'cuaca': 'Clouds', 'cuaca_deskripsi': 'scattered clouds', 'temperatur': 300.93, 'waktu': '2022-08-03T00:44:54.776429'}
[2022-08-03 00:44:57,562] {logging_mixin.py:103} INFO - {'kota': 'Bogor', 'cuaca': 'Rain', 'cuaca_deskripsi': 'light rain', 'temperatur': 300.87, 'waktu': '2022-08-03T00:44:57.562290'}
[2022-08-03 00:44:58,030] {logging_mixin.py:103} INFO - {'kota': 'Bandung', 'cuaca': 'Clouds', 'cuaca_deskripsi': 'scattered clouds', 'temperatur': 296.92, 'waktu': '2022-08-03T00:44:58.030759'}
[2022-08-03 00:44:58,062] {python.py:118} INFO - Done. Returned value was: None
[2022-08-03 00:44:58,156] {taskinstance.py:1142} INFO - Marking task as SUCCESS. dag_id=penjadwalan, task_id=dapat_suhu, execution_date=20220802T175600, start_date=20220803T004439, end_date=20220803T004458
[2022-08-03 00:44:58,673] {taskinstance.py:1195} INFO - 0 downstream tasks scheduled from follow-on schedule check
[2022-08-03 00:44:58,742] {local_task_job.py:118} INFO - Task exited with return code 0
