[2022-08-03 07:08:01,029] {taskinstance.py:826} INFO - Dependencies all met for <TaskInstance: penjadwalan.dapat_suhu 2022-08-03T07:06:00+00:00 [queued]>
[2022-08-03 07:08:01,052] {taskinstance.py:826} INFO - Dependencies all met for <TaskInstance: penjadwalan.dapat_suhu 2022-08-03T07:06:00+00:00 [queued]>
[2022-08-03 07:08:01,052] {taskinstance.py:1017} INFO - 
--------------------------------------------------------------------------------
[2022-08-03 07:08:01,053] {taskinstance.py:1018} INFO - Starting attempt 1 of 1
[2022-08-03 07:08:01,053] {taskinstance.py:1019} INFO - 
--------------------------------------------------------------------------------
[2022-08-03 07:08:01,067] {taskinstance.py:1038} INFO - Executing <Task(PythonOperator): dapat_suhu> on 2022-08-03T07:06:00+00:00
[2022-08-03 07:08:01,071] {standard_task_runner.py:51} INFO - Started process 13354 to run task
[2022-08-03 07:08:01,078] {standard_task_runner.py:75} INFO - Running: ['airflow', 'tasks', 'run', 'penjadwalan', 'dapat_suhu', '2022-08-03T07:06:00+00:00', '--job-id', '804', '--pool', 'default_pool', '--raw', '--subdir', 'DAGS_FOLDER/penjadwalan.py', '--cfg-path', '/tmp/tmpw75e5k7c']
[2022-08-03 07:08:01,082] {standard_task_runner.py:76} INFO - Job 804: Subtask dapat_suhu
[2022-08-03 07:08:01,162] {logging_mixin.py:103} INFO - Running <TaskInstance: penjadwalan.dapat_suhu 2022-08-03T07:06:00+00:00 [running]> on host b4dcda255553
[2022-08-03 07:08:01,226] {taskinstance.py:1232} INFO - Exporting the following env vars:
AIRFLOW_CTX_DAG_OWNER=airflow
AIRFLOW_CTX_DAG_ID=penjadwalan
AIRFLOW_CTX_TASK_ID=dapat_suhu
AIRFLOW_CTX_EXECUTION_DATE=2022-08-03T07:06:00+00:00
AIRFLOW_CTX_DAG_RUN_ID=scheduled__2022-08-03T07:06:00+00:00
[2022-08-03 07:08:01,350] {logging_mixin.py:103} INFO - {'kota': 'Bali', 'cuaca': 'Clouds', 'cuaca_deskripsi': 'broken clouds', 'temperatur': 302.69, 'waktu': '2022-08-03T07:08:01.350423'}
[2022-08-03 07:08:01,470] {logging_mixin.py:103} INFO - {'kota': 'Lombok', 'cuaca': 'Rain', 'cuaca_deskripsi': 'light rain', 'temperatur': 297.58, 'waktu': '2022-08-03T07:08:01.469794'}
[2022-08-03 07:08:01,636] {logging_mixin.py:103} INFO - {'kota': 'Labuan Bajo', 'cuaca': 'Clouds', 'cuaca_deskripsi': 'overcast clouds', 'temperatur': 300.69, 'waktu': '2022-08-03T07:08:01.635810'}
[2022-08-03 07:08:02,071] {logging_mixin.py:103} INFO - {'kota': 'Bogor', 'cuaca': 'Clouds', 'cuaca_deskripsi': 'overcast clouds', 'temperatur': 305.31, 'waktu': '2022-08-03T07:08:02.071423'}
[2022-08-03 07:08:02,205] {logging_mixin.py:103} INFO - {'kota': 'Bandung', 'cuaca': 'Clouds', 'cuaca_deskripsi': 'overcast clouds', 'temperatur': 301.31, 'waktu': '2022-08-03T07:08:02.205656'}
[2022-08-03 07:08:02,208] {python.py:118} INFO - Done. Returned value was: None
[2022-08-03 07:08:02,241] {taskinstance.py:1142} INFO - Marking task as SUCCESS. dag_id=penjadwalan, task_id=dapat_suhu, execution_date=20220803T070600, start_date=20220803T070801, end_date=20220803T070802
[2022-08-03 07:08:02,327] {taskinstance.py:1195} INFO - 0 downstream tasks scheduled from follow-on schedule check
[2022-08-03 07:08:02,380] {local_task_job.py:118} INFO - Task exited with return code 0
