[2022-08-03 03:18:01,222] {taskinstance.py:826} INFO - Dependencies all met for <TaskInstance: penjadwalan.dapat_suhu 2022-08-03T03:16:00+00:00 [queued]>
[2022-08-03 03:18:01,246] {taskinstance.py:826} INFO - Dependencies all met for <TaskInstance: penjadwalan.dapat_suhu 2022-08-03T03:16:00+00:00 [queued]>
[2022-08-03 03:18:01,247] {taskinstance.py:1017} INFO - 
--------------------------------------------------------------------------------
[2022-08-03 03:18:01,247] {taskinstance.py:1018} INFO - Starting attempt 1 of 1
[2022-08-03 03:18:01,248] {taskinstance.py:1019} INFO - 
--------------------------------------------------------------------------------
[2022-08-03 03:18:01,261] {taskinstance.py:1038} INFO - Executing <Task(PythonOperator): dapat_suhu> on 2022-08-03T03:16:00+00:00
[2022-08-03 03:18:01,266] {standard_task_runner.py:51} INFO - Started process 22880 to run task
[2022-08-03 03:18:01,271] {standard_task_runner.py:75} INFO - Running: ['airflow', 'tasks', 'run', 'penjadwalan', 'dapat_suhu', '2022-08-03T03:16:00+00:00', '--job-id', '565', '--pool', 'default_pool', '--raw', '--subdir', 'DAGS_FOLDER/penjadwalan.py', '--cfg-path', '/tmp/tmpzkewohc7']
[2022-08-03 03:18:01,275] {standard_task_runner.py:76} INFO - Job 565: Subtask dapat_suhu
[2022-08-03 03:18:01,344] {logging_mixin.py:103} INFO - Running <TaskInstance: penjadwalan.dapat_suhu 2022-08-03T03:16:00+00:00 [running]> on host b4dcda255553
[2022-08-03 03:18:01,484] {taskinstance.py:1232} INFO - Exporting the following env vars:
AIRFLOW_CTX_DAG_OWNER=airflow
AIRFLOW_CTX_DAG_ID=penjadwalan
AIRFLOW_CTX_TASK_ID=dapat_suhu
AIRFLOW_CTX_EXECUTION_DATE=2022-08-03T03:16:00+00:00
AIRFLOW_CTX_DAG_RUN_ID=scheduled__2022-08-03T03:16:00+00:00
[2022-08-03 03:18:01,648] {logging_mixin.py:103} INFO - {'kota': 'Bali', 'cuaca': 'Clouds', 'cuaca_deskripsi': 'scattered clouds', 'temperatur': 301.61, 'waktu': '2022-08-03T03:18:01.648111'}
[2022-08-03 03:18:01,815] {logging_mixin.py:103} INFO - {'kota': 'Lombok', 'cuaca': 'Rain', 'cuaca_deskripsi': 'light rain', 'temperatur': 297.83, 'waktu': '2022-08-03T03:18:01.815310'}
[2022-08-03 03:18:01,954] {logging_mixin.py:103} INFO - {'kota': 'Labuan Bajo', 'cuaca': 'Clouds', 'cuaca_deskripsi': 'broken clouds', 'temperatur': 302.24, 'waktu': '2022-08-03T03:18:01.954278'}
[2022-08-03 03:18:02,065] {logging_mixin.py:103} INFO - {'kota': 'Bogor', 'cuaca': 'Clouds', 'cuaca_deskripsi': 'overcast clouds', 'temperatur': 303.61, 'waktu': '2022-08-03T03:18:02.064894'}
[2022-08-03 03:18:02,182] {logging_mixin.py:103} INFO - {'kota': 'Bandung', 'cuaca': 'Clouds', 'cuaca_deskripsi': 'broken clouds', 'temperatur': 300.9, 'waktu': '2022-08-03T03:18:02.182445'}
[2022-08-03 03:18:02,183] {python.py:118} INFO - Done. Returned value was: None
[2022-08-03 03:18:02,254] {taskinstance.py:1142} INFO - Marking task as SUCCESS. dag_id=penjadwalan, task_id=dapat_suhu, execution_date=20220803T031600, start_date=20220803T031801, end_date=20220803T031802
[2022-08-03 03:18:02,295] {taskinstance.py:1195} INFO - 0 downstream tasks scheduled from follow-on schedule check
[2022-08-03 03:18:02,325] {local_task_job.py:118} INFO - Task exited with return code 0
