[2022-08-03 07:10:01,610] {taskinstance.py:826} INFO - Dependencies all met for <TaskInstance: penjadwalan.dapat_suhu 2022-08-03T07:08:00+00:00 [queued]>
[2022-08-03 07:10:01,643] {taskinstance.py:826} INFO - Dependencies all met for <TaskInstance: penjadwalan.dapat_suhu 2022-08-03T07:08:00+00:00 [queued]>
[2022-08-03 07:10:01,643] {taskinstance.py:1017} INFO - 
--------------------------------------------------------------------------------
[2022-08-03 07:10:01,644] {taskinstance.py:1018} INFO - Starting attempt 1 of 1
[2022-08-03 07:10:01,644] {taskinstance.py:1019} INFO - 
--------------------------------------------------------------------------------
[2022-08-03 07:10:01,664] {taskinstance.py:1038} INFO - Executing <Task(PythonOperator): dapat_suhu> on 2022-08-03T07:08:00+00:00
[2022-08-03 07:10:01,669] {standard_task_runner.py:51} INFO - Started process 19917 to run task
[2022-08-03 07:10:01,677] {standard_task_runner.py:75} INFO - Running: ['airflow', 'tasks', 'run', 'penjadwalan', 'dapat_suhu', '2022-08-03T07:08:00+00:00', '--job-id', '805', '--pool', 'default_pool', '--raw', '--subdir', 'DAGS_FOLDER/penjadwalan.py', '--cfg-path', '/tmp/tmplcwx3_xl']
[2022-08-03 07:10:01,682] {standard_task_runner.py:76} INFO - Job 805: Subtask dapat_suhu
[2022-08-03 07:10:01,772] {logging_mixin.py:103} INFO - Running <TaskInstance: penjadwalan.dapat_suhu 2022-08-03T07:08:00+00:00 [running]> on host b4dcda255553
[2022-08-03 07:10:01,860] {taskinstance.py:1232} INFO - Exporting the following env vars:
AIRFLOW_CTX_DAG_OWNER=airflow
AIRFLOW_CTX_DAG_ID=penjadwalan
AIRFLOW_CTX_TASK_ID=dapat_suhu
AIRFLOW_CTX_EXECUTION_DATE=2022-08-03T07:08:00+00:00
AIRFLOW_CTX_DAG_RUN_ID=scheduled__2022-08-03T07:08:00+00:00
[2022-08-03 07:10:02,028] {logging_mixin.py:103} INFO - {'kota': 'Bali', 'cuaca': 'Clouds', 'cuaca_deskripsi': 'broken clouds', 'temperatur': 302.69, 'waktu': '2022-08-03T07:10:02.028776'}
[2022-08-03 07:10:02,226] {logging_mixin.py:103} INFO - {'kota': 'Lombok', 'cuaca': 'Rain', 'cuaca_deskripsi': 'light rain', 'temperatur': 297.58, 'waktu': '2022-08-03T07:10:02.226652'}
[2022-08-03 07:10:02,548] {logging_mixin.py:103} INFO - {'kota': 'Labuan Bajo', 'cuaca': 'Clouds', 'cuaca_deskripsi': 'overcast clouds', 'temperatur': 300.69, 'waktu': '2022-08-03T07:10:02.548481'}
[2022-08-03 07:10:02,724] {logging_mixin.py:103} INFO - {'kota': 'Bogor', 'cuaca': 'Clouds', 'cuaca_deskripsi': 'overcast clouds', 'temperatur': 305.31, 'waktu': '2022-08-03T07:10:02.724168'}
[2022-08-03 07:10:02,942] {logging_mixin.py:103} INFO - {'kota': 'Bandung', 'cuaca': 'Clouds', 'cuaca_deskripsi': 'overcast clouds', 'temperatur': 301.31, 'waktu': '2022-08-03T07:10:02.941173'}
[2022-08-03 07:10:02,945] {python.py:118} INFO - Done. Returned value was: None
[2022-08-03 07:10:02,983] {taskinstance.py:1142} INFO - Marking task as SUCCESS. dag_id=penjadwalan, task_id=dapat_suhu, execution_date=20220803T070800, start_date=20220803T071001, end_date=20220803T071002
[2022-08-03 07:10:03,055] {taskinstance.py:1195} INFO - 0 downstream tasks scheduled from follow-on schedule check
[2022-08-03 07:10:03,083] {local_task_job.py:118} INFO - Task exited with return code 0
