[2022-08-02 16:50:10,015] {local_task_job.py:77} ERROR - Received SIGTERM. Terminating subprocesses
[2022-08-02 16:50:18,074] {taskinstance.py:826} INFO - Dependencies all met for <TaskInstance: pokea.sleep_me 2022-08-02T16:40:00+00:00 [queued]>
[2022-08-02 16:50:18,135] {taskinstance.py:826} INFO - Dependencies all met for <TaskInstance: pokea.sleep_me 2022-08-02T16:40:00+00:00 [queued]>
[2022-08-02 16:50:18,137] {taskinstance.py:1017} INFO - 
--------------------------------------------------------------------------------
[2022-08-02 16:50:18,141] {taskinstance.py:1018} INFO - Starting attempt 1 of 1
[2022-08-02 16:50:18,143] {taskinstance.py:1019} INFO - 
--------------------------------------------------------------------------------
[2022-08-02 16:50:18,180] {taskinstance.py:1038} INFO - Executing <Task(BashOperator): sleep_me> on 2022-08-02T16:40:00+00:00
[2022-08-02 16:50:18,187] {standard_task_runner.py:51} INFO - Started process 194 to run task
[2022-08-02 16:50:18,203] {standard_task_runner.py:75} INFO - Running: ['airflow', 'tasks', 'run', 'pokea', 'sleep_me', '2022-08-02T16:40:00+00:00', '--job-id', '156', '--pool', 'default_pool', '--raw', '--subdir', 'DAGS_FOLDER/pokea.py', '--cfg-path', '/tmp/tmpwwqbiwty']
[2022-08-02 16:50:18,213] {standard_task_runner.py:76} INFO - Job 156: Subtask sleep_me
[2022-08-02 16:50:18,416] {logging_mixin.py:103} INFO - Running <TaskInstance: pokea.sleep_me 2022-08-02T16:40:00+00:00 [running]> on host b4dcda255553
[2022-08-02 16:50:18,620] {taskinstance.py:1232} INFO - Exporting the following env vars:
AIRFLOW_CTX_DAG_OWNER=airflow
AIRFLOW_CTX_DAG_ID=pokea
AIRFLOW_CTX_TASK_ID=sleep_me
AIRFLOW_CTX_EXECUTION_DATE=2022-08-02T16:40:00+00:00
AIRFLOW_CTX_DAG_RUN_ID=scheduled__2022-08-02T16:40:00+00:00
[2022-08-02 16:50:18,625] {bash.py:135} INFO - Tmp dir root location: 
 /tmp
[2022-08-02 16:50:18,628] {bash.py:158} INFO - Running command: sleep 5
[2022-08-02 16:50:18,649] {bash.py:169} INFO - Output:
[2022-08-02 16:50:23,653] {bash.py:177} INFO - Command exited with return code 0
[2022-08-02 16:50:23,701] {taskinstance.py:1142} INFO - Marking task as SUCCESS. dag_id=pokea, task_id=sleep_me, execution_date=20220802T164000, start_date=20220802T165018, end_date=20220802T165023
[2022-08-02 16:50:23,763] {taskinstance.py:1195} INFO - 1 downstream tasks scheduled from follow-on schedule check
[2022-08-02 16:50:23,783] {local_task_job.py:118} INFO - Task exited with return code 0
