[2022-08-03 00:45:27,499] {taskinstance.py:826} INFO - Dependencies all met for <TaskInstance: penjadwalan.dapat_suhu 2022-08-02T19:04:00+00:00 [queued]>
[2022-08-03 00:45:27,554] {taskinstance.py:826} INFO - Dependencies all met for <TaskInstance: penjadwalan.dapat_suhu 2022-08-02T19:04:00+00:00 [queued]>
[2022-08-03 00:45:27,555] {taskinstance.py:1017} INFO - 
--------------------------------------------------------------------------------
[2022-08-03 00:45:27,555] {taskinstance.py:1018} INFO - Starting attempt 1 of 1
[2022-08-03 00:45:27,556] {taskinstance.py:1019} INFO - 
--------------------------------------------------------------------------------
[2022-08-03 00:45:27,584] {taskinstance.py:1038} INFO - Executing <Task(PythonOperator): dapat_suhu> on 2022-08-02T19:04:00+00:00
[2022-08-03 00:45:27,600] {standard_task_runner.py:51} INFO - Started process 25947 to run task
[2022-08-03 00:45:27,605] {standard_task_runner.py:75} INFO - Running: ['airflow', 'tasks', 'run', 'penjadwalan', 'dapat_suhu', '2022-08-02T19:04:00+00:00', '--job-id', '259', '--pool', 'default_pool', '--raw', '--subdir', 'DAGS_FOLDER/penjadwalan.py', '--cfg-path', '/tmp/tmp9_83ie24']
[2022-08-03 00:45:27,618] {standard_task_runner.py:76} INFO - Job 259: Subtask dapat_suhu
[2022-08-03 00:45:27,777] {logging_mixin.py:103} INFO - Running <TaskInstance: penjadwalan.dapat_suhu 2022-08-02T19:04:00+00:00 [running]> on host b4dcda255553
[2022-08-03 00:45:27,922] {taskinstance.py:1232} INFO - Exporting the following env vars:
AIRFLOW_CTX_DAG_OWNER=airflow
AIRFLOW_CTX_DAG_ID=penjadwalan
AIRFLOW_CTX_TASK_ID=dapat_suhu
AIRFLOW_CTX_EXECUTION_DATE=2022-08-02T19:04:00+00:00
AIRFLOW_CTX_DAG_RUN_ID=scheduled__2022-08-02T19:04:00+00:00
[2022-08-03 00:45:29,857] {logging_mixin.py:103} INFO - {'kota': 'Bali', 'cuaca': 'Clouds', 'cuaca_deskripsi': 'overcast clouds', 'temperatur': 298.28, 'waktu': '2022-08-03T00:45:29.857719'}
[2022-08-03 00:45:30,222] {logging_mixin.py:103} INFO - {'kota': 'Lombok', 'cuaca': 'Clouds', 'cuaca_deskripsi': 'overcast clouds', 'temperatur': 295.51, 'waktu': '2022-08-03T00:45:30.221941'}
[2022-08-03 00:45:30,588] {logging_mixin.py:103} INFO - {'kota': 'Labuan Bajo', 'cuaca': 'Clouds', 'cuaca_deskripsi': 'scattered clouds', 'temperatur': 300.93, 'waktu': '2022-08-03T00:45:30.587946'}
[2022-08-03 00:45:31,587] {logging_mixin.py:103} INFO - {'kota': 'Bogor', 'cuaca': 'Rain', 'cuaca_deskripsi': 'light rain', 'temperatur': 300.87, 'waktu': '2022-08-03T00:45:31.587487'}
[2022-08-03 00:45:32,177] {logging_mixin.py:103} INFO - {'kota': 'Bandung', 'cuaca': 'Clouds', 'cuaca_deskripsi': 'scattered clouds', 'temperatur': 296.92, 'waktu': '2022-08-03T00:45:32.177213'}
[2022-08-03 00:45:32,178] {python.py:118} INFO - Done. Returned value was: None
[2022-08-03 00:45:32,249] {taskinstance.py:1142} INFO - Marking task as SUCCESS. dag_id=penjadwalan, task_id=dapat_suhu, execution_date=20220802T190400, start_date=20220803T004527, end_date=20220803T004532
[2022-08-03 00:45:32,355] {taskinstance.py:1195} INFO - 0 downstream tasks scheduled from follow-on schedule check
[2022-08-03 00:45:32,390] {local_task_job.py:118} INFO - Task exited with return code 0
