[2022-08-03 09:42:01,438] {taskinstance.py:826} INFO - Dependencies all met for <TaskInstance: penjadwalan.dapat_suhu 2022-08-03T09:40:00+00:00 [queued]>
[2022-08-03 09:42:01,459] {taskinstance.py:826} INFO - Dependencies all met for <TaskInstance: penjadwalan.dapat_suhu 2022-08-03T09:40:00+00:00 [queued]>
[2022-08-03 09:42:01,460] {taskinstance.py:1017} INFO - 
--------------------------------------------------------------------------------
[2022-08-03 09:42:01,461] {taskinstance.py:1018} INFO - Starting attempt 1 of 1
[2022-08-03 09:42:01,461] {taskinstance.py:1019} INFO - 
--------------------------------------------------------------------------------
[2022-08-03 09:42:01,475] {taskinstance.py:1038} INFO - Executing <Task(PythonOperator): dapat_suhu> on 2022-08-03T09:40:00+00:00
[2022-08-03 09:42:01,479] {standard_task_runner.py:51} INFO - Started process 6822 to run task
[2022-08-03 09:42:01,484] {standard_task_runner.py:75} INFO - Running: ['airflow', 'tasks', 'run', 'penjadwalan', 'dapat_suhu', '2022-08-03T09:40:00+00:00', '--job-id', '945', '--pool', 'default_pool', '--raw', '--subdir', 'DAGS_FOLDER/penjadwalan.py', '--cfg-path', '/tmp/tmp8_qmxdp2']
[2022-08-03 09:42:01,488] {standard_task_runner.py:76} INFO - Job 945: Subtask dapat_suhu
[2022-08-03 09:42:01,554] {logging_mixin.py:103} INFO - Running <TaskInstance: penjadwalan.dapat_suhu 2022-08-03T09:40:00+00:00 [running]> on host b4dcda255553
[2022-08-03 09:42:01,622] {taskinstance.py:1232} INFO - Exporting the following env vars:
AIRFLOW_CTX_DAG_OWNER=airflow
AIRFLOW_CTX_DAG_ID=penjadwalan
AIRFLOW_CTX_TASK_ID=dapat_suhu
AIRFLOW_CTX_EXECUTION_DATE=2022-08-03T09:40:00+00:00
AIRFLOW_CTX_DAG_RUN_ID=scheduled__2022-08-03T09:40:00+00:00
[2022-08-03 09:42:01,759] {logging_mixin.py:103} INFO - {'kota': 'Bali', 'cuaca': 'Clouds', 'cuaca_deskripsi': 'broken clouds', 'temperatur': 300.5, 'waktu': '2022-08-03T09:42:01.759631'}
[2022-08-03 09:42:01,964] {logging_mixin.py:103} INFO - {'kota': 'Lombok', 'cuaca': 'Clouds', 'cuaca_deskripsi': 'overcast clouds', 'temperatur': 295.7, 'waktu': '2022-08-03T09:42:01.964229'}
[2022-08-03 09:42:02,330] {logging_mixin.py:103} INFO - {'kota': 'Labuan Bajo', 'cuaca': 'Clouds', 'cuaca_deskripsi': 'overcast clouds', 'temperatur': 298.84, 'waktu': '2022-08-03T09:42:02.330538'}
[2022-08-03 09:42:02,525] {logging_mixin.py:103} INFO - {'kota': 'Bogor', 'cuaca': 'Rain', 'cuaca_deskripsi': 'light rain', 'temperatur': 301.93, 'waktu': '2022-08-03T09:42:02.525269'}
[2022-08-03 09:42:02,730] {logging_mixin.py:103} INFO - {'kota': 'Bandung', 'cuaca': 'Clouds', 'cuaca_deskripsi': 'overcast clouds', 'temperatur': 296.4, 'waktu': '2022-08-03T09:42:02.730289'}
[2022-08-03 09:42:02,731] {python.py:118} INFO - Done. Returned value was: None
[2022-08-03 09:42:02,749] {taskinstance.py:1142} INFO - Marking task as SUCCESS. dag_id=penjadwalan, task_id=dapat_suhu, execution_date=20220803T094000, start_date=20220803T094201, end_date=20220803T094202
[2022-08-03 09:42:02,797] {taskinstance.py:1195} INFO - 0 downstream tasks scheduled from follow-on schedule check
[2022-08-03 09:42:02,820] {local_task_job.py:118} INFO - Task exited with return code 0
