[2022-08-03 07:14:03,031] {taskinstance.py:826} INFO - Dependencies all met for <TaskInstance: penjadwalan.dapat_suhu 2022-08-03T07:12:00+00:00 [queued]>
[2022-08-03 07:14:03,127] {taskinstance.py:826} INFO - Dependencies all met for <TaskInstance: penjadwalan.dapat_suhu 2022-08-03T07:12:00+00:00 [queued]>
[2022-08-03 07:14:03,128] {taskinstance.py:1017} INFO - 
--------------------------------------------------------------------------------
[2022-08-03 07:14:03,130] {taskinstance.py:1018} INFO - Starting attempt 1 of 1
[2022-08-03 07:14:03,133] {taskinstance.py:1019} INFO - 
--------------------------------------------------------------------------------
[2022-08-03 07:14:03,171] {taskinstance.py:1038} INFO - Executing <Task(PythonOperator): dapat_suhu> on 2022-08-03T07:12:00+00:00
[2022-08-03 07:14:03,177] {standard_task_runner.py:51} INFO - Started process 29985 to run task
[2022-08-03 07:14:03,183] {standard_task_runner.py:75} INFO - Running: ['airflow', 'tasks', 'run', 'penjadwalan', 'dapat_suhu', '2022-08-03T07:12:00+00:00', '--job-id', '811', '--pool', 'default_pool', '--raw', '--subdir', 'DAGS_FOLDER/penjadwalan.py', '--cfg-path', '/tmp/tmpj3sum964']
[2022-08-03 07:14:03,197] {standard_task_runner.py:76} INFO - Job 811: Subtask dapat_suhu
[2022-08-03 07:14:03,368] {logging_mixin.py:103} INFO - Running <TaskInstance: penjadwalan.dapat_suhu 2022-08-03T07:12:00+00:00 [running]> on host b4dcda255553
[2022-08-03 07:14:03,544] {taskinstance.py:1232} INFO - Exporting the following env vars:
AIRFLOW_CTX_DAG_OWNER=airflow
AIRFLOW_CTX_DAG_ID=penjadwalan
AIRFLOW_CTX_TASK_ID=dapat_suhu
AIRFLOW_CTX_EXECUTION_DATE=2022-08-03T07:12:00+00:00
AIRFLOW_CTX_DAG_RUN_ID=scheduled__2022-08-03T07:12:00+00:00
[2022-08-03 07:14:03,717] {logging_mixin.py:103} INFO - {'kota': 'Bali', 'cuaca': 'Clouds', 'cuaca_deskripsi': 'broken clouds', 'temperatur': 302.69, 'waktu': '2022-08-03T07:14:03.717699'}
[2022-08-03 07:14:03,923] {logging_mixin.py:103} INFO - {'kota': 'Lombok', 'cuaca': 'Rain', 'cuaca_deskripsi': 'light rain', 'temperatur': 297.58, 'waktu': '2022-08-03T07:14:03.923269'}
[2022-08-03 07:14:04,099] {logging_mixin.py:103} INFO - {'kota': 'Labuan Bajo', 'cuaca': 'Clouds', 'cuaca_deskripsi': 'overcast clouds', 'temperatur': 300.69, 'waktu': '2022-08-03T07:14:04.099185'}
[2022-08-03 07:14:04,220] {logging_mixin.py:103} INFO - {'kota': 'Bogor', 'cuaca': 'Clouds', 'cuaca_deskripsi': 'overcast clouds', 'temperatur': 305.31, 'waktu': '2022-08-03T07:14:04.220358'}
[2022-08-03 07:14:04,362] {logging_mixin.py:103} INFO - {'kota': 'Bandung', 'cuaca': 'Clouds', 'cuaca_deskripsi': 'overcast clouds', 'temperatur': 301.31, 'waktu': '2022-08-03T07:14:04.362055'}
[2022-08-03 07:14:04,363] {python.py:118} INFO - Done. Returned value was: None
[2022-08-03 07:14:04,426] {taskinstance.py:1142} INFO - Marking task as SUCCESS. dag_id=penjadwalan, task_id=dapat_suhu, execution_date=20220803T071200, start_date=20220803T071403, end_date=20220803T071404
[2022-08-03 07:14:04,473] {taskinstance.py:1195} INFO - 0 downstream tasks scheduled from follow-on schedule check
[2022-08-03 07:14:04,506] {local_task_job.py:118} INFO - Task exited with return code 0
