[2022-08-03 00:45:22,022] {taskinstance.py:826} INFO - Dependencies all met for <TaskInstance: penjadwalan.dapat_suhu 2022-08-02T18:42:00+00:00 [queued]>
[2022-08-03 00:45:22,091] {taskinstance.py:826} INFO - Dependencies all met for <TaskInstance: penjadwalan.dapat_suhu 2022-08-02T18:42:00+00:00 [queued]>
[2022-08-03 00:45:22,096] {taskinstance.py:1017} INFO - 
--------------------------------------------------------------------------------
[2022-08-03 00:45:22,103] {taskinstance.py:1018} INFO - Starting attempt 1 of 1
[2022-08-03 00:45:22,105] {taskinstance.py:1019} INFO - 
--------------------------------------------------------------------------------
[2022-08-03 00:45:22,142] {taskinstance.py:1038} INFO - Executing <Task(PythonOperator): dapat_suhu> on 2022-08-02T18:42:00+00:00
[2022-08-03 00:45:22,158] {standard_task_runner.py:51} INFO - Started process 25831 to run task
[2022-08-03 00:45:22,164] {standard_task_runner.py:75} INFO - Running: ['airflow', 'tasks', 'run', 'penjadwalan', 'dapat_suhu', '2022-08-02T18:42:00+00:00', '--job-id', '248', '--pool', 'default_pool', '--raw', '--subdir', 'DAGS_FOLDER/penjadwalan.py', '--cfg-path', '/tmp/tmptbmwswwr']
[2022-08-03 00:45:22,182] {standard_task_runner.py:76} INFO - Job 248: Subtask dapat_suhu
[2022-08-03 00:45:22,390] {logging_mixin.py:103} INFO - Running <TaskInstance: penjadwalan.dapat_suhu 2022-08-02T18:42:00+00:00 [running]> on host b4dcda255553
[2022-08-03 00:45:22,637] {taskinstance.py:1232} INFO - Exporting the following env vars:
AIRFLOW_CTX_DAG_OWNER=airflow
AIRFLOW_CTX_DAG_ID=penjadwalan
AIRFLOW_CTX_TASK_ID=dapat_suhu
AIRFLOW_CTX_EXECUTION_DATE=2022-08-02T18:42:00+00:00
AIRFLOW_CTX_DAG_RUN_ID=scheduled__2022-08-02T18:42:00+00:00
[2022-08-03 00:45:24,037] {logging_mixin.py:103} INFO - {'kota': 'Bali', 'cuaca': 'Clouds', 'cuaca_deskripsi': 'overcast clouds', 'temperatur': 298.28, 'waktu': '2022-08-03T00:45:24.036752'}
[2022-08-03 00:45:25,438] {logging_mixin.py:103} INFO - {'kota': 'Lombok', 'cuaca': 'Clouds', 'cuaca_deskripsi': 'overcast clouds', 'temperatur': 295.51, 'waktu': '2022-08-03T00:45:25.437089'}
[2022-08-03 00:45:25,679] {logging_mixin.py:103} INFO - {'kota': 'Labuan Bajo', 'cuaca': 'Clouds', 'cuaca_deskripsi': 'scattered clouds', 'temperatur': 300.93, 'waktu': '2022-08-03T00:45:25.679001'}
[2022-08-03 00:45:26,031] {logging_mixin.py:103} INFO - {'kota': 'Bogor', 'cuaca': 'Rain', 'cuaca_deskripsi': 'light rain', 'temperatur': 300.87, 'waktu': '2022-08-03T00:45:26.031617'}
[2022-08-03 00:45:28,752] {logging_mixin.py:103} INFO - {'kota': 'Bandung', 'cuaca': 'Clouds', 'cuaca_deskripsi': 'scattered clouds', 'temperatur': 296.92, 'waktu': '2022-08-03T00:45:28.752737'}
[2022-08-03 00:45:28,756] {python.py:118} INFO - Done. Returned value was: None
[2022-08-03 00:45:28,802] {taskinstance.py:1142} INFO - Marking task as SUCCESS. dag_id=penjadwalan, task_id=dapat_suhu, execution_date=20220802T184200, start_date=20220803T004522, end_date=20220803T004528
[2022-08-03 00:45:28,880] {taskinstance.py:1195} INFO - 0 downstream tasks scheduled from follow-on schedule check
[2022-08-03 00:45:28,912] {local_task_job.py:118} INFO - Task exited with return code 0
