[2022-08-03 00:46:43,377] {taskinstance.py:826} INFO - Dependencies all met for <TaskInstance: penjadwalan.dapat_suhu 2022-08-02T21:58:00+00:00 [queued]>
[2022-08-03 00:46:43,413] {taskinstance.py:826} INFO - Dependencies all met for <TaskInstance: penjadwalan.dapat_suhu 2022-08-02T21:58:00+00:00 [queued]>
[2022-08-03 00:46:43,414] {taskinstance.py:1017} INFO - 
--------------------------------------------------------------------------------
[2022-08-03 00:46:43,415] {taskinstance.py:1018} INFO - Starting attempt 1 of 1
[2022-08-03 00:46:43,415] {taskinstance.py:1019} INFO - 
--------------------------------------------------------------------------------
[2022-08-03 00:46:43,430] {taskinstance.py:1038} INFO - Executing <Task(PythonOperator): dapat_suhu> on 2022-08-02T21:58:00+00:00
[2022-08-03 00:46:43,435] {standard_task_runner.py:51} INFO - Started process 29277 to run task
[2022-08-03 00:46:43,440] {standard_task_runner.py:75} INFO - Running: ['airflow', 'tasks', 'run', 'penjadwalan', 'dapat_suhu', '2022-08-02T21:58:00+00:00', '--job-id', '346', '--pool', 'default_pool', '--raw', '--subdir', 'DAGS_FOLDER/penjadwalan.py', '--cfg-path', '/tmp/tmpvxiujino']
[2022-08-03 00:46:43,445] {standard_task_runner.py:76} INFO - Job 346: Subtask dapat_suhu
[2022-08-03 00:46:43,541] {logging_mixin.py:103} INFO - Running <TaskInstance: penjadwalan.dapat_suhu 2022-08-02T21:58:00+00:00 [running]> on host b4dcda255553
[2022-08-03 00:46:43,625] {taskinstance.py:1232} INFO - Exporting the following env vars:
AIRFLOW_CTX_DAG_OWNER=airflow
AIRFLOW_CTX_DAG_ID=penjadwalan
AIRFLOW_CTX_TASK_ID=dapat_suhu
AIRFLOW_CTX_EXECUTION_DATE=2022-08-02T21:58:00+00:00
AIRFLOW_CTX_DAG_RUN_ID=scheduled__2022-08-02T21:58:00+00:00
[2022-08-03 00:46:45,487] {logging_mixin.py:103} INFO - {'kota': 'Bali', 'cuaca': 'Clouds', 'cuaca_deskripsi': 'overcast clouds', 'temperatur': 298.28, 'waktu': '2022-08-03T00:46:45.487552'}
[2022-08-03 00:46:52,410] {logging_mixin.py:103} INFO - {'kota': 'Lombok', 'cuaca': 'Clouds', 'cuaca_deskripsi': 'overcast clouds', 'temperatur': 295.51, 'waktu': '2022-08-03T00:46:52.409784'}
[2022-08-03 00:46:52,761] {logging_mixin.py:103} INFO - {'kota': 'Labuan Bajo', 'cuaca': 'Clouds', 'cuaca_deskripsi': 'scattered clouds', 'temperatur': 300.93, 'waktu': '2022-08-03T00:46:52.761632'}
[2022-08-03 00:46:53,095] {logging_mixin.py:103} INFO - {'kota': 'Bogor', 'cuaca': 'Rain', 'cuaca_deskripsi': 'light rain', 'temperatur': 300.87, 'waktu': '2022-08-03T00:46:53.095634'}
[2022-08-03 00:46:53,498] {logging_mixin.py:103} INFO - {'kota': 'Bandung', 'cuaca': 'Clouds', 'cuaca_deskripsi': 'scattered clouds', 'temperatur': 296.92, 'waktu': '2022-08-03T00:46:53.498004'}
[2022-08-03 00:46:53,500] {python.py:118} INFO - Done. Returned value was: None
[2022-08-03 00:46:53,550] {taskinstance.py:1142} INFO - Marking task as SUCCESS. dag_id=penjadwalan, task_id=dapat_suhu, execution_date=20220802T215800, start_date=20220803T004643, end_date=20220803T004653
[2022-08-03 00:46:53,688] {local_task_job.py:170} WARNING - State of this instance has been externally set to success. Terminating instance.
[2022-08-03 00:46:53,697] {taskinstance.py:1195} INFO - 0 downstream tasks scheduled from follow-on schedule check
[2022-08-03 00:46:53,702] {process_utils.py:95} INFO - Sending Signals.SIGTERM to GPID 29277
[2022-08-03 00:46:53,709] {taskinstance.py:1214} ERROR - Received SIGTERM. Terminating subprocesses.
[2022-08-03 00:46:53,775] {process_utils.py:61} INFO - Process psutil.Process(pid=29277, status='terminated', exitcode=1, started='00:46:43') (29277) terminated with exit code 1
[2022-08-03 00:46:53,782] {local_task_job.py:118} INFO - Task exited with return code 1
