[2022-08-03 06:38:49,935] {taskinstance.py:826} INFO - Dependencies all met for <TaskInstance: penjadwalan.dapat_suhu 2022-08-03T06:32:00+00:00 [queued]>
[2022-08-03 06:38:50,093] {taskinstance.py:826} INFO - Dependencies all met for <TaskInstance: penjadwalan.dapat_suhu 2022-08-03T06:32:00+00:00 [queued]>
[2022-08-03 06:38:50,109] {taskinstance.py:1017} INFO - 
--------------------------------------------------------------------------------
[2022-08-03 06:38:50,113] {taskinstance.py:1018} INFO - Starting attempt 1 of 1
[2022-08-03 06:38:50,116] {taskinstance.py:1019} INFO - 
--------------------------------------------------------------------------------
[2022-08-03 06:38:50,208] {taskinstance.py:1038} INFO - Executing <Task(PythonOperator): dapat_suhu> on 2022-08-03T06:32:00+00:00
[2022-08-03 06:38:50,226] {standard_task_runner.py:51} INFO - Started process 205 to run task
[2022-08-03 06:38:50,293] {standard_task_runner.py:75} INFO - Running: ['airflow', 'tasks', 'run', 'penjadwalan', 'dapat_suhu', '2022-08-03T06:32:00+00:00', '--job-id', '771', '--pool', 'default_pool', '--raw', '--subdir', 'DAGS_FOLDER/penjadwalan.py', '--cfg-path', '/tmp/tmpy9qq_kb5']
[2022-08-03 06:38:50,374] {standard_task_runner.py:76} INFO - Job 771: Subtask dapat_suhu
[2022-08-03 06:38:50,777] {logging_mixin.py:103} INFO - Running <TaskInstance: penjadwalan.dapat_suhu 2022-08-03T06:32:00+00:00 [running]> on host b4dcda255553
[2022-08-03 06:38:51,157] {taskinstance.py:1232} INFO - Exporting the following env vars:
AIRFLOW_CTX_DAG_OWNER=airflow
AIRFLOW_CTX_DAG_ID=penjadwalan
AIRFLOW_CTX_TASK_ID=dapat_suhu
AIRFLOW_CTX_EXECUTION_DATE=2022-08-03T06:32:00+00:00
AIRFLOW_CTX_DAG_RUN_ID=scheduled__2022-08-03T06:32:00+00:00
[2022-08-03 06:38:51,631] {logging_mixin.py:103} INFO - {'kota': 'Bali', 'cuaca': 'Clouds', 'cuaca_deskripsi': 'broken clouds', 'temperatur': 302.69, 'waktu': '2022-08-03T06:38:51.631351'}
[2022-08-03 06:38:51,861] {logging_mixin.py:103} INFO - {'kota': 'Lombok', 'cuaca': 'Rain', 'cuaca_deskripsi': 'light rain', 'temperatur': 297.58, 'waktu': '2022-08-03T06:38:51.861534'}
[2022-08-03 06:38:52,240] {logging_mixin.py:103} INFO - {'kota': 'Labuan Bajo', 'cuaca': 'Clouds', 'cuaca_deskripsi': 'overcast clouds', 'temperatur': 300.69, 'waktu': '2022-08-03T06:38:52.239905'}
[2022-08-03 06:38:52,750] {logging_mixin.py:103} INFO - {'kota': 'Bogor', 'cuaca': 'Clouds', 'cuaca_deskripsi': 'overcast clouds', 'temperatur': 305.87, 'waktu': '2022-08-03T06:38:52.749955'}
[2022-08-03 06:38:53,278] {logging_mixin.py:103} INFO - {'kota': 'Bandung', 'cuaca': 'Clouds', 'cuaca_deskripsi': 'overcast clouds', 'temperatur': 301.31, 'waktu': '2022-08-03T06:38:53.278004'}
[2022-08-03 06:38:53,299] {python.py:118} INFO - Done. Returned value was: None
[2022-08-03 06:38:53,463] {taskinstance.py:1142} INFO - Marking task as SUCCESS. dag_id=penjadwalan, task_id=dapat_suhu, execution_date=20220803T063200, start_date=20220803T063849, end_date=20220803T063853
[2022-08-03 06:38:53,669] {taskinstance.py:1195} INFO - 0 downstream tasks scheduled from follow-on schedule check
[2022-08-03 06:38:53,708] {local_task_job.py:118} INFO - Task exited with return code 0
