[2022-08-03 00:46:24,036] {taskinstance.py:826} INFO - Dependencies all met for <TaskInstance: penjadwalan.dapat_suhu 2022-08-02T21:02:00+00:00 [queued]>
[2022-08-03 00:46:24,131] {taskinstance.py:826} INFO - Dependencies all met for <TaskInstance: penjadwalan.dapat_suhu 2022-08-02T21:02:00+00:00 [queued]>
[2022-08-03 00:46:24,141] {taskinstance.py:1017} INFO - 
--------------------------------------------------------------------------------
[2022-08-03 00:46:24,159] {taskinstance.py:1018} INFO - Starting attempt 1 of 1
[2022-08-03 00:46:24,163] {taskinstance.py:1019} INFO - 
--------------------------------------------------------------------------------
[2022-08-03 00:46:24,207] {taskinstance.py:1038} INFO - Executing <Task(PythonOperator): dapat_suhu> on 2022-08-02T21:02:00+00:00
[2022-08-03 00:46:24,216] {standard_task_runner.py:51} INFO - Started process 28410 to run task
[2022-08-03 00:46:24,237] {standard_task_runner.py:75} INFO - Running: ['airflow', 'tasks', 'run', 'penjadwalan', 'dapat_suhu', '2022-08-02T21:02:00+00:00', '--job-id', '318', '--pool', 'default_pool', '--raw', '--subdir', 'DAGS_FOLDER/penjadwalan.py', '--cfg-path', '/tmp/tmp6nv1cam3']
[2022-08-03 00:46:24,248] {standard_task_runner.py:76} INFO - Job 318: Subtask dapat_suhu
[2022-08-03 00:46:24,507] {logging_mixin.py:103} INFO - Running <TaskInstance: penjadwalan.dapat_suhu 2022-08-02T21:02:00+00:00 [running]> on host b4dcda255553
[2022-08-03 00:46:24,797] {taskinstance.py:1232} INFO - Exporting the following env vars:
AIRFLOW_CTX_DAG_OWNER=airflow
AIRFLOW_CTX_DAG_ID=penjadwalan
AIRFLOW_CTX_TASK_ID=dapat_suhu
AIRFLOW_CTX_EXECUTION_DATE=2022-08-02T21:02:00+00:00
AIRFLOW_CTX_DAG_RUN_ID=scheduled__2022-08-02T21:02:00+00:00
[2022-08-03 00:46:25,262] {logging_mixin.py:103} INFO - {'kota': 'Bali', 'cuaca': 'Clouds', 'cuaca_deskripsi': 'overcast clouds', 'temperatur': 298.28, 'waktu': '2022-08-03T00:46:25.262012'}
[2022-08-03 00:46:26,630] {logging_mixin.py:103} INFO - {'kota': 'Lombok', 'cuaca': 'Clouds', 'cuaca_deskripsi': 'overcast clouds', 'temperatur': 295.51, 'waktu': '2022-08-03T00:46:26.630822'}
[2022-08-03 00:46:29,263] {logging_mixin.py:103} INFO - {'kota': 'Labuan Bajo', 'cuaca': 'Clouds', 'cuaca_deskripsi': 'scattered clouds', 'temperatur': 300.93, 'waktu': '2022-08-03T00:46:29.263000'}
[2022-08-03 00:46:29,653] {logging_mixin.py:103} INFO - {'kota': 'Bogor', 'cuaca': 'Rain', 'cuaca_deskripsi': 'light rain', 'temperatur': 300.87, 'waktu': '2022-08-03T00:46:29.653770'}
[2022-08-03 00:46:30,244] {logging_mixin.py:103} INFO - {'kota': 'Bandung', 'cuaca': 'Clouds', 'cuaca_deskripsi': 'scattered clouds', 'temperatur': 296.92, 'waktu': '2022-08-03T00:46:30.243706'}
[2022-08-03 00:46:30,244] {python.py:118} INFO - Done. Returned value was: None
[2022-08-03 00:46:30,274] {taskinstance.py:1142} INFO - Marking task as SUCCESS. dag_id=penjadwalan, task_id=dapat_suhu, execution_date=20220802T210200, start_date=20220803T004624, end_date=20220803T004630
[2022-08-03 00:46:30,327] {taskinstance.py:1195} INFO - 0 downstream tasks scheduled from follow-on schedule check
[2022-08-03 00:46:30,344] {local_task_job.py:118} INFO - Task exited with return code 0
