[2022-08-03 04:26:01,223] {taskinstance.py:826} INFO - Dependencies all met for <TaskInstance: penjadwalan.dapat_suhu 2022-08-03T04:24:00+00:00 [queued]>
[2022-08-03 04:26:01,253] {taskinstance.py:826} INFO - Dependencies all met for <TaskInstance: penjadwalan.dapat_suhu 2022-08-03T04:24:00+00:00 [queued]>
[2022-08-03 04:26:01,254] {taskinstance.py:1017} INFO - 
--------------------------------------------------------------------------------
[2022-08-03 04:26:01,255] {taskinstance.py:1018} INFO - Starting attempt 1 of 1
[2022-08-03 04:26:01,255] {taskinstance.py:1019} INFO - 
--------------------------------------------------------------------------------
[2022-08-03 04:26:01,270] {taskinstance.py:1038} INFO - Executing <Task(PythonOperator): dapat_suhu> on 2022-08-03T04:24:00+00:00
[2022-08-03 04:26:01,275] {standard_task_runner.py:51} INFO - Started process 23462 to run task
[2022-08-03 04:26:01,282] {standard_task_runner.py:75} INFO - Running: ['airflow', 'tasks', 'run', 'penjadwalan', 'dapat_suhu', '2022-08-03T04:24:00+00:00', '--job-id', '627', '--pool', 'default_pool', '--raw', '--subdir', 'DAGS_FOLDER/penjadwalan.py', '--cfg-path', '/tmp/tmpcsej4bu9']
[2022-08-03 04:26:01,286] {standard_task_runner.py:76} INFO - Job 627: Subtask dapat_suhu
[2022-08-03 04:26:01,377] {logging_mixin.py:103} INFO - Running <TaskInstance: penjadwalan.dapat_suhu 2022-08-03T04:24:00+00:00 [running]> on host b4dcda255553
[2022-08-03 04:26:01,458] {taskinstance.py:1232} INFO - Exporting the following env vars:
AIRFLOW_CTX_DAG_OWNER=airflow
AIRFLOW_CTX_DAG_ID=penjadwalan
AIRFLOW_CTX_TASK_ID=dapat_suhu
AIRFLOW_CTX_EXECUTION_DATE=2022-08-03T04:24:00+00:00
AIRFLOW_CTX_DAG_RUN_ID=scheduled__2022-08-03T04:24:00+00:00
[2022-08-03 04:26:01,624] {logging_mixin.py:103} INFO - {'kota': 'Bali', 'cuaca': 'Clouds', 'cuaca_deskripsi': 'scattered clouds', 'temperatur': 302.69, 'waktu': '2022-08-03T04:26:01.624367'}
[2022-08-03 04:26:01,733] {logging_mixin.py:103} INFO - {'kota': 'Lombok', 'cuaca': 'Clouds', 'cuaca_deskripsi': 'overcast clouds', 'temperatur': 298.97, 'waktu': '2022-08-03T04:26:01.733434'}
[2022-08-03 04:26:01,839] {logging_mixin.py:103} INFO - {'kota': 'Labuan Bajo', 'cuaca': 'Clouds', 'cuaca_deskripsi': 'broken clouds', 'temperatur': 302.05, 'waktu': '2022-08-03T04:26:01.838910'}
[2022-08-03 04:26:01,953] {logging_mixin.py:103} INFO - {'kota': 'Bogor', 'cuaca': 'Clouds', 'cuaca_deskripsi': 'overcast clouds', 'temperatur': 305.31, 'waktu': '2022-08-03T04:26:01.953167'}
[2022-08-03 04:26:02,063] {logging_mixin.py:103} INFO - {'kota': 'Bandung', 'cuaca': 'Clouds', 'cuaca_deskripsi': 'broken clouds', 'temperatur': 302.13, 'waktu': '2022-08-03T04:26:02.063155'}
[2022-08-03 04:26:02,064] {python.py:118} INFO - Done. Returned value was: None
[2022-08-03 04:26:02,093] {taskinstance.py:1142} INFO - Marking task as SUCCESS. dag_id=penjadwalan, task_id=dapat_suhu, execution_date=20220803T042400, start_date=20220803T042601, end_date=20220803T042602
[2022-08-03 04:26:02,144] {taskinstance.py:1195} INFO - 0 downstream tasks scheduled from follow-on schedule check
[2022-08-03 04:26:02,175] {local_task_job.py:118} INFO - Task exited with return code 0
