[2022-08-03 01:14:01,597] {taskinstance.py:826} INFO - Dependencies all met for <TaskInstance: penjadwalan.dapat_suhu 2022-08-03T01:12:00+00:00 [queued]>
[2022-08-03 01:14:01,630] {taskinstance.py:826} INFO - Dependencies all met for <TaskInstance: penjadwalan.dapat_suhu 2022-08-03T01:12:00+00:00 [queued]>
[2022-08-03 01:14:01,630] {taskinstance.py:1017} INFO - 
--------------------------------------------------------------------------------
[2022-08-03 01:14:01,631] {taskinstance.py:1018} INFO - Starting attempt 1 of 1
[2022-08-03 01:14:01,632] {taskinstance.py:1019} INFO - 
--------------------------------------------------------------------------------
[2022-08-03 01:14:01,654] {taskinstance.py:1038} INFO - Executing <Task(PythonOperator): dapat_suhu> on 2022-08-03T01:12:00+00:00
[2022-08-03 01:14:01,660] {standard_task_runner.py:51} INFO - Started process 20215 to run task
[2022-08-03 01:14:01,667] {standard_task_runner.py:75} INFO - Running: ['airflow', 'tasks', 'run', 'penjadwalan', 'dapat_suhu', '2022-08-03T01:12:00+00:00', '--job-id', '455', '--pool', 'default_pool', '--raw', '--subdir', 'DAGS_FOLDER/penjadwalan.py', '--cfg-path', '/tmp/tmpmnjvrsjq']
[2022-08-03 01:14:01,672] {standard_task_runner.py:76} INFO - Job 455: Subtask dapat_suhu
[2022-08-03 01:14:01,751] {logging_mixin.py:103} INFO - Running <TaskInstance: penjadwalan.dapat_suhu 2022-08-03T01:12:00+00:00 [running]> on host b4dcda255553
[2022-08-03 01:14:01,832] {taskinstance.py:1232} INFO - Exporting the following env vars:
AIRFLOW_CTX_DAG_OWNER=airflow
AIRFLOW_CTX_DAG_ID=penjadwalan
AIRFLOW_CTX_TASK_ID=dapat_suhu
AIRFLOW_CTX_EXECUTION_DATE=2022-08-03T01:12:00+00:00
AIRFLOW_CTX_DAG_RUN_ID=scheduled__2022-08-03T01:12:00+00:00
[2022-08-03 01:14:05,701] {logging_mixin.py:103} INFO - {'kota': 'Bali', 'cuaca': 'Clouds', 'cuaca_deskripsi': 'overcast clouds', 'temperatur': 298.28, 'waktu': '2022-08-03T01:14:05.701251'}
[2022-08-03 01:14:07,600] {logging_mixin.py:103} INFO - {'kota': 'Lombok', 'cuaca': 'Rain', 'cuaca_deskripsi': 'moderate rain', 'temperatur': 295.51, 'waktu': '2022-08-03T01:14:07.600616'}
[2022-08-03 01:14:08,271] {logging_mixin.py:103} INFO - {'kota': 'Labuan Bajo', 'cuaca': 'Clouds', 'cuaca_deskripsi': 'scattered clouds', 'temperatur': 300.93, 'waktu': '2022-08-03T01:14:08.271598'}
[2022-08-03 01:14:09,238] {logging_mixin.py:103} INFO - {'kota': 'Bogor', 'cuaca': 'Clouds', 'cuaca_deskripsi': 'overcast clouds', 'temperatur': 296.83, 'waktu': '2022-08-03T01:14:09.238697'}
[2022-08-03 01:14:09,520] {logging_mixin.py:103} INFO - {'kota': 'Bandung', 'cuaca': 'Clouds', 'cuaca_deskripsi': 'scattered clouds', 'temperatur': 296.92, 'waktu': '2022-08-03T01:14:09.520467'}
[2022-08-03 01:14:09,521] {python.py:118} INFO - Done. Returned value was: None
[2022-08-03 01:14:09,536] {taskinstance.py:1142} INFO - Marking task as SUCCESS. dag_id=penjadwalan, task_id=dapat_suhu, execution_date=20220803T011200, start_date=20220803T011401, end_date=20220803T011409
[2022-08-03 01:14:09,569] {taskinstance.py:1195} INFO - 0 downstream tasks scheduled from follow-on schedule check
[2022-08-03 01:14:09,590] {local_task_job.py:118} INFO - Task exited with return code 0
