[2022-08-03 09:00:01,392] {taskinstance.py:826} INFO - Dependencies all met for <TaskInstance: penjadwalan.dapat_suhu 2022-08-03T08:58:00+00:00 [queued]>
[2022-08-03 09:00:01,416] {taskinstance.py:826} INFO - Dependencies all met for <TaskInstance: penjadwalan.dapat_suhu 2022-08-03T08:58:00+00:00 [queued]>
[2022-08-03 09:00:01,417] {taskinstance.py:1017} INFO - 
--------------------------------------------------------------------------------
[2022-08-03 09:00:01,417] {taskinstance.py:1018} INFO - Starting attempt 1 of 1
[2022-08-03 09:00:01,417] {taskinstance.py:1019} INFO - 
--------------------------------------------------------------------------------
[2022-08-03 09:00:01,431] {taskinstance.py:1038} INFO - Executing <Task(PythonOperator): dapat_suhu> on 2022-08-03T08:58:00+00:00
[2022-08-03 09:00:01,434] {standard_task_runner.py:51} INFO - Started process 18567 to run task
[2022-08-03 09:00:01,440] {standard_task_runner.py:75} INFO - Running: ['airflow', 'tasks', 'run', 'penjadwalan', 'dapat_suhu', '2022-08-03T08:58:00+00:00', '--job-id', '905', '--pool', 'default_pool', '--raw', '--subdir', 'DAGS_FOLDER/penjadwalan.py', '--cfg-path', '/tmp/tmp7zuyigc_']
[2022-08-03 09:00:01,444] {standard_task_runner.py:76} INFO - Job 905: Subtask dapat_suhu
[2022-08-03 09:00:01,527] {logging_mixin.py:103} INFO - Running <TaskInstance: penjadwalan.dapat_suhu 2022-08-03T08:58:00+00:00 [running]> on host b4dcda255553
[2022-08-03 09:00:01,608] {taskinstance.py:1232} INFO - Exporting the following env vars:
AIRFLOW_CTX_DAG_OWNER=airflow
AIRFLOW_CTX_DAG_ID=penjadwalan
AIRFLOW_CTX_TASK_ID=dapat_suhu
AIRFLOW_CTX_EXECUTION_DATE=2022-08-03T08:58:00+00:00
AIRFLOW_CTX_DAG_RUN_ID=scheduled__2022-08-03T08:58:00+00:00
[2022-08-03 09:00:01,847] {logging_mixin.py:103} INFO - {'kota': 'Bali', 'cuaca': 'Clouds', 'cuaca_deskripsi': 'broken clouds', 'temperatur': 300.5, 'waktu': '2022-08-03T09:00:01.847344'}
[2022-08-03 09:00:03,269] {logging_mixin.py:103} INFO - {'kota': 'Lombok', 'cuaca': 'Rain', 'cuaca_deskripsi': 'moderate rain', 'temperatur': 296.25, 'waktu': '2022-08-03T09:00:03.269228'}
[2022-08-03 09:00:03,908] {logging_mixin.py:103} INFO - {'kota': 'Labuan Bajo', 'cuaca': 'Clouds', 'cuaca_deskripsi': 'overcast clouds', 'temperatur': 300.25, 'waktu': '2022-08-03T09:00:03.907986'}
[2022-08-03 09:00:04,081] {logging_mixin.py:103} INFO - {'kota': 'Bogor', 'cuaca': 'Clouds', 'cuaca_deskripsi': 'overcast clouds', 'temperatur': 303.65, 'waktu': '2022-08-03T09:00:04.081537'}
[2022-08-03 09:00:04,274] {logging_mixin.py:103} INFO - {'kota': 'Bandung', 'cuaca': 'Clouds', 'cuaca_deskripsi': 'overcast clouds', 'temperatur': 297, 'waktu': '2022-08-03T09:00:04.274119'}
[2022-08-03 09:00:04,274] {python.py:118} INFO - Done. Returned value was: None
[2022-08-03 09:00:04,290] {taskinstance.py:1142} INFO - Marking task as SUCCESS. dag_id=penjadwalan, task_id=dapat_suhu, execution_date=20220803T085800, start_date=20220803T090001, end_date=20220803T090004
[2022-08-03 09:00:04,326] {taskinstance.py:1195} INFO - 0 downstream tasks scheduled from follow-on schedule check
[2022-08-03 09:00:04,342] {local_task_job.py:118} INFO - Task exited with return code 0
