[2022-08-03 00:48:17,866] {taskinstance.py:826} INFO - Dependencies all met for <TaskInstance: penjadwalan.dapat_suhu 2022-08-03T00:14:00+00:00 [queued]>
[2022-08-03 00:48:17,911] {taskinstance.py:826} INFO - Dependencies all met for <TaskInstance: penjadwalan.dapat_suhu 2022-08-03T00:14:00+00:00 [queued]>
[2022-08-03 00:48:17,912] {taskinstance.py:1017} INFO - 
--------------------------------------------------------------------------------
[2022-08-03 00:48:17,912] {taskinstance.py:1018} INFO - Starting attempt 1 of 1
[2022-08-03 00:48:17,913] {taskinstance.py:1019} INFO - 
--------------------------------------------------------------------------------
[2022-08-03 00:48:17,934] {taskinstance.py:1038} INFO - Executing <Task(PythonOperator): dapat_suhu> on 2022-08-03T00:14:00+00:00
[2022-08-03 00:48:17,939] {standard_task_runner.py:51} INFO - Started process 670 to run task
[2022-08-03 00:48:17,981] {standard_task_runner.py:75} INFO - Running: ['airflow', 'tasks', 'run', 'penjadwalan', 'dapat_suhu', '2022-08-03T00:14:00+00:00', '--job-id', '414', '--pool', 'default_pool', '--raw', '--subdir', 'DAGS_FOLDER/penjadwalan.py', '--cfg-path', '/tmp/tmph5p50uyl']
[2022-08-03 00:48:17,986] {standard_task_runner.py:76} INFO - Job 414: Subtask dapat_suhu
[2022-08-03 00:48:18,099] {logging_mixin.py:103} INFO - Running <TaskInstance: penjadwalan.dapat_suhu 2022-08-03T00:14:00+00:00 [running]> on host b4dcda255553
[2022-08-03 00:48:18,206] {taskinstance.py:1232} INFO - Exporting the following env vars:
AIRFLOW_CTX_DAG_OWNER=airflow
AIRFLOW_CTX_DAG_ID=penjadwalan
AIRFLOW_CTX_TASK_ID=dapat_suhu
AIRFLOW_CTX_EXECUTION_DATE=2022-08-03T00:14:00+00:00
AIRFLOW_CTX_DAG_RUN_ID=scheduled__2022-08-03T00:14:00+00:00
[2022-08-03 00:48:19,511] {logging_mixin.py:103} INFO - {'kota': 'Bali', 'cuaca': 'Clouds', 'cuaca_deskripsi': 'overcast clouds', 'temperatur': 298.28, 'waktu': '2022-08-03T00:48:19.511730'}
[2022-08-03 00:48:19,971] {logging_mixin.py:103} INFO - {'kota': 'Lombok', 'cuaca': 'Clouds', 'cuaca_deskripsi': 'overcast clouds', 'temperatur': 295.51, 'waktu': '2022-08-03T00:48:19.971426'}
[2022-08-03 00:48:20,247] {logging_mixin.py:103} INFO - {'kota': 'Labuan Bajo', 'cuaca': 'Clouds', 'cuaca_deskripsi': 'scattered clouds', 'temperatur': 300.93, 'waktu': '2022-08-03T00:48:20.247787'}
[2022-08-03 00:48:20,895] {logging_mixin.py:103} INFO - {'kota': 'Bogor', 'cuaca': 'Rain', 'cuaca_deskripsi': 'light rain', 'temperatur': 300.87, 'waktu': '2022-08-03T00:48:20.895586'}
[2022-08-03 00:48:22,690] {logging_mixin.py:103} INFO - {'kota': 'Bandung', 'cuaca': 'Clouds', 'cuaca_deskripsi': 'scattered clouds', 'temperatur': 296.92, 'waktu': '2022-08-03T00:48:22.690657'}
[2022-08-03 00:48:22,692] {python.py:118} INFO - Done. Returned value was: None
[2022-08-03 00:48:22,740] {taskinstance.py:1142} INFO - Marking task as SUCCESS. dag_id=penjadwalan, task_id=dapat_suhu, execution_date=20220803T001400, start_date=20220803T004817, end_date=20220803T004822
[2022-08-03 00:48:22,885] {taskinstance.py:1195} INFO - 0 downstream tasks scheduled from follow-on schedule check
[2022-08-03 00:48:22,928] {local_task_job.py:118} INFO - Task exited with return code 0
