[2022-08-03 04:44:01,074] {taskinstance.py:826} INFO - Dependencies all met for <TaskInstance: penjadwalan.dapat_suhu 2022-08-03T04:42:00+00:00 [queued]>
[2022-08-03 04:44:01,094] {taskinstance.py:826} INFO - Dependencies all met for <TaskInstance: penjadwalan.dapat_suhu 2022-08-03T04:42:00+00:00 [queued]>
[2022-08-03 04:44:01,095] {taskinstance.py:1017} INFO - 
--------------------------------------------------------------------------------
[2022-08-03 04:44:01,095] {taskinstance.py:1018} INFO - Starting attempt 1 of 1
[2022-08-03 04:44:01,096] {taskinstance.py:1019} INFO - 
--------------------------------------------------------------------------------
[2022-08-03 04:44:01,107] {taskinstance.py:1038} INFO - Executing <Task(PythonOperator): dapat_suhu> on 2022-08-03T04:42:00+00:00
[2022-08-03 04:44:01,111] {standard_task_runner.py:51} INFO - Started process 9178 to run task
[2022-08-03 04:44:01,116] {standard_task_runner.py:75} INFO - Running: ['airflow', 'tasks', 'run', 'penjadwalan', 'dapat_suhu', '2022-08-03T04:42:00+00:00', '--job-id', '644', '--pool', 'default_pool', '--raw', '--subdir', 'DAGS_FOLDER/penjadwalan.py', '--cfg-path', '/tmp/tmp5yl4fkrf']
[2022-08-03 04:44:01,119] {standard_task_runner.py:76} INFO - Job 644: Subtask dapat_suhu
[2022-08-03 04:44:01,181] {logging_mixin.py:103} INFO - Running <TaskInstance: penjadwalan.dapat_suhu 2022-08-03T04:42:00+00:00 [running]> on host b4dcda255553
[2022-08-03 04:44:01,259] {taskinstance.py:1232} INFO - Exporting the following env vars:
AIRFLOW_CTX_DAG_OWNER=airflow
AIRFLOW_CTX_DAG_ID=penjadwalan
AIRFLOW_CTX_TASK_ID=dapat_suhu
AIRFLOW_CTX_EXECUTION_DATE=2022-08-03T04:42:00+00:00
AIRFLOW_CTX_DAG_RUN_ID=scheduled__2022-08-03T04:42:00+00:00
[2022-08-03 04:44:01,381] {logging_mixin.py:103} INFO - {'kota': 'Bali', 'cuaca': 'Clouds', 'cuaca_deskripsi': 'scattered clouds', 'temperatur': 302.69, 'waktu': '2022-08-03T04:44:01.381109'}
[2022-08-03 04:44:01,492] {logging_mixin.py:103} INFO - {'kota': 'Lombok', 'cuaca': 'Clouds', 'cuaca_deskripsi': 'overcast clouds', 'temperatur': 298.32, 'waktu': '2022-08-03T04:44:01.492223'}
[2022-08-03 04:44:01,609] {logging_mixin.py:103} INFO - {'kota': 'Labuan Bajo', 'cuaca': 'Clouds', 'cuaca_deskripsi': 'broken clouds', 'temperatur': 301.43, 'waktu': '2022-08-03T04:44:01.609667'}
[2022-08-03 04:44:01,720] {logging_mixin.py:103} INFO - {'kota': 'Bogor', 'cuaca': 'Clouds', 'cuaca_deskripsi': 'overcast clouds', 'temperatur': 306.42, 'waktu': '2022-08-03T04:44:01.720728'}
[2022-08-03 04:44:01,844] {logging_mixin.py:103} INFO - {'kota': 'Bandung', 'cuaca': 'Clouds', 'cuaca_deskripsi': 'broken clouds', 'temperatur': 302.02, 'waktu': '2022-08-03T04:44:01.844017'}
[2022-08-03 04:44:01,844] {python.py:118} INFO - Done. Returned value was: None
[2022-08-03 04:44:01,865] {taskinstance.py:1142} INFO - Marking task as SUCCESS. dag_id=penjadwalan, task_id=dapat_suhu, execution_date=20220803T044200, start_date=20220803T044401, end_date=20220803T044401
[2022-08-03 04:44:01,931] {taskinstance.py:1195} INFO - 0 downstream tasks scheduled from follow-on schedule check
[2022-08-03 04:44:01,970] {local_task_job.py:118} INFO - Task exited with return code 0
