[2022-08-03 03:40:01,490] {taskinstance.py:826} INFO - Dependencies all met for <TaskInstance: penjadwalan.dapat_suhu 2022-08-03T03:38:00+00:00 [queued]>
[2022-08-03 03:40:01,521] {taskinstance.py:826} INFO - Dependencies all met for <TaskInstance: penjadwalan.dapat_suhu 2022-08-03T03:38:00+00:00 [queued]>
[2022-08-03 03:40:01,521] {taskinstance.py:1017} INFO - 
--------------------------------------------------------------------------------
[2022-08-03 03:40:01,522] {taskinstance.py:1018} INFO - Starting attempt 1 of 1
[2022-08-03 03:40:01,522] {taskinstance.py:1019} INFO - 
--------------------------------------------------------------------------------
[2022-08-03 03:40:01,538] {taskinstance.py:1038} INFO - Executing <Task(PythonOperator): dapat_suhu> on 2022-08-03T03:38:00+00:00
[2022-08-03 03:40:01,544] {standard_task_runner.py:51} INFO - Started process 5425 to run task
[2022-08-03 03:40:01,549] {standard_task_runner.py:75} INFO - Running: ['airflow', 'tasks', 'run', 'penjadwalan', 'dapat_suhu', '2022-08-03T03:38:00+00:00', '--job-id', '584', '--pool', 'default_pool', '--raw', '--subdir', 'DAGS_FOLDER/penjadwalan.py', '--cfg-path', '/tmp/tmpa_cnzi8h']
[2022-08-03 03:40:01,554] {standard_task_runner.py:76} INFO - Job 584: Subtask dapat_suhu
[2022-08-03 03:40:01,637] {logging_mixin.py:103} INFO - Running <TaskInstance: penjadwalan.dapat_suhu 2022-08-03T03:38:00+00:00 [running]> on host b4dcda255553
[2022-08-03 03:40:01,725] {taskinstance.py:1232} INFO - Exporting the following env vars:
AIRFLOW_CTX_DAG_OWNER=airflow
AIRFLOW_CTX_DAG_ID=penjadwalan
AIRFLOW_CTX_TASK_ID=dapat_suhu
AIRFLOW_CTX_EXECUTION_DATE=2022-08-03T03:38:00+00:00
AIRFLOW_CTX_DAG_RUN_ID=scheduled__2022-08-03T03:38:00+00:00
[2022-08-03 03:40:01,852] {logging_mixin.py:103} INFO - {'kota': 'Bali', 'cuaca': 'Clouds', 'cuaca_deskripsi': 'scattered clouds', 'temperatur': 302.69, 'waktu': '2022-08-03T03:40:01.851841'}
[2022-08-03 03:40:01,960] {logging_mixin.py:103} INFO - {'kota': 'Lombok', 'cuaca': 'Rain', 'cuaca_deskripsi': 'light rain', 'temperatur': 298.97, 'waktu': '2022-08-03T03:40:01.960453'}
[2022-08-03 03:40:02,125] {logging_mixin.py:103} INFO - {'kota': 'Labuan Bajo', 'cuaca': 'Clouds', 'cuaca_deskripsi': 'broken clouds', 'temperatur': 302.05, 'waktu': '2022-08-03T03:40:02.125178'}
[2022-08-03 03:40:02,632] {logging_mixin.py:103} INFO - {'kota': 'Bogor', 'cuaca': 'Clouds', 'cuaca_deskripsi': 'overcast clouds', 'temperatur': 304.2, 'waktu': '2022-08-03T03:40:02.631822'}
[2022-08-03 03:40:02,764] {logging_mixin.py:103} INFO - {'kota': 'Bandung', 'cuaca': 'Clouds', 'cuaca_deskripsi': 'broken clouds', 'temperatur': 302.13, 'waktu': '2022-08-03T03:40:02.764702'}
[2022-08-03 03:40:02,765] {python.py:118} INFO - Done. Returned value was: None
[2022-08-03 03:40:02,784] {taskinstance.py:1142} INFO - Marking task as SUCCESS. dag_id=penjadwalan, task_id=dapat_suhu, execution_date=20220803T033800, start_date=20220803T034001, end_date=20220803T034002
[2022-08-03 03:40:02,846] {taskinstance.py:1195} INFO - 0 downstream tasks scheduled from follow-on schedule check
[2022-08-03 03:40:02,888] {local_task_job.py:118} INFO - Task exited with return code 0
