[2022-08-02 15:01:33,351] {taskinstance.py:826} INFO - Dependencies all met for <TaskInstance: pokea.say_Hi 2022-08-02T14:50:00+00:00 [queued]>
[2022-08-02 15:01:36,452] {taskinstance.py:826} INFO - Dependencies all met for <TaskInstance: pokea.say_Hi 2022-08-02T14:50:00+00:00 [queued]>
[2022-08-02 15:01:36,469] {taskinstance.py:1017} INFO - 
--------------------------------------------------------------------------------
[2022-08-02 15:01:36,539] {taskinstance.py:1018} INFO - Starting attempt 1 of 1
[2022-08-02 15:01:36,605] {taskinstance.py:1019} INFO - 
--------------------------------------------------------------------------------
[2022-08-02 15:01:38,343] {taskinstance.py:1038} INFO - Executing <Task(BashOperator): say_Hi> on 2022-08-02T14:50:00+00:00
[2022-08-02 15:01:38,525] {standard_task_runner.py:51} INFO - Started process 27975 to run task
[2022-08-02 15:01:38,852] {standard_task_runner.py:75} INFO - Running: ['airflow', 'tasks', 'run', 'pokea', 'say_Hi', '2022-08-02T14:50:00+00:00', '--job-id', '35', '--pool', 'default_pool', '--raw', '--subdir', 'DAGS_FOLDER/pokea.py', '--cfg-path', '/tmp/tmpfiqhp0la']
[2022-08-02 15:01:39,123] {standard_task_runner.py:76} INFO - Job 35: Subtask say_Hi
[2022-08-02 15:02:05,250] {logging_mixin.py:103} INFO - Running <TaskInstance: pokea.say_Hi 2022-08-02T14:50:00+00:00 [running]> on host b4dcda255553
[2022-08-02 15:02:23,329] {taskinstance.py:1232} INFO - Exporting the following env vars:
AIRFLOW_CTX_DAG_OWNER=airflow
AIRFLOW_CTX_DAG_ID=pokea
AIRFLOW_CTX_TASK_ID=say_Hi
AIRFLOW_CTX_EXECUTION_DATE=2022-08-02T14:50:00+00:00
AIRFLOW_CTX_DAG_RUN_ID=scheduled__2022-08-02T14:50:00+00:00
[2022-08-02 15:02:23,819] {bash.py:135} INFO - Tmp dir root location: 
 /tmp
[2022-08-02 15:02:24,191] {bash.py:158} INFO - Running command: echo "Hi!!"
[2022-08-02 15:02:25,430] {bash.py:169} INFO - Output:
[2022-08-02 15:02:25,833] {bash.py:173} INFO - Hi!!
[2022-08-02 15:02:26,015] {bash.py:177} INFO - Command exited with return code 0
[2022-08-02 15:02:34,335] {taskinstance.py:1142} INFO - Marking task as SUCCESS. dag_id=pokea, task_id=say_Hi, execution_date=20220802T145000, start_date=20220802T150133, end_date=20220802T150234
[2022-08-02 15:02:54,543] {local_task_job.py:170} WARNING - State of this instance has been externally set to success. Terminating instance.
[2022-08-02 15:02:54,899] {taskinstance.py:1195} INFO - 1 downstream tasks scheduled from follow-on schedule check
[2022-08-02 15:02:55,575] {process_utils.py:95} INFO - Sending Signals.SIGTERM to GPID 27975
[2022-08-02 15:02:55,840] {process_utils.py:61} INFO - Process psutil.Process(pid=27975, status='terminated', exitcode=0, started='15:01:37') (27975) terminated with exit code 0
[2022-08-02 15:02:56,236] {local_task_job.py:118} INFO - Task exited with return code 0
