[2022-08-02 14:40:04,464] {taskinstance.py:826} INFO - Dependencies all met for <TaskInstance: pokea.sleep_me 2022-08-02T14:30:00+00:00 [queued]>
[2022-08-02 14:40:04,507] {taskinstance.py:826} INFO - Dependencies all met for <TaskInstance: pokea.sleep_me 2022-08-02T14:30:00+00:00 [queued]>
[2022-08-02 14:40:04,508] {taskinstance.py:1017} INFO - 
--------------------------------------------------------------------------------
[2022-08-02 14:40:04,509] {taskinstance.py:1018} INFO - Starting attempt 1 of 1
[2022-08-02 14:40:04,510] {taskinstance.py:1019} INFO - 
--------------------------------------------------------------------------------
[2022-08-02 14:40:04,530] {taskinstance.py:1038} INFO - Executing <Task(BashOperator): sleep_me> on 2022-08-02T14:30:00+00:00
[2022-08-02 14:40:04,535] {standard_task_runner.py:51} INFO - Started process 1967 to run task
[2022-08-02 14:40:04,542] {standard_task_runner.py:75} INFO - Running: ['airflow', 'tasks', 'run', 'pokea', 'sleep_me', '2022-08-02T14:30:00+00:00', '--job-id', '23', '--pool', 'default_pool', '--raw', '--subdir', 'DAGS_FOLDER/pokea.py', '--cfg-path', '/tmp/tmplr3vt3dq']
[2022-08-02 14:40:04,547] {standard_task_runner.py:76} INFO - Job 23: Subtask sleep_me
[2022-08-02 14:40:04,636] {logging_mixin.py:103} INFO - Running <TaskInstance: pokea.sleep_me 2022-08-02T14:30:00+00:00 [running]> on host b4dcda255553
[2022-08-02 14:40:04,723] {taskinstance.py:1232} INFO - Exporting the following env vars:
AIRFLOW_CTX_DAG_OWNER=airflow
AIRFLOW_CTX_DAG_ID=pokea
AIRFLOW_CTX_TASK_ID=sleep_me
AIRFLOW_CTX_EXECUTION_DATE=2022-08-02T14:30:00+00:00
AIRFLOW_CTX_DAG_RUN_ID=scheduled__2022-08-02T14:30:00+00:00
[2022-08-02 14:40:04,724] {bash.py:135} INFO - Tmp dir root location: 
 /tmp
[2022-08-02 14:40:04,726] {bash.py:158} INFO - Running command: sleep 5
[2022-08-02 14:40:04,736] {bash.py:169} INFO - Output:
[2022-08-02 14:40:09,740] {bash.py:177} INFO - Command exited with return code 0
[2022-08-02 14:40:09,786] {taskinstance.py:1142} INFO - Marking task as SUCCESS. dag_id=pokea, task_id=sleep_me, execution_date=20220802T143000, start_date=20220802T144004, end_date=20220802T144009
[2022-08-02 14:40:09,835] {taskinstance.py:1195} INFO - 1 downstream tasks scheduled from follow-on schedule check
[2022-08-02 14:40:09,862] {local_task_job.py:118} INFO - Task exited with return code 0
