[2022-08-03 00:44:33,435] {taskinstance.py:826} INFO - Dependencies all met for <TaskInstance: penjadwalan.dapat_suhu 2022-08-02T17:40:00+00:00 [queued]>
[2022-08-03 00:44:33,641] {taskinstance.py:826} INFO - Dependencies all met for <TaskInstance: penjadwalan.dapat_suhu 2022-08-02T17:40:00+00:00 [queued]>
[2022-08-03 00:44:33,657] {taskinstance.py:1017} INFO - 
--------------------------------------------------------------------------------
[2022-08-03 00:44:33,665] {taskinstance.py:1018} INFO - Starting attempt 1 of 1
[2022-08-03 00:44:33,698] {taskinstance.py:1019} INFO - 
--------------------------------------------------------------------------------
[2022-08-03 00:44:33,845] {taskinstance.py:1038} INFO - Executing <Task(PythonOperator): dapat_suhu> on 2022-08-02T17:40:00+00:00
[2022-08-03 00:44:33,908] {standard_task_runner.py:51} INFO - Started process 24953 to run task
[2022-08-03 00:44:33,913] {standard_task_runner.py:75} INFO - Running: ['airflow', 'tasks', 'run', 'penjadwalan', 'dapat_suhu', '2022-08-02T17:40:00+00:00', '--job-id', '211', '--pool', 'default_pool', '--raw', '--subdir', 'DAGS_FOLDER/penjadwalan.py', '--cfg-path', '/tmp/tmpfvkkck0c']
[2022-08-03 00:44:33,998] {standard_task_runner.py:76} INFO - Job 211: Subtask dapat_suhu
[2022-08-03 00:44:34,733] {logging_mixin.py:103} INFO - Running <TaskInstance: penjadwalan.dapat_suhu 2022-08-02T17:40:00+00:00 [running]> on host b4dcda255553
[2022-08-03 00:44:35,280] {taskinstance.py:1232} INFO - Exporting the following env vars:
AIRFLOW_CTX_DAG_OWNER=airflow
AIRFLOW_CTX_DAG_ID=penjadwalan
AIRFLOW_CTX_TASK_ID=dapat_suhu
AIRFLOW_CTX_EXECUTION_DATE=2022-08-02T17:40:00+00:00
AIRFLOW_CTX_DAG_RUN_ID=scheduled__2022-08-02T17:40:00+00:00
[2022-08-03 00:44:52,983] {logging_mixin.py:103} INFO - {'kota': 'Bali', 'cuaca': 'Clouds', 'cuaca_deskripsi': 'overcast clouds', 'temperatur': 298.28, 'waktu': '2022-08-03T00:44:52.983031'}
[2022-08-03 00:44:57,236] {logging_mixin.py:103} INFO - {'kota': 'Lombok', 'cuaca': 'Clouds', 'cuaca_deskripsi': 'overcast clouds', 'temperatur': 295.51, 'waktu': '2022-08-03T00:44:57.236042'}
[2022-08-03 00:44:57,918] {logging_mixin.py:103} INFO - {'kota': 'Labuan Bajo', 'cuaca': 'Clouds', 'cuaca_deskripsi': 'scattered clouds', 'temperatur': 300.93, 'waktu': '2022-08-03T00:44:57.918014'}
[2022-08-03 00:44:58,274] {logging_mixin.py:103} INFO - {'kota': 'Bogor', 'cuaca': 'Rain', 'cuaca_deskripsi': 'light rain', 'temperatur': 300.87, 'waktu': '2022-08-03T00:44:58.274548'}
[2022-08-03 00:45:03,740] {logging_mixin.py:103} INFO - {'kota': 'Bandung', 'cuaca': 'Clouds', 'cuaca_deskripsi': 'scattered clouds', 'temperatur': 296.92, 'waktu': '2022-08-03T00:45:03.740315'}
[2022-08-03 00:45:03,748] {python.py:118} INFO - Done. Returned value was: None
[2022-08-03 00:45:03,837] {taskinstance.py:1142} INFO - Marking task as SUCCESS. dag_id=penjadwalan, task_id=dapat_suhu, execution_date=20220802T174000, start_date=20220803T004433, end_date=20220803T004503
[2022-08-03 00:45:04,070] {taskinstance.py:1195} INFO - 0 downstream tasks scheduled from follow-on schedule check
[2022-08-03 00:45:04,174] {local_task_job.py:118} INFO - Task exited with return code 0
