[2022-08-03 01:20:01,106] {taskinstance.py:826} INFO - Dependencies all met for <TaskInstance: penjadwalan.dapat_suhu 2022-08-03T01:18:00+00:00 [queued]>
[2022-08-03 01:20:01,143] {taskinstance.py:826} INFO - Dependencies all met for <TaskInstance: penjadwalan.dapat_suhu 2022-08-03T01:18:00+00:00 [queued]>
[2022-08-03 01:20:01,144] {taskinstance.py:1017} INFO - 
--------------------------------------------------------------------------------
[2022-08-03 01:20:01,144] {taskinstance.py:1018} INFO - Starting attempt 1 of 1
[2022-08-03 01:20:01,145] {taskinstance.py:1019} INFO - 
--------------------------------------------------------------------------------
[2022-08-03 01:20:01,169] {taskinstance.py:1038} INFO - Executing <Task(PythonOperator): dapat_suhu> on 2022-08-03T01:18:00+00:00
[2022-08-03 01:20:01,175] {standard_task_runner.py:51} INFO - Started process 7320 to run task
[2022-08-03 01:20:01,184] {standard_task_runner.py:75} INFO - Running: ['airflow', 'tasks', 'run', 'penjadwalan', 'dapat_suhu', '2022-08-03T01:18:00+00:00', '--job-id', '459', '--pool', 'default_pool', '--raw', '--subdir', 'DAGS_FOLDER/penjadwalan.py', '--cfg-path', '/tmp/tmp_y6ctf6t']
[2022-08-03 01:20:01,194] {standard_task_runner.py:76} INFO - Job 459: Subtask dapat_suhu
[2022-08-03 01:20:01,369] {logging_mixin.py:103} INFO - Running <TaskInstance: penjadwalan.dapat_suhu 2022-08-03T01:18:00+00:00 [running]> on host b4dcda255553
[2022-08-03 01:20:01,507] {taskinstance.py:1232} INFO - Exporting the following env vars:
AIRFLOW_CTX_DAG_OWNER=airflow
AIRFLOW_CTX_DAG_ID=penjadwalan
AIRFLOW_CTX_TASK_ID=dapat_suhu
AIRFLOW_CTX_EXECUTION_DATE=2022-08-03T01:18:00+00:00
AIRFLOW_CTX_DAG_RUN_ID=scheduled__2022-08-03T01:18:00+00:00
[2022-08-03 01:20:09,489] {logging_mixin.py:103} INFO - {'kota': 'Bali', 'cuaca': 'Clouds', 'cuaca_deskripsi': 'overcast clouds', 'temperatur': 298.28, 'waktu': '2022-08-03T01:20:09.489511'}
[2022-08-03 01:20:10,181] {logging_mixin.py:103} INFO - {'kota': 'Lombok', 'cuaca': 'Rain', 'cuaca_deskripsi': 'moderate rain', 'temperatur': 295.51, 'waktu': '2022-08-03T01:20:10.181812'}
[2022-08-03 01:20:10,708] {logging_mixin.py:103} INFO - {'kota': 'Labuan Bajo', 'cuaca': 'Clouds', 'cuaca_deskripsi': 'scattered clouds', 'temperatur': 300.93, 'waktu': '2022-08-03T01:20:10.708131'}
[2022-08-03 01:20:11,631] {logging_mixin.py:103} INFO - {'kota': 'Bogor', 'cuaca': 'Rain', 'cuaca_deskripsi': 'light rain', 'temperatur': 297.84, 'waktu': '2022-08-03T01:20:11.631023'}
[2022-08-03 01:20:12,688] {logging_mixin.py:103} INFO - {'kota': 'Bandung', 'cuaca': 'Clouds', 'cuaca_deskripsi': 'scattered clouds', 'temperatur': 296.92, 'waktu': '2022-08-03T01:20:12.688236'}
[2022-08-03 01:20:12,689] {python.py:118} INFO - Done. Returned value was: None
[2022-08-03 01:20:12,709] {taskinstance.py:1142} INFO - Marking task as SUCCESS. dag_id=penjadwalan, task_id=dapat_suhu, execution_date=20220803T011800, start_date=20220803T012001, end_date=20220803T012012
[2022-08-03 01:20:12,766] {taskinstance.py:1195} INFO - 0 downstream tasks scheduled from follow-on schedule check
[2022-08-03 01:20:12,792] {local_task_job.py:118} INFO - Task exited with return code 0
