[2022-08-03 06:48:01,644] {taskinstance.py:826} INFO - Dependencies all met for <TaskInstance: penjadwalan.dapat_suhu 2022-08-03T06:46:00+00:00 [queued]>
[2022-08-03 06:48:01,682] {taskinstance.py:826} INFO - Dependencies all met for <TaskInstance: penjadwalan.dapat_suhu 2022-08-03T06:46:00+00:00 [queued]>
[2022-08-03 06:48:01,683] {taskinstance.py:1017} INFO - 
--------------------------------------------------------------------------------
[2022-08-03 06:48:01,683] {taskinstance.py:1018} INFO - Starting attempt 1 of 1
[2022-08-03 06:48:01,684] {taskinstance.py:1019} INFO - 
--------------------------------------------------------------------------------
[2022-08-03 06:48:01,707] {taskinstance.py:1038} INFO - Executing <Task(PythonOperator): dapat_suhu> on 2022-08-03T06:46:00+00:00
[2022-08-03 06:48:01,715] {standard_task_runner.py:51} INFO - Started process 18442 to run task
[2022-08-03 06:48:01,733] {standard_task_runner.py:75} INFO - Running: ['airflow', 'tasks', 'run', 'penjadwalan', 'dapat_suhu', '2022-08-03T06:46:00+00:00', '--job-id', '786', '--pool', 'default_pool', '--raw', '--subdir', 'DAGS_FOLDER/penjadwalan.py', '--cfg-path', '/tmp/tmp332chxu9']
[2022-08-03 06:48:01,738] {standard_task_runner.py:76} INFO - Job 786: Subtask dapat_suhu
[2022-08-03 06:48:01,882] {logging_mixin.py:103} INFO - Running <TaskInstance: penjadwalan.dapat_suhu 2022-08-03T06:46:00+00:00 [running]> on host b4dcda255553
[2022-08-03 06:48:02,066] {taskinstance.py:1232} INFO - Exporting the following env vars:
AIRFLOW_CTX_DAG_OWNER=airflow
AIRFLOW_CTX_DAG_ID=penjadwalan
AIRFLOW_CTX_TASK_ID=dapat_suhu
AIRFLOW_CTX_EXECUTION_DATE=2022-08-03T06:46:00+00:00
AIRFLOW_CTX_DAG_RUN_ID=scheduled__2022-08-03T06:46:00+00:00
[2022-08-03 06:48:02,297] {logging_mixin.py:103} INFO - {'kota': 'Bali', 'cuaca': 'Clouds', 'cuaca_deskripsi': 'broken clouds', 'temperatur': 302.69, 'waktu': '2022-08-03T06:48:02.297653'}
[2022-08-03 06:48:02,537] {logging_mixin.py:103} INFO - {'kota': 'Lombok', 'cuaca': 'Rain', 'cuaca_deskripsi': 'light rain', 'temperatur': 297.58, 'waktu': '2022-08-03T06:48:02.537167'}
[2022-08-03 06:48:02,817] {logging_mixin.py:103} INFO - {'kota': 'Labuan Bajo', 'cuaca': 'Clouds', 'cuaca_deskripsi': 'overcast clouds', 'temperatur': 300.69, 'waktu': '2022-08-03T06:48:02.816988'}
[2022-08-03 06:48:03,040] {logging_mixin.py:103} INFO - {'kota': 'Bogor', 'cuaca': 'Clouds', 'cuaca_deskripsi': 'overcast clouds', 'temperatur': 305.31, 'waktu': '2022-08-03T06:48:03.040171'}
[2022-08-03 06:48:03,270] {logging_mixin.py:103} INFO - {'kota': 'Bandung', 'cuaca': 'Clouds', 'cuaca_deskripsi': 'overcast clouds', 'temperatur': 301.31, 'waktu': '2022-08-03T06:48:03.270078'}
[2022-08-03 06:48:03,281] {python.py:118} INFO - Done. Returned value was: None
[2022-08-03 06:48:03,341] {taskinstance.py:1142} INFO - Marking task as SUCCESS. dag_id=penjadwalan, task_id=dapat_suhu, execution_date=20220803T064600, start_date=20220803T064801, end_date=20220803T064803
[2022-08-03 06:48:03,534] {taskinstance.py:1195} INFO - 0 downstream tasks scheduled from follow-on schedule check
[2022-08-03 06:48:03,622] {local_task_job.py:118} INFO - Task exited with return code 0
