[2022-08-03 05:30:01,660] {taskinstance.py:826} INFO - Dependencies all met for <TaskInstance: penjadwalan.dapat_suhu 2022-08-03T05:28:00+00:00 [queued]>
[2022-08-03 05:30:01,694] {taskinstance.py:826} INFO - Dependencies all met for <TaskInstance: penjadwalan.dapat_suhu 2022-08-03T05:28:00+00:00 [queued]>
[2022-08-03 05:30:01,695] {taskinstance.py:1017} INFO - 
--------------------------------------------------------------------------------
[2022-08-03 05:30:01,695] {taskinstance.py:1018} INFO - Starting attempt 1 of 1
[2022-08-03 05:30:01,696] {taskinstance.py:1019} INFO - 
--------------------------------------------------------------------------------
[2022-08-03 05:30:01,715] {taskinstance.py:1038} INFO - Executing <Task(PythonOperator): dapat_suhu> on 2022-08-03T05:28:00+00:00
[2022-08-03 05:30:01,721] {standard_task_runner.py:51} INFO - Started process 14749 to run task
[2022-08-03 05:30:01,728] {standard_task_runner.py:75} INFO - Running: ['airflow', 'tasks', 'run', 'penjadwalan', 'dapat_suhu', '2022-08-03T05:28:00+00:00', '--job-id', '684', '--pool', 'default_pool', '--raw', '--subdir', 'DAGS_FOLDER/penjadwalan.py', '--cfg-path', '/tmp/tmprh2jzson']
[2022-08-03 05:30:01,733] {standard_task_runner.py:76} INFO - Job 684: Subtask dapat_suhu
[2022-08-03 05:30:01,821] {logging_mixin.py:103} INFO - Running <TaskInstance: penjadwalan.dapat_suhu 2022-08-03T05:28:00+00:00 [running]> on host b4dcda255553
[2022-08-03 05:30:01,901] {taskinstance.py:1232} INFO - Exporting the following env vars:
AIRFLOW_CTX_DAG_OWNER=airflow
AIRFLOW_CTX_DAG_ID=penjadwalan
AIRFLOW_CTX_TASK_ID=dapat_suhu
AIRFLOW_CTX_EXECUTION_DATE=2022-08-03T05:28:00+00:00
AIRFLOW_CTX_DAG_RUN_ID=scheduled__2022-08-03T05:28:00+00:00
[2022-08-03 05:30:02,186] {logging_mixin.py:103} INFO - {'kota': 'Bali', 'cuaca': 'Clouds', 'cuaca_deskripsi': 'scattered clouds', 'temperatur': 302.69, 'waktu': '2022-08-03T05:30:02.185785'}
[2022-08-03 05:30:02,376] {logging_mixin.py:103} INFO - {'kota': 'Lombok', 'cuaca': 'Clouds', 'cuaca_deskripsi': 'overcast clouds', 'temperatur': 297.64, 'waktu': '2022-08-03T05:30:02.376564'}
[2022-08-03 05:30:02,525] {logging_mixin.py:103} INFO - {'kota': 'Labuan Bajo', 'cuaca': 'Clouds', 'cuaca_deskripsi': 'broken clouds', 'temperatur': 301.43, 'waktu': '2022-08-03T05:30:02.525685'}
[2022-08-03 05:30:02,919] {logging_mixin.py:103} INFO - {'kota': 'Bogor', 'cuaca': 'Clouds', 'cuaca_deskripsi': 'overcast clouds', 'temperatur': 303.41, 'waktu': '2022-08-03T05:30:02.919553'}
[2022-08-03 05:30:03,038] {logging_mixin.py:103} INFO - {'kota': 'Bandung', 'cuaca': 'Clouds', 'cuaca_deskripsi': 'broken clouds', 'temperatur': 302.02, 'waktu': '2022-08-03T05:30:03.038816'}
[2022-08-03 05:30:03,040] {python.py:118} INFO - Done. Returned value was: None
[2022-08-03 05:30:03,063] {taskinstance.py:1142} INFO - Marking task as SUCCESS. dag_id=penjadwalan, task_id=dapat_suhu, execution_date=20220803T052800, start_date=20220803T053001, end_date=20220803T053003
[2022-08-03 05:30:03,112] {taskinstance.py:1195} INFO - 0 downstream tasks scheduled from follow-on schedule check
[2022-08-03 05:30:03,144] {local_task_job.py:118} INFO - Task exited with return code 0
