[2022-08-02 17:22:01,870] {taskinstance.py:826} INFO - Dependencies all met for <TaskInstance: penjadwalan.dapat_suhu 2022-08-02T17:20:00+00:00 [queued]>
[2022-08-02 17:22:01,922] {taskinstance.py:826} INFO - Dependencies all met for <TaskInstance: penjadwalan.dapat_suhu 2022-08-02T17:20:00+00:00 [queued]>
[2022-08-02 17:22:01,923] {taskinstance.py:1017} INFO - 
--------------------------------------------------------------------------------
[2022-08-02 17:22:01,924] {taskinstance.py:1018} INFO - Starting attempt 1 of 1
[2022-08-02 17:22:01,925] {taskinstance.py:1019} INFO - 
--------------------------------------------------------------------------------
[2022-08-02 17:22:01,959] {taskinstance.py:1038} INFO - Executing <Task(PythonOperator): dapat_suhu> on 2022-08-02T17:20:00+00:00
[2022-08-02 17:22:01,967] {standard_task_runner.py:51} INFO - Started process 31357 to run task
[2022-08-02 17:22:01,975] {standard_task_runner.py:75} INFO - Running: ['airflow', 'tasks', 'run', 'penjadwalan', 'dapat_suhu', '2022-08-02T17:20:00+00:00', '--job-id', '195', '--pool', 'default_pool', '--raw', '--subdir', 'DAGS_FOLDER/penjadwalan.py', '--cfg-path', '/tmp/tmp2eumes_2']
[2022-08-02 17:22:01,983] {standard_task_runner.py:76} INFO - Job 195: Subtask dapat_suhu
[2022-08-02 17:22:02,145] {logging_mixin.py:103} INFO - Running <TaskInstance: penjadwalan.dapat_suhu 2022-08-02T17:20:00+00:00 [running]> on host b4dcda255553
[2022-08-02 17:22:02,296] {taskinstance.py:1232} INFO - Exporting the following env vars:
AIRFLOW_CTX_DAG_OWNER=airflow
AIRFLOW_CTX_DAG_ID=penjadwalan
AIRFLOW_CTX_TASK_ID=dapat_suhu
AIRFLOW_CTX_EXECUTION_DATE=2022-08-02T17:20:00+00:00
AIRFLOW_CTX_DAG_RUN_ID=scheduled__2022-08-02T17:20:00+00:00
[2022-08-02 17:22:02,833] {logging_mixin.py:103} INFO - {'kota': 'Bali', 'cuaca': 'Clouds', 'cuaca_deskripsi': 'overcast clouds', 'temperatur': 298.28, 'waktu': '2022-08-02T17:22:02.833801'}
[2022-08-02 17:22:03,059] {logging_mixin.py:103} INFO - {'kota': 'Lombok', 'cuaca': 'Clouds', 'cuaca_deskripsi': 'broken clouds', 'temperatur': 293.44, 'waktu': '2022-08-02T17:22:03.059018'}
[2022-08-02 17:22:03,259] {logging_mixin.py:103} INFO - {'kota': 'Labuan Bajo', 'cuaca': 'Clouds', 'cuaca_deskripsi': 'broken clouds', 'temperatur': 297.27, 'waktu': '2022-08-02T17:22:03.257792'}
[2022-08-02 17:22:04,092] {logging_mixin.py:103} INFO - {'kota': 'Bogor', 'cuaca': 'Clouds', 'cuaca_deskripsi': 'broken clouds', 'temperatur': 296.93, 'waktu': '2022-08-02T17:22:04.092459'}
[2022-08-02 17:22:04,423] {logging_mixin.py:103} INFO - {'kota': 'Bandung', 'cuaca': 'Clouds', 'cuaca_deskripsi': 'broken clouds', 'temperatur': 293.46, 'waktu': '2022-08-02T17:22:04.423564'}
[2022-08-02 17:22:04,424] {python.py:118} INFO - Done. Returned value was: None
[2022-08-02 17:22:04,447] {taskinstance.py:1142} INFO - Marking task as SUCCESS. dag_id=penjadwalan, task_id=dapat_suhu, execution_date=20220802T172000, start_date=20220802T172201, end_date=20220802T172204
[2022-08-02 17:22:04,493] {taskinstance.py:1195} INFO - 0 downstream tasks scheduled from follow-on schedule check
[2022-08-02 17:22:04,526] {local_task_job.py:118} INFO - Task exited with return code 0
