[2022-08-03 10:20:01,077] {taskinstance.py:826} INFO - Dependencies all met for <TaskInstance: penjadwalan.dapat_suhu 2022-08-03T10:18:00+00:00 [queued]>
[2022-08-03 10:20:01,103] {taskinstance.py:826} INFO - Dependencies all met for <TaskInstance: penjadwalan.dapat_suhu 2022-08-03T10:18:00+00:00 [queued]>
[2022-08-03 10:20:01,104] {taskinstance.py:1017} INFO - 
--------------------------------------------------------------------------------
[2022-08-03 10:20:01,104] {taskinstance.py:1018} INFO - Starting attempt 1 of 1
[2022-08-03 10:20:01,105] {taskinstance.py:1019} INFO - 
--------------------------------------------------------------------------------
[2022-08-03 10:20:01,124] {taskinstance.py:1038} INFO - Executing <Task(PythonOperator): dapat_suhu> on 2022-08-03T10:18:00+00:00
[2022-08-03 10:20:01,128] {standard_task_runner.py:51} INFO - Started process 19663 to run task
[2022-08-03 10:20:01,133] {standard_task_runner.py:75} INFO - Running: ['airflow', 'tasks', 'run', 'penjadwalan', 'dapat_suhu', '2022-08-03T10:18:00+00:00', '--job-id', '976', '--pool', 'default_pool', '--raw', '--subdir', 'DAGS_FOLDER/penjadwalan.py', '--cfg-path', '/tmp/tmplf3gsfsb']
[2022-08-03 10:20:01,138] {standard_task_runner.py:76} INFO - Job 976: Subtask dapat_suhu
[2022-08-03 10:20:01,210] {logging_mixin.py:103} INFO - Running <TaskInstance: penjadwalan.dapat_suhu 2022-08-03T10:18:00+00:00 [running]> on host b4dcda255553
[2022-08-03 10:20:01,287] {taskinstance.py:1232} INFO - Exporting the following env vars:
AIRFLOW_CTX_DAG_OWNER=airflow
AIRFLOW_CTX_DAG_ID=penjadwalan
AIRFLOW_CTX_TASK_ID=dapat_suhu
AIRFLOW_CTX_EXECUTION_DATE=2022-08-03T10:18:00+00:00
AIRFLOW_CTX_DAG_RUN_ID=scheduled__2022-08-03T10:18:00+00:00
[2022-08-03 10:20:01,426] {logging_mixin.py:103} INFO - {'kota': 'Bali', 'cuaca': 'Clouds', 'cuaca_deskripsi': 'broken clouds', 'temperatur': 299.39, 'waktu': '2022-08-03T10:20:01.426193'}
[2022-08-03 10:20:01,585] {logging_mixin.py:103} INFO - {'kota': 'Lombok', 'cuaca': 'Clouds', 'cuaca_deskripsi': 'overcast clouds', 'temperatur': 295.7, 'waktu': '2022-08-03T10:20:01.585102'}
[2022-08-03 10:20:01,791] {logging_mixin.py:103} INFO - {'kota': 'Labuan Bajo', 'cuaca': 'Clouds', 'cuaca_deskripsi': 'overcast clouds', 'temperatur': 298.84, 'waktu': '2022-08-03T10:20:01.791273'}
[2022-08-03 10:20:01,955] {logging_mixin.py:103} INFO - {'kota': 'Bogor', 'cuaca': 'Clouds', 'cuaca_deskripsi': 'overcast clouds', 'temperatur': 299.97, 'waktu': '2022-08-03T10:20:01.954867'}
[2022-08-03 10:20:02,107] {logging_mixin.py:103} INFO - {'kota': 'Bandung', 'cuaca': 'Clouds', 'cuaca_deskripsi': 'overcast clouds', 'temperatur': 296.4, 'waktu': '2022-08-03T10:20:02.107672'}
[2022-08-03 10:20:02,108] {python.py:118} INFO - Done. Returned value was: None
[2022-08-03 10:20:02,129] {taskinstance.py:1142} INFO - Marking task as SUCCESS. dag_id=penjadwalan, task_id=dapat_suhu, execution_date=20220803T101800, start_date=20220803T102001, end_date=20220803T102002
[2022-08-03 10:20:02,179] {taskinstance.py:1195} INFO - 0 downstream tasks scheduled from follow-on schedule check
[2022-08-03 10:20:02,190] {local_task_job.py:118} INFO - Task exited with return code 0
