[2022-08-03 06:50:04,908] {taskinstance.py:826} INFO - Dependencies all met for <TaskInstance: my_simple_dag.sleep_me 2022-08-03T06:40:00+00:00 [queued]>
[2022-08-03 06:50:04,985] {taskinstance.py:826} INFO - Dependencies all met for <TaskInstance: my_simple_dag.sleep_me 2022-08-03T06:40:00+00:00 [queued]>
[2022-08-03 06:50:04,988] {taskinstance.py:1017} INFO - 
--------------------------------------------------------------------------------
[2022-08-03 06:50:04,990] {taskinstance.py:1018} INFO - Starting attempt 1 of 1
[2022-08-03 06:50:04,991] {taskinstance.py:1019} INFO - 
--------------------------------------------------------------------------------
[2022-08-03 06:50:05,041] {taskinstance.py:1038} INFO - Executing <Task(BashOperator): sleep_me> on 2022-08-03T06:40:00+00:00
[2022-08-03 06:50:05,055] {standard_task_runner.py:51} INFO - Started process 22499 to run task
[2022-08-03 06:50:05,065] {standard_task_runner.py:75} INFO - Running: ['airflow', 'tasks', 'run', 'my_simple_dag', 'sleep_me', '2022-08-03T06:40:00+00:00', '--job-id', '790', '--pool', 'default_pool', '--raw', '--subdir', 'DAGS_FOLDER/my_simple_dag.py', '--cfg-path', '/tmp/tmpva0pij9k']
[2022-08-03 06:50:05,085] {standard_task_runner.py:76} INFO - Job 790: Subtask sleep_me
[2022-08-03 06:50:05,317] {logging_mixin.py:103} INFO - Running <TaskInstance: my_simple_dag.sleep_me 2022-08-03T06:40:00+00:00 [running]> on host b4dcda255553
[2022-08-03 06:50:05,528] {taskinstance.py:1232} INFO - Exporting the following env vars:
AIRFLOW_CTX_DAG_OWNER=airflow
AIRFLOW_CTX_DAG_ID=my_simple_dag
AIRFLOW_CTX_TASK_ID=sleep_me
AIRFLOW_CTX_EXECUTION_DATE=2022-08-03T06:40:00+00:00
AIRFLOW_CTX_DAG_RUN_ID=scheduled__2022-08-03T06:40:00+00:00
[2022-08-03 06:50:05,538] {bash.py:135} INFO - Tmp dir root location: 
 /tmp
[2022-08-03 06:50:05,544] {bash.py:158} INFO - Running command: sleep 5
[2022-08-03 06:50:05,579] {bash.py:169} INFO - Output:
[2022-08-03 06:50:10,593] {bash.py:177} INFO - Command exited with return code 0
[2022-08-03 06:50:10,700] {taskinstance.py:1142} INFO - Marking task as SUCCESS. dag_id=my_simple_dag, task_id=sleep_me, execution_date=20220803T064000, start_date=20220803T065004, end_date=20220803T065010
[2022-08-03 06:50:10,838] {taskinstance.py:1195} INFO - 1 downstream tasks scheduled from follow-on schedule check
[2022-08-03 06:50:10,869] {local_task_job.py:118} INFO - Task exited with return code 0
