[2022-08-03 00:44:36,802] {taskinstance.py:826} INFO - Dependencies all met for <TaskInstance: penjadwalan.dapat_suhu 2022-08-02T17:50:00+00:00 [queued]>
[2022-08-03 00:44:36,933] {taskinstance.py:826} INFO - Dependencies all met for <TaskInstance: penjadwalan.dapat_suhu 2022-08-02T17:50:00+00:00 [queued]>
[2022-08-03 00:44:36,949] {taskinstance.py:1017} INFO - 
--------------------------------------------------------------------------------
[2022-08-03 00:44:36,981] {taskinstance.py:1018} INFO - Starting attempt 1 of 1
[2022-08-03 00:44:36,982] {taskinstance.py:1019} INFO - 
--------------------------------------------------------------------------------
[2022-08-03 00:44:37,064] {taskinstance.py:1038} INFO - Executing <Task(PythonOperator): dapat_suhu> on 2022-08-02T17:50:00+00:00
[2022-08-03 00:44:37,074] {standard_task_runner.py:51} INFO - Started process 24980 to run task
[2022-08-03 00:44:37,101] {standard_task_runner.py:75} INFO - Running: ['airflow', 'tasks', 'run', 'penjadwalan', 'dapat_suhu', '2022-08-02T17:50:00+00:00', '--job-id', '216', '--pool', 'default_pool', '--raw', '--subdir', 'DAGS_FOLDER/penjadwalan.py', '--cfg-path', '/tmp/tmp8se7axii']
[2022-08-03 00:44:37,141] {standard_task_runner.py:76} INFO - Job 216: Subtask dapat_suhu
[2022-08-03 00:44:37,644] {logging_mixin.py:103} INFO - Running <TaskInstance: penjadwalan.dapat_suhu 2022-08-02T17:50:00+00:00 [running]> on host b4dcda255553
[2022-08-03 00:44:37,994] {taskinstance.py:1232} INFO - Exporting the following env vars:
AIRFLOW_CTX_DAG_OWNER=airflow
AIRFLOW_CTX_DAG_ID=penjadwalan
AIRFLOW_CTX_TASK_ID=dapat_suhu
AIRFLOW_CTX_EXECUTION_DATE=2022-08-02T17:50:00+00:00
AIRFLOW_CTX_DAG_RUN_ID=scheduled__2022-08-02T17:50:00+00:00
[2022-08-03 00:44:57,028] {logging_mixin.py:103} INFO - {'kota': 'Bali', 'cuaca': 'Clouds', 'cuaca_deskripsi': 'overcast clouds', 'temperatur': 298.28, 'waktu': '2022-08-03T00:44:57.028663'}
[2022-08-03 00:44:57,722] {logging_mixin.py:103} INFO - {'kota': 'Lombok', 'cuaca': 'Clouds', 'cuaca_deskripsi': 'overcast clouds', 'temperatur': 295.51, 'waktu': '2022-08-03T00:44:57.722656'}
[2022-08-03 00:44:58,185] {logging_mixin.py:103} INFO - {'kota': 'Labuan Bajo', 'cuaca': 'Clouds', 'cuaca_deskripsi': 'scattered clouds', 'temperatur': 300.93, 'waktu': '2022-08-03T00:44:58.185446'}
[2022-08-03 00:45:02,828] {logging_mixin.py:103} INFO - {'kota': 'Bogor', 'cuaca': 'Rain', 'cuaca_deskripsi': 'light rain', 'temperatur': 300.87, 'waktu': '2022-08-03T00:45:02.827988'}
[2022-08-03 00:45:04,045] {logging_mixin.py:103} INFO - {'kota': 'Bandung', 'cuaca': 'Clouds', 'cuaca_deskripsi': 'scattered clouds', 'temperatur': 296.92, 'waktu': '2022-08-03T00:45:04.045569'}
[2022-08-03 00:45:04,051] {python.py:118} INFO - Done. Returned value was: None
[2022-08-03 00:45:04,151] {taskinstance.py:1142} INFO - Marking task as SUCCESS. dag_id=penjadwalan, task_id=dapat_suhu, execution_date=20220802T175000, start_date=20220803T004436, end_date=20220803T004504
[2022-08-03 00:45:04,302] {taskinstance.py:1195} INFO - 0 downstream tasks scheduled from follow-on schedule check
[2022-08-03 00:45:04,385] {local_task_job.py:118} INFO - Task exited with return code 0
