[2022-08-03 02:48:00,842] {taskinstance.py:826} INFO - Dependencies all met for <TaskInstance: penjadwalan.dapat_suhu 2022-08-03T02:46:00+00:00 [queued]>
[2022-08-03 02:48:00,862] {taskinstance.py:826} INFO - Dependencies all met for <TaskInstance: penjadwalan.dapat_suhu 2022-08-03T02:46:00+00:00 [queued]>
[2022-08-03 02:48:00,863] {taskinstance.py:1017} INFO - 
--------------------------------------------------------------------------------
[2022-08-03 02:48:00,863] {taskinstance.py:1018} INFO - Starting attempt 1 of 1
[2022-08-03 02:48:00,864] {taskinstance.py:1019} INFO - 
--------------------------------------------------------------------------------
[2022-08-03 02:48:00,875] {taskinstance.py:1038} INFO - Executing <Task(PythonOperator): dapat_suhu> on 2022-08-03T02:46:00+00:00
[2022-08-03 02:48:00,880] {standard_task_runner.py:51} INFO - Started process 23391 to run task
[2022-08-03 02:48:00,884] {standard_task_runner.py:75} INFO - Running: ['airflow', 'tasks', 'run', 'penjadwalan', 'dapat_suhu', '2022-08-03T02:46:00+00:00', '--job-id', '538', '--pool', 'default_pool', '--raw', '--subdir', 'DAGS_FOLDER/penjadwalan.py', '--cfg-path', '/tmp/tmpjawzlsl7']
[2022-08-03 02:48:00,888] {standard_task_runner.py:76} INFO - Job 538: Subtask dapat_suhu
[2022-08-03 02:48:00,945] {logging_mixin.py:103} INFO - Running <TaskInstance: penjadwalan.dapat_suhu 2022-08-03T02:46:00+00:00 [running]> on host b4dcda255553
[2022-08-03 02:48:01,008] {taskinstance.py:1232} INFO - Exporting the following env vars:
AIRFLOW_CTX_DAG_OWNER=airflow
AIRFLOW_CTX_DAG_ID=penjadwalan
AIRFLOW_CTX_TASK_ID=dapat_suhu
AIRFLOW_CTX_EXECUTION_DATE=2022-08-03T02:46:00+00:00
AIRFLOW_CTX_DAG_RUN_ID=scheduled__2022-08-03T02:46:00+00:00
[2022-08-03 02:48:01,140] {logging_mixin.py:103} INFO - {'kota': 'Bali', 'cuaca': 'Clouds', 'cuaca_deskripsi': 'scattered clouds', 'temperatur': 299.39, 'waktu': '2022-08-03T02:48:01.140313'}
[2022-08-03 02:48:01,713] {logging_mixin.py:103} INFO - {'kota': 'Lombok', 'cuaca': 'Rain', 'cuaca_deskripsi': 'heavy intensity rain', 'temperatur': 297.83, 'waktu': '2022-08-03T02:48:01.713288'}
[2022-08-03 02:48:01,828] {logging_mixin.py:103} INFO - {'kota': 'Labuan Bajo', 'cuaca': 'Clouds', 'cuaca_deskripsi': 'broken clouds', 'temperatur': 302.24, 'waktu': '2022-08-03T02:48:01.828733'}
[2022-08-03 02:48:01,960] {logging_mixin.py:103} INFO - {'kota': 'Bogor', 'cuaca': 'Clouds', 'cuaca_deskripsi': 'overcast clouds', 'temperatur': 302.55, 'waktu': '2022-08-03T02:48:01.960266'}
[2022-08-03 02:48:02,422] {logging_mixin.py:103} INFO - {'kota': 'Bandung', 'cuaca': 'Clouds', 'cuaca_deskripsi': 'broken clouds', 'temperatur': 300.9, 'waktu': '2022-08-03T02:48:02.422240'}
[2022-08-03 02:48:02,423] {python.py:118} INFO - Done. Returned value was: None
[2022-08-03 02:48:02,454] {taskinstance.py:1142} INFO - Marking task as SUCCESS. dag_id=penjadwalan, task_id=dapat_suhu, execution_date=20220803T024600, start_date=20220803T024800, end_date=20220803T024802
[2022-08-03 02:48:02,514] {taskinstance.py:1195} INFO - 0 downstream tasks scheduled from follow-on schedule check
[2022-08-03 02:48:02,543] {local_task_job.py:118} INFO - Task exited with return code 0
