[2022-08-03 05:50:01,587] {taskinstance.py:826} INFO - Dependencies all met for <TaskInstance: penjadwalan.dapat_suhu 2022-08-03T05:48:00+00:00 [queued]>
[2022-08-03 05:50:01,622] {taskinstance.py:826} INFO - Dependencies all met for <TaskInstance: penjadwalan.dapat_suhu 2022-08-03T05:48:00+00:00 [queued]>
[2022-08-03 05:50:01,622] {taskinstance.py:1017} INFO - 
--------------------------------------------------------------------------------
[2022-08-03 05:50:01,623] {taskinstance.py:1018} INFO - Starting attempt 1 of 1
[2022-08-03 05:50:01,623] {taskinstance.py:1019} INFO - 
--------------------------------------------------------------------------------
[2022-08-03 05:50:01,641] {taskinstance.py:1038} INFO - Executing <Task(PythonOperator): dapat_suhu> on 2022-08-03T05:48:00+00:00
[2022-08-03 05:50:01,648] {standard_task_runner.py:51} INFO - Started process 6644 to run task
[2022-08-03 05:50:01,655] {standard_task_runner.py:75} INFO - Running: ['airflow', 'tasks', 'run', 'penjadwalan', 'dapat_suhu', '2022-08-03T05:48:00+00:00', '--job-id', '701', '--pool', 'default_pool', '--raw', '--subdir', 'DAGS_FOLDER/penjadwalan.py', '--cfg-path', '/tmp/tmpt47rvg6o']
[2022-08-03 05:50:01,662] {standard_task_runner.py:76} INFO - Job 701: Subtask dapat_suhu
[2022-08-03 05:50:01,770] {logging_mixin.py:103} INFO - Running <TaskInstance: penjadwalan.dapat_suhu 2022-08-03T05:48:00+00:00 [running]> on host b4dcda255553
[2022-08-03 05:50:01,871] {taskinstance.py:1232} INFO - Exporting the following env vars:
AIRFLOW_CTX_DAG_OWNER=airflow
AIRFLOW_CTX_DAG_ID=penjadwalan
AIRFLOW_CTX_TASK_ID=dapat_suhu
AIRFLOW_CTX_EXECUTION_DATE=2022-08-03T05:48:00+00:00
AIRFLOW_CTX_DAG_RUN_ID=scheduled__2022-08-03T05:48:00+00:00
[2022-08-03 05:50:02,151] {logging_mixin.py:103} INFO - {'kota': 'Bali', 'cuaca': 'Clouds', 'cuaca_deskripsi': 'scattered clouds', 'temperatur': 302.69, 'waktu': '2022-08-03T05:50:02.150916'}
[2022-08-03 05:50:02,288] {logging_mixin.py:103} INFO - {'kota': 'Lombok', 'cuaca': 'Rain', 'cuaca_deskripsi': 'moderate rain', 'temperatur': 297.64, 'waktu': '2022-08-03T05:50:02.288727'}
[2022-08-03 05:50:02,429] {logging_mixin.py:103} INFO - {'kota': 'Labuan Bajo', 'cuaca': 'Clouds', 'cuaca_deskripsi': 'broken clouds', 'temperatur': 300.81, 'waktu': '2022-08-03T05:50:02.428984'}
[2022-08-03 05:50:02,571] {logging_mixin.py:103} INFO - {'kota': 'Bogor', 'cuaca': 'Clouds', 'cuaca_deskripsi': 'overcast clouds', 'temperatur': 304.52, 'waktu': '2022-08-03T05:50:02.571464'}
[2022-08-03 05:50:02,742] {logging_mixin.py:103} INFO - {'kota': 'Bandung', 'cuaca': 'Clouds', 'cuaca_deskripsi': 'broken clouds', 'temperatur': 301.75, 'waktu': '2022-08-03T05:50:02.742342'}
[2022-08-03 05:50:02,743] {python.py:118} INFO - Done. Returned value was: None
[2022-08-03 05:50:03,564] {taskinstance.py:1142} INFO - Marking task as SUCCESS. dag_id=penjadwalan, task_id=dapat_suhu, execution_date=20220803T054800, start_date=20220803T055001, end_date=20220803T055003
[2022-08-03 05:50:03,618] {taskinstance.py:1195} INFO - 0 downstream tasks scheduled from follow-on schedule check
[2022-08-03 05:50:03,634] {local_task_job.py:118} INFO - Task exited with return code 0
