[2022-08-02 16:50:18,196] {taskinstance.py:826} INFO - Dependencies all met for <TaskInstance: my_simple_dag.sleep_me 2022-08-02T16:40:00+00:00 [queued]>
[2022-08-02 16:50:18,301] {taskinstance.py:826} INFO - Dependencies all met for <TaskInstance: my_simple_dag.sleep_me 2022-08-02T16:40:00+00:00 [queued]>
[2022-08-02 16:50:18,303] {taskinstance.py:1017} INFO - 
--------------------------------------------------------------------------------
[2022-08-02 16:50:18,305] {taskinstance.py:1018} INFO - Starting attempt 2 of 1
[2022-08-02 16:50:18,313] {taskinstance.py:1019} INFO - 
--------------------------------------------------------------------------------
[2022-08-02 16:50:18,353] {taskinstance.py:1038} INFO - Executing <Task(BashOperator): sleep_me> on 2022-08-02T16:40:00+00:00
[2022-08-02 16:50:18,360] {standard_task_runner.py:51} INFO - Started process 200 to run task
[2022-08-02 16:50:18,368] {standard_task_runner.py:75} INFO - Running: ['airflow', 'tasks', 'run', 'my_simple_dag', 'sleep_me', '2022-08-02T16:40:00+00:00', '--job-id', '157', '--pool', 'default_pool', '--raw', '--subdir', 'DAGS_FOLDER/my_simple_dag.py', '--cfg-path', '/tmp/tmp5m3x8dxv']
[2022-08-02 16:50:18,375] {standard_task_runner.py:76} INFO - Job 157: Subtask sleep_me
[2022-08-02 16:50:18,556] {logging_mixin.py:103} INFO - Running <TaskInstance: my_simple_dag.sleep_me 2022-08-02T16:40:00+00:00 [running]> on host b4dcda255553
[2022-08-02 16:50:18,675] {taskinstance.py:1232} INFO - Exporting the following env vars:
AIRFLOW_CTX_DAG_OWNER=airflow
AIRFLOW_CTX_DAG_ID=my_simple_dag
AIRFLOW_CTX_TASK_ID=sleep_me
AIRFLOW_CTX_EXECUTION_DATE=2022-08-02T16:40:00+00:00
AIRFLOW_CTX_DAG_RUN_ID=scheduled__2022-08-02T16:40:00+00:00
[2022-08-02 16:50:18,678] {bash.py:135} INFO - Tmp dir root location: 
 /tmp
[2022-08-02 16:50:18,685] {bash.py:158} INFO - Running command: sleep 5
[2022-08-02 16:50:18,716] {bash.py:169} INFO - Output:
[2022-08-02 16:50:23,720] {bash.py:177} INFO - Command exited with return code 0
[2022-08-02 16:50:23,782] {taskinstance.py:1142} INFO - Marking task as SUCCESS. dag_id=my_simple_dag, task_id=sleep_me, execution_date=20220802T164000, start_date=20220802T165018, end_date=20220802T165023
[2022-08-02 16:50:23,857] {taskinstance.py:1195} INFO - 1 downstream tasks scheduled from follow-on schedule check
[2022-08-02 16:50:23,903] {local_task_job.py:118} INFO - Task exited with return code 0
