[2022-08-03 00:58:02,606] {taskinstance.py:826} INFO - Dependencies all met for <TaskInstance: penjadwalan.dapat_suhu 2022-08-03T00:56:00+00:00 [queued]>
[2022-08-03 00:58:02,645] {taskinstance.py:826} INFO - Dependencies all met for <TaskInstance: penjadwalan.dapat_suhu 2022-08-03T00:56:00+00:00 [queued]>
[2022-08-03 00:58:02,645] {taskinstance.py:1017} INFO - 
--------------------------------------------------------------------------------
[2022-08-03 00:58:02,646] {taskinstance.py:1018} INFO - Starting attempt 1 of 1
[2022-08-03 00:58:02,647] {taskinstance.py:1019} INFO - 
--------------------------------------------------------------------------------
[2022-08-03 00:58:02,670] {taskinstance.py:1038} INFO - Executing <Task(PythonOperator): dapat_suhu> on 2022-08-03T00:56:00+00:00
[2022-08-03 00:58:02,676] {standard_task_runner.py:51} INFO - Started process 30880 to run task
[2022-08-03 00:58:02,683] {standard_task_runner.py:75} INFO - Running: ['airflow', 'tasks', 'run', 'penjadwalan', 'dapat_suhu', '2022-08-03T00:56:00+00:00', '--job-id', '439', '--pool', 'default_pool', '--raw', '--subdir', 'DAGS_FOLDER/penjadwalan.py', '--cfg-path', '/tmp/tmp4wdrvz0t']
[2022-08-03 00:58:02,689] {standard_task_runner.py:76} INFO - Job 439: Subtask dapat_suhu
[2022-08-03 00:58:02,803] {logging_mixin.py:103} INFO - Running <TaskInstance: penjadwalan.dapat_suhu 2022-08-03T00:56:00+00:00 [running]> on host b4dcda255553
[2022-08-03 00:58:02,917] {taskinstance.py:1232} INFO - Exporting the following env vars:
AIRFLOW_CTX_DAG_OWNER=airflow
AIRFLOW_CTX_DAG_ID=penjadwalan
AIRFLOW_CTX_TASK_ID=dapat_suhu
AIRFLOW_CTX_EXECUTION_DATE=2022-08-03T00:56:00+00:00
AIRFLOW_CTX_DAG_RUN_ID=scheduled__2022-08-03T00:56:00+00:00
[2022-08-03 00:58:03,733] {logging_mixin.py:103} INFO - {'kota': 'Bali', 'cuaca': 'Clouds', 'cuaca_deskripsi': 'overcast clouds', 'temperatur': 298.28, 'waktu': '2022-08-03T00:58:03.732842'}
[2022-08-03 00:58:03,883] {logging_mixin.py:103} INFO - {'kota': 'Lombok', 'cuaca': 'Clouds', 'cuaca_deskripsi': 'overcast clouds', 'temperatur': 295.51, 'waktu': '2022-08-03T00:58:03.883138'}
[2022-08-03 00:58:04,040] {logging_mixin.py:103} INFO - {'kota': 'Labuan Bajo', 'cuaca': 'Clouds', 'cuaca_deskripsi': 'scattered clouds', 'temperatur': 300.93, 'waktu': '2022-08-03T00:58:04.039842'}
[2022-08-03 00:58:04,174] {logging_mixin.py:103} INFO - {'kota': 'Bogor', 'cuaca': 'Rain', 'cuaca_deskripsi': 'light rain', 'temperatur': 296.27, 'waktu': '2022-08-03T00:58:04.174012'}
[2022-08-03 00:58:04,305] {logging_mixin.py:103} INFO - {'kota': 'Bandung', 'cuaca': 'Clouds', 'cuaca_deskripsi': 'scattered clouds', 'temperatur': 296.92, 'waktu': '2022-08-03T00:58:04.305827'}
[2022-08-03 00:58:04,306] {python.py:118} INFO - Done. Returned value was: None
[2022-08-03 00:58:04,330] {taskinstance.py:1142} INFO - Marking task as SUCCESS. dag_id=penjadwalan, task_id=dapat_suhu, execution_date=20220803T005600, start_date=20220803T005802, end_date=20220803T005804
[2022-08-03 00:58:04,373] {taskinstance.py:1195} INFO - 0 downstream tasks scheduled from follow-on schedule check
[2022-08-03 00:58:04,383] {local_task_job.py:118} INFO - Task exited with return code 0
