[2022-08-02 16:59:44,298] {taskinstance.py:826} INFO - Dependencies all met for <TaskInstance: penjadwalan.dapat_suhu 2022-08-02T16:56:00+00:00 [queued]>
[2022-08-02 16:59:44,333] {taskinstance.py:826} INFO - Dependencies all met for <TaskInstance: penjadwalan.dapat_suhu 2022-08-02T16:56:00+00:00 [queued]>
[2022-08-02 16:59:44,344] {taskinstance.py:1017} INFO - 
--------------------------------------------------------------------------------
[2022-08-02 16:59:44,346] {taskinstance.py:1018} INFO - Starting attempt 1 of 1
[2022-08-02 16:59:44,347] {taskinstance.py:1019} INFO - 
--------------------------------------------------------------------------------
[2022-08-02 16:59:44,395] {taskinstance.py:1038} INFO - Executing <Task(PythonOperator): dapat_suhu> on 2022-08-02T16:56:00+00:00
[2022-08-02 16:59:44,409] {standard_task_runner.py:51} INFO - Started process 12435 to run task
[2022-08-02 16:59:44,423] {standard_task_runner.py:75} INFO - Running: ['airflow', 'tasks', 'run', 'penjadwalan', 'dapat_suhu', '2022-08-02T16:56:00+00:00', '--job-id', '164', '--pool', 'default_pool', '--raw', '--subdir', 'DAGS_FOLDER/penjadwalan.py', '--cfg-path', '/tmp/tmp8_2yz2o5']
[2022-08-02 16:59:44,429] {standard_task_runner.py:76} INFO - Job 164: Subtask dapat_suhu
[2022-08-02 16:59:44,584] {logging_mixin.py:103} INFO - Running <TaskInstance: penjadwalan.dapat_suhu 2022-08-02T16:56:00+00:00 [running]> on host b4dcda255553
[2022-08-02 16:59:44,727] {taskinstance.py:1232} INFO - Exporting the following env vars:
AIRFLOW_CTX_DAG_OWNER=airflow
AIRFLOW_CTX_DAG_ID=penjadwalan
AIRFLOW_CTX_TASK_ID=dapat_suhu
AIRFLOW_CTX_EXECUTION_DATE=2022-08-02T16:56:00+00:00
AIRFLOW_CTX_DAG_RUN_ID=scheduled__2022-08-02T16:56:00+00:00
[2022-08-02 16:59:45,040] {logging_mixin.py:103} INFO - {'kota': 'Bali', 'cuaca': 'Clouds', 'cuaca_deskripsi': 'overcast clouds', 'temperatur': 298.28, 'waktu': '2022-08-02T16:59:45.039992'}
[2022-08-02 16:59:45,323] {logging_mixin.py:103} INFO - {'kota': 'Lombok', 'cuaca': 'Clouds', 'cuaca_deskripsi': 'broken clouds', 'temperatur': 293.44, 'waktu': '2022-08-02T16:59:45.323560'}
[2022-08-02 16:59:45,541] {logging_mixin.py:103} INFO - {'kota': 'Labuan Bajo', 'cuaca': 'Clouds', 'cuaca_deskripsi': 'broken clouds', 'temperatur': 297.27, 'waktu': '2022-08-02T16:59:45.541698'}
[2022-08-02 16:59:45,817] {logging_mixin.py:103} INFO - {'kota': 'Bogor', 'cuaca': 'Clouds', 'cuaca_deskripsi': 'broken clouds', 'temperatur': 296.93, 'waktu': '2022-08-02T16:59:45.815783'}
[2022-08-02 16:59:46,037] {logging_mixin.py:103} INFO - {'kota': 'Bandung', 'cuaca': 'Clouds', 'cuaca_deskripsi': 'broken clouds', 'temperatur': 293.46, 'waktu': '2022-08-02T16:59:46.037062'}
[2022-08-02 16:59:46,038] {python.py:118} INFO - Done. Returned value was: None
[2022-08-02 16:59:46,093] {taskinstance.py:1142} INFO - Marking task as SUCCESS. dag_id=penjadwalan, task_id=dapat_suhu, execution_date=20220802T165600, start_date=20220802T165944, end_date=20220802T165946
[2022-08-02 16:59:46,187] {taskinstance.py:1195} INFO - 0 downstream tasks scheduled from follow-on schedule check
[2022-08-02 16:59:46,225] {local_task_job.py:118} INFO - Task exited with return code 0
