[2022-08-03 04:02:01,462] {taskinstance.py:826} INFO - Dependencies all met for <TaskInstance: penjadwalan.dapat_suhu 2022-08-03T04:00:00+00:00 [queued]>
[2022-08-03 04:02:01,527] {taskinstance.py:826} INFO - Dependencies all met for <TaskInstance: penjadwalan.dapat_suhu 2022-08-03T04:00:00+00:00 [queued]>
[2022-08-03 04:02:01,547] {taskinstance.py:1017} INFO - 
--------------------------------------------------------------------------------
[2022-08-03 04:02:01,548] {taskinstance.py:1018} INFO - Starting attempt 1 of 1
[2022-08-03 04:02:01,560] {taskinstance.py:1019} INFO - 
--------------------------------------------------------------------------------
[2022-08-03 04:02:01,592] {taskinstance.py:1038} INFO - Executing <Task(PythonOperator): dapat_suhu> on 2022-08-03T04:00:00+00:00
[2022-08-03 04:02:01,602] {standard_task_runner.py:51} INFO - Started process 29866 to run task
[2022-08-03 04:02:01,609] {standard_task_runner.py:75} INFO - Running: ['airflow', 'tasks', 'run', 'penjadwalan', 'dapat_suhu', '2022-08-03T04:00:00+00:00', '--job-id', '607', '--pool', 'default_pool', '--raw', '--subdir', 'DAGS_FOLDER/penjadwalan.py', '--cfg-path', '/tmp/tmp5uvsy7in']
[2022-08-03 04:02:01,614] {standard_task_runner.py:76} INFO - Job 607: Subtask dapat_suhu
[2022-08-03 04:02:01,774] {logging_mixin.py:103} INFO - Running <TaskInstance: penjadwalan.dapat_suhu 2022-08-03T04:00:00+00:00 [running]> on host b4dcda255553
[2022-08-03 04:02:01,911] {taskinstance.py:1232} INFO - Exporting the following env vars:
AIRFLOW_CTX_DAG_OWNER=airflow
AIRFLOW_CTX_DAG_ID=penjadwalan
AIRFLOW_CTX_TASK_ID=dapat_suhu
AIRFLOW_CTX_EXECUTION_DATE=2022-08-03T04:00:00+00:00
AIRFLOW_CTX_DAG_RUN_ID=scheduled__2022-08-03T04:00:00+00:00
[2022-08-03 04:02:02,084] {logging_mixin.py:103} INFO - {'kota': 'Bali', 'cuaca': 'Clouds', 'cuaca_deskripsi': 'scattered clouds', 'temperatur': 302.69, 'waktu': '2022-08-03T04:02:02.083885'}
[2022-08-03 04:02:02,224] {logging_mixin.py:103} INFO - {'kota': 'Lombok', 'cuaca': 'Rain', 'cuaca_deskripsi': 'light rain', 'temperatur': 298.97, 'waktu': '2022-08-03T04:02:02.224245'}
[2022-08-03 04:02:02,391] {logging_mixin.py:103} INFO - {'kota': 'Labuan Bajo', 'cuaca': 'Clouds', 'cuaca_deskripsi': 'broken clouds', 'temperatur': 302.05, 'waktu': '2022-08-03T04:02:02.391161'}
[2022-08-03 04:02:02,517] {logging_mixin.py:103} INFO - {'kota': 'Bogor', 'cuaca': 'Clouds', 'cuaca_deskripsi': 'overcast clouds', 'temperatur': 305.31, 'waktu': '2022-08-03T04:02:02.517659'}
[2022-08-03 04:02:02,669] {logging_mixin.py:103} INFO - {'kota': 'Bandung', 'cuaca': 'Clouds', 'cuaca_deskripsi': 'broken clouds', 'temperatur': 302.13, 'waktu': '2022-08-03T04:02:02.669351'}
[2022-08-03 04:02:02,671] {python.py:118} INFO - Done. Returned value was: None
[2022-08-03 04:02:02,700] {taskinstance.py:1142} INFO - Marking task as SUCCESS. dag_id=penjadwalan, task_id=dapat_suhu, execution_date=20220803T040000, start_date=20220803T040201, end_date=20220803T040202
[2022-08-03 04:02:02,780] {taskinstance.py:1195} INFO - 0 downstream tasks scheduled from follow-on schedule check
[2022-08-03 04:02:02,803] {local_task_job.py:118} INFO - Task exited with return code 0
