[2022-08-03 01:36:00,919] {taskinstance.py:826} INFO - Dependencies all met for <TaskInstance: penjadwalan.dapat_suhu 2022-08-03T01:34:00+00:00 [queued]>
[2022-08-03 01:36:00,941] {taskinstance.py:826} INFO - Dependencies all met for <TaskInstance: penjadwalan.dapat_suhu 2022-08-03T01:34:00+00:00 [queued]>
[2022-08-03 01:36:00,941] {taskinstance.py:1017} INFO - 
--------------------------------------------------------------------------------
[2022-08-03 01:36:00,941] {taskinstance.py:1018} INFO - Starting attempt 1 of 1
[2022-08-03 01:36:00,942] {taskinstance.py:1019} INFO - 
--------------------------------------------------------------------------------
[2022-08-03 01:36:00,954] {taskinstance.py:1038} INFO - Executing <Task(PythonOperator): dapat_suhu> on 2022-08-03T01:34:00+00:00
[2022-08-03 01:36:00,959] {standard_task_runner.py:51} INFO - Started process 31091 to run task
[2022-08-03 01:36:00,963] {standard_task_runner.py:75} INFO - Running: ['airflow', 'tasks', 'run', 'penjadwalan', 'dapat_suhu', '2022-08-03T01:34:00+00:00', '--job-id', '474', '--pool', 'default_pool', '--raw', '--subdir', 'DAGS_FOLDER/penjadwalan.py', '--cfg-path', '/tmp/tmpkm2lqyb9']
[2022-08-03 01:36:00,967] {standard_task_runner.py:76} INFO - Job 474: Subtask dapat_suhu
[2022-08-03 01:36:01,029] {logging_mixin.py:103} INFO - Running <TaskInstance: penjadwalan.dapat_suhu 2022-08-03T01:34:00+00:00 [running]> on host b4dcda255553
[2022-08-03 01:36:01,086] {taskinstance.py:1232} INFO - Exporting the following env vars:
AIRFLOW_CTX_DAG_OWNER=airflow
AIRFLOW_CTX_DAG_ID=penjadwalan
AIRFLOW_CTX_TASK_ID=dapat_suhu
AIRFLOW_CTX_EXECUTION_DATE=2022-08-03T01:34:00+00:00
AIRFLOW_CTX_DAG_RUN_ID=scheduled__2022-08-03T01:34:00+00:00
[2022-08-03 01:36:02,197] {logging_mixin.py:103} INFO - {'kota': 'Bali', 'cuaca': 'Clouds', 'cuaca_deskripsi': 'broken clouds', 'temperatur': 298.28, 'waktu': '2022-08-03T01:36:02.197412'}
[2022-08-03 01:36:02,609] {logging_mixin.py:103} INFO - {'kota': 'Lombok', 'cuaca': 'Rain', 'cuaca_deskripsi': 'moderate rain', 'temperatur': 295.93, 'waktu': '2022-08-03T01:36:02.609844'}
[2022-08-03 01:36:03,282] {logging_mixin.py:103} INFO - {'kota': 'Labuan Bajo', 'cuaca': 'Clouds', 'cuaca_deskripsi': 'broken clouds', 'temperatur': 301.94, 'waktu': '2022-08-03T01:36:03.282830'}
[2022-08-03 01:36:03,508] {logging_mixin.py:103} INFO - {'kota': 'Bogor', 'cuaca': 'Clouds', 'cuaca_deskripsi': 'overcast clouds', 'temperatur': 298.85, 'waktu': '2022-08-03T01:36:03.508121'}
[2022-08-03 01:36:04,173] {logging_mixin.py:103} INFO - {'kota': 'Bandung', 'cuaca': 'Clouds', 'cuaca_deskripsi': 'scattered clouds', 'temperatur': 299.15, 'waktu': '2022-08-03T01:36:04.173245'}
[2022-08-03 01:36:04,173] {python.py:118} INFO - Done. Returned value was: None
[2022-08-03 01:36:04,190] {taskinstance.py:1142} INFO - Marking task as SUCCESS. dag_id=penjadwalan, task_id=dapat_suhu, execution_date=20220803T013400, start_date=20220803T013600, end_date=20220803T013604
[2022-08-03 01:36:04,229] {taskinstance.py:1195} INFO - 0 downstream tasks scheduled from follow-on schedule check
[2022-08-03 01:36:04,266] {local_task_job.py:118} INFO - Task exited with return code 0
