[2022-08-03 08:28:01,359] {taskinstance.py:826} INFO - Dependencies all met for <TaskInstance: penjadwalan.dapat_suhu 2022-08-03T08:26:00+00:00 [queued]>
[2022-08-03 08:28:01,382] {taskinstance.py:826} INFO - Dependencies all met for <TaskInstance: penjadwalan.dapat_suhu 2022-08-03T08:26:00+00:00 [queued]>
[2022-08-03 08:28:01,383] {taskinstance.py:1017} INFO - 
--------------------------------------------------------------------------------
[2022-08-03 08:28:01,383] {taskinstance.py:1018} INFO - Starting attempt 1 of 1
[2022-08-03 08:28:01,384] {taskinstance.py:1019} INFO - 
--------------------------------------------------------------------------------
[2022-08-03 08:28:01,398] {taskinstance.py:1038} INFO - Executing <Task(PythonOperator): dapat_suhu> on 2022-08-03T08:26:00+00:00
[2022-08-03 08:28:01,402] {standard_task_runner.py:51} INFO - Started process 27804 to run task
[2022-08-03 08:28:01,408] {standard_task_runner.py:75} INFO - Running: ['airflow', 'tasks', 'run', 'penjadwalan', 'dapat_suhu', '2022-08-03T08:26:00+00:00', '--job-id', '876', '--pool', 'default_pool', '--raw', '--subdir', 'DAGS_FOLDER/penjadwalan.py', '--cfg-path', '/tmp/tmp18ripbv0']
[2022-08-03 08:28:01,412] {standard_task_runner.py:76} INFO - Job 876: Subtask dapat_suhu
[2022-08-03 08:28:01,483] {logging_mixin.py:103} INFO - Running <TaskInstance: penjadwalan.dapat_suhu 2022-08-03T08:26:00+00:00 [running]> on host b4dcda255553
[2022-08-03 08:28:01,543] {taskinstance.py:1232} INFO - Exporting the following env vars:
AIRFLOW_CTX_DAG_OWNER=airflow
AIRFLOW_CTX_DAG_ID=penjadwalan
AIRFLOW_CTX_TASK_ID=dapat_suhu
AIRFLOW_CTX_EXECUTION_DATE=2022-08-03T08:26:00+00:00
AIRFLOW_CTX_DAG_RUN_ID=scheduled__2022-08-03T08:26:00+00:00
[2022-08-03 08:28:01,678] {logging_mixin.py:103} INFO - {'kota': 'Bali', 'cuaca': 'Clouds', 'cuaca_deskripsi': 'broken clouds', 'temperatur': 301.61, 'waktu': '2022-08-03T08:28:01.678183'}
[2022-08-03 08:28:01,930] {logging_mixin.py:103} INFO - {'kota': 'Lombok', 'cuaca': 'Rain', 'cuaca_deskripsi': 'moderate rain', 'temperatur': 296.95, 'waktu': '2022-08-03T08:28:01.930107'}
[2022-08-03 08:28:02,120] {logging_mixin.py:103} INFO - {'kota': 'Labuan Bajo', 'cuaca': 'Clouds', 'cuaca_deskripsi': 'overcast clouds', 'temperatur': 300.58, 'waktu': '2022-08-03T08:28:02.120086'}
[2022-08-03 08:28:02,223] {logging_mixin.py:103} INFO - {'kota': 'Bogor', 'cuaca': 'Clouds', 'cuaca_deskripsi': 'overcast clouds', 'temperatur': 303.65, 'waktu': '2022-08-03T08:28:02.223000'}
[2022-08-03 08:28:02,383] {logging_mixin.py:103} INFO - {'kota': 'Bandung', 'cuaca': 'Clouds', 'cuaca_deskripsi': 'overcast clouds', 'temperatur': 298.69, 'waktu': '2022-08-03T08:28:02.383250'}
[2022-08-03 08:28:02,384] {python.py:118} INFO - Done. Returned value was: None
[2022-08-03 08:28:02,403] {taskinstance.py:1142} INFO - Marking task as SUCCESS. dag_id=penjadwalan, task_id=dapat_suhu, execution_date=20220803T082600, start_date=20220803T082801, end_date=20220803T082802
[2022-08-03 08:28:02,450] {taskinstance.py:1195} INFO - 0 downstream tasks scheduled from follow-on schedule check
[2022-08-03 08:28:02,462] {local_task_job.py:118} INFO - Task exited with return code 0
