[2022-08-03 04:32:01,372] {taskinstance.py:826} INFO - Dependencies all met for <TaskInstance: penjadwalan.dapat_suhu 2022-08-03T04:30:00+00:00 [queued]>
[2022-08-03 04:32:01,404] {taskinstance.py:826} INFO - Dependencies all met for <TaskInstance: penjadwalan.dapat_suhu 2022-08-03T04:30:00+00:00 [queued]>
[2022-08-03 04:32:01,405] {taskinstance.py:1017} INFO - 
--------------------------------------------------------------------------------
[2022-08-03 04:32:01,406] {taskinstance.py:1018} INFO - Starting attempt 1 of 1
[2022-08-03 04:32:01,406] {taskinstance.py:1019} INFO - 
--------------------------------------------------------------------------------
[2022-08-03 04:32:01,429] {taskinstance.py:1038} INFO - Executing <Task(PythonOperator): dapat_suhu> on 2022-08-03T04:30:00+00:00
[2022-08-03 04:32:01,435] {standard_task_runner.py:51} INFO - Started process 14542 to run task
[2022-08-03 04:32:01,443] {standard_task_runner.py:75} INFO - Running: ['airflow', 'tasks', 'run', 'penjadwalan', 'dapat_suhu', '2022-08-03T04:30:00+00:00', '--job-id', '634', '--pool', 'default_pool', '--raw', '--subdir', 'DAGS_FOLDER/penjadwalan.py', '--cfg-path', '/tmp/tmpmehkrxee']
[2022-08-03 04:32:01,449] {standard_task_runner.py:76} INFO - Job 634: Subtask dapat_suhu
[2022-08-03 04:32:01,564] {logging_mixin.py:103} INFO - Running <TaskInstance: penjadwalan.dapat_suhu 2022-08-03T04:30:00+00:00 [running]> on host b4dcda255553
[2022-08-03 04:32:01,653] {taskinstance.py:1232} INFO - Exporting the following env vars:
AIRFLOW_CTX_DAG_OWNER=airflow
AIRFLOW_CTX_DAG_ID=penjadwalan
AIRFLOW_CTX_TASK_ID=dapat_suhu
AIRFLOW_CTX_EXECUTION_DATE=2022-08-03T04:30:00+00:00
AIRFLOW_CTX_DAG_RUN_ID=scheduled__2022-08-03T04:30:00+00:00
[2022-08-03 04:32:01,786] {logging_mixin.py:103} INFO - {'kota': 'Bali', 'cuaca': 'Clouds', 'cuaca_deskripsi': 'scattered clouds', 'temperatur': 302.69, 'waktu': '2022-08-03T04:32:01.786086'}
[2022-08-03 04:32:01,896] {logging_mixin.py:103} INFO - {'kota': 'Lombok', 'cuaca': 'Clouds', 'cuaca_deskripsi': 'overcast clouds', 'temperatur': 298.97, 'waktu': '2022-08-03T04:32:01.896194'}
[2022-08-03 04:32:02,008] {logging_mixin.py:103} INFO - {'kota': 'Labuan Bajo', 'cuaca': 'Clouds', 'cuaca_deskripsi': 'broken clouds', 'temperatur': 302.05, 'waktu': '2022-08-03T04:32:02.008440'}
[2022-08-03 04:32:02,384] {logging_mixin.py:103} INFO - {'kota': 'Bogor', 'cuaca': 'Clouds', 'cuaca_deskripsi': 'overcast clouds', 'temperatur': 303.96, 'waktu': '2022-08-03T04:32:02.384509'}
[2022-08-03 04:32:02,502] {logging_mixin.py:103} INFO - {'kota': 'Bandung', 'cuaca': 'Clouds', 'cuaca_deskripsi': 'broken clouds', 'temperatur': 302.13, 'waktu': '2022-08-03T04:32:02.502150'}
[2022-08-03 04:32:02,512] {python.py:118} INFO - Done. Returned value was: None
[2022-08-03 04:32:02,543] {taskinstance.py:1142} INFO - Marking task as SUCCESS. dag_id=penjadwalan, task_id=dapat_suhu, execution_date=20220803T043000, start_date=20220803T043201, end_date=20220803T043202
[2022-08-03 04:32:02,607] {taskinstance.py:1195} INFO - 0 downstream tasks scheduled from follow-on schedule check
[2022-08-03 04:32:02,625] {local_task_job.py:118} INFO - Task exited with return code 0
