[2022-08-03 07:58:04,404] {taskinstance.py:826} INFO - Dependencies all met for <TaskInstance: penjadwalan.dapat_suhu 2022-08-03T07:56:00+00:00 [queued]>
[2022-08-03 07:58:04,443] {taskinstance.py:826} INFO - Dependencies all met for <TaskInstance: penjadwalan.dapat_suhu 2022-08-03T07:56:00+00:00 [queued]>
[2022-08-03 07:58:04,444] {taskinstance.py:1017} INFO - 
--------------------------------------------------------------------------------
[2022-08-03 07:58:04,444] {taskinstance.py:1018} INFO - Starting attempt 1 of 1
[2022-08-03 07:58:04,445] {taskinstance.py:1019} INFO - 
--------------------------------------------------------------------------------
[2022-08-03 07:58:04,461] {taskinstance.py:1038} INFO - Executing <Task(PythonOperator): dapat_suhu> on 2022-08-03T07:56:00+00:00
[2022-08-03 07:58:04,466] {standard_task_runner.py:51} INFO - Started process 9114 to run task
[2022-08-03 07:58:04,472] {standard_task_runner.py:75} INFO - Running: ['airflow', 'tasks', 'run', 'penjadwalan', 'dapat_suhu', '2022-08-03T07:56:00+00:00', '--job-id', '849', '--pool', 'default_pool', '--raw', '--subdir', 'DAGS_FOLDER/penjadwalan.py', '--cfg-path', '/tmp/tmpu8d1lspt']
[2022-08-03 07:58:04,477] {standard_task_runner.py:76} INFO - Job 849: Subtask dapat_suhu
[2022-08-03 07:58:04,551] {logging_mixin.py:103} INFO - Running <TaskInstance: penjadwalan.dapat_suhu 2022-08-03T07:56:00+00:00 [running]> on host b4dcda255553
[2022-08-03 07:58:04,654] {taskinstance.py:1232} INFO - Exporting the following env vars:
AIRFLOW_CTX_DAG_OWNER=airflow
AIRFLOW_CTX_DAG_ID=penjadwalan
AIRFLOW_CTX_TASK_ID=dapat_suhu
AIRFLOW_CTX_EXECUTION_DATE=2022-08-03T07:56:00+00:00
AIRFLOW_CTX_DAG_RUN_ID=scheduled__2022-08-03T07:56:00+00:00
[2022-08-03 07:58:04,779] {logging_mixin.py:103} INFO - {'kota': 'Bali', 'cuaca': 'Clouds', 'cuaca_deskripsi': 'broken clouds', 'temperatur': 301.61, 'waktu': '2022-08-03T07:58:04.779143'}
[2022-08-03 07:58:04,890] {logging_mixin.py:103} INFO - {'kota': 'Lombok', 'cuaca': 'Rain', 'cuaca_deskripsi': 'light rain', 'temperatur': 296.95, 'waktu': '2022-08-03T07:58:04.890005'}
[2022-08-03 07:58:05,005] {logging_mixin.py:103} INFO - {'kota': 'Labuan Bajo', 'cuaca': 'Clouds', 'cuaca_deskripsi': 'overcast clouds', 'temperatur': 300.58, 'waktu': '2022-08-03T07:58:05.005125'}
[2022-08-03 07:58:05,122] {logging_mixin.py:103} INFO - {'kota': 'Bogor', 'cuaca': 'Clouds', 'cuaca_deskripsi': 'overcast clouds', 'temperatur': 304.2, 'waktu': '2022-08-03T07:58:05.122757'}
[2022-08-03 07:58:05,277] {logging_mixin.py:103} INFO - {'kota': 'Bandung', 'cuaca': 'Clouds', 'cuaca_deskripsi': 'overcast clouds', 'temperatur': 298.69, 'waktu': '2022-08-03T07:58:05.277133'}
[2022-08-03 07:58:05,278] {python.py:118} INFO - Done. Returned value was: None
[2022-08-03 07:58:05,299] {taskinstance.py:1142} INFO - Marking task as SUCCESS. dag_id=penjadwalan, task_id=dapat_suhu, execution_date=20220803T075600, start_date=20220803T075804, end_date=20220803T075805
[2022-08-03 07:58:05,358] {taskinstance.py:1195} INFO - 0 downstream tasks scheduled from follow-on schedule check
[2022-08-03 07:58:05,369] {local_task_job.py:118} INFO - Task exited with return code 0
