[2022-08-03 01:00:01,660] {taskinstance.py:826} INFO - Dependencies all met for <TaskInstance: my_simple_dag.say_Hi 2022-08-03T00:50:00+00:00 [queued]>
[2022-08-03 01:00:01,716] {taskinstance.py:826} INFO - Dependencies all met for <TaskInstance: my_simple_dag.say_Hi 2022-08-03T00:50:00+00:00 [queued]>
[2022-08-03 01:00:01,717] {taskinstance.py:1017} INFO - 
--------------------------------------------------------------------------------
[2022-08-03 01:00:01,718] {taskinstance.py:1018} INFO - Starting attempt 1 of 1
[2022-08-03 01:00:01,718] {taskinstance.py:1019} INFO - 
--------------------------------------------------------------------------------
[2022-08-03 01:00:01,745] {taskinstance.py:1038} INFO - Executing <Task(BashOperator): say_Hi> on 2022-08-03T00:50:00+00:00
[2022-08-03 01:00:01,756] {standard_task_runner.py:51} INFO - Started process 5106 to run task
[2022-08-03 01:00:01,771] {standard_task_runner.py:75} INFO - Running: ['airflow', 'tasks', 'run', 'my_simple_dag', 'say_Hi', '2022-08-03T00:50:00+00:00', '--job-id', '441', '--pool', 'default_pool', '--raw', '--subdir', 'DAGS_FOLDER/my_simple_dag.py', '--cfg-path', '/tmp/tmpb4wdo_6b']
[2022-08-03 01:00:01,776] {standard_task_runner.py:76} INFO - Job 441: Subtask say_Hi
[2022-08-03 01:00:01,904] {logging_mixin.py:103} INFO - Running <TaskInstance: my_simple_dag.say_Hi 2022-08-03T00:50:00+00:00 [running]> on host b4dcda255553
[2022-08-03 01:00:02,023] {taskinstance.py:1232} INFO - Exporting the following env vars:
AIRFLOW_CTX_DAG_OWNER=airflow
AIRFLOW_CTX_DAG_ID=my_simple_dag
AIRFLOW_CTX_TASK_ID=say_Hi
AIRFLOW_CTX_EXECUTION_DATE=2022-08-03T00:50:00+00:00
AIRFLOW_CTX_DAG_RUN_ID=scheduled__2022-08-03T00:50:00+00:00
[2022-08-03 01:00:02,025] {bash.py:135} INFO - Tmp dir root location: 
 /tmp
[2022-08-03 01:00:02,026] {bash.py:158} INFO - Running command: echo "Hi!!"
[2022-08-03 01:00:02,043] {bash.py:169} INFO - Output:
[2022-08-03 01:00:02,045] {bash.py:173} INFO - Hi!!
[2022-08-03 01:00:02,046] {bash.py:177} INFO - Command exited with return code 0
[2022-08-03 01:00:02,106] {taskinstance.py:1142} INFO - Marking task as SUCCESS. dag_id=my_simple_dag, task_id=say_Hi, execution_date=20220803T005000, start_date=20220803T010001, end_date=20220803T010002
[2022-08-03 01:00:02,185] {taskinstance.py:1195} INFO - 1 downstream tasks scheduled from follow-on schedule check
[2022-08-03 01:00:02,215] {local_task_job.py:118} INFO - Task exited with return code 0
