[2022-08-03 06:40:01,319] {taskinstance.py:826} INFO - Dependencies all met for <TaskInstance: penjadwalan.dapat_suhu 2022-08-03T06:38:00+00:00 [queued]>
[2022-08-03 06:40:01,402] {taskinstance.py:826} INFO - Dependencies all met for <TaskInstance: penjadwalan.dapat_suhu 2022-08-03T06:38:00+00:00 [queued]>
[2022-08-03 06:40:01,409] {taskinstance.py:1017} INFO - 
--------------------------------------------------------------------------------
[2022-08-03 06:40:01,410] {taskinstance.py:1018} INFO - Starting attempt 1 of 1
[2022-08-03 06:40:01,412] {taskinstance.py:1019} INFO - 
--------------------------------------------------------------------------------
[2022-08-03 06:40:01,460] {taskinstance.py:1038} INFO - Executing <Task(PythonOperator): dapat_suhu> on 2022-08-03T06:38:00+00:00
[2022-08-03 06:40:01,465] {standard_task_runner.py:51} INFO - Started process 1919 to run task
[2022-08-03 06:40:01,471] {standard_task_runner.py:75} INFO - Running: ['airflow', 'tasks', 'run', 'penjadwalan', 'dapat_suhu', '2022-08-03T06:38:00+00:00', '--job-id', '778', '--pool', 'default_pool', '--raw', '--subdir', 'DAGS_FOLDER/penjadwalan.py', '--cfg-path', '/tmp/tmpuhzyegi5']
[2022-08-03 06:40:01,479] {standard_task_runner.py:76} INFO - Job 778: Subtask dapat_suhu
[2022-08-03 06:40:01,676] {logging_mixin.py:103} INFO - Running <TaskInstance: penjadwalan.dapat_suhu 2022-08-03T06:38:00+00:00 [running]> on host b4dcda255553
[2022-08-03 06:40:01,811] {taskinstance.py:1232} INFO - Exporting the following env vars:
AIRFLOW_CTX_DAG_OWNER=airflow
AIRFLOW_CTX_DAG_ID=penjadwalan
AIRFLOW_CTX_TASK_ID=dapat_suhu
AIRFLOW_CTX_EXECUTION_DATE=2022-08-03T06:38:00+00:00
AIRFLOW_CTX_DAG_RUN_ID=scheduled__2022-08-03T06:38:00+00:00
[2022-08-03 06:40:02,002] {logging_mixin.py:103} INFO - {'kota': 'Bali', 'cuaca': 'Clouds', 'cuaca_deskripsi': 'broken clouds', 'temperatur': 302.69, 'waktu': '2022-08-03T06:40:02.001982'}
[2022-08-03 06:40:02,189] {logging_mixin.py:103} INFO - {'kota': 'Lombok', 'cuaca': 'Rain', 'cuaca_deskripsi': 'light rain', 'temperatur': 297.58, 'waktu': '2022-08-03T06:40:02.189568'}
[2022-08-03 06:40:02,372] {logging_mixin.py:103} INFO - {'kota': 'Labuan Bajo', 'cuaca': 'Clouds', 'cuaca_deskripsi': 'overcast clouds', 'temperatur': 300.69, 'waktu': '2022-08-03T06:40:02.372026'}
[2022-08-03 06:40:02,594] {logging_mixin.py:103} INFO - {'kota': 'Bogor', 'cuaca': 'Clouds', 'cuaca_deskripsi': 'overcast clouds', 'temperatur': 305.87, 'waktu': '2022-08-03T06:40:02.584018'}
[2022-08-03 06:40:02,811] {logging_mixin.py:103} INFO - {'kota': 'Bandung', 'cuaca': 'Clouds', 'cuaca_deskripsi': 'overcast clouds', 'temperatur': 301.31, 'waktu': '2022-08-03T06:40:02.811199'}
[2022-08-03 06:40:02,828] {python.py:118} INFO - Done. Returned value was: None
[2022-08-03 06:40:02,891] {taskinstance.py:1142} INFO - Marking task as SUCCESS. dag_id=penjadwalan, task_id=dapat_suhu, execution_date=20220803T063800, start_date=20220803T064001, end_date=20220803T064002
[2022-08-03 06:40:03,042] {taskinstance.py:1195} INFO - 0 downstream tasks scheduled from follow-on schedule check
[2022-08-03 06:40:03,095] {local_task_job.py:118} INFO - Task exited with return code 0
