[2022-08-03 09:10:01,374] {taskinstance.py:826} INFO - Dependencies all met for <TaskInstance: penjadwalan.dapat_suhu 2022-08-03T09:08:00+00:00 [queued]>
[2022-08-03 09:10:01,400] {taskinstance.py:826} INFO - Dependencies all met for <TaskInstance: penjadwalan.dapat_suhu 2022-08-03T09:08:00+00:00 [queued]>
[2022-08-03 09:10:01,401] {taskinstance.py:1017} INFO - 
--------------------------------------------------------------------------------
[2022-08-03 09:10:01,401] {taskinstance.py:1018} INFO - Starting attempt 1 of 1
[2022-08-03 09:10:01,401] {taskinstance.py:1019} INFO - 
--------------------------------------------------------------------------------
[2022-08-03 09:10:01,415] {taskinstance.py:1038} INFO - Executing <Task(PythonOperator): dapat_suhu> on 2022-08-03T09:08:00+00:00
[2022-08-03 09:10:01,419] {standard_task_runner.py:51} INFO - Started process 23169 to run task
[2022-08-03 09:10:01,425] {standard_task_runner.py:75} INFO - Running: ['airflow', 'tasks', 'run', 'penjadwalan', 'dapat_suhu', '2022-08-03T09:08:00+00:00', '--job-id', '914', '--pool', 'default_pool', '--raw', '--subdir', 'DAGS_FOLDER/penjadwalan.py', '--cfg-path', '/tmp/tmpycm57e86']
[2022-08-03 09:10:01,429] {standard_task_runner.py:76} INFO - Job 914: Subtask dapat_suhu
[2022-08-03 09:10:01,507] {logging_mixin.py:103} INFO - Running <TaskInstance: penjadwalan.dapat_suhu 2022-08-03T09:08:00+00:00 [running]> on host b4dcda255553
[2022-08-03 09:10:01,592] {taskinstance.py:1232} INFO - Exporting the following env vars:
AIRFLOW_CTX_DAG_OWNER=airflow
AIRFLOW_CTX_DAG_ID=penjadwalan
AIRFLOW_CTX_TASK_ID=dapat_suhu
AIRFLOW_CTX_EXECUTION_DATE=2022-08-03T09:08:00+00:00
AIRFLOW_CTX_DAG_RUN_ID=scheduled__2022-08-03T09:08:00+00:00
[2022-08-03 09:10:04,402] {logging_mixin.py:103} INFO - {'kota': 'Bali', 'cuaca': 'Clouds', 'cuaca_deskripsi': 'broken clouds', 'temperatur': 300.5, 'waktu': '2022-08-03T09:10:04.402824'}
[2022-08-03 09:10:04,933] {logging_mixin.py:103} INFO - {'kota': 'Lombok', 'cuaca': 'Rain', 'cuaca_deskripsi': 'moderate rain', 'temperatur': 296.25, 'waktu': '2022-08-03T09:10:04.933723'}
[2022-08-03 09:10:05,546] {logging_mixin.py:103} INFO - {'kota': 'Labuan Bajo', 'cuaca': 'Clouds', 'cuaca_deskripsi': 'overcast clouds', 'temperatur': 300.25, 'waktu': '2022-08-03T09:10:05.546819'}
[2022-08-03 09:10:05,852] {logging_mixin.py:103} INFO - {'kota': 'Bogor', 'cuaca': 'Clouds', 'cuaca_deskripsi': 'overcast clouds', 'temperatur': 303.61, 'waktu': '2022-08-03T09:10:05.852525'}
[2022-08-03 09:10:06,307] {logging_mixin.py:103} INFO - {'kota': 'Bandung', 'cuaca': 'Clouds', 'cuaca_deskripsi': 'overcast clouds', 'temperatur': 297, 'waktu': '2022-08-03T09:10:06.307380'}
[2022-08-03 09:10:06,308] {python.py:118} INFO - Done. Returned value was: None
[2022-08-03 09:10:06,321] {taskinstance.py:1142} INFO - Marking task as SUCCESS. dag_id=penjadwalan, task_id=dapat_suhu, execution_date=20220803T090800, start_date=20220803T091001, end_date=20220803T091006
[2022-08-03 09:10:06,349] {taskinstance.py:1195} INFO - 0 downstream tasks scheduled from follow-on schedule check
[2022-08-03 09:10:06,379] {local_task_job.py:118} INFO - Task exited with return code 0
