[2022-08-03 04:10:10,841] {taskinstance.py:826} INFO - Dependencies all met for <TaskInstance: my_simple_dag.respond 2022-08-03T04:00:00+00:00 [queued]>
[2022-08-03 04:10:10,871] {taskinstance.py:826} INFO - Dependencies all met for <TaskInstance: my_simple_dag.respond 2022-08-03T04:00:00+00:00 [queued]>
[2022-08-03 04:10:10,872] {taskinstance.py:1017} INFO - 
--------------------------------------------------------------------------------
[2022-08-03 04:10:10,872] {taskinstance.py:1018} INFO - Starting attempt 1 of 1
[2022-08-03 04:10:10,873] {taskinstance.py:1019} INFO - 
--------------------------------------------------------------------------------
[2022-08-03 04:10:10,889] {taskinstance.py:1038} INFO - Executing <Task(PythonOperator): respond> on 2022-08-03T04:00:00+00:00
[2022-08-03 04:10:10,895] {standard_task_runner.py:51} INFO - Started process 27548 to run task
[2022-08-03 04:10:10,909] {standard_task_runner.py:75} INFO - Running: ['airflow', 'tasks', 'run', 'my_simple_dag', 'respond', '2022-08-03T04:00:00+00:00', '--job-id', '615', '--pool', 'default_pool', '--raw', '--subdir', 'DAGS_FOLDER/my_simple_dag.py', '--cfg-path', '/tmp/tmptu1a7un_']
[2022-08-03 04:10:10,915] {standard_task_runner.py:76} INFO - Job 615: Subtask respond
[2022-08-03 04:10:11,006] {logging_mixin.py:103} INFO - Running <TaskInstance: my_simple_dag.respond 2022-08-03T04:00:00+00:00 [running]> on host b4dcda255553
[2022-08-03 04:10:11,092] {taskinstance.py:1232} INFO - Exporting the following env vars:
AIRFLOW_CTX_DAG_OWNER=airflow
AIRFLOW_CTX_DAG_ID=my_simple_dag
AIRFLOW_CTX_TASK_ID=respond
AIRFLOW_CTX_EXECUTION_DATE=2022-08-03T04:00:00+00:00
AIRFLOW_CTX_DAG_RUN_ID=scheduled__2022-08-03T04:00:00+00:00
[2022-08-03 04:10:11,093] {python.py:118} INFO - Done. Returned value was: Greet Responded Again
[2022-08-03 04:10:11,129] {taskinstance.py:1142} INFO - Marking task as SUCCESS. dag_id=my_simple_dag, task_id=respond, execution_date=20220803T040000, start_date=20220803T041010, end_date=20220803T041011
[2022-08-03 04:10:11,168] {taskinstance.py:1195} INFO - 0 downstream tasks scheduled from follow-on schedule check
[2022-08-03 04:10:11,194] {local_task_job.py:118} INFO - Task exited with return code 0
