[2022-08-03 08:26:01,935] {taskinstance.py:826} INFO - Dependencies all met for <TaskInstance: penjadwalan.dapat_suhu 2022-08-03T08:24:00+00:00 [queued]>
[2022-08-03 08:26:01,961] {taskinstance.py:826} INFO - Dependencies all met for <TaskInstance: penjadwalan.dapat_suhu 2022-08-03T08:24:00+00:00 [queued]>
[2022-08-03 08:26:01,962] {taskinstance.py:1017} INFO - 
--------------------------------------------------------------------------------
[2022-08-03 08:26:01,963] {taskinstance.py:1018} INFO - Starting attempt 1 of 1
[2022-08-03 08:26:01,963] {taskinstance.py:1019} INFO - 
--------------------------------------------------------------------------------
[2022-08-03 08:26:01,977] {taskinstance.py:1038} INFO - Executing <Task(PythonOperator): dapat_suhu> on 2022-08-03T08:24:00+00:00
[2022-08-03 08:26:01,980] {standard_task_runner.py:51} INFO - Started process 19656 to run task
[2022-08-03 08:26:01,986] {standard_task_runner.py:75} INFO - Running: ['airflow', 'tasks', 'run', 'penjadwalan', 'dapat_suhu', '2022-08-03T08:24:00+00:00', '--job-id', '875', '--pool', 'default_pool', '--raw', '--subdir', 'DAGS_FOLDER/penjadwalan.py', '--cfg-path', '/tmp/tmpptx5glzw']
[2022-08-03 08:26:01,989] {standard_task_runner.py:76} INFO - Job 875: Subtask dapat_suhu
[2022-08-03 08:26:02,077] {logging_mixin.py:103} INFO - Running <TaskInstance: penjadwalan.dapat_suhu 2022-08-03T08:24:00+00:00 [running]> on host b4dcda255553
[2022-08-03 08:26:02,155] {taskinstance.py:1232} INFO - Exporting the following env vars:
AIRFLOW_CTX_DAG_OWNER=airflow
AIRFLOW_CTX_DAG_ID=penjadwalan
AIRFLOW_CTX_TASK_ID=dapat_suhu
AIRFLOW_CTX_EXECUTION_DATE=2022-08-03T08:24:00+00:00
AIRFLOW_CTX_DAG_RUN_ID=scheduled__2022-08-03T08:24:00+00:00
[2022-08-03 08:26:02,294] {logging_mixin.py:103} INFO - {'kota': 'Bali', 'cuaca': 'Clouds', 'cuaca_deskripsi': 'broken clouds', 'temperatur': 301.61, 'waktu': '2022-08-03T08:26:02.294659'}
[2022-08-03 08:26:02,434] {logging_mixin.py:103} INFO - {'kota': 'Lombok', 'cuaca': 'Rain', 'cuaca_deskripsi': 'moderate rain', 'temperatur': 296.95, 'waktu': '2022-08-03T08:26:02.434328'}
[2022-08-03 08:26:02,561] {logging_mixin.py:103} INFO - {'kota': 'Labuan Bajo', 'cuaca': 'Clouds', 'cuaca_deskripsi': 'overcast clouds', 'temperatur': 300.58, 'waktu': '2022-08-03T08:26:02.561332'}
[2022-08-03 08:26:02,695] {logging_mixin.py:103} INFO - {'kota': 'Bogor', 'cuaca': 'Clouds', 'cuaca_deskripsi': 'overcast clouds', 'temperatur': 303.65, 'waktu': '2022-08-03T08:26:02.695328'}
[2022-08-03 08:26:02,809] {logging_mixin.py:103} INFO - {'kota': 'Bandung', 'cuaca': 'Clouds', 'cuaca_deskripsi': 'overcast clouds', 'temperatur': 298.69, 'waktu': '2022-08-03T08:26:02.809402'}
[2022-08-03 08:26:02,810] {python.py:118} INFO - Done. Returned value was: None
[2022-08-03 08:26:02,830] {taskinstance.py:1142} INFO - Marking task as SUCCESS. dag_id=penjadwalan, task_id=dapat_suhu, execution_date=20220803T082400, start_date=20220803T082601, end_date=20220803T082602
[2022-08-03 08:26:02,885] {taskinstance.py:1195} INFO - 0 downstream tasks scheduled from follow-on schedule check
[2022-08-03 08:26:02,920] {local_task_job.py:118} INFO - Task exited with return code 0
