[2022-08-03 06:28:01,265] {taskinstance.py:826} INFO - Dependencies all met for <TaskInstance: penjadwalan.dapat_suhu 2022-08-03T06:26:00+00:00 [queued]>
[2022-08-03 06:28:01,550] {taskinstance.py:826} INFO - Dependencies all met for <TaskInstance: penjadwalan.dapat_suhu 2022-08-03T06:26:00+00:00 [queued]>
[2022-08-03 06:28:01,551] {taskinstance.py:1017} INFO - 
--------------------------------------------------------------------------------
[2022-08-03 06:28:01,552] {taskinstance.py:1018} INFO - Starting attempt 1 of 1
[2022-08-03 06:28:01,553] {taskinstance.py:1019} INFO - 
--------------------------------------------------------------------------------
[2022-08-03 06:28:02,068] {taskinstance.py:1038} INFO - Executing <Task(PythonOperator): dapat_suhu> on 2022-08-03T06:26:00+00:00
[2022-08-03 06:28:02,077] {standard_task_runner.py:51} INFO - Started process 11580 to run task
[2022-08-03 06:28:02,084] {standard_task_runner.py:75} INFO - Running: ['airflow', 'tasks', 'run', 'penjadwalan', 'dapat_suhu', '2022-08-03T06:26:00+00:00', '--job-id', '736', '--pool', 'default_pool', '--raw', '--subdir', 'DAGS_FOLDER/penjadwalan.py', '--cfg-path', '/tmp/tmplvqvtyj6']
[2022-08-03 06:28:02,091] {standard_task_runner.py:76} INFO - Job 736: Subtask dapat_suhu
[2022-08-03 06:28:02,218] {logging_mixin.py:103} INFO - Running <TaskInstance: penjadwalan.dapat_suhu 2022-08-03T06:26:00+00:00 [running]> on host b4dcda255553
[2022-08-03 06:28:02,336] {taskinstance.py:1232} INFO - Exporting the following env vars:
AIRFLOW_CTX_DAG_OWNER=airflow
AIRFLOW_CTX_DAG_ID=penjadwalan
AIRFLOW_CTX_TASK_ID=dapat_suhu
AIRFLOW_CTX_EXECUTION_DATE=2022-08-03T06:26:00+00:00
AIRFLOW_CTX_DAG_RUN_ID=scheduled__2022-08-03T06:26:00+00:00
[2022-08-03 06:28:02,671] {logging_mixin.py:103} INFO - {'kota': 'Bali', 'cuaca': 'Clouds', 'cuaca_deskripsi': 'scattered clouds', 'temperatur': 302.69, 'waktu': '2022-08-03T06:28:02.670946'}
[2022-08-03 06:28:02,836] {logging_mixin.py:103} INFO - {'kota': 'Lombok', 'cuaca': 'Rain', 'cuaca_deskripsi': 'light rain', 'temperatur': 298.08, 'waktu': '2022-08-03T06:28:02.836619'}
[2022-08-03 06:28:02,999] {logging_mixin.py:103} INFO - {'kota': 'Labuan Bajo', 'cuaca': 'Clouds', 'cuaca_deskripsi': 'overcast clouds', 'temperatur': 300.85, 'waktu': '2022-08-03T06:28:02.999089'}
[2022-08-03 06:28:03,161] {logging_mixin.py:103} INFO - {'kota': 'Bogor', 'cuaca': 'Clouds', 'cuaca_deskripsi': 'overcast clouds', 'temperatur': 306.42, 'waktu': '2022-08-03T06:28:03.161625'}
[2022-08-03 06:28:03,385] {logging_mixin.py:103} INFO - {'kota': 'Bandung', 'cuaca': 'Clouds', 'cuaca_deskripsi': 'broken clouds', 'temperatur': 302.27, 'waktu': '2022-08-03T06:28:03.384956'}
[2022-08-03 06:28:03,389] {python.py:118} INFO - Done. Returned value was: None
[2022-08-03 06:28:03,971] {taskinstance.py:1142} INFO - Marking task as SUCCESS. dag_id=penjadwalan, task_id=dapat_suhu, execution_date=20220803T062600, start_date=20220803T062801, end_date=20220803T062803
[2022-08-03 06:28:04,017] {taskinstance.py:1195} INFO - 0 downstream tasks scheduled from follow-on schedule check
[2022-08-03 06:28:04,057] {local_task_job.py:118} INFO - Task exited with return code 0
