[2022-08-03 08:36:02,190] {taskinstance.py:826} INFO - Dependencies all met for <TaskInstance: penjadwalan.dapat_suhu 2022-08-03T08:34:00+00:00 [queued]>
[2022-08-03 08:36:02,222] {taskinstance.py:826} INFO - Dependencies all met for <TaskInstance: penjadwalan.dapat_suhu 2022-08-03T08:34:00+00:00 [queued]>
[2022-08-03 08:36:02,223] {taskinstance.py:1017} INFO - 
--------------------------------------------------------------------------------
[2022-08-03 08:36:02,223] {taskinstance.py:1018} INFO - Starting attempt 1 of 1
[2022-08-03 08:36:02,223] {taskinstance.py:1019} INFO - 
--------------------------------------------------------------------------------
[2022-08-03 08:36:02,243] {taskinstance.py:1038} INFO - Executing <Task(PythonOperator): dapat_suhu> on 2022-08-03T08:34:00+00:00
[2022-08-03 08:36:02,247] {standard_task_runner.py:51} INFO - Started process 28650 to run task
[2022-08-03 08:36:02,253] {standard_task_runner.py:75} INFO - Running: ['airflow', 'tasks', 'run', 'penjadwalan', 'dapat_suhu', '2022-08-03T08:34:00+00:00', '--job-id', '884', '--pool', 'default_pool', '--raw', '--subdir', 'DAGS_FOLDER/penjadwalan.py', '--cfg-path', '/tmp/tmpnj2_s3me']
[2022-08-03 08:36:02,258] {standard_task_runner.py:76} INFO - Job 884: Subtask dapat_suhu
[2022-08-03 08:36:02,365] {logging_mixin.py:103} INFO - Running <TaskInstance: penjadwalan.dapat_suhu 2022-08-03T08:34:00+00:00 [running]> on host b4dcda255553
[2022-08-03 08:36:02,454] {taskinstance.py:1232} INFO - Exporting the following env vars:
AIRFLOW_CTX_DAG_OWNER=airflow
AIRFLOW_CTX_DAG_ID=penjadwalan
AIRFLOW_CTX_TASK_ID=dapat_suhu
AIRFLOW_CTX_EXECUTION_DATE=2022-08-03T08:34:00+00:00
AIRFLOW_CTX_DAG_RUN_ID=scheduled__2022-08-03T08:34:00+00:00
[2022-08-03 08:36:02,590] {logging_mixin.py:103} INFO - {'kota': 'Bali', 'cuaca': 'Clouds', 'cuaca_deskripsi': 'broken clouds', 'temperatur': 301.61, 'waktu': '2022-08-03T08:36:02.589932'}
[2022-08-03 08:36:02,847] {logging_mixin.py:103} INFO - {'kota': 'Lombok', 'cuaca': 'Rain', 'cuaca_deskripsi': 'moderate rain', 'temperatur': 296.25, 'waktu': '2022-08-03T08:36:02.847118'}
[2022-08-03 08:36:03,073] {logging_mixin.py:103} INFO - {'kota': 'Labuan Bajo', 'cuaca': 'Clouds', 'cuaca_deskripsi': 'overcast clouds', 'temperatur': 300.25, 'waktu': '2022-08-03T08:36:03.071405'}
[2022-08-03 08:36:03,227] {logging_mixin.py:103} INFO - {'kota': 'Bogor', 'cuaca': 'Clouds', 'cuaca_deskripsi': 'overcast clouds', 'temperatur': 303.65, 'waktu': '2022-08-03T08:36:03.227629'}
[2022-08-03 08:36:03,348] {logging_mixin.py:103} INFO - {'kota': 'Bandung', 'cuaca': 'Clouds', 'cuaca_deskripsi': 'overcast clouds', 'temperatur': 297, 'waktu': '2022-08-03T08:36:03.347930'}
[2022-08-03 08:36:03,349] {python.py:118} INFO - Done. Returned value was: None
[2022-08-03 08:36:03,370] {taskinstance.py:1142} INFO - Marking task as SUCCESS. dag_id=penjadwalan, task_id=dapat_suhu, execution_date=20220803T083400, start_date=20220803T083602, end_date=20220803T083603
[2022-08-03 08:36:03,413] {taskinstance.py:1195} INFO - 0 downstream tasks scheduled from follow-on schedule check
[2022-08-03 08:36:03,434] {local_task_job.py:118} INFO - Task exited with return code 0
