[2022-08-03 00:45:25,963] {taskinstance.py:826} INFO - Dependencies all met for <TaskInstance: penjadwalan.dapat_suhu 2022-08-02T18:58:00+00:00 [queued]>
[2022-08-03 00:45:26,092] {taskinstance.py:826} INFO - Dependencies all met for <TaskInstance: penjadwalan.dapat_suhu 2022-08-02T18:58:00+00:00 [queued]>
[2022-08-03 00:45:26,110] {taskinstance.py:1017} INFO - 
--------------------------------------------------------------------------------
[2022-08-03 00:45:26,123] {taskinstance.py:1018} INFO - Starting attempt 1 of 1
[2022-08-03 00:45:26,127] {taskinstance.py:1019} INFO - 
--------------------------------------------------------------------------------
[2022-08-03 00:45:26,172] {taskinstance.py:1038} INFO - Executing <Task(PythonOperator): dapat_suhu> on 2022-08-02T18:58:00+00:00
[2022-08-03 00:45:26,191] {standard_task_runner.py:51} INFO - Started process 25907 to run task
[2022-08-03 00:45:26,200] {standard_task_runner.py:75} INFO - Running: ['airflow', 'tasks', 'run', 'penjadwalan', 'dapat_suhu', '2022-08-02T18:58:00+00:00', '--job-id', '256', '--pool', 'default_pool', '--raw', '--subdir', 'DAGS_FOLDER/penjadwalan.py', '--cfg-path', '/tmp/tmp5o117l6d']
[2022-08-03 00:45:26,209] {standard_task_runner.py:76} INFO - Job 256: Subtask dapat_suhu
[2022-08-03 00:45:26,408] {logging_mixin.py:103} INFO - Running <TaskInstance: penjadwalan.dapat_suhu 2022-08-02T18:58:00+00:00 [running]> on host b4dcda255553
[2022-08-03 00:45:26,588] {taskinstance.py:1232} INFO - Exporting the following env vars:
AIRFLOW_CTX_DAG_OWNER=airflow
AIRFLOW_CTX_DAG_ID=penjadwalan
AIRFLOW_CTX_TASK_ID=dapat_suhu
AIRFLOW_CTX_EXECUTION_DATE=2022-08-02T18:58:00+00:00
AIRFLOW_CTX_DAG_RUN_ID=scheduled__2022-08-02T18:58:00+00:00
[2022-08-03 00:45:29,890] {logging_mixin.py:103} INFO - {'kota': 'Bali', 'cuaca': 'Clouds', 'cuaca_deskripsi': 'overcast clouds', 'temperatur': 298.28, 'waktu': '2022-08-03T00:45:29.890239'}
[2022-08-03 00:45:30,313] {logging_mixin.py:103} INFO - {'kota': 'Lombok', 'cuaca': 'Clouds', 'cuaca_deskripsi': 'overcast clouds', 'temperatur': 295.51, 'waktu': '2022-08-03T00:45:30.312897'}
[2022-08-03 00:45:30,663] {logging_mixin.py:103} INFO - {'kota': 'Labuan Bajo', 'cuaca': 'Clouds', 'cuaca_deskripsi': 'scattered clouds', 'temperatur': 300.93, 'waktu': '2022-08-03T00:45:30.661051'}
[2022-08-03 00:45:31,627] {logging_mixin.py:103} INFO - {'kota': 'Bogor', 'cuaca': 'Rain', 'cuaca_deskripsi': 'light rain', 'temperatur': 300.87, 'waktu': '2022-08-03T00:45:31.627059'}
[2022-08-03 00:45:32,493] {logging_mixin.py:103} INFO - {'kota': 'Bandung', 'cuaca': 'Clouds', 'cuaca_deskripsi': 'scattered clouds', 'temperatur': 296.92, 'waktu': '2022-08-03T00:45:32.493752'}
[2022-08-03 00:45:32,495] {python.py:118} INFO - Done. Returned value was: None
[2022-08-03 00:45:32,553] {taskinstance.py:1142} INFO - Marking task as SUCCESS. dag_id=penjadwalan, task_id=dapat_suhu, execution_date=20220802T185800, start_date=20220803T004525, end_date=20220803T004532
[2022-08-03 00:45:32,683] {taskinstance.py:1195} INFO - 0 downstream tasks scheduled from follow-on schedule check
[2022-08-03 00:45:32,742] {local_task_job.py:118} INFO - Task exited with return code 0
