[2022-08-03 00:45:41,826] {taskinstance.py:826} INFO - Dependencies all met for <TaskInstance: penjadwalan.dapat_suhu 2022-08-02T19:30:00+00:00 [queued]>
[2022-08-03 00:45:41,864] {taskinstance.py:826} INFO - Dependencies all met for <TaskInstance: penjadwalan.dapat_suhu 2022-08-02T19:30:00+00:00 [queued]>
[2022-08-03 00:45:41,866] {taskinstance.py:1017} INFO - 
--------------------------------------------------------------------------------
[2022-08-03 00:45:41,866] {taskinstance.py:1018} INFO - Starting attempt 1 of 1
[2022-08-03 00:45:41,867] {taskinstance.py:1019} INFO - 
--------------------------------------------------------------------------------
[2022-08-03 00:45:41,892] {taskinstance.py:1038} INFO - Executing <Task(PythonOperator): dapat_suhu> on 2022-08-02T19:30:00+00:00
[2022-08-03 00:45:41,903] {standard_task_runner.py:51} INFO - Started process 26465 to run task
[2022-08-03 00:45:41,911] {standard_task_runner.py:75} INFO - Running: ['airflow', 'tasks', 'run', 'penjadwalan', 'dapat_suhu', '2022-08-02T19:30:00+00:00', '--job-id', '272', '--pool', 'default_pool', '--raw', '--subdir', 'DAGS_FOLDER/penjadwalan.py', '--cfg-path', '/tmp/tmphjx819_3']
[2022-08-03 00:45:41,922] {standard_task_runner.py:76} INFO - Job 272: Subtask dapat_suhu
[2022-08-03 00:45:42,052] {logging_mixin.py:103} INFO - Running <TaskInstance: penjadwalan.dapat_suhu 2022-08-02T19:30:00+00:00 [running]> on host b4dcda255553
[2022-08-03 00:45:42,169] {taskinstance.py:1232} INFO - Exporting the following env vars:
AIRFLOW_CTX_DAG_OWNER=airflow
AIRFLOW_CTX_DAG_ID=penjadwalan
AIRFLOW_CTX_TASK_ID=dapat_suhu
AIRFLOW_CTX_EXECUTION_DATE=2022-08-02T19:30:00+00:00
AIRFLOW_CTX_DAG_RUN_ID=scheduled__2022-08-02T19:30:00+00:00
[2022-08-03 00:45:43,687] {logging_mixin.py:103} INFO - {'kota': 'Bali', 'cuaca': 'Clouds', 'cuaca_deskripsi': 'overcast clouds', 'temperatur': 298.28, 'waktu': '2022-08-03T00:45:43.687295'}
[2022-08-03 00:45:44,567] {logging_mixin.py:103} INFO - {'kota': 'Lombok', 'cuaca': 'Clouds', 'cuaca_deskripsi': 'overcast clouds', 'temperatur': 295.51, 'waktu': '2022-08-03T00:45:44.567625'}
[2022-08-03 00:45:44,750] {logging_mixin.py:103} INFO - {'kota': 'Labuan Bajo', 'cuaca': 'Clouds', 'cuaca_deskripsi': 'scattered clouds', 'temperatur': 300.93, 'waktu': '2022-08-03T00:45:44.750206'}
[2022-08-03 00:45:46,411] {logging_mixin.py:103} INFO - {'kota': 'Bogor', 'cuaca': 'Rain', 'cuaca_deskripsi': 'light rain', 'temperatur': 300.87, 'waktu': '2022-08-03T00:45:46.411702'}
[2022-08-03 00:45:52,614] {logging_mixin.py:103} INFO - {'kota': 'Bandung', 'cuaca': 'Clouds', 'cuaca_deskripsi': 'scattered clouds', 'temperatur': 296.92, 'waktu': '2022-08-03T00:45:52.613922'}
[2022-08-03 00:45:52,615] {python.py:118} INFO - Done. Returned value was: None
[2022-08-03 00:45:52,632] {taskinstance.py:1142} INFO - Marking task as SUCCESS. dag_id=penjadwalan, task_id=dapat_suhu, execution_date=20220802T193000, start_date=20220803T004541, end_date=20220803T004552
[2022-08-03 00:45:52,672] {taskinstance.py:1195} INFO - 0 downstream tasks scheduled from follow-on schedule check
[2022-08-03 00:45:52,709] {local_task_job.py:118} INFO - Task exited with return code 0
