[2022-08-03 07:12:00,724] {taskinstance.py:826} INFO - Dependencies all met for <TaskInstance: penjadwalan.dapat_suhu 2022-08-03T07:10:00+00:00 [queued]>
[2022-08-03 07:12:00,765] {taskinstance.py:826} INFO - Dependencies all met for <TaskInstance: penjadwalan.dapat_suhu 2022-08-03T07:10:00+00:00 [queued]>
[2022-08-03 07:12:00,766] {taskinstance.py:1017} INFO - 
--------------------------------------------------------------------------------
[2022-08-03 07:12:00,766] {taskinstance.py:1018} INFO - Starting attempt 1 of 1
[2022-08-03 07:12:00,767] {taskinstance.py:1019} INFO - 
--------------------------------------------------------------------------------
[2022-08-03 07:12:00,796] {taskinstance.py:1038} INFO - Executing <Task(PythonOperator): dapat_suhu> on 2022-08-03T07:10:00+00:00
[2022-08-03 07:12:00,802] {standard_task_runner.py:51} INFO - Started process 25973 to run task
[2022-08-03 07:12:00,809] {standard_task_runner.py:75} INFO - Running: ['airflow', 'tasks', 'run', 'penjadwalan', 'dapat_suhu', '2022-08-03T07:10:00+00:00', '--job-id', '810', '--pool', 'default_pool', '--raw', '--subdir', 'DAGS_FOLDER/penjadwalan.py', '--cfg-path', '/tmp/tmpo50c4ds9']
[2022-08-03 07:12:00,818] {standard_task_runner.py:76} INFO - Job 810: Subtask dapat_suhu
[2022-08-03 07:12:00,951] {logging_mixin.py:103} INFO - Running <TaskInstance: penjadwalan.dapat_suhu 2022-08-03T07:10:00+00:00 [running]> on host b4dcda255553
[2022-08-03 07:12:01,083] {taskinstance.py:1232} INFO - Exporting the following env vars:
AIRFLOW_CTX_DAG_OWNER=airflow
AIRFLOW_CTX_DAG_ID=penjadwalan
AIRFLOW_CTX_TASK_ID=dapat_suhu
AIRFLOW_CTX_EXECUTION_DATE=2022-08-03T07:10:00+00:00
AIRFLOW_CTX_DAG_RUN_ID=scheduled__2022-08-03T07:10:00+00:00
[2022-08-03 07:12:01,414] {logging_mixin.py:103} INFO - {'kota': 'Bali', 'cuaca': 'Clouds', 'cuaca_deskripsi': 'broken clouds', 'temperatur': 302.69, 'waktu': '2022-08-03T07:12:01.414356'}
[2022-08-03 07:12:01,553] {logging_mixin.py:103} INFO - {'kota': 'Lombok', 'cuaca': 'Rain', 'cuaca_deskripsi': 'light rain', 'temperatur': 297.58, 'waktu': '2022-08-03T07:12:01.553589'}
[2022-08-03 07:12:01,897] {logging_mixin.py:103} INFO - {'kota': 'Labuan Bajo', 'cuaca': 'Clouds', 'cuaca_deskripsi': 'overcast clouds', 'temperatur': 300.69, 'waktu': '2022-08-03T07:12:01.897476'}
[2022-08-03 07:12:02,020] {logging_mixin.py:103} INFO - {'kota': 'Bogor', 'cuaca': 'Clouds', 'cuaca_deskripsi': 'overcast clouds', 'temperatur': 305.31, 'waktu': '2022-08-03T07:12:02.019917'}
[2022-08-03 07:12:02,165] {logging_mixin.py:103} INFO - {'kota': 'Bandung', 'cuaca': 'Clouds', 'cuaca_deskripsi': 'overcast clouds', 'temperatur': 301.31, 'waktu': '2022-08-03T07:12:02.165679'}
[2022-08-03 07:12:02,168] {python.py:118} INFO - Done. Returned value was: None
[2022-08-03 07:12:02,198] {taskinstance.py:1142} INFO - Marking task as SUCCESS. dag_id=penjadwalan, task_id=dapat_suhu, execution_date=20220803T071000, start_date=20220803T071200, end_date=20220803T071202
[2022-08-03 07:12:02,293] {taskinstance.py:1195} INFO - 0 downstream tasks scheduled from follow-on schedule check
[2022-08-03 07:12:02,319] {local_task_job.py:118} INFO - Task exited with return code 0
