[2022-08-03 00:45:39,054] {taskinstance.py:826} INFO - Dependencies all met for <TaskInstance: penjadwalan.dapat_suhu 2022-08-02T19:20:00+00:00 [queued]>
[2022-08-03 00:45:39,104] {taskinstance.py:826} INFO - Dependencies all met for <TaskInstance: penjadwalan.dapat_suhu 2022-08-02T19:20:00+00:00 [queued]>
[2022-08-03 00:45:39,106] {taskinstance.py:1017} INFO - 
--------------------------------------------------------------------------------
[2022-08-03 00:45:39,126] {taskinstance.py:1018} INFO - Starting attempt 1 of 1
[2022-08-03 00:45:39,155] {taskinstance.py:1019} INFO - 
--------------------------------------------------------------------------------
[2022-08-03 00:45:39,183] {taskinstance.py:1038} INFO - Executing <Task(PythonOperator): dapat_suhu> on 2022-08-02T19:20:00+00:00
[2022-08-03 00:45:39,190] {standard_task_runner.py:51} INFO - Started process 26349 to run task
[2022-08-03 00:45:39,203] {standard_task_runner.py:75} INFO - Running: ['airflow', 'tasks', 'run', 'penjadwalan', 'dapat_suhu', '2022-08-02T19:20:00+00:00', '--job-id', '267', '--pool', 'default_pool', '--raw', '--subdir', 'DAGS_FOLDER/penjadwalan.py', '--cfg-path', '/tmp/tmp6sn98_63']
[2022-08-03 00:45:39,211] {standard_task_runner.py:76} INFO - Job 267: Subtask dapat_suhu
[2022-08-03 00:45:39,371] {logging_mixin.py:103} INFO - Running <TaskInstance: penjadwalan.dapat_suhu 2022-08-02T19:20:00+00:00 [running]> on host b4dcda255553
[2022-08-03 00:45:39,552] {taskinstance.py:1232} INFO - Exporting the following env vars:
AIRFLOW_CTX_DAG_OWNER=airflow
AIRFLOW_CTX_DAG_ID=penjadwalan
AIRFLOW_CTX_TASK_ID=dapat_suhu
AIRFLOW_CTX_EXECUTION_DATE=2022-08-02T19:20:00+00:00
AIRFLOW_CTX_DAG_RUN_ID=scheduled__2022-08-02T19:20:00+00:00
[2022-08-03 00:45:40,305] {logging_mixin.py:103} INFO - {'kota': 'Bali', 'cuaca': 'Clouds', 'cuaca_deskripsi': 'overcast clouds', 'temperatur': 298.28, 'waktu': '2022-08-03T00:45:40.305397'}
[2022-08-03 00:45:40,477] {logging_mixin.py:103} INFO - {'kota': 'Lombok', 'cuaca': 'Clouds', 'cuaca_deskripsi': 'overcast clouds', 'temperatur': 295.51, 'waktu': '2022-08-03T00:45:40.476941'}
[2022-08-03 00:45:40,656] {logging_mixin.py:103} INFO - {'kota': 'Labuan Bajo', 'cuaca': 'Clouds', 'cuaca_deskripsi': 'scattered clouds', 'temperatur': 300.93, 'waktu': '2022-08-03T00:45:40.656178'}
[2022-08-03 00:45:40,922] {logging_mixin.py:103} INFO - {'kota': 'Bogor', 'cuaca': 'Rain', 'cuaca_deskripsi': 'light rain', 'temperatur': 300.87, 'waktu': '2022-08-03T00:45:40.922758'}
[2022-08-03 00:45:41,539] {logging_mixin.py:103} INFO - {'kota': 'Bandung', 'cuaca': 'Clouds', 'cuaca_deskripsi': 'scattered clouds', 'temperatur': 296.92, 'waktu': '2022-08-03T00:45:41.538903'}
[2022-08-03 00:45:41,540] {python.py:118} INFO - Done. Returned value was: None
[2022-08-03 00:45:41,592] {taskinstance.py:1142} INFO - Marking task as SUCCESS. dag_id=penjadwalan, task_id=dapat_suhu, execution_date=20220802T192000, start_date=20220803T004539, end_date=20220803T004541
[2022-08-03 00:45:41,673] {taskinstance.py:1195} INFO - 0 downstream tasks scheduled from follow-on schedule check
[2022-08-03 00:45:41,712] {local_task_job.py:118} INFO - Task exited with return code 0
