[2022-08-03 02:12:01,359] {taskinstance.py:826} INFO - Dependencies all met for <TaskInstance: penjadwalan.dapat_suhu 2022-08-03T02:10:00+00:00 [queued]>
[2022-08-03 02:12:01,390] {taskinstance.py:826} INFO - Dependencies all met for <TaskInstance: penjadwalan.dapat_suhu 2022-08-03T02:10:00+00:00 [queued]>
[2022-08-03 02:12:01,390] {taskinstance.py:1017} INFO - 
--------------------------------------------------------------------------------
[2022-08-03 02:12:01,391] {taskinstance.py:1018} INFO - Starting attempt 1 of 1
[2022-08-03 02:12:01,391] {taskinstance.py:1019} INFO - 
--------------------------------------------------------------------------------
[2022-08-03 02:12:01,408] {taskinstance.py:1038} INFO - Executing <Task(PythonOperator): dapat_suhu> on 2022-08-03T02:10:00+00:00
[2022-08-03 02:12:01,413] {standard_task_runner.py:51} INFO - Started process 9494 to run task
[2022-08-03 02:12:01,419] {standard_task_runner.py:75} INFO - Running: ['airflow', 'tasks', 'run', 'penjadwalan', 'dapat_suhu', '2022-08-03T02:10:00+00:00', '--job-id', '508', '--pool', 'default_pool', '--raw', '--subdir', 'DAGS_FOLDER/penjadwalan.py', '--cfg-path', '/tmp/tmpt1s0pk8h']
[2022-08-03 02:12:01,423] {standard_task_runner.py:76} INFO - Job 508: Subtask dapat_suhu
[2022-08-03 02:12:01,507] {logging_mixin.py:103} INFO - Running <TaskInstance: penjadwalan.dapat_suhu 2022-08-03T02:10:00+00:00 [running]> on host b4dcda255553
[2022-08-03 02:12:01,598] {taskinstance.py:1232} INFO - Exporting the following env vars:
AIRFLOW_CTX_DAG_OWNER=airflow
AIRFLOW_CTX_DAG_ID=penjadwalan
AIRFLOW_CTX_TASK_ID=dapat_suhu
AIRFLOW_CTX_EXECUTION_DATE=2022-08-03T02:10:00+00:00
AIRFLOW_CTX_DAG_RUN_ID=scheduled__2022-08-03T02:10:00+00:00
[2022-08-03 02:12:02,213] {logging_mixin.py:103} INFO - {'kota': 'Bali', 'cuaca': 'Clouds', 'cuaca_deskripsi': 'broken clouds', 'temperatur': 298.28, 'waktu': '2022-08-03T02:12:02.213327'}
[2022-08-03 02:12:03,452] {logging_mixin.py:103} INFO - {'kota': 'Lombok', 'cuaca': 'Rain', 'cuaca_deskripsi': 'heavy intensity rain', 'temperatur': 295.93, 'waktu': '2022-08-03T02:12:03.452838'}
[2022-08-03 02:12:04,324] {logging_mixin.py:103} INFO - {'kota': 'Labuan Bajo', 'cuaca': 'Clouds', 'cuaca_deskripsi': 'broken clouds', 'temperatur': 301.94, 'waktu': '2022-08-03T02:12:04.324790'}
[2022-08-03 02:12:04,561] {logging_mixin.py:103} INFO - {'kota': 'Bogor', 'cuaca': 'Clouds', 'cuaca_deskripsi': 'overcast clouds', 'temperatur': 299.92, 'waktu': '2022-08-03T02:12:04.561050'}
[2022-08-03 02:12:04,933] {logging_mixin.py:103} INFO - {'kota': 'Bandung', 'cuaca': 'Clouds', 'cuaca_deskripsi': 'scattered clouds', 'temperatur': 299.15, 'waktu': '2022-08-03T02:12:04.933070'}
[2022-08-03 02:12:04,934] {python.py:118} INFO - Done. Returned value was: None
[2022-08-03 02:12:04,951] {taskinstance.py:1142} INFO - Marking task as SUCCESS. dag_id=penjadwalan, task_id=dapat_suhu, execution_date=20220803T021000, start_date=20220803T021201, end_date=20220803T021204
[2022-08-03 02:12:04,988] {taskinstance.py:1195} INFO - 0 downstream tasks scheduled from follow-on schedule check
[2022-08-03 02:12:05,003] {local_task_job.py:118} INFO - Task exited with return code 0
