[2022-08-03 10:14:02,554] {taskinstance.py:826} INFO - Dependencies all met for <TaskInstance: penjadwalan.dapat_suhu 2022-08-03T10:12:00+00:00 [queued]>
[2022-08-03 10:14:02,580] {taskinstance.py:826} INFO - Dependencies all met for <TaskInstance: penjadwalan.dapat_suhu 2022-08-03T10:12:00+00:00 [queued]>
[2022-08-03 10:14:02,580] {taskinstance.py:1017} INFO - 
--------------------------------------------------------------------------------
[2022-08-03 10:14:02,581] {taskinstance.py:1018} INFO - Starting attempt 1 of 1
[2022-08-03 10:14:02,581] {taskinstance.py:1019} INFO - 
--------------------------------------------------------------------------------
[2022-08-03 10:14:02,597] {taskinstance.py:1038} INFO - Executing <Task(PythonOperator): dapat_suhu> on 2022-08-03T10:12:00+00:00
[2022-08-03 10:14:02,601] {standard_task_runner.py:51} INFO - Started process 3798 to run task
[2022-08-03 10:14:02,606] {standard_task_runner.py:75} INFO - Running: ['airflow', 'tasks', 'run', 'penjadwalan', 'dapat_suhu', '2022-08-03T10:12:00+00:00', '--job-id', '973', '--pool', 'default_pool', '--raw', '--subdir', 'DAGS_FOLDER/penjadwalan.py', '--cfg-path', '/tmp/tmpzh80a0sk']
[2022-08-03 10:14:02,611] {standard_task_runner.py:76} INFO - Job 973: Subtask dapat_suhu
[2022-08-03 10:14:02,685] {logging_mixin.py:103} INFO - Running <TaskInstance: penjadwalan.dapat_suhu 2022-08-03T10:12:00+00:00 [running]> on host b4dcda255553
[2022-08-03 10:14:02,825] {taskinstance.py:1232} INFO - Exporting the following env vars:
AIRFLOW_CTX_DAG_OWNER=airflow
AIRFLOW_CTX_DAG_ID=penjadwalan
AIRFLOW_CTX_TASK_ID=dapat_suhu
AIRFLOW_CTX_EXECUTION_DATE=2022-08-03T10:12:00+00:00
AIRFLOW_CTX_DAG_RUN_ID=scheduled__2022-08-03T10:12:00+00:00
[2022-08-03 10:14:03,026] {logging_mixin.py:103} INFO - {'kota': 'Bali', 'cuaca': 'Clouds', 'cuaca_deskripsi': 'broken clouds', 'temperatur': 300.5, 'waktu': '2022-08-03T10:14:03.026738'}
[2022-08-03 10:14:03,203] {logging_mixin.py:103} INFO - {'kota': 'Lombok', 'cuaca': 'Clouds', 'cuaca_deskripsi': 'overcast clouds', 'temperatur': 295.7, 'waktu': '2022-08-03T10:14:03.203130'}
[2022-08-03 10:14:03,348] {logging_mixin.py:103} INFO - {'kota': 'Labuan Bajo', 'cuaca': 'Clouds', 'cuaca_deskripsi': 'overcast clouds', 'temperatur': 298.84, 'waktu': '2022-08-03T10:14:03.348380'}
[2022-08-03 10:14:03,496] {logging_mixin.py:103} INFO - {'kota': 'Bogor', 'cuaca': 'Clouds', 'cuaca_deskripsi': 'overcast clouds', 'temperatur': 300.27, 'waktu': '2022-08-03T10:14:03.495859'}
[2022-08-03 10:14:03,628] {logging_mixin.py:103} INFO - {'kota': 'Bandung', 'cuaca': 'Clouds', 'cuaca_deskripsi': 'overcast clouds', 'temperatur': 296.4, 'waktu': '2022-08-03T10:14:03.628520'}
[2022-08-03 10:14:03,629] {python.py:118} INFO - Done. Returned value was: None
[2022-08-03 10:14:03,708] {taskinstance.py:1142} INFO - Marking task as SUCCESS. dag_id=penjadwalan, task_id=dapat_suhu, execution_date=20220803T101200, start_date=20220803T101402, end_date=20220803T101403
[2022-08-03 10:14:03,768] {taskinstance.py:1195} INFO - 0 downstream tasks scheduled from follow-on schedule check
[2022-08-03 10:14:03,782] {local_task_job.py:118} INFO - Task exited with return code 0
