[2022-08-03 04:50:00,874] {taskinstance.py:826} INFO - Dependencies all met for <TaskInstance: penjadwalan.dapat_suhu 2022-08-03T04:48:00+00:00 [queued]>
[2022-08-03 04:50:00,900] {taskinstance.py:826} INFO - Dependencies all met for <TaskInstance: penjadwalan.dapat_suhu 2022-08-03T04:48:00+00:00 [queued]>
[2022-08-03 04:50:00,901] {taskinstance.py:1017} INFO - 
--------------------------------------------------------------------------------
[2022-08-03 04:50:00,901] {taskinstance.py:1018} INFO - Starting attempt 1 of 1
[2022-08-03 04:50:00,901] {taskinstance.py:1019} INFO - 
--------------------------------------------------------------------------------
[2022-08-03 04:50:00,915] {taskinstance.py:1038} INFO - Executing <Task(PythonOperator): dapat_suhu> on 2022-08-03T04:48:00+00:00
[2022-08-03 04:50:00,920] {standard_task_runner.py:51} INFO - Started process 27990 to run task
[2022-08-03 04:50:00,926] {standard_task_runner.py:75} INFO - Running: ['airflow', 'tasks', 'run', 'penjadwalan', 'dapat_suhu', '2022-08-03T04:48:00+00:00', '--job-id', '647', '--pool', 'default_pool', '--raw', '--subdir', 'DAGS_FOLDER/penjadwalan.py', '--cfg-path', '/tmp/tmpfod9jtba']
[2022-08-03 04:50:00,930] {standard_task_runner.py:76} INFO - Job 647: Subtask dapat_suhu
[2022-08-03 04:50:01,017] {logging_mixin.py:103} INFO - Running <TaskInstance: penjadwalan.dapat_suhu 2022-08-03T04:48:00+00:00 [running]> on host b4dcda255553
[2022-08-03 04:50:01,086] {taskinstance.py:1232} INFO - Exporting the following env vars:
AIRFLOW_CTX_DAG_OWNER=airflow
AIRFLOW_CTX_DAG_ID=penjadwalan
AIRFLOW_CTX_TASK_ID=dapat_suhu
AIRFLOW_CTX_EXECUTION_DATE=2022-08-03T04:48:00+00:00
AIRFLOW_CTX_DAG_RUN_ID=scheduled__2022-08-03T04:48:00+00:00
[2022-08-03 04:50:01,256] {logging_mixin.py:103} INFO - {'kota': 'Bali', 'cuaca': 'Clouds', 'cuaca_deskripsi': 'scattered clouds', 'temperatur': 302.69, 'waktu': '2022-08-03T04:50:01.255988'}
[2022-08-03 04:50:01,373] {logging_mixin.py:103} INFO - {'kota': 'Lombok', 'cuaca': 'Clouds', 'cuaca_deskripsi': 'overcast clouds', 'temperatur': 298.32, 'waktu': '2022-08-03T04:50:01.373498'}
[2022-08-03 04:50:01,516] {logging_mixin.py:103} INFO - {'kota': 'Labuan Bajo', 'cuaca': 'Clouds', 'cuaca_deskripsi': 'broken clouds', 'temperatur': 301.43, 'waktu': '2022-08-03T04:50:01.516709'}
[2022-08-03 04:50:01,624] {logging_mixin.py:103} INFO - {'kota': 'Bogor', 'cuaca': 'Clouds', 'cuaca_deskripsi': 'overcast clouds', 'temperatur': 306.42, 'waktu': '2022-08-03T04:50:01.624703'}
[2022-08-03 04:50:01,771] {logging_mixin.py:103} INFO - {'kota': 'Bandung', 'cuaca': 'Clouds', 'cuaca_deskripsi': 'broken clouds', 'temperatur': 302.02, 'waktu': '2022-08-03T04:50:01.771665'}
[2022-08-03 04:50:01,772] {python.py:118} INFO - Done. Returned value was: None
[2022-08-03 04:50:01,794] {taskinstance.py:1142} INFO - Marking task as SUCCESS. dag_id=penjadwalan, task_id=dapat_suhu, execution_date=20220803T044800, start_date=20220803T045000, end_date=20220803T045001
[2022-08-03 04:50:01,846] {taskinstance.py:1195} INFO - 0 downstream tasks scheduled from follow-on schedule check
[2022-08-03 04:50:01,860] {local_task_job.py:118} INFO - Task exited with return code 0
