[2022-08-03 00:46:03,527] {taskinstance.py:826} INFO - Dependencies all met for <TaskInstance: penjadwalan.dapat_suhu 2022-08-02T20:20:00+00:00 [queued]>
[2022-08-03 00:46:03,604] {taskinstance.py:826} INFO - Dependencies all met for <TaskInstance: penjadwalan.dapat_suhu 2022-08-02T20:20:00+00:00 [queued]>
[2022-08-03 00:46:03,605] {taskinstance.py:1017} INFO - 
--------------------------------------------------------------------------------
[2022-08-03 00:46:03,606] {taskinstance.py:1018} INFO - Starting attempt 1 of 1
[2022-08-03 00:46:03,606] {taskinstance.py:1019} INFO - 
--------------------------------------------------------------------------------
[2022-08-03 00:46:03,632] {taskinstance.py:1038} INFO - Executing <Task(PythonOperator): dapat_suhu> on 2022-08-02T20:20:00+00:00
[2022-08-03 00:46:03,640] {standard_task_runner.py:51} INFO - Started process 27398 to run task
[2022-08-03 00:46:03,664] {standard_task_runner.py:75} INFO - Running: ['airflow', 'tasks', 'run', 'penjadwalan', 'dapat_suhu', '2022-08-02T20:20:00+00:00', '--job-id', '297', '--pool', 'default_pool', '--raw', '--subdir', 'DAGS_FOLDER/penjadwalan.py', '--cfg-path', '/tmp/tmp35wpnn_u']
[2022-08-03 00:46:03,668] {standard_task_runner.py:76} INFO - Job 297: Subtask dapat_suhu
[2022-08-03 00:46:03,806] {logging_mixin.py:103} INFO - Running <TaskInstance: penjadwalan.dapat_suhu 2022-08-02T20:20:00+00:00 [running]> on host b4dcda255553
[2022-08-03 00:46:03,966] {taskinstance.py:1232} INFO - Exporting the following env vars:
AIRFLOW_CTX_DAG_OWNER=airflow
AIRFLOW_CTX_DAG_ID=penjadwalan
AIRFLOW_CTX_TASK_ID=dapat_suhu
AIRFLOW_CTX_EXECUTION_DATE=2022-08-02T20:20:00+00:00
AIRFLOW_CTX_DAG_RUN_ID=scheduled__2022-08-02T20:20:00+00:00
[2022-08-03 00:46:07,322] {logging_mixin.py:103} INFO - {'kota': 'Bali', 'cuaca': 'Clouds', 'cuaca_deskripsi': 'overcast clouds', 'temperatur': 298.28, 'waktu': '2022-08-03T00:46:07.321841'}
[2022-08-03 00:46:07,867] {logging_mixin.py:103} INFO - {'kota': 'Lombok', 'cuaca': 'Clouds', 'cuaca_deskripsi': 'overcast clouds', 'temperatur': 295.51, 'waktu': '2022-08-03T00:46:07.867187'}
[2022-08-03 00:46:09,007] {logging_mixin.py:103} INFO - {'kota': 'Labuan Bajo', 'cuaca': 'Clouds', 'cuaca_deskripsi': 'scattered clouds', 'temperatur': 300.93, 'waktu': '2022-08-03T00:46:09.007779'}
[2022-08-03 00:46:13,059] {logging_mixin.py:103} INFO - {'kota': 'Bogor', 'cuaca': 'Rain', 'cuaca_deskripsi': 'light rain', 'temperatur': 300.87, 'waktu': '2022-08-03T00:46:13.059709'}
[2022-08-03 00:46:13,896] {logging_mixin.py:103} INFO - {'kota': 'Bandung', 'cuaca': 'Clouds', 'cuaca_deskripsi': 'scattered clouds', 'temperatur': 296.92, 'waktu': '2022-08-03T00:46:13.896382'}
[2022-08-03 00:46:13,905] {python.py:118} INFO - Done. Returned value was: None
[2022-08-03 00:46:13,997] {taskinstance.py:1142} INFO - Marking task as SUCCESS. dag_id=penjadwalan, task_id=dapat_suhu, execution_date=20220802T202000, start_date=20220803T004603, end_date=20220803T004613
[2022-08-03 00:46:14,478] {taskinstance.py:1195} INFO - 0 downstream tasks scheduled from follow-on schedule check
[2022-08-03 00:46:14,511] {local_task_job.py:118} INFO - Task exited with return code 0
