[2022-08-03 08:40:02,228] {taskinstance.py:826} INFO - Dependencies all met for <TaskInstance: my_simple_dag.say_Hi 2022-08-03T08:30:00+00:00 [queued]>
[2022-08-03 08:40:02,325] {taskinstance.py:826} INFO - Dependencies all met for <TaskInstance: my_simple_dag.say_Hi 2022-08-03T08:30:00+00:00 [queued]>
[2022-08-03 08:40:02,328] {taskinstance.py:1017} INFO - 
--------------------------------------------------------------------------------
[2022-08-03 08:40:02,332] {taskinstance.py:1018} INFO - Starting attempt 1 of 1
[2022-08-03 08:40:02,333] {taskinstance.py:1019} INFO - 
--------------------------------------------------------------------------------
[2022-08-03 08:40:02,381] {taskinstance.py:1038} INFO - Executing <Task(BashOperator): say_Hi> on 2022-08-03T08:30:00+00:00
[2022-08-03 08:40:02,407] {standard_task_runner.py:51} INFO - Started process 9670 to run task
[2022-08-03 08:40:02,419] {standard_task_runner.py:75} INFO - Running: ['airflow', 'tasks', 'run', 'my_simple_dag', 'say_Hi', '2022-08-03T08:30:00+00:00', '--job-id', '887', '--pool', 'default_pool', '--raw', '--subdir', 'DAGS_FOLDER/my_simple_dag.py', '--cfg-path', '/tmp/tmpo5opbi90']
[2022-08-03 08:40:02,436] {standard_task_runner.py:76} INFO - Job 887: Subtask say_Hi
[2022-08-03 08:40:02,652] {logging_mixin.py:103} INFO - Running <TaskInstance: my_simple_dag.say_Hi 2022-08-03T08:30:00+00:00 [running]> on host b4dcda255553
[2022-08-03 08:40:02,879] {taskinstance.py:1232} INFO - Exporting the following env vars:
AIRFLOW_CTX_DAG_OWNER=airflow
AIRFLOW_CTX_DAG_ID=my_simple_dag
AIRFLOW_CTX_TASK_ID=say_Hi
AIRFLOW_CTX_EXECUTION_DATE=2022-08-03T08:30:00+00:00
AIRFLOW_CTX_DAG_RUN_ID=scheduled__2022-08-03T08:30:00+00:00
[2022-08-03 08:40:02,880] {bash.py:135} INFO - Tmp dir root location: 
 /tmp
[2022-08-03 08:40:02,882] {bash.py:158} INFO - Running command: echo "Hi!!"
[2022-08-03 08:40:02,898] {bash.py:169} INFO - Output:
[2022-08-03 08:40:02,903] {bash.py:173} INFO - Hi!!
[2022-08-03 08:40:02,904] {bash.py:177} INFO - Command exited with return code 0
[2022-08-03 08:40:03,014] {taskinstance.py:1142} INFO - Marking task as SUCCESS. dag_id=my_simple_dag, task_id=say_Hi, execution_date=20220803T083000, start_date=20220803T084002, end_date=20220803T084003
[2022-08-03 08:40:03,147] {taskinstance.py:1195} INFO - 1 downstream tasks scheduled from follow-on schedule check
[2022-08-03 08:40:03,213] {local_task_job.py:118} INFO - Task exited with return code 0
