[2022-08-03 03:48:01,169] {taskinstance.py:826} INFO - Dependencies all met for <TaskInstance: penjadwalan.dapat_suhu 2022-08-03T03:46:00+00:00 [queued]>
[2022-08-03 03:48:01,193] {taskinstance.py:826} INFO - Dependencies all met for <TaskInstance: penjadwalan.dapat_suhu 2022-08-03T03:46:00+00:00 [queued]>
[2022-08-03 03:48:01,194] {taskinstance.py:1017} INFO - 
--------------------------------------------------------------------------------
[2022-08-03 03:48:01,195] {taskinstance.py:1018} INFO - Starting attempt 1 of 1
[2022-08-03 03:48:01,195] {taskinstance.py:1019} INFO - 
--------------------------------------------------------------------------------
[2022-08-03 03:48:01,211] {taskinstance.py:1038} INFO - Executing <Task(PythonOperator): dapat_suhu> on 2022-08-03T03:46:00+00:00
[2022-08-03 03:48:01,217] {standard_task_runner.py:51} INFO - Started process 7775 to run task
[2022-08-03 03:48:01,223] {standard_task_runner.py:75} INFO - Running: ['airflow', 'tasks', 'run', 'penjadwalan', 'dapat_suhu', '2022-08-03T03:46:00+00:00', '--job-id', '592', '--pool', 'default_pool', '--raw', '--subdir', 'DAGS_FOLDER/penjadwalan.py', '--cfg-path', '/tmp/tmpq54uut6h']
[2022-08-03 03:48:01,227] {standard_task_runner.py:76} INFO - Job 592: Subtask dapat_suhu
[2022-08-03 03:48:01,299] {logging_mixin.py:103} INFO - Running <TaskInstance: penjadwalan.dapat_suhu 2022-08-03T03:46:00+00:00 [running]> on host b4dcda255553
[2022-08-03 03:48:01,380] {taskinstance.py:1232} INFO - Exporting the following env vars:
AIRFLOW_CTX_DAG_OWNER=airflow
AIRFLOW_CTX_DAG_ID=penjadwalan
AIRFLOW_CTX_TASK_ID=dapat_suhu
AIRFLOW_CTX_EXECUTION_DATE=2022-08-03T03:46:00+00:00
AIRFLOW_CTX_DAG_RUN_ID=scheduled__2022-08-03T03:46:00+00:00
[2022-08-03 03:48:01,712] {logging_mixin.py:103} INFO - {'kota': 'Bali', 'cuaca': 'Clouds', 'cuaca_deskripsi': 'scattered clouds', 'temperatur': 302.69, 'waktu': '2022-08-03T03:48:01.712800'}
[2022-08-03 03:48:01,817] {logging_mixin.py:103} INFO - {'kota': 'Lombok', 'cuaca': 'Clouds', 'cuaca_deskripsi': 'overcast clouds', 'temperatur': 298.97, 'waktu': '2022-08-03T03:48:01.816958'}
[2022-08-03 03:48:01,926] {logging_mixin.py:103} INFO - {'kota': 'Labuan Bajo', 'cuaca': 'Clouds', 'cuaca_deskripsi': 'broken clouds', 'temperatur': 302.05, 'waktu': '2022-08-03T03:48:01.926685'}
[2022-08-03 03:48:02,032] {logging_mixin.py:103} INFO - {'kota': 'Bogor', 'cuaca': 'Clouds', 'cuaca_deskripsi': 'overcast clouds', 'temperatur': 304.2, 'waktu': '2022-08-03T03:48:02.032636'}
[2022-08-03 03:48:02,138] {logging_mixin.py:103} INFO - {'kota': 'Bandung', 'cuaca': 'Clouds', 'cuaca_deskripsi': 'broken clouds', 'temperatur': 302.13, 'waktu': '2022-08-03T03:48:02.138502'}
[2022-08-03 03:48:02,139] {python.py:118} INFO - Done. Returned value was: None
[2022-08-03 03:48:02,156] {taskinstance.py:1142} INFO - Marking task as SUCCESS. dag_id=penjadwalan, task_id=dapat_suhu, execution_date=20220803T034600, start_date=20220803T034801, end_date=20220803T034802
[2022-08-03 03:48:02,197] {taskinstance.py:1195} INFO - 0 downstream tasks scheduled from follow-on schedule check
[2022-08-03 03:48:02,236] {local_task_job.py:118} INFO - Task exited with return code 0
