[2022-08-03 03:52:01,299] {taskinstance.py:826} INFO - Dependencies all met for <TaskInstance: penjadwalan.dapat_suhu 2022-08-03T03:50:00+00:00 [queued]>
[2022-08-03 03:52:01,325] {taskinstance.py:826} INFO - Dependencies all met for <TaskInstance: penjadwalan.dapat_suhu 2022-08-03T03:50:00+00:00 [queued]>
[2022-08-03 03:52:01,326] {taskinstance.py:1017} INFO - 
--------------------------------------------------------------------------------
[2022-08-03 03:52:01,326] {taskinstance.py:1018} INFO - Starting attempt 1 of 1
[2022-08-03 03:52:01,326] {taskinstance.py:1019} INFO - 
--------------------------------------------------------------------------------
[2022-08-03 03:52:01,340] {taskinstance.py:1038} INFO - Executing <Task(PythonOperator): dapat_suhu> on 2022-08-03T03:50:00+00:00
[2022-08-03 03:52:01,346] {standard_task_runner.py:51} INFO - Started process 23539 to run task
[2022-08-03 03:52:01,351] {standard_task_runner.py:75} INFO - Running: ['airflow', 'tasks', 'run', 'penjadwalan', 'dapat_suhu', '2022-08-03T03:50:00+00:00', '--job-id', '598', '--pool', 'default_pool', '--raw', '--subdir', 'DAGS_FOLDER/penjadwalan.py', '--cfg-path', '/tmp/tmpywohpt93']
[2022-08-03 03:52:01,355] {standard_task_runner.py:76} INFO - Job 598: Subtask dapat_suhu
[2022-08-03 03:52:01,439] {logging_mixin.py:103} INFO - Running <TaskInstance: penjadwalan.dapat_suhu 2022-08-03T03:50:00+00:00 [running]> on host b4dcda255553
[2022-08-03 03:52:01,526] {taskinstance.py:1232} INFO - Exporting the following env vars:
AIRFLOW_CTX_DAG_OWNER=airflow
AIRFLOW_CTX_DAG_ID=penjadwalan
AIRFLOW_CTX_TASK_ID=dapat_suhu
AIRFLOW_CTX_EXECUTION_DATE=2022-08-03T03:50:00+00:00
AIRFLOW_CTX_DAG_RUN_ID=scheduled__2022-08-03T03:50:00+00:00
[2022-08-03 03:52:01,708] {logging_mixin.py:103} INFO - {'kota': 'Bali', 'cuaca': 'Clouds', 'cuaca_deskripsi': 'scattered clouds', 'temperatur': 302.69, 'waktu': '2022-08-03T03:52:01.708582'}
[2022-08-03 03:52:01,821] {logging_mixin.py:103} INFO - {'kota': 'Lombok', 'cuaca': 'Rain', 'cuaca_deskripsi': 'light rain', 'temperatur': 298.97, 'waktu': '2022-08-03T03:52:01.821071'}
[2022-08-03 03:52:01,924] {logging_mixin.py:103} INFO - {'kota': 'Labuan Bajo', 'cuaca': 'Clouds', 'cuaca_deskripsi': 'broken clouds', 'temperatur': 302.05, 'waktu': '2022-08-03T03:52:01.924650'}
[2022-08-03 03:52:02,040] {logging_mixin.py:103} INFO - {'kota': 'Bogor', 'cuaca': 'Clouds', 'cuaca_deskripsi': 'overcast clouds', 'temperatur': 304.2, 'waktu': '2022-08-03T03:52:02.040565'}
[2022-08-03 03:52:02,150] {logging_mixin.py:103} INFO - {'kota': 'Bandung', 'cuaca': 'Clouds', 'cuaca_deskripsi': 'broken clouds', 'temperatur': 302.13, 'waktu': '2022-08-03T03:52:02.150007'}
[2022-08-03 03:52:02,150] {python.py:118} INFO - Done. Returned value was: None
[2022-08-03 03:52:02,170] {taskinstance.py:1142} INFO - Marking task as SUCCESS. dag_id=penjadwalan, task_id=dapat_suhu, execution_date=20220803T035000, start_date=20220803T035201, end_date=20220803T035202
[2022-08-03 03:52:02,213] {taskinstance.py:1195} INFO - 0 downstream tasks scheduled from follow-on schedule check
[2022-08-03 03:52:02,245] {local_task_job.py:118} INFO - Task exited with return code 0
