[2022-08-03 00:47:43,652] {taskinstance.py:826} INFO - Dependencies all met for <TaskInstance: penjadwalan.dapat_suhu 2022-08-02T22:52:00+00:00 [queued]>
[2022-08-03 00:47:43,703] {taskinstance.py:826} INFO - Dependencies all met for <TaskInstance: penjadwalan.dapat_suhu 2022-08-02T22:52:00+00:00 [queued]>
[2022-08-03 00:47:43,706] {taskinstance.py:1017} INFO - 
--------------------------------------------------------------------------------
[2022-08-03 00:47:43,716] {taskinstance.py:1018} INFO - Starting attempt 1 of 1
[2022-08-03 00:47:43,717] {taskinstance.py:1019} INFO - 
--------------------------------------------------------------------------------
[2022-08-03 00:47:43,769] {taskinstance.py:1038} INFO - Executing <Task(PythonOperator): dapat_suhu> on 2022-08-02T22:52:00+00:00
[2022-08-03 00:47:43,787] {standard_task_runner.py:51} INFO - Started process 31796 to run task
[2022-08-03 00:47:43,792] {standard_task_runner.py:75} INFO - Running: ['airflow', 'tasks', 'run', 'penjadwalan', 'dapat_suhu', '2022-08-02T22:52:00+00:00', '--job-id', '373', '--pool', 'default_pool', '--raw', '--subdir', 'DAGS_FOLDER/penjadwalan.py', '--cfg-path', '/tmp/tmpdew3c0a7']
[2022-08-03 00:47:43,805] {standard_task_runner.py:76} INFO - Job 373: Subtask dapat_suhu
[2022-08-03 00:47:44,000] {logging_mixin.py:103} INFO - Running <TaskInstance: penjadwalan.dapat_suhu 2022-08-02T22:52:00+00:00 [running]> on host b4dcda255553
[2022-08-03 00:47:44,175] {taskinstance.py:1232} INFO - Exporting the following env vars:
AIRFLOW_CTX_DAG_OWNER=airflow
AIRFLOW_CTX_DAG_ID=penjadwalan
AIRFLOW_CTX_TASK_ID=dapat_suhu
AIRFLOW_CTX_EXECUTION_DATE=2022-08-02T22:52:00+00:00
AIRFLOW_CTX_DAG_RUN_ID=scheduled__2022-08-02T22:52:00+00:00
[2022-08-03 00:47:50,049] {logging_mixin.py:103} INFO - {'kota': 'Bali', 'cuaca': 'Clouds', 'cuaca_deskripsi': 'overcast clouds', 'temperatur': 298.28, 'waktu': '2022-08-03T00:47:50.049588'}
[2022-08-03 00:47:50,818] {logging_mixin.py:103} INFO - {'kota': 'Lombok', 'cuaca': 'Clouds', 'cuaca_deskripsi': 'overcast clouds', 'temperatur': 295.51, 'waktu': '2022-08-03T00:47:50.818013'}
[2022-08-03 00:47:52,424] {logging_mixin.py:103} INFO - {'kota': 'Labuan Bajo', 'cuaca': 'Clouds', 'cuaca_deskripsi': 'scattered clouds', 'temperatur': 300.93, 'waktu': '2022-08-03T00:47:52.424509'}
[2022-08-03 00:47:53,436] {logging_mixin.py:103} INFO - {'kota': 'Bogor', 'cuaca': 'Rain', 'cuaca_deskripsi': 'light rain', 'temperatur': 300.87, 'waktu': '2022-08-03T00:47:53.435904'}
[2022-08-03 00:47:54,825] {logging_mixin.py:103} INFO - {'kota': 'Bandung', 'cuaca': 'Clouds', 'cuaca_deskripsi': 'scattered clouds', 'temperatur': 296.92, 'waktu': '2022-08-03T00:47:54.825355'}
[2022-08-03 00:47:54,827] {python.py:118} INFO - Done. Returned value was: None
[2022-08-03 00:47:54,897] {taskinstance.py:1142} INFO - Marking task as SUCCESS. dag_id=penjadwalan, task_id=dapat_suhu, execution_date=20220802T225200, start_date=20220803T004743, end_date=20220803T004754
[2022-08-03 00:47:55,309] {taskinstance.py:1195} INFO - 0 downstream tasks scheduled from follow-on schedule check
[2022-08-03 00:47:55,352] {local_task_job.py:118} INFO - Task exited with return code 0
