[2022-08-03 01:00:01,425] {taskinstance.py:826} INFO - Dependencies all met for <TaskInstance: penjadwalan.dapat_suhu 2022-08-03T00:58:00+00:00 [queued]>
[2022-08-03 01:00:01,474] {taskinstance.py:826} INFO - Dependencies all met for <TaskInstance: penjadwalan.dapat_suhu 2022-08-03T00:58:00+00:00 [queued]>
[2022-08-03 01:00:01,475] {taskinstance.py:1017} INFO - 
--------------------------------------------------------------------------------
[2022-08-03 01:00:01,476] {taskinstance.py:1018} INFO - Starting attempt 1 of 1
[2022-08-03 01:00:01,476] {taskinstance.py:1019} INFO - 
--------------------------------------------------------------------------------
[2022-08-03 01:00:01,506] {taskinstance.py:1038} INFO - Executing <Task(PythonOperator): dapat_suhu> on 2022-08-03T00:58:00+00:00
[2022-08-03 01:00:01,518] {standard_task_runner.py:51} INFO - Started process 5095 to run task
[2022-08-03 01:00:01,525] {standard_task_runner.py:75} INFO - Running: ['airflow', 'tasks', 'run', 'penjadwalan', 'dapat_suhu', '2022-08-03T00:58:00+00:00', '--job-id', '440', '--pool', 'default_pool', '--raw', '--subdir', 'DAGS_FOLDER/penjadwalan.py', '--cfg-path', '/tmp/tmpdsjnxe85']
[2022-08-03 01:00:01,532] {standard_task_runner.py:76} INFO - Job 440: Subtask dapat_suhu
[2022-08-03 01:00:01,674] {logging_mixin.py:103} INFO - Running <TaskInstance: penjadwalan.dapat_suhu 2022-08-03T00:58:00+00:00 [running]> on host b4dcda255553
[2022-08-03 01:00:01,827] {taskinstance.py:1232} INFO - Exporting the following env vars:
AIRFLOW_CTX_DAG_OWNER=airflow
AIRFLOW_CTX_DAG_ID=penjadwalan
AIRFLOW_CTX_TASK_ID=dapat_suhu
AIRFLOW_CTX_EXECUTION_DATE=2022-08-03T00:58:00+00:00
AIRFLOW_CTX_DAG_RUN_ID=scheduled__2022-08-03T00:58:00+00:00
[2022-08-03 01:00:02,936] {logging_mixin.py:103} INFO - {'kota': 'Bali', 'cuaca': 'Clouds', 'cuaca_deskripsi': 'overcast clouds', 'temperatur': 298.28, 'waktu': '2022-08-03T01:00:02.935997'}
[2022-08-03 01:00:03,167] {logging_mixin.py:103} INFO - {'kota': 'Lombok', 'cuaca': 'Clouds', 'cuaca_deskripsi': 'overcast clouds', 'temperatur': 295.51, 'waktu': '2022-08-03T01:00:03.167141'}
[2022-08-03 01:00:04,476] {logging_mixin.py:103} INFO - {'kota': 'Labuan Bajo', 'cuaca': 'Clouds', 'cuaca_deskripsi': 'scattered clouds', 'temperatur': 300.93, 'waktu': '2022-08-03T01:00:04.476662'}
[2022-08-03 01:00:05,296] {logging_mixin.py:103} INFO - {'kota': 'Bogor', 'cuaca': 'Rain', 'cuaca_deskripsi': 'light rain', 'temperatur': 296.27, 'waktu': '2022-08-03T01:00:05.296173'}
[2022-08-03 01:00:05,463] {logging_mixin.py:103} INFO - {'kota': 'Bandung', 'cuaca': 'Clouds', 'cuaca_deskripsi': 'scattered clouds', 'temperatur': 296.92, 'waktu': '2022-08-03T01:00:05.463404'}
[2022-08-03 01:00:05,464] {python.py:118} INFO - Done. Returned value was: None
[2022-08-03 01:00:05,489] {taskinstance.py:1142} INFO - Marking task as SUCCESS. dag_id=penjadwalan, task_id=dapat_suhu, execution_date=20220803T005800, start_date=20220803T010001, end_date=20220803T010005
[2022-08-03 01:00:05,554] {taskinstance.py:1195} INFO - 0 downstream tasks scheduled from follow-on schedule check
[2022-08-03 01:00:05,577] {local_task_job.py:118} INFO - Task exited with return code 0
