[2022-08-03 00:46:37,907] {taskinstance.py:826} INFO - Dependencies all met for <TaskInstance: penjadwalan.dapat_suhu 2022-08-02T21:42:00+00:00 [queued]>
[2022-08-03 00:46:37,953] {taskinstance.py:826} INFO - Dependencies all met for <TaskInstance: penjadwalan.dapat_suhu 2022-08-02T21:42:00+00:00 [queued]>
[2022-08-03 00:46:37,954] {taskinstance.py:1017} INFO - 
--------------------------------------------------------------------------------
[2022-08-03 00:46:37,955] {taskinstance.py:1018} INFO - Starting attempt 1 of 1
[2022-08-03 00:46:37,956] {taskinstance.py:1019} INFO - 
--------------------------------------------------------------------------------
[2022-08-03 00:46:37,984] {taskinstance.py:1038} INFO - Executing <Task(PythonOperator): dapat_suhu> on 2022-08-02T21:42:00+00:00
[2022-08-03 00:46:37,997] {standard_task_runner.py:51} INFO - Started process 29006 to run task
[2022-08-03 00:46:38,001] {standard_task_runner.py:75} INFO - Running: ['airflow', 'tasks', 'run', 'penjadwalan', 'dapat_suhu', '2022-08-02T21:42:00+00:00', '--job-id', '338', '--pool', 'default_pool', '--raw', '--subdir', 'DAGS_FOLDER/penjadwalan.py', '--cfg-path', '/tmp/tmpny9r6uo0']
[2022-08-03 00:46:38,007] {standard_task_runner.py:76} INFO - Job 338: Subtask dapat_suhu
[2022-08-03 00:46:38,097] {logging_mixin.py:103} INFO - Running <TaskInstance: penjadwalan.dapat_suhu 2022-08-02T21:42:00+00:00 [running]> on host b4dcda255553
[2022-08-03 00:46:38,198] {taskinstance.py:1232} INFO - Exporting the following env vars:
AIRFLOW_CTX_DAG_OWNER=airflow
AIRFLOW_CTX_DAG_ID=penjadwalan
AIRFLOW_CTX_TASK_ID=dapat_suhu
AIRFLOW_CTX_EXECUTION_DATE=2022-08-02T21:42:00+00:00
AIRFLOW_CTX_DAG_RUN_ID=scheduled__2022-08-02T21:42:00+00:00
[2022-08-03 00:46:38,823] {logging_mixin.py:103} INFO - {'kota': 'Bali', 'cuaca': 'Clouds', 'cuaca_deskripsi': 'overcast clouds', 'temperatur': 298.28, 'waktu': '2022-08-03T00:46:38.823109'}
[2022-08-03 00:46:39,899] {logging_mixin.py:103} INFO - {'kota': 'Lombok', 'cuaca': 'Clouds', 'cuaca_deskripsi': 'overcast clouds', 'temperatur': 295.51, 'waktu': '2022-08-03T00:46:39.899168'}
[2022-08-03 00:46:41,863] {logging_mixin.py:103} INFO - {'kota': 'Labuan Bajo', 'cuaca': 'Clouds', 'cuaca_deskripsi': 'scattered clouds', 'temperatur': 300.93, 'waktu': '2022-08-03T00:46:41.863584'}
[2022-08-03 00:46:42,417] {logging_mixin.py:103} INFO - {'kota': 'Bogor', 'cuaca': 'Rain', 'cuaca_deskripsi': 'light rain', 'temperatur': 300.87, 'waktu': '2022-08-03T00:46:42.417449'}
[2022-08-03 00:46:44,813] {logging_mixin.py:103} INFO - {'kota': 'Bandung', 'cuaca': 'Clouds', 'cuaca_deskripsi': 'scattered clouds', 'temperatur': 296.92, 'waktu': '2022-08-03T00:46:44.813353'}
[2022-08-03 00:46:44,814] {python.py:118} INFO - Done. Returned value was: None
[2022-08-03 00:46:44,832] {taskinstance.py:1142} INFO - Marking task as SUCCESS. dag_id=penjadwalan, task_id=dapat_suhu, execution_date=20220802T214200, start_date=20220803T004637, end_date=20220803T004644
[2022-08-03 00:46:44,872] {taskinstance.py:1195} INFO - 0 downstream tasks scheduled from follow-on schedule check
[2022-08-03 00:46:44,888] {local_task_job.py:118} INFO - Task exited with return code 0
