[2022-08-02 16:01:42,744] {taskinstance.py:826} INFO - Dependencies all met for <TaskInstance: my_simple_dag.greet 2022-08-02T15:50:00+00:00 [queued]>
[2022-08-02 16:01:42,783] {taskinstance.py:826} INFO - Dependencies all met for <TaskInstance: my_simple_dag.greet 2022-08-02T15:50:00+00:00 [queued]>
[2022-08-02 16:01:42,784] {taskinstance.py:1017} INFO - 
--------------------------------------------------------------------------------
[2022-08-02 16:01:42,785] {taskinstance.py:1018} INFO - Starting attempt 1 of 1
[2022-08-02 16:01:42,786] {taskinstance.py:1019} INFO - 
--------------------------------------------------------------------------------
[2022-08-02 16:01:42,806] {taskinstance.py:1038} INFO - Executing <Task(PythonOperator): greet> on 2022-08-02T15:50:00+00:00
[2022-08-02 16:01:42,813] {standard_task_runner.py:51} INFO - Started process 265 to run task
[2022-08-02 16:01:42,826] {standard_task_runner.py:75} INFO - Running: ['airflow', 'tasks', 'run', 'my_simple_dag', 'greet', '2022-08-02T15:50:00+00:00', '--job-id', '111', '--pool', 'default_pool', '--raw', '--subdir', 'DAGS_FOLDER/my_simple_dag.py', '--cfg-path', '/tmp/tmpbag4eu04']
[2022-08-02 16:01:42,832] {standard_task_runner.py:76} INFO - Job 111: Subtask greet
[2022-08-02 16:01:42,960] {logging_mixin.py:103} INFO - Running <TaskInstance: my_simple_dag.greet 2022-08-02T15:50:00+00:00 [running]> on host b4dcda255553
[2022-08-02 16:01:43,067] {taskinstance.py:1232} INFO - Exporting the following env vars:
AIRFLOW_CTX_DAG_OWNER=airflow
AIRFLOW_CTX_DAG_ID=my_simple_dag
AIRFLOW_CTX_TASK_ID=greet
AIRFLOW_CTX_EXECUTION_DATE=2022-08-02T15:50:00+00:00
AIRFLOW_CTX_DAG_RUN_ID=scheduled__2022-08-02T15:50:00+00:00
[2022-08-02 16:01:43,069] {logging_mixin.py:103} INFO - Halo Salam dari Apache Airflow2022-08-02 16:01
[2022-08-02 16:01:43,069] {python.py:118} INFO - Done. Returned value was: None
[2022-08-02 16:01:43,090] {taskinstance.py:1142} INFO - Marking task as SUCCESS. dag_id=my_simple_dag, task_id=greet, execution_date=20220802T155000, start_date=20220802T160142, end_date=20220802T160143
[2022-08-02 16:01:43,152] {taskinstance.py:1195} INFO - 1 downstream tasks scheduled from follow-on schedule check
[2022-08-02 16:01:43,193] {local_task_job.py:118} INFO - Task exited with return code 0
