[2022-08-02 15:01:36,782] {taskinstance.py:826} INFO - Dependencies all met for <TaskInstance: my_simple_dag.say_Hi 2022-08-02T14:50:00+00:00 [queued]>
[2022-08-02 15:01:40,763] {taskinstance.py:826} INFO - Dependencies all met for <TaskInstance: my_simple_dag.say_Hi 2022-08-02T14:50:00+00:00 [queued]>
[2022-08-02 15:01:40,839] {taskinstance.py:1017} INFO - 
--------------------------------------------------------------------------------
[2022-08-02 15:01:40,898] {taskinstance.py:1018} INFO - Starting attempt 1 of 1
[2022-08-02 15:01:40,971] {taskinstance.py:1019} INFO - 
--------------------------------------------------------------------------------
[2022-08-02 15:01:42,588] {taskinstance.py:1038} INFO - Executing <Task(BashOperator): say_Hi> on 2022-08-02T14:50:00+00:00
[2022-08-02 15:01:42,937] {standard_task_runner.py:51} INFO - Started process 27976 to run task
[2022-08-02 15:01:43,864] {standard_task_runner.py:75} INFO - Running: ['airflow', 'tasks', 'run', 'my_simple_dag', 'say_Hi', '2022-08-02T14:50:00+00:00', '--job-id', '34', '--pool', 'default_pool', '--raw', '--subdir', 'DAGS_FOLDER/my_simple_dag.py', '--cfg-path', '/tmp/tmp92_7zwxf']
[2022-08-02 15:01:44,507] {standard_task_runner.py:76} INFO - Job 34: Subtask say_Hi
[2022-08-02 15:02:14,729] {logging_mixin.py:103} INFO - Running <TaskInstance: my_simple_dag.say_Hi 2022-08-02T14:50:00+00:00 [running]> on host b4dcda255553
[2022-08-02 15:02:29,019] {taskinstance.py:1232} INFO - Exporting the following env vars:
AIRFLOW_CTX_DAG_OWNER=airflow
AIRFLOW_CTX_DAG_ID=my_simple_dag
AIRFLOW_CTX_TASK_ID=say_Hi
AIRFLOW_CTX_EXECUTION_DATE=2022-08-02T14:50:00+00:00
AIRFLOW_CTX_DAG_RUN_ID=scheduled__2022-08-02T14:50:00+00:00
[2022-08-02 15:02:29,265] {bash.py:135} INFO - Tmp dir root location: 
 /tmp
[2022-08-02 15:02:29,900] {bash.py:158} INFO - Running command: echo "Hi!!"
[2022-08-02 15:02:32,285] {bash.py:169} INFO - Output:
[2022-08-02 15:02:33,121] {bash.py:173} INFO - Hi!!
[2022-08-02 15:02:33,378] {bash.py:177} INFO - Command exited with return code 0
[2022-08-02 15:02:50,169] {taskinstance.py:1142} INFO - Marking task as SUCCESS. dag_id=my_simple_dag, task_id=say_Hi, execution_date=20220802T145000, start_date=20220802T150137, end_date=20220802T150250
[2022-08-02 15:02:59,725] {taskinstance.py:1195} INFO - 1 downstream tasks scheduled from follow-on schedule check
[2022-08-02 15:03:06,709] {local_task_job.py:118} INFO - Task exited with return code 0
