[2022-08-03 00:45:20,363] {taskinstance.py:826} INFO - Dependencies all met for <TaskInstance: penjadwalan.dapat_suhu 2022-08-02T18:38:00+00:00 [queued]>
[2022-08-03 00:45:20,417] {taskinstance.py:826} INFO - Dependencies all met for <TaskInstance: penjadwalan.dapat_suhu 2022-08-02T18:38:00+00:00 [queued]>
[2022-08-03 00:45:20,418] {taskinstance.py:1017} INFO - 
--------------------------------------------------------------------------------
[2022-08-03 00:45:20,422] {taskinstance.py:1018} INFO - Starting attempt 1 of 1
[2022-08-03 00:45:20,422] {taskinstance.py:1019} INFO - 
--------------------------------------------------------------------------------
[2022-08-03 00:45:20,453] {taskinstance.py:1038} INFO - Executing <Task(PythonOperator): dapat_suhu> on 2022-08-02T18:38:00+00:00
[2022-08-03 00:45:20,460] {standard_task_runner.py:51} INFO - Started process 25792 to run task
[2022-08-03 00:45:20,468] {standard_task_runner.py:75} INFO - Running: ['airflow', 'tasks', 'run', 'penjadwalan', 'dapat_suhu', '2022-08-02T18:38:00+00:00', '--job-id', '246', '--pool', 'default_pool', '--raw', '--subdir', 'DAGS_FOLDER/penjadwalan.py', '--cfg-path', '/tmp/tmp94sz384e']
[2022-08-03 00:45:20,482] {standard_task_runner.py:76} INFO - Job 246: Subtask dapat_suhu
[2022-08-03 00:45:20,600] {logging_mixin.py:103} INFO - Running <TaskInstance: penjadwalan.dapat_suhu 2022-08-02T18:38:00+00:00 [running]> on host b4dcda255553
[2022-08-03 00:45:20,690] {taskinstance.py:1232} INFO - Exporting the following env vars:
AIRFLOW_CTX_DAG_OWNER=airflow
AIRFLOW_CTX_DAG_ID=penjadwalan
AIRFLOW_CTX_TASK_ID=dapat_suhu
AIRFLOW_CTX_EXECUTION_DATE=2022-08-02T18:38:00+00:00
AIRFLOW_CTX_DAG_RUN_ID=scheduled__2022-08-02T18:38:00+00:00
[2022-08-03 00:45:21,900] {logging_mixin.py:103} INFO - {'kota': 'Bali', 'cuaca': 'Clouds', 'cuaca_deskripsi': 'overcast clouds', 'temperatur': 298.28, 'waktu': '2022-08-03T00:45:21.900157'}
[2022-08-03 00:45:22,604] {logging_mixin.py:103} INFO - {'kota': 'Lombok', 'cuaca': 'Clouds', 'cuaca_deskripsi': 'overcast clouds', 'temperatur': 295.51, 'waktu': '2022-08-03T00:45:22.604764'}
[2022-08-03 00:45:24,621] {logging_mixin.py:103} INFO - {'kota': 'Labuan Bajo', 'cuaca': 'Clouds', 'cuaca_deskripsi': 'scattered clouds', 'temperatur': 300.93, 'waktu': '2022-08-03T00:45:24.620818'}
[2022-08-03 00:45:25,459] {logging_mixin.py:103} INFO - {'kota': 'Bogor', 'cuaca': 'Rain', 'cuaca_deskripsi': 'light rain', 'temperatur': 300.87, 'waktu': '2022-08-03T00:45:25.459649'}
[2022-08-03 00:45:25,774] {logging_mixin.py:103} INFO - {'kota': 'Bandung', 'cuaca': 'Clouds', 'cuaca_deskripsi': 'scattered clouds', 'temperatur': 296.92, 'waktu': '2022-08-03T00:45:25.774010'}
[2022-08-03 00:45:25,781] {python.py:118} INFO - Done. Returned value was: None
[2022-08-03 00:45:25,845] {taskinstance.py:1142} INFO - Marking task as SUCCESS. dag_id=penjadwalan, task_id=dapat_suhu, execution_date=20220802T183800, start_date=20220803T004520, end_date=20220803T004525
[2022-08-03 00:45:26,081] {taskinstance.py:1195} INFO - 0 downstream tasks scheduled from follow-on schedule check
[2022-08-03 00:45:26,126] {local_task_job.py:118} INFO - Task exited with return code 0
