[2022-08-03 04:10:01,466] {taskinstance.py:826} INFO - Dependencies all met for <TaskInstance: penjadwalan.dapat_suhu 2022-08-03T04:08:00+00:00 [queued]>
[2022-08-03 04:10:01,501] {taskinstance.py:826} INFO - Dependencies all met for <TaskInstance: penjadwalan.dapat_suhu 2022-08-03T04:08:00+00:00 [queued]>
[2022-08-03 04:10:01,502] {taskinstance.py:1017} INFO - 
--------------------------------------------------------------------------------
[2022-08-03 04:10:01,502] {taskinstance.py:1018} INFO - Starting attempt 1 of 1
[2022-08-03 04:10:01,503] {taskinstance.py:1019} INFO - 
--------------------------------------------------------------------------------
[2022-08-03 04:10:01,522] {taskinstance.py:1038} INFO - Executing <Task(PythonOperator): dapat_suhu> on 2022-08-03T04:08:00+00:00
[2022-08-03 04:10:01,529] {standard_task_runner.py:51} INFO - Started process 26988 to run task
[2022-08-03 04:10:01,535] {standard_task_runner.py:75} INFO - Running: ['airflow', 'tasks', 'run', 'penjadwalan', 'dapat_suhu', '2022-08-03T04:08:00+00:00', '--job-id', '612', '--pool', 'default_pool', '--raw', '--subdir', 'DAGS_FOLDER/penjadwalan.py', '--cfg-path', '/tmp/tmpcy7lngo6']
[2022-08-03 04:10:01,539] {standard_task_runner.py:76} INFO - Job 612: Subtask dapat_suhu
[2022-08-03 04:10:01,634] {logging_mixin.py:103} INFO - Running <TaskInstance: penjadwalan.dapat_suhu 2022-08-03T04:08:00+00:00 [running]> on host b4dcda255553
[2022-08-03 04:10:01,727] {taskinstance.py:1232} INFO - Exporting the following env vars:
AIRFLOW_CTX_DAG_OWNER=airflow
AIRFLOW_CTX_DAG_ID=penjadwalan
AIRFLOW_CTX_TASK_ID=dapat_suhu
AIRFLOW_CTX_EXECUTION_DATE=2022-08-03T04:08:00+00:00
AIRFLOW_CTX_DAG_RUN_ID=scheduled__2022-08-03T04:08:00+00:00
[2022-08-03 04:10:01,930] {logging_mixin.py:103} INFO - {'kota': 'Bali', 'cuaca': 'Clouds', 'cuaca_deskripsi': 'scattered clouds', 'temperatur': 302.69, 'waktu': '2022-08-03T04:10:01.929910'}
[2022-08-03 04:10:02,044] {logging_mixin.py:103} INFO - {'kota': 'Lombok', 'cuaca': 'Clouds', 'cuaca_deskripsi': 'overcast clouds', 'temperatur': 298.97, 'waktu': '2022-08-03T04:10:02.044717'}
[2022-08-03 04:10:02,170] {logging_mixin.py:103} INFO - {'kota': 'Labuan Bajo', 'cuaca': 'Clouds', 'cuaca_deskripsi': 'broken clouds', 'temperatur': 302.05, 'waktu': '2022-08-03T04:10:02.169968'}
[2022-08-03 04:10:02,317] {logging_mixin.py:103} INFO - {'kota': 'Bogor', 'cuaca': 'Clouds', 'cuaca_deskripsi': 'overcast clouds', 'temperatur': 305.31, 'waktu': '2022-08-03T04:10:02.316918'}
[2022-08-03 04:10:02,455] {logging_mixin.py:103} INFO - {'kota': 'Bandung', 'cuaca': 'Clouds', 'cuaca_deskripsi': 'broken clouds', 'temperatur': 302.13, 'waktu': '2022-08-03T04:10:02.455246'}
[2022-08-03 04:10:02,456] {python.py:118} INFO - Done. Returned value was: None
[2022-08-03 04:10:02,481] {taskinstance.py:1142} INFO - Marking task as SUCCESS. dag_id=penjadwalan, task_id=dapat_suhu, execution_date=20220803T040800, start_date=20220803T041001, end_date=20220803T041002
[2022-08-03 04:10:02,537] {taskinstance.py:1195} INFO - 0 downstream tasks scheduled from follow-on schedule check
[2022-08-03 04:10:02,550] {local_task_job.py:118} INFO - Task exited with return code 0
