[2022-08-02 15:03:12,667] {taskinstance.py:826} INFO - Dependencies all met for <TaskInstance: my_simple_dag.greet 2022-08-02T14:50:00+00:00 [queued]>
[2022-08-02 15:03:12,946] {taskinstance.py:826} INFO - Dependencies all met for <TaskInstance: my_simple_dag.greet 2022-08-02T14:50:00+00:00 [queued]>
[2022-08-02 15:03:12,987] {taskinstance.py:1017} INFO - 
--------------------------------------------------------------------------------
[2022-08-02 15:03:13,049] {taskinstance.py:1018} INFO - Starting attempt 1 of 1
[2022-08-02 15:03:13,052] {taskinstance.py:1019} INFO - 
--------------------------------------------------------------------------------
[2022-08-02 15:03:13,328] {taskinstance.py:1038} INFO - Executing <Task(PythonOperator): greet> on 2022-08-02T14:50:00+00:00
[2022-08-02 15:03:13,416] {standard_task_runner.py:51} INFO - Started process 28009 to run task
[2022-08-02 15:03:13,458] {standard_task_runner.py:75} INFO - Running: ['airflow', 'tasks', 'run', 'my_simple_dag', 'greet', '2022-08-02T14:50:00+00:00', '--job-id', '37', '--pool', 'default_pool', '--raw', '--subdir', 'DAGS_FOLDER/my_simple_dag.py', '--cfg-path', '/tmp/tmpqm6_k6ue']
[2022-08-02 15:03:13,538] {standard_task_runner.py:76} INFO - Job 37: Subtask greet
[2022-08-02 15:03:14,449] {logging_mixin.py:103} INFO - Running <TaskInstance: my_simple_dag.greet 2022-08-02T14:50:00+00:00 [running]> on host b4dcda255553
[2022-08-02 15:03:15,199] {taskinstance.py:1232} INFO - Exporting the following env vars:
AIRFLOW_CTX_DAG_OWNER=airflow
AIRFLOW_CTX_DAG_ID=my_simple_dag
AIRFLOW_CTX_TASK_ID=greet
AIRFLOW_CTX_EXECUTION_DATE=2022-08-02T14:50:00+00:00
AIRFLOW_CTX_DAG_RUN_ID=scheduled__2022-08-02T14:50:00+00:00
[2022-08-02 15:03:15,270] {logging_mixin.py:103} INFO - Halo Salam dari Apache Airflow2022-08-02 15:03
[2022-08-02 15:03:15,340] {python.py:118} INFO - Done. Returned value was: None
[2022-08-02 15:03:17,799] {taskinstance.py:1142} INFO - Marking task as SUCCESS. dag_id=my_simple_dag, task_id=greet, execution_date=20220802T145000, start_date=20220802T150312, end_date=20220802T150317
[2022-08-02 15:03:27,668] {taskinstance.py:1195} INFO - 1 downstream tasks scheduled from follow-on schedule check
[2022-08-02 15:03:27,676] {local_task_job.py:170} WARNING - State of this instance has been externally set to success. Terminating instance.
[2022-08-02 15:03:27,748] {process_utils.py:95} INFO - Sending Signals.SIGTERM to GPID 28009
[2022-08-02 15:03:27,781] {process_utils.py:61} INFO - Process psutil.Process(pid=28009, status='terminated', exitcode=0, started='15:03:13') (28009) terminated with exit code 0
[2022-08-02 15:03:27,800] {local_task_job.py:118} INFO - Task exited with return code 0
