[2022-08-03 07:38:01,657] {taskinstance.py:826} INFO - Dependencies all met for <TaskInstance: penjadwalan.dapat_suhu 2022-08-03T07:36:00+00:00 [queued]>
[2022-08-03 07:38:01,690] {taskinstance.py:826} INFO - Dependencies all met for <TaskInstance: penjadwalan.dapat_suhu 2022-08-03T07:36:00+00:00 [queued]>
[2022-08-03 07:38:01,691] {taskinstance.py:1017} INFO - 
--------------------------------------------------------------------------------
[2022-08-03 07:38:01,692] {taskinstance.py:1018} INFO - Starting attempt 1 of 1
[2022-08-03 07:38:01,693] {taskinstance.py:1019} INFO - 
--------------------------------------------------------------------------------
[2022-08-03 07:38:01,715] {taskinstance.py:1038} INFO - Executing <Task(PythonOperator): dapat_suhu> on 2022-08-03T07:36:00+00:00
[2022-08-03 07:38:01,720] {standard_task_runner.py:51} INFO - Started process 13818 to run task
[2022-08-03 07:38:01,727] {standard_task_runner.py:75} INFO - Running: ['airflow', 'tasks', 'run', 'penjadwalan', 'dapat_suhu', '2022-08-03T07:36:00+00:00', '--job-id', '831', '--pool', 'default_pool', '--raw', '--subdir', 'DAGS_FOLDER/penjadwalan.py', '--cfg-path', '/tmp/tmpvqyapka7']
[2022-08-03 07:38:01,731] {standard_task_runner.py:76} INFO - Job 831: Subtask dapat_suhu
[2022-08-03 07:38:01,847] {logging_mixin.py:103} INFO - Running <TaskInstance: penjadwalan.dapat_suhu 2022-08-03T07:36:00+00:00 [running]> on host b4dcda255553
[2022-08-03 07:38:02,032] {taskinstance.py:1232} INFO - Exporting the following env vars:
AIRFLOW_CTX_DAG_OWNER=airflow
AIRFLOW_CTX_DAG_ID=penjadwalan
AIRFLOW_CTX_TASK_ID=dapat_suhu
AIRFLOW_CTX_EXECUTION_DATE=2022-08-03T07:36:00+00:00
AIRFLOW_CTX_DAG_RUN_ID=scheduled__2022-08-03T07:36:00+00:00
[2022-08-03 07:38:02,236] {logging_mixin.py:103} INFO - {'kota': 'Bali', 'cuaca': 'Clouds', 'cuaca_deskripsi': 'broken clouds', 'temperatur': 302.69, 'waktu': '2022-08-03T07:38:02.236588'}
[2022-08-03 07:38:02,504] {logging_mixin.py:103} INFO - {'kota': 'Lombok', 'cuaca': 'Rain', 'cuaca_deskripsi': 'moderate rain', 'temperatur': 296.95, 'waktu': '2022-08-03T07:38:02.504493'}
[2022-08-03 07:38:02,736] {logging_mixin.py:103} INFO - {'kota': 'Labuan Bajo', 'cuaca': 'Clouds', 'cuaca_deskripsi': 'overcast clouds', 'temperatur': 300.58, 'waktu': '2022-08-03T07:38:02.735811'}
[2022-08-03 07:38:02,953] {logging_mixin.py:103} INFO - {'kota': 'Bogor', 'cuaca': 'Clouds', 'cuaca_deskripsi': 'overcast clouds', 'temperatur': 304.76, 'waktu': '2022-08-03T07:38:02.953329'}
[2022-08-03 07:38:03,157] {logging_mixin.py:103} INFO - {'kota': 'Bandung', 'cuaca': 'Clouds', 'cuaca_deskripsi': 'overcast clouds', 'temperatur': 298.69, 'waktu': '2022-08-03T07:38:03.156859'}
[2022-08-03 07:38:03,160] {python.py:118} INFO - Done. Returned value was: None
[2022-08-03 07:38:03,251] {taskinstance.py:1142} INFO - Marking task as SUCCESS. dag_id=penjadwalan, task_id=dapat_suhu, execution_date=20220803T073600, start_date=20220803T073801, end_date=20220803T073803
[2022-08-03 07:38:03,330] {taskinstance.py:1195} INFO - 0 downstream tasks scheduled from follow-on schedule check
[2022-08-03 07:38:03,380] {local_task_job.py:118} INFO - Task exited with return code 0
