[2022-08-03 05:00:01,259] {taskinstance.py:826} INFO - Dependencies all met for <TaskInstance: penjadwalan.dapat_suhu 2022-08-03T04:58:00+00:00 [queued]>
[2022-08-03 05:00:01,303] {taskinstance.py:826} INFO - Dependencies all met for <TaskInstance: penjadwalan.dapat_suhu 2022-08-03T04:58:00+00:00 [queued]>
[2022-08-03 05:00:01,304] {taskinstance.py:1017} INFO - 
--------------------------------------------------------------------------------
[2022-08-03 05:00:01,305] {taskinstance.py:1018} INFO - Starting attempt 1 of 1
[2022-08-03 05:00:01,306] {taskinstance.py:1019} INFO - 
--------------------------------------------------------------------------------
[2022-08-03 05:00:01,329] {taskinstance.py:1038} INFO - Executing <Task(PythonOperator): dapat_suhu> on 2022-08-03T04:58:00+00:00
[2022-08-03 05:00:01,337] {standard_task_runner.py:51} INFO - Started process 24096 to run task
[2022-08-03 05:00:01,344] {standard_task_runner.py:75} INFO - Running: ['airflow', 'tasks', 'run', 'penjadwalan', 'dapat_suhu', '2022-08-03T04:58:00+00:00', '--job-id', '656', '--pool', 'default_pool', '--raw', '--subdir', 'DAGS_FOLDER/penjadwalan.py', '--cfg-path', '/tmp/tmpnvvy8ry2']
[2022-08-03 05:00:01,349] {standard_task_runner.py:76} INFO - Job 656: Subtask dapat_suhu
[2022-08-03 05:00:01,453] {logging_mixin.py:103} INFO - Running <TaskInstance: penjadwalan.dapat_suhu 2022-08-03T04:58:00+00:00 [running]> on host b4dcda255553
[2022-08-03 05:00:01,561] {taskinstance.py:1232} INFO - Exporting the following env vars:
AIRFLOW_CTX_DAG_OWNER=airflow
AIRFLOW_CTX_DAG_ID=penjadwalan
AIRFLOW_CTX_TASK_ID=dapat_suhu
AIRFLOW_CTX_EXECUTION_DATE=2022-08-03T04:58:00+00:00
AIRFLOW_CTX_DAG_RUN_ID=scheduled__2022-08-03T04:58:00+00:00
[2022-08-03 05:00:01,703] {logging_mixin.py:103} INFO - {'kota': 'Bali', 'cuaca': 'Clouds', 'cuaca_deskripsi': 'scattered clouds', 'temperatur': 302.69, 'waktu': '2022-08-03T05:00:01.703206'}
[2022-08-03 05:00:02,506] {logging_mixin.py:103} INFO - {'kota': 'Lombok', 'cuaca': 'Clouds', 'cuaca_deskripsi': 'overcast clouds', 'temperatur': 298.32, 'waktu': '2022-08-03T05:00:02.506344'}
[2022-08-03 05:00:03,113] {logging_mixin.py:103} INFO - {'kota': 'Labuan Bajo', 'cuaca': 'Clouds', 'cuaca_deskripsi': 'broken clouds', 'temperatur': 301.43, 'waktu': '2022-08-03T05:00:03.113087'}
[2022-08-03 05:00:03,227] {logging_mixin.py:103} INFO - {'kota': 'Bogor', 'cuaca': 'Clouds', 'cuaca_deskripsi': 'overcast clouds', 'temperatur': 303.96, 'waktu': '2022-08-03T05:00:03.227647'}
[2022-08-03 05:00:03,359] {logging_mixin.py:103} INFO - {'kota': 'Bandung', 'cuaca': 'Clouds', 'cuaca_deskripsi': 'broken clouds', 'temperatur': 302.02, 'waktu': '2022-08-03T05:00:03.359171'}
[2022-08-03 05:00:03,359] {python.py:118} INFO - Done. Returned value was: None
[2022-08-03 05:00:03,560] {taskinstance.py:1142} INFO - Marking task as SUCCESS. dag_id=penjadwalan, task_id=dapat_suhu, execution_date=20220803T045800, start_date=20220803T050001, end_date=20220803T050003
[2022-08-03 05:00:03,603] {taskinstance.py:1195} INFO - 0 downstream tasks scheduled from follow-on schedule check
[2022-08-03 05:00:03,627] {local_task_job.py:118} INFO - Task exited with return code 0
