[2022-08-03 09:54:02,671] {taskinstance.py:826} INFO - Dependencies all met for <TaskInstance: penjadwalan.dapat_suhu 2022-08-03T09:52:00+00:00 [queued]>
[2022-08-03 09:54:02,696] {taskinstance.py:826} INFO - Dependencies all met for <TaskInstance: penjadwalan.dapat_suhu 2022-08-03T09:52:00+00:00 [queued]>
[2022-08-03 09:54:02,697] {taskinstance.py:1017} INFO - 
--------------------------------------------------------------------------------
[2022-08-03 09:54:02,698] {taskinstance.py:1018} INFO - Starting attempt 1 of 1
[2022-08-03 09:54:02,698] {taskinstance.py:1019} INFO - 
--------------------------------------------------------------------------------
[2022-08-03 09:54:02,715] {taskinstance.py:1038} INFO - Executing <Task(PythonOperator): dapat_suhu> on 2022-08-03T09:52:00+00:00
[2022-08-03 09:54:02,719] {standard_task_runner.py:51} INFO - Started process 1461 to run task
[2022-08-03 09:54:02,724] {standard_task_runner.py:75} INFO - Running: ['airflow', 'tasks', 'run', 'penjadwalan', 'dapat_suhu', '2022-08-03T09:52:00+00:00', '--job-id', '955', '--pool', 'default_pool', '--raw', '--subdir', 'DAGS_FOLDER/penjadwalan.py', '--cfg-path', '/tmp/tmpffvypio3']
[2022-08-03 09:54:02,728] {standard_task_runner.py:76} INFO - Job 955: Subtask dapat_suhu
[2022-08-03 09:54:02,838] {logging_mixin.py:103} INFO - Running <TaskInstance: penjadwalan.dapat_suhu 2022-08-03T09:52:00+00:00 [running]> on host b4dcda255553
[2022-08-03 09:54:02,915] {taskinstance.py:1232} INFO - Exporting the following env vars:
AIRFLOW_CTX_DAG_OWNER=airflow
AIRFLOW_CTX_DAG_ID=penjadwalan
AIRFLOW_CTX_TASK_ID=dapat_suhu
AIRFLOW_CTX_EXECUTION_DATE=2022-08-03T09:52:00+00:00
AIRFLOW_CTX_DAG_RUN_ID=scheduled__2022-08-03T09:52:00+00:00
[2022-08-03 09:54:03,152] {logging_mixin.py:103} INFO - {'kota': 'Bali', 'cuaca': 'Clouds', 'cuaca_deskripsi': 'broken clouds', 'temperatur': 300.5, 'waktu': '2022-08-03T09:54:03.151515'}
[2022-08-03 09:54:03,389] {logging_mixin.py:103} INFO - {'kota': 'Lombok', 'cuaca': 'Clouds', 'cuaca_deskripsi': 'overcast clouds', 'temperatur': 295.7, 'waktu': '2022-08-03T09:54:03.389620'}
[2022-08-03 09:54:03,894] {logging_mixin.py:103} INFO - {'kota': 'Labuan Bajo', 'cuaca': 'Clouds', 'cuaca_deskripsi': 'overcast clouds', 'temperatur': 298.84, 'waktu': '2022-08-03T09:54:03.894337'}
[2022-08-03 09:54:04,084] {logging_mixin.py:103} INFO - {'kota': 'Bogor', 'cuaca': 'Clouds', 'cuaca_deskripsi': 'overcast clouds', 'temperatur': 301.38, 'waktu': '2022-08-03T09:54:04.083956'}
[2022-08-03 09:54:04,295] {logging_mixin.py:103} INFO - {'kota': 'Bandung', 'cuaca': 'Clouds', 'cuaca_deskripsi': 'overcast clouds', 'temperatur': 296.4, 'waktu': '2022-08-03T09:54:04.294897'}
[2022-08-03 09:54:04,295] {python.py:118} INFO - Done. Returned value was: None
[2022-08-03 09:54:04,367] {taskinstance.py:1142} INFO - Marking task as SUCCESS. dag_id=penjadwalan, task_id=dapat_suhu, execution_date=20220803T095200, start_date=20220803T095402, end_date=20220803T095404
[2022-08-03 09:54:04,411] {taskinstance.py:1195} INFO - 0 downstream tasks scheduled from follow-on schedule check
[2022-08-03 09:54:04,422] {local_task_job.py:118} INFO - Task exited with return code 0
