[2022-08-03 06:38:48,865] {taskinstance.py:826} INFO - Dependencies all met for <TaskInstance: my_simple_dag.say_Hi 2022-08-03T06:20:00+00:00 [queued]>
[2022-08-03 06:38:49,163] {taskinstance.py:826} INFO - Dependencies all met for <TaskInstance: my_simple_dag.say_Hi 2022-08-03T06:20:00+00:00 [queued]>
[2022-08-03 06:38:49,178] {taskinstance.py:1017} INFO - 
--------------------------------------------------------------------------------
[2022-08-03 06:38:49,181] {taskinstance.py:1018} INFO - Starting attempt 1 of 1
[2022-08-03 06:38:49,195] {taskinstance.py:1019} INFO - 
--------------------------------------------------------------------------------
[2022-08-03 06:38:49,300] {taskinstance.py:1038} INFO - Executing <Task(BashOperator): say_Hi> on 2022-08-03T06:20:00+00:00
[2022-08-03 06:38:49,316] {standard_task_runner.py:51} INFO - Started process 203 to run task
[2022-08-03 06:38:49,327] {standard_task_runner.py:75} INFO - Running: ['airflow', 'tasks', 'run', 'my_simple_dag', 'say_Hi', '2022-08-03T06:20:00+00:00', '--job-id', '770', '--pool', 'default_pool', '--raw', '--subdir', 'DAGS_FOLDER/my_simple_dag.py', '--cfg-path', '/tmp/tmp1m_0ib2g']
[2022-08-03 06:38:49,385] {standard_task_runner.py:76} INFO - Job 770: Subtask say_Hi
[2022-08-03 06:38:50,010] {logging_mixin.py:103} INFO - Running <TaskInstance: my_simple_dag.say_Hi 2022-08-03T06:20:00+00:00 [running]> on host b4dcda255553
[2022-08-03 06:38:50,412] {taskinstance.py:1232} INFO - Exporting the following env vars:
AIRFLOW_CTX_DAG_OWNER=airflow
AIRFLOW_CTX_DAG_ID=my_simple_dag
AIRFLOW_CTX_TASK_ID=say_Hi
AIRFLOW_CTX_EXECUTION_DATE=2022-08-03T06:20:00+00:00
AIRFLOW_CTX_DAG_RUN_ID=scheduled__2022-08-03T06:20:00+00:00
[2022-08-03 06:38:50,449] {bash.py:135} INFO - Tmp dir root location: 
 /tmp
[2022-08-03 06:38:50,468] {bash.py:158} INFO - Running command: echo "Hi!!"
[2022-08-03 06:38:50,605] {bash.py:169} INFO - Output:
[2022-08-03 06:38:50,625] {bash.py:173} INFO - Hi!!
[2022-08-03 06:38:50,626] {bash.py:177} INFO - Command exited with return code 0
[2022-08-03 06:38:50,885] {taskinstance.py:1142} INFO - Marking task as SUCCESS. dag_id=my_simple_dag, task_id=say_Hi, execution_date=20220803T062000, start_date=20220803T063848, end_date=20220803T063850
[2022-08-03 06:38:51,201] {taskinstance.py:1195} INFO - 1 downstream tasks scheduled from follow-on schedule check
[2022-08-03 06:38:51,253] {local_task_job.py:118} INFO - Task exited with return code 0
