[2022-08-03 00:46:29,005] {taskinstance.py:826} INFO - Dependencies all met for <TaskInstance: penjadwalan.dapat_suhu 2022-08-02T21:20:00+00:00 [queued]>
[2022-08-03 00:46:29,060] {taskinstance.py:826} INFO - Dependencies all met for <TaskInstance: penjadwalan.dapat_suhu 2022-08-02T21:20:00+00:00 [queued]>
[2022-08-03 00:46:29,061] {taskinstance.py:1017} INFO - 
--------------------------------------------------------------------------------
[2022-08-03 00:46:29,062] {taskinstance.py:1018} INFO - Starting attempt 1 of 1
[2022-08-03 00:46:29,062] {taskinstance.py:1019} INFO - 
--------------------------------------------------------------------------------
[2022-08-03 00:46:29,080] {taskinstance.py:1038} INFO - Executing <Task(PythonOperator): dapat_suhu> on 2022-08-02T21:20:00+00:00
[2022-08-03 00:46:29,085] {standard_task_runner.py:51} INFO - Started process 28589 to run task
[2022-08-03 00:46:29,092] {standard_task_runner.py:75} INFO - Running: ['airflow', 'tasks', 'run', 'penjadwalan', 'dapat_suhu', '2022-08-02T21:20:00+00:00', '--job-id', '327', '--pool', 'default_pool', '--raw', '--subdir', 'DAGS_FOLDER/penjadwalan.py', '--cfg-path', '/tmp/tmpvw4k5q1x']
[2022-08-03 00:46:29,098] {standard_task_runner.py:76} INFO - Job 327: Subtask dapat_suhu
[2022-08-03 00:46:29,195] {logging_mixin.py:103} INFO - Running <TaskInstance: penjadwalan.dapat_suhu 2022-08-02T21:20:00+00:00 [running]> on host b4dcda255553
[2022-08-03 00:46:29,333] {taskinstance.py:1232} INFO - Exporting the following env vars:
AIRFLOW_CTX_DAG_OWNER=airflow
AIRFLOW_CTX_DAG_ID=penjadwalan
AIRFLOW_CTX_TASK_ID=dapat_suhu
AIRFLOW_CTX_EXECUTION_DATE=2022-08-02T21:20:00+00:00
AIRFLOW_CTX_DAG_RUN_ID=scheduled__2022-08-02T21:20:00+00:00
[2022-08-03 00:46:30,014] {logging_mixin.py:103} INFO - {'kota': 'Bali', 'cuaca': 'Clouds', 'cuaca_deskripsi': 'overcast clouds', 'temperatur': 298.28, 'waktu': '2022-08-03T00:46:30.014209'}
[2022-08-03 00:46:30,384] {logging_mixin.py:103} INFO - {'kota': 'Lombok', 'cuaca': 'Clouds', 'cuaca_deskripsi': 'overcast clouds', 'temperatur': 295.51, 'waktu': '2022-08-03T00:46:30.384501'}
[2022-08-03 00:46:31,593] {logging_mixin.py:103} INFO - {'kota': 'Labuan Bajo', 'cuaca': 'Clouds', 'cuaca_deskripsi': 'scattered clouds', 'temperatur': 300.93, 'waktu': '2022-08-03T00:46:31.592625'}
[2022-08-03 00:46:33,663] {logging_mixin.py:103} INFO - {'kota': 'Bogor', 'cuaca': 'Rain', 'cuaca_deskripsi': 'light rain', 'temperatur': 300.87, 'waktu': '2022-08-03T00:46:33.663710'}
[2022-08-03 00:46:33,864] {logging_mixin.py:103} INFO - {'kota': 'Bandung', 'cuaca': 'Clouds', 'cuaca_deskripsi': 'scattered clouds', 'temperatur': 296.92, 'waktu': '2022-08-03T00:46:33.864787'}
[2022-08-03 00:46:33,867] {python.py:118} INFO - Done. Returned value was: None
[2022-08-03 00:46:33,946] {taskinstance.py:1142} INFO - Marking task as SUCCESS. dag_id=penjadwalan, task_id=dapat_suhu, execution_date=20220802T212000, start_date=20220803T004629, end_date=20220803T004633
[2022-08-03 00:46:34,217] {local_task_job.py:170} WARNING - State of this instance has been externally set to success. Terminating instance.
[2022-08-03 00:46:34,228] {process_utils.py:95} INFO - Sending Signals.SIGTERM to GPID 28589
[2022-08-03 00:46:34,248] {taskinstance.py:1214} ERROR - Received SIGTERM. Terminating subprocesses.
[2022-08-03 00:46:34,286] {process_utils.py:61} INFO - Process psutil.Process(pid=28589, status='terminated', exitcode=1, started='00:46:28') (28589) terminated with exit code 1
[2022-08-03 00:46:34,288] {local_task_job.py:118} INFO - Task exited with return code 1
