[2022-08-02 16:01:42,782] {taskinstance.py:826} INFO - Dependencies all met for <TaskInstance: pokea.greet 2022-08-02T15:50:00+00:00 [queued]>
[2022-08-02 16:01:42,840] {taskinstance.py:826} INFO - Dependencies all met for <TaskInstance: pokea.greet 2022-08-02T15:50:00+00:00 [queued]>
[2022-08-02 16:01:42,841] {taskinstance.py:1017} INFO - 
--------------------------------------------------------------------------------
[2022-08-02 16:01:42,841] {taskinstance.py:1018} INFO - Starting attempt 1 of 1
[2022-08-02 16:01:42,842] {taskinstance.py:1019} INFO - 
--------------------------------------------------------------------------------
[2022-08-02 16:01:42,869] {taskinstance.py:1038} INFO - Executing <Task(PythonOperator): greet> on 2022-08-02T15:50:00+00:00
[2022-08-02 16:01:42,875] {standard_task_runner.py:51} INFO - Started process 266 to run task
[2022-08-02 16:01:42,886] {standard_task_runner.py:75} INFO - Running: ['airflow', 'tasks', 'run', 'pokea', 'greet', '2022-08-02T15:50:00+00:00', '--job-id', '112', '--pool', 'default_pool', '--raw', '--subdir', 'DAGS_FOLDER/pokea.py', '--cfg-path', '/tmp/tmpat9upedy']
[2022-08-02 16:01:42,892] {standard_task_runner.py:76} INFO - Job 112: Subtask greet
[2022-08-02 16:01:43,014] {logging_mixin.py:103} INFO - Running <TaskInstance: pokea.greet 2022-08-02T15:50:00+00:00 [running]> on host b4dcda255553
[2022-08-02 16:01:43,113] {taskinstance.py:1232} INFO - Exporting the following env vars:
AIRFLOW_CTX_DAG_OWNER=airflow
AIRFLOW_CTX_DAG_ID=pokea
AIRFLOW_CTX_TASK_ID=greet
AIRFLOW_CTX_EXECUTION_DATE=2022-08-02T15:50:00+00:00
AIRFLOW_CTX_DAG_RUN_ID=scheduled__2022-08-02T15:50:00+00:00
[2022-08-02 16:01:43,115] {logging_mixin.py:103} INFO - Halo Salam dari Apache Airflow2022-08-02 16:01
[2022-08-02 16:01:43,115] {python.py:118} INFO - Done. Returned value was: None
[2022-08-02 16:01:43,138] {taskinstance.py:1142} INFO - Marking task as SUCCESS. dag_id=pokea, task_id=greet, execution_date=20220802T155000, start_date=20220802T160142, end_date=20220802T160143
[2022-08-02 16:01:43,199] {taskinstance.py:1195} INFO - 1 downstream tasks scheduled from follow-on schedule check
[2022-08-02 16:01:43,221] {local_task_job.py:118} INFO - Task exited with return code 0
