[2022-08-03 00:54:01,598] {taskinstance.py:826} INFO - Dependencies all met for <TaskInstance: penjadwalan.dapat_suhu 2022-08-03T00:52:00+00:00 [queued]>
[2022-08-03 00:54:01,640] {taskinstance.py:826} INFO - Dependencies all met for <TaskInstance: penjadwalan.dapat_suhu 2022-08-03T00:52:00+00:00 [queued]>
[2022-08-03 00:54:01,641] {taskinstance.py:1017} INFO - 
--------------------------------------------------------------------------------
[2022-08-03 00:54:01,641] {taskinstance.py:1018} INFO - Starting attempt 1 of 1
[2022-08-03 00:54:01,642] {taskinstance.py:1019} INFO - 
--------------------------------------------------------------------------------
[2022-08-03 00:54:01,663] {taskinstance.py:1038} INFO - Executing <Task(PythonOperator): dapat_suhu> on 2022-08-03T00:52:00+00:00
[2022-08-03 00:54:01,671] {standard_task_runner.py:51} INFO - Started process 17721 to run task
[2022-08-03 00:54:01,678] {standard_task_runner.py:75} INFO - Running: ['airflow', 'tasks', 'run', 'penjadwalan', 'dapat_suhu', '2022-08-03T00:52:00+00:00', '--job-id', '437', '--pool', 'default_pool', '--raw', '--subdir', 'DAGS_FOLDER/penjadwalan.py', '--cfg-path', '/tmp/tmpf_6ifrym']
[2022-08-03 00:54:01,685] {standard_task_runner.py:76} INFO - Job 437: Subtask dapat_suhu
[2022-08-03 00:54:01,803] {logging_mixin.py:103} INFO - Running <TaskInstance: penjadwalan.dapat_suhu 2022-08-03T00:52:00+00:00 [running]> on host b4dcda255553
[2022-08-03 00:54:01,944] {taskinstance.py:1232} INFO - Exporting the following env vars:
AIRFLOW_CTX_DAG_OWNER=airflow
AIRFLOW_CTX_DAG_ID=penjadwalan
AIRFLOW_CTX_TASK_ID=dapat_suhu
AIRFLOW_CTX_EXECUTION_DATE=2022-08-03T00:52:00+00:00
AIRFLOW_CTX_DAG_RUN_ID=scheduled__2022-08-03T00:52:00+00:00
[2022-08-03 00:54:03,817] {logging_mixin.py:103} INFO - {'kota': 'Bali', 'cuaca': 'Clouds', 'cuaca_deskripsi': 'overcast clouds', 'temperatur': 298.28, 'waktu': '2022-08-03T00:54:03.816831'}
[2022-08-03 00:54:05,264] {logging_mixin.py:103} INFO - {'kota': 'Lombok', 'cuaca': 'Clouds', 'cuaca_deskripsi': 'overcast clouds', 'temperatur': 295.51, 'waktu': '2022-08-03T00:54:05.263825'}
[2022-08-03 00:54:05,929] {logging_mixin.py:103} INFO - {'kota': 'Labuan Bajo', 'cuaca': 'Clouds', 'cuaca_deskripsi': 'scattered clouds', 'temperatur': 300.93, 'waktu': '2022-08-03T00:54:05.929067'}
[2022-08-03 00:54:06,245] {logging_mixin.py:103} INFO - {'kota': 'Bogor', 'cuaca': 'Rain', 'cuaca_deskripsi': 'light rain', 'temperatur': 300.87, 'waktu': '2022-08-03T00:54:06.245312'}
[2022-08-03 00:54:06,438] {logging_mixin.py:103} INFO - {'kota': 'Bandung', 'cuaca': 'Clouds', 'cuaca_deskripsi': 'scattered clouds', 'temperatur': 296.92, 'waktu': '2022-08-03T00:54:06.438505'}
[2022-08-03 00:54:06,439] {python.py:118} INFO - Done. Returned value was: None
[2022-08-03 00:54:06,456] {taskinstance.py:1142} INFO - Marking task as SUCCESS. dag_id=penjadwalan, task_id=dapat_suhu, execution_date=20220803T005200, start_date=20220803T005401, end_date=20220803T005406
[2022-08-03 00:54:06,502] {taskinstance.py:1195} INFO - 0 downstream tasks scheduled from follow-on schedule check
[2022-08-03 00:54:06,519] {local_task_job.py:118} INFO - Task exited with return code 0
