[2022-08-02 16:30:02,798] {taskinstance.py:826} INFO - Dependencies all met for <TaskInstance: my_simple_dag.say_Hi 2022-08-02T16:20:00+00:00 [queued]>
[2022-08-02 16:30:02,826] {taskinstance.py:826} INFO - Dependencies all met for <TaskInstance: my_simple_dag.say_Hi 2022-08-02T16:20:00+00:00 [queued]>
[2022-08-02 16:30:02,827] {taskinstance.py:1017} INFO - 
--------------------------------------------------------------------------------
[2022-08-02 16:30:02,828] {taskinstance.py:1018} INFO - Starting attempt 1 of 1
[2022-08-02 16:30:02,828] {taskinstance.py:1019} INFO - 
--------------------------------------------------------------------------------
[2022-08-02 16:30:02,844] {taskinstance.py:1038} INFO - Executing <Task(BashOperator): say_Hi> on 2022-08-02T16:20:00+00:00
[2022-08-02 16:30:02,849] {standard_task_runner.py:51} INFO - Started process 12972 to run task
[2022-08-02 16:30:02,855] {standard_task_runner.py:75} INFO - Running: ['airflow', 'tasks', 'run', 'my_simple_dag', 'say_Hi', '2022-08-02T16:20:00+00:00', '--job-id', '133', '--pool', 'default_pool', '--raw', '--subdir', 'DAGS_FOLDER/my_simple_dag.py', '--cfg-path', '/tmp/tmp2k38gphe']
[2022-08-02 16:30:02,859] {standard_task_runner.py:76} INFO - Job 133: Subtask say_Hi
[2022-08-02 16:30:02,937] {logging_mixin.py:103} INFO - Running <TaskInstance: my_simple_dag.say_Hi 2022-08-02T16:20:00+00:00 [running]> on host b4dcda255553
[2022-08-02 16:30:03,013] {taskinstance.py:1232} INFO - Exporting the following env vars:
AIRFLOW_CTX_DAG_OWNER=airflow
AIRFLOW_CTX_DAG_ID=my_simple_dag
AIRFLOW_CTX_TASK_ID=say_Hi
AIRFLOW_CTX_EXECUTION_DATE=2022-08-02T16:20:00+00:00
AIRFLOW_CTX_DAG_RUN_ID=scheduled__2022-08-02T16:20:00+00:00
[2022-08-02 16:30:03,014] {bash.py:135} INFO - Tmp dir root location: 
 /tmp
[2022-08-02 16:30:03,016] {bash.py:158} INFO - Running command: echo "Hi!!"
[2022-08-02 16:30:03,026] {bash.py:169} INFO - Output:
[2022-08-02 16:30:03,027] {bash.py:173} INFO - Hi!!
[2022-08-02 16:30:03,028] {bash.py:177} INFO - Command exited with return code 0
[2022-08-02 16:30:03,071] {taskinstance.py:1142} INFO - Marking task as SUCCESS. dag_id=my_simple_dag, task_id=say_Hi, execution_date=20220802T162000, start_date=20220802T163002, end_date=20220802T163003
[2022-08-02 16:30:03,123] {taskinstance.py:1195} INFO - 1 downstream tasks scheduled from follow-on schedule check
[2022-08-02 16:30:03,146] {local_task_job.py:118} INFO - Task exited with return code 0
