[2022-08-03 06:46:00,854] {taskinstance.py:826} INFO - Dependencies all met for <TaskInstance: penjadwalan.dapat_suhu 2022-08-03T06:44:00+00:00 [queued]>
[2022-08-03 06:46:00,895] {taskinstance.py:826} INFO - Dependencies all met for <TaskInstance: penjadwalan.dapat_suhu 2022-08-03T06:44:00+00:00 [queued]>
[2022-08-03 06:46:00,896] {taskinstance.py:1017} INFO - 
--------------------------------------------------------------------------------
[2022-08-03 06:46:00,897] {taskinstance.py:1018} INFO - Starting attempt 1 of 1
[2022-08-03 06:46:00,897] {taskinstance.py:1019} INFO - 
--------------------------------------------------------------------------------
[2022-08-03 06:46:00,923] {taskinstance.py:1038} INFO - Executing <Task(PythonOperator): dapat_suhu> on 2022-08-03T06:44:00+00:00
[2022-08-03 06:46:00,929] {standard_task_runner.py:51} INFO - Started process 14249 to run task
[2022-08-03 06:46:00,942] {standard_task_runner.py:75} INFO - Running: ['airflow', 'tasks', 'run', 'penjadwalan', 'dapat_suhu', '2022-08-03T06:44:00+00:00', '--job-id', '785', '--pool', 'default_pool', '--raw', '--subdir', 'DAGS_FOLDER/penjadwalan.py', '--cfg-path', '/tmp/tmpzs8oynx7']
[2022-08-03 06:46:00,947] {standard_task_runner.py:76} INFO - Job 785: Subtask dapat_suhu
[2022-08-03 06:46:01,091] {logging_mixin.py:103} INFO - Running <TaskInstance: penjadwalan.dapat_suhu 2022-08-03T06:44:00+00:00 [running]> on host b4dcda255553
[2022-08-03 06:46:01,205] {taskinstance.py:1232} INFO - Exporting the following env vars:
AIRFLOW_CTX_DAG_OWNER=airflow
AIRFLOW_CTX_DAG_ID=penjadwalan
AIRFLOW_CTX_TASK_ID=dapat_suhu
AIRFLOW_CTX_EXECUTION_DATE=2022-08-03T06:44:00+00:00
AIRFLOW_CTX_DAG_RUN_ID=scheduled__2022-08-03T06:44:00+00:00
[2022-08-03 06:46:01,442] {logging_mixin.py:103} INFO - {'kota': 'Bali', 'cuaca': 'Clouds', 'cuaca_deskripsi': 'broken clouds', 'temperatur': 302.69, 'waktu': '2022-08-03T06:46:01.442216'}
[2022-08-03 06:46:01,580] {logging_mixin.py:103} INFO - {'kota': 'Lombok', 'cuaca': 'Rain', 'cuaca_deskripsi': 'light rain', 'temperatur': 297.58, 'waktu': '2022-08-03T06:46:01.579917'}
[2022-08-03 06:46:01,748] {logging_mixin.py:103} INFO - {'kota': 'Labuan Bajo', 'cuaca': 'Clouds', 'cuaca_deskripsi': 'overcast clouds', 'temperatur': 300.69, 'waktu': '2022-08-03T06:46:01.748663'}
[2022-08-03 06:46:01,887] {logging_mixin.py:103} INFO - {'kota': 'Bogor', 'cuaca': 'Clouds', 'cuaca_deskripsi': 'overcast clouds', 'temperatur': 305.31, 'waktu': '2022-08-03T06:46:01.887058'}
[2022-08-03 06:46:02,037] {logging_mixin.py:103} INFO - {'kota': 'Bandung', 'cuaca': 'Clouds', 'cuaca_deskripsi': 'overcast clouds', 'temperatur': 301.31, 'waktu': '2022-08-03T06:46:02.037084'}
[2022-08-03 06:46:02,038] {python.py:118} INFO - Done. Returned value was: None
[2022-08-03 06:46:02,074] {taskinstance.py:1142} INFO - Marking task as SUCCESS. dag_id=penjadwalan, task_id=dapat_suhu, execution_date=20220803T064400, start_date=20220803T064600, end_date=20220803T064602
[2022-08-03 06:46:02,197] {taskinstance.py:1195} INFO - 0 downstream tasks scheduled from follow-on schedule check
[2022-08-03 06:46:02,215] {local_task_job.py:118} INFO - Task exited with return code 0
