[2022-08-03 04:00:00,680] {taskinstance.py:826} INFO - Dependencies all met for <TaskInstance: penjadwalan.dapat_suhu 2022-08-03T03:58:00+00:00 [queued]>
[2022-08-03 04:00:00,711] {taskinstance.py:826} INFO - Dependencies all met for <TaskInstance: penjadwalan.dapat_suhu 2022-08-03T03:58:00+00:00 [queued]>
[2022-08-03 04:00:00,712] {taskinstance.py:1017} INFO - 
--------------------------------------------------------------------------------
[2022-08-03 04:00:00,713] {taskinstance.py:1018} INFO - Starting attempt 1 of 1
[2022-08-03 04:00:00,713] {taskinstance.py:1019} INFO - 
--------------------------------------------------------------------------------
[2022-08-03 04:00:00,735] {taskinstance.py:1038} INFO - Executing <Task(PythonOperator): dapat_suhu> on 2022-08-03T03:58:00+00:00
[2022-08-03 04:00:00,741] {standard_task_runner.py:51} INFO - Started process 22971 to run task
[2022-08-03 04:00:00,749] {standard_task_runner.py:75} INFO - Running: ['airflow', 'tasks', 'run', 'penjadwalan', 'dapat_suhu', '2022-08-03T03:58:00+00:00', '--job-id', '603', '--pool', 'default_pool', '--raw', '--subdir', 'DAGS_FOLDER/penjadwalan.py', '--cfg-path', '/tmp/tmpleogdo2d']
[2022-08-03 04:00:00,753] {standard_task_runner.py:76} INFO - Job 603: Subtask dapat_suhu
[2022-08-03 04:00:00,856] {logging_mixin.py:103} INFO - Running <TaskInstance: penjadwalan.dapat_suhu 2022-08-03T03:58:00+00:00 [running]> on host b4dcda255553
[2022-08-03 04:00:00,933] {taskinstance.py:1232} INFO - Exporting the following env vars:
AIRFLOW_CTX_DAG_OWNER=airflow
AIRFLOW_CTX_DAG_ID=penjadwalan
AIRFLOW_CTX_TASK_ID=dapat_suhu
AIRFLOW_CTX_EXECUTION_DATE=2022-08-03T03:58:00+00:00
AIRFLOW_CTX_DAG_RUN_ID=scheduled__2022-08-03T03:58:00+00:00
[2022-08-03 04:00:01,054] {logging_mixin.py:103} INFO - {'kota': 'Bali', 'cuaca': 'Clouds', 'cuaca_deskripsi': 'scattered clouds', 'temperatur': 302.69, 'waktu': '2022-08-03T04:00:01.054310'}
[2022-08-03 04:00:01,162] {logging_mixin.py:103} INFO - {'kota': 'Lombok', 'cuaca': 'Rain', 'cuaca_deskripsi': 'light rain', 'temperatur': 298.97, 'waktu': '2022-08-03T04:00:01.162007'}
[2022-08-03 04:00:01,567] {logging_mixin.py:103} INFO - {'kota': 'Labuan Bajo', 'cuaca': 'Clouds', 'cuaca_deskripsi': 'broken clouds', 'temperatur': 302.05, 'waktu': '2022-08-03T04:00:01.567206'}
[2022-08-03 04:00:01,680] {logging_mixin.py:103} INFO - {'kota': 'Bogor', 'cuaca': 'Clouds', 'cuaca_deskripsi': 'overcast clouds', 'temperatur': 304.2, 'waktu': '2022-08-03T04:00:01.679850'}
[2022-08-03 04:00:01,827] {logging_mixin.py:103} INFO - {'kota': 'Bandung', 'cuaca': 'Clouds', 'cuaca_deskripsi': 'broken clouds', 'temperatur': 302.13, 'waktu': '2022-08-03T04:00:01.827403'}
[2022-08-03 04:00:01,828] {python.py:118} INFO - Done. Returned value was: None
[2022-08-03 04:00:01,849] {taskinstance.py:1142} INFO - Marking task as SUCCESS. dag_id=penjadwalan, task_id=dapat_suhu, execution_date=20220803T035800, start_date=20220803T040000, end_date=20220803T040001
[2022-08-03 04:00:01,910] {taskinstance.py:1195} INFO - 0 downstream tasks scheduled from follow-on schedule check
[2022-08-03 04:00:01,927] {local_task_job.py:118} INFO - Task exited with return code 0
