[2022-08-03 03:06:03,498] {taskinstance.py:826} INFO - Dependencies all met for <TaskInstance: penjadwalan.dapat_suhu 2022-08-03T03:04:00+00:00 [queued]>
[2022-08-03 03:06:03,544] {taskinstance.py:826} INFO - Dependencies all met for <TaskInstance: penjadwalan.dapat_suhu 2022-08-03T03:04:00+00:00 [queued]>
[2022-08-03 03:06:03,545] {taskinstance.py:1017} INFO - 
--------------------------------------------------------------------------------
[2022-08-03 03:06:03,545] {taskinstance.py:1018} INFO - Starting attempt 1 of 1
[2022-08-03 03:06:03,546] {taskinstance.py:1019} INFO - 
--------------------------------------------------------------------------------
[2022-08-03 03:06:03,566] {taskinstance.py:1038} INFO - Executing <Task(PythonOperator): dapat_suhu> on 2022-08-03T03:04:00+00:00
[2022-08-03 03:06:03,572] {standard_task_runner.py:51} INFO - Started process 30756 to run task
[2022-08-03 03:06:03,578] {standard_task_runner.py:75} INFO - Running: ['airflow', 'tasks', 'run', 'penjadwalan', 'dapat_suhu', '2022-08-03T03:04:00+00:00', '--job-id', '555', '--pool', 'default_pool', '--raw', '--subdir', 'DAGS_FOLDER/penjadwalan.py', '--cfg-path', '/tmp/tmp7117yrxd']
[2022-08-03 03:06:03,582] {standard_task_runner.py:76} INFO - Job 555: Subtask dapat_suhu
[2022-08-03 03:06:03,690] {logging_mixin.py:103} INFO - Running <TaskInstance: penjadwalan.dapat_suhu 2022-08-03T03:04:00+00:00 [running]> on host b4dcda255553
[2022-08-03 03:06:03,798] {taskinstance.py:1232} INFO - Exporting the following env vars:
AIRFLOW_CTX_DAG_OWNER=airflow
AIRFLOW_CTX_DAG_ID=penjadwalan
AIRFLOW_CTX_TASK_ID=dapat_suhu
AIRFLOW_CTX_EXECUTION_DATE=2022-08-03T03:04:00+00:00
AIRFLOW_CTX_DAG_RUN_ID=scheduled__2022-08-03T03:04:00+00:00
[2022-08-03 03:06:04,012] {logging_mixin.py:103} INFO - {'kota': 'Bali', 'cuaca': 'Clouds', 'cuaca_deskripsi': 'scattered clouds', 'temperatur': 299.39, 'waktu': '2022-08-03T03:06:04.012657'}
[2022-08-03 03:06:04,150] {logging_mixin.py:103} INFO - {'kota': 'Lombok', 'cuaca': 'Rain', 'cuaca_deskripsi': 'heavy intensity rain', 'temperatur': 297.83, 'waktu': '2022-08-03T03:06:04.150641'}
[2022-08-03 03:06:04,318] {logging_mixin.py:103} INFO - {'kota': 'Labuan Bajo', 'cuaca': 'Clouds', 'cuaca_deskripsi': 'broken clouds', 'temperatur': 302.24, 'waktu': '2022-08-03T03:06:04.318509'}
[2022-08-03 03:06:04,511] {logging_mixin.py:103} INFO - {'kota': 'Bogor', 'cuaca': 'Clouds', 'cuaca_deskripsi': 'overcast clouds', 'temperatur': 303.06, 'waktu': '2022-08-03T03:06:04.511569'}
[2022-08-03 03:06:04,697] {logging_mixin.py:103} INFO - {'kota': 'Bandung', 'cuaca': 'Clouds', 'cuaca_deskripsi': 'broken clouds', 'temperatur': 300.9, 'waktu': '2022-08-03T03:06:04.697049'}
[2022-08-03 03:06:04,697] {python.py:118} INFO - Done. Returned value was: None
[2022-08-03 03:06:04,723] {taskinstance.py:1142} INFO - Marking task as SUCCESS. dag_id=penjadwalan, task_id=dapat_suhu, execution_date=20220803T030400, start_date=20220803T030603, end_date=20220803T030604
[2022-08-03 03:06:04,786] {taskinstance.py:1195} INFO - 0 downstream tasks scheduled from follow-on schedule check
[2022-08-03 03:06:04,797] {local_task_job.py:118} INFO - Task exited with return code 0
