[2022-08-03 10:18:02,102] {taskinstance.py:826} INFO - Dependencies all met for <TaskInstance: penjadwalan.dapat_suhu 2022-08-03T10:16:00+00:00 [queued]>
[2022-08-03 10:18:02,134] {taskinstance.py:826} INFO - Dependencies all met for <TaskInstance: penjadwalan.dapat_suhu 2022-08-03T10:16:00+00:00 [queued]>
[2022-08-03 10:18:02,134] {taskinstance.py:1017} INFO - 
--------------------------------------------------------------------------------
[2022-08-03 10:18:02,135] {taskinstance.py:1018} INFO - Starting attempt 1 of 1
[2022-08-03 10:18:02,135] {taskinstance.py:1019} INFO - 
--------------------------------------------------------------------------------
[2022-08-03 10:18:02,152] {taskinstance.py:1038} INFO - Executing <Task(PythonOperator): dapat_suhu> on 2022-08-03T10:16:00+00:00
[2022-08-03 10:18:02,156] {standard_task_runner.py:51} INFO - Started process 14525 to run task
[2022-08-03 10:18:02,163] {standard_task_runner.py:75} INFO - Running: ['airflow', 'tasks', 'run', 'penjadwalan', 'dapat_suhu', '2022-08-03T10:16:00+00:00', '--job-id', '975', '--pool', 'default_pool', '--raw', '--subdir', 'DAGS_FOLDER/penjadwalan.py', '--cfg-path', '/tmp/tmpfw7zs2wq']
[2022-08-03 10:18:02,169] {standard_task_runner.py:76} INFO - Job 975: Subtask dapat_suhu
[2022-08-03 10:18:02,255] {logging_mixin.py:103} INFO - Running <TaskInstance: penjadwalan.dapat_suhu 2022-08-03T10:16:00+00:00 [running]> on host b4dcda255553
[2022-08-03 10:18:02,399] {taskinstance.py:1232} INFO - Exporting the following env vars:
AIRFLOW_CTX_DAG_OWNER=airflow
AIRFLOW_CTX_DAG_ID=penjadwalan
AIRFLOW_CTX_TASK_ID=dapat_suhu
AIRFLOW_CTX_EXECUTION_DATE=2022-08-03T10:16:00+00:00
AIRFLOW_CTX_DAG_RUN_ID=scheduled__2022-08-03T10:16:00+00:00
[2022-08-03 10:18:02,615] {logging_mixin.py:103} INFO - {'kota': 'Bali', 'cuaca': 'Clouds', 'cuaca_deskripsi': 'broken clouds', 'temperatur': 299.39, 'waktu': '2022-08-03T10:18:02.614706'}
[2022-08-03 10:18:02,813] {logging_mixin.py:103} INFO - {'kota': 'Lombok', 'cuaca': 'Clouds', 'cuaca_deskripsi': 'overcast clouds', 'temperatur': 295.7, 'waktu': '2022-08-03T10:18:02.813301'}
[2022-08-03 10:18:03,007] {logging_mixin.py:103} INFO - {'kota': 'Labuan Bajo', 'cuaca': 'Clouds', 'cuaca_deskripsi': 'overcast clouds', 'temperatur': 298.84, 'waktu': '2022-08-03T10:18:03.007195'}
[2022-08-03 10:18:03,161] {logging_mixin.py:103} INFO - {'kota': 'Bogor', 'cuaca': 'Clouds', 'cuaca_deskripsi': 'overcast clouds', 'temperatur': 299.97, 'waktu': '2022-08-03T10:18:03.161630'}
[2022-08-03 10:18:03,329] {logging_mixin.py:103} INFO - {'kota': 'Bandung', 'cuaca': 'Clouds', 'cuaca_deskripsi': 'overcast clouds', 'temperatur': 296.4, 'waktu': '2022-08-03T10:18:03.329691'}
[2022-08-03 10:18:03,330] {python.py:118} INFO - Done. Returned value was: None
[2022-08-03 10:18:03,355] {taskinstance.py:1142} INFO - Marking task as SUCCESS. dag_id=penjadwalan, task_id=dapat_suhu, execution_date=20220803T101600, start_date=20220803T101802, end_date=20220803T101803
[2022-08-03 10:18:03,411] {taskinstance.py:1195} INFO - 0 downstream tasks scheduled from follow-on schedule check
[2022-08-03 10:18:03,459] {local_task_job.py:118} INFO - Task exited with return code 0
