[2022-08-03 02:16:02,919] {taskinstance.py:826} INFO - Dependencies all met for <TaskInstance: penjadwalan.dapat_suhu 2022-08-03T02:14:00+00:00 [queued]>
[2022-08-03 02:16:03,090] {taskinstance.py:826} INFO - Dependencies all met for <TaskInstance: penjadwalan.dapat_suhu 2022-08-03T02:14:00+00:00 [queued]>
[2022-08-03 02:16:03,094] {taskinstance.py:1017} INFO - 
--------------------------------------------------------------------------------
[2022-08-03 02:16:03,096] {taskinstance.py:1018} INFO - Starting attempt 1 of 1
[2022-08-03 02:16:03,098] {taskinstance.py:1019} INFO - 
--------------------------------------------------------------------------------
[2022-08-03 02:16:03,171] {taskinstance.py:1038} INFO - Executing <Task(PythonOperator): dapat_suhu> on 2022-08-03T02:14:00+00:00
[2022-08-03 02:16:03,190] {standard_task_runner.py:51} INFO - Started process 22923 to run task
[2022-08-03 02:16:03,204] {standard_task_runner.py:75} INFO - Running: ['airflow', 'tasks', 'run', 'penjadwalan', 'dapat_suhu', '2022-08-03T02:14:00+00:00', '--job-id', '510', '--pool', 'default_pool', '--raw', '--subdir', 'DAGS_FOLDER/penjadwalan.py', '--cfg-path', '/tmp/tmpjyn_q3yl']
[2022-08-03 02:16:03,217] {standard_task_runner.py:76} INFO - Job 510: Subtask dapat_suhu
[2022-08-03 02:16:03,530] {logging_mixin.py:103} INFO - Running <TaskInstance: penjadwalan.dapat_suhu 2022-08-03T02:14:00+00:00 [running]> on host b4dcda255553
[2022-08-03 02:16:03,966] {taskinstance.py:1232} INFO - Exporting the following env vars:
AIRFLOW_CTX_DAG_OWNER=airflow
AIRFLOW_CTX_DAG_ID=penjadwalan
AIRFLOW_CTX_TASK_ID=dapat_suhu
AIRFLOW_CTX_EXECUTION_DATE=2022-08-03T02:14:00+00:00
AIRFLOW_CTX_DAG_RUN_ID=scheduled__2022-08-03T02:14:00+00:00
[2022-08-03 02:16:04,772] {logging_mixin.py:103} INFO - {'kota': 'Bali', 'cuaca': 'Clouds', 'cuaca_deskripsi': 'broken clouds', 'temperatur': 298.28, 'waktu': '2022-08-03T02:16:04.771749'}
[2022-08-03 02:16:05,199] {logging_mixin.py:103} INFO - {'kota': 'Lombok', 'cuaca': 'Rain', 'cuaca_deskripsi': 'heavy intensity rain', 'temperatur': 295.93, 'waktu': '2022-08-03T02:16:05.198634'}
[2022-08-03 02:16:05,762] {logging_mixin.py:103} INFO - {'kota': 'Labuan Bajo', 'cuaca': 'Clouds', 'cuaca_deskripsi': 'broken clouds', 'temperatur': 301.94, 'waktu': '2022-08-03T02:16:05.762130'}
[2022-08-03 02:16:06,188] {logging_mixin.py:103} INFO - {'kota': 'Bogor', 'cuaca': 'Clouds', 'cuaca_deskripsi': 'overcast clouds', 'temperatur': 299.92, 'waktu': '2022-08-03T02:16:06.187912'}
[2022-08-03 02:16:06,583] {logging_mixin.py:103} INFO - {'kota': 'Bandung', 'cuaca': 'Clouds', 'cuaca_deskripsi': 'scattered clouds', 'temperatur': 299.15, 'waktu': '2022-08-03T02:16:06.583011'}
[2022-08-03 02:16:06,597] {python.py:118} INFO - Done. Returned value was: None
[2022-08-03 02:16:06,740] {taskinstance.py:1142} INFO - Marking task as SUCCESS. dag_id=penjadwalan, task_id=dapat_suhu, execution_date=20220803T021400, start_date=20220803T021602, end_date=20220803T021606
[2022-08-03 02:16:06,930] {taskinstance.py:1195} INFO - 0 downstream tasks scheduled from follow-on schedule check
[2022-08-03 02:16:06,970] {local_task_job.py:118} INFO - Task exited with return code 0
