[2022-08-03 10:02:01,582] {taskinstance.py:826} INFO - Dependencies all met for <TaskInstance: penjadwalan.dapat_suhu 2022-08-03T10:00:00+00:00 [queued]>
[2022-08-03 10:02:01,603] {taskinstance.py:826} INFO - Dependencies all met for <TaskInstance: penjadwalan.dapat_suhu 2022-08-03T10:00:00+00:00 [queued]>
[2022-08-03 10:02:01,604] {taskinstance.py:1017} INFO - 
--------------------------------------------------------------------------------
[2022-08-03 10:02:01,604] {taskinstance.py:1018} INFO - Starting attempt 1 of 1
[2022-08-03 10:02:01,605] {taskinstance.py:1019} INFO - 
--------------------------------------------------------------------------------
[2022-08-03 10:02:01,617] {taskinstance.py:1038} INFO - Executing <Task(PythonOperator): dapat_suhu> on 2022-08-03T10:00:00+00:00
[2022-08-03 10:02:01,621] {standard_task_runner.py:51} INFO - Started process 18369 to run task
[2022-08-03 10:02:01,627] {standard_task_runner.py:75} INFO - Running: ['airflow', 'tasks', 'run', 'penjadwalan', 'dapat_suhu', '2022-08-03T10:00:00+00:00', '--job-id', '963', '--pool', 'default_pool', '--raw', '--subdir', 'DAGS_FOLDER/penjadwalan.py', '--cfg-path', '/tmp/tmplh_tn19s']
[2022-08-03 10:02:01,630] {standard_task_runner.py:76} INFO - Job 963: Subtask dapat_suhu
[2022-08-03 10:02:01,702] {logging_mixin.py:103} INFO - Running <TaskInstance: penjadwalan.dapat_suhu 2022-08-03T10:00:00+00:00 [running]> on host b4dcda255553
[2022-08-03 10:02:01,850] {taskinstance.py:1232} INFO - Exporting the following env vars:
AIRFLOW_CTX_DAG_OWNER=airflow
AIRFLOW_CTX_DAG_ID=penjadwalan
AIRFLOW_CTX_TASK_ID=dapat_suhu
AIRFLOW_CTX_EXECUTION_DATE=2022-08-03T10:00:00+00:00
AIRFLOW_CTX_DAG_RUN_ID=scheduled__2022-08-03T10:00:00+00:00
[2022-08-03 10:02:02,006] {logging_mixin.py:103} INFO - {'kota': 'Bali', 'cuaca': 'Clouds', 'cuaca_deskripsi': 'broken clouds', 'temperatur': 300.5, 'waktu': '2022-08-03T10:02:02.006514'}
[2022-08-03 10:02:02,133] {logging_mixin.py:103} INFO - {'kota': 'Lombok', 'cuaca': 'Clouds', 'cuaca_deskripsi': 'overcast clouds', 'temperatur': 295.7, 'waktu': '2022-08-03T10:02:02.133320'}
[2022-08-03 10:02:02,251] {logging_mixin.py:103} INFO - {'kota': 'Labuan Bajo', 'cuaca': 'Clouds', 'cuaca_deskripsi': 'overcast clouds', 'temperatur': 298.84, 'waktu': '2022-08-03T10:02:02.251283'}
[2022-08-03 10:02:02,422] {logging_mixin.py:103} INFO - {'kota': 'Bogor', 'cuaca': 'Clouds', 'cuaca_deskripsi': 'overcast clouds', 'temperatur': 300.82, 'waktu': '2022-08-03T10:02:02.422094'}
[2022-08-03 10:02:02,629] {logging_mixin.py:103} INFO - {'kota': 'Bandung', 'cuaca': 'Clouds', 'cuaca_deskripsi': 'overcast clouds', 'temperatur': 296.4, 'waktu': '2022-08-03T10:02:02.628787'}
[2022-08-03 10:02:02,630] {python.py:118} INFO - Done. Returned value was: None
[2022-08-03 10:02:02,713] {taskinstance.py:1142} INFO - Marking task as SUCCESS. dag_id=penjadwalan, task_id=dapat_suhu, execution_date=20220803T100000, start_date=20220803T100201, end_date=20220803T100202
[2022-08-03 10:02:02,771] {taskinstance.py:1195} INFO - 0 downstream tasks scheduled from follow-on schedule check
[2022-08-03 10:02:02,809] {local_task_job.py:118} INFO - Task exited with return code 0
