[2022-08-03 09:48:01,572] {taskinstance.py:826} INFO - Dependencies all met for <TaskInstance: penjadwalan.dapat_suhu 2022-08-03T09:46:00+00:00 [queued]>
[2022-08-03 09:48:01,594] {taskinstance.py:826} INFO - Dependencies all met for <TaskInstance: penjadwalan.dapat_suhu 2022-08-03T09:46:00+00:00 [queued]>
[2022-08-03 09:48:01,595] {taskinstance.py:1017} INFO - 
--------------------------------------------------------------------------------
[2022-08-03 09:48:01,595] {taskinstance.py:1018} INFO - Starting attempt 1 of 1
[2022-08-03 09:48:01,596] {taskinstance.py:1019} INFO - 
--------------------------------------------------------------------------------
[2022-08-03 09:48:01,608] {taskinstance.py:1038} INFO - Executing <Task(PythonOperator): dapat_suhu> on 2022-08-03T09:46:00+00:00
[2022-08-03 09:48:01,612] {standard_task_runner.py:51} INFO - Started process 21191 to run task
[2022-08-03 09:48:01,617] {standard_task_runner.py:75} INFO - Running: ['airflow', 'tasks', 'run', 'penjadwalan', 'dapat_suhu', '2022-08-03T09:46:00+00:00', '--job-id', '948', '--pool', 'default_pool', '--raw', '--subdir', 'DAGS_FOLDER/penjadwalan.py', '--cfg-path', '/tmp/tmp751h163q']
[2022-08-03 09:48:01,621] {standard_task_runner.py:76} INFO - Job 948: Subtask dapat_suhu
[2022-08-03 09:48:01,688] {logging_mixin.py:103} INFO - Running <TaskInstance: penjadwalan.dapat_suhu 2022-08-03T09:46:00+00:00 [running]> on host b4dcda255553
[2022-08-03 09:48:01,756] {taskinstance.py:1232} INFO - Exporting the following env vars:
AIRFLOW_CTX_DAG_OWNER=airflow
AIRFLOW_CTX_DAG_ID=penjadwalan
AIRFLOW_CTX_TASK_ID=dapat_suhu
AIRFLOW_CTX_EXECUTION_DATE=2022-08-03T09:46:00+00:00
AIRFLOW_CTX_DAG_RUN_ID=scheduled__2022-08-03T09:46:00+00:00
[2022-08-03 09:48:01,894] {logging_mixin.py:103} INFO - {'kota': 'Bali', 'cuaca': 'Clouds', 'cuaca_deskripsi': 'broken clouds', 'temperatur': 300.5, 'waktu': '2022-08-03T09:48:01.894462'}
[2022-08-03 09:48:02,188] {logging_mixin.py:103} INFO - {'kota': 'Lombok', 'cuaca': 'Clouds', 'cuaca_deskripsi': 'overcast clouds', 'temperatur': 295.7, 'waktu': '2022-08-03T09:48:02.188050'}
[2022-08-03 09:48:02,340] {logging_mixin.py:103} INFO - {'kota': 'Labuan Bajo', 'cuaca': 'Clouds', 'cuaca_deskripsi': 'overcast clouds', 'temperatur': 298.84, 'waktu': '2022-08-03T09:48:02.339951'}
[2022-08-03 09:48:02,463] {logging_mixin.py:103} INFO - {'kota': 'Bogor', 'cuaca': 'Rain', 'cuaca_deskripsi': 'light rain', 'temperatur': 301.93, 'waktu': '2022-08-03T09:48:02.463516'}
[2022-08-03 09:48:02,623] {logging_mixin.py:103} INFO - {'kota': 'Bandung', 'cuaca': 'Clouds', 'cuaca_deskripsi': 'overcast clouds', 'temperatur': 296.4, 'waktu': '2022-08-03T09:48:02.622911'}
[2022-08-03 09:48:02,623] {python.py:118} INFO - Done. Returned value was: None
[2022-08-03 09:48:02,645] {taskinstance.py:1142} INFO - Marking task as SUCCESS. dag_id=penjadwalan, task_id=dapat_suhu, execution_date=20220803T094600, start_date=20220803T094801, end_date=20220803T094802
[2022-08-03 09:48:02,691] {taskinstance.py:1195} INFO - 0 downstream tasks scheduled from follow-on schedule check
[2022-08-03 09:48:02,713] {local_task_job.py:118} INFO - Task exited with return code 0
