[2022-08-03 05:40:01,072] {taskinstance.py:826} INFO - Dependencies all met for <TaskInstance: penjadwalan.dapat_suhu 2022-08-03T05:38:00+00:00 [queued]>
[2022-08-03 05:40:01,105] {taskinstance.py:826} INFO - Dependencies all met for <TaskInstance: penjadwalan.dapat_suhu 2022-08-03T05:38:00+00:00 [queued]>
[2022-08-03 05:40:01,106] {taskinstance.py:1017} INFO - 
--------------------------------------------------------------------------------
[2022-08-03 05:40:01,106] {taskinstance.py:1018} INFO - Starting attempt 1 of 1
[2022-08-03 05:40:01,107] {taskinstance.py:1019} INFO - 
--------------------------------------------------------------------------------
[2022-08-03 05:40:01,123] {taskinstance.py:1038} INFO - Executing <Task(PythonOperator): dapat_suhu> on 2022-08-03T05:38:00+00:00
[2022-08-03 05:40:01,130] {standard_task_runner.py:51} INFO - Started process 8006 to run task
[2022-08-03 05:40:01,148] {standard_task_runner.py:75} INFO - Running: ['airflow', 'tasks', 'run', 'penjadwalan', 'dapat_suhu', '2022-08-03T05:38:00+00:00', '--job-id', '693', '--pool', 'default_pool', '--raw', '--subdir', 'DAGS_FOLDER/penjadwalan.py', '--cfg-path', '/tmp/tmpqn4gp7pd']
[2022-08-03 05:40:01,157] {standard_task_runner.py:76} INFO - Job 693: Subtask dapat_suhu
[2022-08-03 05:40:01,278] {logging_mixin.py:103} INFO - Running <TaskInstance: penjadwalan.dapat_suhu 2022-08-03T05:38:00+00:00 [running]> on host b4dcda255553
[2022-08-03 05:40:01,404] {taskinstance.py:1232} INFO - Exporting the following env vars:
AIRFLOW_CTX_DAG_OWNER=airflow
AIRFLOW_CTX_DAG_ID=penjadwalan
AIRFLOW_CTX_TASK_ID=dapat_suhu
AIRFLOW_CTX_EXECUTION_DATE=2022-08-03T05:38:00+00:00
AIRFLOW_CTX_DAG_RUN_ID=scheduled__2022-08-03T05:38:00+00:00
[2022-08-03 05:40:01,699] {logging_mixin.py:103} INFO - {'kota': 'Bali', 'cuaca': 'Clouds', 'cuaca_deskripsi': 'scattered clouds', 'temperatur': 302.69, 'waktu': '2022-08-03T05:40:01.699540'}
[2022-08-03 05:40:01,894] {logging_mixin.py:103} INFO - {'kota': 'Lombok', 'cuaca': 'Rain', 'cuaca_deskripsi': 'moderate rain', 'temperatur': 297.64, 'waktu': '2022-08-03T05:40:01.894676'}
[2022-08-03 05:40:02,101] {logging_mixin.py:103} INFO - {'kota': 'Labuan Bajo', 'cuaca': 'Clouds', 'cuaca_deskripsi': 'broken clouds', 'temperatur': 300.81, 'waktu': '2022-08-03T05:40:02.101234'}
[2022-08-03 05:40:02,323] {logging_mixin.py:103} INFO - {'kota': 'Bogor', 'cuaca': 'Clouds', 'cuaca_deskripsi': 'overcast clouds', 'temperatur': 303.96, 'waktu': '2022-08-03T05:40:02.323218'}
[2022-08-03 05:40:02,519] {logging_mixin.py:103} INFO - {'kota': 'Bandung', 'cuaca': 'Clouds', 'cuaca_deskripsi': 'broken clouds', 'temperatur': 301.75, 'waktu': '2022-08-03T05:40:02.519601'}
[2022-08-03 05:40:02,520] {python.py:118} INFO - Done. Returned value was: None
[2022-08-03 05:40:02,850] {taskinstance.py:1142} INFO - Marking task as SUCCESS. dag_id=penjadwalan, task_id=dapat_suhu, execution_date=20220803T053800, start_date=20220803T054001, end_date=20220803T054002
[2022-08-03 05:40:03,991] {taskinstance.py:1195} INFO - 0 downstream tasks scheduled from follow-on schedule check
[2022-08-03 05:40:04,004] {local_task_job.py:118} INFO - Task exited with return code 0
