[2022-08-03 00:48:22,551] {taskinstance.py:826} INFO - Dependencies all met for <TaskInstance: penjadwalan.dapat_suhu 2022-08-03T00:32:00+00:00 [queued]>
[2022-08-03 00:48:22,607] {taskinstance.py:826} INFO - Dependencies all met for <TaskInstance: penjadwalan.dapat_suhu 2022-08-03T00:32:00+00:00 [queued]>
[2022-08-03 00:48:22,607] {taskinstance.py:1017} INFO - 
--------------------------------------------------------------------------------
[2022-08-03 00:48:22,608] {taskinstance.py:1018} INFO - Starting attempt 1 of 1
[2022-08-03 00:48:22,609] {taskinstance.py:1019} INFO - 
--------------------------------------------------------------------------------
[2022-08-03 00:48:22,645] {taskinstance.py:1038} INFO - Executing <Task(PythonOperator): dapat_suhu> on 2022-08-03T00:32:00+00:00
[2022-08-03 00:48:22,651] {standard_task_runner.py:51} INFO - Started process 859 to run task
[2022-08-03 00:48:22,711] {standard_task_runner.py:75} INFO - Running: ['airflow', 'tasks', 'run', 'penjadwalan', 'dapat_suhu', '2022-08-03T00:32:00+00:00', '--job-id', '423', '--pool', 'default_pool', '--raw', '--subdir', 'DAGS_FOLDER/penjadwalan.py', '--cfg-path', '/tmp/tmpm8hbh7xf']
[2022-08-03 00:48:22,736] {standard_task_runner.py:76} INFO - Job 423: Subtask dapat_suhu
[2022-08-03 00:48:22,911] {logging_mixin.py:103} INFO - Running <TaskInstance: penjadwalan.dapat_suhu 2022-08-03T00:32:00+00:00 [running]> on host b4dcda255553
[2022-08-03 00:48:23,163] {taskinstance.py:1232} INFO - Exporting the following env vars:
AIRFLOW_CTX_DAG_OWNER=airflow
AIRFLOW_CTX_DAG_ID=penjadwalan
AIRFLOW_CTX_TASK_ID=dapat_suhu
AIRFLOW_CTX_EXECUTION_DATE=2022-08-03T00:32:00+00:00
AIRFLOW_CTX_DAG_RUN_ID=scheduled__2022-08-03T00:32:00+00:00
[2022-08-03 00:48:25,350] {logging_mixin.py:103} INFO - {'kota': 'Bali', 'cuaca': 'Clouds', 'cuaca_deskripsi': 'overcast clouds', 'temperatur': 298.28, 'waktu': '2022-08-03T00:48:25.350730'}
[2022-08-03 00:48:25,729] {logging_mixin.py:103} INFO - {'kota': 'Lombok', 'cuaca': 'Clouds', 'cuaca_deskripsi': 'overcast clouds', 'temperatur': 295.51, 'waktu': '2022-08-03T00:48:25.729450'}
[2022-08-03 00:48:26,248] {logging_mixin.py:103} INFO - {'kota': 'Labuan Bajo', 'cuaca': 'Clouds', 'cuaca_deskripsi': 'scattered clouds', 'temperatur': 300.93, 'waktu': '2022-08-03T00:48:26.248277'}
[2022-08-03 00:48:26,772] {logging_mixin.py:103} INFO - {'kota': 'Bogor', 'cuaca': 'Rain', 'cuaca_deskripsi': 'light rain', 'temperatur': 300.87, 'waktu': '2022-08-03T00:48:26.772475'}
[2022-08-03 00:48:27,077] {logging_mixin.py:103} INFO - {'kota': 'Bandung', 'cuaca': 'Clouds', 'cuaca_deskripsi': 'scattered clouds', 'temperatur': 296.92, 'waktu': '2022-08-03T00:48:27.077222'}
[2022-08-03 00:48:27,079] {python.py:118} INFO - Done. Returned value was: None
[2022-08-03 00:48:27,130] {taskinstance.py:1142} INFO - Marking task as SUCCESS. dag_id=penjadwalan, task_id=dapat_suhu, execution_date=20220803T003200, start_date=20220803T004822, end_date=20220803T004827
[2022-08-03 00:48:27,530] {taskinstance.py:1195} INFO - 0 downstream tasks scheduled from follow-on schedule check
[2022-08-03 00:48:27,566] {local_task_job.py:118} INFO - Task exited with return code 0
