[2022-08-02 14:40:02,818] {taskinstance.py:826} INFO - Dependencies all met for <TaskInstance: my_simple_dag.greet 2022-08-02T14:30:00+00:00 [queued]>
[2022-08-02 14:40:02,860] {taskinstance.py:826} INFO - Dependencies all met for <TaskInstance: my_simple_dag.greet 2022-08-02T14:30:00+00:00 [queued]>
[2022-08-02 14:40:02,861] {taskinstance.py:1017} INFO - 
--------------------------------------------------------------------------------
[2022-08-02 14:40:02,862] {taskinstance.py:1018} INFO - Starting attempt 1 of 1
[2022-08-02 14:40:02,863] {taskinstance.py:1019} INFO - 
--------------------------------------------------------------------------------
[2022-08-02 14:40:02,887] {taskinstance.py:1038} INFO - Executing <Task(PythonOperator): greet> on 2022-08-02T14:30:00+00:00
[2022-08-02 14:40:02,894] {standard_task_runner.py:51} INFO - Started process 1912 to run task
[2022-08-02 14:40:02,903] {standard_task_runner.py:75} INFO - Running: ['airflow', 'tasks', 'run', 'my_simple_dag', 'greet', '2022-08-02T14:30:00+00:00', '--job-id', '20', '--pool', 'default_pool', '--raw', '--subdir', 'DAGS_FOLDER/my_simple_dag.py', '--cfg-path', '/tmp/tmplvva8eks']
[2022-08-02 14:40:02,911] {standard_task_runner.py:76} INFO - Job 20: Subtask greet
[2022-08-02 14:40:03,033] {logging_mixin.py:103} INFO - Running <TaskInstance: my_simple_dag.greet 2022-08-02T14:30:00+00:00 [running]> on host b4dcda255553
[2022-08-02 14:40:03,154] {taskinstance.py:1232} INFO - Exporting the following env vars:
AIRFLOW_CTX_DAG_OWNER=airflow
AIRFLOW_CTX_DAG_ID=my_simple_dag
AIRFLOW_CTX_TASK_ID=greet
AIRFLOW_CTX_EXECUTION_DATE=2022-08-02T14:30:00+00:00
AIRFLOW_CTX_DAG_RUN_ID=scheduled__2022-08-02T14:30:00+00:00
[2022-08-02 14:40:03,155] {logging_mixin.py:103} INFO - Halo Salam dari Apache Airflow2022-08-02 14:40
[2022-08-02 14:40:03,156] {python.py:118} INFO - Done. Returned value was: None
[2022-08-02 14:40:03,184] {taskinstance.py:1142} INFO - Marking task as SUCCESS. dag_id=my_simple_dag, task_id=greet, execution_date=20220802T143000, start_date=20220802T144002, end_date=20220802T144003
[2022-08-02 14:40:03,322] {taskinstance.py:1195} INFO - 0 downstream tasks scheduled from follow-on schedule check
[2022-08-02 14:40:03,367] {local_task_job.py:118} INFO - Task exited with return code 0
