[2022-08-02 14:50:03,931] {taskinstance.py:826} INFO - Dependencies all met for <TaskInstance: pokea.sleep_me 2022-08-02T14:40:00+00:00 [queued]>
[2022-08-02 14:50:04,005] {taskinstance.py:826} INFO - Dependencies all met for <TaskInstance: pokea.sleep_me 2022-08-02T14:40:00+00:00 [queued]>
[2022-08-02 14:50:04,006] {taskinstance.py:1017} INFO - 
--------------------------------------------------------------------------------
[2022-08-02 14:50:04,007] {taskinstance.py:1018} INFO - Starting attempt 1 of 1
[2022-08-02 14:50:04,008] {taskinstance.py:1019} INFO - 
--------------------------------------------------------------------------------
[2022-08-02 14:50:04,054] {taskinstance.py:1038} INFO - Executing <Task(BashOperator): sleep_me> on 2022-08-02T14:40:00+00:00
[2022-08-02 14:50:04,060] {standard_task_runner.py:51} INFO - Started process 994 to run task
[2022-08-02 14:50:04,097] {standard_task_runner.py:75} INFO - Running: ['airflow', 'tasks', 'run', 'pokea', 'sleep_me', '2022-08-02T14:40:00+00:00', '--job-id', '31', '--pool', 'default_pool', '--raw', '--subdir', 'DAGS_FOLDER/pokea.py', '--cfg-path', '/tmp/tmpkq2gcrt4']
[2022-08-02 14:50:04,113] {standard_task_runner.py:76} INFO - Job 31: Subtask sleep_me
[2022-08-02 14:50:04,221] {logging_mixin.py:103} INFO - Running <TaskInstance: pokea.sleep_me 2022-08-02T14:40:00+00:00 [running]> on host b4dcda255553
[2022-08-02 14:50:04,307] {taskinstance.py:1232} INFO - Exporting the following env vars:
AIRFLOW_CTX_DAG_OWNER=airflow
AIRFLOW_CTX_DAG_ID=pokea
AIRFLOW_CTX_TASK_ID=sleep_me
AIRFLOW_CTX_EXECUTION_DATE=2022-08-02T14:40:00+00:00
AIRFLOW_CTX_DAG_RUN_ID=scheduled__2022-08-02T14:40:00+00:00
[2022-08-02 14:50:04,308] {bash.py:135} INFO - Tmp dir root location: 
 /tmp
[2022-08-02 14:50:04,310] {bash.py:158} INFO - Running command: sleep 5
[2022-08-02 14:50:04,322] {bash.py:169} INFO - Output:
[2022-08-02 14:50:09,327] {bash.py:177} INFO - Command exited with return code 0
[2022-08-02 14:50:09,381] {taskinstance.py:1142} INFO - Marking task as SUCCESS. dag_id=pokea, task_id=sleep_me, execution_date=20220802T144000, start_date=20220802T145003, end_date=20220802T145009
[2022-08-02 14:50:09,481] {taskinstance.py:1195} INFO - 0 downstream tasks scheduled from follow-on schedule check
[2022-08-02 14:50:09,529] {local_task_job.py:118} INFO - Task exited with return code 0
