[2022-08-03 01:48:01,118] {taskinstance.py:826} INFO - Dependencies all met for <TaskInstance: penjadwalan.dapat_suhu 2022-08-03T01:46:00+00:00 [queued]>
[2022-08-03 01:48:01,141] {taskinstance.py:826} INFO - Dependencies all met for <TaskInstance: penjadwalan.dapat_suhu 2022-08-03T01:46:00+00:00 [queued]>
[2022-08-03 01:48:01,141] {taskinstance.py:1017} INFO - 
--------------------------------------------------------------------------------
[2022-08-03 01:48:01,142] {taskinstance.py:1018} INFO - Starting attempt 1 of 1
[2022-08-03 01:48:01,142] {taskinstance.py:1019} INFO - 
--------------------------------------------------------------------------------
[2022-08-03 01:48:01,156] {taskinstance.py:1038} INFO - Executing <Task(PythonOperator): dapat_suhu> on 2022-08-03T01:46:00+00:00
[2022-08-03 01:48:01,161] {standard_task_runner.py:51} INFO - Started process 14914 to run task
[2022-08-03 01:48:01,166] {standard_task_runner.py:75} INFO - Running: ['airflow', 'tasks', 'run', 'penjadwalan', 'dapat_suhu', '2022-08-03T01:46:00+00:00', '--job-id', '484', '--pool', 'default_pool', '--raw', '--subdir', 'DAGS_FOLDER/penjadwalan.py', '--cfg-path', '/tmp/tmppru2f98e']
[2022-08-03 01:48:01,170] {standard_task_runner.py:76} INFO - Job 484: Subtask dapat_suhu
[2022-08-03 01:48:01,244] {logging_mixin.py:103} INFO - Running <TaskInstance: penjadwalan.dapat_suhu 2022-08-03T01:46:00+00:00 [running]> on host b4dcda255553
[2022-08-03 01:48:01,326] {taskinstance.py:1232} INFO - Exporting the following env vars:
AIRFLOW_CTX_DAG_OWNER=airflow
AIRFLOW_CTX_DAG_ID=penjadwalan
AIRFLOW_CTX_TASK_ID=dapat_suhu
AIRFLOW_CTX_EXECUTION_DATE=2022-08-03T01:46:00+00:00
AIRFLOW_CTX_DAG_RUN_ID=scheduled__2022-08-03T01:46:00+00:00
[2022-08-03 01:48:01,657] {logging_mixin.py:103} INFO - {'kota': 'Bali', 'cuaca': 'Clouds', 'cuaca_deskripsi': 'broken clouds', 'temperatur': 298.28, 'waktu': '2022-08-03T01:48:01.656965'}
[2022-08-03 01:48:02,152] {logging_mixin.py:103} INFO - {'kota': 'Lombok', 'cuaca': 'Rain', 'cuaca_deskripsi': 'moderate rain', 'temperatur': 295.93, 'waktu': '2022-08-03T01:48:02.152817'}
[2022-08-03 01:48:02,678] {logging_mixin.py:103} INFO - {'kota': 'Labuan Bajo', 'cuaca': 'Clouds', 'cuaca_deskripsi': 'broken clouds', 'temperatur': 301.94, 'waktu': '2022-08-03T01:48:02.678233'}
[2022-08-03 01:48:02,980] {logging_mixin.py:103} INFO - {'kota': 'Bogor', 'cuaca': 'Clouds', 'cuaca_deskripsi': 'overcast clouds', 'temperatur': 299.37, 'waktu': '2022-08-03T01:48:02.980105'}
[2022-08-03 01:48:03,690] {logging_mixin.py:103} INFO - {'kota': 'Bandung', 'cuaca': 'Clouds', 'cuaca_deskripsi': 'scattered clouds', 'temperatur': 299.15, 'waktu': '2022-08-03T01:48:03.690752'}
[2022-08-03 01:48:03,691] {python.py:118} INFO - Done. Returned value was: None
[2022-08-03 01:48:03,704] {taskinstance.py:1142} INFO - Marking task as SUCCESS. dag_id=penjadwalan, task_id=dapat_suhu, execution_date=20220803T014600, start_date=20220803T014801, end_date=20220803T014803
[2022-08-03 01:48:03,735] {taskinstance.py:1195} INFO - 0 downstream tasks scheduled from follow-on schedule check
[2022-08-03 01:48:03,746] {local_task_job.py:118} INFO - Task exited with return code 0
