[2022-08-03 00:47:46,987] {taskinstance.py:826} INFO - Dependencies all met for <TaskInstance: penjadwalan.dapat_suhu 2022-08-02T23:06:00+00:00 [queued]>
[2022-08-03 00:47:47,101] {taskinstance.py:826} INFO - Dependencies all met for <TaskInstance: penjadwalan.dapat_suhu 2022-08-02T23:06:00+00:00 [queued]>
[2022-08-03 00:47:47,102] {taskinstance.py:1017} INFO - 
--------------------------------------------------------------------------------
[2022-08-03 00:47:47,132] {taskinstance.py:1018} INFO - Starting attempt 1 of 1
[2022-08-03 00:47:47,133] {taskinstance.py:1019} INFO - 
--------------------------------------------------------------------------------
[2022-08-03 00:47:47,161] {taskinstance.py:1038} INFO - Executing <Task(PythonOperator): dapat_suhu> on 2022-08-02T23:06:00+00:00
[2022-08-03 00:47:47,167] {standard_task_runner.py:51} INFO - Started process 31876 to run task
[2022-08-03 00:47:47,179] {standard_task_runner.py:75} INFO - Running: ['airflow', 'tasks', 'run', 'penjadwalan', 'dapat_suhu', '2022-08-02T23:06:00+00:00', '--job-id', '380', '--pool', 'default_pool', '--raw', '--subdir', 'DAGS_FOLDER/penjadwalan.py', '--cfg-path', '/tmp/tmpld3vg0j6']
[2022-08-03 00:47:47,192] {standard_task_runner.py:76} INFO - Job 380: Subtask dapat_suhu
[2022-08-03 00:47:47,338] {logging_mixin.py:103} INFO - Running <TaskInstance: penjadwalan.dapat_suhu 2022-08-02T23:06:00+00:00 [running]> on host b4dcda255553
[2022-08-03 00:47:47,471] {taskinstance.py:1232} INFO - Exporting the following env vars:
AIRFLOW_CTX_DAG_OWNER=airflow
AIRFLOW_CTX_DAG_ID=penjadwalan
AIRFLOW_CTX_TASK_ID=dapat_suhu
AIRFLOW_CTX_EXECUTION_DATE=2022-08-02T23:06:00+00:00
AIRFLOW_CTX_DAG_RUN_ID=scheduled__2022-08-02T23:06:00+00:00
[2022-08-03 00:47:49,957] {logging_mixin.py:103} INFO - {'kota': 'Bali', 'cuaca': 'Clouds', 'cuaca_deskripsi': 'overcast clouds', 'temperatur': 298.28, 'waktu': '2022-08-03T00:47:49.957668'}
[2022-08-03 00:47:50,752] {logging_mixin.py:103} INFO - {'kota': 'Lombok', 'cuaca': 'Clouds', 'cuaca_deskripsi': 'overcast clouds', 'temperatur': 295.51, 'waktu': '2022-08-03T00:47:50.751977'}
[2022-08-03 00:47:52,404] {logging_mixin.py:103} INFO - {'kota': 'Labuan Bajo', 'cuaca': 'Clouds', 'cuaca_deskripsi': 'scattered clouds', 'temperatur': 300.93, 'waktu': '2022-08-03T00:47:52.404820'}
[2022-08-03 00:47:53,342] {logging_mixin.py:103} INFO - {'kota': 'Bogor', 'cuaca': 'Rain', 'cuaca_deskripsi': 'light rain', 'temperatur': 300.87, 'waktu': '2022-08-03T00:47:53.342180'}
[2022-08-03 00:47:54,583] {logging_mixin.py:103} INFO - {'kota': 'Bandung', 'cuaca': 'Clouds', 'cuaca_deskripsi': 'scattered clouds', 'temperatur': 296.92, 'waktu': '2022-08-03T00:47:54.583168'}
[2022-08-03 00:47:54,585] {python.py:118} INFO - Done. Returned value was: None
[2022-08-03 00:47:54,629] {taskinstance.py:1142} INFO - Marking task as SUCCESS. dag_id=penjadwalan, task_id=dapat_suhu, execution_date=20220802T230600, start_date=20220803T004747, end_date=20220803T004754
[2022-08-03 00:47:54,708] {taskinstance.py:1195} INFO - 0 downstream tasks scheduled from follow-on schedule check
[2022-08-03 00:47:54,769] {local_task_job.py:118} INFO - Task exited with return code 0
