[2022-08-03 00:47:57,785] {taskinstance.py:826} INFO - Dependencies all met for <TaskInstance: penjadwalan.dapat_suhu 2022-08-02T23:30:00+00:00 [queued]>
[2022-08-03 00:47:57,881] {taskinstance.py:826} INFO - Dependencies all met for <TaskInstance: penjadwalan.dapat_suhu 2022-08-02T23:30:00+00:00 [queued]>
[2022-08-03 00:47:57,881] {taskinstance.py:1017} INFO - 
--------------------------------------------------------------------------------
[2022-08-03 00:47:57,882] {taskinstance.py:1018} INFO - Starting attempt 1 of 1
[2022-08-03 00:47:57,883] {taskinstance.py:1019} INFO - 
--------------------------------------------------------------------------------
[2022-08-03 00:47:57,955] {taskinstance.py:1038} INFO - Executing <Task(PythonOperator): dapat_suhu> on 2022-08-02T23:30:00+00:00
[2022-08-03 00:47:57,972] {standard_task_runner.py:51} INFO - Started process 32218 to run task
[2022-08-03 00:47:57,980] {standard_task_runner.py:75} INFO - Running: ['airflow', 'tasks', 'run', 'penjadwalan', 'dapat_suhu', '2022-08-02T23:30:00+00:00', '--job-id', '392', '--pool', 'default_pool', '--raw', '--subdir', 'DAGS_FOLDER/penjadwalan.py', '--cfg-path', '/tmp/tmpzqwmrqwo']
[2022-08-03 00:47:57,984] {standard_task_runner.py:76} INFO - Job 392: Subtask dapat_suhu
[2022-08-03 00:47:58,226] {logging_mixin.py:103} INFO - Running <TaskInstance: penjadwalan.dapat_suhu 2022-08-02T23:30:00+00:00 [running]> on host b4dcda255553
[2022-08-03 00:47:58,468] {taskinstance.py:1232} INFO - Exporting the following env vars:
AIRFLOW_CTX_DAG_OWNER=airflow
AIRFLOW_CTX_DAG_ID=penjadwalan
AIRFLOW_CTX_TASK_ID=dapat_suhu
AIRFLOW_CTX_EXECUTION_DATE=2022-08-02T23:30:00+00:00
AIRFLOW_CTX_DAG_RUN_ID=scheduled__2022-08-02T23:30:00+00:00
[2022-08-03 00:47:58,711] {logging_mixin.py:103} INFO - {'kota': 'Bali', 'cuaca': 'Clouds', 'cuaca_deskripsi': 'overcast clouds', 'temperatur': 298.28, 'waktu': '2022-08-03T00:47:58.711523'}
[2022-08-03 00:47:59,170] {logging_mixin.py:103} INFO - {'kota': 'Lombok', 'cuaca': 'Clouds', 'cuaca_deskripsi': 'overcast clouds', 'temperatur': 295.51, 'waktu': '2022-08-03T00:47:59.170245'}
[2022-08-03 00:47:59,465] {logging_mixin.py:103} INFO - {'kota': 'Labuan Bajo', 'cuaca': 'Clouds', 'cuaca_deskripsi': 'scattered clouds', 'temperatur': 300.93, 'waktu': '2022-08-03T00:47:59.465326'}
[2022-08-03 00:47:59,658] {logging_mixin.py:103} INFO - {'kota': 'Bogor', 'cuaca': 'Rain', 'cuaca_deskripsi': 'light rain', 'temperatur': 300.87, 'waktu': '2022-08-03T00:47:59.658192'}
[2022-08-03 00:47:59,979] {logging_mixin.py:103} INFO - {'kota': 'Bandung', 'cuaca': 'Clouds', 'cuaca_deskripsi': 'scattered clouds', 'temperatur': 296.92, 'waktu': '2022-08-03T00:47:59.979750'}
[2022-08-03 00:47:59,980] {python.py:118} INFO - Done. Returned value was: None
[2022-08-03 00:48:00,017] {taskinstance.py:1142} INFO - Marking task as SUCCESS. dag_id=penjadwalan, task_id=dapat_suhu, execution_date=20220802T233000, start_date=20220803T004757, end_date=20220803T004800
[2022-08-03 00:48:00,129] {taskinstance.py:1195} INFO - 0 downstream tasks scheduled from follow-on schedule check
[2022-08-03 00:48:00,183] {local_task_job.py:118} INFO - Task exited with return code 0
