[2022-08-03 06:42:02,321] {taskinstance.py:826} INFO - Dependencies all met for <TaskInstance: penjadwalan.dapat_suhu 2022-08-03T06:40:00+00:00 [queued]>
[2022-08-03 06:42:02,385] {taskinstance.py:826} INFO - Dependencies all met for <TaskInstance: penjadwalan.dapat_suhu 2022-08-03T06:40:00+00:00 [queued]>
[2022-08-03 06:42:02,388] {taskinstance.py:1017} INFO - 
--------------------------------------------------------------------------------
[2022-08-03 06:42:02,394] {taskinstance.py:1018} INFO - Starting attempt 1 of 1
[2022-08-03 06:42:02,395] {taskinstance.py:1019} INFO - 
--------------------------------------------------------------------------------
[2022-08-03 06:42:02,439] {taskinstance.py:1038} INFO - Executing <Task(PythonOperator): dapat_suhu> on 2022-08-03T06:40:00+00:00
[2022-08-03 06:42:02,453] {standard_task_runner.py:51} INFO - Started process 6419 to run task
[2022-08-03 06:42:02,471] {standard_task_runner.py:75} INFO - Running: ['airflow', 'tasks', 'run', 'penjadwalan', 'dapat_suhu', '2022-08-03T06:40:00+00:00', '--job-id', '783', '--pool', 'default_pool', '--raw', '--subdir', 'DAGS_FOLDER/penjadwalan.py', '--cfg-path', '/tmp/tmp0elq3p_i']
[2022-08-03 06:42:02,503] {standard_task_runner.py:76} INFO - Job 783: Subtask dapat_suhu
[2022-08-03 06:42:02,744] {logging_mixin.py:103} INFO - Running <TaskInstance: penjadwalan.dapat_suhu 2022-08-03T06:40:00+00:00 [running]> on host b4dcda255553
[2022-08-03 06:42:02,909] {taskinstance.py:1232} INFO - Exporting the following env vars:
AIRFLOW_CTX_DAG_OWNER=airflow
AIRFLOW_CTX_DAG_ID=penjadwalan
AIRFLOW_CTX_TASK_ID=dapat_suhu
AIRFLOW_CTX_EXECUTION_DATE=2022-08-03T06:40:00+00:00
AIRFLOW_CTX_DAG_RUN_ID=scheduled__2022-08-03T06:40:00+00:00
[2022-08-03 06:42:03,268] {logging_mixin.py:103} INFO - {'kota': 'Bali', 'cuaca': 'Clouds', 'cuaca_deskripsi': 'broken clouds', 'temperatur': 302.69, 'waktu': '2022-08-03T06:42:03.268625'}
[2022-08-03 06:42:03,438] {logging_mixin.py:103} INFO - {'kota': 'Lombok', 'cuaca': 'Rain', 'cuaca_deskripsi': 'light rain', 'temperatur': 297.58, 'waktu': '2022-08-03T06:42:03.438217'}
[2022-08-03 06:42:03,619] {logging_mixin.py:103} INFO - {'kota': 'Labuan Bajo', 'cuaca': 'Clouds', 'cuaca_deskripsi': 'overcast clouds', 'temperatur': 300.69, 'waktu': '2022-08-03T06:42:03.619197'}
[2022-08-03 06:42:03,812] {logging_mixin.py:103} INFO - {'kota': 'Bogor', 'cuaca': 'Clouds', 'cuaca_deskripsi': 'overcast clouds', 'temperatur': 305.31, 'waktu': '2022-08-03T06:42:03.812737'}
[2022-08-03 06:42:03,998] {logging_mixin.py:103} INFO - {'kota': 'Bandung', 'cuaca': 'Clouds', 'cuaca_deskripsi': 'overcast clouds', 'temperatur': 301.31, 'waktu': '2022-08-03T06:42:03.998439'}
[2022-08-03 06:42:04,007] {python.py:118} INFO - Done. Returned value was: None
[2022-08-03 06:42:04,061] {taskinstance.py:1142} INFO - Marking task as SUCCESS. dag_id=penjadwalan, task_id=dapat_suhu, execution_date=20220803T064000, start_date=20220803T064202, end_date=20220803T064204
[2022-08-03 06:42:04,166] {taskinstance.py:1195} INFO - 0 downstream tasks scheduled from follow-on schedule check
[2022-08-03 06:42:04,203] {local_task_job.py:118} INFO - Task exited with return code 0
