[2022-08-03 01:54:01,159] {taskinstance.py:826} INFO - Dependencies all met for <TaskInstance: penjadwalan.dapat_suhu 2022-08-03T01:52:00+00:00 [queued]>
[2022-08-03 01:54:01,184] {taskinstance.py:826} INFO - Dependencies all met for <TaskInstance: penjadwalan.dapat_suhu 2022-08-03T01:52:00+00:00 [queued]>
[2022-08-03 01:54:01,185] {taskinstance.py:1017} INFO - 
--------------------------------------------------------------------------------
[2022-08-03 01:54:01,185] {taskinstance.py:1018} INFO - Starting attempt 1 of 1
[2022-08-03 01:54:01,186] {taskinstance.py:1019} INFO - 
--------------------------------------------------------------------------------
[2022-08-03 01:54:01,204] {taskinstance.py:1038} INFO - Executing <Task(PythonOperator): dapat_suhu> on 2022-08-03T01:52:00+00:00
[2022-08-03 01:54:01,210] {standard_task_runner.py:51} INFO - Started process 2726 to run task
[2022-08-03 01:54:01,217] {standard_task_runner.py:75} INFO - Running: ['airflow', 'tasks', 'run', 'penjadwalan', 'dapat_suhu', '2022-08-03T01:52:00+00:00', '--job-id', '491', '--pool', 'default_pool', '--raw', '--subdir', 'DAGS_FOLDER/penjadwalan.py', '--cfg-path', '/tmp/tmp94g7ve5t']
[2022-08-03 01:54:01,221] {standard_task_runner.py:76} INFO - Job 491: Subtask dapat_suhu
[2022-08-03 01:54:01,328] {logging_mixin.py:103} INFO - Running <TaskInstance: penjadwalan.dapat_suhu 2022-08-03T01:52:00+00:00 [running]> on host b4dcda255553
[2022-08-03 01:54:01,502] {taskinstance.py:1232} INFO - Exporting the following env vars:
AIRFLOW_CTX_DAG_OWNER=airflow
AIRFLOW_CTX_DAG_ID=penjadwalan
AIRFLOW_CTX_TASK_ID=dapat_suhu
AIRFLOW_CTX_EXECUTION_DATE=2022-08-03T01:52:00+00:00
AIRFLOW_CTX_DAG_RUN_ID=scheduled__2022-08-03T01:52:00+00:00
[2022-08-03 01:54:01,768] {logging_mixin.py:103} INFO - {'kota': 'Bali', 'cuaca': 'Clouds', 'cuaca_deskripsi': 'broken clouds', 'temperatur': 298.28, 'waktu': '2022-08-03T01:54:01.768090'}
[2022-08-03 01:54:02,204] {logging_mixin.py:103} INFO - {'kota': 'Lombok', 'cuaca': 'Clouds', 'cuaca_deskripsi': 'overcast clouds', 'temperatur': 295.93, 'waktu': '2022-08-03T01:54:02.203762'}
[2022-08-03 01:54:02,754] {logging_mixin.py:103} INFO - {'kota': 'Labuan Bajo', 'cuaca': 'Clouds', 'cuaca_deskripsi': 'broken clouds', 'temperatur': 301.94, 'waktu': '2022-08-03T01:54:02.753922'}
[2022-08-03 01:54:02,949] {logging_mixin.py:103} INFO - {'kota': 'Bogor', 'cuaca': 'Clouds', 'cuaca_deskripsi': 'overcast clouds', 'temperatur': 299.37, 'waktu': '2022-08-03T01:54:02.949410'}
[2022-08-03 01:54:03,282] {logging_mixin.py:103} INFO - {'kota': 'Bandung', 'cuaca': 'Clouds', 'cuaca_deskripsi': 'scattered clouds', 'temperatur': 299.15, 'waktu': '2022-08-03T01:54:03.282264'}
[2022-08-03 01:54:03,283] {python.py:118} INFO - Done. Returned value was: None
[2022-08-03 01:54:03,303] {taskinstance.py:1142} INFO - Marking task as SUCCESS. dag_id=penjadwalan, task_id=dapat_suhu, execution_date=20220803T015200, start_date=20220803T015401, end_date=20220803T015403
[2022-08-03 01:54:03,349] {taskinstance.py:1195} INFO - 0 downstream tasks scheduled from follow-on schedule check
[2022-08-03 01:54:03,360] {local_task_job.py:118} INFO - Task exited with return code 0
