[2022-08-03 06:52:00,789] {taskinstance.py:826} INFO - Dependencies all met for <TaskInstance: penjadwalan.dapat_suhu 2022-08-03T06:50:00+00:00 [queued]>
[2022-08-03 06:52:00,821] {taskinstance.py:826} INFO - Dependencies all met for <TaskInstance: penjadwalan.dapat_suhu 2022-08-03T06:50:00+00:00 [queued]>
[2022-08-03 06:52:00,825] {taskinstance.py:1017} INFO - 
--------------------------------------------------------------------------------
[2022-08-03 06:52:00,826] {taskinstance.py:1018} INFO - Starting attempt 1 of 1
[2022-08-03 06:52:00,826] {taskinstance.py:1019} INFO - 
--------------------------------------------------------------------------------
[2022-08-03 06:52:00,854] {taskinstance.py:1038} INFO - Executing <Task(PythonOperator): dapat_suhu> on 2022-08-03T06:50:00+00:00
[2022-08-03 06:52:00,859] {standard_task_runner.py:51} INFO - Started process 26689 to run task
[2022-08-03 06:52:00,866] {standard_task_runner.py:75} INFO - Running: ['airflow', 'tasks', 'run', 'penjadwalan', 'dapat_suhu', '2022-08-03T06:50:00+00:00', '--job-id', '792', '--pool', 'default_pool', '--raw', '--subdir', 'DAGS_FOLDER/penjadwalan.py', '--cfg-path', '/tmp/tmptb9c774v']
[2022-08-03 06:52:00,872] {standard_task_runner.py:76} INFO - Job 792: Subtask dapat_suhu
[2022-08-03 06:52:01,028] {logging_mixin.py:103} INFO - Running <TaskInstance: penjadwalan.dapat_suhu 2022-08-03T06:50:00+00:00 [running]> on host b4dcda255553
[2022-08-03 06:52:01,134] {taskinstance.py:1232} INFO - Exporting the following env vars:
AIRFLOW_CTX_DAG_OWNER=airflow
AIRFLOW_CTX_DAG_ID=penjadwalan
AIRFLOW_CTX_TASK_ID=dapat_suhu
AIRFLOW_CTX_EXECUTION_DATE=2022-08-03T06:50:00+00:00
AIRFLOW_CTX_DAG_RUN_ID=scheduled__2022-08-03T06:50:00+00:00
[2022-08-03 06:52:01,270] {logging_mixin.py:103} INFO - {'kota': 'Bali', 'cuaca': 'Clouds', 'cuaca_deskripsi': 'broken clouds', 'temperatur': 302.69, 'waktu': '2022-08-03T06:52:01.270205'}
[2022-08-03 06:52:01,376] {logging_mixin.py:103} INFO - {'kota': 'Lombok', 'cuaca': 'Rain', 'cuaca_deskripsi': 'heavy intensity rain', 'temperatur': 297.58, 'waktu': '2022-08-03T06:52:01.376087'}
[2022-08-03 06:52:01,503] {logging_mixin.py:103} INFO - {'kota': 'Labuan Bajo', 'cuaca': 'Clouds', 'cuaca_deskripsi': 'overcast clouds', 'temperatur': 300.69, 'waktu': '2022-08-03T06:52:01.503194'}
[2022-08-03 06:52:01,815] {logging_mixin.py:103} INFO - {'kota': 'Bogor', 'cuaca': 'Clouds', 'cuaca_deskripsi': 'overcast clouds', 'temperatur': 305.31, 'waktu': '2022-08-03T06:52:01.815581'}
[2022-08-03 06:52:02,011] {logging_mixin.py:103} INFO - {'kota': 'Bandung', 'cuaca': 'Clouds', 'cuaca_deskripsi': 'overcast clouds', 'temperatur': 301.31, 'waktu': '2022-08-03T06:52:02.011122'}
[2022-08-03 06:52:02,014] {python.py:118} INFO - Done. Returned value was: None
[2022-08-03 06:52:02,108] {taskinstance.py:1142} INFO - Marking task as SUCCESS. dag_id=penjadwalan, task_id=dapat_suhu, execution_date=20220803T065000, start_date=20220803T065200, end_date=20220803T065202
[2022-08-03 06:52:02,284] {taskinstance.py:1195} INFO - 0 downstream tasks scheduled from follow-on schedule check
[2022-08-03 06:52:02,317] {local_task_job.py:118} INFO - Task exited with return code 0
