[2022-08-03 05:02:03,083] {taskinstance.py:826} INFO - Dependencies all met for <TaskInstance: penjadwalan.dapat_suhu 2022-08-03T05:00:00+00:00 [queued]>
[2022-08-03 05:02:03,815] {taskinstance.py:826} INFO - Dependencies all met for <TaskInstance: penjadwalan.dapat_suhu 2022-08-03T05:00:00+00:00 [queued]>
[2022-08-03 05:02:03,816] {taskinstance.py:1017} INFO - 
--------------------------------------------------------------------------------
[2022-08-03 05:02:03,816] {taskinstance.py:1018} INFO - Starting attempt 1 of 1
[2022-08-03 05:02:03,817] {taskinstance.py:1019} INFO - 
--------------------------------------------------------------------------------
[2022-08-03 05:02:04,598] {taskinstance.py:1038} INFO - Executing <Task(PythonOperator): dapat_suhu> on 2022-08-03T05:00:00+00:00
[2022-08-03 05:02:04,610] {standard_task_runner.py:51} INFO - Started process 29612 to run task
[2022-08-03 05:02:04,617] {standard_task_runner.py:75} INFO - Running: ['airflow', 'tasks', 'run', 'penjadwalan', 'dapat_suhu', '2022-08-03T05:00:00+00:00', '--job-id', '661', '--pool', 'default_pool', '--raw', '--subdir', 'DAGS_FOLDER/penjadwalan.py', '--cfg-path', '/tmp/tmp8nfaaa2n']
[2022-08-03 05:02:04,622] {standard_task_runner.py:76} INFO - Job 661: Subtask dapat_suhu
[2022-08-03 05:02:04,709] {logging_mixin.py:103} INFO - Running <TaskInstance: penjadwalan.dapat_suhu 2022-08-03T05:00:00+00:00 [running]> on host b4dcda255553
[2022-08-03 05:02:04,778] {taskinstance.py:1232} INFO - Exporting the following env vars:
AIRFLOW_CTX_DAG_OWNER=airflow
AIRFLOW_CTX_DAG_ID=penjadwalan
AIRFLOW_CTX_TASK_ID=dapat_suhu
AIRFLOW_CTX_EXECUTION_DATE=2022-08-03T05:00:00+00:00
AIRFLOW_CTX_DAG_RUN_ID=scheduled__2022-08-03T05:00:00+00:00
[2022-08-03 05:02:05,269] {logging_mixin.py:103} INFO - {'kota': 'Bali', 'cuaca': 'Clouds', 'cuaca_deskripsi': 'scattered clouds', 'temperatur': 302.69, 'waktu': '2022-08-03T05:02:05.269810'}
[2022-08-03 05:02:05,385] {logging_mixin.py:103} INFO - {'kota': 'Lombok', 'cuaca': 'Clouds', 'cuaca_deskripsi': 'overcast clouds', 'temperatur': 298.32, 'waktu': '2022-08-03T05:02:05.385801'}
[2022-08-03 05:02:05,495] {logging_mixin.py:103} INFO - {'kota': 'Labuan Bajo', 'cuaca': 'Clouds', 'cuaca_deskripsi': 'broken clouds', 'temperatur': 301.43, 'waktu': '2022-08-03T05:02:05.494949'}
[2022-08-03 05:02:05,613] {logging_mixin.py:103} INFO - {'kota': 'Bogor', 'cuaca': 'Clouds', 'cuaca_deskripsi': 'overcast clouds', 'temperatur': 303.96, 'waktu': '2022-08-03T05:02:05.612980'}
[2022-08-03 05:02:05,737] {logging_mixin.py:103} INFO - {'kota': 'Bandung', 'cuaca': 'Clouds', 'cuaca_deskripsi': 'broken clouds', 'temperatur': 302.02, 'waktu': '2022-08-03T05:02:05.736852'}
[2022-08-03 05:02:05,737] {python.py:118} INFO - Done. Returned value was: None
[2022-08-03 05:02:06,143] {taskinstance.py:1142} INFO - Marking task as SUCCESS. dag_id=penjadwalan, task_id=dapat_suhu, execution_date=20220803T050000, start_date=20220803T050203, end_date=20220803T050206
[2022-08-03 05:02:06,188] {taskinstance.py:1195} INFO - 0 downstream tasks scheduled from follow-on schedule check
[2022-08-03 05:02:06,196] {local_task_job.py:118} INFO - Task exited with return code 0
