[2022-08-03 05:08:44,463] {taskinstance.py:826} INFO - Dependencies all met for <TaskInstance: penjadwalan.dapat_suhu 2022-08-03T05:06:00+00:00 [queued]>
[2022-08-03 05:08:44,551] {taskinstance.py:826} INFO - Dependencies all met for <TaskInstance: penjadwalan.dapat_suhu 2022-08-03T05:06:00+00:00 [queued]>
[2022-08-03 05:08:44,556] {taskinstance.py:1017} INFO - 
--------------------------------------------------------------------------------
[2022-08-03 05:08:44,558] {taskinstance.py:1018} INFO - Starting attempt 1 of 1
[2022-08-03 05:08:44,559] {taskinstance.py:1019} INFO - 
--------------------------------------------------------------------------------
[2022-08-03 05:08:44,642] {taskinstance.py:1038} INFO - Executing <Task(PythonOperator): dapat_suhu> on 2022-08-03T05:06:00+00:00
[2022-08-03 05:08:44,670] {standard_task_runner.py:51} INFO - Started process 30560 to run task
[2022-08-03 05:08:44,687] {standard_task_runner.py:75} INFO - Running: ['airflow', 'tasks', 'run', 'penjadwalan', 'dapat_suhu', '2022-08-03T05:06:00+00:00', '--job-id', '664', '--pool', 'default_pool', '--raw', '--subdir', 'DAGS_FOLDER/penjadwalan.py', '--cfg-path', '/tmp/tmpqm1vd3d8']
[2022-08-03 05:08:44,703] {standard_task_runner.py:76} INFO - Job 664: Subtask dapat_suhu
[2022-08-03 05:08:45,069] {logging_mixin.py:103} INFO - Running <TaskInstance: penjadwalan.dapat_suhu 2022-08-03T05:06:00+00:00 [running]> on host b4dcda255553
[2022-08-03 05:09:25,232] {taskinstance.py:1232} INFO - Exporting the following env vars:
AIRFLOW_CTX_DAG_OWNER=airflow
AIRFLOW_CTX_DAG_ID=penjadwalan
AIRFLOW_CTX_TASK_ID=dapat_suhu
AIRFLOW_CTX_EXECUTION_DATE=2022-08-03T05:06:00+00:00
AIRFLOW_CTX_DAG_RUN_ID=scheduled__2022-08-03T05:06:00+00:00
[2022-08-03 05:09:26,198] {logging_mixin.py:103} INFO - {'kota': 'Bali', 'cuaca': 'Clouds', 'cuaca_deskripsi': 'scattered clouds', 'temperatur': 302.69, 'waktu': '2022-08-03T05:09:26.197876'}
[2022-08-03 05:09:26,381] {logging_mixin.py:103} INFO - {'kota': 'Lombok', 'cuaca': 'Clouds', 'cuaca_deskripsi': 'overcast clouds', 'temperatur': 298.32, 'waktu': '2022-08-03T05:09:26.381382'}
[2022-08-03 05:09:26,627] {logging_mixin.py:103} INFO - {'kota': 'Labuan Bajo', 'cuaca': 'Clouds', 'cuaca_deskripsi': 'broken clouds', 'temperatur': 301.43, 'waktu': '2022-08-03T05:09:26.627429'}
[2022-08-03 05:09:26,828] {logging_mixin.py:103} INFO - {'kota': 'Bogor', 'cuaca': 'Clouds', 'cuaca_deskripsi': 'overcast clouds', 'temperatur': 303.96, 'waktu': '2022-08-03T05:09:26.827812'}
[2022-08-03 05:09:27,026] {logging_mixin.py:103} INFO - {'kota': 'Bandung', 'cuaca': 'Clouds', 'cuaca_deskripsi': 'broken clouds', 'temperatur': 302.02, 'waktu': '2022-08-03T05:09:27.026032'}
[2022-08-03 05:09:27,028] {python.py:118} INFO - Done. Returned value was: None
[2022-08-03 05:09:38,246] {taskinstance.py:1142} INFO - Marking task as SUCCESS. dag_id=penjadwalan, task_id=dapat_suhu, execution_date=20220803T050600, start_date=20220803T050844, end_date=20220803T050938
[2022-08-03 05:09:52,422] {taskinstance.py:1195} INFO - 0 downstream tasks scheduled from follow-on schedule check
[2022-08-03 05:09:52,452] {local_task_job.py:118} INFO - Task exited with return code 0
