[2022-08-03 01:58:00,448] {taskinstance.py:826} INFO - Dependencies all met for <TaskInstance: penjadwalan.dapat_suhu 2022-08-03T01:56:00+00:00 [queued]>
[2022-08-03 01:58:00,471] {taskinstance.py:826} INFO - Dependencies all met for <TaskInstance: penjadwalan.dapat_suhu 2022-08-03T01:56:00+00:00 [queued]>
[2022-08-03 01:58:00,471] {taskinstance.py:1017} INFO - 
--------------------------------------------------------------------------------
[2022-08-03 01:58:00,472] {taskinstance.py:1018} INFO - Starting attempt 1 of 1
[2022-08-03 01:58:00,472] {taskinstance.py:1019} INFO - 
--------------------------------------------------------------------------------
[2022-08-03 01:58:00,485] {taskinstance.py:1038} INFO - Executing <Task(PythonOperator): dapat_suhu> on 2022-08-03T01:56:00+00:00
[2022-08-03 01:58:00,490] {standard_task_runner.py:51} INFO - Started process 17533 to run task
[2022-08-03 01:58:00,497] {standard_task_runner.py:75} INFO - Running: ['airflow', 'tasks', 'run', 'penjadwalan', 'dapat_suhu', '2022-08-03T01:56:00+00:00', '--job-id', '493', '--pool', 'default_pool', '--raw', '--subdir', 'DAGS_FOLDER/penjadwalan.py', '--cfg-path', '/tmp/tmp4f19zeeh']
[2022-08-03 01:58:00,502] {standard_task_runner.py:76} INFO - Job 493: Subtask dapat_suhu
[2022-08-03 01:58:00,580] {logging_mixin.py:103} INFO - Running <TaskInstance: penjadwalan.dapat_suhu 2022-08-03T01:56:00+00:00 [running]> on host b4dcda255553
[2022-08-03 01:58:00,640] {taskinstance.py:1232} INFO - Exporting the following env vars:
AIRFLOW_CTX_DAG_OWNER=airflow
AIRFLOW_CTX_DAG_ID=penjadwalan
AIRFLOW_CTX_TASK_ID=dapat_suhu
AIRFLOW_CTX_EXECUTION_DATE=2022-08-03T01:56:00+00:00
AIRFLOW_CTX_DAG_RUN_ID=scheduled__2022-08-03T01:56:00+00:00
[2022-08-03 01:58:00,896] {logging_mixin.py:103} INFO - {'kota': 'Bali', 'cuaca': 'Clouds', 'cuaca_deskripsi': 'broken clouds', 'temperatur': 298.28, 'waktu': '2022-08-03T01:58:00.896249'}
[2022-08-03 01:58:01,791] {logging_mixin.py:103} INFO - {'kota': 'Lombok', 'cuaca': 'Clouds', 'cuaca_deskripsi': 'overcast clouds', 'temperatur': 295.93, 'waktu': '2022-08-03T01:58:01.791644'}
[2022-08-03 01:58:02,655] {logging_mixin.py:103} INFO - {'kota': 'Labuan Bajo', 'cuaca': 'Clouds', 'cuaca_deskripsi': 'broken clouds', 'temperatur': 301.94, 'waktu': '2022-08-03T01:58:02.655523'}
[2022-08-03 01:58:03,319] {logging_mixin.py:103} INFO - {'kota': 'Bogor', 'cuaca': 'Clouds', 'cuaca_deskripsi': 'overcast clouds', 'temperatur': 299.37, 'waktu': '2022-08-03T01:58:03.319241'}
[2022-08-03 01:58:03,668] {logging_mixin.py:103} INFO - {'kota': 'Bandung', 'cuaca': 'Clouds', 'cuaca_deskripsi': 'scattered clouds', 'temperatur': 299.15, 'waktu': '2022-08-03T01:58:03.668692'}
[2022-08-03 01:58:03,669] {python.py:118} INFO - Done. Returned value was: None
[2022-08-03 01:58:03,685] {taskinstance.py:1142} INFO - Marking task as SUCCESS. dag_id=penjadwalan, task_id=dapat_suhu, execution_date=20220803T015600, start_date=20220803T015800, end_date=20220803T015803
[2022-08-03 01:58:03,724] {taskinstance.py:1195} INFO - 0 downstream tasks scheduled from follow-on schedule check
[2022-08-03 01:58:03,765] {local_task_job.py:118} INFO - Task exited with return code 0
