[2022-08-03 07:06:01,035] {taskinstance.py:826} INFO - Dependencies all met for <TaskInstance: penjadwalan.dapat_suhu 2022-08-03T07:04:00+00:00 [queued]>
[2022-08-03 07:06:01,058] {taskinstance.py:826} INFO - Dependencies all met for <TaskInstance: penjadwalan.dapat_suhu 2022-08-03T07:04:00+00:00 [queued]>
[2022-08-03 07:06:01,059] {taskinstance.py:1017} INFO - 
--------------------------------------------------------------------------------
[2022-08-03 07:06:01,059] {taskinstance.py:1018} INFO - Starting attempt 1 of 1
[2022-08-03 07:06:01,060] {taskinstance.py:1019} INFO - 
--------------------------------------------------------------------------------
[2022-08-03 07:06:01,076] {taskinstance.py:1038} INFO - Executing <Task(PythonOperator): dapat_suhu> on 2022-08-03T07:04:00+00:00
[2022-08-03 07:06:01,080] {standard_task_runner.py:51} INFO - Started process 6662 to run task
[2022-08-03 07:06:01,087] {standard_task_runner.py:75} INFO - Running: ['airflow', 'tasks', 'run', 'penjadwalan', 'dapat_suhu', '2022-08-03T07:04:00+00:00', '--job-id', '803', '--pool', 'default_pool', '--raw', '--subdir', 'DAGS_FOLDER/penjadwalan.py', '--cfg-path', '/tmp/tmpu1vgz2as']
[2022-08-03 07:06:01,091] {standard_task_runner.py:76} INFO - Job 803: Subtask dapat_suhu
[2022-08-03 07:06:01,160] {logging_mixin.py:103} INFO - Running <TaskInstance: penjadwalan.dapat_suhu 2022-08-03T07:04:00+00:00 [running]> on host b4dcda255553
[2022-08-03 07:06:01,223] {taskinstance.py:1232} INFO - Exporting the following env vars:
AIRFLOW_CTX_DAG_OWNER=airflow
AIRFLOW_CTX_DAG_ID=penjadwalan
AIRFLOW_CTX_TASK_ID=dapat_suhu
AIRFLOW_CTX_EXECUTION_DATE=2022-08-03T07:04:00+00:00
AIRFLOW_CTX_DAG_RUN_ID=scheduled__2022-08-03T07:04:00+00:00
[2022-08-03 07:06:02,434] {logging_mixin.py:103} INFO - {'kota': 'Bali', 'cuaca': 'Clouds', 'cuaca_deskripsi': 'broken clouds', 'temperatur': 302.69, 'waktu': '2022-08-03T07:06:02.434490'}
[2022-08-03 07:06:02,816] {logging_mixin.py:103} INFO - {'kota': 'Lombok', 'cuaca': 'Rain', 'cuaca_deskripsi': 'light rain', 'temperatur': 297.58, 'waktu': '2022-08-03T07:06:02.814507'}
[2022-08-03 07:06:03,569] {logging_mixin.py:103} INFO - {'kota': 'Labuan Bajo', 'cuaca': 'Clouds', 'cuaca_deskripsi': 'overcast clouds', 'temperatur': 300.69, 'waktu': '2022-08-03T07:06:03.568954'}
[2022-08-03 07:06:03,739] {logging_mixin.py:103} INFO - {'kota': 'Bogor', 'cuaca': 'Clouds', 'cuaca_deskripsi': 'overcast clouds', 'temperatur': 305.31, 'waktu': '2022-08-03T07:06:03.739260'}
[2022-08-03 07:06:03,888] {logging_mixin.py:103} INFO - {'kota': 'Bandung', 'cuaca': 'Clouds', 'cuaca_deskripsi': 'overcast clouds', 'temperatur': 301.31, 'waktu': '2022-08-03T07:06:03.888503'}
[2022-08-03 07:06:03,889] {python.py:118} INFO - Done. Returned value was: None
[2022-08-03 07:06:03,932] {taskinstance.py:1142} INFO - Marking task as SUCCESS. dag_id=penjadwalan, task_id=dapat_suhu, execution_date=20220803T070400, start_date=20220803T070601, end_date=20220803T070603
[2022-08-03 07:06:04,025] {taskinstance.py:1195} INFO - 0 downstream tasks scheduled from follow-on schedule check
[2022-08-03 07:06:04,066] {local_task_job.py:118} INFO - Task exited with return code 0
