[2022-08-03 08:34:00,769] {taskinstance.py:826} INFO - Dependencies all met for <TaskInstance: penjadwalan.dapat_suhu 2022-08-03T08:32:00+00:00 [queued]>
[2022-08-03 08:34:00,796] {taskinstance.py:826} INFO - Dependencies all met for <TaskInstance: penjadwalan.dapat_suhu 2022-08-03T08:32:00+00:00 [queued]>
[2022-08-03 08:34:00,796] {taskinstance.py:1017} INFO - 
--------------------------------------------------------------------------------
[2022-08-03 08:34:00,797] {taskinstance.py:1018} INFO - Starting attempt 1 of 1
[2022-08-03 08:34:00,797] {taskinstance.py:1019} INFO - 
--------------------------------------------------------------------------------
[2022-08-03 08:34:00,814] {taskinstance.py:1038} INFO - Executing <Task(PythonOperator): dapat_suhu> on 2022-08-03T08:32:00+00:00
[2022-08-03 08:34:00,819] {standard_task_runner.py:51} INFO - Started process 20518 to run task
[2022-08-03 08:34:00,826] {standard_task_runner.py:75} INFO - Running: ['airflow', 'tasks', 'run', 'penjadwalan', 'dapat_suhu', '2022-08-03T08:32:00+00:00', '--job-id', '883', '--pool', 'default_pool', '--raw', '--subdir', 'DAGS_FOLDER/penjadwalan.py', '--cfg-path', '/tmp/tmpfpyu9hns']
[2022-08-03 08:34:00,831] {standard_task_runner.py:76} INFO - Job 883: Subtask dapat_suhu
[2022-08-03 08:34:00,941] {logging_mixin.py:103} INFO - Running <TaskInstance: penjadwalan.dapat_suhu 2022-08-03T08:32:00+00:00 [running]> on host b4dcda255553
[2022-08-03 08:34:01,044] {taskinstance.py:1232} INFO - Exporting the following env vars:
AIRFLOW_CTX_DAG_OWNER=airflow
AIRFLOW_CTX_DAG_ID=penjadwalan
AIRFLOW_CTX_TASK_ID=dapat_suhu
AIRFLOW_CTX_EXECUTION_DATE=2022-08-03T08:32:00+00:00
AIRFLOW_CTX_DAG_RUN_ID=scheduled__2022-08-03T08:32:00+00:00
[2022-08-03 08:34:01,223] {logging_mixin.py:103} INFO - {'kota': 'Bali', 'cuaca': 'Clouds', 'cuaca_deskripsi': 'broken clouds', 'temperatur': 301.61, 'waktu': '2022-08-03T08:34:01.223301'}
[2022-08-03 08:34:01,338] {logging_mixin.py:103} INFO - {'kota': 'Lombok', 'cuaca': 'Rain', 'cuaca_deskripsi': 'moderate rain', 'temperatur': 296.25, 'waktu': '2022-08-03T08:34:01.338806'}
[2022-08-03 08:34:01,448] {logging_mixin.py:103} INFO - {'kota': 'Labuan Bajo', 'cuaca': 'Clouds', 'cuaca_deskripsi': 'overcast clouds', 'temperatur': 300.25, 'waktu': '2022-08-03T08:34:01.448114'}
[2022-08-03 08:34:01,568] {logging_mixin.py:103} INFO - {'kota': 'Bogor', 'cuaca': 'Clouds', 'cuaca_deskripsi': 'overcast clouds', 'temperatur': 303.65, 'waktu': '2022-08-03T08:34:01.567943'}
[2022-08-03 08:34:01,688] {logging_mixin.py:103} INFO - {'kota': 'Bandung', 'cuaca': 'Clouds', 'cuaca_deskripsi': 'overcast clouds', 'temperatur': 297, 'waktu': '2022-08-03T08:34:01.688352'}
[2022-08-03 08:34:01,689] {python.py:118} INFO - Done. Returned value was: None
[2022-08-03 08:34:01,710] {taskinstance.py:1142} INFO - Marking task as SUCCESS. dag_id=penjadwalan, task_id=dapat_suhu, execution_date=20220803T083200, start_date=20220803T083400, end_date=20220803T083401
[2022-08-03 08:34:01,748] {taskinstance.py:1195} INFO - 0 downstream tasks scheduled from follow-on schedule check
[2022-08-03 08:34:01,761] {local_task_job.py:118} INFO - Task exited with return code 0
