[2022-08-02 16:20:06,881] {taskinstance.py:826} INFO - Dependencies all met for <TaskInstance: my_simple_dag.sleep_me 2022-08-02T16:10:00+00:00 [queued]>
[2022-08-02 16:20:06,998] {taskinstance.py:826} INFO - Dependencies all met for <TaskInstance: my_simple_dag.sleep_me 2022-08-02T16:10:00+00:00 [queued]>
[2022-08-02 16:20:06,999] {taskinstance.py:1017} INFO - 
--------------------------------------------------------------------------------
[2022-08-02 16:20:07,007] {taskinstance.py:1018} INFO - Starting attempt 1 of 1
[2022-08-02 16:20:07,009] {taskinstance.py:1019} INFO - 
--------------------------------------------------------------------------------
[2022-08-02 16:20:07,046] {taskinstance.py:1038} INFO - Executing <Task(BashOperator): sleep_me> on 2022-08-02T16:10:00+00:00
[2022-08-02 16:20:07,053] {standard_task_runner.py:51} INFO - Started process 26660 to run task
[2022-08-02 16:20:07,065] {standard_task_runner.py:75} INFO - Running: ['airflow', 'tasks', 'run', 'my_simple_dag', 'sleep_me', '2022-08-02T16:10:00+00:00', '--job-id', '129', '--pool', 'default_pool', '--raw', '--subdir', 'DAGS_FOLDER/my_simple_dag.py', '--cfg-path', '/tmp/tmp_5yag63o']
[2022-08-02 16:20:07,071] {standard_task_runner.py:76} INFO - Job 129: Subtask sleep_me
[2022-08-02 16:20:07,304] {logging_mixin.py:103} INFO - Running <TaskInstance: my_simple_dag.sleep_me 2022-08-02T16:10:00+00:00 [running]> on host b4dcda255553
[2022-08-02 16:20:07,448] {taskinstance.py:1232} INFO - Exporting the following env vars:
AIRFLOW_CTX_DAG_OWNER=airflow
AIRFLOW_CTX_DAG_ID=my_simple_dag
AIRFLOW_CTX_TASK_ID=sleep_me
AIRFLOW_CTX_EXECUTION_DATE=2022-08-02T16:10:00+00:00
AIRFLOW_CTX_DAG_RUN_ID=scheduled__2022-08-02T16:10:00+00:00
[2022-08-02 16:20:07,449] {bash.py:135} INFO - Tmp dir root location: 
 /tmp
[2022-08-02 16:20:07,452] {bash.py:158} INFO - Running command: sleep 5
[2022-08-02 16:20:07,463] {bash.py:169} INFO - Output:
[2022-08-02 16:20:12,468] {bash.py:177} INFO - Command exited with return code 0
[2022-08-02 16:20:12,511] {taskinstance.py:1142} INFO - Marking task as SUCCESS. dag_id=my_simple_dag, task_id=sleep_me, execution_date=20220802T161000, start_date=20220802T162006, end_date=20220802T162012
[2022-08-02 16:20:12,559] {taskinstance.py:1195} INFO - 1 downstream tasks scheduled from follow-on schedule check
[2022-08-02 16:20:12,586] {local_task_job.py:118} INFO - Task exited with return code 0
