[2022-08-03 01:10:04,406] {taskinstance.py:826} INFO - Dependencies all met for <TaskInstance: my_simple_dag.sleep_me 2022-08-03T01:00:00+00:00 [queued]>
[2022-08-03 01:10:04,435] {taskinstance.py:826} INFO - Dependencies all met for <TaskInstance: my_simple_dag.sleep_me 2022-08-03T01:00:00+00:00 [queued]>
[2022-08-03 01:10:04,436] {taskinstance.py:1017} INFO - 
--------------------------------------------------------------------------------
[2022-08-03 01:10:04,436] {taskinstance.py:1018} INFO - Starting attempt 1 of 1
[2022-08-03 01:10:04,437] {taskinstance.py:1019} INFO - 
--------------------------------------------------------------------------------
[2022-08-03 01:10:04,459] {taskinstance.py:1038} INFO - Executing <Task(BashOperator): sleep_me> on 2022-08-03T01:00:00+00:00
[2022-08-03 01:10:04,469] {standard_task_runner.py:51} INFO - Started process 4743 to run task
[2022-08-03 01:10:04,480] {standard_task_runner.py:75} INFO - Running: ['airflow', 'tasks', 'run', 'my_simple_dag', 'sleep_me', '2022-08-03T01:00:00+00:00', '--job-id', '452', '--pool', 'default_pool', '--raw', '--subdir', 'DAGS_FOLDER/my_simple_dag.py', '--cfg-path', '/tmp/tmpgczs9xx1']
[2022-08-03 01:10:04,484] {standard_task_runner.py:76} INFO - Job 452: Subtask sleep_me
[2022-08-03 01:10:04,571] {logging_mixin.py:103} INFO - Running <TaskInstance: my_simple_dag.sleep_me 2022-08-03T01:00:00+00:00 [running]> on host b4dcda255553
[2022-08-03 01:10:04,646] {taskinstance.py:1232} INFO - Exporting the following env vars:
AIRFLOW_CTX_DAG_OWNER=airflow
AIRFLOW_CTX_DAG_ID=my_simple_dag
AIRFLOW_CTX_TASK_ID=sleep_me
AIRFLOW_CTX_EXECUTION_DATE=2022-08-03T01:00:00+00:00
AIRFLOW_CTX_DAG_RUN_ID=scheduled__2022-08-03T01:00:00+00:00
[2022-08-03 01:10:04,647] {bash.py:135} INFO - Tmp dir root location: 
 /tmp
[2022-08-03 01:10:04,649] {bash.py:158} INFO - Running command: sleep 5
[2022-08-03 01:10:04,659] {bash.py:169} INFO - Output:
[2022-08-03 01:10:09,662] {bash.py:177} INFO - Command exited with return code 0
[2022-08-03 01:10:09,710] {taskinstance.py:1142} INFO - Marking task as SUCCESS. dag_id=my_simple_dag, task_id=sleep_me, execution_date=20220803T010000, start_date=20220803T011004, end_date=20220803T011009
[2022-08-03 01:10:09,774] {taskinstance.py:1195} INFO - 1 downstream tasks scheduled from follow-on schedule check
[2022-08-03 01:10:09,814] {local_task_job.py:118} INFO - Task exited with return code 0
