[2022-08-03 05:20:00,748] {taskinstance.py:826} INFO - Dependencies all met for <TaskInstance: penjadwalan.dapat_suhu 2022-08-03T05:18:00+00:00 [queued]>
[2022-08-03 05:20:00,776] {taskinstance.py:826} INFO - Dependencies all met for <TaskInstance: penjadwalan.dapat_suhu 2022-08-03T05:18:00+00:00 [queued]>
[2022-08-03 05:20:00,776] {taskinstance.py:1017} INFO - 
--------------------------------------------------------------------------------
[2022-08-03 05:20:00,777] {taskinstance.py:1018} INFO - Starting attempt 1 of 1
[2022-08-03 05:20:00,777] {taskinstance.py:1019} INFO - 
--------------------------------------------------------------------------------
[2022-08-03 05:20:00,792] {taskinstance.py:1038} INFO - Executing <Task(PythonOperator): dapat_suhu> on 2022-08-03T05:18:00+00:00
[2022-08-03 05:20:00,797] {standard_task_runner.py:51} INFO - Started process 18762 to run task
[2022-08-03 05:20:00,803] {standard_task_runner.py:75} INFO - Running: ['airflow', 'tasks', 'run', 'penjadwalan', 'dapat_suhu', '2022-08-03T05:18:00+00:00', '--job-id', '675', '--pool', 'default_pool', '--raw', '--subdir', 'DAGS_FOLDER/penjadwalan.py', '--cfg-path', '/tmp/tmprkj93736']
[2022-08-03 05:20:00,808] {standard_task_runner.py:76} INFO - Job 675: Subtask dapat_suhu
[2022-08-03 05:20:00,883] {logging_mixin.py:103} INFO - Running <TaskInstance: penjadwalan.dapat_suhu 2022-08-03T05:18:00+00:00 [running]> on host b4dcda255553
[2022-08-03 05:20:00,951] {taskinstance.py:1232} INFO - Exporting the following env vars:
AIRFLOW_CTX_DAG_OWNER=airflow
AIRFLOW_CTX_DAG_ID=penjadwalan
AIRFLOW_CTX_TASK_ID=dapat_suhu
AIRFLOW_CTX_EXECUTION_DATE=2022-08-03T05:18:00+00:00
AIRFLOW_CTX_DAG_RUN_ID=scheduled__2022-08-03T05:18:00+00:00
[2022-08-03 05:20:01,957] {logging_mixin.py:103} INFO - {'kota': 'Bali', 'cuaca': 'Clouds', 'cuaca_deskripsi': 'scattered clouds', 'temperatur': 302.69, 'waktu': '2022-08-03T05:20:01.956987'}
[2022-08-03 05:20:03,047] {logging_mixin.py:103} INFO - {'kota': 'Lombok', 'cuaca': 'Rain', 'cuaca_deskripsi': 'light rain', 'temperatur': 298.32, 'waktu': '2022-08-03T05:20:03.046987'}
[2022-08-03 05:20:04,893] {logging_mixin.py:103} INFO - {'kota': 'Labuan Bajo', 'cuaca': 'Clouds', 'cuaca_deskripsi': 'broken clouds', 'temperatur': 301.43, 'waktu': '2022-08-03T05:20:04.893767'}
[2022-08-03 05:20:05,010] {logging_mixin.py:103} INFO - {'kota': 'Bogor', 'cuaca': 'Clouds', 'cuaca_deskripsi': 'overcast clouds', 'temperatur': 303.96, 'waktu': '2022-08-03T05:20:05.010051'}
[2022-08-03 05:20:05,140] {logging_mixin.py:103} INFO - {'kota': 'Bandung', 'cuaca': 'Clouds', 'cuaca_deskripsi': 'broken clouds', 'temperatur': 302.02, 'waktu': '2022-08-03T05:20:05.140009'}
[2022-08-03 05:20:05,140] {python.py:118} INFO - Done. Returned value was: None
[2022-08-03 05:20:05,159] {taskinstance.py:1142} INFO - Marking task as SUCCESS. dag_id=penjadwalan, task_id=dapat_suhu, execution_date=20220803T051800, start_date=20220803T052000, end_date=20220803T052005
[2022-08-03 05:20:05,201] {taskinstance.py:1195} INFO - 0 downstream tasks scheduled from follow-on schedule check
[2022-08-03 05:20:05,233] {local_task_job.py:118} INFO - Task exited with return code 0
