[2022-08-03 00:46:16,603] {taskinstance.py:826} INFO - Dependencies all met for <TaskInstance: penjadwalan.dapat_suhu 2022-08-02T20:40:00+00:00 [queued]>
[2022-08-03 00:46:16,635] {taskinstance.py:826} INFO - Dependencies all met for <TaskInstance: penjadwalan.dapat_suhu 2022-08-02T20:40:00+00:00 [queued]>
[2022-08-03 00:46:16,636] {taskinstance.py:1017} INFO - 
--------------------------------------------------------------------------------
[2022-08-03 00:46:16,636] {taskinstance.py:1018} INFO - Starting attempt 1 of 1
[2022-08-03 00:46:16,637] {taskinstance.py:1019} INFO - 
--------------------------------------------------------------------------------
[2022-08-03 00:46:16,652] {taskinstance.py:1038} INFO - Executing <Task(PythonOperator): dapat_suhu> on 2022-08-02T20:40:00+00:00
[2022-08-03 00:46:16,657] {standard_task_runner.py:51} INFO - Started process 28103 to run task
[2022-08-03 00:46:16,663] {standard_task_runner.py:75} INFO - Running: ['airflow', 'tasks', 'run', 'penjadwalan', 'dapat_suhu', '2022-08-02T20:40:00+00:00', '--job-id', '307', '--pool', 'default_pool', '--raw', '--subdir', 'DAGS_FOLDER/penjadwalan.py', '--cfg-path', '/tmp/tmpphv5modx']
[2022-08-03 00:46:16,667] {standard_task_runner.py:76} INFO - Job 307: Subtask dapat_suhu
[2022-08-03 00:46:16,752] {logging_mixin.py:103} INFO - Running <TaskInstance: penjadwalan.dapat_suhu 2022-08-02T20:40:00+00:00 [running]> on host b4dcda255553
[2022-08-03 00:46:16,873] {taskinstance.py:1232} INFO - Exporting the following env vars:
AIRFLOW_CTX_DAG_OWNER=airflow
AIRFLOW_CTX_DAG_ID=penjadwalan
AIRFLOW_CTX_TASK_ID=dapat_suhu
AIRFLOW_CTX_EXECUTION_DATE=2022-08-02T20:40:00+00:00
AIRFLOW_CTX_DAG_RUN_ID=scheduled__2022-08-02T20:40:00+00:00
[2022-08-03 00:46:18,710] {logging_mixin.py:103} INFO - {'kota': 'Bali', 'cuaca': 'Clouds', 'cuaca_deskripsi': 'overcast clouds', 'temperatur': 298.28, 'waktu': '2022-08-03T00:46:18.710765'}
[2022-08-03 00:46:18,860] {logging_mixin.py:103} INFO - {'kota': 'Lombok', 'cuaca': 'Clouds', 'cuaca_deskripsi': 'overcast clouds', 'temperatur': 295.51, 'waktu': '2022-08-03T00:46:18.860048'}
[2022-08-03 00:46:18,995] {logging_mixin.py:103} INFO - {'kota': 'Labuan Bajo', 'cuaca': 'Clouds', 'cuaca_deskripsi': 'scattered clouds', 'temperatur': 300.93, 'waktu': '2022-08-03T00:46:18.995232'}
[2022-08-03 00:46:20,430] {logging_mixin.py:103} INFO - {'kota': 'Bogor', 'cuaca': 'Rain', 'cuaca_deskripsi': 'light rain', 'temperatur': 300.87, 'waktu': '2022-08-03T00:46:20.430306'}
[2022-08-03 00:46:22,993] {logging_mixin.py:103} INFO - {'kota': 'Bandung', 'cuaca': 'Clouds', 'cuaca_deskripsi': 'scattered clouds', 'temperatur': 296.92, 'waktu': '2022-08-03T00:46:22.993288'}
[2022-08-03 00:46:23,014] {python.py:118} INFO - Done. Returned value was: None
[2022-08-03 00:46:23,056] {taskinstance.py:1142} INFO - Marking task as SUCCESS. dag_id=penjadwalan, task_id=dapat_suhu, execution_date=20220802T204000, start_date=20220803T004616, end_date=20220803T004623
[2022-08-03 00:46:23,544] {taskinstance.py:1195} INFO - 0 downstream tasks scheduled from follow-on schedule check
[2022-08-03 00:46:23,618] {local_task_job.py:118} INFO - Task exited with return code 0
