[2022-08-03 06:22:01,522] {taskinstance.py:826} INFO - Dependencies all met for <TaskInstance: penjadwalan.dapat_suhu 2022-08-03T06:20:00+00:00 [queued]>
[2022-08-03 06:22:01,557] {taskinstance.py:826} INFO - Dependencies all met for <TaskInstance: penjadwalan.dapat_suhu 2022-08-03T06:20:00+00:00 [queued]>
[2022-08-03 06:22:01,558] {taskinstance.py:1017} INFO - 
--------------------------------------------------------------------------------
[2022-08-03 06:22:01,558] {taskinstance.py:1018} INFO - Starting attempt 1 of 1
[2022-08-03 06:22:01,559] {taskinstance.py:1019} INFO - 
--------------------------------------------------------------------------------
[2022-08-03 06:22:01,578] {taskinstance.py:1038} INFO - Executing <Task(PythonOperator): dapat_suhu> on 2022-08-03T06:20:00+00:00
[2022-08-03 06:22:01,583] {standard_task_runner.py:51} INFO - Started process 25657 to run task
[2022-08-03 06:22:01,590] {standard_task_runner.py:75} INFO - Running: ['airflow', 'tasks', 'run', 'penjadwalan', 'dapat_suhu', '2022-08-03T06:20:00+00:00', '--job-id', '733', '--pool', 'default_pool', '--raw', '--subdir', 'DAGS_FOLDER/penjadwalan.py', '--cfg-path', '/tmp/tmpqksnylni']
[2022-08-03 06:22:01,595] {standard_task_runner.py:76} INFO - Job 733: Subtask dapat_suhu
[2022-08-03 06:22:01,686] {logging_mixin.py:103} INFO - Running <TaskInstance: penjadwalan.dapat_suhu 2022-08-03T06:20:00+00:00 [running]> on host b4dcda255553
[2022-08-03 06:22:01,784] {taskinstance.py:1232} INFO - Exporting the following env vars:
AIRFLOW_CTX_DAG_OWNER=airflow
AIRFLOW_CTX_DAG_ID=penjadwalan
AIRFLOW_CTX_TASK_ID=dapat_suhu
AIRFLOW_CTX_EXECUTION_DATE=2022-08-03T06:20:00+00:00
AIRFLOW_CTX_DAG_RUN_ID=scheduled__2022-08-03T06:20:00+00:00
[2022-08-03 06:22:02,221] {logging_mixin.py:103} INFO - {'kota': 'Bali', 'cuaca': 'Clouds', 'cuaca_deskripsi': 'scattered clouds', 'temperatur': 302.69, 'waktu': '2022-08-03T06:22:02.221562'}
[2022-08-03 06:22:02,333] {logging_mixin.py:103} INFO - {'kota': 'Lombok', 'cuaca': 'Rain', 'cuaca_deskripsi': 'light rain', 'temperatur': 298.08, 'waktu': '2022-08-03T06:22:02.332913'}
[2022-08-03 06:22:02,437] {logging_mixin.py:103} INFO - {'kota': 'Labuan Bajo', 'cuaca': 'Clouds', 'cuaca_deskripsi': 'overcast clouds', 'temperatur': 300.85, 'waktu': '2022-08-03T06:22:02.436841'}
[2022-08-03 06:22:02,664] {logging_mixin.py:103} INFO - {'kota': 'Bogor', 'cuaca': 'Clouds', 'cuaca_deskripsi': 'overcast clouds', 'temperatur': 306.42, 'waktu': '2022-08-03T06:22:02.664035'}
[2022-08-03 06:22:02,815] {logging_mixin.py:103} INFO - {'kota': 'Bandung', 'cuaca': 'Clouds', 'cuaca_deskripsi': 'broken clouds', 'temperatur': 302.27, 'waktu': '2022-08-03T06:22:02.814821'}
[2022-08-03 06:22:02,816] {python.py:118} INFO - Done. Returned value was: None
[2022-08-03 06:22:02,834] {taskinstance.py:1142} INFO - Marking task as SUCCESS. dag_id=penjadwalan, task_id=dapat_suhu, execution_date=20220803T062000, start_date=20220803T062201, end_date=20220803T062202
[2022-08-03 06:22:02,888] {taskinstance.py:1195} INFO - 0 downstream tasks scheduled from follow-on schedule check
[2022-08-03 06:22:02,928] {local_task_job.py:118} INFO - Task exited with return code 0
