[2022-08-02 14:50:02,544] {taskinstance.py:826} INFO - Dependencies all met for <TaskInstance: pokea.greet 2022-08-02T14:40:00+00:00 [queued]>
[2022-08-02 14:50:02,588] {taskinstance.py:826} INFO - Dependencies all met for <TaskInstance: pokea.greet 2022-08-02T14:40:00+00:00 [queued]>
[2022-08-02 14:50:02,589] {taskinstance.py:1017} INFO - 
--------------------------------------------------------------------------------
[2022-08-02 14:50:02,590] {taskinstance.py:1018} INFO - Starting attempt 1 of 1
[2022-08-02 14:50:02,590] {taskinstance.py:1019} INFO - 
--------------------------------------------------------------------------------
[2022-08-02 14:50:02,613] {taskinstance.py:1038} INFO - Executing <Task(PythonOperator): greet> on 2022-08-02T14:40:00+00:00
[2022-08-02 14:50:02,619] {standard_task_runner.py:51} INFO - Started process 950 to run task
[2022-08-02 14:50:02,627] {standard_task_runner.py:75} INFO - Running: ['airflow', 'tasks', 'run', 'pokea', 'greet', '2022-08-02T14:40:00+00:00', '--job-id', '29', '--pool', 'default_pool', '--raw', '--subdir', 'DAGS_FOLDER/pokea.py', '--cfg-path', '/tmp/tmpscwte54l']
[2022-08-02 14:50:02,633] {standard_task_runner.py:76} INFO - Job 29: Subtask greet
[2022-08-02 14:50:02,744] {logging_mixin.py:103} INFO - Running <TaskInstance: pokea.greet 2022-08-02T14:40:00+00:00 [running]> on host b4dcda255553
[2022-08-02 14:50:02,862] {taskinstance.py:1232} INFO - Exporting the following env vars:
AIRFLOW_CTX_DAG_OWNER=airflow
AIRFLOW_CTX_DAG_ID=pokea
AIRFLOW_CTX_TASK_ID=greet
AIRFLOW_CTX_EXECUTION_DATE=2022-08-02T14:40:00+00:00
AIRFLOW_CTX_DAG_RUN_ID=scheduled__2022-08-02T14:40:00+00:00
[2022-08-02 14:50:02,864] {logging_mixin.py:103} INFO - Halo Salam dari Apache Airflow2022-08-02 14:50
[2022-08-02 14:50:02,865] {python.py:118} INFO - Done. Returned value was: None
[2022-08-02 14:50:02,888] {taskinstance.py:1142} INFO - Marking task as SUCCESS. dag_id=pokea, task_id=greet, execution_date=20220802T144000, start_date=20220802T145002, end_date=20220802T145002
[2022-08-02 14:50:02,948] {taskinstance.py:1195} INFO - 1 downstream tasks scheduled from follow-on schedule check
[2022-08-02 14:50:02,958] {local_task_job.py:118} INFO - Task exited with return code 0
