[2022-08-03 00:44:35,579] {taskinstance.py:826} INFO - Dependencies all met for <TaskInstance: penjadwalan.dapat_suhu 2022-08-02T17:44:00+00:00 [queued]>
[2022-08-03 00:44:35,683] {taskinstance.py:826} INFO - Dependencies all met for <TaskInstance: penjadwalan.dapat_suhu 2022-08-02T17:44:00+00:00 [queued]>
[2022-08-03 00:44:35,711] {taskinstance.py:1017} INFO - 
--------------------------------------------------------------------------------
[2022-08-03 00:44:35,727] {taskinstance.py:1018} INFO - Starting attempt 1 of 1
[2022-08-03 00:44:35,727] {taskinstance.py:1019} INFO - 
--------------------------------------------------------------------------------
[2022-08-03 00:44:35,855] {taskinstance.py:1038} INFO - Executing <Task(PythonOperator): dapat_suhu> on 2022-08-02T17:44:00+00:00
[2022-08-03 00:44:35,887] {standard_task_runner.py:51} INFO - Started process 24970 to run task
[2022-08-03 00:44:35,914] {standard_task_runner.py:75} INFO - Running: ['airflow', 'tasks', 'run', 'penjadwalan', 'dapat_suhu', '2022-08-02T17:44:00+00:00', '--job-id', '213', '--pool', 'default_pool', '--raw', '--subdir', 'DAGS_FOLDER/penjadwalan.py', '--cfg-path', '/tmp/tmpy68l6zgj']
[2022-08-03 00:44:36,018] {standard_task_runner.py:76} INFO - Job 213: Subtask dapat_suhu
[2022-08-03 00:44:36,714] {logging_mixin.py:103} INFO - Running <TaskInstance: penjadwalan.dapat_suhu 2022-08-02T17:44:00+00:00 [running]> on host b4dcda255553
[2022-08-03 00:44:37,000] {taskinstance.py:1232} INFO - Exporting the following env vars:
AIRFLOW_CTX_DAG_OWNER=airflow
AIRFLOW_CTX_DAG_ID=penjadwalan
AIRFLOW_CTX_TASK_ID=dapat_suhu
AIRFLOW_CTX_EXECUTION_DATE=2022-08-02T17:44:00+00:00
AIRFLOW_CTX_DAG_RUN_ID=scheduled__2022-08-02T17:44:00+00:00
[2022-08-03 00:44:48,149] {logging_mixin.py:103} INFO - {'kota': 'Bali', 'cuaca': 'Clouds', 'cuaca_deskripsi': 'overcast clouds', 'temperatur': 298.28, 'waktu': '2022-08-03T00:44:48.149052'}
[2022-08-03 00:44:53,384] {logging_mixin.py:103} INFO - {'kota': 'Lombok', 'cuaca': 'Clouds', 'cuaca_deskripsi': 'overcast clouds', 'temperatur': 295.51, 'waktu': '2022-08-03T00:44:53.384281'}
[2022-08-03 00:44:57,188] {logging_mixin.py:103} INFO - {'kota': 'Labuan Bajo', 'cuaca': 'Clouds', 'cuaca_deskripsi': 'scattered clouds', 'temperatur': 300.93, 'waktu': '2022-08-03T00:44:57.188473'}
[2022-08-03 00:44:57,727] {logging_mixin.py:103} INFO - {'kota': 'Bogor', 'cuaca': 'Rain', 'cuaca_deskripsi': 'light rain', 'temperatur': 300.87, 'waktu': '2022-08-03T00:44:57.727085'}
[2022-08-03 00:44:58,167] {logging_mixin.py:103} INFO - {'kota': 'Bandung', 'cuaca': 'Clouds', 'cuaca_deskripsi': 'scattered clouds', 'temperatur': 296.92, 'waktu': '2022-08-03T00:44:58.166975'}
[2022-08-03 00:44:58,184] {python.py:118} INFO - Done. Returned value was: None
[2022-08-03 00:44:58,310] {taskinstance.py:1142} INFO - Marking task as SUCCESS. dag_id=penjadwalan, task_id=dapat_suhu, execution_date=20220802T174400, start_date=20220803T004435, end_date=20220803T004458
[2022-08-03 00:44:58,679] {taskinstance.py:1195} INFO - 0 downstream tasks scheduled from follow-on schedule check
[2022-08-03 00:44:58,765] {local_task_job.py:118} INFO - Task exited with return code 0
