[2022-08-02 16:20:01,975] {taskinstance.py:826} INFO - Dependencies all met for <TaskInstance: pokea.say_Hi 2022-08-02T16:10:00+00:00 [queued]>
[2022-08-02 16:20:02,023] {taskinstance.py:826} INFO - Dependencies all met for <TaskInstance: pokea.say_Hi 2022-08-02T16:10:00+00:00 [queued]>
[2022-08-02 16:20:02,024] {taskinstance.py:1017} INFO - 
--------------------------------------------------------------------------------
[2022-08-02 16:20:02,025] {taskinstance.py:1018} INFO - Starting attempt 1 of 1
[2022-08-02 16:20:02,025] {taskinstance.py:1019} INFO - 
--------------------------------------------------------------------------------
[2022-08-02 16:20:02,049] {taskinstance.py:1038} INFO - Executing <Task(BashOperator): say_Hi> on 2022-08-02T16:10:00+00:00
[2022-08-02 16:20:02,054] {standard_task_runner.py:51} INFO - Started process 26511 to run task
[2022-08-02 16:20:02,064] {standard_task_runner.py:75} INFO - Running: ['airflow', 'tasks', 'run', 'pokea', 'say_Hi', '2022-08-02T16:10:00+00:00', '--job-id', '125', '--pool', 'default_pool', '--raw', '--subdir', 'DAGS_FOLDER/pokea.py', '--cfg-path', '/tmp/tmprjy7r39h']
[2022-08-02 16:20:02,069] {standard_task_runner.py:76} INFO - Job 125: Subtask say_Hi
[2022-08-02 16:20:02,218] {logging_mixin.py:103} INFO - Running <TaskInstance: pokea.say_Hi 2022-08-02T16:10:00+00:00 [running]> on host b4dcda255553
[2022-08-02 16:20:02,381] {taskinstance.py:1232} INFO - Exporting the following env vars:
AIRFLOW_CTX_DAG_OWNER=airflow
AIRFLOW_CTX_DAG_ID=pokea
AIRFLOW_CTX_TASK_ID=say_Hi
AIRFLOW_CTX_EXECUTION_DATE=2022-08-02T16:10:00+00:00
AIRFLOW_CTX_DAG_RUN_ID=scheduled__2022-08-02T16:10:00+00:00
[2022-08-02 16:20:02,388] {bash.py:135} INFO - Tmp dir root location: 
 /tmp
[2022-08-02 16:20:02,389] {bash.py:158} INFO - Running command: echo "Hi!!"
[2022-08-02 16:20:02,404] {bash.py:169} INFO - Output:
[2022-08-02 16:20:02,409] {bash.py:173} INFO - Hi!!
[2022-08-02 16:20:02,412] {bash.py:177} INFO - Command exited with return code 0
[2022-08-02 16:20:02,536] {taskinstance.py:1142} INFO - Marking task as SUCCESS. dag_id=pokea, task_id=say_Hi, execution_date=20220802T161000, start_date=20220802T162001, end_date=20220802T162002
[2022-08-02 16:20:02,625] {taskinstance.py:1195} INFO - 1 downstream tasks scheduled from follow-on schedule check
[2022-08-02 16:20:02,642] {local_task_job.py:118} INFO - Task exited with return code 0
