[2022-08-03 06:10:09,253] {taskinstance.py:826} INFO - Dependencies all met for <TaskInstance: my_simple_dag.sleep_me 2022-08-03T06:00:00+00:00 [queued]>
[2022-08-03 06:10:09,284] {taskinstance.py:826} INFO - Dependencies all met for <TaskInstance: my_simple_dag.sleep_me 2022-08-03T06:00:00+00:00 [queued]>
[2022-08-03 06:10:09,284] {taskinstance.py:1017} INFO - 
--------------------------------------------------------------------------------
[2022-08-03 06:10:09,285] {taskinstance.py:1018} INFO - Starting attempt 1 of 1
[2022-08-03 06:10:09,285] {taskinstance.py:1019} INFO - 
--------------------------------------------------------------------------------
[2022-08-03 06:10:09,301] {taskinstance.py:1038} INFO - Executing <Task(BashOperator): sleep_me> on 2022-08-03T06:00:00+00:00
[2022-08-03 06:10:09,306] {standard_task_runner.py:51} INFO - Started process 31242 to run task
[2022-08-03 06:10:09,313] {standard_task_runner.py:75} INFO - Running: ['airflow', 'tasks', 'run', 'my_simple_dag', 'sleep_me', '2022-08-03T06:00:00+00:00', '--job-id', '722', '--pool', 'default_pool', '--raw', '--subdir', 'DAGS_FOLDER/my_simple_dag.py', '--cfg-path', '/tmp/tmpwgvaue3t']
[2022-08-03 06:10:09,318] {standard_task_runner.py:76} INFO - Job 722: Subtask sleep_me
[2022-08-03 06:10:09,402] {logging_mixin.py:103} INFO - Running <TaskInstance: my_simple_dag.sleep_me 2022-08-03T06:00:00+00:00 [running]> on host b4dcda255553
[2022-08-03 06:10:09,494] {taskinstance.py:1232} INFO - Exporting the following env vars:
AIRFLOW_CTX_DAG_OWNER=airflow
AIRFLOW_CTX_DAG_ID=my_simple_dag
AIRFLOW_CTX_TASK_ID=sleep_me
AIRFLOW_CTX_EXECUTION_DATE=2022-08-03T06:00:00+00:00
AIRFLOW_CTX_DAG_RUN_ID=scheduled__2022-08-03T06:00:00+00:00
[2022-08-03 06:10:09,495] {bash.py:135} INFO - Tmp dir root location: 
 /tmp
[2022-08-03 06:10:09,497] {bash.py:158} INFO - Running command: sleep 5
[2022-08-03 06:10:09,510] {bash.py:169} INFO - Output:
[2022-08-03 06:10:14,515] {bash.py:177} INFO - Command exited with return code 0
[2022-08-03 06:10:14,668] {taskinstance.py:1142} INFO - Marking task as SUCCESS. dag_id=my_simple_dag, task_id=sleep_me, execution_date=20220803T060000, start_date=20220803T061009, end_date=20220803T061014
[2022-08-03 06:10:15,208] {taskinstance.py:1195} INFO - 1 downstream tasks scheduled from follow-on schedule check
[2022-08-03 06:10:15,245] {local_task_job.py:118} INFO - Task exited with return code 0
