[2022-08-03 08:54:01,061] {taskinstance.py:826} INFO - Dependencies all met for <TaskInstance: penjadwalan.dapat_suhu 2022-08-03T08:52:00+00:00 [queued]>
[2022-08-03 08:54:01,083] {taskinstance.py:826} INFO - Dependencies all met for <TaskInstance: penjadwalan.dapat_suhu 2022-08-03T08:52:00+00:00 [queued]>
[2022-08-03 08:54:01,084] {taskinstance.py:1017} INFO - 
--------------------------------------------------------------------------------
[2022-08-03 08:54:01,084] {taskinstance.py:1018} INFO - Starting attempt 1 of 1
[2022-08-03 08:54:01,085] {taskinstance.py:1019} INFO - 
--------------------------------------------------------------------------------
[2022-08-03 08:54:01,096] {taskinstance.py:1038} INFO - Executing <Task(PythonOperator): dapat_suhu> on 2022-08-03T08:52:00+00:00
[2022-08-03 08:54:01,100] {standard_task_runner.py:51} INFO - Started process 28332 to run task
[2022-08-03 08:54:01,104] {standard_task_runner.py:75} INFO - Running: ['airflow', 'tasks', 'run', 'penjadwalan', 'dapat_suhu', '2022-08-03T08:52:00+00:00', '--job-id', '901', '--pool', 'default_pool', '--raw', '--subdir', 'DAGS_FOLDER/penjadwalan.py', '--cfg-path', '/tmp/tmptdu5w5eq']
[2022-08-03 08:54:01,107] {standard_task_runner.py:76} INFO - Job 901: Subtask dapat_suhu
[2022-08-03 08:54:01,167] {logging_mixin.py:103} INFO - Running <TaskInstance: penjadwalan.dapat_suhu 2022-08-03T08:52:00+00:00 [running]> on host b4dcda255553
[2022-08-03 08:54:01,228] {taskinstance.py:1232} INFO - Exporting the following env vars:
AIRFLOW_CTX_DAG_OWNER=airflow
AIRFLOW_CTX_DAG_ID=penjadwalan
AIRFLOW_CTX_TASK_ID=dapat_suhu
AIRFLOW_CTX_EXECUTION_DATE=2022-08-03T08:52:00+00:00
AIRFLOW_CTX_DAG_RUN_ID=scheduled__2022-08-03T08:52:00+00:00
[2022-08-03 08:54:01,896] {logging_mixin.py:103} INFO - {'kota': 'Bali', 'cuaca': 'Clouds', 'cuaca_deskripsi': 'broken clouds', 'temperatur': 300.5, 'waktu': '2022-08-03T08:54:01.895866'}
[2022-08-03 08:54:02,101] {logging_mixin.py:103} INFO - {'kota': 'Lombok', 'cuaca': 'Rain', 'cuaca_deskripsi': 'moderate rain', 'temperatur': 296.25, 'waktu': '2022-08-03T08:54:02.101091'}
[2022-08-03 08:54:02,232] {logging_mixin.py:103} INFO - {'kota': 'Labuan Bajo', 'cuaca': 'Clouds', 'cuaca_deskripsi': 'overcast clouds', 'temperatur': 300.25, 'waktu': '2022-08-03T08:54:02.232553'}
[2022-08-03 08:54:02,384] {logging_mixin.py:103} INFO - {'kota': 'Bogor', 'cuaca': 'Clouds', 'cuaca_deskripsi': 'overcast clouds', 'temperatur': 303.65, 'waktu': '2022-08-03T08:54:02.384602'}
[2022-08-03 08:54:02,518] {logging_mixin.py:103} INFO - {'kota': 'Bandung', 'cuaca': 'Clouds', 'cuaca_deskripsi': 'overcast clouds', 'temperatur': 297, 'waktu': '2022-08-03T08:54:02.518491'}
[2022-08-03 08:54:02,519] {python.py:118} INFO - Done. Returned value was: None
[2022-08-03 08:54:02,536] {taskinstance.py:1142} INFO - Marking task as SUCCESS. dag_id=penjadwalan, task_id=dapat_suhu, execution_date=20220803T085200, start_date=20220803T085401, end_date=20220803T085402
[2022-08-03 08:54:02,576] {taskinstance.py:1195} INFO - 0 downstream tasks scheduled from follow-on schedule check
[2022-08-03 08:54:02,601] {local_task_job.py:118} INFO - Task exited with return code 0
