[2022-08-03 09:40:10,087] {taskinstance.py:826} INFO - Dependencies all met for <TaskInstance: my_simple_dag.respond 2022-08-03T09:30:00+00:00 [queued]>
[2022-08-03 09:40:10,114] {taskinstance.py:826} INFO - Dependencies all met for <TaskInstance: my_simple_dag.respond 2022-08-03T09:30:00+00:00 [queued]>
[2022-08-03 09:40:10,115] {taskinstance.py:1017} INFO - 
--------------------------------------------------------------------------------
[2022-08-03 09:40:10,115] {taskinstance.py:1018} INFO - Starting attempt 1 of 1
[2022-08-03 09:40:10,116] {taskinstance.py:1019} INFO - 
--------------------------------------------------------------------------------
[2022-08-03 09:40:10,133] {taskinstance.py:1038} INFO - Executing <Task(PythonOperator): respond> on 2022-08-03T09:30:00+00:00
[2022-08-03 09:40:10,137] {standard_task_runner.py:51} INFO - Started process 2501 to run task
[2022-08-03 09:40:10,143] {standard_task_runner.py:75} INFO - Running: ['airflow', 'tasks', 'run', 'my_simple_dag', 'respond', '2022-08-03T09:30:00+00:00', '--job-id', '944', '--pool', 'default_pool', '--raw', '--subdir', 'DAGS_FOLDER/my_simple_dag.py', '--cfg-path', '/tmp/tmpj7i_tzvx']
[2022-08-03 09:40:10,149] {standard_task_runner.py:76} INFO - Job 944: Subtask respond
[2022-08-03 09:40:10,225] {logging_mixin.py:103} INFO - Running <TaskInstance: my_simple_dag.respond 2022-08-03T09:30:00+00:00 [running]> on host b4dcda255553
[2022-08-03 09:40:10,304] {taskinstance.py:1232} INFO - Exporting the following env vars:
AIRFLOW_CTX_DAG_OWNER=airflow
AIRFLOW_CTX_DAG_ID=my_simple_dag
AIRFLOW_CTX_TASK_ID=respond
AIRFLOW_CTX_EXECUTION_DATE=2022-08-03T09:30:00+00:00
AIRFLOW_CTX_DAG_RUN_ID=scheduled__2022-08-03T09:30:00+00:00
[2022-08-03 09:40:10,306] {python.py:118} INFO - Done. Returned value was: Greet Responded Again
[2022-08-03 09:40:10,344] {taskinstance.py:1142} INFO - Marking task as SUCCESS. dag_id=my_simple_dag, task_id=respond, execution_date=20220803T093000, start_date=20220803T094010, end_date=20220803T094010
[2022-08-03 09:40:10,387] {taskinstance.py:1195} INFO - 0 downstream tasks scheduled from follow-on schedule check
[2022-08-03 09:40:10,435] {local_task_job.py:118} INFO - Task exited with return code 0
