[2022-08-03 00:44:33,439] {taskinstance.py:826} INFO - Dependencies all met for <TaskInstance: penjadwalan.dapat_suhu 2022-08-02T17:38:00+00:00 [queued]>
[2022-08-03 00:44:33,658] {taskinstance.py:826} INFO - Dependencies all met for <TaskInstance: penjadwalan.dapat_suhu 2022-08-02T17:38:00+00:00 [queued]>
[2022-08-03 00:44:33,665] {taskinstance.py:1017} INFO - 
--------------------------------------------------------------------------------
[2022-08-03 00:44:33,704] {taskinstance.py:1018} INFO - Starting attempt 1 of 1
[2022-08-03 00:44:33,734] {taskinstance.py:1019} INFO - 
--------------------------------------------------------------------------------
[2022-08-03 00:44:33,895] {taskinstance.py:1038} INFO - Executing <Task(PythonOperator): dapat_suhu> on 2022-08-02T17:38:00+00:00
[2022-08-03 00:44:33,963] {standard_task_runner.py:51} INFO - Started process 24956 to run task
[2022-08-03 00:44:33,970] {standard_task_runner.py:75} INFO - Running: ['airflow', 'tasks', 'run', 'penjadwalan', 'dapat_suhu', '2022-08-02T17:38:00+00:00', '--job-id', '210', '--pool', 'default_pool', '--raw', '--subdir', 'DAGS_FOLDER/penjadwalan.py', '--cfg-path', '/tmp/tmpt9scp7gg']
[2022-08-03 00:44:34,027] {standard_task_runner.py:76} INFO - Job 210: Subtask dapat_suhu
[2022-08-03 00:44:34,583] {logging_mixin.py:103} INFO - Running <TaskInstance: penjadwalan.dapat_suhu 2022-08-02T17:38:00+00:00 [running]> on host b4dcda255553
[2022-08-03 00:44:35,138] {taskinstance.py:1232} INFO - Exporting the following env vars:
AIRFLOW_CTX_DAG_OWNER=airflow
AIRFLOW_CTX_DAG_ID=penjadwalan
AIRFLOW_CTX_TASK_ID=dapat_suhu
AIRFLOW_CTX_EXECUTION_DATE=2022-08-02T17:38:00+00:00
AIRFLOW_CTX_DAG_RUN_ID=scheduled__2022-08-02T17:38:00+00:00
[2022-08-03 00:44:50,205] {logging_mixin.py:103} INFO - {'kota': 'Bali', 'cuaca': 'Clouds', 'cuaca_deskripsi': 'overcast clouds', 'temperatur': 298.28, 'waktu': '2022-08-03T00:44:50.205747'}
[2022-08-03 00:44:54,801] {logging_mixin.py:103} INFO - {'kota': 'Lombok', 'cuaca': 'Clouds', 'cuaca_deskripsi': 'overcast clouds', 'temperatur': 295.51, 'waktu': '2022-08-03T00:44:54.800904'}
[2022-08-03 00:44:57,658] {logging_mixin.py:103} INFO - {'kota': 'Labuan Bajo', 'cuaca': 'Clouds', 'cuaca_deskripsi': 'scattered clouds', 'temperatur': 300.93, 'waktu': '2022-08-03T00:44:57.658038'}
[2022-08-03 00:44:58,053] {logging_mixin.py:103} INFO - {'kota': 'Bogor', 'cuaca': 'Rain', 'cuaca_deskripsi': 'light rain', 'temperatur': 300.87, 'waktu': '2022-08-03T00:44:58.053492'}
[2022-08-03 00:45:02,810] {logging_mixin.py:103} INFO - {'kota': 'Bandung', 'cuaca': 'Clouds', 'cuaca_deskripsi': 'scattered clouds', 'temperatur': 296.92, 'waktu': '2022-08-03T00:45:02.810085'}
[2022-08-03 00:45:02,824] {python.py:118} INFO - Done. Returned value was: None
[2022-08-03 00:45:02,917] {taskinstance.py:1142} INFO - Marking task as SUCCESS. dag_id=penjadwalan, task_id=dapat_suhu, execution_date=20220802T173800, start_date=20220803T004433, end_date=20220803T004502
[2022-08-03 00:45:03,050] {taskinstance.py:1195} INFO - 0 downstream tasks scheduled from follow-on schedule check
[2022-08-03 00:45:03,109] {local_task_job.py:118} INFO - Task exited with return code 0
