[2022-08-03 07:18:01,433] {taskinstance.py:826} INFO - Dependencies all met for <TaskInstance: penjadwalan.dapat_suhu 2022-08-03T07:16:00+00:00 [queued]>
[2022-08-03 07:18:01,460] {taskinstance.py:826} INFO - Dependencies all met for <TaskInstance: penjadwalan.dapat_suhu 2022-08-03T07:16:00+00:00 [queued]>
[2022-08-03 07:18:01,461] {taskinstance.py:1017} INFO - 
--------------------------------------------------------------------------------
[2022-08-03 07:18:01,462] {taskinstance.py:1018} INFO - Starting attempt 1 of 1
[2022-08-03 07:18:01,463] {taskinstance.py:1019} INFO - 
--------------------------------------------------------------------------------
[2022-08-03 07:18:01,480] {taskinstance.py:1038} INFO - Executing <Task(PythonOperator): dapat_suhu> on 2022-08-03T07:16:00+00:00
[2022-08-03 07:18:01,484] {standard_task_runner.py:51} INFO - Started process 5756 to run task
[2022-08-03 07:18:01,491] {standard_task_runner.py:75} INFO - Running: ['airflow', 'tasks', 'run', 'penjadwalan', 'dapat_suhu', '2022-08-03T07:16:00+00:00', '--job-id', '813', '--pool', 'default_pool', '--raw', '--subdir', 'DAGS_FOLDER/penjadwalan.py', '--cfg-path', '/tmp/tmpln6kp_re']
[2022-08-03 07:18:01,495] {standard_task_runner.py:76} INFO - Job 813: Subtask dapat_suhu
[2022-08-03 07:18:01,574] {logging_mixin.py:103} INFO - Running <TaskInstance: penjadwalan.dapat_suhu 2022-08-03T07:16:00+00:00 [running]> on host b4dcda255553
[2022-08-03 07:18:01,655] {taskinstance.py:1232} INFO - Exporting the following env vars:
AIRFLOW_CTX_DAG_OWNER=airflow
AIRFLOW_CTX_DAG_ID=penjadwalan
AIRFLOW_CTX_TASK_ID=dapat_suhu
AIRFLOW_CTX_EXECUTION_DATE=2022-08-03T07:16:00+00:00
AIRFLOW_CTX_DAG_RUN_ID=scheduled__2022-08-03T07:16:00+00:00
[2022-08-03 07:18:01,794] {logging_mixin.py:103} INFO - {'kota': 'Bali', 'cuaca': 'Clouds', 'cuaca_deskripsi': 'broken clouds', 'temperatur': 302.69, 'waktu': '2022-08-03T07:18:01.794645'}
[2022-08-03 07:18:01,937] {logging_mixin.py:103} INFO - {'kota': 'Lombok', 'cuaca': 'Rain', 'cuaca_deskripsi': 'light rain', 'temperatur': 297.58, 'waktu': '2022-08-03T07:18:01.937203'}
[2022-08-03 07:18:02,057] {logging_mixin.py:103} INFO - {'kota': 'Labuan Bajo', 'cuaca': 'Clouds', 'cuaca_deskripsi': 'overcast clouds', 'temperatur': 300.69, 'waktu': '2022-08-03T07:18:02.057739'}
[2022-08-03 07:18:02,223] {logging_mixin.py:103} INFO - {'kota': 'Bogor', 'cuaca': 'Clouds', 'cuaca_deskripsi': 'overcast clouds', 'temperatur': 304.76, 'waktu': '2022-08-03T07:18:02.223124'}
[2022-08-03 07:18:02,394] {logging_mixin.py:103} INFO - {'kota': 'Bandung', 'cuaca': 'Clouds', 'cuaca_deskripsi': 'overcast clouds', 'temperatur': 301.31, 'waktu': '2022-08-03T07:18:02.394251'}
[2022-08-03 07:18:02,407] {python.py:118} INFO - Done. Returned value was: None
[2022-08-03 07:18:02,472] {taskinstance.py:1142} INFO - Marking task as SUCCESS. dag_id=penjadwalan, task_id=dapat_suhu, execution_date=20220803T071600, start_date=20220803T071801, end_date=20220803T071802
[2022-08-03 07:18:02,591] {taskinstance.py:1195} INFO - 0 downstream tasks scheduled from follow-on schedule check
[2022-08-03 07:18:02,628] {local_task_job.py:118} INFO - Task exited with return code 0
