[2022-08-03 08:30:02,169] {taskinstance.py:826} INFO - Dependencies all met for <TaskInstance: my_simple_dag.greet 2022-08-03T08:20:00+00:00 [queued]>
[2022-08-03 08:30:02,197] {taskinstance.py:826} INFO - Dependencies all met for <TaskInstance: my_simple_dag.greet 2022-08-03T08:20:00+00:00 [queued]>
[2022-08-03 08:30:02,198] {taskinstance.py:1017} INFO - 
--------------------------------------------------------------------------------
[2022-08-03 08:30:02,198] {taskinstance.py:1018} INFO - Starting attempt 1 of 1
[2022-08-03 08:30:02,198] {taskinstance.py:1019} INFO - 
--------------------------------------------------------------------------------
[2022-08-03 08:30:02,213] {taskinstance.py:1038} INFO - Executing <Task(PythonOperator): greet> on 2022-08-03T08:20:00+00:00
[2022-08-03 08:30:02,217] {standard_task_runner.py:51} INFO - Started process 3740 to run task
[2022-08-03 08:30:02,223] {standard_task_runner.py:75} INFO - Running: ['airflow', 'tasks', 'run', 'my_simple_dag', 'greet', '2022-08-03T08:20:00+00:00', '--job-id', '879', '--pool', 'default_pool', '--raw', '--subdir', 'DAGS_FOLDER/my_simple_dag.py', '--cfg-path', '/tmp/tmpk9bn2na2']
[2022-08-03 08:30:02,228] {standard_task_runner.py:76} INFO - Job 879: Subtask greet
[2022-08-03 08:30:02,304] {logging_mixin.py:103} INFO - Running <TaskInstance: my_simple_dag.greet 2022-08-03T08:20:00+00:00 [running]> on host b4dcda255553
[2022-08-03 08:30:02,406] {taskinstance.py:1232} INFO - Exporting the following env vars:
AIRFLOW_CTX_DAG_OWNER=airflow
AIRFLOW_CTX_DAG_ID=my_simple_dag
AIRFLOW_CTX_TASK_ID=greet
AIRFLOW_CTX_EXECUTION_DATE=2022-08-03T08:20:00+00:00
AIRFLOW_CTX_DAG_RUN_ID=scheduled__2022-08-03T08:20:00+00:00
[2022-08-03 08:30:02,408] {logging_mixin.py:103} INFO - Halo Salam dari Apache Airflow2022-08-03 08:30
[2022-08-03 08:30:02,409] {python.py:118} INFO - Done. Returned value was: None
[2022-08-03 08:30:02,429] {taskinstance.py:1142} INFO - Marking task as SUCCESS. dag_id=my_simple_dag, task_id=greet, execution_date=20220803T082000, start_date=20220803T083002, end_date=20220803T083002
[2022-08-03 08:30:02,481] {taskinstance.py:1195} INFO - 1 downstream tasks scheduled from follow-on schedule check
[2022-08-03 08:30:02,518] {local_task_job.py:118} INFO - Task exited with return code 0
