[2022-08-03 01:28:00,859] {taskinstance.py:826} INFO - Dependencies all met for <TaskInstance: penjadwalan.dapat_suhu 2022-08-03T01:26:00+00:00 [queued]>
[2022-08-03 01:28:00,886] {taskinstance.py:826} INFO - Dependencies all met for <TaskInstance: penjadwalan.dapat_suhu 2022-08-03T01:26:00+00:00 [queued]>
[2022-08-03 01:28:00,886] {taskinstance.py:1017} INFO - 
--------------------------------------------------------------------------------
[2022-08-03 01:28:00,887] {taskinstance.py:1018} INFO - Starting attempt 1 of 1
[2022-08-03 01:28:00,887] {taskinstance.py:1019} INFO - 
--------------------------------------------------------------------------------
[2022-08-03 01:28:00,903] {taskinstance.py:1038} INFO - Executing <Task(PythonOperator): dapat_suhu> on 2022-08-03T01:26:00+00:00
[2022-08-03 01:28:00,908] {standard_task_runner.py:51} INFO - Started process 31351 to run task
[2022-08-03 01:28:00,913] {standard_task_runner.py:75} INFO - Running: ['airflow', 'tasks', 'run', 'penjadwalan', 'dapat_suhu', '2022-08-03T01:26:00+00:00', '--job-id', '466', '--pool', 'default_pool', '--raw', '--subdir', 'DAGS_FOLDER/penjadwalan.py', '--cfg-path', '/tmp/tmpkw_j4zfa']
[2022-08-03 01:28:00,917] {standard_task_runner.py:76} INFO - Job 466: Subtask dapat_suhu
[2022-08-03 01:28:00,987] {logging_mixin.py:103} INFO - Running <TaskInstance: penjadwalan.dapat_suhu 2022-08-03T01:26:00+00:00 [running]> on host b4dcda255553
[2022-08-03 01:28:01,058] {taskinstance.py:1232} INFO - Exporting the following env vars:
AIRFLOW_CTX_DAG_OWNER=airflow
AIRFLOW_CTX_DAG_ID=penjadwalan
AIRFLOW_CTX_TASK_ID=dapat_suhu
AIRFLOW_CTX_EXECUTION_DATE=2022-08-03T01:26:00+00:00
AIRFLOW_CTX_DAG_RUN_ID=scheduled__2022-08-03T01:26:00+00:00
[2022-08-03 01:28:02,712] {logging_mixin.py:103} INFO - {'kota': 'Bali', 'cuaca': 'Clouds', 'cuaca_deskripsi': 'overcast clouds', 'temperatur': 298.28, 'waktu': '2022-08-03T01:28:02.712599'}
[2022-08-03 01:28:04,447] {logging_mixin.py:103} INFO - {'kota': 'Lombok', 'cuaca': 'Clouds', 'cuaca_deskripsi': 'overcast clouds', 'temperatur': 295.51, 'waktu': '2022-08-03T01:28:04.447732'}
[2022-08-03 01:28:04,811] {logging_mixin.py:103} INFO - {'kota': 'Labuan Bajo', 'cuaca': 'Clouds', 'cuaca_deskripsi': 'scattered clouds', 'temperatur': 300.93, 'waktu': '2022-08-03T01:28:04.811507'}
[2022-08-03 01:28:06,250] {logging_mixin.py:103} INFO - {'kota': 'Bogor', 'cuaca': 'Rain', 'cuaca_deskripsi': 'light rain', 'temperatur': 298.35, 'waktu': '2022-08-03T01:28:06.250373'}
[2022-08-03 01:28:06,981] {logging_mixin.py:103} INFO - {'kota': 'Bandung', 'cuaca': 'Clouds', 'cuaca_deskripsi': 'scattered clouds', 'temperatur': 296.92, 'waktu': '2022-08-03T01:28:06.981140'}
[2022-08-03 01:28:06,981] {python.py:118} INFO - Done. Returned value was: None
[2022-08-03 01:28:06,997] {taskinstance.py:1142} INFO - Marking task as SUCCESS. dag_id=penjadwalan, task_id=dapat_suhu, execution_date=20220803T012600, start_date=20220803T012800, end_date=20220803T012806
[2022-08-03 01:28:07,034] {taskinstance.py:1195} INFO - 0 downstream tasks scheduled from follow-on schedule check
[2022-08-03 01:28:07,076] {local_task_job.py:118} INFO - Task exited with return code 0
