[2022-08-03 01:40:03,363] {taskinstance.py:826} INFO - Dependencies all met for <TaskInstance: my_simple_dag.sleep_me 2022-08-03T01:30:00+00:00 [queued]>
[2022-08-03 01:40:03,389] {taskinstance.py:826} INFO - Dependencies all met for <TaskInstance: my_simple_dag.sleep_me 2022-08-03T01:30:00+00:00 [queued]>
[2022-08-03 01:40:03,390] {taskinstance.py:1017} INFO - 
--------------------------------------------------------------------------------
[2022-08-03 01:40:03,390] {taskinstance.py:1018} INFO - Starting attempt 1 of 1
[2022-08-03 01:40:03,391] {taskinstance.py:1019} INFO - 
--------------------------------------------------------------------------------
[2022-08-03 01:40:03,407] {taskinstance.py:1038} INFO - Executing <Task(BashOperator): sleep_me> on 2022-08-03T01:30:00+00:00
[2022-08-03 01:40:03,412] {standard_task_runner.py:51} INFO - Started process 15299 to run task
[2022-08-03 01:40:03,418] {standard_task_runner.py:75} INFO - Running: ['airflow', 'tasks', 'run', 'my_simple_dag', 'sleep_me', '2022-08-03T01:30:00+00:00', '--job-id', '479', '--pool', 'default_pool', '--raw', '--subdir', 'DAGS_FOLDER/my_simple_dag.py', '--cfg-path', '/tmp/tmpg1vo4xdt']
[2022-08-03 01:40:03,422] {standard_task_runner.py:76} INFO - Job 479: Subtask sleep_me
[2022-08-03 01:40:03,507] {logging_mixin.py:103} INFO - Running <TaskInstance: my_simple_dag.sleep_me 2022-08-03T01:30:00+00:00 [running]> on host b4dcda255553
[2022-08-03 01:40:03,580] {taskinstance.py:1232} INFO - Exporting the following env vars:
AIRFLOW_CTX_DAG_OWNER=airflow
AIRFLOW_CTX_DAG_ID=my_simple_dag
AIRFLOW_CTX_TASK_ID=sleep_me
AIRFLOW_CTX_EXECUTION_DATE=2022-08-03T01:30:00+00:00
AIRFLOW_CTX_DAG_RUN_ID=scheduled__2022-08-03T01:30:00+00:00
[2022-08-03 01:40:03,581] {bash.py:135} INFO - Tmp dir root location: 
 /tmp
[2022-08-03 01:40:03,583] {bash.py:158} INFO - Running command: sleep 5
[2022-08-03 01:40:03,594] {bash.py:169} INFO - Output:
[2022-08-03 01:40:08,598] {bash.py:177} INFO - Command exited with return code 0
[2022-08-03 01:40:08,631] {taskinstance.py:1142} INFO - Marking task as SUCCESS. dag_id=my_simple_dag, task_id=sleep_me, execution_date=20220803T013000, start_date=20220803T014003, end_date=20220803T014008
[2022-08-03 01:40:08,671] {taskinstance.py:1195} INFO - 1 downstream tasks scheduled from follow-on schedule check
[2022-08-03 01:40:08,691] {local_task_job.py:118} INFO - Task exited with return code 0
