[2022-08-03 00:46:08,499] {taskinstance.py:826} INFO - Dependencies all met for <TaskInstance: penjadwalan.dapat_suhu 2022-08-02T20:28:00+00:00 [queued]>
[2022-08-03 00:46:08,532] {taskinstance.py:826} INFO - Dependencies all met for <TaskInstance: penjadwalan.dapat_suhu 2022-08-02T20:28:00+00:00 [queued]>
[2022-08-03 00:46:08,533] {taskinstance.py:1017} INFO - 
--------------------------------------------------------------------------------
[2022-08-03 00:46:08,533] {taskinstance.py:1018} INFO - Starting attempt 1 of 1
[2022-08-03 00:46:08,534] {taskinstance.py:1019} INFO - 
--------------------------------------------------------------------------------
[2022-08-03 00:46:08,557] {taskinstance.py:1038} INFO - Executing <Task(PythonOperator): dapat_suhu> on 2022-08-02T20:28:00+00:00
[2022-08-03 00:46:08,562] {standard_task_runner.py:51} INFO - Started process 27685 to run task
[2022-08-03 00:46:08,567] {standard_task_runner.py:75} INFO - Running: ['airflow', 'tasks', 'run', 'penjadwalan', 'dapat_suhu', '2022-08-02T20:28:00+00:00', '--job-id', '301', '--pool', 'default_pool', '--raw', '--subdir', 'DAGS_FOLDER/penjadwalan.py', '--cfg-path', '/tmp/tmpdd9ejo8c']
[2022-08-03 00:46:08,571] {standard_task_runner.py:76} INFO - Job 301: Subtask dapat_suhu
[2022-08-03 00:46:08,637] {logging_mixin.py:103} INFO - Running <TaskInstance: penjadwalan.dapat_suhu 2022-08-02T20:28:00+00:00 [running]> on host b4dcda255553
[2022-08-03 00:46:08,711] {taskinstance.py:1232} INFO - Exporting the following env vars:
AIRFLOW_CTX_DAG_OWNER=airflow
AIRFLOW_CTX_DAG_ID=penjadwalan
AIRFLOW_CTX_TASK_ID=dapat_suhu
AIRFLOW_CTX_EXECUTION_DATE=2022-08-02T20:28:00+00:00
AIRFLOW_CTX_DAG_RUN_ID=scheduled__2022-08-02T20:28:00+00:00
[2022-08-03 00:46:12,989] {logging_mixin.py:103} INFO - {'kota': 'Bali', 'cuaca': 'Clouds', 'cuaca_deskripsi': 'overcast clouds', 'temperatur': 298.28, 'waktu': '2022-08-03T00:46:12.989664'}
[2022-08-03 00:46:13,877] {logging_mixin.py:103} INFO - {'kota': 'Lombok', 'cuaca': 'Clouds', 'cuaca_deskripsi': 'overcast clouds', 'temperatur': 295.51, 'waktu': '2022-08-03T00:46:13.877252'}
[2022-08-03 00:46:14,200] {logging_mixin.py:103} INFO - {'kota': 'Labuan Bajo', 'cuaca': 'Clouds', 'cuaca_deskripsi': 'scattered clouds', 'temperatur': 300.93, 'waktu': '2022-08-03T00:46:14.199851'}
[2022-08-03 00:46:14,424] {logging_mixin.py:103} INFO - {'kota': 'Bogor', 'cuaca': 'Rain', 'cuaca_deskripsi': 'light rain', 'temperatur': 300.87, 'waktu': '2022-08-03T00:46:14.420940'}
[2022-08-03 00:46:16,032] {logging_mixin.py:103} INFO - {'kota': 'Bandung', 'cuaca': 'Clouds', 'cuaca_deskripsi': 'scattered clouds', 'temperatur': 296.92, 'waktu': '2022-08-03T00:46:16.031936'}
[2022-08-03 00:46:16,032] {python.py:118} INFO - Done. Returned value was: None
[2022-08-03 00:46:16,048] {taskinstance.py:1142} INFO - Marking task as SUCCESS. dag_id=penjadwalan, task_id=dapat_suhu, execution_date=20220802T202800, start_date=20220803T004608, end_date=20220803T004616
[2022-08-03 00:46:16,138] {taskinstance.py:1195} INFO - 0 downstream tasks scheduled from follow-on schedule check
[2022-08-03 00:46:16,158] {local_task_job.py:118} INFO - Task exited with return code 0
