[2022-08-03 02:42:00,663] {taskinstance.py:826} INFO - Dependencies all met for <TaskInstance: penjadwalan.dapat_suhu 2022-08-03T02:40:00+00:00 [queued]>
[2022-08-03 02:42:00,692] {taskinstance.py:826} INFO - Dependencies all met for <TaskInstance: penjadwalan.dapat_suhu 2022-08-03T02:40:00+00:00 [queued]>
[2022-08-03 02:42:00,693] {taskinstance.py:1017} INFO - 
--------------------------------------------------------------------------------
[2022-08-03 02:42:00,694] {taskinstance.py:1018} INFO - Starting attempt 1 of 1
[2022-08-03 02:42:00,694] {taskinstance.py:1019} INFO - 
--------------------------------------------------------------------------------
[2022-08-03 02:42:00,712] {taskinstance.py:1038} INFO - Executing <Task(PythonOperator): dapat_suhu> on 2022-08-03T02:40:00+00:00
[2022-08-03 02:42:00,717] {standard_task_runner.py:51} INFO - Started process 10918 to run task
[2022-08-03 02:42:00,723] {standard_task_runner.py:75} INFO - Running: ['airflow', 'tasks', 'run', 'penjadwalan', 'dapat_suhu', '2022-08-03T02:40:00+00:00', '--job-id', '535', '--pool', 'default_pool', '--raw', '--subdir', 'DAGS_FOLDER/penjadwalan.py', '--cfg-path', '/tmp/tmp3fcnodo5']
[2022-08-03 02:42:00,727] {standard_task_runner.py:76} INFO - Job 535: Subtask dapat_suhu
[2022-08-03 02:42:00,815] {logging_mixin.py:103} INFO - Running <TaskInstance: penjadwalan.dapat_suhu 2022-08-03T02:40:00+00:00 [running]> on host b4dcda255553
[2022-08-03 02:42:00,888] {taskinstance.py:1232} INFO - Exporting the following env vars:
AIRFLOW_CTX_DAG_OWNER=airflow
AIRFLOW_CTX_DAG_ID=penjadwalan
AIRFLOW_CTX_TASK_ID=dapat_suhu
AIRFLOW_CTX_EXECUTION_DATE=2022-08-03T02:40:00+00:00
AIRFLOW_CTX_DAG_RUN_ID=scheduled__2022-08-03T02:40:00+00:00
[2022-08-03 02:42:01,238] {logging_mixin.py:103} INFO - {'kota': 'Bali', 'cuaca': 'Clouds', 'cuaca_deskripsi': 'scattered clouds', 'temperatur': 298.28, 'waktu': '2022-08-03T02:42:01.238726'}
[2022-08-03 02:42:01,643] {logging_mixin.py:103} INFO - {'kota': 'Lombok', 'cuaca': 'Rain', 'cuaca_deskripsi': 'heavy intensity rain', 'temperatur': 297.83, 'waktu': '2022-08-03T02:42:01.642991'}
[2022-08-03 02:42:02,273] {logging_mixin.py:103} INFO - {'kota': 'Labuan Bajo', 'cuaca': 'Clouds', 'cuaca_deskripsi': 'broken clouds', 'temperatur': 302.24, 'waktu': '2022-08-03T02:42:02.272997'}
[2022-08-03 02:42:02,549] {logging_mixin.py:103} INFO - {'kota': 'Bogor', 'cuaca': 'Clouds', 'cuaca_deskripsi': 'overcast clouds', 'temperatur': 302.04, 'waktu': '2022-08-03T02:42:02.549451'}
[2022-08-03 02:42:02,890] {logging_mixin.py:103} INFO - {'kota': 'Bandung', 'cuaca': 'Clouds', 'cuaca_deskripsi': 'broken clouds', 'temperatur': 300.9, 'waktu': '2022-08-03T02:42:02.890442'}
[2022-08-03 02:42:02,891] {python.py:118} INFO - Done. Returned value was: None
[2022-08-03 02:42:02,909] {taskinstance.py:1142} INFO - Marking task as SUCCESS. dag_id=penjadwalan, task_id=dapat_suhu, execution_date=20220803T024000, start_date=20220803T024200, end_date=20220803T024202
[2022-08-03 02:42:02,956] {taskinstance.py:1195} INFO - 0 downstream tasks scheduled from follow-on schedule check
[2022-08-03 02:42:02,985] {local_task_job.py:118} INFO - Task exited with return code 0
