[2022-08-03 09:10:02,686] {taskinstance.py:826} INFO - Dependencies all met for <TaskInstance: my_simple_dag.greet 2022-08-03T09:00:00+00:00 [queued]>
[2022-08-03 09:10:02,733] {taskinstance.py:826} INFO - Dependencies all met for <TaskInstance: my_simple_dag.greet 2022-08-03T09:00:00+00:00 [queued]>
[2022-08-03 09:10:02,735] {taskinstance.py:1017} INFO - 
--------------------------------------------------------------------------------
[2022-08-03 09:10:02,737] {taskinstance.py:1018} INFO - Starting attempt 1 of 1
[2022-08-03 09:10:02,739] {taskinstance.py:1019} INFO - 
--------------------------------------------------------------------------------
[2022-08-03 09:10:02,757] {taskinstance.py:1038} INFO - Executing <Task(PythonOperator): greet> on 2022-08-03T09:00:00+00:00
[2022-08-03 09:10:02,762] {standard_task_runner.py:51} INFO - Started process 23254 to run task
[2022-08-03 09:10:02,770] {standard_task_runner.py:75} INFO - Running: ['airflow', 'tasks', 'run', 'my_simple_dag', 'greet', '2022-08-03T09:00:00+00:00', '--job-id', '915', '--pool', 'default_pool', '--raw', '--subdir', 'DAGS_FOLDER/my_simple_dag.py', '--cfg-path', '/tmp/tmprud350h0']
[2022-08-03 09:10:02,775] {standard_task_runner.py:76} INFO - Job 915: Subtask greet
[2022-08-03 09:10:02,865] {logging_mixin.py:103} INFO - Running <TaskInstance: my_simple_dag.greet 2022-08-03T09:00:00+00:00 [running]> on host b4dcda255553
[2022-08-03 09:10:02,933] {taskinstance.py:1232} INFO - Exporting the following env vars:
AIRFLOW_CTX_DAG_OWNER=airflow
AIRFLOW_CTX_DAG_ID=my_simple_dag
AIRFLOW_CTX_TASK_ID=greet
AIRFLOW_CTX_EXECUTION_DATE=2022-08-03T09:00:00+00:00
AIRFLOW_CTX_DAG_RUN_ID=scheduled__2022-08-03T09:00:00+00:00
[2022-08-03 09:10:02,934] {logging_mixin.py:103} INFO - Halo Salam dari Apache Airflow2022-08-03 09:10
[2022-08-03 09:10:02,935] {python.py:118} INFO - Done. Returned value was: None
[2022-08-03 09:10:02,955] {taskinstance.py:1142} INFO - Marking task as SUCCESS. dag_id=my_simple_dag, task_id=greet, execution_date=20220803T090000, start_date=20220803T091002, end_date=20220803T091002
[2022-08-03 09:10:03,009] {taskinstance.py:1195} INFO - 1 downstream tasks scheduled from follow-on schedule check
[2022-08-03 09:10:03,019] {local_task_job.py:118} INFO - Task exited with return code 0
