[2022-08-03 00:52:01,117] {taskinstance.py:826} INFO - Dependencies all met for <TaskInstance: penjadwalan.dapat_suhu 2022-08-03T00:50:00+00:00 [queued]>
[2022-08-03 00:52:01,142] {taskinstance.py:826} INFO - Dependencies all met for <TaskInstance: penjadwalan.dapat_suhu 2022-08-03T00:50:00+00:00 [queued]>
[2022-08-03 00:52:01,143] {taskinstance.py:1017} INFO - 
--------------------------------------------------------------------------------
[2022-08-03 00:52:01,144] {taskinstance.py:1018} INFO - Starting attempt 1 of 1
[2022-08-03 00:52:01,144] {taskinstance.py:1019} INFO - 
--------------------------------------------------------------------------------
[2022-08-03 00:52:01,159] {taskinstance.py:1038} INFO - Executing <Task(PythonOperator): dapat_suhu> on 2022-08-03T00:50:00+00:00
[2022-08-03 00:52:01,165] {standard_task_runner.py:51} INFO - Started process 12516 to run task
[2022-08-03 00:52:01,171] {standard_task_runner.py:75} INFO - Running: ['airflow', 'tasks', 'run', 'penjadwalan', 'dapat_suhu', '2022-08-03T00:50:00+00:00', '--job-id', '436', '--pool', 'default_pool', '--raw', '--subdir', 'DAGS_FOLDER/penjadwalan.py', '--cfg-path', '/tmp/tmpfhjsfx3n']
[2022-08-03 00:52:01,176] {standard_task_runner.py:76} INFO - Job 436: Subtask dapat_suhu
[2022-08-03 00:52:01,281] {logging_mixin.py:103} INFO - Running <TaskInstance: penjadwalan.dapat_suhu 2022-08-03T00:50:00+00:00 [running]> on host b4dcda255553
[2022-08-03 00:52:01,389] {taskinstance.py:1232} INFO - Exporting the following env vars:
AIRFLOW_CTX_DAG_OWNER=airflow
AIRFLOW_CTX_DAG_ID=penjadwalan
AIRFLOW_CTX_TASK_ID=dapat_suhu
AIRFLOW_CTX_EXECUTION_DATE=2022-08-03T00:50:00+00:00
AIRFLOW_CTX_DAG_RUN_ID=scheduled__2022-08-03T00:50:00+00:00
[2022-08-03 00:52:41,436] {logging_mixin.py:103} INFO - {'kota': 'Bali', 'cuaca': 'Clouds', 'cuaca_deskripsi': 'overcast clouds', 'temperatur': 298.28, 'waktu': '2022-08-03T00:52:41.436483'}
[2022-08-03 00:52:41,791] {logging_mixin.py:103} INFO - {'kota': 'Lombok', 'cuaca': 'Clouds', 'cuaca_deskripsi': 'overcast clouds', 'temperatur': 295.51, 'waktu': '2022-08-03T00:52:41.791296'}
[2022-08-03 00:52:41,985] {logging_mixin.py:103} INFO - {'kota': 'Labuan Bajo', 'cuaca': 'Clouds', 'cuaca_deskripsi': 'scattered clouds', 'temperatur': 300.93, 'waktu': '2022-08-03T00:52:41.985230'}
[2022-08-03 00:52:42,189] {logging_mixin.py:103} INFO - {'kota': 'Bogor', 'cuaca': 'Rain', 'cuaca_deskripsi': 'light rain', 'temperatur': 296.27, 'waktu': '2022-08-03T00:52:42.189480'}
[2022-08-03 00:52:42,828] {logging_mixin.py:103} INFO - {'kota': 'Bandung', 'cuaca': 'Clouds', 'cuaca_deskripsi': 'scattered clouds', 'temperatur': 296.92, 'waktu': '2022-08-03T00:52:42.828624'}
[2022-08-03 00:52:42,829] {python.py:118} INFO - Done. Returned value was: None
[2022-08-03 00:52:42,847] {taskinstance.py:1142} INFO - Marking task as SUCCESS. dag_id=penjadwalan, task_id=dapat_suhu, execution_date=20220803T005000, start_date=20220803T005201, end_date=20220803T005242
[2022-08-03 00:52:42,887] {taskinstance.py:1195} INFO - 0 downstream tasks scheduled from follow-on schedule check
[2022-08-03 00:52:42,925] {local_task_job.py:118} INFO - Task exited with return code 0
