[2022-08-03 03:20:01,746] {taskinstance.py:826} INFO - Dependencies all met for <TaskInstance: penjadwalan.dapat_suhu 2022-08-03T03:18:00+00:00 [queued]>
[2022-08-03 03:20:01,773] {taskinstance.py:826} INFO - Dependencies all met for <TaskInstance: penjadwalan.dapat_suhu 2022-08-03T03:18:00+00:00 [queued]>
[2022-08-03 03:20:01,774] {taskinstance.py:1017} INFO - 
--------------------------------------------------------------------------------
[2022-08-03 03:20:01,775] {taskinstance.py:1018} INFO - Starting attempt 1 of 1
[2022-08-03 03:20:01,775] {taskinstance.py:1019} INFO - 
--------------------------------------------------------------------------------
[2022-08-03 03:20:01,790] {taskinstance.py:1038} INFO - Executing <Task(PythonOperator): dapat_suhu> on 2022-08-03T03:18:00+00:00
[2022-08-03 03:20:01,796] {standard_task_runner.py:51} INFO - Started process 26858 to run task
[2022-08-03 03:20:01,802] {standard_task_runner.py:75} INFO - Running: ['airflow', 'tasks', 'run', 'penjadwalan', 'dapat_suhu', '2022-08-03T03:18:00+00:00', '--job-id', '566', '--pool', 'default_pool', '--raw', '--subdir', 'DAGS_FOLDER/penjadwalan.py', '--cfg-path', '/tmp/tmp57apxuop']
[2022-08-03 03:20:01,807] {standard_task_runner.py:76} INFO - Job 566: Subtask dapat_suhu
[2022-08-03 03:20:01,886] {logging_mixin.py:103} INFO - Running <TaskInstance: penjadwalan.dapat_suhu 2022-08-03T03:18:00+00:00 [running]> on host b4dcda255553
[2022-08-03 03:20:02,034] {taskinstance.py:1232} INFO - Exporting the following env vars:
AIRFLOW_CTX_DAG_OWNER=airflow
AIRFLOW_CTX_DAG_ID=penjadwalan
AIRFLOW_CTX_TASK_ID=dapat_suhu
AIRFLOW_CTX_EXECUTION_DATE=2022-08-03T03:18:00+00:00
AIRFLOW_CTX_DAG_RUN_ID=scheduled__2022-08-03T03:18:00+00:00
[2022-08-03 03:20:02,173] {logging_mixin.py:103} INFO - {'kota': 'Bali', 'cuaca': 'Clouds', 'cuaca_deskripsi': 'scattered clouds', 'temperatur': 301.61, 'waktu': '2022-08-03T03:20:02.173289'}
[2022-08-03 03:20:02,284] {logging_mixin.py:103} INFO - {'kota': 'Lombok', 'cuaca': 'Rain', 'cuaca_deskripsi': 'light rain', 'temperatur': 297.83, 'waktu': '2022-08-03T03:20:02.284456'}
[2022-08-03 03:20:02,396] {logging_mixin.py:103} INFO - {'kota': 'Labuan Bajo', 'cuaca': 'Clouds', 'cuaca_deskripsi': 'broken clouds', 'temperatur': 302.24, 'waktu': '2022-08-03T03:20:02.396829'}
[2022-08-03 03:20:02,511] {logging_mixin.py:103} INFO - {'kota': 'Bogor', 'cuaca': 'Clouds', 'cuaca_deskripsi': 'overcast clouds', 'temperatur': 303.65, 'waktu': '2022-08-03T03:20:02.511579'}
[2022-08-03 03:20:02,630] {logging_mixin.py:103} INFO - {'kota': 'Bandung', 'cuaca': 'Clouds', 'cuaca_deskripsi': 'broken clouds', 'temperatur': 300.9, 'waktu': '2022-08-03T03:20:02.630731'}
[2022-08-03 03:20:02,631] {python.py:118} INFO - Done. Returned value was: None
[2022-08-03 03:20:02,655] {taskinstance.py:1142} INFO - Marking task as SUCCESS. dag_id=penjadwalan, task_id=dapat_suhu, execution_date=20220803T031800, start_date=20220803T032001, end_date=20220803T032002
[2022-08-03 03:20:02,709] {taskinstance.py:1195} INFO - 0 downstream tasks scheduled from follow-on schedule check
[2022-08-03 03:20:02,736] {local_task_job.py:118} INFO - Task exited with return code 0
