[2022-08-03 02:14:01,930] {taskinstance.py:826} INFO - Dependencies all met for <TaskInstance: penjadwalan.dapat_suhu 2022-08-03T02:12:00+00:00 [queued]>
[2022-08-03 02:14:01,964] {taskinstance.py:826} INFO - Dependencies all met for <TaskInstance: penjadwalan.dapat_suhu 2022-08-03T02:12:00+00:00 [queued]>
[2022-08-03 02:14:01,965] {taskinstance.py:1017} INFO - 
--------------------------------------------------------------------------------
[2022-08-03 02:14:01,966] {taskinstance.py:1018} INFO - Starting attempt 1 of 1
[2022-08-03 02:14:01,966] {taskinstance.py:1019} INFO - 
--------------------------------------------------------------------------------
[2022-08-03 02:14:01,985] {taskinstance.py:1038} INFO - Executing <Task(PythonOperator): dapat_suhu> on 2022-08-03T02:12:00+00:00
[2022-08-03 02:14:01,990] {standard_task_runner.py:51} INFO - Started process 17651 to run task
[2022-08-03 02:14:01,997] {standard_task_runner.py:75} INFO - Running: ['airflow', 'tasks', 'run', 'penjadwalan', 'dapat_suhu', '2022-08-03T02:12:00+00:00', '--job-id', '509', '--pool', 'default_pool', '--raw', '--subdir', 'DAGS_FOLDER/penjadwalan.py', '--cfg-path', '/tmp/tmpsdhofw3c']
[2022-08-03 02:14:02,001] {standard_task_runner.py:76} INFO - Job 509: Subtask dapat_suhu
[2022-08-03 02:14:02,098] {logging_mixin.py:103} INFO - Running <TaskInstance: penjadwalan.dapat_suhu 2022-08-03T02:12:00+00:00 [running]> on host b4dcda255553
[2022-08-03 02:14:02,193] {taskinstance.py:1232} INFO - Exporting the following env vars:
AIRFLOW_CTX_DAG_OWNER=airflow
AIRFLOW_CTX_DAG_ID=penjadwalan
AIRFLOW_CTX_TASK_ID=dapat_suhu
AIRFLOW_CTX_EXECUTION_DATE=2022-08-03T02:12:00+00:00
AIRFLOW_CTX_DAG_RUN_ID=scheduled__2022-08-03T02:12:00+00:00
[2022-08-03 02:14:03,939] {logging_mixin.py:103} INFO - {'kota': 'Bali', 'cuaca': 'Clouds', 'cuaca_deskripsi': 'broken clouds', 'temperatur': 298.28, 'waktu': '2022-08-03T02:14:03.939633'}
[2022-08-03 02:14:04,394] {logging_mixin.py:103} INFO - {'kota': 'Lombok', 'cuaca': 'Rain', 'cuaca_deskripsi': 'heavy intensity rain', 'temperatur': 295.93, 'waktu': '2022-08-03T02:14:04.394154'}
[2022-08-03 02:14:04,634] {logging_mixin.py:103} INFO - {'kota': 'Labuan Bajo', 'cuaca': 'Clouds', 'cuaca_deskripsi': 'broken clouds', 'temperatur': 301.94, 'waktu': '2022-08-03T02:14:04.634321'}
[2022-08-03 02:14:04,877] {logging_mixin.py:103} INFO - {'kota': 'Bogor', 'cuaca': 'Clouds', 'cuaca_deskripsi': 'overcast clouds', 'temperatur': 299.92, 'waktu': '2022-08-03T02:14:04.877175'}
[2022-08-03 02:14:05,188] {logging_mixin.py:103} INFO - {'kota': 'Bandung', 'cuaca': 'Clouds', 'cuaca_deskripsi': 'scattered clouds', 'temperatur': 299.15, 'waktu': '2022-08-03T02:14:05.187922'}
[2022-08-03 02:14:05,188] {python.py:118} INFO - Done. Returned value was: None
[2022-08-03 02:14:05,206] {taskinstance.py:1142} INFO - Marking task as SUCCESS. dag_id=penjadwalan, task_id=dapat_suhu, execution_date=20220803T021200, start_date=20220803T021401, end_date=20220803T021405
[2022-08-03 02:14:05,249] {taskinstance.py:1195} INFO - 0 downstream tasks scheduled from follow-on schedule check
[2022-08-03 02:14:05,259] {local_task_job.py:118} INFO - Task exited with return code 0
