[2022-08-03 00:45:27,910] {taskinstance.py:826} INFO - Dependencies all met for <TaskInstance: penjadwalan.dapat_suhu 2022-08-02T19:06:00+00:00 [queued]>
[2022-08-03 00:45:27,992] {taskinstance.py:826} INFO - Dependencies all met for <TaskInstance: penjadwalan.dapat_suhu 2022-08-02T19:06:00+00:00 [queued]>
[2022-08-03 00:45:27,994] {taskinstance.py:1017} INFO - 
--------------------------------------------------------------------------------
[2022-08-03 00:45:27,995] {taskinstance.py:1018} INFO - Starting attempt 1 of 1
[2022-08-03 00:45:27,997] {taskinstance.py:1019} INFO - 
--------------------------------------------------------------------------------
[2022-08-03 00:45:28,022] {taskinstance.py:1038} INFO - Executing <Task(PythonOperator): dapat_suhu> on 2022-08-02T19:06:00+00:00
[2022-08-03 00:45:28,028] {standard_task_runner.py:51} INFO - Started process 25964 to run task
[2022-08-03 00:45:28,036] {standard_task_runner.py:75} INFO - Running: ['airflow', 'tasks', 'run', 'penjadwalan', 'dapat_suhu', '2022-08-02T19:06:00+00:00', '--job-id', '260', '--pool', 'default_pool', '--raw', '--subdir', 'DAGS_FOLDER/penjadwalan.py', '--cfg-path', '/tmp/tmpjryu25b_']
[2022-08-03 00:45:28,042] {standard_task_runner.py:76} INFO - Job 260: Subtask dapat_suhu
[2022-08-03 00:45:28,170] {logging_mixin.py:103} INFO - Running <TaskInstance: penjadwalan.dapat_suhu 2022-08-02T19:06:00+00:00 [running]> on host b4dcda255553
[2022-08-03 00:45:28,301] {taskinstance.py:1232} INFO - Exporting the following env vars:
AIRFLOW_CTX_DAG_OWNER=airflow
AIRFLOW_CTX_DAG_ID=penjadwalan
AIRFLOW_CTX_TASK_ID=dapat_suhu
AIRFLOW_CTX_EXECUTION_DATE=2022-08-02T19:06:00+00:00
AIRFLOW_CTX_DAG_RUN_ID=scheduled__2022-08-02T19:06:00+00:00
[2022-08-03 00:45:30,042] {logging_mixin.py:103} INFO - {'kota': 'Bali', 'cuaca': 'Clouds', 'cuaca_deskripsi': 'overcast clouds', 'temperatur': 298.28, 'waktu': '2022-08-03T00:45:30.042321'}
[2022-08-03 00:45:30,438] {logging_mixin.py:103} INFO - {'kota': 'Lombok', 'cuaca': 'Clouds', 'cuaca_deskripsi': 'overcast clouds', 'temperatur': 295.51, 'waktu': '2022-08-03T00:45:30.438153'}
[2022-08-03 00:45:31,027] {logging_mixin.py:103} INFO - {'kota': 'Labuan Bajo', 'cuaca': 'Clouds', 'cuaca_deskripsi': 'scattered clouds', 'temperatur': 300.93, 'waktu': '2022-08-03T00:45:31.026848'}
[2022-08-03 00:45:31,812] {logging_mixin.py:103} INFO - {'kota': 'Bogor', 'cuaca': 'Rain', 'cuaca_deskripsi': 'light rain', 'temperatur': 300.87, 'waktu': '2022-08-03T00:45:31.812620'}
[2022-08-03 00:45:32,840] {logging_mixin.py:103} INFO - {'kota': 'Bandung', 'cuaca': 'Clouds', 'cuaca_deskripsi': 'scattered clouds', 'temperatur': 296.92, 'waktu': '2022-08-03T00:45:32.840350'}
[2022-08-03 00:45:32,857] {python.py:118} INFO - Done. Returned value was: None
[2022-08-03 00:45:32,916] {taskinstance.py:1142} INFO - Marking task as SUCCESS. dag_id=penjadwalan, task_id=dapat_suhu, execution_date=20220802T190600, start_date=20220803T004527, end_date=20220803T004532
[2022-08-03 00:45:33,136] {local_task_job.py:170} WARNING - State of this instance has been externally set to success. Terminating instance.
[2022-08-03 00:45:33,149] {process_utils.py:95} INFO - Sending Signals.SIGTERM to GPID 25964
[2022-08-03 00:45:33,258] {taskinstance.py:1214} ERROR - Received SIGTERM. Terminating subprocesses.
[2022-08-03 00:45:33,331] {process_utils.py:61} INFO - Process psutil.Process(pid=25964, status='terminated', exitcode=1, started='00:45:27') (25964) terminated with exit code 1
[2022-08-03 00:45:33,336] {local_task_job.py:118} INFO - Task exited with return code 1
