[2022-08-03 03:00:01,236] {taskinstance.py:826} INFO - Dependencies all met for <TaskInstance: penjadwalan.dapat_suhu 2022-08-03T02:58:00+00:00 [queued]>
[2022-08-03 03:00:01,272] {taskinstance.py:826} INFO - Dependencies all met for <TaskInstance: penjadwalan.dapat_suhu 2022-08-03T02:58:00+00:00 [queued]>
[2022-08-03 03:00:01,273] {taskinstance.py:1017} INFO - 
--------------------------------------------------------------------------------
[2022-08-03 03:00:01,274] {taskinstance.py:1018} INFO - Starting attempt 1 of 1
[2022-08-03 03:00:01,274] {taskinstance.py:1019} INFO - 
--------------------------------------------------------------------------------
[2022-08-03 03:00:01,296] {taskinstance.py:1038} INFO - Executing <Task(PythonOperator): dapat_suhu> on 2022-08-03T02:58:00+00:00
[2022-08-03 03:00:01,302] {standard_task_runner.py:51} INFO - Started process 17165 to run task
[2022-08-03 03:00:01,309] {standard_task_runner.py:75} INFO - Running: ['airflow', 'tasks', 'run', 'penjadwalan', 'dapat_suhu', '2022-08-03T02:58:00+00:00', '--job-id', '548', '--pool', 'default_pool', '--raw', '--subdir', 'DAGS_FOLDER/penjadwalan.py', '--cfg-path', '/tmp/tmpwmppiydv']
[2022-08-03 03:00:01,314] {standard_task_runner.py:76} INFO - Job 548: Subtask dapat_suhu
[2022-08-03 03:00:01,419] {logging_mixin.py:103} INFO - Running <TaskInstance: penjadwalan.dapat_suhu 2022-08-03T02:58:00+00:00 [running]> on host b4dcda255553
[2022-08-03 03:00:01,565] {taskinstance.py:1232} INFO - Exporting the following env vars:
AIRFLOW_CTX_DAG_OWNER=airflow
AIRFLOW_CTX_DAG_ID=penjadwalan
AIRFLOW_CTX_TASK_ID=dapat_suhu
AIRFLOW_CTX_EXECUTION_DATE=2022-08-03T02:58:00+00:00
AIRFLOW_CTX_DAG_RUN_ID=scheduled__2022-08-03T02:58:00+00:00
[2022-08-03 03:00:01,891] {logging_mixin.py:103} INFO - {'kota': 'Bali', 'cuaca': 'Clouds', 'cuaca_deskripsi': 'scattered clouds', 'temperatur': 299.39, 'waktu': '2022-08-03T03:00:01.891263'}
[2022-08-03 03:00:04,041] {logging_mixin.py:103} INFO - {'kota': 'Lombok', 'cuaca': 'Rain', 'cuaca_deskripsi': 'heavy intensity rain', 'temperatur': 297.83, 'waktu': '2022-08-03T03:00:04.041749'}
[2022-08-03 03:00:04,286] {logging_mixin.py:103} INFO - {'kota': 'Labuan Bajo', 'cuaca': 'Clouds', 'cuaca_deskripsi': 'broken clouds', 'temperatur': 302.24, 'waktu': '2022-08-03T03:00:04.286321'}
[2022-08-03 03:00:04,438] {logging_mixin.py:103} INFO - {'kota': 'Bogor', 'cuaca': 'Clouds', 'cuaca_deskripsi': 'overcast clouds', 'temperatur': 302.55, 'waktu': '2022-08-03T03:00:04.438825'}
[2022-08-03 03:00:04,635] {logging_mixin.py:103} INFO - {'kota': 'Bandung', 'cuaca': 'Clouds', 'cuaca_deskripsi': 'broken clouds', 'temperatur': 300.9, 'waktu': '2022-08-03T03:00:04.635323'}
[2022-08-03 03:00:04,636] {python.py:118} INFO - Done. Returned value was: None
[2022-08-03 03:00:04,656] {taskinstance.py:1142} INFO - Marking task as SUCCESS. dag_id=penjadwalan, task_id=dapat_suhu, execution_date=20220803T025800, start_date=20220803T030001, end_date=20220803T030004
[2022-08-03 03:00:04,703] {taskinstance.py:1195} INFO - 0 downstream tasks scheduled from follow-on schedule check
[2022-08-03 03:00:04,734] {local_task_job.py:118} INFO - Task exited with return code 0
