[2022-08-03 08:20:00,609] {taskinstance.py:826} INFO - Dependencies all met for <TaskInstance: penjadwalan.dapat_suhu 2022-08-03T08:18:00+00:00 [queued]>
[2022-08-03 08:20:00,635] {taskinstance.py:826} INFO - Dependencies all met for <TaskInstance: penjadwalan.dapat_suhu 2022-08-03T08:18:00+00:00 [queued]>
[2022-08-03 08:20:00,636] {taskinstance.py:1017} INFO - 
--------------------------------------------------------------------------------
[2022-08-03 08:20:00,636] {taskinstance.py:1018} INFO - Starting attempt 1 of 1
[2022-08-03 08:20:00,637] {taskinstance.py:1019} INFO - 
--------------------------------------------------------------------------------
[2022-08-03 08:20:00,653] {taskinstance.py:1038} INFO - Executing <Task(PythonOperator): dapat_suhu> on 2022-08-03T08:18:00+00:00
[2022-08-03 08:20:00,657] {standard_task_runner.py:51} INFO - Started process 31536 to run task
[2022-08-03 08:20:00,664] {standard_task_runner.py:75} INFO - Running: ['airflow', 'tasks', 'run', 'penjadwalan', 'dapat_suhu', '2022-08-03T08:18:00+00:00', '--job-id', '868', '--pool', 'default_pool', '--raw', '--subdir', 'DAGS_FOLDER/penjadwalan.py', '--cfg-path', '/tmp/tmpm2u2e99q']
[2022-08-03 08:20:00,668] {standard_task_runner.py:76} INFO - Job 868: Subtask dapat_suhu
[2022-08-03 08:20:00,754] {logging_mixin.py:103} INFO - Running <TaskInstance: penjadwalan.dapat_suhu 2022-08-03T08:18:00+00:00 [running]> on host b4dcda255553
[2022-08-03 08:20:00,858] {taskinstance.py:1232} INFO - Exporting the following env vars:
AIRFLOW_CTX_DAG_OWNER=airflow
AIRFLOW_CTX_DAG_ID=penjadwalan
AIRFLOW_CTX_TASK_ID=dapat_suhu
AIRFLOW_CTX_EXECUTION_DATE=2022-08-03T08:18:00+00:00
AIRFLOW_CTX_DAG_RUN_ID=scheduled__2022-08-03T08:18:00+00:00
[2022-08-03 08:20:01,057] {logging_mixin.py:103} INFO - {'kota': 'Bali', 'cuaca': 'Clouds', 'cuaca_deskripsi': 'broken clouds', 'temperatur': 301.61, 'waktu': '2022-08-03T08:20:01.057699'}
[2022-08-03 08:20:01,203] {logging_mixin.py:103} INFO - {'kota': 'Lombok', 'cuaca': 'Rain', 'cuaca_deskripsi': 'moderate rain', 'temperatur': 296.95, 'waktu': '2022-08-03T08:20:01.203548'}
[2022-08-03 08:20:01,741] {logging_mixin.py:103} INFO - {'kota': 'Labuan Bajo', 'cuaca': 'Clouds', 'cuaca_deskripsi': 'overcast clouds', 'temperatur': 300.58, 'waktu': '2022-08-03T08:20:01.741331'}
[2022-08-03 08:20:01,889] {logging_mixin.py:103} INFO - {'kota': 'Bogor', 'cuaca': 'Clouds', 'cuaca_deskripsi': 'overcast clouds', 'temperatur': 303.65, 'waktu': '2022-08-03T08:20:01.889060'}
[2022-08-03 08:20:02,007] {logging_mixin.py:103} INFO - {'kota': 'Bandung', 'cuaca': 'Clouds', 'cuaca_deskripsi': 'overcast clouds', 'temperatur': 298.69, 'waktu': '2022-08-03T08:20:02.007104'}
[2022-08-03 08:20:02,008] {python.py:118} INFO - Done. Returned value was: None
[2022-08-03 08:20:02,025] {taskinstance.py:1142} INFO - Marking task as SUCCESS. dag_id=penjadwalan, task_id=dapat_suhu, execution_date=20220803T081800, start_date=20220803T082000, end_date=20220803T082002
[2022-08-03 08:20:02,067] {taskinstance.py:1195} INFO - 0 downstream tasks scheduled from follow-on schedule check
[2022-08-03 08:20:02,079] {local_task_job.py:118} INFO - Task exited with return code 0
