[2022-08-03 09:20:11,424] {taskinstance.py:826} INFO - Dependencies all met for <TaskInstance: my_simple_dag.respond 2022-08-03T09:10:00+00:00 [queued]>
[2022-08-03 09:20:11,475] {taskinstance.py:826} INFO - Dependencies all met for <TaskInstance: my_simple_dag.respond 2022-08-03T09:10:00+00:00 [queued]>
[2022-08-03 09:20:11,476] {taskinstance.py:1017} INFO - 
--------------------------------------------------------------------------------
[2022-08-03 09:20:11,477] {taskinstance.py:1018} INFO - Starting attempt 1 of 1
[2022-08-03 09:20:11,478] {taskinstance.py:1019} INFO - 
--------------------------------------------------------------------------------
[2022-08-03 09:20:11,515] {taskinstance.py:1038} INFO - Executing <Task(PythonOperator): respond> on 2022-08-03T09:10:00+00:00
[2022-08-03 09:20:11,523] {standard_task_runner.py:51} INFO - Started process 15981 to run task
[2022-08-03 09:20:11,530] {standard_task_runner.py:75} INFO - Running: ['airflow', 'tasks', 'run', 'my_simple_dag', 'respond', '2022-08-03T09:10:00+00:00', '--job-id', '926', '--pool', 'default_pool', '--raw', '--subdir', 'DAGS_FOLDER/my_simple_dag.py', '--cfg-path', '/tmp/tmpsyxo1xrq']
[2022-08-03 09:20:11,537] {standard_task_runner.py:76} INFO - Job 926: Subtask respond
[2022-08-03 09:20:11,672] {logging_mixin.py:103} INFO - Running <TaskInstance: my_simple_dag.respond 2022-08-03T09:10:00+00:00 [running]> on host b4dcda255553
[2022-08-03 09:20:11,774] {taskinstance.py:1232} INFO - Exporting the following env vars:
AIRFLOW_CTX_DAG_OWNER=airflow
AIRFLOW_CTX_DAG_ID=my_simple_dag
AIRFLOW_CTX_TASK_ID=respond
AIRFLOW_CTX_EXECUTION_DATE=2022-08-03T09:10:00+00:00
AIRFLOW_CTX_DAG_RUN_ID=scheduled__2022-08-03T09:10:00+00:00
[2022-08-03 09:20:11,778] {python.py:118} INFO - Done. Returned value was: Greet Responded Again
[2022-08-03 09:20:11,840] {taskinstance.py:1142} INFO - Marking task as SUCCESS. dag_id=my_simple_dag, task_id=respond, execution_date=20220803T091000, start_date=20220803T092011, end_date=20220803T092011
[2022-08-03 09:20:11,964] {taskinstance.py:1195} INFO - 0 downstream tasks scheduled from follow-on schedule check
[2022-08-03 09:20:11,985] {local_task_job.py:118} INFO - Task exited with return code 0
