[2022-08-03 01:42:00,974] {taskinstance.py:826} INFO - Dependencies all met for <TaskInstance: penjadwalan.dapat_suhu 2022-08-03T01:40:00+00:00 [queued]>
[2022-08-03 01:42:00,996] {taskinstance.py:826} INFO - Dependencies all met for <TaskInstance: penjadwalan.dapat_suhu 2022-08-03T01:40:00+00:00 [queued]>
[2022-08-03 01:42:00,997] {taskinstance.py:1017} INFO - 
--------------------------------------------------------------------------------
[2022-08-03 01:42:00,997] {taskinstance.py:1018} INFO - Starting attempt 1 of 1
[2022-08-03 01:42:00,998] {taskinstance.py:1019} INFO - 
--------------------------------------------------------------------------------
[2022-08-03 01:42:01,010] {taskinstance.py:1038} INFO - Executing <Task(PythonOperator): dapat_suhu> on 2022-08-03T01:40:00+00:00
[2022-08-03 01:42:01,015] {standard_task_runner.py:51} INFO - Started process 23305 to run task
[2022-08-03 01:42:01,020] {standard_task_runner.py:75} INFO - Running: ['airflow', 'tasks', 'run', 'penjadwalan', 'dapat_suhu', '2022-08-03T01:40:00+00:00', '--job-id', '481', '--pool', 'default_pool', '--raw', '--subdir', 'DAGS_FOLDER/penjadwalan.py', '--cfg-path', '/tmp/tmpgra6j9dh']
[2022-08-03 01:42:01,023] {standard_task_runner.py:76} INFO - Job 481: Subtask dapat_suhu
[2022-08-03 01:42:01,096] {logging_mixin.py:103} INFO - Running <TaskInstance: penjadwalan.dapat_suhu 2022-08-03T01:40:00+00:00 [running]> on host b4dcda255553
[2022-08-03 01:42:01,168] {taskinstance.py:1232} INFO - Exporting the following env vars:
AIRFLOW_CTX_DAG_OWNER=airflow
AIRFLOW_CTX_DAG_ID=penjadwalan
AIRFLOW_CTX_TASK_ID=dapat_suhu
AIRFLOW_CTX_EXECUTION_DATE=2022-08-03T01:40:00+00:00
AIRFLOW_CTX_DAG_RUN_ID=scheduled__2022-08-03T01:40:00+00:00
[2022-08-03 01:42:02,233] {logging_mixin.py:103} INFO - {'kota': 'Bali', 'cuaca': 'Clouds', 'cuaca_deskripsi': 'broken clouds', 'temperatur': 298.28, 'waktu': '2022-08-03T01:42:02.233096'}
[2022-08-03 01:42:02,635] {logging_mixin.py:103} INFO - {'kota': 'Lombok', 'cuaca': 'Rain', 'cuaca_deskripsi': 'moderate rain', 'temperatur': 295.93, 'waktu': '2022-08-03T01:42:02.635255'}
[2022-08-03 01:42:03,020] {logging_mixin.py:103} INFO - {'kota': 'Labuan Bajo', 'cuaca': 'Clouds', 'cuaca_deskripsi': 'broken clouds', 'temperatur': 301.94, 'waktu': '2022-08-03T01:42:03.020476'}
[2022-08-03 01:42:03,686] {logging_mixin.py:103} INFO - {'kota': 'Bogor', 'cuaca': 'Clouds', 'cuaca_deskripsi': 'overcast clouds', 'temperatur': 299.37, 'waktu': '2022-08-03T01:42:03.686586'}
[2022-08-03 01:42:03,980] {logging_mixin.py:103} INFO - {'kota': 'Bandung', 'cuaca': 'Clouds', 'cuaca_deskripsi': 'scattered clouds', 'temperatur': 299.15, 'waktu': '2022-08-03T01:42:03.980456'}
[2022-08-03 01:42:03,981] {python.py:118} INFO - Done. Returned value was: None
[2022-08-03 01:42:04,000] {taskinstance.py:1142} INFO - Marking task as SUCCESS. dag_id=penjadwalan, task_id=dapat_suhu, execution_date=20220803T014000, start_date=20220803T014200, end_date=20220803T014204
[2022-08-03 01:42:04,055] {taskinstance.py:1195} INFO - 0 downstream tasks scheduled from follow-on schedule check
[2022-08-03 01:42:04,083] {local_task_job.py:118} INFO - Task exited with return code 0
