[2022-08-02 17:26:00,909] {taskinstance.py:826} INFO - Dependencies all met for <TaskInstance: penjadwalan.dapat_suhu 2022-08-02T17:24:00+00:00 [queued]>
[2022-08-02 17:26:00,954] {taskinstance.py:826} INFO - Dependencies all met for <TaskInstance: penjadwalan.dapat_suhu 2022-08-02T17:24:00+00:00 [queued]>
[2022-08-02 17:26:00,955] {taskinstance.py:1017} INFO - 
--------------------------------------------------------------------------------
[2022-08-02 17:26:00,956] {taskinstance.py:1018} INFO - Starting attempt 1 of 1
[2022-08-02 17:26:00,957] {taskinstance.py:1019} INFO - 
--------------------------------------------------------------------------------
[2022-08-02 17:26:00,982] {taskinstance.py:1038} INFO - Executing <Task(PythonOperator): dapat_suhu> on 2022-08-02T17:24:00+00:00
[2022-08-02 17:26:00,991] {standard_task_runner.py:51} INFO - Started process 6643 to run task
[2022-08-02 17:26:00,997] {standard_task_runner.py:75} INFO - Running: ['airflow', 'tasks', 'run', 'penjadwalan', 'dapat_suhu', '2022-08-02T17:24:00+00:00', '--job-id', '197', '--pool', 'default_pool', '--raw', '--subdir', 'DAGS_FOLDER/penjadwalan.py', '--cfg-path', '/tmp/tmp07w9kxo6']
[2022-08-02 17:26:01,005] {standard_task_runner.py:76} INFO - Job 197: Subtask dapat_suhu
[2022-08-02 17:26:01,135] {logging_mixin.py:103} INFO - Running <TaskInstance: penjadwalan.dapat_suhu 2022-08-02T17:24:00+00:00 [running]> on host b4dcda255553
[2022-08-02 17:26:01,299] {taskinstance.py:1232} INFO - Exporting the following env vars:
AIRFLOW_CTX_DAG_OWNER=airflow
AIRFLOW_CTX_DAG_ID=penjadwalan
AIRFLOW_CTX_TASK_ID=dapat_suhu
AIRFLOW_CTX_EXECUTION_DATE=2022-08-02T17:24:00+00:00
AIRFLOW_CTX_DAG_RUN_ID=scheduled__2022-08-02T17:24:00+00:00
[2022-08-02 17:26:01,911] {logging_mixin.py:103} INFO - {'kota': 'Bali', 'cuaca': 'Clouds', 'cuaca_deskripsi': 'overcast clouds', 'temperatur': 298.28, 'waktu': '2022-08-02T17:26:01.910815'}
[2022-08-02 17:26:03,558] {logging_mixin.py:103} INFO - {'kota': 'Lombok', 'cuaca': 'Clouds', 'cuaca_deskripsi': 'broken clouds', 'temperatur': 293.44, 'waktu': '2022-08-02T17:26:03.558354'}
[2022-08-02 17:26:03,975] {logging_mixin.py:103} INFO - {'kota': 'Labuan Bajo', 'cuaca': 'Clouds', 'cuaca_deskripsi': 'broken clouds', 'temperatur': 297.27, 'waktu': '2022-08-02T17:26:03.975107'}
[2022-08-02 17:26:04,469] {logging_mixin.py:103} INFO - {'kota': 'Bogor', 'cuaca': 'Clouds', 'cuaca_deskripsi': 'broken clouds', 'temperatur': 296.93, 'waktu': '2022-08-02T17:26:04.469715'}
[2022-08-02 17:26:05,194] {logging_mixin.py:103} INFO - {'kota': 'Bandung', 'cuaca': 'Clouds', 'cuaca_deskripsi': 'broken clouds', 'temperatur': 293.46, 'waktu': '2022-08-02T17:26:05.194251'}
[2022-08-02 17:26:05,195] {python.py:118} INFO - Done. Returned value was: None
[2022-08-02 17:26:05,214] {taskinstance.py:1142} INFO - Marking task as SUCCESS. dag_id=penjadwalan, task_id=dapat_suhu, execution_date=20220802T172400, start_date=20220802T172600, end_date=20220802T172605
[2022-08-02 17:26:05,274] {taskinstance.py:1195} INFO - 0 downstream tasks scheduled from follow-on schedule check
[2022-08-02 17:26:05,321] {local_task_job.py:118} INFO - Task exited with return code 0
