[2022-08-03 09:22:00,558] {taskinstance.py:826} INFO - Dependencies all met for <TaskInstance: penjadwalan.dapat_suhu 2022-08-03T09:20:00+00:00 [queued]>
[2022-08-03 09:22:00,599] {taskinstance.py:826} INFO - Dependencies all met for <TaskInstance: penjadwalan.dapat_suhu 2022-08-03T09:20:00+00:00 [queued]>
[2022-08-03 09:22:00,600] {taskinstance.py:1017} INFO - 
--------------------------------------------------------------------------------
[2022-08-03 09:22:00,601] {taskinstance.py:1018} INFO - Starting attempt 1 of 1
[2022-08-03 09:22:00,601] {taskinstance.py:1019} INFO - 
--------------------------------------------------------------------------------
[2022-08-03 09:22:00,625] {taskinstance.py:1038} INFO - Executing <Task(PythonOperator): dapat_suhu> on 2022-08-03T09:20:00+00:00
[2022-08-03 09:22:00,631] {standard_task_runner.py:51} INFO - Started process 20406 to run task
[2022-08-03 09:22:00,639] {standard_task_runner.py:75} INFO - Running: ['airflow', 'tasks', 'run', 'penjadwalan', 'dapat_suhu', '2022-08-03T09:20:00+00:00', '--job-id', '927', '--pool', 'default_pool', '--raw', '--subdir', 'DAGS_FOLDER/penjadwalan.py', '--cfg-path', '/tmp/tmpa37z72hh']
[2022-08-03 09:22:00,644] {standard_task_runner.py:76} INFO - Job 927: Subtask dapat_suhu
[2022-08-03 09:22:00,806] {logging_mixin.py:103} INFO - Running <TaskInstance: penjadwalan.dapat_suhu 2022-08-03T09:20:00+00:00 [running]> on host b4dcda255553
[2022-08-03 09:22:00,926] {taskinstance.py:1232} INFO - Exporting the following env vars:
AIRFLOW_CTX_DAG_OWNER=airflow
AIRFLOW_CTX_DAG_ID=penjadwalan
AIRFLOW_CTX_TASK_ID=dapat_suhu
AIRFLOW_CTX_EXECUTION_DATE=2022-08-03T09:20:00+00:00
AIRFLOW_CTX_DAG_RUN_ID=scheduled__2022-08-03T09:20:00+00:00
[2022-08-03 09:22:02,112] {logging_mixin.py:103} INFO - {'kota': 'Bali', 'cuaca': 'Clouds', 'cuaca_deskripsi': 'broken clouds', 'temperatur': 300.5, 'waktu': '2022-08-03T09:22:02.112117'}
[2022-08-03 09:22:02,260] {logging_mixin.py:103} INFO - {'kota': 'Lombok', 'cuaca': 'Rain', 'cuaca_deskripsi': 'moderate rain', 'temperatur': 296.25, 'waktu': '2022-08-03T09:22:02.260344'}
[2022-08-03 09:22:02,412] {logging_mixin.py:103} INFO - {'kota': 'Labuan Bajo', 'cuaca': 'Clouds', 'cuaca_deskripsi': 'overcast clouds', 'temperatur': 300.25, 'waktu': '2022-08-03T09:22:02.412173'}
[2022-08-03 09:22:02,654] {logging_mixin.py:103} INFO - {'kota': 'Bogor', 'cuaca': 'Clouds', 'cuaca_deskripsi': 'overcast clouds', 'temperatur': 303.11, 'waktu': '2022-08-03T09:22:02.654208'}
[2022-08-03 09:22:02,863] {logging_mixin.py:103} INFO - {'kota': 'Bandung', 'cuaca': 'Clouds', 'cuaca_deskripsi': 'overcast clouds', 'temperatur': 297, 'waktu': '2022-08-03T09:22:02.863205'}
[2022-08-03 09:22:02,864] {python.py:118} INFO - Done. Returned value was: None
[2022-08-03 09:22:02,890] {taskinstance.py:1142} INFO - Marking task as SUCCESS. dag_id=penjadwalan, task_id=dapat_suhu, execution_date=20220803T092000, start_date=20220803T092200, end_date=20220803T092202
[2022-08-03 09:22:02,949] {taskinstance.py:1195} INFO - 0 downstream tasks scheduled from follow-on schedule check
[2022-08-03 09:22:02,989] {local_task_job.py:118} INFO - Task exited with return code 0
