[2022-08-02 15:10:13,356] {taskinstance.py:826} INFO - Dependencies all met for <TaskInstance: pokea.sleep_me 2022-08-02T15:00:00+00:00 [queued]>
[2022-08-02 15:10:13,457] {taskinstance.py:826} INFO - Dependencies all met for <TaskInstance: pokea.sleep_me 2022-08-02T15:00:00+00:00 [queued]>
[2022-08-02 15:10:13,459] {taskinstance.py:1017} INFO - 
--------------------------------------------------------------------------------
[2022-08-02 15:10:13,460] {taskinstance.py:1018} INFO - Starting attempt 1 of 1
[2022-08-02 15:10:13,462] {taskinstance.py:1019} INFO - 
--------------------------------------------------------------------------------
[2022-08-02 15:10:13,510] {taskinstance.py:1038} INFO - Executing <Task(BashOperator): sleep_me> on 2022-08-02T15:00:00+00:00
[2022-08-02 15:10:13,523] {standard_task_runner.py:51} INFO - Started process 1650 to run task
[2022-08-02 15:10:13,546] {standard_task_runner.py:75} INFO - Running: ['airflow', 'tasks', 'run', 'pokea', 'sleep_me', '2022-08-02T15:00:00+00:00', '--job-id', '47', '--pool', 'default_pool', '--raw', '--subdir', 'DAGS_FOLDER/pokea.py', '--cfg-path', '/tmp/tmpg5_87062']
[2022-08-02 15:10:13,560] {standard_task_runner.py:76} INFO - Job 47: Subtask sleep_me
[2022-08-02 15:10:13,797] {logging_mixin.py:103} INFO - Running <TaskInstance: pokea.sleep_me 2022-08-02T15:00:00+00:00 [running]> on host b4dcda255553
[2022-08-02 15:10:14,046] {taskinstance.py:1232} INFO - Exporting the following env vars:
AIRFLOW_CTX_DAG_OWNER=airflow
AIRFLOW_CTX_DAG_ID=pokea
AIRFLOW_CTX_TASK_ID=sleep_me
AIRFLOW_CTX_EXECUTION_DATE=2022-08-02T15:00:00+00:00
AIRFLOW_CTX_DAG_RUN_ID=scheduled__2022-08-02T15:00:00+00:00
[2022-08-02 15:10:14,050] {bash.py:135} INFO - Tmp dir root location: 
 /tmp
[2022-08-02 15:10:14,055] {bash.py:158} INFO - Running command: sleep 5
[2022-08-02 15:10:14,085] {bash.py:169} INFO - Output:
[2022-08-02 15:10:19,100] {bash.py:177} INFO - Command exited with return code 0
[2022-08-02 15:10:19,219] {taskinstance.py:1142} INFO - Marking task as SUCCESS. dag_id=pokea, task_id=sleep_me, execution_date=20220802T150000, start_date=20220802T151013, end_date=20220802T151019
[2022-08-02 15:10:19,374] {taskinstance.py:1195} INFO - 1 downstream tasks scheduled from follow-on schedule check
[2022-08-02 15:10:19,435] {local_task_job.py:118} INFO - Task exited with return code 0
