[2022-08-03 04:22:01,138] {taskinstance.py:826} INFO - Dependencies all met for <TaskInstance: penjadwalan.dapat_suhu 2022-08-03T04:20:00+00:00 [queued]>
[2022-08-03 04:22:01,165] {taskinstance.py:826} INFO - Dependencies all met for <TaskInstance: penjadwalan.dapat_suhu 2022-08-03T04:20:00+00:00 [queued]>
[2022-08-03 04:22:01,165] {taskinstance.py:1017} INFO - 
--------------------------------------------------------------------------------
[2022-08-03 04:22:01,166] {taskinstance.py:1018} INFO - Starting attempt 1 of 1
[2022-08-03 04:22:01,166] {taskinstance.py:1019} INFO - 
--------------------------------------------------------------------------------
[2022-08-03 04:22:01,181] {taskinstance.py:1038} INFO - Executing <Task(PythonOperator): dapat_suhu> on 2022-08-03T04:20:00+00:00
[2022-08-03 04:22:01,187] {standard_task_runner.py:51} INFO - Started process 7128 to run task
[2022-08-03 04:22:01,193] {standard_task_runner.py:75} INFO - Running: ['airflow', 'tasks', 'run', 'penjadwalan', 'dapat_suhu', '2022-08-03T04:20:00+00:00', '--job-id', '625', '--pool', 'default_pool', '--raw', '--subdir', 'DAGS_FOLDER/penjadwalan.py', '--cfg-path', '/tmp/tmp3y7smrns']
[2022-08-03 04:22:01,197] {standard_task_runner.py:76} INFO - Job 625: Subtask dapat_suhu
[2022-08-03 04:22:01,280] {logging_mixin.py:103} INFO - Running <TaskInstance: penjadwalan.dapat_suhu 2022-08-03T04:20:00+00:00 [running]> on host b4dcda255553
[2022-08-03 04:22:01,361] {taskinstance.py:1232} INFO - Exporting the following env vars:
AIRFLOW_CTX_DAG_OWNER=airflow
AIRFLOW_CTX_DAG_ID=penjadwalan
AIRFLOW_CTX_TASK_ID=dapat_suhu
AIRFLOW_CTX_EXECUTION_DATE=2022-08-03T04:20:00+00:00
AIRFLOW_CTX_DAG_RUN_ID=scheduled__2022-08-03T04:20:00+00:00
[2022-08-03 04:22:01,500] {logging_mixin.py:103} INFO - {'kota': 'Bali', 'cuaca': 'Clouds', 'cuaca_deskripsi': 'scattered clouds', 'temperatur': 302.69, 'waktu': '2022-08-03T04:22:01.499683'}
[2022-08-03 04:22:01,613] {logging_mixin.py:103} INFO - {'kota': 'Lombok', 'cuaca': 'Clouds', 'cuaca_deskripsi': 'overcast clouds', 'temperatur': 298.97, 'waktu': '2022-08-03T04:22:01.612999'}
[2022-08-03 04:22:01,877] {logging_mixin.py:103} INFO - {'kota': 'Labuan Bajo', 'cuaca': 'Clouds', 'cuaca_deskripsi': 'broken clouds', 'temperatur': 302.05, 'waktu': '2022-08-03T04:22:01.877597'}
[2022-08-03 04:22:01,993] {logging_mixin.py:103} INFO - {'kota': 'Bogor', 'cuaca': 'Clouds', 'cuaca_deskripsi': 'overcast clouds', 'temperatur': 305.31, 'waktu': '2022-08-03T04:22:01.993399'}
[2022-08-03 04:22:02,133] {logging_mixin.py:103} INFO - {'kota': 'Bandung', 'cuaca': 'Clouds', 'cuaca_deskripsi': 'broken clouds', 'temperatur': 302.13, 'waktu': '2022-08-03T04:22:02.132864'}
[2022-08-03 04:22:02,138] {python.py:118} INFO - Done. Returned value was: None
[2022-08-03 04:22:02,171] {taskinstance.py:1142} INFO - Marking task as SUCCESS. dag_id=penjadwalan, task_id=dapat_suhu, execution_date=20220803T042000, start_date=20220803T042201, end_date=20220803T042202
[2022-08-03 04:22:02,278] {taskinstance.py:1195} INFO - 0 downstream tasks scheduled from follow-on schedule check
[2022-08-03 04:22:02,330] {local_task_job.py:118} INFO - Task exited with return code 0
