[2022-08-03 00:48:15,162] {taskinstance.py:826} INFO - Dependencies all met for <TaskInstance: penjadwalan.dapat_suhu 2022-08-03T00:04:00+00:00 [queued]>
[2022-08-03 00:48:15,201] {taskinstance.py:826} INFO - Dependencies all met for <TaskInstance: penjadwalan.dapat_suhu 2022-08-03T00:04:00+00:00 [queued]>
[2022-08-03 00:48:15,201] {taskinstance.py:1017} INFO - 
--------------------------------------------------------------------------------
[2022-08-03 00:48:15,202] {taskinstance.py:1018} INFO - Starting attempt 1 of 1
[2022-08-03 00:48:15,203] {taskinstance.py:1019} INFO - 
--------------------------------------------------------------------------------
[2022-08-03 00:48:15,242] {taskinstance.py:1038} INFO - Executing <Task(PythonOperator): dapat_suhu> on 2022-08-03T00:04:00+00:00
[2022-08-03 00:48:15,249] {standard_task_runner.py:51} INFO - Started process 610 to run task
[2022-08-03 00:48:15,257] {standard_task_runner.py:75} INFO - Running: ['airflow', 'tasks', 'run', 'penjadwalan', 'dapat_suhu', '2022-08-03T00:04:00+00:00', '--job-id', '409', '--pool', 'default_pool', '--raw', '--subdir', 'DAGS_FOLDER/penjadwalan.py', '--cfg-path', '/tmp/tmpu3n933zr']
[2022-08-03 00:48:15,271] {standard_task_runner.py:76} INFO - Job 409: Subtask dapat_suhu
[2022-08-03 00:48:15,473] {logging_mixin.py:103} INFO - Running <TaskInstance: penjadwalan.dapat_suhu 2022-08-03T00:04:00+00:00 [running]> on host b4dcda255553
[2022-08-03 00:48:15,672] {taskinstance.py:1232} INFO - Exporting the following env vars:
AIRFLOW_CTX_DAG_OWNER=airflow
AIRFLOW_CTX_DAG_ID=penjadwalan
AIRFLOW_CTX_TASK_ID=dapat_suhu
AIRFLOW_CTX_EXECUTION_DATE=2022-08-03T00:04:00+00:00
AIRFLOW_CTX_DAG_RUN_ID=scheduled__2022-08-03T00:04:00+00:00
[2022-08-03 00:48:16,021] {logging_mixin.py:103} INFO - {'kota': 'Bali', 'cuaca': 'Clouds', 'cuaca_deskripsi': 'overcast clouds', 'temperatur': 298.28, 'waktu': '2022-08-03T00:48:16.021212'}
[2022-08-03 00:48:16,357] {logging_mixin.py:103} INFO - {'kota': 'Lombok', 'cuaca': 'Clouds', 'cuaca_deskripsi': 'overcast clouds', 'temperatur': 295.51, 'waktu': '2022-08-03T00:48:16.357042'}
[2022-08-03 00:48:17,480] {logging_mixin.py:103} INFO - {'kota': 'Labuan Bajo', 'cuaca': 'Clouds', 'cuaca_deskripsi': 'scattered clouds', 'temperatur': 300.93, 'waktu': '2022-08-03T00:48:17.480007'}
[2022-08-03 00:48:19,523] {logging_mixin.py:103} INFO - {'kota': 'Bogor', 'cuaca': 'Rain', 'cuaca_deskripsi': 'light rain', 'temperatur': 300.87, 'waktu': '2022-08-03T00:48:19.523609'}
[2022-08-03 00:48:19,965] {logging_mixin.py:103} INFO - {'kota': 'Bandung', 'cuaca': 'Clouds', 'cuaca_deskripsi': 'scattered clouds', 'temperatur': 296.92, 'waktu': '2022-08-03T00:48:19.965241'}
[2022-08-03 00:48:19,966] {python.py:118} INFO - Done. Returned value was: None
[2022-08-03 00:48:20,007] {taskinstance.py:1142} INFO - Marking task as SUCCESS. dag_id=penjadwalan, task_id=dapat_suhu, execution_date=20220803T000400, start_date=20220803T004815, end_date=20220803T004820
[2022-08-03 00:48:20,240] {taskinstance.py:1195} INFO - 0 downstream tasks scheduled from follow-on schedule check
[2022-08-03 00:48:20,305] {local_task_job.py:118} INFO - Task exited with return code 0
