[2022-08-03 02:46:00,683] {taskinstance.py:826} INFO - Dependencies all met for <TaskInstance: penjadwalan.dapat_suhu 2022-08-03T02:44:00+00:00 [queued]>
[2022-08-03 02:46:00,725] {taskinstance.py:826} INFO - Dependencies all met for <TaskInstance: penjadwalan.dapat_suhu 2022-08-03T02:44:00+00:00 [queued]>
[2022-08-03 02:46:00,725] {taskinstance.py:1017} INFO - 
--------------------------------------------------------------------------------
[2022-08-03 02:46:00,726] {taskinstance.py:1018} INFO - Starting attempt 1 of 1
[2022-08-03 02:46:00,726] {taskinstance.py:1019} INFO - 
--------------------------------------------------------------------------------
[2022-08-03 02:46:00,743] {taskinstance.py:1038} INFO - Executing <Task(PythonOperator): dapat_suhu> on 2022-08-03T02:44:00+00:00
[2022-08-03 02:46:00,749] {standard_task_runner.py:51} INFO - Started process 19092 to run task
[2022-08-03 02:46:00,756] {standard_task_runner.py:75} INFO - Running: ['airflow', 'tasks', 'run', 'penjadwalan', 'dapat_suhu', '2022-08-03T02:44:00+00:00', '--job-id', '537', '--pool', 'default_pool', '--raw', '--subdir', 'DAGS_FOLDER/penjadwalan.py', '--cfg-path', '/tmp/tmpfw5sttix']
[2022-08-03 02:46:00,764] {standard_task_runner.py:76} INFO - Job 537: Subtask dapat_suhu
[2022-08-03 02:46:00,885] {logging_mixin.py:103} INFO - Running <TaskInstance: penjadwalan.dapat_suhu 2022-08-03T02:44:00+00:00 [running]> on host b4dcda255553
[2022-08-03 02:46:01,005] {taskinstance.py:1232} INFO - Exporting the following env vars:
AIRFLOW_CTX_DAG_OWNER=airflow
AIRFLOW_CTX_DAG_ID=penjadwalan
AIRFLOW_CTX_TASK_ID=dapat_suhu
AIRFLOW_CTX_EXECUTION_DATE=2022-08-03T02:44:00+00:00
AIRFLOW_CTX_DAG_RUN_ID=scheduled__2022-08-03T02:44:00+00:00
[2022-08-03 02:46:01,147] {logging_mixin.py:103} INFO - {'kota': 'Bali', 'cuaca': 'Clouds', 'cuaca_deskripsi': 'scattered clouds', 'temperatur': 299.39, 'waktu': '2022-08-03T02:46:01.147441'}
[2022-08-03 02:46:01,420] {logging_mixin.py:103} INFO - {'kota': 'Lombok', 'cuaca': 'Rain', 'cuaca_deskripsi': 'heavy intensity rain', 'temperatur': 297.83, 'waktu': '2022-08-03T02:46:01.420672'}
[2022-08-03 02:46:01,643] {logging_mixin.py:103} INFO - {'kota': 'Labuan Bajo', 'cuaca': 'Clouds', 'cuaca_deskripsi': 'broken clouds', 'temperatur': 302.24, 'waktu': '2022-08-03T02:46:01.643069'}
[2022-08-03 02:46:01,919] {logging_mixin.py:103} INFO - {'kota': 'Bogor', 'cuaca': 'Clouds', 'cuaca_deskripsi': 'overcast clouds', 'temperatur': 302.55, 'waktu': '2022-08-03T02:46:01.919251'}
[2022-08-03 02:46:02,098] {logging_mixin.py:103} INFO - {'kota': 'Bandung', 'cuaca': 'Clouds', 'cuaca_deskripsi': 'broken clouds', 'temperatur': 300.9, 'waktu': '2022-08-03T02:46:02.098121'}
[2022-08-03 02:46:02,099] {python.py:118} INFO - Done. Returned value was: None
[2022-08-03 02:46:02,120] {taskinstance.py:1142} INFO - Marking task as SUCCESS. dag_id=penjadwalan, task_id=dapat_suhu, execution_date=20220803T024400, start_date=20220803T024600, end_date=20220803T024602
[2022-08-03 02:46:02,182] {taskinstance.py:1195} INFO - 0 downstream tasks scheduled from follow-on schedule check
[2022-08-03 02:46:02,219] {local_task_job.py:118} INFO - Task exited with return code 0
