[2022-08-03 01:18:01,653] {taskinstance.py:826} INFO - Dependencies all met for <TaskInstance: penjadwalan.dapat_suhu 2022-08-03T01:16:00+00:00 [queued]>
[2022-08-03 01:18:01,702] {taskinstance.py:826} INFO - Dependencies all met for <TaskInstance: penjadwalan.dapat_suhu 2022-08-03T01:16:00+00:00 [queued]>
[2022-08-03 01:18:01,702] {taskinstance.py:1017} INFO - 
--------------------------------------------------------------------------------
[2022-08-03 01:18:01,703] {taskinstance.py:1018} INFO - Starting attempt 1 of 1
[2022-08-03 01:18:01,704] {taskinstance.py:1019} INFO - 
--------------------------------------------------------------------------------
[2022-08-03 01:18:01,727] {taskinstance.py:1038} INFO - Executing <Task(PythonOperator): dapat_suhu> on 2022-08-03T01:16:00+00:00
[2022-08-03 01:18:01,734] {standard_task_runner.py:51} INFO - Started process 1046 to run task
[2022-08-03 01:18:01,744] {standard_task_runner.py:75} INFO - Running: ['airflow', 'tasks', 'run', 'penjadwalan', 'dapat_suhu', '2022-08-03T01:16:00+00:00', '--job-id', '457', '--pool', 'default_pool', '--raw', '--subdir', 'DAGS_FOLDER/penjadwalan.py', '--cfg-path', '/tmp/tmpwnaol065']
[2022-08-03 01:18:01,749] {standard_task_runner.py:76} INFO - Job 457: Subtask dapat_suhu
[2022-08-03 01:18:01,882] {logging_mixin.py:103} INFO - Running <TaskInstance: penjadwalan.dapat_suhu 2022-08-03T01:16:00+00:00 [running]> on host b4dcda255553
[2022-08-03 01:18:01,998] {taskinstance.py:1232} INFO - Exporting the following env vars:
AIRFLOW_CTX_DAG_OWNER=airflow
AIRFLOW_CTX_DAG_ID=penjadwalan
AIRFLOW_CTX_TASK_ID=dapat_suhu
AIRFLOW_CTX_EXECUTION_DATE=2022-08-03T01:16:00+00:00
AIRFLOW_CTX_DAG_RUN_ID=scheduled__2022-08-03T01:16:00+00:00
[2022-08-03 01:18:04,744] {logging_mixin.py:103} INFO - {'kota': 'Bali', 'cuaca': 'Clouds', 'cuaca_deskripsi': 'overcast clouds', 'temperatur': 298.28, 'waktu': '2022-08-03T01:18:04.744184'}
[2022-08-03 01:18:06,016] {logging_mixin.py:103} INFO - {'kota': 'Lombok', 'cuaca': 'Rain', 'cuaca_deskripsi': 'moderate rain', 'temperatur': 295.51, 'waktu': '2022-08-03T01:18:06.016806'}
[2022-08-03 01:18:06,169] {logging_mixin.py:103} INFO - {'kota': 'Labuan Bajo', 'cuaca': 'Clouds', 'cuaca_deskripsi': 'scattered clouds', 'temperatur': 300.93, 'waktu': '2022-08-03T01:18:06.168950'}
[2022-08-03 01:18:06,747] {logging_mixin.py:103} INFO - {'kota': 'Bogor', 'cuaca': 'Clouds', 'cuaca_deskripsi': 'overcast clouds', 'temperatur': 297.33, 'waktu': '2022-08-03T01:18:06.747152'}
[2022-08-03 01:18:09,525] {logging_mixin.py:103} INFO - {'kota': 'Bandung', 'cuaca': 'Clouds', 'cuaca_deskripsi': 'scattered clouds', 'temperatur': 296.92, 'waktu': '2022-08-03T01:18:09.524989'}
[2022-08-03 01:18:09,525] {python.py:118} INFO - Done. Returned value was: None
[2022-08-03 01:18:09,544] {taskinstance.py:1142} INFO - Marking task as SUCCESS. dag_id=penjadwalan, task_id=dapat_suhu, execution_date=20220803T011600, start_date=20220803T011801, end_date=20220803T011809
[2022-08-03 01:18:09,588] {taskinstance.py:1195} INFO - 0 downstream tasks scheduled from follow-on schedule check
[2022-08-03 01:18:09,611] {local_task_job.py:118} INFO - Task exited with return code 0
