[2022-08-02 17:12:01,888] {taskinstance.py:826} INFO - Dependencies all met for <TaskInstance: penjadwalan.dapat_suhu 2022-08-02T17:10:00+00:00 [queued]>
[2022-08-02 17:12:01,926] {taskinstance.py:826} INFO - Dependencies all met for <TaskInstance: penjadwalan.dapat_suhu 2022-08-02T17:10:00+00:00 [queued]>
[2022-08-02 17:12:01,927] {taskinstance.py:1017} INFO - 
--------------------------------------------------------------------------------
[2022-08-02 17:12:01,927] {taskinstance.py:1018} INFO - Starting attempt 1 of 1
[2022-08-02 17:12:01,928] {taskinstance.py:1019} INFO - 
--------------------------------------------------------------------------------
[2022-08-02 17:12:01,948] {taskinstance.py:1038} INFO - Executing <Task(PythonOperator): dapat_suhu> on 2022-08-02T17:10:00+00:00
[2022-08-02 17:12:01,953] {standard_task_runner.py:51} INFO - Started process 10379 to run task
[2022-08-02 17:12:01,960] {standard_task_runner.py:75} INFO - Running: ['airflow', 'tasks', 'run', 'penjadwalan', 'dapat_suhu', '2022-08-02T17:10:00+00:00', '--job-id', '186', '--pool', 'default_pool', '--raw', '--subdir', 'DAGS_FOLDER/penjadwalan.py', '--cfg-path', '/tmp/tmp3inkmf92']
[2022-08-02 17:12:01,968] {standard_task_runner.py:76} INFO - Job 186: Subtask dapat_suhu
[2022-08-02 17:12:02,086] {logging_mixin.py:103} INFO - Running <TaskInstance: penjadwalan.dapat_suhu 2022-08-02T17:10:00+00:00 [running]> on host b4dcda255553
[2022-08-02 17:12:02,206] {taskinstance.py:1232} INFO - Exporting the following env vars:
AIRFLOW_CTX_DAG_OWNER=airflow
AIRFLOW_CTX_DAG_ID=penjadwalan
AIRFLOW_CTX_TASK_ID=dapat_suhu
AIRFLOW_CTX_EXECUTION_DATE=2022-08-02T17:10:00+00:00
AIRFLOW_CTX_DAG_RUN_ID=scheduled__2022-08-02T17:10:00+00:00
[2022-08-02 17:12:02,681] {logging_mixin.py:103} INFO - {'kota': 'Bali', 'cuaca': 'Clouds', 'cuaca_deskripsi': 'overcast clouds', 'temperatur': 298.28, 'waktu': '2022-08-02T17:12:02.681031'}
[2022-08-02 17:12:03,212] {logging_mixin.py:103} INFO - {'kota': 'Lombok', 'cuaca': 'Clouds', 'cuaca_deskripsi': 'broken clouds', 'temperatur': 293.44, 'waktu': '2022-08-02T17:12:03.211999'}
[2022-08-02 17:12:04,326] {logging_mixin.py:103} INFO - {'kota': 'Labuan Bajo', 'cuaca': 'Clouds', 'cuaca_deskripsi': 'broken clouds', 'temperatur': 297.27, 'waktu': '2022-08-02T17:12:04.326593'}
[2022-08-02 17:12:04,577] {logging_mixin.py:103} INFO - {'kota': 'Bogor', 'cuaca': 'Clouds', 'cuaca_deskripsi': 'broken clouds', 'temperatur': 296.93, 'waktu': '2022-08-02T17:12:04.577232'}
[2022-08-02 17:12:04,906] {logging_mixin.py:103} INFO - {'kota': 'Bandung', 'cuaca': 'Clouds', 'cuaca_deskripsi': 'broken clouds', 'temperatur': 293.46, 'waktu': '2022-08-02T17:12:04.905908'}
[2022-08-02 17:12:04,906] {python.py:118} INFO - Done. Returned value was: None
[2022-08-02 17:12:04,922] {taskinstance.py:1142} INFO - Marking task as SUCCESS. dag_id=penjadwalan, task_id=dapat_suhu, execution_date=20220802T171000, start_date=20220802T171201, end_date=20220802T171204
[2022-08-02 17:12:04,959] {taskinstance.py:1195} INFO - 0 downstream tasks scheduled from follow-on schedule check
[2022-08-02 17:12:04,986] {local_task_job.py:118} INFO - Task exited with return code 0
