[2022-08-03 02:52:01,806] {taskinstance.py:826} INFO - Dependencies all met for <TaskInstance: penjadwalan.dapat_suhu 2022-08-03T02:50:00+00:00 [queued]>
[2022-08-03 02:52:01,833] {taskinstance.py:826} INFO - Dependencies all met for <TaskInstance: penjadwalan.dapat_suhu 2022-08-03T02:50:00+00:00 [queued]>
[2022-08-03 02:52:01,834] {taskinstance.py:1017} INFO - 
--------------------------------------------------------------------------------
[2022-08-03 02:52:01,834] {taskinstance.py:1018} INFO - Starting attempt 1 of 1
[2022-08-03 02:52:01,834] {taskinstance.py:1019} INFO - 
--------------------------------------------------------------------------------
[2022-08-03 02:52:01,850] {taskinstance.py:1038} INFO - Executing <Task(PythonOperator): dapat_suhu> on 2022-08-03T02:50:00+00:00
[2022-08-03 02:52:01,856] {standard_task_runner.py:51} INFO - Started process 31438 to run task
[2022-08-03 02:52:01,861] {standard_task_runner.py:75} INFO - Running: ['airflow', 'tasks', 'run', 'penjadwalan', 'dapat_suhu', '2022-08-03T02:50:00+00:00', '--job-id', '544', '--pool', 'default_pool', '--raw', '--subdir', 'DAGS_FOLDER/penjadwalan.py', '--cfg-path', '/tmp/tmprl72ad88']
[2022-08-03 02:52:01,865] {standard_task_runner.py:76} INFO - Job 544: Subtask dapat_suhu
[2022-08-03 02:52:01,952] {logging_mixin.py:103} INFO - Running <TaskInstance: penjadwalan.dapat_suhu 2022-08-03T02:50:00+00:00 [running]> on host b4dcda255553
[2022-08-03 02:52:02,025] {taskinstance.py:1232} INFO - Exporting the following env vars:
AIRFLOW_CTX_DAG_OWNER=airflow
AIRFLOW_CTX_DAG_ID=penjadwalan
AIRFLOW_CTX_TASK_ID=dapat_suhu
AIRFLOW_CTX_EXECUTION_DATE=2022-08-03T02:50:00+00:00
AIRFLOW_CTX_DAG_RUN_ID=scheduled__2022-08-03T02:50:00+00:00
[2022-08-03 02:52:02,368] {logging_mixin.py:103} INFO - {'kota': 'Bali', 'cuaca': 'Clouds', 'cuaca_deskripsi': 'scattered clouds', 'temperatur': 299.39, 'waktu': '2022-08-03T02:52:02.367942'}
[2022-08-03 02:52:02,494] {logging_mixin.py:103} INFO - {'kota': 'Lombok', 'cuaca': 'Rain', 'cuaca_deskripsi': 'heavy intensity rain', 'temperatur': 297.83, 'waktu': '2022-08-03T02:52:02.494168'}
[2022-08-03 02:52:02,692] {logging_mixin.py:103} INFO - {'kota': 'Labuan Bajo', 'cuaca': 'Clouds', 'cuaca_deskripsi': 'broken clouds', 'temperatur': 302.24, 'waktu': '2022-08-03T02:52:02.691968'}
[2022-08-03 02:52:02,899] {logging_mixin.py:103} INFO - {'kota': 'Bogor', 'cuaca': 'Clouds', 'cuaca_deskripsi': 'overcast clouds', 'temperatur': 302.55, 'waktu': '2022-08-03T02:52:02.899511'}
[2022-08-03 02:52:03,036] {logging_mixin.py:103} INFO - {'kota': 'Bandung', 'cuaca': 'Clouds', 'cuaca_deskripsi': 'broken clouds', 'temperatur': 300.9, 'waktu': '2022-08-03T02:52:03.036021'}
[2022-08-03 02:52:03,036] {python.py:118} INFO - Done. Returned value was: None
[2022-08-03 02:52:03,055] {taskinstance.py:1142} INFO - Marking task as SUCCESS. dag_id=penjadwalan, task_id=dapat_suhu, execution_date=20220803T025000, start_date=20220803T025201, end_date=20220803T025203
[2022-08-03 02:52:03,100] {taskinstance.py:1195} INFO - 0 downstream tasks scheduled from follow-on schedule check
[2022-08-03 02:52:03,116] {local_task_job.py:118} INFO - Task exited with return code 0
