[2022-08-03 00:48:19,256] {taskinstance.py:826} INFO - Dependencies all met for <TaskInstance: penjadwalan.dapat_suhu 2022-08-03T00:22:00+00:00 [queued]>
[2022-08-03 00:48:19,311] {taskinstance.py:826} INFO - Dependencies all met for <TaskInstance: penjadwalan.dapat_suhu 2022-08-03T00:22:00+00:00 [queued]>
[2022-08-03 00:48:19,312] {taskinstance.py:1017} INFO - 
--------------------------------------------------------------------------------
[2022-08-03 00:48:19,313] {taskinstance.py:1018} INFO - Starting attempt 1 of 1
[2022-08-03 00:48:19,313] {taskinstance.py:1019} INFO - 
--------------------------------------------------------------------------------
[2022-08-03 00:48:19,336] {taskinstance.py:1038} INFO - Executing <Task(PythonOperator): dapat_suhu> on 2022-08-03T00:22:00+00:00
[2022-08-03 00:48:19,343] {standard_task_runner.py:51} INFO - Started process 716 to run task
[2022-08-03 00:48:19,351] {standard_task_runner.py:75} INFO - Running: ['airflow', 'tasks', 'run', 'penjadwalan', 'dapat_suhu', '2022-08-03T00:22:00+00:00', '--job-id', '418', '--pool', 'default_pool', '--raw', '--subdir', 'DAGS_FOLDER/penjadwalan.py', '--cfg-path', '/tmp/tmpm98lr80b']
[2022-08-03 00:48:19,354] {standard_task_runner.py:76} INFO - Job 418: Subtask dapat_suhu
[2022-08-03 00:48:19,446] {logging_mixin.py:103} INFO - Running <TaskInstance: penjadwalan.dapat_suhu 2022-08-03T00:22:00+00:00 [running]> on host b4dcda255553
[2022-08-03 00:48:19,649] {taskinstance.py:1232} INFO - Exporting the following env vars:
AIRFLOW_CTX_DAG_OWNER=airflow
AIRFLOW_CTX_DAG_ID=penjadwalan
AIRFLOW_CTX_TASK_ID=dapat_suhu
AIRFLOW_CTX_EXECUTION_DATE=2022-08-03T00:22:00+00:00
AIRFLOW_CTX_DAG_RUN_ID=scheduled__2022-08-03T00:22:00+00:00
[2022-08-03 00:48:20,037] {logging_mixin.py:103} INFO - {'kota': 'Bali', 'cuaca': 'Clouds', 'cuaca_deskripsi': 'overcast clouds', 'temperatur': 298.28, 'waktu': '2022-08-03T00:48:20.037239'}
[2022-08-03 00:48:20,259] {logging_mixin.py:103} INFO - {'kota': 'Lombok', 'cuaca': 'Clouds', 'cuaca_deskripsi': 'overcast clouds', 'temperatur': 295.51, 'waktu': '2022-08-03T00:48:20.258904'}
[2022-08-03 00:48:20,891] {logging_mixin.py:103} INFO - {'kota': 'Labuan Bajo', 'cuaca': 'Clouds', 'cuaca_deskripsi': 'scattered clouds', 'temperatur': 300.93, 'waktu': '2022-08-03T00:48:20.890912'}
[2022-08-03 00:48:22,859] {logging_mixin.py:103} INFO - {'kota': 'Bogor', 'cuaca': 'Rain', 'cuaca_deskripsi': 'light rain', 'temperatur': 300.87, 'waktu': '2022-08-03T00:48:22.859012'}
[2022-08-03 00:48:24,718] {logging_mixin.py:103} INFO - {'kota': 'Bandung', 'cuaca': 'Clouds', 'cuaca_deskripsi': 'scattered clouds', 'temperatur': 296.92, 'waktu': '2022-08-03T00:48:24.717885'}
[2022-08-03 00:48:24,721] {python.py:118} INFO - Done. Returned value was: None
[2022-08-03 00:48:24,761] {taskinstance.py:1142} INFO - Marking task as SUCCESS. dag_id=penjadwalan, task_id=dapat_suhu, execution_date=20220803T002200, start_date=20220803T004819, end_date=20220803T004824
[2022-08-03 00:48:24,852] {taskinstance.py:1195} INFO - 0 downstream tasks scheduled from follow-on schedule check
[2022-08-03 00:48:24,905] {local_task_job.py:118} INFO - Task exited with return code 0
