[2022-08-02 13:20:58,602] {taskinstance.py:826} INFO - Dependencies all met for <TaskInstance: my_simple_dag.sleep_me 2022-08-02T13:10:00+00:00 [queued]>
[2022-08-02 13:20:58,628] {taskinstance.py:826} INFO - Dependencies all met for <TaskInstance: my_simple_dag.sleep_me 2022-08-02T13:10:00+00:00 [queued]>
[2022-08-02 13:20:58,628] {taskinstance.py:1017} INFO - 
--------------------------------------------------------------------------------
[2022-08-02 13:20:58,629] {taskinstance.py:1018} INFO - Starting attempt 1 of 1
[2022-08-02 13:20:58,629] {taskinstance.py:1019} INFO - 
--------------------------------------------------------------------------------
[2022-08-02 13:20:58,643] {taskinstance.py:1038} INFO - Executing <Task(BashOperator): sleep_me> on 2022-08-02T13:10:00+00:00
[2022-08-02 13:20:58,647] {standard_task_runner.py:51} INFO - Started process 1574 to run task
[2022-08-02 13:20:58,654] {standard_task_runner.py:75} INFO - Running: ['airflow', 'tasks', 'run', 'my_simple_dag', 'sleep_me', '2022-08-02T13:10:00+00:00', '--job-id', '5', '--pool', 'default_pool', '--raw', '--subdir', 'DAGS_FOLDER/my_simple_dag.py', '--cfg-path', '/tmp/tmprpir8i9b']
[2022-08-02 13:20:58,658] {standard_task_runner.py:76} INFO - Job 5: Subtask sleep_me
[2022-08-02 13:20:58,725] {logging_mixin.py:103} INFO - Running <TaskInstance: my_simple_dag.sleep_me 2022-08-02T13:10:00+00:00 [running]> on host 86695ca91b02
[2022-08-02 13:20:58,790] {taskinstance.py:1232} INFO - Exporting the following env vars:
AIRFLOW_CTX_DAG_OWNER=airflow
AIRFLOW_CTX_DAG_ID=my_simple_dag
AIRFLOW_CTX_TASK_ID=sleep_me
AIRFLOW_CTX_EXECUTION_DATE=2022-08-02T13:10:00+00:00
AIRFLOW_CTX_DAG_RUN_ID=scheduled__2022-08-02T13:10:00+00:00
[2022-08-02 13:20:58,791] {bash.py:135} INFO - Tmp dir root location: 
 /tmp
[2022-08-02 13:20:58,792] {bash.py:158} INFO - Running command: sleep 5
[2022-08-02 13:20:58,804] {bash.py:169} INFO - Output:
[2022-08-02 13:21:03,810] {bash.py:177} INFO - Command exited with return code 0
[2022-08-02 13:21:03,869] {taskinstance.py:1142} INFO - Marking task as SUCCESS. dag_id=my_simple_dag, task_id=sleep_me, execution_date=20220802T131000, start_date=20220802T132058, end_date=20220802T132103
[2022-08-02 13:21:03,934] {taskinstance.py:1195} INFO - 1 downstream tasks scheduled from follow-on schedule check
[2022-08-02 13:21:03,965] {local_task_job.py:118} INFO - Task exited with return code 0
