[2022-08-03 04:48:01,573] {taskinstance.py:826} INFO - Dependencies all met for <TaskInstance: penjadwalan.dapat_suhu 2022-08-03T04:46:00+00:00 [queued]>
[2022-08-03 04:48:01,604] {taskinstance.py:826} INFO - Dependencies all met for <TaskInstance: penjadwalan.dapat_suhu 2022-08-03T04:46:00+00:00 [queued]>
[2022-08-03 04:48:01,605] {taskinstance.py:1017} INFO - 
--------------------------------------------------------------------------------
[2022-08-03 04:48:01,605] {taskinstance.py:1018} INFO - Starting attempt 1 of 1
[2022-08-03 04:48:01,606] {taskinstance.py:1019} INFO - 
--------------------------------------------------------------------------------
[2022-08-03 04:48:01,621] {taskinstance.py:1038} INFO - Executing <Task(PythonOperator): dapat_suhu> on 2022-08-03T04:46:00+00:00
[2022-08-03 04:48:01,627] {standard_task_runner.py:51} INFO - Started process 22409 to run task
[2022-08-03 04:48:01,633] {standard_task_runner.py:75} INFO - Running: ['airflow', 'tasks', 'run', 'penjadwalan', 'dapat_suhu', '2022-08-03T04:46:00+00:00', '--job-id', '646', '--pool', 'default_pool', '--raw', '--subdir', 'DAGS_FOLDER/penjadwalan.py', '--cfg-path', '/tmp/tmp8gjjforz']
[2022-08-03 04:48:01,638] {standard_task_runner.py:76} INFO - Job 646: Subtask dapat_suhu
[2022-08-03 04:48:01,721] {logging_mixin.py:103} INFO - Running <TaskInstance: penjadwalan.dapat_suhu 2022-08-03T04:46:00+00:00 [running]> on host b4dcda255553
[2022-08-03 04:48:01,807] {taskinstance.py:1232} INFO - Exporting the following env vars:
AIRFLOW_CTX_DAG_OWNER=airflow
AIRFLOW_CTX_DAG_ID=penjadwalan
AIRFLOW_CTX_TASK_ID=dapat_suhu
AIRFLOW_CTX_EXECUTION_DATE=2022-08-03T04:46:00+00:00
AIRFLOW_CTX_DAG_RUN_ID=scheduled__2022-08-03T04:46:00+00:00
[2022-08-03 04:48:02,067] {logging_mixin.py:103} INFO - {'kota': 'Bali', 'cuaca': 'Clouds', 'cuaca_deskripsi': 'scattered clouds', 'temperatur': 302.69, 'waktu': '2022-08-03T04:48:02.067644'}
[2022-08-03 04:48:02,185] {logging_mixin.py:103} INFO - {'kota': 'Lombok', 'cuaca': 'Clouds', 'cuaca_deskripsi': 'overcast clouds', 'temperatur': 298.32, 'waktu': '2022-08-03T04:48:02.185543'}
[2022-08-03 04:48:02,304] {logging_mixin.py:103} INFO - {'kota': 'Labuan Bajo', 'cuaca': 'Clouds', 'cuaca_deskripsi': 'broken clouds', 'temperatur': 301.43, 'waktu': '2022-08-03T04:48:02.304451'}
[2022-08-03 04:48:02,416] {logging_mixin.py:103} INFO - {'kota': 'Bogor', 'cuaca': 'Clouds', 'cuaca_deskripsi': 'overcast clouds', 'temperatur': 306.42, 'waktu': '2022-08-03T04:48:02.416514'}
[2022-08-03 04:48:02,530] {logging_mixin.py:103} INFO - {'kota': 'Bandung', 'cuaca': 'Clouds', 'cuaca_deskripsi': 'broken clouds', 'temperatur': 302.02, 'waktu': '2022-08-03T04:48:02.530021'}
[2022-08-03 04:48:02,531] {python.py:118} INFO - Done. Returned value was: None
[2022-08-03 04:48:02,554] {taskinstance.py:1142} INFO - Marking task as SUCCESS. dag_id=penjadwalan, task_id=dapat_suhu, execution_date=20220803T044600, start_date=20220803T044801, end_date=20220803T044802
[2022-08-03 04:48:02,609] {taskinstance.py:1195} INFO - 0 downstream tasks scheduled from follow-on schedule check
[2022-08-03 04:48:02,647] {local_task_job.py:118} INFO - Task exited with return code 0
