[2022-08-03 02:32:01,405] {taskinstance.py:826} INFO - Dependencies all met for <TaskInstance: penjadwalan.dapat_suhu 2022-08-03T02:30:00+00:00 [queued]>
[2022-08-03 02:32:01,433] {taskinstance.py:826} INFO - Dependencies all met for <TaskInstance: penjadwalan.dapat_suhu 2022-08-03T02:30:00+00:00 [queued]>
[2022-08-03 02:32:01,434] {taskinstance.py:1017} INFO - 
--------------------------------------------------------------------------------
[2022-08-03 02:32:01,434] {taskinstance.py:1018} INFO - Starting attempt 1 of 1
[2022-08-03 02:32:01,435] {taskinstance.py:1019} INFO - 
--------------------------------------------------------------------------------
[2022-08-03 02:32:01,459] {taskinstance.py:1038} INFO - Executing <Task(PythonOperator): dapat_suhu> on 2022-08-03T02:30:00+00:00
[2022-08-03 02:32:01,467] {standard_task_runner.py:51} INFO - Started process 22303 to run task
[2022-08-03 02:32:01,473] {standard_task_runner.py:75} INFO - Running: ['airflow', 'tasks', 'run', 'penjadwalan', 'dapat_suhu', '2022-08-03T02:30:00+00:00', '--job-id', '526', '--pool', 'default_pool', '--raw', '--subdir', 'DAGS_FOLDER/penjadwalan.py', '--cfg-path', '/tmp/tmpt9qswwbb']
[2022-08-03 02:32:01,477] {standard_task_runner.py:76} INFO - Job 526: Subtask dapat_suhu
[2022-08-03 02:32:01,565] {logging_mixin.py:103} INFO - Running <TaskInstance: penjadwalan.dapat_suhu 2022-08-03T02:30:00+00:00 [running]> on host b4dcda255553
[2022-08-03 02:32:01,655] {taskinstance.py:1232} INFO - Exporting the following env vars:
AIRFLOW_CTX_DAG_OWNER=airflow
AIRFLOW_CTX_DAG_ID=penjadwalan
AIRFLOW_CTX_TASK_ID=dapat_suhu
AIRFLOW_CTX_EXECUTION_DATE=2022-08-03T02:30:00+00:00
AIRFLOW_CTX_DAG_RUN_ID=scheduled__2022-08-03T02:30:00+00:00
[2022-08-03 02:32:02,221] {logging_mixin.py:103} INFO - {'kota': 'Bali', 'cuaca': 'Clouds', 'cuaca_deskripsi': 'scattered clouds', 'temperatur': 298.28, 'waktu': '2022-08-03T02:32:02.221506'}
[2022-08-03 02:32:02,393] {logging_mixin.py:103} INFO - {'kota': 'Lombok', 'cuaca': 'Rain', 'cuaca_deskripsi': 'heavy intensity rain', 'temperatur': 295.93, 'waktu': '2022-08-03T02:32:02.393449'}
[2022-08-03 02:32:02,700] {logging_mixin.py:103} INFO - {'kota': 'Labuan Bajo', 'cuaca': 'Clouds', 'cuaca_deskripsi': 'broken clouds', 'temperatur': 302.24, 'waktu': '2022-08-03T02:32:02.700552'}
[2022-08-03 02:32:02,901] {logging_mixin.py:103} INFO - {'kota': 'Bogor', 'cuaca': 'Clouds', 'cuaca_deskripsi': 'overcast clouds', 'temperatur': 300.98, 'waktu': '2022-08-03T02:32:02.901045'}
[2022-08-03 02:32:03,121] {logging_mixin.py:103} INFO - {'kota': 'Bandung', 'cuaca': 'Clouds', 'cuaca_deskripsi': 'scattered clouds', 'temperatur': 299.15, 'waktu': '2022-08-03T02:32:03.121214'}
[2022-08-03 02:32:03,122] {python.py:118} INFO - Done. Returned value was: None
[2022-08-03 02:32:03,143] {taskinstance.py:1142} INFO - Marking task as SUCCESS. dag_id=penjadwalan, task_id=dapat_suhu, execution_date=20220803T023000, start_date=20220803T023201, end_date=20220803T023203
[2022-08-03 02:32:03,201] {taskinstance.py:1195} INFO - 0 downstream tasks scheduled from follow-on schedule check
[2022-08-03 02:32:03,213] {local_task_job.py:118} INFO - Task exited with return code 0
