[2022-08-03 09:30:01,491] {taskinstance.py:826} INFO - Dependencies all met for <TaskInstance: penjadwalan.dapat_suhu 2022-08-03T09:28:00+00:00 [queued]>
[2022-08-03 09:30:01,516] {taskinstance.py:826} INFO - Dependencies all met for <TaskInstance: penjadwalan.dapat_suhu 2022-08-03T09:28:00+00:00 [queued]>
[2022-08-03 09:30:01,516] {taskinstance.py:1017} INFO - 
--------------------------------------------------------------------------------
[2022-08-03 09:30:01,517] {taskinstance.py:1018} INFO - Starting attempt 1 of 1
[2022-08-03 09:30:01,517] {taskinstance.py:1019} INFO - 
--------------------------------------------------------------------------------
[2022-08-03 09:30:01,533] {taskinstance.py:1038} INFO - Executing <Task(PythonOperator): dapat_suhu> on 2022-08-03T09:28:00+00:00
[2022-08-03 09:30:01,538] {standard_task_runner.py:51} INFO - Started process 9364 to run task
[2022-08-03 09:30:01,544] {standard_task_runner.py:75} INFO - Running: ['airflow', 'tasks', 'run', 'penjadwalan', 'dapat_suhu', '2022-08-03T09:28:00+00:00', '--job-id', '931', '--pool', 'default_pool', '--raw', '--subdir', 'DAGS_FOLDER/penjadwalan.py', '--cfg-path', '/tmp/tmpt6hpbtij']
[2022-08-03 09:30:01,549] {standard_task_runner.py:76} INFO - Job 931: Subtask dapat_suhu
[2022-08-03 09:30:01,638] {logging_mixin.py:103} INFO - Running <TaskInstance: penjadwalan.dapat_suhu 2022-08-03T09:28:00+00:00 [running]> on host b4dcda255553
[2022-08-03 09:30:01,734] {taskinstance.py:1232} INFO - Exporting the following env vars:
AIRFLOW_CTX_DAG_OWNER=airflow
AIRFLOW_CTX_DAG_ID=penjadwalan
AIRFLOW_CTX_TASK_ID=dapat_suhu
AIRFLOW_CTX_EXECUTION_DATE=2022-08-03T09:28:00+00:00
AIRFLOW_CTX_DAG_RUN_ID=scheduled__2022-08-03T09:28:00+00:00
[2022-08-03 09:30:01,900] {logging_mixin.py:103} INFO - {'kota': 'Bali', 'cuaca': 'Clouds', 'cuaca_deskripsi': 'broken clouds', 'temperatur': 300.5, 'waktu': '2022-08-03T09:30:01.900002'}
[2022-08-03 09:30:02,149] {logging_mixin.py:103} INFO - {'kota': 'Lombok', 'cuaca': 'Rain', 'cuaca_deskripsi': 'moderate rain', 'temperatur': 295.7, 'waktu': '2022-08-03T09:30:02.149296'}
[2022-08-03 09:30:02,343] {logging_mixin.py:103} INFO - {'kota': 'Labuan Bajo', 'cuaca': 'Clouds', 'cuaca_deskripsi': 'overcast clouds', 'temperatur': 300.25, 'waktu': '2022-08-03T09:30:02.343443'}
[2022-08-03 09:30:02,570] {logging_mixin.py:103} INFO - {'kota': 'Bogor', 'cuaca': 'Clouds', 'cuaca_deskripsi': 'overcast clouds', 'temperatur': 302.6, 'waktu': '2022-08-03T09:30:02.570426'}
[2022-08-03 09:30:02,808] {logging_mixin.py:103} INFO - {'kota': 'Bandung', 'cuaca': 'Clouds', 'cuaca_deskripsi': 'overcast clouds', 'temperatur': 297, 'waktu': '2022-08-03T09:30:02.807996'}
[2022-08-03 09:30:02,808] {python.py:118} INFO - Done. Returned value was: None
[2022-08-03 09:30:02,829] {taskinstance.py:1142} INFO - Marking task as SUCCESS. dag_id=penjadwalan, task_id=dapat_suhu, execution_date=20220803T092800, start_date=20220803T093001, end_date=20220803T093002
[2022-08-03 09:30:02,874] {taskinstance.py:1195} INFO - 0 downstream tasks scheduled from follow-on schedule check
[2022-08-03 09:30:02,920] {local_task_job.py:118} INFO - Task exited with return code 0
