[2022-08-03 07:40:14,682] {taskinstance.py:826} INFO - Dependencies all met for <TaskInstance: my_simple_dag.respond 2022-08-03T07:30:00+00:00 [queued]>
[2022-08-03 07:40:14,789] {taskinstance.py:826} INFO - Dependencies all met for <TaskInstance: my_simple_dag.respond 2022-08-03T07:30:00+00:00 [queued]>
[2022-08-03 07:40:14,792] {taskinstance.py:1017} INFO - 
--------------------------------------------------------------------------------
[2022-08-03 07:40:14,795] {taskinstance.py:1018} INFO - Starting attempt 1 of 1
[2022-08-03 07:40:14,796] {taskinstance.py:1019} INFO - 
--------------------------------------------------------------------------------
[2022-08-03 07:40:14,838] {taskinstance.py:1038} INFO - Executing <Task(PythonOperator): respond> on 2022-08-03T07:30:00+00:00
[2022-08-03 07:40:14,845] {standard_task_runner.py:51} INFO - Started process 17740 to run task
[2022-08-03 07:40:14,853] {standard_task_runner.py:75} INFO - Running: ['airflow', 'tasks', 'run', 'my_simple_dag', 'respond', '2022-08-03T07:30:00+00:00', '--job-id', '836', '--pool', 'default_pool', '--raw', '--subdir', 'DAGS_FOLDER/my_simple_dag.py', '--cfg-path', '/tmp/tmpt658pdre']
[2022-08-03 07:40:14,878] {standard_task_runner.py:76} INFO - Job 836: Subtask respond
[2022-08-03 07:40:15,061] {logging_mixin.py:103} INFO - Running <TaskInstance: my_simple_dag.respond 2022-08-03T07:30:00+00:00 [running]> on host b4dcda255553
[2022-08-03 07:40:15,255] {taskinstance.py:1232} INFO - Exporting the following env vars:
AIRFLOW_CTX_DAG_OWNER=airflow
AIRFLOW_CTX_DAG_ID=my_simple_dag
AIRFLOW_CTX_TASK_ID=respond
AIRFLOW_CTX_EXECUTION_DATE=2022-08-03T07:30:00+00:00
AIRFLOW_CTX_DAG_RUN_ID=scheduled__2022-08-03T07:30:00+00:00
[2022-08-03 07:40:15,273] {python.py:118} INFO - Done. Returned value was: Greet Responded Again
[2022-08-03 07:40:15,346] {taskinstance.py:1142} INFO - Marking task as SUCCESS. dag_id=my_simple_dag, task_id=respond, execution_date=20220803T073000, start_date=20220803T074014, end_date=20220803T074015
[2022-08-03 07:40:15,476] {taskinstance.py:1195} INFO - 0 downstream tasks scheduled from follow-on schedule check
[2022-08-03 07:40:15,529] {local_task_job.py:118} INFO - Task exited with return code 0
