[2022-08-03 04:30:01,694] {taskinstance.py:826} INFO - Dependencies all met for <TaskInstance: penjadwalan.dapat_suhu 2022-08-03T04:28:00+00:00 [queued]>
[2022-08-03 04:30:01,724] {taskinstance.py:826} INFO - Dependencies all met for <TaskInstance: penjadwalan.dapat_suhu 2022-08-03T04:28:00+00:00 [queued]>
[2022-08-03 04:30:01,724] {taskinstance.py:1017} INFO - 
--------------------------------------------------------------------------------
[2022-08-03 04:30:01,725] {taskinstance.py:1018} INFO - Starting attempt 1 of 1
[2022-08-03 04:30:01,726] {taskinstance.py:1019} INFO - 
--------------------------------------------------------------------------------
[2022-08-03 04:30:01,743] {taskinstance.py:1038} INFO - Executing <Task(PythonOperator): dapat_suhu> on 2022-08-03T04:28:00+00:00
[2022-08-03 04:30:01,749] {standard_task_runner.py:51} INFO - Started process 6707 to run task
[2022-08-03 04:30:01,757] {standard_task_runner.py:75} INFO - Running: ['airflow', 'tasks', 'run', 'penjadwalan', 'dapat_suhu', '2022-08-03T04:28:00+00:00', '--job-id', '630', '--pool', 'default_pool', '--raw', '--subdir', 'DAGS_FOLDER/penjadwalan.py', '--cfg-path', '/tmp/tmppu1h_kem']
[2022-08-03 04:30:01,761] {standard_task_runner.py:76} INFO - Job 630: Subtask dapat_suhu
[2022-08-03 04:30:01,854] {logging_mixin.py:103} INFO - Running <TaskInstance: penjadwalan.dapat_suhu 2022-08-03T04:28:00+00:00 [running]> on host b4dcda255553
[2022-08-03 04:30:01,942] {taskinstance.py:1232} INFO - Exporting the following env vars:
AIRFLOW_CTX_DAG_OWNER=airflow
AIRFLOW_CTX_DAG_ID=penjadwalan
AIRFLOW_CTX_TASK_ID=dapat_suhu
AIRFLOW_CTX_EXECUTION_DATE=2022-08-03T04:28:00+00:00
AIRFLOW_CTX_DAG_RUN_ID=scheduled__2022-08-03T04:28:00+00:00
[2022-08-03 04:30:02,076] {logging_mixin.py:103} INFO - {'kota': 'Bali', 'cuaca': 'Clouds', 'cuaca_deskripsi': 'scattered clouds', 'temperatur': 302.69, 'waktu': '2022-08-03T04:30:02.076675'}
[2022-08-03 04:30:02,188] {logging_mixin.py:103} INFO - {'kota': 'Lombok', 'cuaca': 'Clouds', 'cuaca_deskripsi': 'overcast clouds', 'temperatur': 298.97, 'waktu': '2022-08-03T04:30:02.188511'}
[2022-08-03 04:30:02,627] {logging_mixin.py:103} INFO - {'kota': 'Labuan Bajo', 'cuaca': 'Clouds', 'cuaca_deskripsi': 'broken clouds', 'temperatur': 301.43, 'waktu': '2022-08-03T04:30:02.627552'}
[2022-08-03 04:30:02,749] {logging_mixin.py:103} INFO - {'kota': 'Bogor', 'cuaca': 'Clouds', 'cuaca_deskripsi': 'overcast clouds', 'temperatur': 305.31, 'waktu': '2022-08-03T04:30:02.749236'}
[2022-08-03 04:30:02,900] {logging_mixin.py:103} INFO - {'kota': 'Bandung', 'cuaca': 'Clouds', 'cuaca_deskripsi': 'broken clouds', 'temperatur': 302.13, 'waktu': '2022-08-03T04:30:02.899957'}
[2022-08-03 04:30:02,900] {python.py:118} INFO - Done. Returned value was: None
[2022-08-03 04:30:02,922] {taskinstance.py:1142} INFO - Marking task as SUCCESS. dag_id=penjadwalan, task_id=dapat_suhu, execution_date=20220803T042800, start_date=20220803T043001, end_date=20220803T043002
[2022-08-03 04:30:02,966] {taskinstance.py:1195} INFO - 0 downstream tasks scheduled from follow-on schedule check
[2022-08-03 04:30:03,012] {local_task_job.py:118} INFO - Task exited with return code 0
