[2022-08-03 08:00:00,689] {taskinstance.py:826} INFO - Dependencies all met for <TaskInstance: penjadwalan.dapat_suhu 2022-08-03T07:58:00+00:00 [queued]>
[2022-08-03 08:00:00,727] {taskinstance.py:826} INFO - Dependencies all met for <TaskInstance: penjadwalan.dapat_suhu 2022-08-03T07:58:00+00:00 [queued]>
[2022-08-03 08:00:00,728] {taskinstance.py:1017} INFO - 
--------------------------------------------------------------------------------
[2022-08-03 08:00:00,729] {taskinstance.py:1018} INFO - Starting attempt 1 of 1
[2022-08-03 08:00:00,729] {taskinstance.py:1019} INFO - 
--------------------------------------------------------------------------------
[2022-08-03 08:00:00,753] {taskinstance.py:1038} INFO - Executing <Task(PythonOperator): dapat_suhu> on 2022-08-03T07:58:00+00:00
[2022-08-03 08:00:00,758] {standard_task_runner.py:51} INFO - Started process 16701 to run task
[2022-08-03 08:00:00,765] {standard_task_runner.py:75} INFO - Running: ['airflow', 'tasks', 'run', 'penjadwalan', 'dapat_suhu', '2022-08-03T07:58:00+00:00', '--job-id', '851', '--pool', 'default_pool', '--raw', '--subdir', 'DAGS_FOLDER/penjadwalan.py', '--cfg-path', '/tmp/tmp1qz1qcjo']
[2022-08-03 08:00:00,771] {standard_task_runner.py:76} INFO - Job 851: Subtask dapat_suhu
[2022-08-03 08:00:00,871] {logging_mixin.py:103} INFO - Running <TaskInstance: penjadwalan.dapat_suhu 2022-08-03T07:58:00+00:00 [running]> on host b4dcda255553
[2022-08-03 08:00:00,958] {taskinstance.py:1232} INFO - Exporting the following env vars:
AIRFLOW_CTX_DAG_OWNER=airflow
AIRFLOW_CTX_DAG_ID=penjadwalan
AIRFLOW_CTX_TASK_ID=dapat_suhu
AIRFLOW_CTX_EXECUTION_DATE=2022-08-03T07:58:00+00:00
AIRFLOW_CTX_DAG_RUN_ID=scheduled__2022-08-03T07:58:00+00:00
[2022-08-03 08:00:01,885] {logging_mixin.py:103} INFO - {'kota': 'Bali', 'cuaca': 'Clouds', 'cuaca_deskripsi': 'broken clouds', 'temperatur': 301.61, 'waktu': '2022-08-03T08:00:01.885216'}
[2022-08-03 08:00:02,011] {logging_mixin.py:103} INFO - {'kota': 'Lombok', 'cuaca': 'Rain', 'cuaca_deskripsi': 'light rain', 'temperatur': 296.95, 'waktu': '2022-08-03T08:00:02.010886'}
[2022-08-03 08:00:02,174] {logging_mixin.py:103} INFO - {'kota': 'Labuan Bajo', 'cuaca': 'Clouds', 'cuaca_deskripsi': 'overcast clouds', 'temperatur': 300.58, 'waktu': '2022-08-03T08:00:02.173996'}
[2022-08-03 08:00:02,309] {logging_mixin.py:103} INFO - {'kota': 'Bogor', 'cuaca': 'Clouds', 'cuaca_deskripsi': 'overcast clouds', 'temperatur': 304.2, 'waktu': '2022-08-03T08:00:02.309604'}
[2022-08-03 08:00:02,428] {logging_mixin.py:103} INFO - {'kota': 'Bandung', 'cuaca': 'Clouds', 'cuaca_deskripsi': 'overcast clouds', 'temperatur': 298.69, 'waktu': '2022-08-03T08:00:02.428364'}
[2022-08-03 08:00:02,429] {python.py:118} INFO - Done. Returned value was: None
[2022-08-03 08:00:02,454] {taskinstance.py:1142} INFO - Marking task as SUCCESS. dag_id=penjadwalan, task_id=dapat_suhu, execution_date=20220803T075800, start_date=20220803T080000, end_date=20220803T080002
[2022-08-03 08:00:02,513] {taskinstance.py:1195} INFO - 0 downstream tasks scheduled from follow-on schedule check
[2022-08-03 08:00:02,542] {local_task_job.py:118} INFO - Task exited with return code 0
