[2022-08-02 17:00:08,598] {taskinstance.py:826} INFO - Dependencies all met for <TaskInstance: my_simple_dag.sleep_me 2022-08-02T16:50:00+00:00 [queued]>
[2022-08-02 17:00:08,705] {taskinstance.py:826} INFO - Dependencies all met for <TaskInstance: my_simple_dag.sleep_me 2022-08-02T16:50:00+00:00 [queued]>
[2022-08-02 17:00:08,720] {taskinstance.py:1017} INFO - 
--------------------------------------------------------------------------------
[2022-08-02 17:00:08,728] {taskinstance.py:1018} INFO - Starting attempt 1 of 1
[2022-08-02 17:00:08,731] {taskinstance.py:1019} INFO - 
--------------------------------------------------------------------------------
[2022-08-02 17:00:08,780] {taskinstance.py:1038} INFO - Executing <Task(BashOperator): sleep_me> on 2022-08-02T16:50:00+00:00
[2022-08-02 17:00:08,788] {standard_task_runner.py:51} INFO - Started process 290 to run task
[2022-08-02 17:00:08,796] {standard_task_runner.py:75} INFO - Running: ['airflow', 'tasks', 'run', 'my_simple_dag', 'sleep_me', '2022-08-02T16:50:00+00:00', '--job-id', '169', '--pool', 'default_pool', '--raw', '--subdir', 'DAGS_FOLDER/my_simple_dag.py', '--cfg-path', '/tmp/tmp_vx0qnnk']
[2022-08-02 17:00:08,815] {standard_task_runner.py:76} INFO - Job 169: Subtask sleep_me
[2022-08-02 17:00:09,008] {logging_mixin.py:103} INFO - Running <TaskInstance: my_simple_dag.sleep_me 2022-08-02T16:50:00+00:00 [running]> on host b4dcda255553
[2022-08-02 17:00:09,199] {taskinstance.py:1232} INFO - Exporting the following env vars:
AIRFLOW_CTX_DAG_OWNER=airflow
AIRFLOW_CTX_DAG_ID=my_simple_dag
AIRFLOW_CTX_TASK_ID=sleep_me
AIRFLOW_CTX_EXECUTION_DATE=2022-08-02T16:50:00+00:00
AIRFLOW_CTX_DAG_RUN_ID=scheduled__2022-08-02T16:50:00+00:00
[2022-08-02 17:00:09,212] {bash.py:135} INFO - Tmp dir root location: 
 /tmp
[2022-08-02 17:00:09,221] {bash.py:158} INFO - Running command: sleep 5
[2022-08-02 17:00:09,236] {bash.py:169} INFO - Output:
[2022-08-02 17:00:14,252] {bash.py:177} INFO - Command exited with return code 0
[2022-08-02 17:00:14,325] {taskinstance.py:1142} INFO - Marking task as SUCCESS. dag_id=my_simple_dag, task_id=sleep_me, execution_date=20220802T165000, start_date=20220802T170008, end_date=20220802T170014
[2022-08-02 17:00:14,422] {taskinstance.py:1195} INFO - 1 downstream tasks scheduled from follow-on schedule check
[2022-08-02 17:00:14,457] {local_task_job.py:118} INFO - Task exited with return code 0
