[2022-08-02 15:30:02,835] {taskinstance.py:826} INFO - Dependencies all met for <TaskInstance: pokea.greet 2022-08-02T15:20:00+00:00 [queued]>
[2022-08-02 15:30:02,912] {taskinstance.py:826} INFO - Dependencies all met for <TaskInstance: pokea.greet 2022-08-02T15:20:00+00:00 [queued]>
[2022-08-02 15:30:02,913] {taskinstance.py:1017} INFO - 
--------------------------------------------------------------------------------
[2022-08-02 15:30:02,913] {taskinstance.py:1018} INFO - Starting attempt 1 of 1
[2022-08-02 15:30:02,914] {taskinstance.py:1019} INFO - 
--------------------------------------------------------------------------------
[2022-08-02 15:30:02,977] {taskinstance.py:1038} INFO - Executing <Task(PythonOperator): greet> on 2022-08-02T15:20:00+00:00
[2022-08-02 15:30:02,981] {standard_task_runner.py:51} INFO - Started process 15551 to run task
[2022-08-02 15:30:02,989] {standard_task_runner.py:75} INFO - Running: ['airflow', 'tasks', 'run', 'pokea', 'greet', '2022-08-02T15:20:00+00:00', '--job-id', '61', '--pool', 'default_pool', '--raw', '--subdir', 'DAGS_FOLDER/pokea.py', '--cfg-path', '/tmp/tmp0as_o61q']
[2022-08-02 15:30:03,005] {standard_task_runner.py:76} INFO - Job 61: Subtask greet
[2022-08-02 15:30:03,165] {logging_mixin.py:103} INFO - Running <TaskInstance: pokea.greet 2022-08-02T15:20:00+00:00 [running]> on host b4dcda255553
[2022-08-02 15:30:03,317] {taskinstance.py:1232} INFO - Exporting the following env vars:
AIRFLOW_CTX_DAG_OWNER=airflow
AIRFLOW_CTX_DAG_ID=pokea
AIRFLOW_CTX_TASK_ID=greet
AIRFLOW_CTX_EXECUTION_DATE=2022-08-02T15:20:00+00:00
AIRFLOW_CTX_DAG_RUN_ID=scheduled__2022-08-02T15:20:00+00:00
[2022-08-02 15:30:03,322] {logging_mixin.py:103} INFO - Halo Salam dari Apache Airflow2022-08-02 15:30
[2022-08-02 15:30:03,323] {python.py:118} INFO - Done. Returned value was: None
[2022-08-02 15:30:03,352] {taskinstance.py:1142} INFO - Marking task as SUCCESS. dag_id=pokea, task_id=greet, execution_date=20220802T152000, start_date=20220802T153002, end_date=20220802T153003
[2022-08-02 15:30:03,422] {taskinstance.py:1195} INFO - 1 downstream tasks scheduled from follow-on schedule check
[2022-08-02 15:30:03,445] {local_task_job.py:118} INFO - Task exited with return code 0
