[2022-08-03 02:04:01,188] {taskinstance.py:826} INFO - Dependencies all met for <TaskInstance: penjadwalan.dapat_suhu 2022-08-03T02:02:00+00:00 [queued]>
[2022-08-03 02:04:01,215] {taskinstance.py:826} INFO - Dependencies all met for <TaskInstance: penjadwalan.dapat_suhu 2022-08-03T02:02:00+00:00 [queued]>
[2022-08-03 02:04:01,215] {taskinstance.py:1017} INFO - 
--------------------------------------------------------------------------------
[2022-08-03 02:04:01,216] {taskinstance.py:1018} INFO - Starting attempt 1 of 1
[2022-08-03 02:04:01,216] {taskinstance.py:1019} INFO - 
--------------------------------------------------------------------------------
[2022-08-03 02:04:01,232] {taskinstance.py:1038} INFO - Executing <Task(PythonOperator): dapat_suhu> on 2022-08-03T02:02:00+00:00
[2022-08-03 02:04:01,239] {standard_task_runner.py:51} INFO - Started process 9009 to run task
[2022-08-03 02:04:01,245] {standard_task_runner.py:75} INFO - Running: ['airflow', 'tasks', 'run', 'penjadwalan', 'dapat_suhu', '2022-08-03T02:02:00+00:00', '--job-id', '500', '--pool', 'default_pool', '--raw', '--subdir', 'DAGS_FOLDER/penjadwalan.py', '--cfg-path', '/tmp/tmpmu_ffldm']
[2022-08-03 02:04:01,251] {standard_task_runner.py:76} INFO - Job 500: Subtask dapat_suhu
[2022-08-03 02:04:01,326] {logging_mixin.py:103} INFO - Running <TaskInstance: penjadwalan.dapat_suhu 2022-08-03T02:02:00+00:00 [running]> on host b4dcda255553
[2022-08-03 02:04:01,415] {taskinstance.py:1232} INFO - Exporting the following env vars:
AIRFLOW_CTX_DAG_OWNER=airflow
AIRFLOW_CTX_DAG_ID=penjadwalan
AIRFLOW_CTX_TASK_ID=dapat_suhu
AIRFLOW_CTX_EXECUTION_DATE=2022-08-03T02:02:00+00:00
AIRFLOW_CTX_DAG_RUN_ID=scheduled__2022-08-03T02:02:00+00:00
[2022-08-03 02:04:02,470] {logging_mixin.py:103} INFO - {'kota': 'Bali', 'cuaca': 'Clouds', 'cuaca_deskripsi': 'broken clouds', 'temperatur': 298.28, 'waktu': '2022-08-03T02:04:02.470453'}
[2022-08-03 02:04:03,048] {logging_mixin.py:103} INFO - {'kota': 'Lombok', 'cuaca': 'Rain', 'cuaca_deskripsi': 'heavy intensity rain', 'temperatur': 295.93, 'waktu': '2022-08-03T02:04:03.047889'}
[2022-08-03 02:04:03,618] {logging_mixin.py:103} INFO - {'kota': 'Labuan Bajo', 'cuaca': 'Clouds', 'cuaca_deskripsi': 'broken clouds', 'temperatur': 301.94, 'waktu': '2022-08-03T02:04:03.618277'}
[2022-08-03 02:04:04,167] {logging_mixin.py:103} INFO - {'kota': 'Bogor', 'cuaca': 'Clouds', 'cuaca_deskripsi': 'overcast clouds', 'temperatur': 299.41, 'waktu': '2022-08-03T02:04:04.167355'}
[2022-08-03 02:04:04,715] {logging_mixin.py:103} INFO - {'kota': 'Bandung', 'cuaca': 'Clouds', 'cuaca_deskripsi': 'scattered clouds', 'temperatur': 299.15, 'waktu': '2022-08-03T02:04:04.715073'}
[2022-08-03 02:04:04,715] {python.py:118} INFO - Done. Returned value was: None
[2022-08-03 02:04:04,728] {taskinstance.py:1142} INFO - Marking task as SUCCESS. dag_id=penjadwalan, task_id=dapat_suhu, execution_date=20220803T020200, start_date=20220803T020401, end_date=20220803T020404
[2022-08-03 02:04:04,758] {taskinstance.py:1195} INFO - 0 downstream tasks scheduled from follow-on schedule check
[2022-08-03 02:04:04,789] {local_task_job.py:118} INFO - Task exited with return code 0
