[2022-08-03 09:12:00,860] {taskinstance.py:826} INFO - Dependencies all met for <TaskInstance: penjadwalan.dapat_suhu 2022-08-03T09:10:00+00:00 [queued]>
[2022-08-03 09:12:00,886] {taskinstance.py:826} INFO - Dependencies all met for <TaskInstance: penjadwalan.dapat_suhu 2022-08-03T09:10:00+00:00 [queued]>
[2022-08-03 09:12:00,887] {taskinstance.py:1017} INFO - 
--------------------------------------------------------------------------------
[2022-08-03 09:12:00,887] {taskinstance.py:1018} INFO - Starting attempt 1 of 1
[2022-08-03 09:12:00,888] {taskinstance.py:1019} INFO - 
--------------------------------------------------------------------------------
[2022-08-03 09:12:00,904] {taskinstance.py:1038} INFO - Executing <Task(PythonOperator): dapat_suhu> on 2022-08-03T09:10:00+00:00
[2022-08-03 09:12:00,907] {standard_task_runner.py:51} INFO - Started process 28782 to run task
[2022-08-03 09:12:00,913] {standard_task_runner.py:75} INFO - Running: ['airflow', 'tasks', 'run', 'penjadwalan', 'dapat_suhu', '2022-08-03T09:10:00+00:00', '--job-id', '918', '--pool', 'default_pool', '--raw', '--subdir', 'DAGS_FOLDER/penjadwalan.py', '--cfg-path', '/tmp/tmp4hb7hb0o']
[2022-08-03 09:12:00,917] {standard_task_runner.py:76} INFO - Job 918: Subtask dapat_suhu
[2022-08-03 09:12:00,992] {logging_mixin.py:103} INFO - Running <TaskInstance: penjadwalan.dapat_suhu 2022-08-03T09:10:00+00:00 [running]> on host b4dcda255553
[2022-08-03 09:12:01,068] {taskinstance.py:1232} INFO - Exporting the following env vars:
AIRFLOW_CTX_DAG_OWNER=airflow
AIRFLOW_CTX_DAG_ID=penjadwalan
AIRFLOW_CTX_TASK_ID=dapat_suhu
AIRFLOW_CTX_EXECUTION_DATE=2022-08-03T09:10:00+00:00
AIRFLOW_CTX_DAG_RUN_ID=scheduled__2022-08-03T09:10:00+00:00
[2022-08-03 09:12:01,521] {logging_mixin.py:103} INFO - {'kota': 'Bali', 'cuaca': 'Clouds', 'cuaca_deskripsi': 'broken clouds', 'temperatur': 300.5, 'waktu': '2022-08-03T09:12:01.520814'}
[2022-08-03 09:12:02,675] {logging_mixin.py:103} INFO - {'kota': 'Lombok', 'cuaca': 'Rain', 'cuaca_deskripsi': 'moderate rain', 'temperatur': 296.25, 'waktu': '2022-08-03T09:12:02.675155'}
[2022-08-03 09:12:02,817] {logging_mixin.py:103} INFO - {'kota': 'Labuan Bajo', 'cuaca': 'Clouds', 'cuaca_deskripsi': 'overcast clouds', 'temperatur': 300.25, 'waktu': '2022-08-03T09:12:02.817179'}
[2022-08-03 09:12:02,975] {logging_mixin.py:103} INFO - {'kota': 'Bogor', 'cuaca': 'Clouds', 'cuaca_deskripsi': 'overcast clouds', 'temperatur': 303.61, 'waktu': '2022-08-03T09:12:02.975146'}
[2022-08-03 09:12:03,091] {logging_mixin.py:103} INFO - {'kota': 'Bandung', 'cuaca': 'Clouds', 'cuaca_deskripsi': 'overcast clouds', 'temperatur': 297, 'waktu': '2022-08-03T09:12:03.091227'}
[2022-08-03 09:12:03,092] {python.py:118} INFO - Done. Returned value was: None
[2022-08-03 09:12:03,138] {taskinstance.py:1142} INFO - Marking task as SUCCESS. dag_id=penjadwalan, task_id=dapat_suhu, execution_date=20220803T091000, start_date=20220803T091200, end_date=20220803T091203
[2022-08-03 09:12:03,185] {taskinstance.py:1195} INFO - 0 downstream tasks scheduled from follow-on schedule check
[2022-08-03 09:12:03,214] {local_task_job.py:118} INFO - Task exited with return code 0
