[2022-08-03 08:08:00,994] {taskinstance.py:826} INFO - Dependencies all met for <TaskInstance: penjadwalan.dapat_suhu 2022-08-03T08:06:00+00:00 [queued]>
[2022-08-03 08:08:01,018] {taskinstance.py:826} INFO - Dependencies all met for <TaskInstance: penjadwalan.dapat_suhu 2022-08-03T08:06:00+00:00 [queued]>
[2022-08-03 08:08:01,019] {taskinstance.py:1017} INFO - 
--------------------------------------------------------------------------------
[2022-08-03 08:08:01,019] {taskinstance.py:1018} INFO - Starting attempt 1 of 1
[2022-08-03 08:08:01,020] {taskinstance.py:1019} INFO - 
--------------------------------------------------------------------------------
[2022-08-03 08:08:01,035] {taskinstance.py:1038} INFO - Executing <Task(PythonOperator): dapat_suhu> on 2022-08-03T08:06:00+00:00
[2022-08-03 08:08:01,039] {standard_task_runner.py:51} INFO - Started process 16066 to run task
[2022-08-03 08:08:01,045] {standard_task_runner.py:75} INFO - Running: ['airflow', 'tasks', 'run', 'penjadwalan', 'dapat_suhu', '2022-08-03T08:06:00+00:00', '--job-id', '858', '--pool', 'default_pool', '--raw', '--subdir', 'DAGS_FOLDER/penjadwalan.py', '--cfg-path', '/tmp/tmpt8m2gww9']
[2022-08-03 08:08:01,049] {standard_task_runner.py:76} INFO - Job 858: Subtask dapat_suhu
[2022-08-03 08:08:01,123] {logging_mixin.py:103} INFO - Running <TaskInstance: penjadwalan.dapat_suhu 2022-08-03T08:06:00+00:00 [running]> on host b4dcda255553
[2022-08-03 08:08:01,194] {taskinstance.py:1232} INFO - Exporting the following env vars:
AIRFLOW_CTX_DAG_OWNER=airflow
AIRFLOW_CTX_DAG_ID=penjadwalan
AIRFLOW_CTX_TASK_ID=dapat_suhu
AIRFLOW_CTX_EXECUTION_DATE=2022-08-03T08:06:00+00:00
AIRFLOW_CTX_DAG_RUN_ID=scheduled__2022-08-03T08:06:00+00:00
[2022-08-03 08:08:01,399] {logging_mixin.py:103} INFO - {'kota': 'Bali', 'cuaca': 'Clouds', 'cuaca_deskripsi': 'broken clouds', 'temperatur': 301.61, 'waktu': '2022-08-03T08:08:01.398925'}
[2022-08-03 08:08:01,875] {logging_mixin.py:103} INFO - {'kota': 'Lombok', 'cuaca': 'Rain', 'cuaca_deskripsi': 'moderate rain', 'temperatur': 296.95, 'waktu': '2022-08-03T08:08:01.875501'}
[2022-08-03 08:08:01,984] {logging_mixin.py:103} INFO - {'kota': 'Labuan Bajo', 'cuaca': 'Clouds', 'cuaca_deskripsi': 'overcast clouds', 'temperatur': 300.58, 'waktu': '2022-08-03T08:08:01.984679'}
[2022-08-03 08:08:02,099] {logging_mixin.py:103} INFO - {'kota': 'Bogor', 'cuaca': 'Clouds', 'cuaca_deskripsi': 'overcast clouds', 'temperatur': 304.2, 'waktu': '2022-08-03T08:08:02.099003'}
[2022-08-03 08:08:02,214] {logging_mixin.py:103} INFO - {'kota': 'Bandung', 'cuaca': 'Clouds', 'cuaca_deskripsi': 'overcast clouds', 'temperatur': 298.69, 'waktu': '2022-08-03T08:08:02.214414'}
[2022-08-03 08:08:02,215] {python.py:118} INFO - Done. Returned value was: None
[2022-08-03 08:08:02,233] {taskinstance.py:1142} INFO - Marking task as SUCCESS. dag_id=penjadwalan, task_id=dapat_suhu, execution_date=20220803T080600, start_date=20220803T080800, end_date=20220803T080802
[2022-08-03 08:08:02,276] {taskinstance.py:1195} INFO - 0 downstream tasks scheduled from follow-on schedule check
[2022-08-03 08:08:02,301] {local_task_job.py:118} INFO - Task exited with return code 0
