[2022-08-03 08:02:01,134] {taskinstance.py:826} INFO - Dependencies all met for <TaskInstance: penjadwalan.dapat_suhu 2022-08-03T08:00:00+00:00 [queued]>
[2022-08-03 08:02:01,159] {taskinstance.py:826} INFO - Dependencies all met for <TaskInstance: penjadwalan.dapat_suhu 2022-08-03T08:00:00+00:00 [queued]>
[2022-08-03 08:02:01,159] {taskinstance.py:1017} INFO - 
--------------------------------------------------------------------------------
[2022-08-03 08:02:01,160] {taskinstance.py:1018} INFO - Starting attempt 1 of 1
[2022-08-03 08:02:01,160] {taskinstance.py:1019} INFO - 
--------------------------------------------------------------------------------
[2022-08-03 08:02:01,174] {taskinstance.py:1038} INFO - Executing <Task(PythonOperator): dapat_suhu> on 2022-08-03T08:00:00+00:00
[2022-08-03 08:02:01,178] {standard_task_runner.py:51} INFO - Started process 24841 to run task
[2022-08-03 08:02:01,184] {standard_task_runner.py:75} INFO - Running: ['airflow', 'tasks', 'run', 'penjadwalan', 'dapat_suhu', '2022-08-03T08:00:00+00:00', '--job-id', '855', '--pool', 'default_pool', '--raw', '--subdir', 'DAGS_FOLDER/penjadwalan.py', '--cfg-path', '/tmp/tmpib22i9eh']
[2022-08-03 08:02:01,188] {standard_task_runner.py:76} INFO - Job 855: Subtask dapat_suhu
[2022-08-03 08:02:01,267] {logging_mixin.py:103} INFO - Running <TaskInstance: penjadwalan.dapat_suhu 2022-08-03T08:00:00+00:00 [running]> on host b4dcda255553
[2022-08-03 08:02:01,356] {taskinstance.py:1232} INFO - Exporting the following env vars:
AIRFLOW_CTX_DAG_OWNER=airflow
AIRFLOW_CTX_DAG_ID=penjadwalan
AIRFLOW_CTX_TASK_ID=dapat_suhu
AIRFLOW_CTX_EXECUTION_DATE=2022-08-03T08:00:00+00:00
AIRFLOW_CTX_DAG_RUN_ID=scheduled__2022-08-03T08:00:00+00:00
[2022-08-03 08:02:01,487] {logging_mixin.py:103} INFO - {'kota': 'Bali', 'cuaca': 'Clouds', 'cuaca_deskripsi': 'broken clouds', 'temperatur': 301.61, 'waktu': '2022-08-03T08:02:01.487689'}
[2022-08-03 08:02:01,590] {logging_mixin.py:103} INFO - {'kota': 'Lombok', 'cuaca': 'Rain', 'cuaca_deskripsi': 'light rain', 'temperatur': 296.95, 'waktu': '2022-08-03T08:02:01.590258'}
[2022-08-03 08:02:02,057] {logging_mixin.py:103} INFO - {'kota': 'Labuan Bajo', 'cuaca': 'Clouds', 'cuaca_deskripsi': 'overcast clouds', 'temperatur': 300.58, 'waktu': '2022-08-03T08:02:02.057459'}
[2022-08-03 08:02:02,164] {logging_mixin.py:103} INFO - {'kota': 'Bogor', 'cuaca': 'Clouds', 'cuaca_deskripsi': 'overcast clouds', 'temperatur': 304.2, 'waktu': '2022-08-03T08:02:02.164044'}
[2022-08-03 08:02:02,268] {logging_mixin.py:103} INFO - {'kota': 'Bandung', 'cuaca': 'Clouds', 'cuaca_deskripsi': 'overcast clouds', 'temperatur': 298.69, 'waktu': '2022-08-03T08:02:02.267981'}
[2022-08-03 08:02:02,268] {python.py:118} INFO - Done. Returned value was: None
[2022-08-03 08:02:02,288] {taskinstance.py:1142} INFO - Marking task as SUCCESS. dag_id=penjadwalan, task_id=dapat_suhu, execution_date=20220803T080000, start_date=20220803T080201, end_date=20220803T080202
[2022-08-03 08:02:02,334] {taskinstance.py:1195} INFO - 0 downstream tasks scheduled from follow-on schedule check
[2022-08-03 08:02:02,358] {local_task_job.py:118} INFO - Task exited with return code 0
