[2022-08-03 00:46:15,127] {taskinstance.py:826} INFO - Dependencies all met for <TaskInstance: penjadwalan.dapat_suhu 2022-08-02T20:38:00+00:00 [queued]>
[2022-08-03 00:46:15,184] {taskinstance.py:826} INFO - Dependencies all met for <TaskInstance: penjadwalan.dapat_suhu 2022-08-02T20:38:00+00:00 [queued]>
[2022-08-03 00:46:15,188] {taskinstance.py:1017} INFO - 
--------------------------------------------------------------------------------
[2022-08-03 00:46:15,192] {taskinstance.py:1018} INFO - Starting attempt 1 of 1
[2022-08-03 00:46:15,193] {taskinstance.py:1019} INFO - 
--------------------------------------------------------------------------------
[2022-08-03 00:46:15,224] {taskinstance.py:1038} INFO - Executing <Task(PythonOperator): dapat_suhu> on 2022-08-02T20:38:00+00:00
[2022-08-03 00:46:15,231] {standard_task_runner.py:51} INFO - Started process 28071 to run task
[2022-08-03 00:46:15,236] {standard_task_runner.py:75} INFO - Running: ['airflow', 'tasks', 'run', 'penjadwalan', 'dapat_suhu', '2022-08-02T20:38:00+00:00', '--job-id', '306', '--pool', 'default_pool', '--raw', '--subdir', 'DAGS_FOLDER/penjadwalan.py', '--cfg-path', '/tmp/tmplvubp2kq']
[2022-08-03 00:46:15,252] {standard_task_runner.py:76} INFO - Job 306: Subtask dapat_suhu
[2022-08-03 00:46:15,396] {logging_mixin.py:103} INFO - Running <TaskInstance: penjadwalan.dapat_suhu 2022-08-02T20:38:00+00:00 [running]> on host b4dcda255553
[2022-08-03 00:46:15,519] {taskinstance.py:1232} INFO - Exporting the following env vars:
AIRFLOW_CTX_DAG_OWNER=airflow
AIRFLOW_CTX_DAG_ID=penjadwalan
AIRFLOW_CTX_TASK_ID=dapat_suhu
AIRFLOW_CTX_EXECUTION_DATE=2022-08-02T20:38:00+00:00
AIRFLOW_CTX_DAG_RUN_ID=scheduled__2022-08-02T20:38:00+00:00
[2022-08-03 00:46:16,745] {logging_mixin.py:103} INFO - {'kota': 'Bali', 'cuaca': 'Clouds', 'cuaca_deskripsi': 'overcast clouds', 'temperatur': 298.28, 'waktu': '2022-08-03T00:46:16.745518'}
[2022-08-03 00:46:18,851] {logging_mixin.py:103} INFO - {'kota': 'Lombok', 'cuaca': 'Clouds', 'cuaca_deskripsi': 'overcast clouds', 'temperatur': 295.51, 'waktu': '2022-08-03T00:46:18.850874'}
[2022-08-03 00:46:18,993] {logging_mixin.py:103} INFO - {'kota': 'Labuan Bajo', 'cuaca': 'Clouds', 'cuaca_deskripsi': 'scattered clouds', 'temperatur': 300.93, 'waktu': '2022-08-03T00:46:18.993623'}
[2022-08-03 00:46:21,382] {logging_mixin.py:103} INFO - {'kota': 'Bogor', 'cuaca': 'Rain', 'cuaca_deskripsi': 'light rain', 'temperatur': 300.87, 'waktu': '2022-08-03T00:46:21.382264'}
[2022-08-03 00:46:23,032] {logging_mixin.py:103} INFO - {'kota': 'Bandung', 'cuaca': 'Clouds', 'cuaca_deskripsi': 'scattered clouds', 'temperatur': 296.92, 'waktu': '2022-08-03T00:46:23.032369'}
[2022-08-03 00:46:23,034] {python.py:118} INFO - Done. Returned value was: None
[2022-08-03 00:46:23,107] {taskinstance.py:1142} INFO - Marking task as SUCCESS. dag_id=penjadwalan, task_id=dapat_suhu, execution_date=20220802T203800, start_date=20220803T004615, end_date=20220803T004623
[2022-08-03 00:46:23,576] {taskinstance.py:1195} INFO - 0 downstream tasks scheduled from follow-on schedule check
[2022-08-03 00:46:23,608] {local_task_job.py:118} INFO - Task exited with return code 0
