[2022-08-03 07:54:00,894] {taskinstance.py:826} INFO - Dependencies all met for <TaskInstance: penjadwalan.dapat_suhu 2022-08-03T07:52:00+00:00 [queued]>
[2022-08-03 07:54:00,926] {taskinstance.py:826} INFO - Dependencies all met for <TaskInstance: penjadwalan.dapat_suhu 2022-08-03T07:52:00+00:00 [queued]>
[2022-08-03 07:54:00,927] {taskinstance.py:1017} INFO - 
--------------------------------------------------------------------------------
[2022-08-03 07:54:00,928] {taskinstance.py:1018} INFO - Starting attempt 1 of 1
[2022-08-03 07:54:00,928] {taskinstance.py:1019} INFO - 
--------------------------------------------------------------------------------
[2022-08-03 07:54:00,946] {taskinstance.py:1038} INFO - Executing <Task(PythonOperator): dapat_suhu> on 2022-08-03T07:52:00+00:00
[2022-08-03 07:54:00,949] {standard_task_runner.py:51} INFO - Started process 28626 to run task
[2022-08-03 07:54:00,956] {standard_task_runner.py:75} INFO - Running: ['airflow', 'tasks', 'run', 'penjadwalan', 'dapat_suhu', '2022-08-03T07:52:00+00:00', '--job-id', '847', '--pool', 'default_pool', '--raw', '--subdir', 'DAGS_FOLDER/penjadwalan.py', '--cfg-path', '/tmp/tmpkvohwu2r']
[2022-08-03 07:54:00,960] {standard_task_runner.py:76} INFO - Job 847: Subtask dapat_suhu
[2022-08-03 07:54:01,029] {logging_mixin.py:103} INFO - Running <TaskInstance: penjadwalan.dapat_suhu 2022-08-03T07:52:00+00:00 [running]> on host b4dcda255553
[2022-08-03 07:54:01,099] {taskinstance.py:1232} INFO - Exporting the following env vars:
AIRFLOW_CTX_DAG_OWNER=airflow
AIRFLOW_CTX_DAG_ID=penjadwalan
AIRFLOW_CTX_TASK_ID=dapat_suhu
AIRFLOW_CTX_EXECUTION_DATE=2022-08-03T07:52:00+00:00
AIRFLOW_CTX_DAG_RUN_ID=scheduled__2022-08-03T07:52:00+00:00
[2022-08-03 07:54:01,224] {logging_mixin.py:103} INFO - {'kota': 'Bali', 'cuaca': 'Clouds', 'cuaca_deskripsi': 'broken clouds', 'temperatur': 301.61, 'waktu': '2022-08-03T07:54:01.224357'}
[2022-08-03 07:54:01,331] {logging_mixin.py:103} INFO - {'kota': 'Lombok', 'cuaca': 'Rain', 'cuaca_deskripsi': 'light rain', 'temperatur': 296.95, 'waktu': '2022-08-03T07:54:01.330800'}
[2022-08-03 07:54:01,444] {logging_mixin.py:103} INFO - {'kota': 'Labuan Bajo', 'cuaca': 'Clouds', 'cuaca_deskripsi': 'overcast clouds', 'temperatur': 300.58, 'waktu': '2022-08-03T07:54:01.444486'}
[2022-08-03 07:54:01,563] {logging_mixin.py:103} INFO - {'kota': 'Bogor', 'cuaca': 'Clouds', 'cuaca_deskripsi': 'overcast clouds', 'temperatur': 304.2, 'waktu': '2022-08-03T07:54:01.563435'}
[2022-08-03 07:54:01,688] {logging_mixin.py:103} INFO - {'kota': 'Bandung', 'cuaca': 'Clouds', 'cuaca_deskripsi': 'overcast clouds', 'temperatur': 298.69, 'waktu': '2022-08-03T07:54:01.688369'}
[2022-08-03 07:54:01,689] {python.py:118} INFO - Done. Returned value was: None
[2022-08-03 07:54:01,708] {taskinstance.py:1142} INFO - Marking task as SUCCESS. dag_id=penjadwalan, task_id=dapat_suhu, execution_date=20220803T075200, start_date=20220803T075400, end_date=20220803T075401
[2022-08-03 07:54:01,759] {taskinstance.py:1195} INFO - 0 downstream tasks scheduled from follow-on schedule check
[2022-08-03 07:54:01,768] {local_task_job.py:118} INFO - Task exited with return code 0
