[2022-08-03 09:04:02,485] {taskinstance.py:826} INFO - Dependencies all met for <TaskInstance: penjadwalan.dapat_suhu 2022-08-03T09:02:00+00:00 [queued]>
[2022-08-03 09:04:02,567] {taskinstance.py:826} INFO - Dependencies all met for <TaskInstance: penjadwalan.dapat_suhu 2022-08-03T09:02:00+00:00 [queued]>
[2022-08-03 09:04:02,603] {taskinstance.py:1017} INFO - 
--------------------------------------------------------------------------------
[2022-08-03 09:04:02,689] {taskinstance.py:1018} INFO - Starting attempt 1 of 1
[2022-08-03 09:04:02,719] {taskinstance.py:1019} INFO - 
--------------------------------------------------------------------------------
[2022-08-03 09:04:02,810] {taskinstance.py:1038} INFO - Executing <Task(PythonOperator): dapat_suhu> on 2022-08-03T09:02:00+00:00
[2022-08-03 09:04:02,882] {standard_task_runner.py:51} INFO - Started process 2121 to run task
[2022-08-03 09:04:02,900] {standard_task_runner.py:75} INFO - Running: ['airflow', 'tasks', 'run', 'penjadwalan', 'dapat_suhu', '2022-08-03T09:02:00+00:00', '--job-id', '910', '--pool', 'default_pool', '--raw', '--subdir', 'DAGS_FOLDER/penjadwalan.py', '--cfg-path', '/tmp/tmpnj8ng1j1']
[2022-08-03 09:04:02,964] {standard_task_runner.py:76} INFO - Job 910: Subtask dapat_suhu
[2022-08-03 09:04:03,244] {logging_mixin.py:103} INFO - Running <TaskInstance: penjadwalan.dapat_suhu 2022-08-03T09:02:00+00:00 [running]> on host b4dcda255553
[2022-08-03 09:04:03,485] {taskinstance.py:1232} INFO - Exporting the following env vars:
AIRFLOW_CTX_DAG_OWNER=airflow
AIRFLOW_CTX_DAG_ID=penjadwalan
AIRFLOW_CTX_TASK_ID=dapat_suhu
AIRFLOW_CTX_EXECUTION_DATE=2022-08-03T09:02:00+00:00
AIRFLOW_CTX_DAG_RUN_ID=scheduled__2022-08-03T09:02:00+00:00
[2022-08-03 09:04:04,323] {logging_mixin.py:103} INFO - {'kota': 'Bali', 'cuaca': 'Clouds', 'cuaca_deskripsi': 'broken clouds', 'temperatur': 300.5, 'waktu': '2022-08-03T09:04:04.323679'}
[2022-08-03 09:04:04,833] {logging_mixin.py:103} INFO - {'kota': 'Lombok', 'cuaca': 'Rain', 'cuaca_deskripsi': 'moderate rain', 'temperatur': 296.25, 'waktu': '2022-08-03T09:04:04.833241'}
[2022-08-03 09:04:06,560] {logging_mixin.py:103} INFO - {'kota': 'Labuan Bajo', 'cuaca': 'Clouds', 'cuaca_deskripsi': 'overcast clouds', 'temperatur': 300.25, 'waktu': '2022-08-03T09:04:06.560590'}
[2022-08-03 09:04:07,481] {logging_mixin.py:103} INFO - {'kota': 'Bogor', 'cuaca': 'Clouds', 'cuaca_deskripsi': 'overcast clouds', 'temperatur': 303.61, 'waktu': '2022-08-03T09:04:07.480830'}
[2022-08-03 09:04:09,382] {logging_mixin.py:103} INFO - {'kota': 'Bandung', 'cuaca': 'Clouds', 'cuaca_deskripsi': 'overcast clouds', 'temperatur': 297, 'waktu': '2022-08-03T09:04:09.382285'}
[2022-08-03 09:04:09,383] {python.py:118} INFO - Done. Returned value was: None
[2022-08-03 09:04:09,459] {taskinstance.py:1142} INFO - Marking task as SUCCESS. dag_id=penjadwalan, task_id=dapat_suhu, execution_date=20220803T090200, start_date=20220803T090402, end_date=20220803T090409
[2022-08-03 09:04:09,552] {taskinstance.py:1195} INFO - 0 downstream tasks scheduled from follow-on schedule check
[2022-08-03 09:04:09,580] {local_task_job.py:118} INFO - Task exited with return code 0
