[2022-08-03 02:28:01,051] {taskinstance.py:826} INFO - Dependencies all met for <TaskInstance: penjadwalan.dapat_suhu 2022-08-03T02:26:00+00:00 [queued]>
[2022-08-03 02:28:01,076] {taskinstance.py:826} INFO - Dependencies all met for <TaskInstance: penjadwalan.dapat_suhu 2022-08-03T02:26:00+00:00 [queued]>
[2022-08-03 02:28:01,076] {taskinstance.py:1017} INFO - 
--------------------------------------------------------------------------------
[2022-08-03 02:28:01,077] {taskinstance.py:1018} INFO - Starting attempt 1 of 1
[2022-08-03 02:28:01,077] {taskinstance.py:1019} INFO - 
--------------------------------------------------------------------------------
[2022-08-03 02:28:01,091] {taskinstance.py:1038} INFO - Executing <Task(PythonOperator): dapat_suhu> on 2022-08-03T02:26:00+00:00
[2022-08-03 02:28:01,096] {standard_task_runner.py:51} INFO - Started process 13919 to run task
[2022-08-03 02:28:01,101] {standard_task_runner.py:75} INFO - Running: ['airflow', 'tasks', 'run', 'penjadwalan', 'dapat_suhu', '2022-08-03T02:26:00+00:00', '--job-id', '520', '--pool', 'default_pool', '--raw', '--subdir', 'DAGS_FOLDER/penjadwalan.py', '--cfg-path', '/tmp/tmph8k_2qse']
[2022-08-03 02:28:01,104] {standard_task_runner.py:76} INFO - Job 520: Subtask dapat_suhu
[2022-08-03 02:28:01,164] {logging_mixin.py:103} INFO - Running <TaskInstance: penjadwalan.dapat_suhu 2022-08-03T02:26:00+00:00 [running]> on host b4dcda255553
[2022-08-03 02:28:01,239] {taskinstance.py:1232} INFO - Exporting the following env vars:
AIRFLOW_CTX_DAG_OWNER=airflow
AIRFLOW_CTX_DAG_ID=penjadwalan
AIRFLOW_CTX_TASK_ID=dapat_suhu
AIRFLOW_CTX_EXECUTION_DATE=2022-08-03T02:26:00+00:00
AIRFLOW_CTX_DAG_RUN_ID=scheduled__2022-08-03T02:26:00+00:00
[2022-08-03 02:28:01,629] {logging_mixin.py:103} INFO - {'kota': 'Bali', 'cuaca': 'Clouds', 'cuaca_deskripsi': 'broken clouds', 'temperatur': 298.28, 'waktu': '2022-08-03T02:28:01.628864'}
[2022-08-03 02:28:01,978] {logging_mixin.py:103} INFO - {'kota': 'Lombok', 'cuaca': 'Rain', 'cuaca_deskripsi': 'heavy intensity rain', 'temperatur': 295.93, 'waktu': '2022-08-03T02:28:01.978254'}
[2022-08-03 02:28:02,149] {logging_mixin.py:103} INFO - {'kota': 'Labuan Bajo', 'cuaca': 'Clouds', 'cuaca_deskripsi': 'broken clouds', 'temperatur': 301.94, 'waktu': '2022-08-03T02:28:02.149223'}
[2022-08-03 02:28:02,456] {logging_mixin.py:103} INFO - {'kota': 'Bogor', 'cuaca': 'Clouds', 'cuaca_deskripsi': 'overcast clouds', 'temperatur': 300.98, 'waktu': '2022-08-03T02:28:02.455962'}
[2022-08-03 02:28:02,688] {logging_mixin.py:103} INFO - {'kota': 'Bandung', 'cuaca': 'Clouds', 'cuaca_deskripsi': 'scattered clouds', 'temperatur': 299.15, 'waktu': '2022-08-03T02:28:02.687794'}
[2022-08-03 02:28:02,688] {python.py:118} INFO - Done. Returned value was: None
[2022-08-03 02:28:02,719] {taskinstance.py:1142} INFO - Marking task as SUCCESS. dag_id=penjadwalan, task_id=dapat_suhu, execution_date=20220803T022600, start_date=20220803T022801, end_date=20220803T022802
[2022-08-03 02:28:02,770] {taskinstance.py:1195} INFO - 0 downstream tasks scheduled from follow-on schedule check
[2022-08-03 02:28:02,799] {local_task_job.py:118} INFO - Task exited with return code 0
