[2022-08-03 00:48:08,235] {taskinstance.py:826} INFO - Dependencies all met for <TaskInstance: penjadwalan.dapat_suhu 2022-08-02T23:40:00+00:00 [queued]>
[2022-08-03 00:48:08,294] {taskinstance.py:826} INFO - Dependencies all met for <TaskInstance: penjadwalan.dapat_suhu 2022-08-02T23:40:00+00:00 [queued]>
[2022-08-03 00:48:08,295] {taskinstance.py:1017} INFO - 
--------------------------------------------------------------------------------
[2022-08-03 00:48:08,296] {taskinstance.py:1018} INFO - Starting attempt 1 of 1
[2022-08-03 00:48:08,296] {taskinstance.py:1019} INFO - 
--------------------------------------------------------------------------------
[2022-08-03 00:48:08,335] {taskinstance.py:1038} INFO - Executing <Task(PythonOperator): dapat_suhu> on 2022-08-02T23:40:00+00:00
[2022-08-03 00:48:08,343] {standard_task_runner.py:51} INFO - Started process 377 to run task
[2022-08-03 00:48:08,356] {standard_task_runner.py:75} INFO - Running: ['airflow', 'tasks', 'run', 'penjadwalan', 'dapat_suhu', '2022-08-02T23:40:00+00:00', '--job-id', '397', '--pool', 'default_pool', '--raw', '--subdir', 'DAGS_FOLDER/penjadwalan.py', '--cfg-path', '/tmp/tmpawd3br_f']
[2022-08-03 00:48:08,362] {standard_task_runner.py:76} INFO - Job 397: Subtask dapat_suhu
[2022-08-03 00:48:08,523] {logging_mixin.py:103} INFO - Running <TaskInstance: penjadwalan.dapat_suhu 2022-08-02T23:40:00+00:00 [running]> on host b4dcda255553
[2022-08-03 00:48:08,682] {taskinstance.py:1232} INFO - Exporting the following env vars:
AIRFLOW_CTX_DAG_OWNER=airflow
AIRFLOW_CTX_DAG_ID=penjadwalan
AIRFLOW_CTX_TASK_ID=dapat_suhu
AIRFLOW_CTX_EXECUTION_DATE=2022-08-02T23:40:00+00:00
AIRFLOW_CTX_DAG_RUN_ID=scheduled__2022-08-02T23:40:00+00:00
[2022-08-03 00:48:09,415] {logging_mixin.py:103} INFO - {'kota': 'Bali', 'cuaca': 'Clouds', 'cuaca_deskripsi': 'overcast clouds', 'temperatur': 298.28, 'waktu': '2022-08-03T00:48:09.414841'}
[2022-08-03 00:48:09,879] {logging_mixin.py:103} INFO - {'kota': 'Lombok', 'cuaca': 'Clouds', 'cuaca_deskripsi': 'overcast clouds', 'temperatur': 295.51, 'waktu': '2022-08-03T00:48:09.879328'}
[2022-08-03 00:48:10,298] {logging_mixin.py:103} INFO - {'kota': 'Labuan Bajo', 'cuaca': 'Clouds', 'cuaca_deskripsi': 'scattered clouds', 'temperatur': 300.93, 'waktu': '2022-08-03T00:48:10.298631'}
[2022-08-03 00:48:10,589] {logging_mixin.py:103} INFO - {'kota': 'Bogor', 'cuaca': 'Rain', 'cuaca_deskripsi': 'light rain', 'temperatur': 300.87, 'waktu': '2022-08-03T00:48:10.589468'}
[2022-08-03 00:48:11,534] {logging_mixin.py:103} INFO - {'kota': 'Bandung', 'cuaca': 'Clouds', 'cuaca_deskripsi': 'scattered clouds', 'temperatur': 296.92, 'waktu': '2022-08-03T00:48:11.534041'}
[2022-08-03 00:48:11,536] {python.py:118} INFO - Done. Returned value was: None
[2022-08-03 00:48:11,571] {taskinstance.py:1142} INFO - Marking task as SUCCESS. dag_id=penjadwalan, task_id=dapat_suhu, execution_date=20220802T234000, start_date=20220803T004808, end_date=20220803T004811
[2022-08-03 00:48:11,626] {taskinstance.py:1195} INFO - 0 downstream tasks scheduled from follow-on schedule check
[2022-08-03 00:48:11,656] {local_task_job.py:118} INFO - Task exited with return code 0
