[2022-08-03 00:46:18,198] {taskinstance.py:826} INFO - Dependencies all met for <TaskInstance: penjadwalan.dapat_suhu 2022-08-02T20:44:00+00:00 [queued]>
[2022-08-03 00:46:18,224] {taskinstance.py:826} INFO - Dependencies all met for <TaskInstance: penjadwalan.dapat_suhu 2022-08-02T20:44:00+00:00 [queued]>
[2022-08-03 00:46:18,225] {taskinstance.py:1017} INFO - 
--------------------------------------------------------------------------------
[2022-08-03 00:46:18,226] {taskinstance.py:1018} INFO - Starting attempt 1 of 1
[2022-08-03 00:46:18,226] {taskinstance.py:1019} INFO - 
--------------------------------------------------------------------------------
[2022-08-03 00:46:18,240] {taskinstance.py:1038} INFO - Executing <Task(PythonOperator): dapat_suhu> on 2022-08-02T20:44:00+00:00
[2022-08-03 00:46:18,245] {standard_task_runner.py:51} INFO - Started process 28212 to run task
[2022-08-03 00:46:18,250] {standard_task_runner.py:75} INFO - Running: ['airflow', 'tasks', 'run', 'penjadwalan', 'dapat_suhu', '2022-08-02T20:44:00+00:00', '--job-id', '309', '--pool', 'default_pool', '--raw', '--subdir', 'DAGS_FOLDER/penjadwalan.py', '--cfg-path', '/tmp/tmplbo09mwv']
[2022-08-03 00:46:18,254] {standard_task_runner.py:76} INFO - Job 309: Subtask dapat_suhu
[2022-08-03 00:46:18,327] {logging_mixin.py:103} INFO - Running <TaskInstance: penjadwalan.dapat_suhu 2022-08-02T20:44:00+00:00 [running]> on host b4dcda255553
[2022-08-03 00:46:18,400] {taskinstance.py:1232} INFO - Exporting the following env vars:
AIRFLOW_CTX_DAG_OWNER=airflow
AIRFLOW_CTX_DAG_ID=penjadwalan
AIRFLOW_CTX_TASK_ID=dapat_suhu
AIRFLOW_CTX_EXECUTION_DATE=2022-08-02T20:44:00+00:00
AIRFLOW_CTX_DAG_RUN_ID=scheduled__2022-08-02T20:44:00+00:00
[2022-08-03 00:46:18,711] {logging_mixin.py:103} INFO - {'kota': 'Bali', 'cuaca': 'Clouds', 'cuaca_deskripsi': 'overcast clouds', 'temperatur': 298.28, 'waktu': '2022-08-03T00:46:18.711098'}
[2022-08-03 00:46:18,864] {logging_mixin.py:103} INFO - {'kota': 'Lombok', 'cuaca': 'Clouds', 'cuaca_deskripsi': 'overcast clouds', 'temperatur': 295.51, 'waktu': '2022-08-03T00:46:18.864511'}
[2022-08-03 00:46:19,023] {logging_mixin.py:103} INFO - {'kota': 'Labuan Bajo', 'cuaca': 'Clouds', 'cuaca_deskripsi': 'scattered clouds', 'temperatur': 300.93, 'waktu': '2022-08-03T00:46:19.022878'}
[2022-08-03 00:46:20,426] {logging_mixin.py:103} INFO - {'kota': 'Bogor', 'cuaca': 'Rain', 'cuaca_deskripsi': 'light rain', 'temperatur': 300.87, 'waktu': '2022-08-03T00:46:20.426156'}
[2022-08-03 00:46:22,991] {logging_mixin.py:103} INFO - {'kota': 'Bandung', 'cuaca': 'Clouds', 'cuaca_deskripsi': 'scattered clouds', 'temperatur': 296.92, 'waktu': '2022-08-03T00:46:22.991141'}
[2022-08-03 00:46:23,008] {python.py:118} INFO - Done. Returned value was: None
[2022-08-03 00:46:23,060] {taskinstance.py:1142} INFO - Marking task as SUCCESS. dag_id=penjadwalan, task_id=dapat_suhu, execution_date=20220802T204400, start_date=20220803T004618, end_date=20220803T004623
[2022-08-03 00:46:23,325] {local_task_job.py:170} WARNING - State of this instance has been externally set to success. Terminating instance.
[2022-08-03 00:46:23,331] {process_utils.py:95} INFO - Sending Signals.SIGTERM to GPID 28212
[2022-08-03 00:46:23,520] {taskinstance.py:1214} ERROR - Received SIGTERM. Terminating subprocesses.
[2022-08-03 00:46:23,544] {process_utils.py:61} INFO - Process psutil.Process(pid=28212, status='terminated', exitcode=1, started='00:46:18') (28212) terminated with exit code 1
[2022-08-03 00:46:23,548] {local_task_job.py:118} INFO - Task exited with return code 1
