[2022-08-03 02:06:00,684] {taskinstance.py:826} INFO - Dependencies all met for <TaskInstance: penjadwalan.dapat_suhu 2022-08-03T02:04:00+00:00 [queued]>
[2022-08-03 02:06:00,709] {taskinstance.py:826} INFO - Dependencies all met for <TaskInstance: penjadwalan.dapat_suhu 2022-08-03T02:04:00+00:00 [queued]>
[2022-08-03 02:06:00,710] {taskinstance.py:1017} INFO - 
--------------------------------------------------------------------------------
[2022-08-03 02:06:00,710] {taskinstance.py:1018} INFO - Starting attempt 1 of 1
[2022-08-03 02:06:00,711] {taskinstance.py:1019} INFO - 
--------------------------------------------------------------------------------
[2022-08-03 02:06:00,725] {taskinstance.py:1038} INFO - Executing <Task(PythonOperator): dapat_suhu> on 2022-08-03T02:04:00+00:00
[2022-08-03 02:06:00,730] {standard_task_runner.py:51} INFO - Started process 17171 to run task
[2022-08-03 02:06:00,735] {standard_task_runner.py:75} INFO - Running: ['airflow', 'tasks', 'run', 'penjadwalan', 'dapat_suhu', '2022-08-03T02:04:00+00:00', '--job-id', '501', '--pool', 'default_pool', '--raw', '--subdir', 'DAGS_FOLDER/penjadwalan.py', '--cfg-path', '/tmp/tmpmcgzts0w']
[2022-08-03 02:06:00,738] {standard_task_runner.py:76} INFO - Job 501: Subtask dapat_suhu
[2022-08-03 02:06:00,799] {logging_mixin.py:103} INFO - Running <TaskInstance: penjadwalan.dapat_suhu 2022-08-03T02:04:00+00:00 [running]> on host b4dcda255553
[2022-08-03 02:06:00,858] {taskinstance.py:1232} INFO - Exporting the following env vars:
AIRFLOW_CTX_DAG_OWNER=airflow
AIRFLOW_CTX_DAG_ID=penjadwalan
AIRFLOW_CTX_TASK_ID=dapat_suhu
AIRFLOW_CTX_EXECUTION_DATE=2022-08-03T02:04:00+00:00
AIRFLOW_CTX_DAG_RUN_ID=scheduled__2022-08-03T02:04:00+00:00
[2022-08-03 02:06:01,731] {logging_mixin.py:103} INFO - {'kota': 'Bali', 'cuaca': 'Clouds', 'cuaca_deskripsi': 'broken clouds', 'temperatur': 298.28, 'waktu': '2022-08-03T02:06:01.731555'}
[2022-08-03 02:06:02,172] {logging_mixin.py:103} INFO - {'kota': 'Lombok', 'cuaca': 'Rain', 'cuaca_deskripsi': 'heavy intensity rain', 'temperatur': 295.93, 'waktu': '2022-08-03T02:06:02.172737'}
[2022-08-03 02:06:02,482] {logging_mixin.py:103} INFO - {'kota': 'Labuan Bajo', 'cuaca': 'Clouds', 'cuaca_deskripsi': 'broken clouds', 'temperatur': 301.94, 'waktu': '2022-08-03T02:06:02.482780'}
[2022-08-03 02:06:02,969] {logging_mixin.py:103} INFO - {'kota': 'Bogor', 'cuaca': 'Clouds', 'cuaca_deskripsi': 'overcast clouds', 'temperatur': 299.92, 'waktu': '2022-08-03T02:06:02.969816'}
[2022-08-03 02:06:03,592] {logging_mixin.py:103} INFO - {'kota': 'Bandung', 'cuaca': 'Clouds', 'cuaca_deskripsi': 'scattered clouds', 'temperatur': 299.15, 'waktu': '2022-08-03T02:06:03.592778'}
[2022-08-03 02:06:03,593] {python.py:118} INFO - Done. Returned value was: None
[2022-08-03 02:06:03,608] {taskinstance.py:1142} INFO - Marking task as SUCCESS. dag_id=penjadwalan, task_id=dapat_suhu, execution_date=20220803T020400, start_date=20220803T020600, end_date=20220803T020603
[2022-08-03 02:06:03,644] {taskinstance.py:1195} INFO - 0 downstream tasks scheduled from follow-on schedule check
[2022-08-03 02:06:03,678] {local_task_job.py:118} INFO - Task exited with return code 0
