[2022-08-03 00:45:24,848] {taskinstance.py:826} INFO - Dependencies all met for <TaskInstance: penjadwalan.dapat_suhu 2022-08-02T18:54:00+00:00 [queued]>
[2022-08-03 00:45:24,907] {taskinstance.py:826} INFO - Dependencies all met for <TaskInstance: penjadwalan.dapat_suhu 2022-08-02T18:54:00+00:00 [queued]>
[2022-08-03 00:45:24,913] {taskinstance.py:1017} INFO - 
--------------------------------------------------------------------------------
[2022-08-03 00:45:24,921] {taskinstance.py:1018} INFO - Starting attempt 1 of 1
[2022-08-03 00:45:24,926] {taskinstance.py:1019} INFO - 
--------------------------------------------------------------------------------
[2022-08-03 00:45:24,975] {taskinstance.py:1038} INFO - Executing <Task(PythonOperator): dapat_suhu> on 2022-08-02T18:54:00+00:00
[2022-08-03 00:45:24,992] {standard_task_runner.py:51} INFO - Started process 25890 to run task
[2022-08-03 00:45:25,001] {standard_task_runner.py:75} INFO - Running: ['airflow', 'tasks', 'run', 'penjadwalan', 'dapat_suhu', '2022-08-02T18:54:00+00:00', '--job-id', '254', '--pool', 'default_pool', '--raw', '--subdir', 'DAGS_FOLDER/penjadwalan.py', '--cfg-path', '/tmp/tmpzx6r3_76']
[2022-08-03 00:45:25,016] {standard_task_runner.py:76} INFO - Job 254: Subtask dapat_suhu
[2022-08-03 00:45:25,204] {logging_mixin.py:103} INFO - Running <TaskInstance: penjadwalan.dapat_suhu 2022-08-02T18:54:00+00:00 [running]> on host b4dcda255553
[2022-08-03 00:45:25,509] {taskinstance.py:1232} INFO - Exporting the following env vars:
AIRFLOW_CTX_DAG_OWNER=airflow
AIRFLOW_CTX_DAG_ID=penjadwalan
AIRFLOW_CTX_TASK_ID=dapat_suhu
AIRFLOW_CTX_EXECUTION_DATE=2022-08-02T18:54:00+00:00
AIRFLOW_CTX_DAG_RUN_ID=scheduled__2022-08-02T18:54:00+00:00
[2022-08-03 00:45:25,974] {logging_mixin.py:103} INFO - {'kota': 'Bali', 'cuaca': 'Clouds', 'cuaca_deskripsi': 'overcast clouds', 'temperatur': 298.28, 'waktu': '2022-08-03T00:45:25.974289'}
[2022-08-03 00:45:28,119] {logging_mixin.py:103} INFO - {'kota': 'Lombok', 'cuaca': 'Clouds', 'cuaca_deskripsi': 'overcast clouds', 'temperatur': 295.51, 'waktu': '2022-08-03T00:45:28.119419'}
[2022-08-03 00:45:29,903] {logging_mixin.py:103} INFO - {'kota': 'Labuan Bajo', 'cuaca': 'Clouds', 'cuaca_deskripsi': 'scattered clouds', 'temperatur': 300.93, 'waktu': '2022-08-03T00:45:29.903201'}
[2022-08-03 00:45:30,266] {logging_mixin.py:103} INFO - {'kota': 'Bogor', 'cuaca': 'Rain', 'cuaca_deskripsi': 'light rain', 'temperatur': 300.87, 'waktu': '2022-08-03T00:45:30.266636'}
[2022-08-03 00:45:30,654] {logging_mixin.py:103} INFO - {'kota': 'Bandung', 'cuaca': 'Clouds', 'cuaca_deskripsi': 'scattered clouds', 'temperatur': 296.92, 'waktu': '2022-08-03T00:45:30.654263'}
[2022-08-03 00:45:30,660] {python.py:118} INFO - Done. Returned value was: None
[2022-08-03 00:45:30,723] {taskinstance.py:1142} INFO - Marking task as SUCCESS. dag_id=penjadwalan, task_id=dapat_suhu, execution_date=20220802T185400, start_date=20220803T004524, end_date=20220803T004530
[2022-08-03 00:45:30,863] {taskinstance.py:1195} INFO - 0 downstream tasks scheduled from follow-on schedule check
[2022-08-03 00:45:30,905] {local_task_job.py:118} INFO - Task exited with return code 0
