[2022-08-03 09:38:01,355] {taskinstance.py:826} INFO - Dependencies all met for <TaskInstance: penjadwalan.dapat_suhu 2022-08-03T09:36:00+00:00 [queued]>
[2022-08-03 09:38:01,382] {taskinstance.py:826} INFO - Dependencies all met for <TaskInstance: penjadwalan.dapat_suhu 2022-08-03T09:36:00+00:00 [queued]>
[2022-08-03 09:38:01,382] {taskinstance.py:1017} INFO - 
--------------------------------------------------------------------------------
[2022-08-03 09:38:01,383] {taskinstance.py:1018} INFO - Starting attempt 1 of 1
[2022-08-03 09:38:01,383] {taskinstance.py:1019} INFO - 
--------------------------------------------------------------------------------
[2022-08-03 09:38:01,405] {taskinstance.py:1038} INFO - Executing <Task(PythonOperator): dapat_suhu> on 2022-08-03T09:36:00+00:00
[2022-08-03 09:38:01,413] {standard_task_runner.py:51} INFO - Started process 30028 to run task
[2022-08-03 09:38:01,418] {standard_task_runner.py:75} INFO - Running: ['airflow', 'tasks', 'run', 'penjadwalan', 'dapat_suhu', '2022-08-03T09:36:00+00:00', '--job-id', '939', '--pool', 'default_pool', '--raw', '--subdir', 'DAGS_FOLDER/penjadwalan.py', '--cfg-path', '/tmp/tmpqza72xvb']
[2022-08-03 09:38:01,422] {standard_task_runner.py:76} INFO - Job 939: Subtask dapat_suhu
[2022-08-03 09:38:01,514] {logging_mixin.py:103} INFO - Running <TaskInstance: penjadwalan.dapat_suhu 2022-08-03T09:36:00+00:00 [running]> on host b4dcda255553
[2022-08-03 09:38:01,598] {taskinstance.py:1232} INFO - Exporting the following env vars:
AIRFLOW_CTX_DAG_OWNER=airflow
AIRFLOW_CTX_DAG_ID=penjadwalan
AIRFLOW_CTX_TASK_ID=dapat_suhu
AIRFLOW_CTX_EXECUTION_DATE=2022-08-03T09:36:00+00:00
AIRFLOW_CTX_DAG_RUN_ID=scheduled__2022-08-03T09:36:00+00:00
[2022-08-03 09:38:01,736] {logging_mixin.py:103} INFO - {'kota': 'Bali', 'cuaca': 'Clouds', 'cuaca_deskripsi': 'broken clouds', 'temperatur': 300.5, 'waktu': '2022-08-03T09:38:01.736542'}
[2022-08-03 09:38:01,920] {logging_mixin.py:103} INFO - {'kota': 'Lombok', 'cuaca': 'Clouds', 'cuaca_deskripsi': 'overcast clouds', 'temperatur': 295.7, 'waktu': '2022-08-03T09:38:01.920483'}
[2022-08-03 09:38:02,059] {logging_mixin.py:103} INFO - {'kota': 'Labuan Bajo', 'cuaca': 'Clouds', 'cuaca_deskripsi': 'overcast clouds', 'temperatur': 298.84, 'waktu': '2022-08-03T09:38:02.059630'}
[2022-08-03 09:38:02,212] {logging_mixin.py:103} INFO - {'kota': 'Bogor', 'cuaca': 'Clouds', 'cuaca_deskripsi': 'overcast clouds', 'temperatur': 301.93, 'waktu': '2022-08-03T09:38:02.212655'}
[2022-08-03 09:38:02,343] {logging_mixin.py:103} INFO - {'kota': 'Bandung', 'cuaca': 'Clouds', 'cuaca_deskripsi': 'overcast clouds', 'temperatur': 296.4, 'waktu': '2022-08-03T09:38:02.343001'}
[2022-08-03 09:38:02,344] {python.py:118} INFO - Done. Returned value was: None
[2022-08-03 09:38:02,398] {taskinstance.py:1142} INFO - Marking task as SUCCESS. dag_id=penjadwalan, task_id=dapat_suhu, execution_date=20220803T093600, start_date=20220803T093801, end_date=20220803T093802
[2022-08-03 09:38:02,462] {taskinstance.py:1195} INFO - 0 downstream tasks scheduled from follow-on schedule check
[2022-08-03 09:38:02,514] {local_task_job.py:118} INFO - Task exited with return code 0
