[2022-08-03 05:46:02,429] {taskinstance.py:826} INFO - Dependencies all met for <TaskInstance: penjadwalan.dapat_suhu 2022-08-03T05:44:00+00:00 [queued]>
[2022-08-03 05:46:02,465] {taskinstance.py:826} INFO - Dependencies all met for <TaskInstance: penjadwalan.dapat_suhu 2022-08-03T05:44:00+00:00 [queued]>
[2022-08-03 05:46:02,466] {taskinstance.py:1017} INFO - 
--------------------------------------------------------------------------------
[2022-08-03 05:46:02,466] {taskinstance.py:1018} INFO - Starting attempt 1 of 1
[2022-08-03 05:46:02,467] {taskinstance.py:1019} INFO - 
--------------------------------------------------------------------------------
[2022-08-03 05:46:02,774] {taskinstance.py:1038} INFO - Executing <Task(PythonOperator): dapat_suhu> on 2022-08-03T05:44:00+00:00
[2022-08-03 05:46:02,780] {standard_task_runner.py:51} INFO - Started process 26667 to run task
[2022-08-03 05:46:02,787] {standard_task_runner.py:75} INFO - Running: ['airflow', 'tasks', 'run', 'penjadwalan', 'dapat_suhu', '2022-08-03T05:44:00+00:00', '--job-id', '699', '--pool', 'default_pool', '--raw', '--subdir', 'DAGS_FOLDER/penjadwalan.py', '--cfg-path', '/tmp/tmpab392upp']
[2022-08-03 05:46:02,792] {standard_task_runner.py:76} INFO - Job 699: Subtask dapat_suhu
[2022-08-03 05:46:02,880] {logging_mixin.py:103} INFO - Running <TaskInstance: penjadwalan.dapat_suhu 2022-08-03T05:44:00+00:00 [running]> on host b4dcda255553
[2022-08-03 05:46:02,962] {taskinstance.py:1232} INFO - Exporting the following env vars:
AIRFLOW_CTX_DAG_OWNER=airflow
AIRFLOW_CTX_DAG_ID=penjadwalan
AIRFLOW_CTX_TASK_ID=dapat_suhu
AIRFLOW_CTX_EXECUTION_DATE=2022-08-03T05:44:00+00:00
AIRFLOW_CTX_DAG_RUN_ID=scheduled__2022-08-03T05:44:00+00:00
[2022-08-03 05:46:03,232] {logging_mixin.py:103} INFO - {'kota': 'Bali', 'cuaca': 'Clouds', 'cuaca_deskripsi': 'scattered clouds', 'temperatur': 302.69, 'waktu': '2022-08-03T05:46:03.232206'}
[2022-08-03 05:46:03,558] {logging_mixin.py:103} INFO - {'kota': 'Lombok', 'cuaca': 'Rain', 'cuaca_deskripsi': 'moderate rain', 'temperatur': 297.64, 'waktu': '2022-08-03T05:46:03.558016'}
[2022-08-03 05:46:03,776] {logging_mixin.py:103} INFO - {'kota': 'Labuan Bajo', 'cuaca': 'Clouds', 'cuaca_deskripsi': 'broken clouds', 'temperatur': 300.81, 'waktu': '2022-08-03T05:46:03.775930'}
[2022-08-03 05:46:03,885] {logging_mixin.py:103} INFO - {'kota': 'Bogor', 'cuaca': 'Clouds', 'cuaca_deskripsi': 'overcast clouds', 'temperatur': 304.52, 'waktu': '2022-08-03T05:46:03.885620'}
[2022-08-03 05:46:04,208] {logging_mixin.py:103} INFO - {'kota': 'Bandung', 'cuaca': 'Clouds', 'cuaca_deskripsi': 'broken clouds', 'temperatur': 301.75, 'waktu': '2022-08-03T05:46:04.208058'}
[2022-08-03 05:46:04,209] {python.py:118} INFO - Done. Returned value was: None
[2022-08-03 05:46:04,227] {taskinstance.py:1142} INFO - Marking task as SUCCESS. dag_id=penjadwalan, task_id=dapat_suhu, execution_date=20220803T054400, start_date=20220803T054602, end_date=20220803T054604
[2022-08-03 05:46:04,273] {taskinstance.py:1195} INFO - 0 downstream tasks scheduled from follow-on schedule check
[2022-08-03 05:46:04,322] {local_task_job.py:118} INFO - Task exited with return code 0
