[2022-08-03 00:48:06,007] {taskinstance.py:826} INFO - Dependencies all met for <TaskInstance: penjadwalan.dapat_suhu 2022-08-02T23:38:00+00:00 [queued]>
[2022-08-03 00:48:06,077] {taskinstance.py:826} INFO - Dependencies all met for <TaskInstance: penjadwalan.dapat_suhu 2022-08-02T23:38:00+00:00 [queued]>
[2022-08-03 00:48:06,096] {taskinstance.py:1017} INFO - 
--------------------------------------------------------------------------------
[2022-08-03 00:48:06,107] {taskinstance.py:1018} INFO - Starting attempt 1 of 1
[2022-08-03 00:48:06,109] {taskinstance.py:1019} INFO - 
--------------------------------------------------------------------------------
[2022-08-03 00:48:06,139] {taskinstance.py:1038} INFO - Executing <Task(PythonOperator): dapat_suhu> on 2022-08-02T23:38:00+00:00
[2022-08-03 00:48:06,158] {standard_task_runner.py:51} INFO - Started process 32690 to run task
[2022-08-03 00:48:06,172] {standard_task_runner.py:75} INFO - Running: ['airflow', 'tasks', 'run', 'penjadwalan', 'dapat_suhu', '2022-08-02T23:38:00+00:00', '--job-id', '396', '--pool', 'default_pool', '--raw', '--subdir', 'DAGS_FOLDER/penjadwalan.py', '--cfg-path', '/tmp/tmpym3ch84y']
[2022-08-03 00:48:06,176] {standard_task_runner.py:76} INFO - Job 396: Subtask dapat_suhu
[2022-08-03 00:48:06,347] {logging_mixin.py:103} INFO - Running <TaskInstance: penjadwalan.dapat_suhu 2022-08-02T23:38:00+00:00 [running]> on host b4dcda255553
[2022-08-03 00:48:06,496] {taskinstance.py:1232} INFO - Exporting the following env vars:
AIRFLOW_CTX_DAG_OWNER=airflow
AIRFLOW_CTX_DAG_ID=penjadwalan
AIRFLOW_CTX_TASK_ID=dapat_suhu
AIRFLOW_CTX_EXECUTION_DATE=2022-08-02T23:38:00+00:00
AIRFLOW_CTX_DAG_RUN_ID=scheduled__2022-08-02T23:38:00+00:00
[2022-08-03 00:48:08,172] {logging_mixin.py:103} INFO - {'kota': 'Bali', 'cuaca': 'Clouds', 'cuaca_deskripsi': 'overcast clouds', 'temperatur': 298.28, 'waktu': '2022-08-03T00:48:08.172195'}
[2022-08-03 00:48:08,632] {logging_mixin.py:103} INFO - {'kota': 'Lombok', 'cuaca': 'Clouds', 'cuaca_deskripsi': 'overcast clouds', 'temperatur': 295.51, 'waktu': '2022-08-03T00:48:08.632177'}
[2022-08-03 00:48:09,412] {logging_mixin.py:103} INFO - {'kota': 'Labuan Bajo', 'cuaca': 'Clouds', 'cuaca_deskripsi': 'scattered clouds', 'temperatur': 300.93, 'waktu': '2022-08-03T00:48:09.412098'}
[2022-08-03 00:48:09,848] {logging_mixin.py:103} INFO - {'kota': 'Bogor', 'cuaca': 'Rain', 'cuaca_deskripsi': 'light rain', 'temperatur': 300.87, 'waktu': '2022-08-03T00:48:09.848260'}
[2022-08-03 00:48:10,249] {logging_mixin.py:103} INFO - {'kota': 'Bandung', 'cuaca': 'Clouds', 'cuaca_deskripsi': 'scattered clouds', 'temperatur': 296.92, 'waktu': '2022-08-03T00:48:10.249354'}
[2022-08-03 00:48:10,250] {python.py:118} INFO - Done. Returned value was: None
[2022-08-03 00:48:10,289] {taskinstance.py:1142} INFO - Marking task as SUCCESS. dag_id=penjadwalan, task_id=dapat_suhu, execution_date=20220802T233800, start_date=20220803T004806, end_date=20220803T004810
[2022-08-03 00:48:10,375] {taskinstance.py:1195} INFO - 0 downstream tasks scheduled from follow-on schedule check
[2022-08-03 00:48:10,398] {local_task_job.py:118} INFO - Task exited with return code 0
