[2022-08-02 15:50:52,560] {taskinstance.py:826} INFO - Dependencies all met for <TaskInstance: pokea.greet 2022-08-02T15:40:00+00:00 [queued]>
[2022-08-02 15:50:52,618] {taskinstance.py:826} INFO - Dependencies all met for <TaskInstance: pokea.greet 2022-08-02T15:40:00+00:00 [queued]>
[2022-08-02 15:50:52,643] {taskinstance.py:1017} INFO - 
--------------------------------------------------------------------------------
[2022-08-02 15:50:52,649] {taskinstance.py:1018} INFO - Starting attempt 1 of 1
[2022-08-02 15:50:52,661] {taskinstance.py:1019} INFO - 
--------------------------------------------------------------------------------
[2022-08-02 15:50:52,688] {taskinstance.py:1038} INFO - Executing <Task(PythonOperator): greet> on 2022-08-02T15:40:00+00:00
[2022-08-02 15:50:52,699] {standard_task_runner.py:51} INFO - Started process 12978 to run task
[2022-08-02 15:50:52,706] {standard_task_runner.py:75} INFO - Running: ['airflow', 'tasks', 'run', 'pokea', 'greet', '2022-08-02T15:40:00+00:00', '--job-id', '76', '--pool', 'default_pool', '--raw', '--subdir', 'DAGS_FOLDER/pokea.py', '--cfg-path', '/tmp/tmpila9a28e']
[2022-08-02 15:50:52,725] {standard_task_runner.py:76} INFO - Job 76: Subtask greet
[2022-08-02 15:50:52,937] {logging_mixin.py:103} INFO - Running <TaskInstance: pokea.greet 2022-08-02T15:40:00+00:00 [running]> on host b4dcda255553
[2022-08-02 15:50:53,092] {taskinstance.py:1232} INFO - Exporting the following env vars:
AIRFLOW_CTX_DAG_OWNER=airflow
AIRFLOW_CTX_DAG_ID=pokea
AIRFLOW_CTX_TASK_ID=greet
AIRFLOW_CTX_EXECUTION_DATE=2022-08-02T15:40:00+00:00
AIRFLOW_CTX_DAG_RUN_ID=scheduled__2022-08-02T15:40:00+00:00
[2022-08-02 15:50:53,096] {logging_mixin.py:103} INFO - Halo Salam dari Apache Airflow2022-08-02 15:50
[2022-08-02 15:50:53,106] {python.py:118} INFO - Done. Returned value was: None
[2022-08-02 15:50:53,155] {taskinstance.py:1142} INFO - Marking task as SUCCESS. dag_id=pokea, task_id=greet, execution_date=20220802T154000, start_date=20220802T155052, end_date=20220802T155053
[2022-08-02 15:50:53,260] {taskinstance.py:1195} INFO - 1 downstream tasks scheduled from follow-on schedule check
[2022-08-02 15:50:53,295] {local_task_job.py:118} INFO - Task exited with return code 0
