[2022-08-03 04:40:00,838] {taskinstance.py:826} INFO - Dependencies all met for <TaskInstance: my_simple_dag.say_Hi 2022-08-03T04:30:00+00:00 [queued]>
[2022-08-03 04:40:00,863] {taskinstance.py:826} INFO - Dependencies all met for <TaskInstance: my_simple_dag.say_Hi 2022-08-03T04:30:00+00:00 [queued]>
[2022-08-03 04:40:00,863] {taskinstance.py:1017} INFO - 
--------------------------------------------------------------------------------
[2022-08-03 04:40:00,864] {taskinstance.py:1018} INFO - Starting attempt 1 of 1
[2022-08-03 04:40:00,865] {taskinstance.py:1019} INFO - 
--------------------------------------------------------------------------------
[2022-08-03 04:40:00,882] {taskinstance.py:1038} INFO - Executing <Task(BashOperator): say_Hi> on 2022-08-03T04:30:00+00:00
[2022-08-03 04:40:00,888] {standard_task_runner.py:51} INFO - Started process 25677 to run task
[2022-08-03 04:40:00,896] {standard_task_runner.py:75} INFO - Running: ['airflow', 'tasks', 'run', 'my_simple_dag', 'say_Hi', '2022-08-03T04:30:00+00:00', '--job-id', '638', '--pool', 'default_pool', '--raw', '--subdir', 'DAGS_FOLDER/my_simple_dag.py', '--cfg-path', '/tmp/tmp_fth2tf6']
[2022-08-03 04:40:00,901] {standard_task_runner.py:76} INFO - Job 638: Subtask say_Hi
[2022-08-03 04:40:00,972] {logging_mixin.py:103} INFO - Running <TaskInstance: my_simple_dag.say_Hi 2022-08-03T04:30:00+00:00 [running]> on host b4dcda255553
[2022-08-03 04:40:01,046] {taskinstance.py:1232} INFO - Exporting the following env vars:
AIRFLOW_CTX_DAG_OWNER=airflow
AIRFLOW_CTX_DAG_ID=my_simple_dag
AIRFLOW_CTX_TASK_ID=say_Hi
AIRFLOW_CTX_EXECUTION_DATE=2022-08-03T04:30:00+00:00
AIRFLOW_CTX_DAG_RUN_ID=scheduled__2022-08-03T04:30:00+00:00
[2022-08-03 04:40:01,047] {bash.py:135} INFO - Tmp dir root location: 
 /tmp
[2022-08-03 04:40:01,048] {bash.py:158} INFO - Running command: echo "Hi!!"
[2022-08-03 04:40:01,058] {bash.py:169} INFO - Output:
[2022-08-03 04:40:01,059] {bash.py:173} INFO - Hi!!
[2022-08-03 04:40:01,060] {bash.py:177} INFO - Command exited with return code 0
[2022-08-03 04:40:01,100] {taskinstance.py:1142} INFO - Marking task as SUCCESS. dag_id=my_simple_dag, task_id=say_Hi, execution_date=20220803T043000, start_date=20220803T044000, end_date=20220803T044001
[2022-08-03 04:40:01,152] {taskinstance.py:1195} INFO - 1 downstream tasks scheduled from follow-on schedule check
[2022-08-03 04:40:01,185] {local_task_job.py:118} INFO - Task exited with return code 0
