[2022-08-03 02:00:00,904] {taskinstance.py:826} INFO - Dependencies all met for <TaskInstance: penjadwalan.dapat_suhu 2022-08-03T01:58:00+00:00 [queued]>
[2022-08-03 02:00:00,928] {taskinstance.py:826} INFO - Dependencies all met for <TaskInstance: penjadwalan.dapat_suhu 2022-08-03T01:58:00+00:00 [queued]>
[2022-08-03 02:00:00,929] {taskinstance.py:1017} INFO - 
--------------------------------------------------------------------------------
[2022-08-03 02:00:00,930] {taskinstance.py:1018} INFO - Starting attempt 1 of 1
[2022-08-03 02:00:00,930] {taskinstance.py:1019} INFO - 
--------------------------------------------------------------------------------
[2022-08-03 02:00:00,941] {taskinstance.py:1038} INFO - Executing <Task(PythonOperator): dapat_suhu> on 2022-08-03T01:58:00+00:00
[2022-08-03 02:00:00,947] {standard_task_runner.py:51} INFO - Started process 25776 to run task
[2022-08-03 02:00:00,952] {standard_task_runner.py:75} INFO - Running: ['airflow', 'tasks', 'run', 'penjadwalan', 'dapat_suhu', '2022-08-03T01:58:00+00:00', '--job-id', '494', '--pool', 'default_pool', '--raw', '--subdir', 'DAGS_FOLDER/penjadwalan.py', '--cfg-path', '/tmp/tmpyis26jek']
[2022-08-03 02:00:00,956] {standard_task_runner.py:76} INFO - Job 494: Subtask dapat_suhu
[2022-08-03 02:00:01,030] {logging_mixin.py:103} INFO - Running <TaskInstance: penjadwalan.dapat_suhu 2022-08-03T01:58:00+00:00 [running]> on host b4dcda255553
[2022-08-03 02:00:01,111] {taskinstance.py:1232} INFO - Exporting the following env vars:
AIRFLOW_CTX_DAG_OWNER=airflow
AIRFLOW_CTX_DAG_ID=penjadwalan
AIRFLOW_CTX_TASK_ID=dapat_suhu
AIRFLOW_CTX_EXECUTION_DATE=2022-08-03T01:58:00+00:00
AIRFLOW_CTX_DAG_RUN_ID=scheduled__2022-08-03T01:58:00+00:00
[2022-08-03 02:00:02,485] {logging_mixin.py:103} INFO - {'kota': 'Bali', 'cuaca': 'Clouds', 'cuaca_deskripsi': 'broken clouds', 'temperatur': 298.28, 'waktu': '2022-08-03T02:00:02.485730'}
[2022-08-03 02:00:03,100] {logging_mixin.py:103} INFO - {'kota': 'Lombok', 'cuaca': 'Clouds', 'cuaca_deskripsi': 'overcast clouds', 'temperatur': 295.93, 'waktu': '2022-08-03T02:00:03.100424'}
[2022-08-03 02:00:03,674] {logging_mixin.py:103} INFO - {'kota': 'Labuan Bajo', 'cuaca': 'Clouds', 'cuaca_deskripsi': 'broken clouds', 'temperatur': 301.94, 'waktu': '2022-08-03T02:00:03.674204'}
[2022-08-03 02:00:04,889] {logging_mixin.py:103} INFO - {'kota': 'Bogor', 'cuaca': 'Clouds', 'cuaca_deskripsi': 'overcast clouds', 'temperatur': 299.41, 'waktu': '2022-08-03T02:00:04.889448'}
[2022-08-03 02:00:05,323] {logging_mixin.py:103} INFO - {'kota': 'Bandung', 'cuaca': 'Clouds', 'cuaca_deskripsi': 'scattered clouds', 'temperatur': 299.15, 'waktu': '2022-08-03T02:00:05.323070'}
[2022-08-03 02:00:05,323] {python.py:118} INFO - Done. Returned value was: None
[2022-08-03 02:00:05,337] {taskinstance.py:1142} INFO - Marking task as SUCCESS. dag_id=penjadwalan, task_id=dapat_suhu, execution_date=20220803T015800, start_date=20220803T020000, end_date=20220803T020005
[2022-08-03 02:00:05,379] {taskinstance.py:1195} INFO - 0 downstream tasks scheduled from follow-on schedule check
[2022-08-03 02:00:05,421] {local_task_job.py:118} INFO - Task exited with return code 0
