[2022-08-03 00:46:22,815] {taskinstance.py:826} INFO - Dependencies all met for <TaskInstance: penjadwalan.dapat_suhu 2022-08-02T20:58:00+00:00 [queued]>
[2022-08-03 00:46:22,852] {taskinstance.py:826} INFO - Dependencies all met for <TaskInstance: penjadwalan.dapat_suhu 2022-08-02T20:58:00+00:00 [queued]>
[2022-08-03 00:46:22,853] {taskinstance.py:1017} INFO - 
--------------------------------------------------------------------------------
[2022-08-03 00:46:22,854] {taskinstance.py:1018} INFO - Starting attempt 1 of 1
[2022-08-03 00:46:22,854] {taskinstance.py:1019} INFO - 
--------------------------------------------------------------------------------
[2022-08-03 00:46:22,888] {taskinstance.py:1038} INFO - Executing <Task(PythonOperator): dapat_suhu> on 2022-08-02T20:58:00+00:00
[2022-08-03 00:46:22,896] {standard_task_runner.py:51} INFO - Started process 28354 to run task
[2022-08-03 00:46:22,901] {standard_task_runner.py:75} INFO - Running: ['airflow', 'tasks', 'run', 'penjadwalan', 'dapat_suhu', '2022-08-02T20:58:00+00:00', '--job-id', '316', '--pool', 'default_pool', '--raw', '--subdir', 'DAGS_FOLDER/penjadwalan.py', '--cfg-path', '/tmp/tmpomtdv9ak']
[2022-08-03 00:46:22,905] {standard_task_runner.py:76} INFO - Job 316: Subtask dapat_suhu
[2022-08-03 00:46:23,082] {logging_mixin.py:103} INFO - Running <TaskInstance: penjadwalan.dapat_suhu 2022-08-02T20:58:00+00:00 [running]> on host b4dcda255553
[2022-08-03 00:46:23,274] {taskinstance.py:1232} INFO - Exporting the following env vars:
AIRFLOW_CTX_DAG_OWNER=airflow
AIRFLOW_CTX_DAG_ID=penjadwalan
AIRFLOW_CTX_TASK_ID=dapat_suhu
AIRFLOW_CTX_EXECUTION_DATE=2022-08-02T20:58:00+00:00
AIRFLOW_CTX_DAG_RUN_ID=scheduled__2022-08-02T20:58:00+00:00
[2022-08-03 00:46:23,838] {logging_mixin.py:103} INFO - {'kota': 'Bali', 'cuaca': 'Clouds', 'cuaca_deskripsi': 'overcast clouds', 'temperatur': 298.28, 'waktu': '2022-08-03T00:46:23.837969'}
[2022-08-03 00:46:24,186] {logging_mixin.py:103} INFO - {'kota': 'Lombok', 'cuaca': 'Clouds', 'cuaca_deskripsi': 'overcast clouds', 'temperatur': 295.51, 'waktu': '2022-08-03T00:46:24.186775'}
[2022-08-03 00:46:24,421] {logging_mixin.py:103} INFO - {'kota': 'Labuan Bajo', 'cuaca': 'Clouds', 'cuaca_deskripsi': 'scattered clouds', 'temperatur': 300.93, 'waktu': '2022-08-03T00:46:24.420738'}
[2022-08-03 00:46:24,651] {logging_mixin.py:103} INFO - {'kota': 'Bogor', 'cuaca': 'Rain', 'cuaca_deskripsi': 'light rain', 'temperatur': 300.87, 'waktu': '2022-08-03T00:46:24.651491'}
[2022-08-03 00:46:24,880] {logging_mixin.py:103} INFO - {'kota': 'Bandung', 'cuaca': 'Clouds', 'cuaca_deskripsi': 'scattered clouds', 'temperatur': 296.92, 'waktu': '2022-08-03T00:46:24.879949'}
[2022-08-03 00:46:24,901] {python.py:118} INFO - Done. Returned value was: None
[2022-08-03 00:46:24,970] {taskinstance.py:1142} INFO - Marking task as SUCCESS. dag_id=penjadwalan, task_id=dapat_suhu, execution_date=20220802T205800, start_date=20220803T004622, end_date=20220803T004624
[2022-08-03 00:46:25,222] {taskinstance.py:1195} INFO - 0 downstream tasks scheduled from follow-on schedule check
[2022-08-03 00:46:25,259] {local_task_job.py:118} INFO - Task exited with return code 0
