[2022-08-03 08:16:01,716] {taskinstance.py:826} INFO - Dependencies all met for <TaskInstance: penjadwalan.dapat_suhu 2022-08-03T08:14:00+00:00 [queued]>
[2022-08-03 08:16:01,735] {taskinstance.py:826} INFO - Dependencies all met for <TaskInstance: penjadwalan.dapat_suhu 2022-08-03T08:14:00+00:00 [queued]>
[2022-08-03 08:16:01,735] {taskinstance.py:1017} INFO - 
--------------------------------------------------------------------------------
[2022-08-03 08:16:01,736] {taskinstance.py:1018} INFO - Starting attempt 1 of 1
[2022-08-03 08:16:01,736] {taskinstance.py:1019} INFO - 
--------------------------------------------------------------------------------
[2022-08-03 08:16:01,749] {taskinstance.py:1038} INFO - Executing <Task(PythonOperator): dapat_suhu> on 2022-08-03T08:14:00+00:00
[2022-08-03 08:16:01,752] {standard_task_runner.py:51} INFO - Started process 16649 to run task
[2022-08-03 08:16:01,757] {standard_task_runner.py:75} INFO - Running: ['airflow', 'tasks', 'run', 'penjadwalan', 'dapat_suhu', '2022-08-03T08:14:00+00:00', '--job-id', '866', '--pool', 'default_pool', '--raw', '--subdir', 'DAGS_FOLDER/penjadwalan.py', '--cfg-path', '/tmp/tmph5yr7ls5']
[2022-08-03 08:16:01,761] {standard_task_runner.py:76} INFO - Job 866: Subtask dapat_suhu
[2022-08-03 08:16:01,831] {logging_mixin.py:103} INFO - Running <TaskInstance: penjadwalan.dapat_suhu 2022-08-03T08:14:00+00:00 [running]> on host b4dcda255553
[2022-08-03 08:16:01,902] {taskinstance.py:1232} INFO - Exporting the following env vars:
AIRFLOW_CTX_DAG_OWNER=airflow
AIRFLOW_CTX_DAG_ID=penjadwalan
AIRFLOW_CTX_TASK_ID=dapat_suhu
AIRFLOW_CTX_EXECUTION_DATE=2022-08-03T08:14:00+00:00
AIRFLOW_CTX_DAG_RUN_ID=scheduled__2022-08-03T08:14:00+00:00
[2022-08-03 08:16:02,026] {logging_mixin.py:103} INFO - {'kota': 'Bali', 'cuaca': 'Clouds', 'cuaca_deskripsi': 'broken clouds', 'temperatur': 301.61, 'waktu': '2022-08-03T08:16:02.026010'}
[2022-08-03 08:16:02,148] {logging_mixin.py:103} INFO - {'kota': 'Lombok', 'cuaca': 'Rain', 'cuaca_deskripsi': 'moderate rain', 'temperatur': 296.95, 'waktu': '2022-08-03T08:16:02.148353'}
[2022-08-03 08:16:02,257] {logging_mixin.py:103} INFO - {'kota': 'Labuan Bajo', 'cuaca': 'Clouds', 'cuaca_deskripsi': 'overcast clouds', 'temperatur': 300.58, 'waktu': '2022-08-03T08:16:02.257391'}
[2022-08-03 08:16:02,369] {logging_mixin.py:103} INFO - {'kota': 'Bogor', 'cuaca': 'Clouds', 'cuaca_deskripsi': 'overcast clouds', 'temperatur': 303.65, 'waktu': '2022-08-03T08:16:02.369520'}
[2022-08-03 08:16:02,483] {logging_mixin.py:103} INFO - {'kota': 'Bandung', 'cuaca': 'Clouds', 'cuaca_deskripsi': 'overcast clouds', 'temperatur': 298.69, 'waktu': '2022-08-03T08:16:02.483487'}
[2022-08-03 08:16:02,484] {python.py:118} INFO - Done. Returned value was: None
[2022-08-03 08:16:02,499] {taskinstance.py:1142} INFO - Marking task as SUCCESS. dag_id=penjadwalan, task_id=dapat_suhu, execution_date=20220803T081400, start_date=20220803T081601, end_date=20220803T081602
[2022-08-03 08:16:02,558] {taskinstance.py:1195} INFO - 0 downstream tasks scheduled from follow-on schedule check
[2022-08-03 08:16:02,570] {local_task_job.py:118} INFO - Task exited with return code 0
