[2022-08-03 00:48:15,619] {taskinstance.py:826} INFO - Dependencies all met for <TaskInstance: penjadwalan.dapat_suhu 2022-08-03T00:06:00+00:00 [queued]>
[2022-08-03 00:48:15,716] {taskinstance.py:826} INFO - Dependencies all met for <TaskInstance: penjadwalan.dapat_suhu 2022-08-03T00:06:00+00:00 [queued]>
[2022-08-03 00:48:15,718] {taskinstance.py:1017} INFO - 
--------------------------------------------------------------------------------
[2022-08-03 00:48:15,719] {taskinstance.py:1018} INFO - Starting attempt 1 of 1
[2022-08-03 00:48:15,719] {taskinstance.py:1019} INFO - 
--------------------------------------------------------------------------------
[2022-08-03 00:48:15,775] {taskinstance.py:1038} INFO - Executing <Task(PythonOperator): dapat_suhu> on 2022-08-03T00:06:00+00:00
[2022-08-03 00:48:15,790] {standard_task_runner.py:51} INFO - Started process 623 to run task
[2022-08-03 00:48:15,800] {standard_task_runner.py:75} INFO - Running: ['airflow', 'tasks', 'run', 'penjadwalan', 'dapat_suhu', '2022-08-03T00:06:00+00:00', '--job-id', '410', '--pool', 'default_pool', '--raw', '--subdir', 'DAGS_FOLDER/penjadwalan.py', '--cfg-path', '/tmp/tmpnvhsladx']
[2022-08-03 00:48:15,810] {standard_task_runner.py:76} INFO - Job 410: Subtask dapat_suhu
[2022-08-03 00:48:15,918] {logging_mixin.py:103} INFO - Running <TaskInstance: penjadwalan.dapat_suhu 2022-08-03T00:06:00+00:00 [running]> on host b4dcda255553
[2022-08-03 00:48:16,007] {taskinstance.py:1232} INFO - Exporting the following env vars:
AIRFLOW_CTX_DAG_OWNER=airflow
AIRFLOW_CTX_DAG_ID=penjadwalan
AIRFLOW_CTX_TASK_ID=dapat_suhu
AIRFLOW_CTX_EXECUTION_DATE=2022-08-03T00:06:00+00:00
AIRFLOW_CTX_DAG_RUN_ID=scheduled__2022-08-03T00:06:00+00:00
[2022-08-03 00:48:16,502] {logging_mixin.py:103} INFO - {'kota': 'Bali', 'cuaca': 'Clouds', 'cuaca_deskripsi': 'overcast clouds', 'temperatur': 298.28, 'waktu': '2022-08-03T00:48:16.502753'}
[2022-08-03 00:48:17,429] {logging_mixin.py:103} INFO - {'kota': 'Lombok', 'cuaca': 'Clouds', 'cuaca_deskripsi': 'overcast clouds', 'temperatur': 295.51, 'waktu': '2022-08-03T00:48:17.429336'}
[2022-08-03 00:48:19,183] {logging_mixin.py:103} INFO - {'kota': 'Labuan Bajo', 'cuaca': 'Clouds', 'cuaca_deskripsi': 'scattered clouds', 'temperatur': 300.93, 'waktu': '2022-08-03T00:48:19.183074'}
[2022-08-03 00:48:19,657] {logging_mixin.py:103} INFO - {'kota': 'Bogor', 'cuaca': 'Rain', 'cuaca_deskripsi': 'light rain', 'temperatur': 300.87, 'waktu': '2022-08-03T00:48:19.636204'}
[2022-08-03 00:48:20,020] {logging_mixin.py:103} INFO - {'kota': 'Bandung', 'cuaca': 'Clouds', 'cuaca_deskripsi': 'scattered clouds', 'temperatur': 296.92, 'waktu': '2022-08-03T00:48:20.020295'}
[2022-08-03 00:48:20,023] {python.py:118} INFO - Done. Returned value was: None
[2022-08-03 00:48:20,069] {taskinstance.py:1142} INFO - Marking task as SUCCESS. dag_id=penjadwalan, task_id=dapat_suhu, execution_date=20220803T000600, start_date=20220803T004815, end_date=20220803T004820
[2022-08-03 00:48:20,276] {taskinstance.py:1195} INFO - 0 downstream tasks scheduled from follow-on schedule check
[2022-08-03 00:48:20,294] {local_task_job.py:118} INFO - Task exited with return code 0
