[2022-08-03 04:10:01,431] {taskinstance.py:826} INFO - Dependencies all met for <TaskInstance: my_simple_dag.say_Hi 2022-08-03T04:00:00+00:00 [queued]>
[2022-08-03 04:10:01,464] {taskinstance.py:826} INFO - Dependencies all met for <TaskInstance: my_simple_dag.say_Hi 2022-08-03T04:00:00+00:00 [queued]>
[2022-08-03 04:10:01,465] {taskinstance.py:1017} INFO - 
--------------------------------------------------------------------------------
[2022-08-03 04:10:01,467] {taskinstance.py:1018} INFO - Starting attempt 1 of 1
[2022-08-03 04:10:01,468] {taskinstance.py:1019} INFO - 
--------------------------------------------------------------------------------
[2022-08-03 04:10:01,487] {taskinstance.py:1038} INFO - Executing <Task(BashOperator): say_Hi> on 2022-08-03T04:00:00+00:00
[2022-08-03 04:10:01,492] {standard_task_runner.py:51} INFO - Started process 26987 to run task
[2022-08-03 04:10:01,499] {standard_task_runner.py:75} INFO - Running: ['airflow', 'tasks', 'run', 'my_simple_dag', 'say_Hi', '2022-08-03T04:00:00+00:00', '--job-id', '611', '--pool', 'default_pool', '--raw', '--subdir', 'DAGS_FOLDER/my_simple_dag.py', '--cfg-path', '/tmp/tmpdjpmwx2w']
[2022-08-03 04:10:01,504] {standard_task_runner.py:76} INFO - Job 611: Subtask say_Hi
[2022-08-03 04:10:01,592] {logging_mixin.py:103} INFO - Running <TaskInstance: my_simple_dag.say_Hi 2022-08-03T04:00:00+00:00 [running]> on host b4dcda255553
[2022-08-03 04:10:01,681] {taskinstance.py:1232} INFO - Exporting the following env vars:
AIRFLOW_CTX_DAG_OWNER=airflow
AIRFLOW_CTX_DAG_ID=my_simple_dag
AIRFLOW_CTX_TASK_ID=say_Hi
AIRFLOW_CTX_EXECUTION_DATE=2022-08-03T04:00:00+00:00
AIRFLOW_CTX_DAG_RUN_ID=scheduled__2022-08-03T04:00:00+00:00
[2022-08-03 04:10:01,682] {bash.py:135} INFO - Tmp dir root location: 
 /tmp
[2022-08-03 04:10:01,684] {bash.py:158} INFO - Running command: echo "Hi!!"
[2022-08-03 04:10:01,697] {bash.py:169} INFO - Output:
[2022-08-03 04:10:01,699] {bash.py:173} INFO - Hi!!
[2022-08-03 04:10:01,700] {bash.py:177} INFO - Command exited with return code 0
[2022-08-03 04:10:01,755] {taskinstance.py:1142} INFO - Marking task as SUCCESS. dag_id=my_simple_dag, task_id=say_Hi, execution_date=20220803T040000, start_date=20220803T041001, end_date=20220803T041001
[2022-08-03 04:10:01,820] {taskinstance.py:1195} INFO - 1 downstream tasks scheduled from follow-on schedule check
[2022-08-03 04:10:01,831] {local_task_job.py:118} INFO - Task exited with return code 0
