[2022-08-02 16:10:14,106] {taskinstance.py:826} INFO - Dependencies all met for <TaskInstance: my_simple_dag.respond 2022-08-02T16:00:00+00:00 [queued]>
[2022-08-02 16:10:14,208] {taskinstance.py:826} INFO - Dependencies all met for <TaskInstance: my_simple_dag.respond 2022-08-02T16:00:00+00:00 [queued]>
[2022-08-02 16:10:14,213] {taskinstance.py:1017} INFO - 
--------------------------------------------------------------------------------
[2022-08-02 16:10:14,217] {taskinstance.py:1018} INFO - Starting attempt 1 of 1
[2022-08-02 16:10:14,219] {taskinstance.py:1019} INFO - 
--------------------------------------------------------------------------------
[2022-08-02 16:10:14,266] {taskinstance.py:1038} INFO - Executing <Task(PythonOperator): respond> on 2022-08-02T16:00:00+00:00
[2022-08-02 16:10:14,273] {standard_task_runner.py:51} INFO - Started process 10835 to run task
[2022-08-02 16:10:14,283] {standard_task_runner.py:75} INFO - Running: ['airflow', 'tasks', 'run', 'my_simple_dag', 'respond', '2022-08-02T16:00:00+00:00', '--job-id', '123', '--pool', 'default_pool', '--raw', '--subdir', 'DAGS_FOLDER/my_simple_dag.py', '--cfg-path', '/tmp/tmp64ohjbpf']
[2022-08-02 16:10:14,292] {standard_task_runner.py:76} INFO - Job 123: Subtask respond
[2022-08-02 16:10:14,485] {logging_mixin.py:103} INFO - Running <TaskInstance: my_simple_dag.respond 2022-08-02T16:00:00+00:00 [running]> on host b4dcda255553
[2022-08-02 16:10:14,647] {taskinstance.py:1232} INFO - Exporting the following env vars:
AIRFLOW_CTX_DAG_OWNER=airflow
AIRFLOW_CTX_DAG_ID=my_simple_dag
AIRFLOW_CTX_TASK_ID=respond
AIRFLOW_CTX_EXECUTION_DATE=2022-08-02T16:00:00+00:00
AIRFLOW_CTX_DAG_RUN_ID=scheduled__2022-08-02T16:00:00+00:00
[2022-08-02 16:10:14,656] {python.py:118} INFO - Done. Returned value was: Greet Responded Again
[2022-08-02 16:10:14,733] {taskinstance.py:1142} INFO - Marking task as SUCCESS. dag_id=my_simple_dag, task_id=respond, execution_date=20220802T160000, start_date=20220802T161014, end_date=20220802T161014
[2022-08-02 16:10:14,821] {taskinstance.py:1195} INFO - 0 downstream tasks scheduled from follow-on schedule check
[2022-08-02 16:10:14,835] {local_task_job.py:118} INFO - Task exited with return code 0
