[2022-08-03 04:24:00,730] {taskinstance.py:826} INFO - Dependencies all met for <TaskInstance: penjadwalan.dapat_suhu 2022-08-03T04:22:00+00:00 [queued]>
[2022-08-03 04:24:00,751] {taskinstance.py:826} INFO - Dependencies all met for <TaskInstance: penjadwalan.dapat_suhu 2022-08-03T04:22:00+00:00 [queued]>
[2022-08-03 04:24:00,752] {taskinstance.py:1017} INFO - 
--------------------------------------------------------------------------------
[2022-08-03 04:24:00,752] {taskinstance.py:1018} INFO - Starting attempt 1 of 1
[2022-08-03 04:24:00,753] {taskinstance.py:1019} INFO - 
--------------------------------------------------------------------------------
[2022-08-03 04:24:00,765] {taskinstance.py:1038} INFO - Executing <Task(PythonOperator): dapat_suhu> on 2022-08-03T04:22:00+00:00
[2022-08-03 04:24:00,770] {standard_task_runner.py:51} INFO - Started process 14840 to run task
[2022-08-03 04:24:00,774] {standard_task_runner.py:75} INFO - Running: ['airflow', 'tasks', 'run', 'penjadwalan', 'dapat_suhu', '2022-08-03T04:22:00+00:00', '--job-id', '626', '--pool', 'default_pool', '--raw', '--subdir', 'DAGS_FOLDER/penjadwalan.py', '--cfg-path', '/tmp/tmpe3iy3qjb']
[2022-08-03 04:24:00,777] {standard_task_runner.py:76} INFO - Job 626: Subtask dapat_suhu
[2022-08-03 04:24:00,840] {logging_mixin.py:103} INFO - Running <TaskInstance: penjadwalan.dapat_suhu 2022-08-03T04:22:00+00:00 [running]> on host b4dcda255553
[2022-08-03 04:24:00,904] {taskinstance.py:1232} INFO - Exporting the following env vars:
AIRFLOW_CTX_DAG_OWNER=airflow
AIRFLOW_CTX_DAG_ID=penjadwalan
AIRFLOW_CTX_TASK_ID=dapat_suhu
AIRFLOW_CTX_EXECUTION_DATE=2022-08-03T04:22:00+00:00
AIRFLOW_CTX_DAG_RUN_ID=scheduled__2022-08-03T04:22:00+00:00
[2022-08-03 04:24:01,015] {logging_mixin.py:103} INFO - {'kota': 'Bali', 'cuaca': 'Clouds', 'cuaca_deskripsi': 'scattered clouds', 'temperatur': 302.69, 'waktu': '2022-08-03T04:24:01.015581'}
[2022-08-03 04:24:01,111] {logging_mixin.py:103} INFO - {'kota': 'Lombok', 'cuaca': 'Clouds', 'cuaca_deskripsi': 'overcast clouds', 'temperatur': 298.97, 'waktu': '2022-08-03T04:24:01.111763'}
[2022-08-03 04:24:01,337] {logging_mixin.py:103} INFO - {'kota': 'Labuan Bajo', 'cuaca': 'Clouds', 'cuaca_deskripsi': 'broken clouds', 'temperatur': 302.05, 'waktu': '2022-08-03T04:24:01.337321'}
[2022-08-03 04:24:01,446] {logging_mixin.py:103} INFO - {'kota': 'Bogor', 'cuaca': 'Clouds', 'cuaca_deskripsi': 'overcast clouds', 'temperatur': 305.31, 'waktu': '2022-08-03T04:24:01.446250'}
[2022-08-03 04:24:01,555] {logging_mixin.py:103} INFO - {'kota': 'Bandung', 'cuaca': 'Clouds', 'cuaca_deskripsi': 'broken clouds', 'temperatur': 302.13, 'waktu': '2022-08-03T04:24:01.555264'}
[2022-08-03 04:24:01,556] {python.py:118} INFO - Done. Returned value was: None
[2022-08-03 04:24:01,577] {taskinstance.py:1142} INFO - Marking task as SUCCESS. dag_id=penjadwalan, task_id=dapat_suhu, execution_date=20220803T042200, start_date=20220803T042400, end_date=20220803T042401
[2022-08-03 04:24:01,620] {taskinstance.py:1195} INFO - 0 downstream tasks scheduled from follow-on schedule check
[2022-08-03 04:24:01,668] {local_task_job.py:118} INFO - Task exited with return code 0
