[2022-08-03 00:44:43,095] {taskinstance.py:826} INFO - Dependencies all met for <TaskInstance: penjadwalan.dapat_suhu 2022-08-02T18:02:00+00:00 [queued]>
[2022-08-03 00:44:43,273] {taskinstance.py:826} INFO - Dependencies all met for <TaskInstance: penjadwalan.dapat_suhu 2022-08-02T18:02:00+00:00 [queued]>
[2022-08-03 00:44:43,275] {taskinstance.py:1017} INFO - 
--------------------------------------------------------------------------------
[2022-08-03 00:44:43,276] {taskinstance.py:1018} INFO - Starting attempt 1 of 1
[2022-08-03 00:44:43,288] {taskinstance.py:1019} INFO - 
--------------------------------------------------------------------------------
[2022-08-03 00:44:43,422] {taskinstance.py:1038} INFO - Executing <Task(PythonOperator): dapat_suhu> on 2022-08-02T18:02:00+00:00
[2022-08-03 00:44:43,442] {standard_task_runner.py:51} INFO - Started process 25037 to run task
[2022-08-03 00:44:43,472] {standard_task_runner.py:75} INFO - Running: ['airflow', 'tasks', 'run', 'penjadwalan', 'dapat_suhu', '2022-08-02T18:02:00+00:00', '--job-id', '225', '--pool', 'default_pool', '--raw', '--subdir', 'DAGS_FOLDER/penjadwalan.py', '--cfg-path', '/tmp/tmpz0grn9j5']
[2022-08-03 00:44:43,504] {standard_task_runner.py:76} INFO - Job 225: Subtask dapat_suhu
[2022-08-03 00:44:43,851] {logging_mixin.py:103} INFO - Running <TaskInstance: penjadwalan.dapat_suhu 2022-08-02T18:02:00+00:00 [running]> on host b4dcda255553
[2022-08-03 00:44:44,259] {taskinstance.py:1232} INFO - Exporting the following env vars:
AIRFLOW_CTX_DAG_OWNER=airflow
AIRFLOW_CTX_DAG_ID=penjadwalan
AIRFLOW_CTX_TASK_ID=dapat_suhu
AIRFLOW_CTX_EXECUTION_DATE=2022-08-02T18:02:00+00:00
AIRFLOW_CTX_DAG_RUN_ID=scheduled__2022-08-02T18:02:00+00:00
[2022-08-03 00:44:46,347] {logging_mixin.py:103} INFO - {'kota': 'Bali', 'cuaca': 'Clouds', 'cuaca_deskripsi': 'overcast clouds', 'temperatur': 297.72, 'waktu': '2022-08-03T00:44:46.347172'}
[2022-08-03 00:44:53,914] {logging_mixin.py:103} INFO - {'kota': 'Lombok', 'cuaca': 'Clouds', 'cuaca_deskripsi': 'overcast clouds', 'temperatur': 295.51, 'waktu': '2022-08-03T00:44:53.913990'}
[2022-08-03 00:44:57,369] {logging_mixin.py:103} INFO - {'kota': 'Labuan Bajo', 'cuaca': 'Clouds', 'cuaca_deskripsi': 'scattered clouds', 'temperatur': 300.93, 'waktu': '2022-08-03T00:44:57.369227'}
[2022-08-03 00:44:57,881] {logging_mixin.py:103} INFO - {'kota': 'Bogor', 'cuaca': 'Rain', 'cuaca_deskripsi': 'light rain', 'temperatur': 300.87, 'waktu': '2022-08-03T00:44:57.881203'}
[2022-08-03 00:44:58,255] {logging_mixin.py:103} INFO - {'kota': 'Bandung', 'cuaca': 'Clouds', 'cuaca_deskripsi': 'scattered clouds', 'temperatur': 296.92, 'waktu': '2022-08-03T00:44:58.254623'}
[2022-08-03 00:44:58,283] {python.py:118} INFO - Done. Returned value was: None
[2022-08-03 00:44:58,424] {taskinstance.py:1142} INFO - Marking task as SUCCESS. dag_id=penjadwalan, task_id=dapat_suhu, execution_date=20220802T180200, start_date=20220803T004443, end_date=20220803T004458
[2022-08-03 00:44:58,637] {taskinstance.py:1195} INFO - 0 downstream tasks scheduled from follow-on schedule check
[2022-08-03 00:44:58,706] {local_task_job.py:118} INFO - Task exited with return code 0
