[2022-08-03 06:44:01,903] {taskinstance.py:826} INFO - Dependencies all met for <TaskInstance: penjadwalan.dapat_suhu 2022-08-03T06:42:00+00:00 [queued]>
[2022-08-03 06:44:01,967] {taskinstance.py:826} INFO - Dependencies all met for <TaskInstance: penjadwalan.dapat_suhu 2022-08-03T06:42:00+00:00 [queued]>
[2022-08-03 06:44:01,970] {taskinstance.py:1017} INFO - 
--------------------------------------------------------------------------------
[2022-08-03 06:44:01,971] {taskinstance.py:1018} INFO - Starting attempt 1 of 1
[2022-08-03 06:44:01,974] {taskinstance.py:1019} INFO - 
--------------------------------------------------------------------------------
[2022-08-03 06:44:02,031] {taskinstance.py:1038} INFO - Executing <Task(PythonOperator): dapat_suhu> on 2022-08-03T06:42:00+00:00
[2022-08-03 06:44:02,038] {standard_task_runner.py:51} INFO - Started process 10543 to run task
[2022-08-03 06:44:02,044] {standard_task_runner.py:75} INFO - Running: ['airflow', 'tasks', 'run', 'penjadwalan', 'dapat_suhu', '2022-08-03T06:42:00+00:00', '--job-id', '784', '--pool', 'default_pool', '--raw', '--subdir', 'DAGS_FOLDER/penjadwalan.py', '--cfg-path', '/tmp/tmp2m8wyfe2']
[2022-08-03 06:44:02,058] {standard_task_runner.py:76} INFO - Job 784: Subtask dapat_suhu
[2022-08-03 06:44:02,250] {logging_mixin.py:103} INFO - Running <TaskInstance: penjadwalan.dapat_suhu 2022-08-03T06:42:00+00:00 [running]> on host b4dcda255553
[2022-08-03 06:44:02,484] {taskinstance.py:1232} INFO - Exporting the following env vars:
AIRFLOW_CTX_DAG_OWNER=airflow
AIRFLOW_CTX_DAG_ID=penjadwalan
AIRFLOW_CTX_TASK_ID=dapat_suhu
AIRFLOW_CTX_EXECUTION_DATE=2022-08-03T06:42:00+00:00
AIRFLOW_CTX_DAG_RUN_ID=scheduled__2022-08-03T06:42:00+00:00
[2022-08-03 06:44:02,920] {logging_mixin.py:103} INFO - {'kota': 'Bali', 'cuaca': 'Clouds', 'cuaca_deskripsi': 'broken clouds', 'temperatur': 302.69, 'waktu': '2022-08-03T06:44:02.920509'}
[2022-08-03 06:44:03,372] {logging_mixin.py:103} INFO - {'kota': 'Lombok', 'cuaca': 'Rain', 'cuaca_deskripsi': 'light rain', 'temperatur': 297.58, 'waktu': '2022-08-03T06:44:03.372127'}
[2022-08-03 06:44:03,646] {logging_mixin.py:103} INFO - {'kota': 'Labuan Bajo', 'cuaca': 'Clouds', 'cuaca_deskripsi': 'overcast clouds', 'temperatur': 300.69, 'waktu': '2022-08-03T06:44:03.646215'}
[2022-08-03 06:44:03,833] {logging_mixin.py:103} INFO - {'kota': 'Bogor', 'cuaca': 'Clouds', 'cuaca_deskripsi': 'overcast clouds', 'temperatur': 305.31, 'waktu': '2022-08-03T06:44:03.832940'}
[2022-08-03 06:44:04,020] {logging_mixin.py:103} INFO - {'kota': 'Bandung', 'cuaca': 'Clouds', 'cuaca_deskripsi': 'overcast clouds', 'temperatur': 301.31, 'waktu': '2022-08-03T06:44:04.019923'}
[2022-08-03 06:44:04,025] {python.py:118} INFO - Done. Returned value was: None
[2022-08-03 06:44:04,080] {taskinstance.py:1142} INFO - Marking task as SUCCESS. dag_id=penjadwalan, task_id=dapat_suhu, execution_date=20220803T064200, start_date=20220803T064401, end_date=20220803T064404
[2022-08-03 06:44:04,178] {taskinstance.py:1195} INFO - 0 downstream tasks scheduled from follow-on schedule check
[2022-08-03 06:44:04,221] {local_task_job.py:118} INFO - Task exited with return code 0
