[2022-08-03 01:26:02,215] {taskinstance.py:826} INFO - Dependencies all met for <TaskInstance: penjadwalan.dapat_suhu 2022-08-03T01:24:00+00:00 [queued]>
[2022-08-03 01:26:02,258] {taskinstance.py:826} INFO - Dependencies all met for <TaskInstance: penjadwalan.dapat_suhu 2022-08-03T01:24:00+00:00 [queued]>
[2022-08-03 01:26:02,259] {taskinstance.py:1017} INFO - 
--------------------------------------------------------------------------------
[2022-08-03 01:26:02,260] {taskinstance.py:1018} INFO - Starting attempt 1 of 1
[2022-08-03 01:26:02,260] {taskinstance.py:1019} INFO - 
--------------------------------------------------------------------------------
[2022-08-03 01:26:02,286] {taskinstance.py:1038} INFO - Executing <Task(PythonOperator): dapat_suhu> on 2022-08-03T01:24:00+00:00
[2022-08-03 01:26:02,293] {standard_task_runner.py:51} INFO - Started process 24759 to run task
[2022-08-03 01:26:02,301] {standard_task_runner.py:75} INFO - Running: ['airflow', 'tasks', 'run', 'penjadwalan', 'dapat_suhu', '2022-08-03T01:24:00+00:00', '--job-id', '465', '--pool', 'default_pool', '--raw', '--subdir', 'DAGS_FOLDER/penjadwalan.py', '--cfg-path', '/tmp/tmp1jemz_eb']
[2022-08-03 01:26:02,307] {standard_task_runner.py:76} INFO - Job 465: Subtask dapat_suhu
[2022-08-03 01:26:02,426] {logging_mixin.py:103} INFO - Running <TaskInstance: penjadwalan.dapat_suhu 2022-08-03T01:24:00+00:00 [running]> on host b4dcda255553
[2022-08-03 01:26:02,538] {taskinstance.py:1232} INFO - Exporting the following env vars:
AIRFLOW_CTX_DAG_OWNER=airflow
AIRFLOW_CTX_DAG_ID=penjadwalan
AIRFLOW_CTX_TASK_ID=dapat_suhu
AIRFLOW_CTX_EXECUTION_DATE=2022-08-03T01:24:00+00:00
AIRFLOW_CTX_DAG_RUN_ID=scheduled__2022-08-03T01:24:00+00:00
[2022-08-03 01:26:03,679] {logging_mixin.py:103} INFO - {'kota': 'Bali', 'cuaca': 'Clouds', 'cuaca_deskripsi': 'overcast clouds', 'temperatur': 298.28, 'waktu': '2022-08-03T01:26:03.679233'}
[2022-08-03 01:26:04,593] {logging_mixin.py:103} INFO - {'kota': 'Lombok', 'cuaca': 'Clouds', 'cuaca_deskripsi': 'overcast clouds', 'temperatur': 295.51, 'waktu': '2022-08-03T01:26:04.593533'}
[2022-08-03 01:26:04,902] {logging_mixin.py:103} INFO - {'kota': 'Labuan Bajo', 'cuaca': 'Clouds', 'cuaca_deskripsi': 'scattered clouds', 'temperatur': 300.93, 'waktu': '2022-08-03T01:26:04.901877'}
[2022-08-03 01:26:06,058] {logging_mixin.py:103} INFO - {'kota': 'Bogor', 'cuaca': 'Rain', 'cuaca_deskripsi': 'light rain', 'temperatur': 298.35, 'waktu': '2022-08-03T01:26:06.058551'}
[2022-08-03 01:26:06,508] {logging_mixin.py:103} INFO - {'kota': 'Bandung', 'cuaca': 'Clouds', 'cuaca_deskripsi': 'scattered clouds', 'temperatur': 296.92, 'waktu': '2022-08-03T01:26:06.507790'}
[2022-08-03 01:26:06,508] {python.py:118} INFO - Done. Returned value was: None
[2022-08-03 01:26:06,528] {taskinstance.py:1142} INFO - Marking task as SUCCESS. dag_id=penjadwalan, task_id=dapat_suhu, execution_date=20220803T012400, start_date=20220803T012602, end_date=20220803T012606
[2022-08-03 01:26:06,583] {taskinstance.py:1195} INFO - 0 downstream tasks scheduled from follow-on schedule check
[2022-08-03 01:26:06,625] {local_task_job.py:118} INFO - Task exited with return code 0
