[2022-08-02 14:27:31,679] {taskinstance.py:826} INFO - Dependencies all met for <TaskInstance: pokea.greet 2022-08-02T14:10:00+00:00 [queued]>
[2022-08-02 14:27:31,730] {taskinstance.py:826} INFO - Dependencies all met for <TaskInstance: pokea.greet 2022-08-02T14:10:00+00:00 [queued]>
[2022-08-02 14:27:31,731] {taskinstance.py:1017} INFO - 
--------------------------------------------------------------------------------
[2022-08-02 14:27:31,732] {taskinstance.py:1018} INFO - Starting attempt 1 of 1
[2022-08-02 14:27:31,733] {taskinstance.py:1019} INFO - 
--------------------------------------------------------------------------------
[2022-08-02 14:27:31,775] {taskinstance.py:1038} INFO - Executing <Task(PythonOperator): greet> on 2022-08-02T14:10:00+00:00
[2022-08-02 14:27:31,790] {standard_task_runner.py:51} INFO - Started process 1916 to run task
[2022-08-02 14:27:31,788] {standard_task_runner.py:75} INFO - Running: ['airflow', 'tasks', 'run', 'pokea', 'greet', '2022-08-02T14:10:00+00:00', '--job-id', '7', '--pool', 'default_pool', '--raw', '--subdir', 'DAGS_FOLDER/pokea.py', '--cfg-path', '/tmp/tmp5c92hsc6']
[2022-08-02 14:27:31,799] {standard_task_runner.py:76} INFO - Job 7: Subtask greet
[2022-08-02 14:27:31,965] {logging_mixin.py:103} INFO - Running <TaskInstance: pokea.greet 2022-08-02T14:10:00+00:00 [running]> on host b4dcda255553
[2022-08-02 14:27:32,104] {taskinstance.py:1232} INFO - Exporting the following env vars:
AIRFLOW_CTX_DAG_OWNER=airflow
AIRFLOW_CTX_DAG_ID=pokea
AIRFLOW_CTX_TASK_ID=greet
AIRFLOW_CTX_EXECUTION_DATE=2022-08-02T14:10:00+00:00
AIRFLOW_CTX_DAG_RUN_ID=scheduled__2022-08-02T14:10:00+00:00
[2022-08-02 14:27:32,106] {logging_mixin.py:103} INFO - Halo Salam dari Apache Airflow2022-08-02 14:27
[2022-08-02 14:27:32,107] {python.py:118} INFO - Done. Returned value was: None
[2022-08-02 14:27:32,146] {taskinstance.py:1142} INFO - Marking task as SUCCESS. dag_id=pokea, task_id=greet, execution_date=20220802T141000, start_date=20220802T142731, end_date=20220802T142732
[2022-08-02 14:27:32,223] {taskinstance.py:1195} INFO - 1 downstream tasks scheduled from follow-on schedule check
[2022-08-02 14:27:32,250] {local_task_job.py:118} INFO - Task exited with return code 0
