[2022-08-03 02:50:01,293] {taskinstance.py:826} INFO - Dependencies all met for <TaskInstance: penjadwalan.dapat_suhu 2022-08-03T02:48:00+00:00 [queued]>
[2022-08-03 02:50:01,326] {taskinstance.py:826} INFO - Dependencies all met for <TaskInstance: penjadwalan.dapat_suhu 2022-08-03T02:48:00+00:00 [queued]>
[2022-08-03 02:50:01,327] {taskinstance.py:1017} INFO - 
--------------------------------------------------------------------------------
[2022-08-03 02:50:01,328] {taskinstance.py:1018} INFO - Starting attempt 1 of 1
[2022-08-03 02:50:01,329] {taskinstance.py:1019} INFO - 
--------------------------------------------------------------------------------
[2022-08-03 02:50:01,345] {taskinstance.py:1038} INFO - Executing <Task(PythonOperator): dapat_suhu> on 2022-08-03T02:48:00+00:00
[2022-08-03 02:50:01,350] {standard_task_runner.py:51} INFO - Started process 27443 to run task
[2022-08-03 02:50:01,358] {standard_task_runner.py:75} INFO - Running: ['airflow', 'tasks', 'run', 'penjadwalan', 'dapat_suhu', '2022-08-03T02:48:00+00:00', '--job-id', '540', '--pool', 'default_pool', '--raw', '--subdir', 'DAGS_FOLDER/penjadwalan.py', '--cfg-path', '/tmp/tmp2awil4oa']
[2022-08-03 02:50:01,363] {standard_task_runner.py:76} INFO - Job 540: Subtask dapat_suhu
[2022-08-03 02:50:01,465] {logging_mixin.py:103} INFO - Running <TaskInstance: penjadwalan.dapat_suhu 2022-08-03T02:48:00+00:00 [running]> on host b4dcda255553
[2022-08-03 02:50:01,556] {taskinstance.py:1232} INFO - Exporting the following env vars:
AIRFLOW_CTX_DAG_OWNER=airflow
AIRFLOW_CTX_DAG_ID=penjadwalan
AIRFLOW_CTX_TASK_ID=dapat_suhu
AIRFLOW_CTX_EXECUTION_DATE=2022-08-03T02:48:00+00:00
AIRFLOW_CTX_DAG_RUN_ID=scheduled__2022-08-03T02:48:00+00:00
[2022-08-03 02:50:02,240] {logging_mixin.py:103} INFO - {'kota': 'Bali', 'cuaca': 'Clouds', 'cuaca_deskripsi': 'scattered clouds', 'temperatur': 299.39, 'waktu': '2022-08-03T02:50:02.240613'}
[2022-08-03 02:50:02,386] {logging_mixin.py:103} INFO - {'kota': 'Lombok', 'cuaca': 'Rain', 'cuaca_deskripsi': 'heavy intensity rain', 'temperatur': 297.83, 'waktu': '2022-08-03T02:50:02.385853'}
[2022-08-03 02:50:02,508] {logging_mixin.py:103} INFO - {'kota': 'Labuan Bajo', 'cuaca': 'Clouds', 'cuaca_deskripsi': 'broken clouds', 'temperatur': 302.24, 'waktu': '2022-08-03T02:50:02.508716'}
[2022-08-03 02:50:02,643] {logging_mixin.py:103} INFO - {'kota': 'Bogor', 'cuaca': 'Clouds', 'cuaca_deskripsi': 'overcast clouds', 'temperatur': 302.55, 'waktu': '2022-08-03T02:50:02.643362'}
[2022-08-03 02:50:02,781] {logging_mixin.py:103} INFO - {'kota': 'Bandung', 'cuaca': 'Clouds', 'cuaca_deskripsi': 'broken clouds', 'temperatur': 300.9, 'waktu': '2022-08-03T02:50:02.781620'}
[2022-08-03 02:50:02,782] {python.py:118} INFO - Done. Returned value was: None
[2022-08-03 02:50:02,814] {taskinstance.py:1142} INFO - Marking task as SUCCESS. dag_id=penjadwalan, task_id=dapat_suhu, execution_date=20220803T024800, start_date=20220803T025001, end_date=20220803T025002
[2022-08-03 02:50:02,867] {taskinstance.py:1195} INFO - 0 downstream tasks scheduled from follow-on schedule check
[2022-08-03 02:50:02,903] {local_task_job.py:118} INFO - Task exited with return code 0
