[2022-08-03 06:16:03,906] {taskinstance.py:826} INFO - Dependencies all met for <TaskInstance: penjadwalan.dapat_suhu 2022-08-03T06:14:00+00:00 [queued]>
[2022-08-03 06:16:03,940] {taskinstance.py:826} INFO - Dependencies all met for <TaskInstance: penjadwalan.dapat_suhu 2022-08-03T06:14:00+00:00 [queued]>
[2022-08-03 06:16:03,941] {taskinstance.py:1017} INFO - 
--------------------------------------------------------------------------------
[2022-08-03 06:16:03,941] {taskinstance.py:1018} INFO - Starting attempt 1 of 1
[2022-08-03 06:16:03,942] {taskinstance.py:1019} INFO - 
--------------------------------------------------------------------------------
[2022-08-03 06:16:03,959] {taskinstance.py:1038} INFO - Executing <Task(PythonOperator): dapat_suhu> on 2022-08-03T06:14:00+00:00
[2022-08-03 06:16:03,965] {standard_task_runner.py:51} INFO - Started process 8243 to run task
[2022-08-03 06:16:03,973] {standard_task_runner.py:75} INFO - Running: ['airflow', 'tasks', 'run', 'penjadwalan', 'dapat_suhu', '2022-08-03T06:14:00+00:00', '--job-id', '726', '--pool', 'default_pool', '--raw', '--subdir', 'DAGS_FOLDER/penjadwalan.py', '--cfg-path', '/tmp/tmp_he507oe']
[2022-08-03 06:16:03,980] {standard_task_runner.py:76} INFO - Job 726: Subtask dapat_suhu
[2022-08-03 06:16:04,087] {logging_mixin.py:103} INFO - Running <TaskInstance: penjadwalan.dapat_suhu 2022-08-03T06:14:00+00:00 [running]> on host b4dcda255553
[2022-08-03 06:16:04,356] {taskinstance.py:1232} INFO - Exporting the following env vars:
AIRFLOW_CTX_DAG_OWNER=airflow
AIRFLOW_CTX_DAG_ID=penjadwalan
AIRFLOW_CTX_TASK_ID=dapat_suhu
AIRFLOW_CTX_EXECUTION_DATE=2022-08-03T06:14:00+00:00
AIRFLOW_CTX_DAG_RUN_ID=scheduled__2022-08-03T06:14:00+00:00
[2022-08-03 06:16:06,411] {logging_mixin.py:103} INFO - {'kota': 'Bali', 'cuaca': 'Clouds', 'cuaca_deskripsi': 'scattered clouds', 'temperatur': 302.69, 'waktu': '2022-08-03T06:16:06.410986'}
[2022-08-03 06:16:06,655] {logging_mixin.py:103} INFO - {'kota': 'Lombok', 'cuaca': 'Rain', 'cuaca_deskripsi': 'moderate rain', 'temperatur': 298.08, 'waktu': '2022-08-03T06:16:06.654911'}
[2022-08-03 06:16:07,153] {logging_mixin.py:103} INFO - {'kota': 'Labuan Bajo', 'cuaca': 'Clouds', 'cuaca_deskripsi': 'overcast clouds', 'temperatur': 300.85, 'waktu': '2022-08-03T06:16:07.153046'}
[2022-08-03 06:16:07,276] {logging_mixin.py:103} INFO - {'kota': 'Bogor', 'cuaca': 'Clouds', 'cuaca_deskripsi': 'overcast clouds', 'temperatur': 305.07, 'waktu': '2022-08-03T06:16:07.276531'}
[2022-08-03 06:16:07,389] {logging_mixin.py:103} INFO - {'kota': 'Bandung', 'cuaca': 'Clouds', 'cuaca_deskripsi': 'broken clouds', 'temperatur': 302.27, 'waktu': '2022-08-03T06:16:07.388965'}
[2022-08-03 06:16:07,389] {python.py:118} INFO - Done. Returned value was: None
[2022-08-03 06:16:08,126] {taskinstance.py:1142} INFO - Marking task as SUCCESS. dag_id=penjadwalan, task_id=dapat_suhu, execution_date=20220803T061400, start_date=20220803T061603, end_date=20220803T061608
[2022-08-03 06:16:08,189] {taskinstance.py:1195} INFO - 0 downstream tasks scheduled from follow-on schedule check
[2022-08-03 06:16:08,223] {local_task_job.py:118} INFO - Task exited with return code 0
