[2022-08-02 13:20:55,967] {taskinstance.py:826} INFO - Dependencies all met for <TaskInstance: my_simple_dag.say_Hi 2022-08-02T13:10:00+00:00 [queued]>
[2022-08-02 13:20:55,989] {taskinstance.py:826} INFO - Dependencies all met for <TaskInstance: my_simple_dag.say_Hi 2022-08-02T13:10:00+00:00 [queued]>
[2022-08-02 13:20:55,990] {taskinstance.py:1017} INFO - 
--------------------------------------------------------------------------------
[2022-08-02 13:20:55,990] {taskinstance.py:1018} INFO - Starting attempt 1 of 1
[2022-08-02 13:20:55,990] {taskinstance.py:1019} INFO - 
--------------------------------------------------------------------------------
[2022-08-02 13:20:56,009] {taskinstance.py:1038} INFO - Executing <Task(BashOperator): say_Hi> on 2022-08-02T13:10:00+00:00
[2022-08-02 13:20:56,013] {standard_task_runner.py:51} INFO - Started process 1504 to run task
[2022-08-02 13:20:56,019] {standard_task_runner.py:75} INFO - Running: ['airflow', 'tasks', 'run', 'my_simple_dag', 'say_Hi', '2022-08-02T13:10:00+00:00', '--job-id', '3', '--pool', 'default_pool', '--raw', '--subdir', 'DAGS_FOLDER/my_simple_dag.py', '--cfg-path', '/tmp/tmp_bbxe7hw']
[2022-08-02 13:20:56,023] {standard_task_runner.py:76} INFO - Job 3: Subtask say_Hi
[2022-08-02 13:20:56,095] {logging_mixin.py:103} INFO - Running <TaskInstance: my_simple_dag.say_Hi 2022-08-02T13:10:00+00:00 [running]> on host 86695ca91b02
[2022-08-02 13:20:56,174] {taskinstance.py:1232} INFO - Exporting the following env vars:
AIRFLOW_CTX_DAG_OWNER=airflow
AIRFLOW_CTX_DAG_ID=my_simple_dag
AIRFLOW_CTX_TASK_ID=say_Hi
AIRFLOW_CTX_EXECUTION_DATE=2022-08-02T13:10:00+00:00
AIRFLOW_CTX_DAG_RUN_ID=scheduled__2022-08-02T13:10:00+00:00
[2022-08-02 13:20:56,176] {bash.py:135} INFO - Tmp dir root location: 
 /tmp
[2022-08-02 13:20:56,177] {bash.py:158} INFO - Running command: echo "Hi!!"
[2022-08-02 13:20:56,188] {bash.py:169} INFO - Output:
[2022-08-02 13:20:56,190] {bash.py:173} INFO - Hi!!
[2022-08-02 13:20:56,190] {bash.py:177} INFO - Command exited with return code 0
[2022-08-02 13:20:56,236] {taskinstance.py:1142} INFO - Marking task as SUCCESS. dag_id=my_simple_dag, task_id=say_Hi, execution_date=20220802T131000, start_date=20220802T132055, end_date=20220802T132056
[2022-08-02 13:20:56,288] {taskinstance.py:1195} INFO - 1 downstream tasks scheduled from follow-on schedule check
[2022-08-02 13:20:56,310] {local_task_job.py:118} INFO - Task exited with return code 0
