[2022-08-03 05:22:00,618] {taskinstance.py:826} INFO - Dependencies all met for <TaskInstance: penjadwalan.dapat_suhu 2022-08-03T05:20:00+00:00 [queued]>
[2022-08-03 05:22:00,644] {taskinstance.py:826} INFO - Dependencies all met for <TaskInstance: penjadwalan.dapat_suhu 2022-08-03T05:20:00+00:00 [queued]>
[2022-08-03 05:22:00,645] {taskinstance.py:1017} INFO - 
--------------------------------------------------------------------------------
[2022-08-03 05:22:00,645] {taskinstance.py:1018} INFO - Starting attempt 1 of 1
[2022-08-03 05:22:00,645] {taskinstance.py:1019} INFO - 
--------------------------------------------------------------------------------
[2022-08-03 05:22:00,659] {taskinstance.py:1038} INFO - Executing <Task(PythonOperator): dapat_suhu> on 2022-08-03T05:20:00+00:00
[2022-08-03 05:22:00,664] {standard_task_runner.py:51} INFO - Started process 25199 to run task
[2022-08-03 05:22:00,670] {standard_task_runner.py:75} INFO - Running: ['airflow', 'tasks', 'run', 'penjadwalan', 'dapat_suhu', '2022-08-03T05:20:00+00:00', '--job-id', '679', '--pool', 'default_pool', '--raw', '--subdir', 'DAGS_FOLDER/penjadwalan.py', '--cfg-path', '/tmp/tmptqn8jzyt']
[2022-08-03 05:22:00,674] {standard_task_runner.py:76} INFO - Job 679: Subtask dapat_suhu
[2022-08-03 05:22:00,742] {logging_mixin.py:103} INFO - Running <TaskInstance: penjadwalan.dapat_suhu 2022-08-03T05:20:00+00:00 [running]> on host b4dcda255553
[2022-08-03 05:22:00,826] {taskinstance.py:1232} INFO - Exporting the following env vars:
AIRFLOW_CTX_DAG_OWNER=airflow
AIRFLOW_CTX_DAG_ID=penjadwalan
AIRFLOW_CTX_TASK_ID=dapat_suhu
AIRFLOW_CTX_EXECUTION_DATE=2022-08-03T05:20:00+00:00
AIRFLOW_CTX_DAG_RUN_ID=scheduled__2022-08-03T05:20:00+00:00
[2022-08-03 05:22:00,967] {logging_mixin.py:103} INFO - {'kota': 'Bali', 'cuaca': 'Clouds', 'cuaca_deskripsi': 'scattered clouds', 'temperatur': 302.69, 'waktu': '2022-08-03T05:22:00.967666'}
[2022-08-03 05:22:01,110] {logging_mixin.py:103} INFO - {'kota': 'Lombok', 'cuaca': 'Clouds', 'cuaca_deskripsi': 'overcast clouds', 'temperatur': 298.32, 'waktu': '2022-08-03T05:22:01.109960'}
[2022-08-03 05:22:01,222] {logging_mixin.py:103} INFO - {'kota': 'Labuan Bajo', 'cuaca': 'Clouds', 'cuaca_deskripsi': 'broken clouds', 'temperatur': 301.43, 'waktu': '2022-08-03T05:22:01.221735'}
[2022-08-03 05:22:01,376] {logging_mixin.py:103} INFO - {'kota': 'Bogor', 'cuaca': 'Clouds', 'cuaca_deskripsi': 'overcast clouds', 'temperatur': 303.41, 'waktu': '2022-08-03T05:22:01.375792'}
[2022-08-03 05:22:01,497] {logging_mixin.py:103} INFO - {'kota': 'Bandung', 'cuaca': 'Clouds', 'cuaca_deskripsi': 'broken clouds', 'temperatur': 302.02, 'waktu': '2022-08-03T05:22:01.497298'}
[2022-08-03 05:22:01,498] {python.py:118} INFO - Done. Returned value was: None
[2022-08-03 05:22:01,548] {taskinstance.py:1142} INFO - Marking task as SUCCESS. dag_id=penjadwalan, task_id=dapat_suhu, execution_date=20220803T052000, start_date=20220803T052200, end_date=20220803T052201
[2022-08-03 05:22:01,777] {taskinstance.py:1195} INFO - 0 downstream tasks scheduled from follow-on schedule check
[2022-08-03 05:22:01,813] {local_task_job.py:118} INFO - Task exited with return code 0
