[2022-08-03 00:46:38,415] {taskinstance.py:826} INFO - Dependencies all met for <TaskInstance: penjadwalan.dapat_suhu 2022-08-02T21:46:00+00:00 [queued]>
[2022-08-03 00:46:38,456] {taskinstance.py:826} INFO - Dependencies all met for <TaskInstance: penjadwalan.dapat_suhu 2022-08-02T21:46:00+00:00 [queued]>
[2022-08-03 00:46:38,456] {taskinstance.py:1017} INFO - 
--------------------------------------------------------------------------------
[2022-08-03 00:46:38,457] {taskinstance.py:1018} INFO - Starting attempt 1 of 1
[2022-08-03 00:46:38,458] {taskinstance.py:1019} INFO - 
--------------------------------------------------------------------------------
[2022-08-03 00:46:38,483] {taskinstance.py:1038} INFO - Executing <Task(PythonOperator): dapat_suhu> on 2022-08-02T21:46:00+00:00
[2022-08-03 00:46:38,491] {standard_task_runner.py:51} INFO - Started process 29030 to run task
[2022-08-03 00:46:38,500] {standard_task_runner.py:75} INFO - Running: ['airflow', 'tasks', 'run', 'penjadwalan', 'dapat_suhu', '2022-08-02T21:46:00+00:00', '--job-id', '340', '--pool', 'default_pool', '--raw', '--subdir', 'DAGS_FOLDER/penjadwalan.py', '--cfg-path', '/tmp/tmp4dchgd_q']
[2022-08-03 00:46:38,506] {standard_task_runner.py:76} INFO - Job 340: Subtask dapat_suhu
[2022-08-03 00:46:38,625] {logging_mixin.py:103} INFO - Running <TaskInstance: penjadwalan.dapat_suhu 2022-08-02T21:46:00+00:00 [running]> on host b4dcda255553
[2022-08-03 00:46:38,714] {taskinstance.py:1232} INFO - Exporting the following env vars:
AIRFLOW_CTX_DAG_OWNER=airflow
AIRFLOW_CTX_DAG_ID=penjadwalan
AIRFLOW_CTX_TASK_ID=dapat_suhu
AIRFLOW_CTX_EXECUTION_DATE=2022-08-02T21:46:00+00:00
AIRFLOW_CTX_DAG_RUN_ID=scheduled__2022-08-02T21:46:00+00:00
[2022-08-03 00:46:39,899] {logging_mixin.py:103} INFO - {'kota': 'Bali', 'cuaca': 'Clouds', 'cuaca_deskripsi': 'overcast clouds', 'temperatur': 298.28, 'waktu': '2022-08-03T00:46:39.899134'}
[2022-08-03 00:46:41,809] {logging_mixin.py:103} INFO - {'kota': 'Lombok', 'cuaca': 'Clouds', 'cuaca_deskripsi': 'overcast clouds', 'temperatur': 295.51, 'waktu': '2022-08-03T00:46:41.809658'}
[2022-08-03 00:46:42,251] {logging_mixin.py:103} INFO - {'kota': 'Labuan Bajo', 'cuaca': 'Clouds', 'cuaca_deskripsi': 'scattered clouds', 'temperatur': 300.93, 'waktu': '2022-08-03T00:46:42.250631'}
[2022-08-03 00:46:43,800] {logging_mixin.py:103} INFO - {'kota': 'Bogor', 'cuaca': 'Rain', 'cuaca_deskripsi': 'light rain', 'temperatur': 300.87, 'waktu': '2022-08-03T00:46:43.800422'}
[2022-08-03 00:46:51,607] {logging_mixin.py:103} INFO - {'kota': 'Bandung', 'cuaca': 'Clouds', 'cuaca_deskripsi': 'scattered clouds', 'temperatur': 296.92, 'waktu': '2022-08-03T00:46:51.607055'}
[2022-08-03 00:46:51,609] {python.py:118} INFO - Done. Returned value was: None
[2022-08-03 00:46:51,630] {taskinstance.py:1142} INFO - Marking task as SUCCESS. dag_id=penjadwalan, task_id=dapat_suhu, execution_date=20220802T214600, start_date=20220803T004638, end_date=20220803T004651
[2022-08-03 00:46:51,690] {taskinstance.py:1195} INFO - 0 downstream tasks scheduled from follow-on schedule check
[2022-08-03 00:46:51,713] {local_task_job.py:118} INFO - Task exited with return code 0
