[2022-08-03 05:52:01,233] {taskinstance.py:826} INFO - Dependencies all met for <TaskInstance: penjadwalan.dapat_suhu 2022-08-03T05:50:00+00:00 [queued]>
[2022-08-03 05:52:01,272] {taskinstance.py:826} INFO - Dependencies all met for <TaskInstance: penjadwalan.dapat_suhu 2022-08-03T05:50:00+00:00 [queued]>
[2022-08-03 05:52:01,274] {taskinstance.py:1017} INFO - 
--------------------------------------------------------------------------------
[2022-08-03 05:52:01,275] {taskinstance.py:1018} INFO - Starting attempt 1 of 1
[2022-08-03 05:52:01,276] {taskinstance.py:1019} INFO - 
--------------------------------------------------------------------------------
[2022-08-03 05:52:01,295] {taskinstance.py:1038} INFO - Executing <Task(PythonOperator): dapat_suhu> on 2022-08-03T05:50:00+00:00
[2022-08-03 05:52:01,301] {standard_task_runner.py:51} INFO - Started process 12583 to run task
[2022-08-03 05:52:01,310] {standard_task_runner.py:75} INFO - Running: ['airflow', 'tasks', 'run', 'penjadwalan', 'dapat_suhu', '2022-08-03T05:50:00+00:00', '--job-id', '706', '--pool', 'default_pool', '--raw', '--subdir', 'DAGS_FOLDER/penjadwalan.py', '--cfg-path', '/tmp/tmpv_4temvj']
[2022-08-03 05:52:01,316] {standard_task_runner.py:76} INFO - Job 706: Subtask dapat_suhu
[2022-08-03 05:52:01,409] {logging_mixin.py:103} INFO - Running <TaskInstance: penjadwalan.dapat_suhu 2022-08-03T05:50:00+00:00 [running]> on host b4dcda255553
[2022-08-03 05:52:01,553] {taskinstance.py:1232} INFO - Exporting the following env vars:
AIRFLOW_CTX_DAG_OWNER=airflow
AIRFLOW_CTX_DAG_ID=penjadwalan
AIRFLOW_CTX_TASK_ID=dapat_suhu
AIRFLOW_CTX_EXECUTION_DATE=2022-08-03T05:50:00+00:00
AIRFLOW_CTX_DAG_RUN_ID=scheduled__2022-08-03T05:50:00+00:00
[2022-08-03 05:52:01,773] {logging_mixin.py:103} INFO - {'kota': 'Bali', 'cuaca': 'Clouds', 'cuaca_deskripsi': 'scattered clouds', 'temperatur': 302.69, 'waktu': '2022-08-03T05:52:01.772798'}
[2022-08-03 05:52:01,950] {logging_mixin.py:103} INFO - {'kota': 'Lombok', 'cuaca': 'Rain', 'cuaca_deskripsi': 'moderate rain', 'temperatur': 297.64, 'waktu': '2022-08-03T05:52:01.949949'}
[2022-08-03 05:52:02,077] {logging_mixin.py:103} INFO - {'kota': 'Labuan Bajo', 'cuaca': 'Clouds', 'cuaca_deskripsi': 'broken clouds', 'temperatur': 300.81, 'waktu': '2022-08-03T05:52:02.077108'}
[2022-08-03 05:52:02,198] {logging_mixin.py:103} INFO - {'kota': 'Bogor', 'cuaca': 'Clouds', 'cuaca_deskripsi': 'overcast clouds', 'temperatur': 304.52, 'waktu': '2022-08-03T05:52:02.198507'}
[2022-08-03 05:52:02,376] {logging_mixin.py:103} INFO - {'kota': 'Bandung', 'cuaca': 'Clouds', 'cuaca_deskripsi': 'broken clouds', 'temperatur': 301.75, 'waktu': '2022-08-03T05:52:02.375983'}
[2022-08-03 05:52:02,377] {python.py:118} INFO - Done. Returned value was: None
[2022-08-03 05:52:02,414] {taskinstance.py:1142} INFO - Marking task as SUCCESS. dag_id=penjadwalan, task_id=dapat_suhu, execution_date=20220803T055000, start_date=20220803T055201, end_date=20220803T055202
[2022-08-03 05:52:03,311] {taskinstance.py:1195} INFO - 0 downstream tasks scheduled from follow-on schedule check
[2022-08-03 05:52:03,335] {local_task_job.py:118} INFO - Task exited with return code 0
