[2022-08-03 00:44:39,939] {taskinstance.py:826} INFO - Dependencies all met for <TaskInstance: penjadwalan.dapat_suhu 2022-08-02T17:58:00+00:00 [queued]>
[2022-08-03 00:44:40,158] {taskinstance.py:826} INFO - Dependencies all met for <TaskInstance: penjadwalan.dapat_suhu 2022-08-02T17:58:00+00:00 [queued]>
[2022-08-03 00:44:40,185] {taskinstance.py:1017} INFO - 
--------------------------------------------------------------------------------
[2022-08-03 00:44:40,201] {taskinstance.py:1018} INFO - Starting attempt 1 of 1
[2022-08-03 00:44:40,216] {taskinstance.py:1019} INFO - 
--------------------------------------------------------------------------------
[2022-08-03 00:44:40,286] {taskinstance.py:1038} INFO - Executing <Task(PythonOperator): dapat_suhu> on 2022-08-02T17:58:00+00:00
[2022-08-03 00:44:40,339] {standard_task_runner.py:51} INFO - Started process 25006 to run task
[2022-08-03 00:44:40,396] {standard_task_runner.py:75} INFO - Running: ['airflow', 'tasks', 'run', 'penjadwalan', 'dapat_suhu', '2022-08-02T17:58:00+00:00', '--job-id', '222', '--pool', 'default_pool', '--raw', '--subdir', 'DAGS_FOLDER/penjadwalan.py', '--cfg-path', '/tmp/tmpnbgbo3pt']
[2022-08-03 00:44:40,443] {standard_task_runner.py:76} INFO - Job 222: Subtask dapat_suhu
[2022-08-03 00:44:40,779] {logging_mixin.py:103} INFO - Running <TaskInstance: penjadwalan.dapat_suhu 2022-08-02T17:58:00+00:00 [running]> on host b4dcda255553
[2022-08-03 00:44:41,001] {taskinstance.py:1232} INFO - Exporting the following env vars:
AIRFLOW_CTX_DAG_OWNER=airflow
AIRFLOW_CTX_DAG_ID=penjadwalan
AIRFLOW_CTX_TASK_ID=dapat_suhu
AIRFLOW_CTX_EXECUTION_DATE=2022-08-02T17:58:00+00:00
AIRFLOW_CTX_DAG_RUN_ID=scheduled__2022-08-02T17:58:00+00:00
[2022-08-03 00:44:48,363] {logging_mixin.py:103} INFO - {'kota': 'Bali', 'cuaca': 'Clouds', 'cuaca_deskripsi': 'overcast clouds', 'temperatur': 298.28, 'waktu': '2022-08-03T00:44:48.363008'}
[2022-08-03 00:44:52,971] {logging_mixin.py:103} INFO - {'kota': 'Lombok', 'cuaca': 'Clouds', 'cuaca_deskripsi': 'overcast clouds', 'temperatur': 295.51, 'waktu': '2022-08-03T00:44:52.971394'}
[2022-08-03 00:44:57,193] {logging_mixin.py:103} INFO - {'kota': 'Labuan Bajo', 'cuaca': 'Clouds', 'cuaca_deskripsi': 'scattered clouds', 'temperatur': 300.93, 'waktu': '2022-08-03T00:44:57.193280'}
[2022-08-03 00:44:57,793] {logging_mixin.py:103} INFO - {'kota': 'Bogor', 'cuaca': 'Rain', 'cuaca_deskripsi': 'light rain', 'temperatur': 300.87, 'waktu': '2022-08-03T00:44:57.793566'}
[2022-08-03 00:44:58,256] {logging_mixin.py:103} INFO - {'kota': 'Bandung', 'cuaca': 'Clouds', 'cuaca_deskripsi': 'scattered clouds', 'temperatur': 296.92, 'waktu': '2022-08-03T00:44:58.255969'}
[2022-08-03 00:44:58,259] {python.py:118} INFO - Done. Returned value was: None
[2022-08-03 00:44:58,374] {taskinstance.py:1142} INFO - Marking task as SUCCESS. dag_id=penjadwalan, task_id=dapat_suhu, execution_date=20220802T175800, start_date=20220803T004439, end_date=20220803T004458
[2022-08-03 00:44:58,706] {taskinstance.py:1195} INFO - 0 downstream tasks scheduled from follow-on schedule check
[2022-08-03 00:44:58,770] {local_task_job.py:118} INFO - Task exited with return code 0
