[2022-08-03 06:56:03,787] {taskinstance.py:826} INFO - Dependencies all met for <TaskInstance: penjadwalan.dapat_suhu 2022-08-03T06:54:00+00:00 [queued]>
[2022-08-03 06:56:04,017] {taskinstance.py:826} INFO - Dependencies all met for <TaskInstance: penjadwalan.dapat_suhu 2022-08-03T06:54:00+00:00 [queued]>
[2022-08-03 06:56:04,019] {taskinstance.py:1017} INFO - 
--------------------------------------------------------------------------------
[2022-08-03 06:56:04,027] {taskinstance.py:1018} INFO - Starting attempt 1 of 1
[2022-08-03 06:56:04,031] {taskinstance.py:1019} INFO - 
--------------------------------------------------------------------------------
[2022-08-03 06:56:04,083] {taskinstance.py:1038} INFO - Executing <Task(PythonOperator): dapat_suhu> on 2022-08-03T06:54:00+00:00
[2022-08-03 06:56:04,091] {standard_task_runner.py:51} INFO - Started process 7615 to run task
[2022-08-03 06:56:04,108] {standard_task_runner.py:75} INFO - Running: ['airflow', 'tasks', 'run', 'penjadwalan', 'dapat_suhu', '2022-08-03T06:54:00+00:00', '--job-id', '794', '--pool', 'default_pool', '--raw', '--subdir', 'DAGS_FOLDER/penjadwalan.py', '--cfg-path', '/tmp/tmpxson8eu9']
[2022-08-03 06:56:04,115] {standard_task_runner.py:76} INFO - Job 794: Subtask dapat_suhu
[2022-08-03 06:56:04,320] {logging_mixin.py:103} INFO - Running <TaskInstance: penjadwalan.dapat_suhu 2022-08-03T06:54:00+00:00 [running]> on host b4dcda255553
[2022-08-03 06:56:04,589] {taskinstance.py:1232} INFO - Exporting the following env vars:
AIRFLOW_CTX_DAG_OWNER=airflow
AIRFLOW_CTX_DAG_ID=penjadwalan
AIRFLOW_CTX_TASK_ID=dapat_suhu
AIRFLOW_CTX_EXECUTION_DATE=2022-08-03T06:54:00+00:00
AIRFLOW_CTX_DAG_RUN_ID=scheduled__2022-08-03T06:54:00+00:00
[2022-08-03 06:56:04,859] {logging_mixin.py:103} INFO - {'kota': 'Bali', 'cuaca': 'Clouds', 'cuaca_deskripsi': 'broken clouds', 'temperatur': 302.69, 'waktu': '2022-08-03T06:56:04.859468'}
[2022-08-03 06:56:05,080] {logging_mixin.py:103} INFO - {'kota': 'Lombok', 'cuaca': 'Rain', 'cuaca_deskripsi': 'light rain', 'temperatur': 297.58, 'waktu': '2022-08-03T06:56:05.080008'}
[2022-08-03 06:56:05,324] {logging_mixin.py:103} INFO - {'kota': 'Labuan Bajo', 'cuaca': 'Clouds', 'cuaca_deskripsi': 'overcast clouds', 'temperatur': 300.69, 'waktu': '2022-08-03T06:56:05.324759'}
[2022-08-03 06:56:05,505] {logging_mixin.py:103} INFO - {'kota': 'Bogor', 'cuaca': 'Clouds', 'cuaca_deskripsi': 'overcast clouds', 'temperatur': 305.31, 'waktu': '2022-08-03T06:56:05.505376'}
[2022-08-03 06:56:05,767] {logging_mixin.py:103} INFO - {'kota': 'Bandung', 'cuaca': 'Clouds', 'cuaca_deskripsi': 'overcast clouds', 'temperatur': 301.31, 'waktu': '2022-08-03T06:56:05.766927'}
[2022-08-03 06:56:05,770] {python.py:118} INFO - Done. Returned value was: None
[2022-08-03 06:56:05,808] {taskinstance.py:1142} INFO - Marking task as SUCCESS. dag_id=penjadwalan, task_id=dapat_suhu, execution_date=20220803T065400, start_date=20220803T065603, end_date=20220803T065605
[2022-08-03 06:56:05,870] {taskinstance.py:1195} INFO - 0 downstream tasks scheduled from follow-on schedule check
[2022-08-03 06:56:05,909] {local_task_job.py:118} INFO - Task exited with return code 0
