[2022-08-03 00:44:34,630] {taskinstance.py:826} INFO - Dependencies all met for <TaskInstance: penjadwalan.dapat_suhu 2022-08-02T17:42:00+00:00 [queued]>
[2022-08-03 00:44:34,852] {taskinstance.py:826} INFO - Dependencies all met for <TaskInstance: penjadwalan.dapat_suhu 2022-08-02T17:42:00+00:00 [queued]>
[2022-08-03 00:44:34,927] {taskinstance.py:1017} INFO - 
--------------------------------------------------------------------------------
[2022-08-03 00:44:34,948] {taskinstance.py:1018} INFO - Starting attempt 1 of 1
[2022-08-03 00:44:34,975] {taskinstance.py:1019} INFO - 
--------------------------------------------------------------------------------
[2022-08-03 00:44:35,215] {taskinstance.py:1038} INFO - Executing <Task(PythonOperator): dapat_suhu> on 2022-08-02T17:42:00+00:00
[2022-08-03 00:44:35,277] {standard_task_runner.py:75} INFO - Running: ['airflow', 'tasks', 'run', 'penjadwalan', 'dapat_suhu', '2022-08-02T17:42:00+00:00', '--job-id', '212', '--pool', 'default_pool', '--raw', '--subdir', 'DAGS_FOLDER/penjadwalan.py', '--cfg-path', '/tmp/tmpp5zjxoas']
[2022-08-03 00:44:35,340] {standard_task_runner.py:76} INFO - Job 212: Subtask dapat_suhu
[2022-08-03 00:44:35,247] {standard_task_runner.py:51} INFO - Started process 24966 to run task
[2022-08-03 00:44:35,699] {logging_mixin.py:103} INFO - Running <TaskInstance: penjadwalan.dapat_suhu 2022-08-02T17:42:00+00:00 [running]> on host b4dcda255553
[2022-08-03 00:44:36,107] {taskinstance.py:1232} INFO - Exporting the following env vars:
AIRFLOW_CTX_DAG_OWNER=airflow
AIRFLOW_CTX_DAG_ID=penjadwalan
AIRFLOW_CTX_TASK_ID=dapat_suhu
AIRFLOW_CTX_EXECUTION_DATE=2022-08-02T17:42:00+00:00
AIRFLOW_CTX_DAG_RUN_ID=scheduled__2022-08-02T17:42:00+00:00
[2022-08-03 00:44:53,957] {logging_mixin.py:103} INFO - {'kota': 'Bali', 'cuaca': 'Clouds', 'cuaca_deskripsi': 'overcast clouds', 'temperatur': 298.28, 'waktu': '2022-08-03T00:44:53.957650'}
[2022-08-03 00:44:57,484] {logging_mixin.py:103} INFO - {'kota': 'Lombok', 'cuaca': 'Clouds', 'cuaca_deskripsi': 'overcast clouds', 'temperatur': 295.51, 'waktu': '2022-08-03T00:44:57.484632'}
[2022-08-03 00:44:57,921] {logging_mixin.py:103} INFO - {'kota': 'Labuan Bajo', 'cuaca': 'Clouds', 'cuaca_deskripsi': 'scattered clouds', 'temperatur': 300.93, 'waktu': '2022-08-03T00:44:57.921829'}
[2022-08-03 00:44:58,284] {logging_mixin.py:103} INFO - {'kota': 'Bogor', 'cuaca': 'Rain', 'cuaca_deskripsi': 'light rain', 'temperatur': 300.87, 'waktu': '2022-08-03T00:44:58.283910'}
[2022-08-03 00:45:04,559] {logging_mixin.py:103} INFO - {'kota': 'Bandung', 'cuaca': 'Clouds', 'cuaca_deskripsi': 'scattered clouds', 'temperatur': 296.92, 'waktu': '2022-08-03T00:45:04.559450'}
[2022-08-03 00:45:04,579] {python.py:118} INFO - Done. Returned value was: None
[2022-08-03 00:45:04,682] {taskinstance.py:1142} INFO - Marking task as SUCCESS. dag_id=penjadwalan, task_id=dapat_suhu, execution_date=20220802T174200, start_date=20220803T004434, end_date=20220803T004504
[2022-08-03 00:45:04,864] {taskinstance.py:1195} INFO - 0 downstream tasks scheduled from follow-on schedule check
[2022-08-03 00:45:04,928] {local_task_job.py:118} INFO - Task exited with return code 0
