[2022-08-03 00:46:48,203] {taskinstance.py:826} INFO - Dependencies all met for <TaskInstance: penjadwalan.dapat_suhu 2022-08-02T22:10:00+00:00 [queued]>
[2022-08-03 00:46:48,231] {taskinstance.py:826} INFO - Dependencies all met for <TaskInstance: penjadwalan.dapat_suhu 2022-08-02T22:10:00+00:00 [queued]>
[2022-08-03 00:46:48,231] {taskinstance.py:1017} INFO - 
--------------------------------------------------------------------------------
[2022-08-03 00:46:48,232] {taskinstance.py:1018} INFO - Starting attempt 1 of 1
[2022-08-03 00:46:48,232] {taskinstance.py:1019} INFO - 
--------------------------------------------------------------------------------
[2022-08-03 00:46:48,249] {taskinstance.py:1038} INFO - Executing <Task(PythonOperator): dapat_suhu> on 2022-08-02T22:10:00+00:00
[2022-08-03 00:46:48,256] {standard_task_runner.py:51} INFO - Started process 29497 to run task
[2022-08-03 00:46:48,260] {standard_task_runner.py:75} INFO - Running: ['airflow', 'tasks', 'run', 'penjadwalan', 'dapat_suhu', '2022-08-02T22:10:00+00:00', '--job-id', '352', '--pool', 'default_pool', '--raw', '--subdir', 'DAGS_FOLDER/penjadwalan.py', '--cfg-path', '/tmp/tmpdux53xmb']
[2022-08-03 00:46:48,264] {standard_task_runner.py:76} INFO - Job 352: Subtask dapat_suhu
[2022-08-03 00:46:48,334] {logging_mixin.py:103} INFO - Running <TaskInstance: penjadwalan.dapat_suhu 2022-08-02T22:10:00+00:00 [running]> on host b4dcda255553
[2022-08-03 00:46:48,405] {taskinstance.py:1232} INFO - Exporting the following env vars:
AIRFLOW_CTX_DAG_OWNER=airflow
AIRFLOW_CTX_DAG_ID=penjadwalan
AIRFLOW_CTX_TASK_ID=dapat_suhu
AIRFLOW_CTX_EXECUTION_DATE=2022-08-02T22:10:00+00:00
AIRFLOW_CTX_DAG_RUN_ID=scheduled__2022-08-02T22:10:00+00:00
[2022-08-03 00:46:52,420] {logging_mixin.py:103} INFO - {'kota': 'Bali', 'cuaca': 'Clouds', 'cuaca_deskripsi': 'overcast clouds', 'temperatur': 298.28, 'waktu': '2022-08-03T00:46:52.420042'}
[2022-08-03 00:46:52,825] {logging_mixin.py:103} INFO - {'kota': 'Lombok', 'cuaca': 'Clouds', 'cuaca_deskripsi': 'overcast clouds', 'temperatur': 295.51, 'waktu': '2022-08-03T00:46:52.825477'}
[2022-08-03 00:46:53,111] {logging_mixin.py:103} INFO - {'kota': 'Labuan Bajo', 'cuaca': 'Clouds', 'cuaca_deskripsi': 'scattered clouds', 'temperatur': 300.93, 'waktu': '2022-08-03T00:46:53.110781'}
[2022-08-03 00:46:53,484] {logging_mixin.py:103} INFO - {'kota': 'Bogor', 'cuaca': 'Rain', 'cuaca_deskripsi': 'light rain', 'temperatur': 300.87, 'waktu': '2022-08-03T00:46:53.484537'}
[2022-08-03 00:46:53,817] {logging_mixin.py:103} INFO - {'kota': 'Bandung', 'cuaca': 'Clouds', 'cuaca_deskripsi': 'scattered clouds', 'temperatur': 296.92, 'waktu': '2022-08-03T00:46:53.816986'}
[2022-08-03 00:46:53,817] {python.py:118} INFO - Done. Returned value was: None
[2022-08-03 00:46:53,867] {taskinstance.py:1142} INFO - Marking task as SUCCESS. dag_id=penjadwalan, task_id=dapat_suhu, execution_date=20220802T221000, start_date=20220803T004648, end_date=20220803T004653
[2022-08-03 00:46:54,020] {taskinstance.py:1195} INFO - 0 downstream tasks scheduled from follow-on schedule check
[2022-08-03 00:46:54,069] {local_task_job.py:118} INFO - Task exited with return code 0
