[2022-08-02 16:53:11,195] {taskinstance.py:826} INFO - Dependencies all met for <TaskInstance: penjadwalan.dapat_suhu 2022-08-02T16:40:00+00:00 [queued]>
[2022-08-02 16:53:11,215] {taskinstance.py:826} INFO - Dependencies all met for <TaskInstance: penjadwalan.dapat_suhu 2022-08-02T16:40:00+00:00 [queued]>
[2022-08-02 16:53:11,216] {taskinstance.py:1017} INFO - 
--------------------------------------------------------------------------------
[2022-08-02 16:53:11,216] {taskinstance.py:1018} INFO - Starting attempt 1 of 1
[2022-08-02 16:53:11,216] {taskinstance.py:1019} INFO - 
--------------------------------------------------------------------------------
[2022-08-02 16:53:11,237] {taskinstance.py:1038} INFO - Executing <Task(PythonOperator): dapat_suhu> on 2022-08-02T16:40:00+00:00
[2022-08-02 16:53:11,242] {standard_task_runner.py:51} INFO - Started process 1005 to run task
[2022-08-02 16:53:11,247] {standard_task_runner.py:75} INFO - Running: ['airflow', 'tasks', 'run', 'penjadwalan', 'dapat_suhu', '2022-08-02T16:40:00+00:00', '--job-id', '163', '--pool', 'default_pool', '--raw', '--subdir', 'DAGS_FOLDER/penjadwalan.py', '--cfg-path', '/tmp/tmpjb7qc9ze']
[2022-08-02 16:53:11,250] {standard_task_runner.py:76} INFO - Job 163: Subtask dapat_suhu
[2022-08-02 16:53:11,318] {logging_mixin.py:103} INFO - Running <TaskInstance: penjadwalan.dapat_suhu 2022-08-02T16:40:00+00:00 [running]> on host b4dcda255553
[2022-08-02 16:53:11,397] {taskinstance.py:1232} INFO - Exporting the following env vars:
AIRFLOW_CTX_DAG_OWNER=airflow
AIRFLOW_CTX_DAG_ID=penjadwalan
AIRFLOW_CTX_TASK_ID=dapat_suhu
AIRFLOW_CTX_EXECUTION_DATE=2022-08-02T16:40:00+00:00
AIRFLOW_CTX_DAG_RUN_ID=scheduled__2022-08-02T16:40:00+00:00
[2022-08-02 16:53:11,666] {logging_mixin.py:103} INFO - {'kota': 'Bali', 'cuaca': 'Clouds', 'cuaca_deskripsi': 'overcast clouds', 'temperatur': 298.28, 'waktu': '2022-08-02T16:53:11.666395'}
[2022-08-02 16:53:11,921] {logging_mixin.py:103} INFO - {'kota': 'Lombok', 'cuaca': 'Clouds', 'cuaca_deskripsi': 'broken clouds', 'temperatur': 293.44, 'waktu': '2022-08-02T16:53:11.921158'}
[2022-08-02 16:53:13,033] {logging_mixin.py:103} INFO - {'kota': 'Labuan Bajo', 'cuaca': 'Clouds', 'cuaca_deskripsi': 'broken clouds', 'temperatur': 297.27, 'waktu': '2022-08-02T16:53:13.032934'}
[2022-08-02 16:53:13,625] {logging_mixin.py:103} INFO - {'kota': 'Bogor', 'cuaca': 'Clouds', 'cuaca_deskripsi': 'broken clouds', 'temperatur': 296.93, 'waktu': '2022-08-02T16:53:13.625803'}
[2022-08-02 16:53:13,954] {logging_mixin.py:103} INFO - {'kota': 'Bandung', 'cuaca': 'Clouds', 'cuaca_deskripsi': 'broken clouds', 'temperatur': 293.46, 'waktu': '2022-08-02T16:53:13.954241'}
[2022-08-02 16:53:13,955] {python.py:118} INFO - Done. Returned value was: None
[2022-08-02 16:53:13,978] {taskinstance.py:1142} INFO - Marking task as SUCCESS. dag_id=penjadwalan, task_id=dapat_suhu, execution_date=20220802T164000, start_date=20220802T165311, end_date=20220802T165313
[2022-08-02 16:53:14,026] {taskinstance.py:1195} INFO - 0 downstream tasks scheduled from follow-on schedule check
[2022-08-02 16:53:14,075] {local_task_job.py:118} INFO - Task exited with return code 0
