[2022-08-03 00:47:46,519] {taskinstance.py:826} INFO - Dependencies all met for <TaskInstance: penjadwalan.dapat_suhu 2022-08-02T23:04:00+00:00 [queued]>
[2022-08-03 00:47:46,609] {taskinstance.py:826} INFO - Dependencies all met for <TaskInstance: penjadwalan.dapat_suhu 2022-08-02T23:04:00+00:00 [queued]>
[2022-08-03 00:47:46,618] {taskinstance.py:1017} INFO - 
--------------------------------------------------------------------------------
[2022-08-03 00:47:46,624] {taskinstance.py:1018} INFO - Starting attempt 1 of 1
[2022-08-03 00:47:46,629] {taskinstance.py:1019} INFO - 
--------------------------------------------------------------------------------
[2022-08-03 00:47:46,695] {taskinstance.py:1038} INFO - Executing <Task(PythonOperator): dapat_suhu> on 2022-08-02T23:04:00+00:00
[2022-08-03 00:47:46,707] {standard_task_runner.py:51} INFO - Started process 31860 to run task
[2022-08-03 00:47:46,717] {standard_task_runner.py:75} INFO - Running: ['airflow', 'tasks', 'run', 'penjadwalan', 'dapat_suhu', '2022-08-02T23:04:00+00:00', '--job-id', '379', '--pool', 'default_pool', '--raw', '--subdir', 'DAGS_FOLDER/penjadwalan.py', '--cfg-path', '/tmp/tmpjwzx76ms']
[2022-08-03 00:47:46,732] {standard_task_runner.py:76} INFO - Job 379: Subtask dapat_suhu
[2022-08-03 00:47:46,919] {logging_mixin.py:103} INFO - Running <TaskInstance: penjadwalan.dapat_suhu 2022-08-02T23:04:00+00:00 [running]> on host b4dcda255553
[2022-08-03 00:47:47,102] {taskinstance.py:1232} INFO - Exporting the following env vars:
AIRFLOW_CTX_DAG_OWNER=airflow
AIRFLOW_CTX_DAG_ID=penjadwalan
AIRFLOW_CTX_TASK_ID=dapat_suhu
AIRFLOW_CTX_EXECUTION_DATE=2022-08-02T23:04:00+00:00
AIRFLOW_CTX_DAG_RUN_ID=scheduled__2022-08-02T23:04:00+00:00
[2022-08-03 00:47:49,842] {logging_mixin.py:103} INFO - {'kota': 'Bali', 'cuaca': 'Clouds', 'cuaca_deskripsi': 'overcast clouds', 'temperatur': 298.28, 'waktu': '2022-08-03T00:47:49.842055'}
[2022-08-03 00:47:50,434] {logging_mixin.py:103} INFO - {'kota': 'Lombok', 'cuaca': 'Clouds', 'cuaca_deskripsi': 'overcast clouds', 'temperatur': 295.51, 'waktu': '2022-08-03T00:47:50.434515'}
[2022-08-03 00:47:50,884] {logging_mixin.py:103} INFO - {'kota': 'Labuan Bajo', 'cuaca': 'Clouds', 'cuaca_deskripsi': 'scattered clouds', 'temperatur': 300.93, 'waktu': '2022-08-03T00:47:50.884694'}
[2022-08-03 00:47:53,194] {logging_mixin.py:103} INFO - {'kota': 'Bogor', 'cuaca': 'Rain', 'cuaca_deskripsi': 'light rain', 'temperatur': 300.87, 'waktu': '2022-08-03T00:47:53.194257'}
[2022-08-03 00:47:54,132] {logging_mixin.py:103} INFO - {'kota': 'Bandung', 'cuaca': 'Clouds', 'cuaca_deskripsi': 'scattered clouds', 'temperatur': 296.92, 'waktu': '2022-08-03T00:47:54.131991'}
[2022-08-03 00:47:54,134] {python.py:118} INFO - Done. Returned value was: None
[2022-08-03 00:47:54,175] {taskinstance.py:1142} INFO - Marking task as SUCCESS. dag_id=penjadwalan, task_id=dapat_suhu, execution_date=20220802T230400, start_date=20220803T004746, end_date=20220803T004754
[2022-08-03 00:47:54,271] {taskinstance.py:1195} INFO - 0 downstream tasks scheduled from follow-on schedule check
[2022-08-03 00:47:54,310] {local_task_job.py:118} INFO - Task exited with return code 0
