[2022-08-03 08:40:01,996] {taskinstance.py:826} INFO - Dependencies all met for <TaskInstance: penjadwalan.dapat_suhu 2022-08-03T08:38:00+00:00 [queued]>
[2022-08-03 08:40:02,054] {taskinstance.py:826} INFO - Dependencies all met for <TaskInstance: penjadwalan.dapat_suhu 2022-08-03T08:38:00+00:00 [queued]>
[2022-08-03 08:40:02,055] {taskinstance.py:1017} INFO - 
--------------------------------------------------------------------------------
[2022-08-03 08:40:02,056] {taskinstance.py:1018} INFO - Starting attempt 1 of 1
[2022-08-03 08:40:02,057] {taskinstance.py:1019} INFO - 
--------------------------------------------------------------------------------
[2022-08-03 08:40:02,089] {taskinstance.py:1038} INFO - Executing <Task(PythonOperator): dapat_suhu> on 2022-08-03T08:38:00+00:00
[2022-08-03 08:40:02,094] {standard_task_runner.py:51} INFO - Started process 9662 to run task
[2022-08-03 08:40:02,106] {standard_task_runner.py:75} INFO - Running: ['airflow', 'tasks', 'run', 'penjadwalan', 'dapat_suhu', '2022-08-03T08:38:00+00:00', '--job-id', '886', '--pool', 'default_pool', '--raw', '--subdir', 'DAGS_FOLDER/penjadwalan.py', '--cfg-path', '/tmp/tmps6f3dcyt']
[2022-08-03 08:40:02,113] {standard_task_runner.py:76} INFO - Job 886: Subtask dapat_suhu
[2022-08-03 08:40:02,309] {logging_mixin.py:103} INFO - Running <TaskInstance: penjadwalan.dapat_suhu 2022-08-03T08:38:00+00:00 [running]> on host b4dcda255553
[2022-08-03 08:40:02,498] {taskinstance.py:1232} INFO - Exporting the following env vars:
AIRFLOW_CTX_DAG_OWNER=airflow
AIRFLOW_CTX_DAG_ID=penjadwalan
AIRFLOW_CTX_TASK_ID=dapat_suhu
AIRFLOW_CTX_EXECUTION_DATE=2022-08-03T08:38:00+00:00
AIRFLOW_CTX_DAG_RUN_ID=scheduled__2022-08-03T08:38:00+00:00
[2022-08-03 08:40:02,943] {logging_mixin.py:103} INFO - {'kota': 'Bali', 'cuaca': 'Clouds', 'cuaca_deskripsi': 'broken clouds', 'temperatur': 301.61, 'waktu': '2022-08-03T08:40:02.943762'}
[2022-08-03 08:40:03,126] {logging_mixin.py:103} INFO - {'kota': 'Lombok', 'cuaca': 'Rain', 'cuaca_deskripsi': 'moderate rain', 'temperatur': 296.25, 'waktu': '2022-08-03T08:40:03.126382'}
[2022-08-03 08:40:03,322] {logging_mixin.py:103} INFO - {'kota': 'Labuan Bajo', 'cuaca': 'Clouds', 'cuaca_deskripsi': 'overcast clouds', 'temperatur': 300.25, 'waktu': '2022-08-03T08:40:03.322462'}
[2022-08-03 08:40:03,499] {logging_mixin.py:103} INFO - {'kota': 'Bogor', 'cuaca': 'Clouds', 'cuaca_deskripsi': 'overcast clouds', 'temperatur': 303.65, 'waktu': '2022-08-03T08:40:03.499621'}
[2022-08-03 08:40:03,681] {logging_mixin.py:103} INFO - {'kota': 'Bandung', 'cuaca': 'Clouds', 'cuaca_deskripsi': 'overcast clouds', 'temperatur': 297, 'waktu': '2022-08-03T08:40:03.681686'}
[2022-08-03 08:40:03,682] {python.py:118} INFO - Done. Returned value was: None
[2022-08-03 08:40:03,730] {taskinstance.py:1142} INFO - Marking task as SUCCESS. dag_id=penjadwalan, task_id=dapat_suhu, execution_date=20220803T083800, start_date=20220803T084002, end_date=20220803T084003
[2022-08-03 08:40:03,851] {taskinstance.py:1195} INFO - 0 downstream tasks scheduled from follow-on schedule check
[2022-08-03 08:40:03,894] {local_task_job.py:118} INFO - Task exited with return code 0
