[2022-08-02 15:30:12,154] {taskinstance.py:826} INFO - Dependencies all met for <TaskInstance: pokea.respond 2022-08-02T15:20:00+00:00 [queued]>
[2022-08-02 15:30:12,182] {taskinstance.py:826} INFO - Dependencies all met for <TaskInstance: pokea.respond 2022-08-02T15:20:00+00:00 [queued]>
[2022-08-02 15:30:12,182] {taskinstance.py:1017} INFO - 
--------------------------------------------------------------------------------
[2022-08-02 15:30:12,183] {taskinstance.py:1018} INFO - Starting attempt 1 of 1
[2022-08-02 15:30:12,183] {taskinstance.py:1019} INFO - 
--------------------------------------------------------------------------------
[2022-08-02 15:30:12,197] {taskinstance.py:1038} INFO - Executing <Task(PythonOperator): respond> on 2022-08-02T15:20:00+00:00
[2022-08-02 15:30:12,202] {standard_task_runner.py:51} INFO - Started process 16003 to run task
[2022-08-02 15:30:12,209] {standard_task_runner.py:75} INFO - Running: ['airflow', 'tasks', 'run', 'pokea', 'respond', '2022-08-02T15:20:00+00:00', '--job-id', '65', '--pool', 'default_pool', '--raw', '--subdir', 'DAGS_FOLDER/pokea.py', '--cfg-path', '/tmp/tmpv3w6g28r']
[2022-08-02 15:30:12,214] {standard_task_runner.py:76} INFO - Job 65: Subtask respond
[2022-08-02 15:30:12,296] {logging_mixin.py:103} INFO - Running <TaskInstance: pokea.respond 2022-08-02T15:20:00+00:00 [running]> on host b4dcda255553
[2022-08-02 15:30:12,380] {taskinstance.py:1232} INFO - Exporting the following env vars:
AIRFLOW_CTX_DAG_OWNER=airflow
AIRFLOW_CTX_DAG_ID=pokea
AIRFLOW_CTX_TASK_ID=respond
AIRFLOW_CTX_EXECUTION_DATE=2022-08-02T15:20:00+00:00
AIRFLOW_CTX_DAG_RUN_ID=scheduled__2022-08-02T15:20:00+00:00
[2022-08-02 15:30:12,381] {python.py:118} INFO - Done. Returned value was: Greet Responded Again
[2022-08-02 15:30:12,423] {taskinstance.py:1142} INFO - Marking task as SUCCESS. dag_id=pokea, task_id=respond, execution_date=20220802T152000, start_date=20220802T153012, end_date=20220802T153012
[2022-08-02 15:30:12,464] {taskinstance.py:1195} INFO - 0 downstream tasks scheduled from follow-on schedule check
[2022-08-02 15:30:12,500] {local_task_job.py:118} INFO - Task exited with return code 0
