[2022-08-03 03:12:01,596] {taskinstance.py:826} INFO - Dependencies all met for <TaskInstance: penjadwalan.dapat_suhu 2022-08-03T03:10:00+00:00 [queued]>
[2022-08-03 03:12:01,632] {taskinstance.py:826} INFO - Dependencies all met for <TaskInstance: penjadwalan.dapat_suhu 2022-08-03T03:10:00+00:00 [queued]>
[2022-08-03 03:12:01,633] {taskinstance.py:1017} INFO - 
--------------------------------------------------------------------------------
[2022-08-03 03:12:01,634] {taskinstance.py:1018} INFO - Starting attempt 1 of 1
[2022-08-03 03:12:01,638] {taskinstance.py:1019} INFO - 
--------------------------------------------------------------------------------
[2022-08-03 03:12:01,658] {taskinstance.py:1038} INFO - Executing <Task(PythonOperator): dapat_suhu> on 2022-08-03T03:10:00+00:00
[2022-08-03 03:12:01,665] {standard_task_runner.py:51} INFO - Started process 11401 to run task
[2022-08-03 03:12:01,673] {standard_task_runner.py:75} INFO - Running: ['airflow', 'tasks', 'run', 'penjadwalan', 'dapat_suhu', '2022-08-03T03:10:00+00:00', '--job-id', '562', '--pool', 'default_pool', '--raw', '--subdir', 'DAGS_FOLDER/penjadwalan.py', '--cfg-path', '/tmp/tmpqpsx015i']
[2022-08-03 03:12:01,682] {standard_task_runner.py:76} INFO - Job 562: Subtask dapat_suhu
[2022-08-03 03:12:01,838] {logging_mixin.py:103} INFO - Running <TaskInstance: penjadwalan.dapat_suhu 2022-08-03T03:10:00+00:00 [running]> on host b4dcda255553
[2022-08-03 03:12:02,014] {taskinstance.py:1232} INFO - Exporting the following env vars:
AIRFLOW_CTX_DAG_OWNER=airflow
AIRFLOW_CTX_DAG_ID=penjadwalan
AIRFLOW_CTX_TASK_ID=dapat_suhu
AIRFLOW_CTX_EXECUTION_DATE=2022-08-03T03:10:00+00:00
AIRFLOW_CTX_DAG_RUN_ID=scheduled__2022-08-03T03:10:00+00:00
[2022-08-03 03:12:02,483] {logging_mixin.py:103} INFO - {'kota': 'Bali', 'cuaca': 'Clouds', 'cuaca_deskripsi': 'scattered clouds', 'temperatur': 299.39, 'waktu': '2022-08-03T03:12:02.482801'}
[2022-08-03 03:12:02,654] {logging_mixin.py:103} INFO - {'kota': 'Lombok', 'cuaca': 'Rain', 'cuaca_deskripsi': 'moderate rain', 'temperatur': 297.83, 'waktu': '2022-08-03T03:12:02.654621'}
[2022-08-03 03:12:02,802] {logging_mixin.py:103} INFO - {'kota': 'Labuan Bajo', 'cuaca': 'Clouds', 'cuaca_deskripsi': 'broken clouds', 'temperatur': 302.24, 'waktu': '2022-08-03T03:12:02.802147'}
[2022-08-03 03:12:02,930] {logging_mixin.py:103} INFO - {'kota': 'Bogor', 'cuaca': 'Clouds', 'cuaca_deskripsi': 'overcast clouds', 'temperatur': 303.61, 'waktu': '2022-08-03T03:12:02.930689'}
[2022-08-03 03:12:03,125] {logging_mixin.py:103} INFO - {'kota': 'Bandung', 'cuaca': 'Clouds', 'cuaca_deskripsi': 'broken clouds', 'temperatur': 300.9, 'waktu': '2022-08-03T03:12:03.125377'}
[2022-08-03 03:12:03,126] {python.py:118} INFO - Done. Returned value was: None
[2022-08-03 03:12:03,157] {taskinstance.py:1142} INFO - Marking task as SUCCESS. dag_id=penjadwalan, task_id=dapat_suhu, execution_date=20220803T031000, start_date=20220803T031201, end_date=20220803T031203
[2022-08-03 03:12:03,213] {taskinstance.py:1195} INFO - 0 downstream tasks scheduled from follow-on schedule check
[2022-08-03 03:12:03,258] {local_task_job.py:118} INFO - Task exited with return code 0
