[2022-08-03 10:08:02,226] {taskinstance.py:826} INFO - Dependencies all met for <TaskInstance: penjadwalan.dapat_suhu 2022-08-03T10:06:00+00:00 [queued]>
[2022-08-03 10:08:02,338] {taskinstance.py:826} INFO - Dependencies all met for <TaskInstance: penjadwalan.dapat_suhu 2022-08-03T10:06:00+00:00 [queued]>
[2022-08-03 10:08:02,340] {taskinstance.py:1017} INFO - 
--------------------------------------------------------------------------------
[2022-08-03 10:08:02,341] {taskinstance.py:1018} INFO - Starting attempt 1 of 1
[2022-08-03 10:08:02,342] {taskinstance.py:1019} INFO - 
--------------------------------------------------------------------------------
[2022-08-03 10:08:02,372] {taskinstance.py:1038} INFO - Executing <Task(PythonOperator): dapat_suhu> on 2022-08-03T10:06:00+00:00
[2022-08-03 10:08:02,379] {standard_task_runner.py:51} INFO - Started process 27695 to run task
[2022-08-03 10:08:02,392] {standard_task_runner.py:75} INFO - Running: ['airflow', 'tasks', 'run', 'penjadwalan', 'dapat_suhu', '2022-08-03T10:06:00+00:00', '--job-id', '966', '--pool', 'default_pool', '--raw', '--subdir', 'DAGS_FOLDER/penjadwalan.py', '--cfg-path', '/tmp/tmp0517e45r']
[2022-08-03 10:08:02,400] {standard_task_runner.py:76} INFO - Job 966: Subtask dapat_suhu
[2022-08-03 10:08:02,615] {logging_mixin.py:103} INFO - Running <TaskInstance: penjadwalan.dapat_suhu 2022-08-03T10:06:00+00:00 [running]> on host b4dcda255553
[2022-08-03 10:08:03,013] {taskinstance.py:1232} INFO - Exporting the following env vars:
AIRFLOW_CTX_DAG_OWNER=airflow
AIRFLOW_CTX_DAG_ID=penjadwalan
AIRFLOW_CTX_TASK_ID=dapat_suhu
AIRFLOW_CTX_EXECUTION_DATE=2022-08-03T10:06:00+00:00
AIRFLOW_CTX_DAG_RUN_ID=scheduled__2022-08-03T10:06:00+00:00
[2022-08-03 10:08:03,354] {logging_mixin.py:103} INFO - {'kota': 'Bali', 'cuaca': 'Clouds', 'cuaca_deskripsi': 'broken clouds', 'temperatur': 300.5, 'waktu': '2022-08-03T10:08:03.354292'}
[2022-08-03 10:08:03,886] {logging_mixin.py:103} INFO - {'kota': 'Lombok', 'cuaca': 'Clouds', 'cuaca_deskripsi': 'overcast clouds', 'temperatur': 295.7, 'waktu': '2022-08-03T10:08:03.885527'}
[2022-08-03 10:08:04,068] {logging_mixin.py:103} INFO - {'kota': 'Labuan Bajo', 'cuaca': 'Clouds', 'cuaca_deskripsi': 'overcast clouds', 'temperatur': 298.84, 'waktu': '2022-08-03T10:08:04.067935'}
[2022-08-03 10:08:04,250] {logging_mixin.py:103} INFO - {'kota': 'Bogor', 'cuaca': 'Clouds', 'cuaca_deskripsi': 'overcast clouds', 'temperatur': 300.82, 'waktu': '2022-08-03T10:08:04.249674'}
[2022-08-03 10:08:04,433] {logging_mixin.py:103} INFO - {'kota': 'Bandung', 'cuaca': 'Clouds', 'cuaca_deskripsi': 'overcast clouds', 'temperatur': 296.4, 'waktu': '2022-08-03T10:08:04.433013'}
[2022-08-03 10:08:04,434] {python.py:118} INFO - Done. Returned value was: None
[2022-08-03 10:08:04,480] {taskinstance.py:1142} INFO - Marking task as SUCCESS. dag_id=penjadwalan, task_id=dapat_suhu, execution_date=20220803T100600, start_date=20220803T100802, end_date=20220803T100804
[2022-08-03 10:08:04,592] {taskinstance.py:1195} INFO - 0 downstream tasks scheduled from follow-on schedule check
[2022-08-03 10:08:04,617] {local_task_job.py:118} INFO - Task exited with return code 0
