[2022-08-03 01:30:00,509] {taskinstance.py:826} INFO - Dependencies all met for <TaskInstance: penjadwalan.dapat_suhu 2022-08-03T01:28:00+00:00 [queued]>
[2022-08-03 01:30:00,538] {taskinstance.py:826} INFO - Dependencies all met for <TaskInstance: penjadwalan.dapat_suhu 2022-08-03T01:28:00+00:00 [queued]>
[2022-08-03 01:30:00,539] {taskinstance.py:1017} INFO - 
--------------------------------------------------------------------------------
[2022-08-03 01:30:00,539] {taskinstance.py:1018} INFO - Starting attempt 1 of 1
[2022-08-03 01:30:00,540] {taskinstance.py:1019} INFO - 
--------------------------------------------------------------------------------
[2022-08-03 01:30:00,557] {taskinstance.py:1038} INFO - Executing <Task(PythonOperator): dapat_suhu> on 2022-08-03T01:28:00+00:00
[2022-08-03 01:30:00,563] {standard_task_runner.py:51} INFO - Started process 6688 to run task
[2022-08-03 01:30:00,569] {standard_task_runner.py:75} INFO - Running: ['airflow', 'tasks', 'run', 'penjadwalan', 'dapat_suhu', '2022-08-03T01:28:00+00:00', '--job-id', '467', '--pool', 'default_pool', '--raw', '--subdir', 'DAGS_FOLDER/penjadwalan.py', '--cfg-path', '/tmp/tmp7dg29p7i']
[2022-08-03 01:30:00,573] {standard_task_runner.py:76} INFO - Job 467: Subtask dapat_suhu
[2022-08-03 01:30:00,649] {logging_mixin.py:103} INFO - Running <TaskInstance: penjadwalan.dapat_suhu 2022-08-03T01:28:00+00:00 [running]> on host b4dcda255553
[2022-08-03 01:30:00,756] {taskinstance.py:1232} INFO - Exporting the following env vars:
AIRFLOW_CTX_DAG_OWNER=airflow
AIRFLOW_CTX_DAG_ID=penjadwalan
AIRFLOW_CTX_TASK_ID=dapat_suhu
AIRFLOW_CTX_EXECUTION_DATE=2022-08-03T01:28:00+00:00
AIRFLOW_CTX_DAG_RUN_ID=scheduled__2022-08-03T01:28:00+00:00
[2022-08-03 01:30:03,446] {logging_mixin.py:103} INFO - {'kota': 'Bali', 'cuaca': 'Clouds', 'cuaca_deskripsi': 'broken clouds', 'temperatur': 298.28, 'waktu': '2022-08-03T01:30:03.446659'}
[2022-08-03 01:30:03,834] {logging_mixin.py:103} INFO - {'kota': 'Lombok', 'cuaca': 'Clouds', 'cuaca_deskripsi': 'overcast clouds', 'temperatur': 295.51, 'waktu': '2022-08-03T01:30:03.834444'}
[2022-08-03 01:30:04,150] {logging_mixin.py:103} INFO - {'kota': 'Labuan Bajo', 'cuaca': 'Clouds', 'cuaca_deskripsi': 'scattered clouds', 'temperatur': 300.93, 'waktu': '2022-08-03T01:30:04.150819'}
[2022-08-03 01:30:04,746] {logging_mixin.py:103} INFO - {'kota': 'Bogor', 'cuaca': 'Rain', 'cuaca_deskripsi': 'light rain', 'temperatur': 298.35, 'waktu': '2022-08-03T01:30:04.746428'}
[2022-08-03 01:30:05,343] {logging_mixin.py:103} INFO - {'kota': 'Bandung', 'cuaca': 'Clouds', 'cuaca_deskripsi': 'scattered clouds', 'temperatur': 296.92, 'waktu': '2022-08-03T01:30:05.343649'}
[2022-08-03 01:30:05,345] {python.py:118} INFO - Done. Returned value was: None
[2022-08-03 01:30:05,368] {taskinstance.py:1142} INFO - Marking task as SUCCESS. dag_id=penjadwalan, task_id=dapat_suhu, execution_date=20220803T012800, start_date=20220803T013000, end_date=20220803T013005
[2022-08-03 01:30:05,421] {taskinstance.py:1195} INFO - 0 downstream tasks scheduled from follow-on schedule check
[2022-08-03 01:30:05,458] {local_task_job.py:118} INFO - Task exited with return code 0
