[2022-08-03 06:38:50,314] {taskinstance.py:826} INFO - Dependencies all met for <TaskInstance: penjadwalan.dapat_suhu 2022-08-03T06:34:00+00:00 [queued]>
[2022-08-03 06:38:50,467] {taskinstance.py:826} INFO - Dependencies all met for <TaskInstance: penjadwalan.dapat_suhu 2022-08-03T06:34:00+00:00 [queued]>
[2022-08-03 06:38:50,486] {taskinstance.py:1017} INFO - 
--------------------------------------------------------------------------------
[2022-08-03 06:38:50,517] {taskinstance.py:1018} INFO - Starting attempt 1 of 1
[2022-08-03 06:38:50,533] {taskinstance.py:1019} INFO - 
--------------------------------------------------------------------------------
[2022-08-03 06:38:50,647] {taskinstance.py:1038} INFO - Executing <Task(PythonOperator): dapat_suhu> on 2022-08-03T06:34:00+00:00
[2022-08-03 06:38:50,671] {standard_task_runner.py:51} INFO - Started process 208 to run task
[2022-08-03 06:38:50,722] {standard_task_runner.py:75} INFO - Running: ['airflow', 'tasks', 'run', 'penjadwalan', 'dapat_suhu', '2022-08-03T06:34:00+00:00', '--job-id', '773', '--pool', 'default_pool', '--raw', '--subdir', 'DAGS_FOLDER/penjadwalan.py', '--cfg-path', '/tmp/tmps6pyv3zt']
[2022-08-03 06:38:50,740] {standard_task_runner.py:76} INFO - Job 773: Subtask dapat_suhu
[2022-08-03 06:38:51,258] {logging_mixin.py:103} INFO - Running <TaskInstance: penjadwalan.dapat_suhu 2022-08-03T06:34:00+00:00 [running]> on host b4dcda255553
[2022-08-03 06:38:51,694] {taskinstance.py:1232} INFO - Exporting the following env vars:
AIRFLOW_CTX_DAG_OWNER=airflow
AIRFLOW_CTX_DAG_ID=penjadwalan
AIRFLOW_CTX_TASK_ID=dapat_suhu
AIRFLOW_CTX_EXECUTION_DATE=2022-08-03T06:34:00+00:00
AIRFLOW_CTX_DAG_RUN_ID=scheduled__2022-08-03T06:34:00+00:00
[2022-08-03 06:38:52,154] {logging_mixin.py:103} INFO - {'kota': 'Bali', 'cuaca': 'Clouds', 'cuaca_deskripsi': 'broken clouds', 'temperatur': 302.69, 'waktu': '2022-08-03T06:38:52.154298'}
[2022-08-03 06:38:52,513] {logging_mixin.py:103} INFO - {'kota': 'Lombok', 'cuaca': 'Rain', 'cuaca_deskripsi': 'light rain', 'temperatur': 297.58, 'waktu': '2022-08-03T06:38:52.513700'}
[2022-08-03 06:38:52,950] {logging_mixin.py:103} INFO - {'kota': 'Labuan Bajo', 'cuaca': 'Clouds', 'cuaca_deskripsi': 'overcast clouds', 'temperatur': 300.69, 'waktu': '2022-08-03T06:38:52.950551'}
[2022-08-03 06:38:53,499] {logging_mixin.py:103} INFO - {'kota': 'Bogor', 'cuaca': 'Clouds', 'cuaca_deskripsi': 'overcast clouds', 'temperatur': 305.87, 'waktu': '2022-08-03T06:38:53.478092'}
[2022-08-03 06:38:53,811] {logging_mixin.py:103} INFO - {'kota': 'Bandung', 'cuaca': 'Clouds', 'cuaca_deskripsi': 'overcast clouds', 'temperatur': 301.31, 'waktu': '2022-08-03T06:38:53.811450'}
[2022-08-03 06:38:53,839] {python.py:118} INFO - Done. Returned value was: None
[2022-08-03 06:38:53,970] {taskinstance.py:1142} INFO - Marking task as SUCCESS. dag_id=penjadwalan, task_id=dapat_suhu, execution_date=20220803T063400, start_date=20220803T063850, end_date=20220803T063853
[2022-08-03 06:38:54,165] {taskinstance.py:1195} INFO - 0 downstream tasks scheduled from follow-on schedule check
[2022-08-03 06:38:54,212] {local_task_job.py:118} INFO - Task exited with return code 0
