[2022-08-03 07:34:01,511] {taskinstance.py:826} INFO - Dependencies all met for <TaskInstance: penjadwalan.dapat_suhu 2022-08-03T07:32:00+00:00 [queued]>
[2022-08-03 07:34:01,539] {taskinstance.py:826} INFO - Dependencies all met for <TaskInstance: penjadwalan.dapat_suhu 2022-08-03T07:32:00+00:00 [queued]>
[2022-08-03 07:34:01,540] {taskinstance.py:1017} INFO - 
--------------------------------------------------------------------------------
[2022-08-03 07:34:01,540] {taskinstance.py:1018} INFO - Starting attempt 1 of 1
[2022-08-03 07:34:01,541] {taskinstance.py:1019} INFO - 
--------------------------------------------------------------------------------
[2022-08-03 07:34:01,557] {taskinstance.py:1038} INFO - Executing <Task(PythonOperator): dapat_suhu> on 2022-08-03T07:32:00+00:00
[2022-08-03 07:34:01,562] {standard_task_runner.py:51} INFO - Started process 6444 to run task
[2022-08-03 07:34:01,568] {standard_task_runner.py:75} INFO - Running: ['airflow', 'tasks', 'run', 'penjadwalan', 'dapat_suhu', '2022-08-03T07:32:00+00:00', '--job-id', '829', '--pool', 'default_pool', '--raw', '--subdir', 'DAGS_FOLDER/penjadwalan.py', '--cfg-path', '/tmp/tmpwv4l39ka']
[2022-08-03 07:34:01,572] {standard_task_runner.py:76} INFO - Job 829: Subtask dapat_suhu
[2022-08-03 07:34:01,654] {logging_mixin.py:103} INFO - Running <TaskInstance: penjadwalan.dapat_suhu 2022-08-03T07:32:00+00:00 [running]> on host b4dcda255553
[2022-08-03 07:34:01,741] {taskinstance.py:1232} INFO - Exporting the following env vars:
AIRFLOW_CTX_DAG_OWNER=airflow
AIRFLOW_CTX_DAG_ID=penjadwalan
AIRFLOW_CTX_TASK_ID=dapat_suhu
AIRFLOW_CTX_EXECUTION_DATE=2022-08-03T07:32:00+00:00
AIRFLOW_CTX_DAG_RUN_ID=scheduled__2022-08-03T07:32:00+00:00
[2022-08-03 07:34:02,281] {logging_mixin.py:103} INFO - {'kota': 'Bali', 'cuaca': 'Clouds', 'cuaca_deskripsi': 'broken clouds', 'temperatur': 302.69, 'waktu': '2022-08-03T07:34:02.280783'}
[2022-08-03 07:34:02,807] {logging_mixin.py:103} INFO - {'kota': 'Lombok', 'cuaca': 'Clouds', 'cuaca_deskripsi': 'overcast clouds', 'temperatur': 296.95, 'waktu': '2022-08-03T07:34:02.807215'}
[2022-08-03 07:34:03,399] {logging_mixin.py:103} INFO - {'kota': 'Labuan Bajo', 'cuaca': 'Clouds', 'cuaca_deskripsi': 'overcast clouds', 'temperatur': 300.58, 'waktu': '2022-08-03T07:34:03.399633'}
[2022-08-03 07:34:03,679] {logging_mixin.py:103} INFO - {'kota': 'Bogor', 'cuaca': 'Clouds', 'cuaca_deskripsi': 'overcast clouds', 'temperatur': 304.76, 'waktu': '2022-08-03T07:34:03.679568'}
[2022-08-03 07:34:03,831] {logging_mixin.py:103} INFO - {'kota': 'Bandung', 'cuaca': 'Clouds', 'cuaca_deskripsi': 'overcast clouds', 'temperatur': 298.69, 'waktu': '2022-08-03T07:34:03.831124'}
[2022-08-03 07:34:03,833] {python.py:118} INFO - Done. Returned value was: None
[2022-08-03 07:34:03,873] {taskinstance.py:1142} INFO - Marking task as SUCCESS. dag_id=penjadwalan, task_id=dapat_suhu, execution_date=20220803T073200, start_date=20220803T073401, end_date=20220803T073403
[2022-08-03 07:34:03,959] {taskinstance.py:1195} INFO - 0 downstream tasks scheduled from follow-on schedule check
[2022-08-03 07:34:04,005] {local_task_job.py:118} INFO - Task exited with return code 0
