[2022-08-02 14:27:18,814] {taskinstance.py:826} INFO - Dependencies all met for <TaskInstance: my_simple_dag.say_Hi 2022-08-02T14:10:00+00:00 [queued]>
[2022-08-02 14:27:18,851] {taskinstance.py:826} INFO - Dependencies all met for <TaskInstance: my_simple_dag.say_Hi 2022-08-02T14:10:00+00:00 [queued]>
[2022-08-02 14:27:18,852] {taskinstance.py:1017} INFO - 
--------------------------------------------------------------------------------
[2022-08-02 14:27:18,852] {taskinstance.py:1018} INFO - Starting attempt 1 of 1
[2022-08-02 14:27:18,853] {taskinstance.py:1019} INFO - 
--------------------------------------------------------------------------------
[2022-08-02 14:27:18,870] {taskinstance.py:1038} INFO - Executing <Task(BashOperator): say_Hi> on 2022-08-02T14:10:00+00:00
[2022-08-02 14:27:18,874] {standard_task_runner.py:51} INFO - Started process 1500 to run task
[2022-08-02 14:27:18,881] {standard_task_runner.py:75} INFO - Running: ['airflow', 'tasks', 'run', 'my_simple_dag', 'say_Hi', '2022-08-02T14:10:00+00:00', '--job-id', '2', '--pool', 'default_pool', '--raw', '--subdir', 'DAGS_FOLDER/my_simple_dag.py', '--cfg-path', '/tmp/tmpy9g0hm85']
[2022-08-02 14:27:18,886] {standard_task_runner.py:76} INFO - Job 2: Subtask say_Hi
[2022-08-02 14:27:18,955] {logging_mixin.py:103} INFO - Running <TaskInstance: my_simple_dag.say_Hi 2022-08-02T14:10:00+00:00 [running]> on host b4dcda255553
[2022-08-02 14:27:19,045] {taskinstance.py:1232} INFO - Exporting the following env vars:
AIRFLOW_CTX_DAG_OWNER=airflow
AIRFLOW_CTX_DAG_ID=my_simple_dag
AIRFLOW_CTX_TASK_ID=say_Hi
AIRFLOW_CTX_EXECUTION_DATE=2022-08-02T14:10:00+00:00
AIRFLOW_CTX_DAG_RUN_ID=scheduled__2022-08-02T14:10:00+00:00
[2022-08-02 14:27:19,046] {bash.py:135} INFO - Tmp dir root location: 
 /tmp
[2022-08-02 14:27:19,048] {bash.py:158} INFO - Running command: echo "Hi!!"
[2022-08-02 14:27:19,058] {bash.py:169} INFO - Output:
[2022-08-02 14:27:19,062] {bash.py:173} INFO - Hi!!
[2022-08-02 14:27:19,063] {bash.py:177} INFO - Command exited with return code 0
[2022-08-02 14:27:19,115] {taskinstance.py:1142} INFO - Marking task as SUCCESS. dag_id=my_simple_dag, task_id=say_Hi, execution_date=20220802T141000, start_date=20220802T142718, end_date=20220802T142719
[2022-08-02 14:27:19,174] {taskinstance.py:1195} INFO - 1 downstream tasks scheduled from follow-on schedule check
[2022-08-02 14:27:19,213] {local_task_job.py:118} INFO - Task exited with return code 0
