[2022-08-03 06:06:01,438] {taskinstance.py:826} INFO - Dependencies all met for <TaskInstance: penjadwalan.dapat_suhu 2022-08-03T06:04:00+00:00 [queued]>
[2022-08-03 06:06:01,468] {taskinstance.py:826} INFO - Dependencies all met for <TaskInstance: penjadwalan.dapat_suhu 2022-08-03T06:04:00+00:00 [queued]>
[2022-08-03 06:06:01,469] {taskinstance.py:1017} INFO - 
--------------------------------------------------------------------------------
[2022-08-03 06:06:01,470] {taskinstance.py:1018} INFO - Starting attempt 1 of 1
[2022-08-03 06:06:01,470] {taskinstance.py:1019} INFO - 
--------------------------------------------------------------------------------
[2022-08-03 06:06:01,488] {taskinstance.py:1038} INFO - Executing <Task(PythonOperator): dapat_suhu> on 2022-08-03T06:04:00+00:00
[2022-08-03 06:06:01,494] {standard_task_runner.py:51} INFO - Started process 22214 to run task
[2022-08-03 06:06:01,502] {standard_task_runner.py:75} INFO - Running: ['airflow', 'tasks', 'run', 'penjadwalan', 'dapat_suhu', '2022-08-03T06:04:00+00:00', '--job-id', '717', '--pool', 'default_pool', '--raw', '--subdir', 'DAGS_FOLDER/penjadwalan.py', '--cfg-path', '/tmp/tmp_rqhb6tr']
[2022-08-03 06:06:01,508] {standard_task_runner.py:76} INFO - Job 717: Subtask dapat_suhu
[2022-08-03 06:06:01,609] {logging_mixin.py:103} INFO - Running <TaskInstance: penjadwalan.dapat_suhu 2022-08-03T06:04:00+00:00 [running]> on host b4dcda255553
[2022-08-03 06:06:01,702] {taskinstance.py:1232} INFO - Exporting the following env vars:
AIRFLOW_CTX_DAG_OWNER=airflow
AIRFLOW_CTX_DAG_ID=penjadwalan
AIRFLOW_CTX_TASK_ID=dapat_suhu
AIRFLOW_CTX_EXECUTION_DATE=2022-08-03T06:04:00+00:00
AIRFLOW_CTX_DAG_RUN_ID=scheduled__2022-08-03T06:04:00+00:00
[2022-08-03 06:06:01,843] {logging_mixin.py:103} INFO - {'kota': 'Bali', 'cuaca': 'Clouds', 'cuaca_deskripsi': 'scattered clouds', 'temperatur': 302.69, 'waktu': '2022-08-03T06:06:01.843317'}
[2022-08-03 06:06:02,016] {logging_mixin.py:103} INFO - {'kota': 'Lombok', 'cuaca': 'Rain', 'cuaca_deskripsi': 'heavy intensity rain', 'temperatur': 298.08, 'waktu': '2022-08-03T06:06:02.016363'}
[2022-08-03 06:06:02,146] {logging_mixin.py:103} INFO - {'kota': 'Labuan Bajo', 'cuaca': 'Clouds', 'cuaca_deskripsi': 'broken clouds', 'temperatur': 300.81, 'waktu': '2022-08-03T06:06:02.146065'}
[2022-08-03 06:06:02,274] {logging_mixin.py:103} INFO - {'kota': 'Bogor', 'cuaca': 'Clouds', 'cuaca_deskripsi': 'overcast clouds', 'temperatur': 305.07, 'waktu': '2022-08-03T06:06:02.274077'}
[2022-08-03 06:06:02,383] {logging_mixin.py:103} INFO - {'kota': 'Bandung', 'cuaca': 'Clouds', 'cuaca_deskripsi': 'broken clouds', 'temperatur': 302.27, 'waktu': '2022-08-03T06:06:02.382765'}
[2022-08-03 06:06:02,383] {python.py:118} INFO - Done. Returned value was: None
[2022-08-03 06:06:02,404] {taskinstance.py:1142} INFO - Marking task as SUCCESS. dag_id=penjadwalan, task_id=dapat_suhu, execution_date=20220803T060400, start_date=20220803T060601, end_date=20220803T060602
[2022-08-03 06:06:02,452] {taskinstance.py:1195} INFO - 0 downstream tasks scheduled from follow-on schedule check
[2022-08-03 06:06:02,475] {local_task_job.py:118} INFO - Task exited with return code 0
