[2022-08-03 10:16:02,069] {taskinstance.py:826} INFO - Dependencies all met for <TaskInstance: penjadwalan.dapat_suhu 2022-08-03T10:14:00+00:00 [queued]>
[2022-08-03 10:16:02,092] {taskinstance.py:826} INFO - Dependencies all met for <TaskInstance: penjadwalan.dapat_suhu 2022-08-03T10:14:00+00:00 [queued]>
[2022-08-03 10:16:02,092] {taskinstance.py:1017} INFO - 
--------------------------------------------------------------------------------
[2022-08-03 10:16:02,093] {taskinstance.py:1018} INFO - Starting attempt 1 of 1
[2022-08-03 10:16:02,093] {taskinstance.py:1019} INFO - 
--------------------------------------------------------------------------------
[2022-08-03 10:16:02,106] {taskinstance.py:1038} INFO - Executing <Task(PythonOperator): dapat_suhu> on 2022-08-03T10:14:00+00:00
[2022-08-03 10:16:02,110] {standard_task_runner.py:51} INFO - Started process 8785 to run task
[2022-08-03 10:16:02,114] {standard_task_runner.py:75} INFO - Running: ['airflow', 'tasks', 'run', 'penjadwalan', 'dapat_suhu', '2022-08-03T10:14:00+00:00', '--job-id', '974', '--pool', 'default_pool', '--raw', '--subdir', 'DAGS_FOLDER/penjadwalan.py', '--cfg-path', '/tmp/tmpjvj60eys']
[2022-08-03 10:16:02,119] {standard_task_runner.py:76} INFO - Job 974: Subtask dapat_suhu
[2022-08-03 10:16:02,194] {logging_mixin.py:103} INFO - Running <TaskInstance: penjadwalan.dapat_suhu 2022-08-03T10:14:00+00:00 [running]> on host b4dcda255553
[2022-08-03 10:16:02,339] {taskinstance.py:1232} INFO - Exporting the following env vars:
AIRFLOW_CTX_DAG_OWNER=airflow
AIRFLOW_CTX_DAG_ID=penjadwalan
AIRFLOW_CTX_TASK_ID=dapat_suhu
AIRFLOW_CTX_EXECUTION_DATE=2022-08-03T10:14:00+00:00
AIRFLOW_CTX_DAG_RUN_ID=scheduled__2022-08-03T10:14:00+00:00
[2022-08-03 10:16:03,166] {logging_mixin.py:103} INFO - {'kota': 'Bali', 'cuaca': 'Clouds', 'cuaca_deskripsi': 'broken clouds', 'temperatur': 299.39, 'waktu': '2022-08-03T10:16:03.166012'}
[2022-08-03 10:16:03,288] {logging_mixin.py:103} INFO - {'kota': 'Lombok', 'cuaca': 'Clouds', 'cuaca_deskripsi': 'overcast clouds', 'temperatur': 295.7, 'waktu': '2022-08-03T10:16:03.288562'}
[2022-08-03 10:16:03,413] {logging_mixin.py:103} INFO - {'kota': 'Labuan Bajo', 'cuaca': 'Clouds', 'cuaca_deskripsi': 'overcast clouds', 'temperatur': 298.84, 'waktu': '2022-08-03T10:16:03.413190'}
[2022-08-03 10:16:03,534] {logging_mixin.py:103} INFO - {'kota': 'Bogor', 'cuaca': 'Clouds', 'cuaca_deskripsi': 'overcast clouds', 'temperatur': 300.27, 'waktu': '2022-08-03T10:16:03.533969'}
[2022-08-03 10:16:03,649] {logging_mixin.py:103} INFO - {'kota': 'Bandung', 'cuaca': 'Clouds', 'cuaca_deskripsi': 'overcast clouds', 'temperatur': 296.4, 'waktu': '2022-08-03T10:16:03.649637'}
[2022-08-03 10:16:03,650] {python.py:118} INFO - Done. Returned value was: None
[2022-08-03 10:16:03,668] {taskinstance.py:1142} INFO - Marking task as SUCCESS. dag_id=penjadwalan, task_id=dapat_suhu, execution_date=20220803T101400, start_date=20220803T101602, end_date=20220803T101603
[2022-08-03 10:16:03,721] {taskinstance.py:1195} INFO - 0 downstream tasks scheduled from follow-on schedule check
[2022-08-03 10:16:03,734] {local_task_job.py:118} INFO - Task exited with return code 0
