[2022-08-02 17:10:02,550] {taskinstance.py:826} INFO - Dependencies all met for <TaskInstance: my_simple_dag.say_Hi 2022-08-02T17:00:00+00:00 [queued]>
[2022-08-02 17:10:02,595] {taskinstance.py:826} INFO - Dependencies all met for <TaskInstance: my_simple_dag.say_Hi 2022-08-02T17:00:00+00:00 [queued]>
[2022-08-02 17:10:02,596] {taskinstance.py:1017} INFO - 
--------------------------------------------------------------------------------
[2022-08-02 17:10:02,597] {taskinstance.py:1018} INFO - Starting attempt 1 of 1
[2022-08-02 17:10:02,597] {taskinstance.py:1019} INFO - 
--------------------------------------------------------------------------------
[2022-08-02 17:10:02,626] {taskinstance.py:1038} INFO - Executing <Task(BashOperator): say_Hi> on 2022-08-02T17:00:00+00:00
[2022-08-02 17:10:02,635] {standard_task_runner.py:51} INFO - Started process 5946 to run task
[2022-08-02 17:10:02,654] {standard_task_runner.py:75} INFO - Running: ['airflow', 'tasks', 'run', 'my_simple_dag', 'say_Hi', '2022-08-02T17:00:00+00:00', '--job-id', '181', '--pool', 'default_pool', '--raw', '--subdir', 'DAGS_FOLDER/my_simple_dag.py', '--cfg-path', '/tmp/tmp728qdv1c']
[2022-08-02 17:10:02,661] {standard_task_runner.py:76} INFO - Job 181: Subtask say_Hi
[2022-08-02 17:10:02,805] {logging_mixin.py:103} INFO - Running <TaskInstance: my_simple_dag.say_Hi 2022-08-02T17:00:00+00:00 [running]> on host b4dcda255553
[2022-08-02 17:10:02,990] {taskinstance.py:1232} INFO - Exporting the following env vars:
AIRFLOW_CTX_DAG_OWNER=airflow
AIRFLOW_CTX_DAG_ID=my_simple_dag
AIRFLOW_CTX_TASK_ID=say_Hi
AIRFLOW_CTX_EXECUTION_DATE=2022-08-02T17:00:00+00:00
AIRFLOW_CTX_DAG_RUN_ID=scheduled__2022-08-02T17:00:00+00:00
[2022-08-02 17:10:02,992] {bash.py:135} INFO - Tmp dir root location: 
 /tmp
[2022-08-02 17:10:02,994] {bash.py:158} INFO - Running command: echo "Hi!!"
[2022-08-02 17:10:03,011] {bash.py:169} INFO - Output:
[2022-08-02 17:10:03,016] {bash.py:173} INFO - Hi!!
[2022-08-02 17:10:03,017] {bash.py:177} INFO - Command exited with return code 0
[2022-08-02 17:10:03,073] {taskinstance.py:1142} INFO - Marking task as SUCCESS. dag_id=my_simple_dag, task_id=say_Hi, execution_date=20220802T170000, start_date=20220802T171002, end_date=20220802T171003
[2022-08-02 17:10:03,198] {taskinstance.py:1195} INFO - 1 downstream tasks scheduled from follow-on schedule check
[2022-08-02 17:10:03,221] {local_task_job.py:118} INFO - Task exited with return code 0
