[2022-08-03 01:22:00,811] {taskinstance.py:826} INFO - Dependencies all met for <TaskInstance: penjadwalan.dapat_suhu 2022-08-03T01:20:00+00:00 [queued]>
[2022-08-03 01:22:00,856] {taskinstance.py:826} INFO - Dependencies all met for <TaskInstance: penjadwalan.dapat_suhu 2022-08-03T01:20:00+00:00 [queued]>
[2022-08-03 01:22:00,857] {taskinstance.py:1017} INFO - 
--------------------------------------------------------------------------------
[2022-08-03 01:22:00,858] {taskinstance.py:1018} INFO - Starting attempt 1 of 1
[2022-08-03 01:22:00,858] {taskinstance.py:1019} INFO - 
--------------------------------------------------------------------------------
[2022-08-03 01:22:00,890] {taskinstance.py:1038} INFO - Executing <Task(PythonOperator): dapat_suhu> on 2022-08-03T01:20:00+00:00
[2022-08-03 01:22:00,896] {standard_task_runner.py:51} INFO - Started process 13615 to run task
[2022-08-03 01:22:00,903] {standard_task_runner.py:75} INFO - Running: ['airflow', 'tasks', 'run', 'penjadwalan', 'dapat_suhu', '2022-08-03T01:20:00+00:00', '--job-id', '463', '--pool', 'default_pool', '--raw', '--subdir', 'DAGS_FOLDER/penjadwalan.py', '--cfg-path', '/tmp/tmpi48qkhi3']
[2022-08-03 01:22:00,908] {standard_task_runner.py:76} INFO - Job 463: Subtask dapat_suhu
[2022-08-03 01:22:01,005] {logging_mixin.py:103} INFO - Running <TaskInstance: penjadwalan.dapat_suhu 2022-08-03T01:20:00+00:00 [running]> on host b4dcda255553
[2022-08-03 01:22:01,101] {taskinstance.py:1232} INFO - Exporting the following env vars:
AIRFLOW_CTX_DAG_OWNER=airflow
AIRFLOW_CTX_DAG_ID=penjadwalan
AIRFLOW_CTX_TASK_ID=dapat_suhu
AIRFLOW_CTX_EXECUTION_DATE=2022-08-03T01:20:00+00:00
AIRFLOW_CTX_DAG_RUN_ID=scheduled__2022-08-03T01:20:00+00:00
[2022-08-03 01:22:06,095] {logging_mixin.py:103} INFO - {'kota': 'Bali', 'cuaca': 'Clouds', 'cuaca_deskripsi': 'overcast clouds', 'temperatur': 298.28, 'waktu': '2022-08-03T01:22:06.094862'}
[2022-08-03 01:22:09,419] {logging_mixin.py:103} INFO - {'kota': 'Lombok', 'cuaca': 'Clouds', 'cuaca_deskripsi': 'overcast clouds', 'temperatur': 295.51, 'waktu': '2022-08-03T01:22:09.419178'}
[2022-08-03 01:22:13,105] {logging_mixin.py:103} INFO - {'kota': 'Labuan Bajo', 'cuaca': 'Clouds', 'cuaca_deskripsi': 'scattered clouds', 'temperatur': 300.93, 'waktu': '2022-08-03T01:22:13.105539'}
[2022-08-03 01:22:21,676] {logging_mixin.py:103} INFO - {'kota': 'Bogor', 'cuaca': 'Rain', 'cuaca_deskripsi': 'light rain', 'temperatur': 298.35, 'waktu': '2022-08-03T01:22:21.675721'}
[2022-08-03 01:22:24,557] {logging_mixin.py:103} INFO - {'kota': 'Bandung', 'cuaca': 'Clouds', 'cuaca_deskripsi': 'scattered clouds', 'temperatur': 296.92, 'waktu': '2022-08-03T01:22:24.557600'}
[2022-08-03 01:22:24,558] {python.py:118} INFO - Done. Returned value was: None
[2022-08-03 01:22:24,587] {taskinstance.py:1142} INFO - Marking task as SUCCESS. dag_id=penjadwalan, task_id=dapat_suhu, execution_date=20220803T012000, start_date=20220803T012200, end_date=20220803T012224
[2022-08-03 01:22:24,656] {taskinstance.py:1195} INFO - 0 downstream tasks scheduled from follow-on schedule check
[2022-08-03 01:22:24,703] {local_task_job.py:118} INFO - Task exited with return code 0
