[2022-08-03 00:44:33,446] {taskinstance.py:826} INFO - Dependencies all met for <TaskInstance: penjadwalan.dapat_suhu 2022-08-02T17:34:00+00:00 [queued]>
[2022-08-03 00:44:33,553] {taskinstance.py:826} INFO - Dependencies all met for <TaskInstance: penjadwalan.dapat_suhu 2022-08-02T17:34:00+00:00 [queued]>
[2022-08-03 00:44:33,625] {taskinstance.py:1017} INFO - 
--------------------------------------------------------------------------------
[2022-08-03 00:44:33,643] {taskinstance.py:1018} INFO - Starting attempt 1 of 1
[2022-08-03 00:44:33,656] {taskinstance.py:1019} INFO - 
--------------------------------------------------------------------------------
[2022-08-03 00:44:33,770] {taskinstance.py:1038} INFO - Executing <Task(PythonOperator): dapat_suhu> on 2022-08-02T17:34:00+00:00
[2022-08-03 00:44:33,830] {standard_task_runner.py:51} INFO - Started process 24952 to run task
[2022-08-03 00:44:33,883] {standard_task_runner.py:75} INFO - Running: ['airflow', 'tasks', 'run', 'penjadwalan', 'dapat_suhu', '2022-08-02T17:34:00+00:00', '--job-id', '209', '--pool', 'default_pool', '--raw', '--subdir', 'DAGS_FOLDER/penjadwalan.py', '--cfg-path', '/tmp/tmpqefis8n6']
[2022-08-03 00:44:33,912] {standard_task_runner.py:76} INFO - Job 209: Subtask dapat_suhu
[2022-08-03 00:44:34,593] {logging_mixin.py:103} INFO - Running <TaskInstance: penjadwalan.dapat_suhu 2022-08-02T17:34:00+00:00 [running]> on host b4dcda255553
[2022-08-03 00:44:35,029] {taskinstance.py:1232} INFO - Exporting the following env vars:
AIRFLOW_CTX_DAG_OWNER=airflow
AIRFLOW_CTX_DAG_ID=penjadwalan
AIRFLOW_CTX_TASK_ID=dapat_suhu
AIRFLOW_CTX_EXECUTION_DATE=2022-08-02T17:34:00+00:00
AIRFLOW_CTX_DAG_RUN_ID=scheduled__2022-08-02T17:34:00+00:00
[2022-08-03 00:44:53,873] {logging_mixin.py:103} INFO - {'kota': 'Bali', 'cuaca': 'Clouds', 'cuaca_deskripsi': 'overcast clouds', 'temperatur': 298.28, 'waktu': '2022-08-03T00:44:53.873153'}
[2022-08-03 00:44:57,462] {logging_mixin.py:103} INFO - {'kota': 'Lombok', 'cuaca': 'Clouds', 'cuaca_deskripsi': 'overcast clouds', 'temperatur': 295.51, 'waktu': '2022-08-03T00:44:57.462702'}
[2022-08-03 00:44:57,797] {logging_mixin.py:103} INFO - {'kota': 'Labuan Bajo', 'cuaca': 'Clouds', 'cuaca_deskripsi': 'scattered clouds', 'temperatur': 300.93, 'waktu': '2022-08-03T00:44:57.797434'}
[2022-08-03 00:44:58,366] {logging_mixin.py:103} INFO - {'kota': 'Bogor', 'cuaca': 'Rain', 'cuaca_deskripsi': 'light rain', 'temperatur': 300.87, 'waktu': '2022-08-03T00:44:58.366277'}
[2022-08-03 00:45:04,041] {logging_mixin.py:103} INFO - {'kota': 'Bandung', 'cuaca': 'Clouds', 'cuaca_deskripsi': 'scattered clouds', 'temperatur': 296.92, 'waktu': '2022-08-03T00:45:04.041304'}
[2022-08-03 00:45:04,059] {python.py:118} INFO - Done. Returned value was: None
[2022-08-03 00:45:04,182] {taskinstance.py:1142} INFO - Marking task as SUCCESS. dag_id=penjadwalan, task_id=dapat_suhu, execution_date=20220802T173400, start_date=20220803T004433, end_date=20220803T004504
[2022-08-03 00:45:04,828] {taskinstance.py:1195} INFO - 0 downstream tasks scheduled from follow-on schedule check
[2022-08-03 00:45:04,951] {local_task_job.py:118} INFO - Task exited with return code 0
