[2022-08-03 03:30:02,496] {taskinstance.py:826} INFO - Dependencies all met for <TaskInstance: penjadwalan.dapat_suhu 2022-08-03T03:28:00+00:00 [queued]>
[2022-08-03 03:30:02,525] {taskinstance.py:826} INFO - Dependencies all met for <TaskInstance: penjadwalan.dapat_suhu 2022-08-03T03:28:00+00:00 [queued]>
[2022-08-03 03:30:02,526] {taskinstance.py:1017} INFO - 
--------------------------------------------------------------------------------
[2022-08-03 03:30:02,527] {taskinstance.py:1018} INFO - Starting attempt 1 of 1
[2022-08-03 03:30:02,527] {taskinstance.py:1019} INFO - 
--------------------------------------------------------------------------------
[2022-08-03 03:30:02,546] {taskinstance.py:1038} INFO - Executing <Task(PythonOperator): dapat_suhu> on 2022-08-03T03:28:00+00:00
[2022-08-03 03:30:02,552] {standard_task_runner.py:51} INFO - Started process 15531 to run task
[2022-08-03 03:30:02,559] {standard_task_runner.py:75} INFO - Running: ['airflow', 'tasks', 'run', 'penjadwalan', 'dapat_suhu', '2022-08-03T03:28:00+00:00', '--job-id', '576', '--pool', 'default_pool', '--raw', '--subdir', 'DAGS_FOLDER/penjadwalan.py', '--cfg-path', '/tmp/tmp05qx6cv5']
[2022-08-03 03:30:02,564] {standard_task_runner.py:76} INFO - Job 576: Subtask dapat_suhu
[2022-08-03 03:30:02,658] {logging_mixin.py:103} INFO - Running <TaskInstance: penjadwalan.dapat_suhu 2022-08-03T03:28:00+00:00 [running]> on host b4dcda255553
[2022-08-03 03:30:02,762] {taskinstance.py:1232} INFO - Exporting the following env vars:
AIRFLOW_CTX_DAG_OWNER=airflow
AIRFLOW_CTX_DAG_ID=penjadwalan
AIRFLOW_CTX_TASK_ID=dapat_suhu
AIRFLOW_CTX_EXECUTION_DATE=2022-08-03T03:28:00+00:00
AIRFLOW_CTX_DAG_RUN_ID=scheduled__2022-08-03T03:28:00+00:00
[2022-08-03 03:30:03,047] {logging_mixin.py:103} INFO - {'kota': 'Bali', 'cuaca': 'Clouds', 'cuaca_deskripsi': 'scattered clouds', 'temperatur': 301.61, 'waktu': '2022-08-03T03:30:03.045931'}
[2022-08-03 03:30:03,196] {logging_mixin.py:103} INFO - {'kota': 'Lombok', 'cuaca': 'Rain', 'cuaca_deskripsi': 'heavy intensity rain', 'temperatur': 298.97, 'waktu': '2022-08-03T03:30:03.194742'}
[2022-08-03 03:30:03,944] {logging_mixin.py:103} INFO - {'kota': 'Labuan Bajo', 'cuaca': 'Clouds', 'cuaca_deskripsi': 'broken clouds', 'temperatur': 302.05, 'waktu': '2022-08-03T03:30:03.944139'}
[2022-08-03 03:30:04,087] {logging_mixin.py:103} INFO - {'kota': 'Bogor', 'cuaca': 'Clouds', 'cuaca_deskripsi': 'overcast clouds', 'temperatur': 304.2, 'waktu': '2022-08-03T03:30:04.086774'}
[2022-08-03 03:30:04,211] {logging_mixin.py:103} INFO - {'kota': 'Bandung', 'cuaca': 'Clouds', 'cuaca_deskripsi': 'broken clouds', 'temperatur': 300.9, 'waktu': '2022-08-03T03:30:04.211029'}
[2022-08-03 03:30:04,212] {python.py:118} INFO - Done. Returned value was: None
[2022-08-03 03:30:04,231] {taskinstance.py:1142} INFO - Marking task as SUCCESS. dag_id=penjadwalan, task_id=dapat_suhu, execution_date=20220803T032800, start_date=20220803T033002, end_date=20220803T033004
[2022-08-03 03:30:04,288] {taskinstance.py:1195} INFO - 0 downstream tasks scheduled from follow-on schedule check
[2022-08-03 03:30:04,304] {local_task_job.py:118} INFO - Task exited with return code 0
