[2022-08-03 02:40:01,082] {taskinstance.py:826} INFO - Dependencies all met for <TaskInstance: penjadwalan.dapat_suhu 2022-08-03T02:38:00+00:00 [queued]>
[2022-08-03 02:40:01,108] {taskinstance.py:826} INFO - Dependencies all met for <TaskInstance: penjadwalan.dapat_suhu 2022-08-03T02:38:00+00:00 [queued]>
[2022-08-03 02:40:01,108] {taskinstance.py:1017} INFO - 
--------------------------------------------------------------------------------
[2022-08-03 02:40:01,109] {taskinstance.py:1018} INFO - Starting attempt 1 of 1
[2022-08-03 02:40:01,109] {taskinstance.py:1019} INFO - 
--------------------------------------------------------------------------------
[2022-08-03 02:40:01,123] {taskinstance.py:1038} INFO - Executing <Task(PythonOperator): dapat_suhu> on 2022-08-03T02:38:00+00:00
[2022-08-03 02:40:01,128] {standard_task_runner.py:51} INFO - Started process 6343 to run task
[2022-08-03 02:40:01,134] {standard_task_runner.py:75} INFO - Running: ['airflow', 'tasks', 'run', 'penjadwalan', 'dapat_suhu', '2022-08-03T02:38:00+00:00', '--job-id', '531', '--pool', 'default_pool', '--raw', '--subdir', 'DAGS_FOLDER/penjadwalan.py', '--cfg-path', '/tmp/tmpeu5axfxc']
[2022-08-03 02:40:01,138] {standard_task_runner.py:76} INFO - Job 531: Subtask dapat_suhu
[2022-08-03 02:40:01,222] {logging_mixin.py:103} INFO - Running <TaskInstance: penjadwalan.dapat_suhu 2022-08-03T02:38:00+00:00 [running]> on host b4dcda255553
[2022-08-03 02:40:01,323] {taskinstance.py:1232} INFO - Exporting the following env vars:
AIRFLOW_CTX_DAG_OWNER=airflow
AIRFLOW_CTX_DAG_ID=penjadwalan
AIRFLOW_CTX_TASK_ID=dapat_suhu
AIRFLOW_CTX_EXECUTION_DATE=2022-08-03T02:38:00+00:00
AIRFLOW_CTX_DAG_RUN_ID=scheduled__2022-08-03T02:38:00+00:00
[2022-08-03 02:40:02,702] {logging_mixin.py:103} INFO - {'kota': 'Bali', 'cuaca': 'Clouds', 'cuaca_deskripsi': 'scattered clouds', 'temperatur': 298.28, 'waktu': '2022-08-03T02:40:02.702359'}
[2022-08-03 02:40:03,291] {logging_mixin.py:103} INFO - {'kota': 'Lombok', 'cuaca': 'Rain', 'cuaca_deskripsi': 'heavy intensity rain', 'temperatur': 297.83, 'waktu': '2022-08-03T02:40:03.291344'}
[2022-08-03 02:40:03,602] {logging_mixin.py:103} INFO - {'kota': 'Labuan Bajo', 'cuaca': 'Clouds', 'cuaca_deskripsi': 'broken clouds', 'temperatur': 302.24, 'waktu': '2022-08-03T02:40:03.602671'}
[2022-08-03 02:40:04,159] {logging_mixin.py:103} INFO - {'kota': 'Bogor', 'cuaca': 'Clouds', 'cuaca_deskripsi': 'overcast clouds', 'temperatur': 302.04, 'waktu': '2022-08-03T02:40:04.159398'}
[2022-08-03 02:40:04,656] {logging_mixin.py:103} INFO - {'kota': 'Bandung', 'cuaca': 'Clouds', 'cuaca_deskripsi': 'broken clouds', 'temperatur': 300.9, 'waktu': '2022-08-03T02:40:04.656755'}
[2022-08-03 02:40:04,657] {python.py:118} INFO - Done. Returned value was: None
[2022-08-03 02:40:04,673] {taskinstance.py:1142} INFO - Marking task as SUCCESS. dag_id=penjadwalan, task_id=dapat_suhu, execution_date=20220803T023800, start_date=20220803T024001, end_date=20220803T024004
[2022-08-03 02:40:04,716] {taskinstance.py:1195} INFO - 0 downstream tasks scheduled from follow-on schedule check
[2022-08-03 02:40:04,759] {local_task_job.py:118} INFO - Task exited with return code 0
