[2022-08-03 07:48:01,491] {taskinstance.py:826} INFO - Dependencies all met for <TaskInstance: penjadwalan.dapat_suhu 2022-08-03T07:46:00+00:00 [queued]>
[2022-08-03 07:48:01,520] {taskinstance.py:826} INFO - Dependencies all met for <TaskInstance: penjadwalan.dapat_suhu 2022-08-03T07:46:00+00:00 [queued]>
[2022-08-03 07:48:01,521] {taskinstance.py:1017} INFO - 
--------------------------------------------------------------------------------
[2022-08-03 07:48:01,522] {taskinstance.py:1018} INFO - Starting attempt 1 of 1
[2022-08-03 07:48:01,522] {taskinstance.py:1019} INFO - 
--------------------------------------------------------------------------------
[2022-08-03 07:48:01,537] {taskinstance.py:1038} INFO - Executing <Task(PythonOperator): dapat_suhu> on 2022-08-03T07:46:00+00:00
[2022-08-03 07:48:01,542] {standard_task_runner.py:51} INFO - Started process 8050 to run task
[2022-08-03 07:48:01,555] {standard_task_runner.py:75} INFO - Running: ['airflow', 'tasks', 'run', 'penjadwalan', 'dapat_suhu', '2022-08-03T07:46:00+00:00', '--job-id', '840', '--pool', 'default_pool', '--raw', '--subdir', 'DAGS_FOLDER/penjadwalan.py', '--cfg-path', '/tmp/tmpbyp6cn0x']
[2022-08-03 07:48:01,559] {standard_task_runner.py:76} INFO - Job 840: Subtask dapat_suhu
[2022-08-03 07:48:01,640] {logging_mixin.py:103} INFO - Running <TaskInstance: penjadwalan.dapat_suhu 2022-08-03T07:46:00+00:00 [running]> on host b4dcda255553
[2022-08-03 07:48:01,720] {taskinstance.py:1232} INFO - Exporting the following env vars:
AIRFLOW_CTX_DAG_OWNER=airflow
AIRFLOW_CTX_DAG_ID=penjadwalan
AIRFLOW_CTX_TASK_ID=dapat_suhu
AIRFLOW_CTX_EXECUTION_DATE=2022-08-03T07:46:00+00:00
AIRFLOW_CTX_DAG_RUN_ID=scheduled__2022-08-03T07:46:00+00:00
[2022-08-03 07:48:01,848] {logging_mixin.py:103} INFO - {'kota': 'Bali', 'cuaca': 'Clouds', 'cuaca_deskripsi': 'broken clouds', 'temperatur': 301.61, 'waktu': '2022-08-03T07:48:01.847780'}
[2022-08-03 07:48:01,962] {logging_mixin.py:103} INFO - {'kota': 'Lombok', 'cuaca': 'Rain', 'cuaca_deskripsi': 'moderate rain', 'temperatur': 296.95, 'waktu': '2022-08-03T07:48:01.962502'}
[2022-08-03 07:48:02,077] {logging_mixin.py:103} INFO - {'kota': 'Labuan Bajo', 'cuaca': 'Clouds', 'cuaca_deskripsi': 'overcast clouds', 'temperatur': 300.58, 'waktu': '2022-08-03T07:48:02.077078'}
[2022-08-03 07:48:02,194] {logging_mixin.py:103} INFO - {'kota': 'Bogor', 'cuaca': 'Clouds', 'cuaca_deskripsi': 'overcast clouds', 'temperatur': 304.2, 'waktu': '2022-08-03T07:48:02.193929'}
[2022-08-03 07:48:02,310] {logging_mixin.py:103} INFO - {'kota': 'Bandung', 'cuaca': 'Clouds', 'cuaca_deskripsi': 'overcast clouds', 'temperatur': 298.69, 'waktu': '2022-08-03T07:48:02.310333'}
[2022-08-03 07:48:02,311] {python.py:118} INFO - Done. Returned value was: None
[2022-08-03 07:48:02,350] {taskinstance.py:1142} INFO - Marking task as SUCCESS. dag_id=penjadwalan, task_id=dapat_suhu, execution_date=20220803T074600, start_date=20220803T074801, end_date=20220803T074802
[2022-08-03 07:48:02,417] {taskinstance.py:1195} INFO - 0 downstream tasks scheduled from follow-on schedule check
[2022-08-03 07:48:02,442] {local_task_job.py:118} INFO - Task exited with return code 0
