[2022-08-03 05:32:00,960] {taskinstance.py:826} INFO - Dependencies all met for <TaskInstance: penjadwalan.dapat_suhu 2022-08-03T05:30:00+00:00 [queued]>
[2022-08-03 05:32:00,987] {taskinstance.py:826} INFO - Dependencies all met for <TaskInstance: penjadwalan.dapat_suhu 2022-08-03T05:30:00+00:00 [queued]>
[2022-08-03 05:32:00,987] {taskinstance.py:1017} INFO - 
--------------------------------------------------------------------------------
[2022-08-03 05:32:00,988] {taskinstance.py:1018} INFO - Starting attempt 1 of 1
[2022-08-03 05:32:00,988] {taskinstance.py:1019} INFO - 
--------------------------------------------------------------------------------
[2022-08-03 05:32:01,004] {taskinstance.py:1038} INFO - Executing <Task(PythonOperator): dapat_suhu> on 2022-08-03T05:30:00+00:00
[2022-08-03 05:32:01,009] {standard_task_runner.py:51} INFO - Started process 20224 to run task
[2022-08-03 05:32:01,015] {standard_task_runner.py:75} INFO - Running: ['airflow', 'tasks', 'run', 'penjadwalan', 'dapat_suhu', '2022-08-03T05:30:00+00:00', '--job-id', '688', '--pool', 'default_pool', '--raw', '--subdir', 'DAGS_FOLDER/penjadwalan.py', '--cfg-path', '/tmp/tmpf_h3pyg_']
[2022-08-03 05:32:01,020] {standard_task_runner.py:76} INFO - Job 688: Subtask dapat_suhu
[2022-08-03 05:32:01,100] {logging_mixin.py:103} INFO - Running <TaskInstance: penjadwalan.dapat_suhu 2022-08-03T05:30:00+00:00 [running]> on host b4dcda255553
[2022-08-03 05:32:01,174] {taskinstance.py:1232} INFO - Exporting the following env vars:
AIRFLOW_CTX_DAG_OWNER=airflow
AIRFLOW_CTX_DAG_ID=penjadwalan
AIRFLOW_CTX_TASK_ID=dapat_suhu
AIRFLOW_CTX_EXECUTION_DATE=2022-08-03T05:30:00+00:00
AIRFLOW_CTX_DAG_RUN_ID=scheduled__2022-08-03T05:30:00+00:00
[2022-08-03 05:32:01,434] {logging_mixin.py:103} INFO - {'kota': 'Bali', 'cuaca': 'Clouds', 'cuaca_deskripsi': 'scattered clouds', 'temperatur': 302.69, 'waktu': '2022-08-03T05:32:01.433996'}
[2022-08-03 05:32:01,560] {logging_mixin.py:103} INFO - {'kota': 'Lombok', 'cuaca': 'Clouds', 'cuaca_deskripsi': 'overcast clouds', 'temperatur': 297.64, 'waktu': '2022-08-03T05:32:01.560517'}
[2022-08-03 05:32:02,538] {logging_mixin.py:103} INFO - {'kota': 'Labuan Bajo', 'cuaca': 'Clouds', 'cuaca_deskripsi': 'broken clouds', 'temperatur': 300.81, 'waktu': '2022-08-03T05:32:02.538183'}
[2022-08-03 05:32:02,667] {logging_mixin.py:103} INFO - {'kota': 'Bogor', 'cuaca': 'Clouds', 'cuaca_deskripsi': 'overcast clouds', 'temperatur': 303.41, 'waktu': '2022-08-03T05:32:02.667066'}
[2022-08-03 05:32:02,827] {logging_mixin.py:103} INFO - {'kota': 'Bandung', 'cuaca': 'Clouds', 'cuaca_deskripsi': 'broken clouds', 'temperatur': 301.75, 'waktu': '2022-08-03T05:32:02.827321'}
[2022-08-03 05:32:02,828] {python.py:118} INFO - Done. Returned value was: None
[2022-08-03 05:32:03,505] {taskinstance.py:1142} INFO - Marking task as SUCCESS. dag_id=penjadwalan, task_id=dapat_suhu, execution_date=20220803T053000, start_date=20220803T053200, end_date=20220803T053203
[2022-08-03 05:32:04,230] {taskinstance.py:1195} INFO - 0 downstream tasks scheduled from follow-on schedule check
[2022-08-03 05:32:04,247] {local_task_job.py:118} INFO - Task exited with return code 0
