[2022-08-03 06:20:00,623] {taskinstance.py:826} INFO - Dependencies all met for <TaskInstance: penjadwalan.dapat_suhu 2022-08-03T06:18:00+00:00 [queued]>
[2022-08-03 06:20:00,651] {taskinstance.py:826} INFO - Dependencies all met for <TaskInstance: penjadwalan.dapat_suhu 2022-08-03T06:18:00+00:00 [queued]>
[2022-08-03 06:20:00,652] {taskinstance.py:1017} INFO - 
--------------------------------------------------------------------------------
[2022-08-03 06:20:00,653] {taskinstance.py:1018} INFO - Starting attempt 1 of 1
[2022-08-03 06:20:00,654] {taskinstance.py:1019} INFO - 
--------------------------------------------------------------------------------
[2022-08-03 06:20:00,671] {taskinstance.py:1038} INFO - Executing <Task(PythonOperator): dapat_suhu> on 2022-08-03T06:18:00+00:00
[2022-08-03 06:20:00,677] {standard_task_runner.py:51} INFO - Started process 19331 to run task
[2022-08-03 06:20:00,683] {standard_task_runner.py:75} INFO - Running: ['airflow', 'tasks', 'run', 'penjadwalan', 'dapat_suhu', '2022-08-03T06:18:00+00:00', '--job-id', '728', '--pool', 'default_pool', '--raw', '--subdir', 'DAGS_FOLDER/penjadwalan.py', '--cfg-path', '/tmp/tmplbd7zrpf']
[2022-08-03 06:20:00,689] {standard_task_runner.py:76} INFO - Job 728: Subtask dapat_suhu
[2022-08-03 06:20:00,775] {logging_mixin.py:103} INFO - Running <TaskInstance: penjadwalan.dapat_suhu 2022-08-03T06:18:00+00:00 [running]> on host b4dcda255553
[2022-08-03 06:20:00,848] {taskinstance.py:1232} INFO - Exporting the following env vars:
AIRFLOW_CTX_DAG_OWNER=airflow
AIRFLOW_CTX_DAG_ID=penjadwalan
AIRFLOW_CTX_TASK_ID=dapat_suhu
AIRFLOW_CTX_EXECUTION_DATE=2022-08-03T06:18:00+00:00
AIRFLOW_CTX_DAG_RUN_ID=scheduled__2022-08-03T06:18:00+00:00
[2022-08-03 06:20:01,032] {logging_mixin.py:103} INFO - {'kota': 'Bali', 'cuaca': 'Clouds', 'cuaca_deskripsi': 'scattered clouds', 'temperatur': 302.69, 'waktu': '2022-08-03T06:20:01.032628'}
[2022-08-03 06:20:01,154] {logging_mixin.py:103} INFO - {'kota': 'Lombok', 'cuaca': 'Rain', 'cuaca_deskripsi': 'light rain', 'temperatur': 298.08, 'waktu': '2022-08-03T06:20:01.154241'}
[2022-08-03 06:20:01,266] {logging_mixin.py:103} INFO - {'kota': 'Labuan Bajo', 'cuaca': 'Clouds', 'cuaca_deskripsi': 'overcast clouds', 'temperatur': 300.85, 'waktu': '2022-08-03T06:20:01.266198'}
[2022-08-03 06:20:01,386] {logging_mixin.py:103} INFO - {'kota': 'Bogor', 'cuaca': 'Clouds', 'cuaca_deskripsi': 'overcast clouds', 'temperatur': 305.63, 'waktu': '2022-08-03T06:20:01.386223'}
[2022-08-03 06:20:01,513] {logging_mixin.py:103} INFO - {'kota': 'Bandung', 'cuaca': 'Clouds', 'cuaca_deskripsi': 'broken clouds', 'temperatur': 302.27, 'waktu': '2022-08-03T06:20:01.513663'}
[2022-08-03 06:20:01,514] {python.py:118} INFO - Done. Returned value was: None
[2022-08-03 06:20:01,535] {taskinstance.py:1142} INFO - Marking task as SUCCESS. dag_id=penjadwalan, task_id=dapat_suhu, execution_date=20220803T061800, start_date=20220803T062000, end_date=20220803T062001
[2022-08-03 06:20:01,587] {taskinstance.py:1195} INFO - 0 downstream tasks scheduled from follow-on schedule check
[2022-08-03 06:20:01,619] {local_task_job.py:118} INFO - Task exited with return code 0
