[2022-08-03 02:50:10,502] {taskinstance.py:826} INFO - Dependencies all met for <TaskInstance: my_simple_dag.respond 2022-08-03T02:40:00+00:00 [queued]>
[2022-08-03 02:50:10,532] {taskinstance.py:826} INFO - Dependencies all met for <TaskInstance: my_simple_dag.respond 2022-08-03T02:40:00+00:00 [queued]>
[2022-08-03 02:50:10,533] {taskinstance.py:1017} INFO - 
--------------------------------------------------------------------------------
[2022-08-03 02:50:10,533] {taskinstance.py:1018} INFO - Starting attempt 1 of 1
[2022-08-03 02:50:10,534] {taskinstance.py:1019} INFO - 
--------------------------------------------------------------------------------
[2022-08-03 02:50:10,551] {taskinstance.py:1038} INFO - Executing <Task(PythonOperator): respond> on 2022-08-03T02:40:00+00:00
[2022-08-03 02:50:10,557] {standard_task_runner.py:51} INFO - Started process 27816 to run task
[2022-08-03 02:50:10,562] {standard_task_runner.py:75} INFO - Running: ['airflow', 'tasks', 'run', 'my_simple_dag', 'respond', '2022-08-03T02:40:00+00:00', '--job-id', '543', '--pool', 'default_pool', '--raw', '--subdir', 'DAGS_FOLDER/my_simple_dag.py', '--cfg-path', '/tmp/tmp_sftvise']
[2022-08-03 02:50:10,566] {standard_task_runner.py:76} INFO - Job 543: Subtask respond
[2022-08-03 02:50:10,637] {logging_mixin.py:103} INFO - Running <TaskInstance: my_simple_dag.respond 2022-08-03T02:40:00+00:00 [running]> on host b4dcda255553
[2022-08-03 02:50:10,712] {taskinstance.py:1232} INFO - Exporting the following env vars:
AIRFLOW_CTX_DAG_OWNER=airflow
AIRFLOW_CTX_DAG_ID=my_simple_dag
AIRFLOW_CTX_TASK_ID=respond
AIRFLOW_CTX_EXECUTION_DATE=2022-08-03T02:40:00+00:00
AIRFLOW_CTX_DAG_RUN_ID=scheduled__2022-08-03T02:40:00+00:00
[2022-08-03 02:50:10,713] {python.py:118} INFO - Done. Returned value was: Greet Responded Again
[2022-08-03 02:50:10,749] {taskinstance.py:1142} INFO - Marking task as SUCCESS. dag_id=my_simple_dag, task_id=respond, execution_date=20220803T024000, start_date=20220803T025010, end_date=20220803T025010
[2022-08-03 02:50:10,787] {taskinstance.py:1195} INFO - 0 downstream tasks scheduled from follow-on schedule check
[2022-08-03 02:50:10,814] {local_task_job.py:118} INFO - Task exited with return code 0
