[2022-08-03 09:16:03,272] {taskinstance.py:826} INFO - Dependencies all met for <TaskInstance: penjadwalan.dapat_suhu 2022-08-03T09:14:00+00:00 [queued]>
[2022-08-03 09:16:03,295] {taskinstance.py:826} INFO - Dependencies all met for <TaskInstance: penjadwalan.dapat_suhu 2022-08-03T09:14:00+00:00 [queued]>
[2022-08-03 09:16:03,296] {taskinstance.py:1017} INFO - 
--------------------------------------------------------------------------------
[2022-08-03 09:16:03,296] {taskinstance.py:1018} INFO - Starting attempt 1 of 1
[2022-08-03 09:16:03,297] {taskinstance.py:1019} INFO - 
--------------------------------------------------------------------------------
[2022-08-03 09:16:03,309] {taskinstance.py:1038} INFO - Executing <Task(PythonOperator): dapat_suhu> on 2022-08-03T09:14:00+00:00
[2022-08-03 09:16:03,313] {standard_task_runner.py:51} INFO - Started process 6152 to run task
[2022-08-03 09:16:03,318] {standard_task_runner.py:75} INFO - Running: ['airflow', 'tasks', 'run', 'penjadwalan', 'dapat_suhu', '2022-08-03T09:14:00+00:00', '--job-id', '920', '--pool', 'default_pool', '--raw', '--subdir', 'DAGS_FOLDER/penjadwalan.py', '--cfg-path', '/tmp/tmpclti15cg']
[2022-08-03 09:16:03,321] {standard_task_runner.py:76} INFO - Job 920: Subtask dapat_suhu
[2022-08-03 09:16:03,403] {logging_mixin.py:103} INFO - Running <TaskInstance: penjadwalan.dapat_suhu 2022-08-03T09:14:00+00:00 [running]> on host b4dcda255553
[2022-08-03 09:16:03,536] {taskinstance.py:1232} INFO - Exporting the following env vars:
AIRFLOW_CTX_DAG_OWNER=airflow
AIRFLOW_CTX_DAG_ID=penjadwalan
AIRFLOW_CTX_TASK_ID=dapat_suhu
AIRFLOW_CTX_EXECUTION_DATE=2022-08-03T09:14:00+00:00
AIRFLOW_CTX_DAG_RUN_ID=scheduled__2022-08-03T09:14:00+00:00
[2022-08-03 09:16:03,694] {logging_mixin.py:103} INFO - {'kota': 'Bali', 'cuaca': 'Clouds', 'cuaca_deskripsi': 'broken clouds', 'temperatur': 300.5, 'waktu': '2022-08-03T09:16:03.693976'}
[2022-08-03 09:16:03,855] {logging_mixin.py:103} INFO - {'kota': 'Lombok', 'cuaca': 'Rain', 'cuaca_deskripsi': 'moderate rain', 'temperatur': 296.25, 'waktu': '2022-08-03T09:16:03.854975'}
[2022-08-03 09:16:04,017] {logging_mixin.py:103} INFO - {'kota': 'Labuan Bajo', 'cuaca': 'Clouds', 'cuaca_deskripsi': 'overcast clouds', 'temperatur': 300.25, 'waktu': '2022-08-03T09:16:04.017355'}
[2022-08-03 09:16:04,149] {logging_mixin.py:103} INFO - {'kota': 'Bogor', 'cuaca': 'Clouds', 'cuaca_deskripsi': 'overcast clouds', 'temperatur': 303.61, 'waktu': '2022-08-03T09:16:04.149021'}
[2022-08-03 09:16:04,273] {logging_mixin.py:103} INFO - {'kota': 'Bandung', 'cuaca': 'Clouds', 'cuaca_deskripsi': 'overcast clouds', 'temperatur': 297, 'waktu': '2022-08-03T09:16:04.273433'}
[2022-08-03 09:16:04,274] {python.py:118} INFO - Done. Returned value was: None
[2022-08-03 09:16:04,291] {taskinstance.py:1142} INFO - Marking task as SUCCESS. dag_id=penjadwalan, task_id=dapat_suhu, execution_date=20220803T091400, start_date=20220803T091603, end_date=20220803T091604
[2022-08-03 09:16:04,329] {taskinstance.py:1195} INFO - 0 downstream tasks scheduled from follow-on schedule check
[2022-08-03 09:16:04,373] {local_task_job.py:118} INFO - Task exited with return code 0
