[2022-08-03 10:00:01,200] {taskinstance.py:826} INFO - Dependencies all met for <TaskInstance: penjadwalan.dapat_suhu 2022-08-03T09:58:00+00:00 [queued]>
[2022-08-03 10:00:01,226] {taskinstance.py:826} INFO - Dependencies all met for <TaskInstance: penjadwalan.dapat_suhu 2022-08-03T09:58:00+00:00 [queued]>
[2022-08-03 10:00:01,227] {taskinstance.py:1017} INFO - 
--------------------------------------------------------------------------------
[2022-08-03 10:00:01,227] {taskinstance.py:1018} INFO - Starting attempt 1 of 1
[2022-08-03 10:00:01,228] {taskinstance.py:1019} INFO - 
--------------------------------------------------------------------------------
[2022-08-03 10:00:01,242] {taskinstance.py:1038} INFO - Executing <Task(PythonOperator): dapat_suhu> on 2022-08-03T09:58:00+00:00
[2022-08-03 10:00:01,246] {standard_task_runner.py:51} INFO - Started process 14081 to run task
[2022-08-03 10:00:01,252] {standard_task_runner.py:75} INFO - Running: ['airflow', 'tasks', 'run', 'penjadwalan', 'dapat_suhu', '2022-08-03T09:58:00+00:00', '--job-id', '958', '--pool', 'default_pool', '--raw', '--subdir', 'DAGS_FOLDER/penjadwalan.py', '--cfg-path', '/tmp/tmpyv24t_gi']
[2022-08-03 10:00:01,257] {standard_task_runner.py:76} INFO - Job 958: Subtask dapat_suhu
[2022-08-03 10:00:01,335] {logging_mixin.py:103} INFO - Running <TaskInstance: penjadwalan.dapat_suhu 2022-08-03T09:58:00+00:00 [running]> on host b4dcda255553
[2022-08-03 10:00:01,408] {taskinstance.py:1232} INFO - Exporting the following env vars:
AIRFLOW_CTX_DAG_OWNER=airflow
AIRFLOW_CTX_DAG_ID=penjadwalan
AIRFLOW_CTX_TASK_ID=dapat_suhu
AIRFLOW_CTX_EXECUTION_DATE=2022-08-03T09:58:00+00:00
AIRFLOW_CTX_DAG_RUN_ID=scheduled__2022-08-03T09:58:00+00:00
[2022-08-03 10:00:01,602] {logging_mixin.py:103} INFO - {'kota': 'Bali', 'cuaca': 'Clouds', 'cuaca_deskripsi': 'broken clouds', 'temperatur': 300.5, 'waktu': '2022-08-03T10:00:01.602395'}
[2022-08-03 10:00:01,754] {logging_mixin.py:103} INFO - {'kota': 'Lombok', 'cuaca': 'Clouds', 'cuaca_deskripsi': 'overcast clouds', 'temperatur': 295.7, 'waktu': '2022-08-03T10:00:01.754644'}
[2022-08-03 10:00:01,982] {logging_mixin.py:103} INFO - {'kota': 'Labuan Bajo', 'cuaca': 'Clouds', 'cuaca_deskripsi': 'overcast clouds', 'temperatur': 298.84, 'waktu': '2022-08-03T10:00:01.982666'}
[2022-08-03 10:00:02,136] {logging_mixin.py:103} INFO - {'kota': 'Bogor', 'cuaca': 'Clouds', 'cuaca_deskripsi': 'overcast clouds', 'temperatur': 300.82, 'waktu': '2022-08-03T10:00:02.136257'}
[2022-08-03 10:00:02,279] {logging_mixin.py:103} INFO - {'kota': 'Bandung', 'cuaca': 'Clouds', 'cuaca_deskripsi': 'overcast clouds', 'temperatur': 296.4, 'waktu': '2022-08-03T10:00:02.279303'}
[2022-08-03 10:00:02,280] {python.py:118} INFO - Done. Returned value was: None
[2022-08-03 10:00:02,309] {taskinstance.py:1142} INFO - Marking task as SUCCESS. dag_id=penjadwalan, task_id=dapat_suhu, execution_date=20220803T095800, start_date=20220803T100001, end_date=20220803T100002
[2022-08-03 10:00:02,363] {taskinstance.py:1195} INFO - 0 downstream tasks scheduled from follow-on schedule check
[2022-08-03 10:00:02,388] {local_task_job.py:118} INFO - Task exited with return code 0
