[2022-08-03 00:48:29,279] {taskinstance.py:826} INFO - Dependencies all met for <TaskInstance: penjadwalan.dapat_suhu 2022-08-03T00:40:00+00:00 [queued]>
[2022-08-03 00:48:29,324] {taskinstance.py:826} INFO - Dependencies all met for <TaskInstance: penjadwalan.dapat_suhu 2022-08-03T00:40:00+00:00 [queued]>
[2022-08-03 00:48:29,325] {taskinstance.py:1017} INFO - 
--------------------------------------------------------------------------------
[2022-08-03 00:48:29,326] {taskinstance.py:1018} INFO - Starting attempt 1 of 1
[2022-08-03 00:48:29,327] {taskinstance.py:1019} INFO - 
--------------------------------------------------------------------------------
[2022-08-03 00:48:29,354] {taskinstance.py:1038} INFO - Executing <Task(PythonOperator): dapat_suhu> on 2022-08-03T00:40:00+00:00
[2022-08-03 00:48:29,359] {standard_task_runner.py:51} INFO - Started process 1299 to run task
[2022-08-03 00:48:29,376] {standard_task_runner.py:75} INFO - Running: ['airflow', 'tasks', 'run', 'penjadwalan', 'dapat_suhu', '2022-08-03T00:40:00+00:00', '--job-id', '427', '--pool', 'default_pool', '--raw', '--subdir', 'DAGS_FOLDER/penjadwalan.py', '--cfg-path', '/tmp/tmpviblflwc']
[2022-08-03 00:48:29,380] {standard_task_runner.py:76} INFO - Job 427: Subtask dapat_suhu
[2022-08-03 00:48:29,500] {logging_mixin.py:103} INFO - Running <TaskInstance: penjadwalan.dapat_suhu 2022-08-03T00:40:00+00:00 [running]> on host b4dcda255553
[2022-08-03 00:48:29,643] {taskinstance.py:1232} INFO - Exporting the following env vars:
AIRFLOW_CTX_DAG_OWNER=airflow
AIRFLOW_CTX_DAG_ID=penjadwalan
AIRFLOW_CTX_TASK_ID=dapat_suhu
AIRFLOW_CTX_EXECUTION_DATE=2022-08-03T00:40:00+00:00
AIRFLOW_CTX_DAG_RUN_ID=scheduled__2022-08-03T00:40:00+00:00
[2022-08-03 00:48:29,821] {logging_mixin.py:103} INFO - {'kota': 'Bali', 'cuaca': 'Clouds', 'cuaca_deskripsi': 'overcast clouds', 'temperatur': 298.28, 'waktu': '2022-08-03T00:48:29.821404'}
[2022-08-03 00:48:30,222] {logging_mixin.py:103} INFO - {'kota': 'Lombok', 'cuaca': 'Clouds', 'cuaca_deskripsi': 'overcast clouds', 'temperatur': 295.51, 'waktu': '2022-08-03T00:48:30.222492'}
[2022-08-03 00:48:30,737] {logging_mixin.py:103} INFO - {'kota': 'Labuan Bajo', 'cuaca': 'Clouds', 'cuaca_deskripsi': 'scattered clouds', 'temperatur': 300.93, 'waktu': '2022-08-03T00:48:30.737378'}
[2022-08-03 00:48:32,072] {logging_mixin.py:103} INFO - {'kota': 'Bogor', 'cuaca': 'Rain', 'cuaca_deskripsi': 'light rain', 'temperatur': 300.87, 'waktu': '2022-08-03T00:48:32.072746'}
[2022-08-03 00:48:32,321] {logging_mixin.py:103} INFO - {'kota': 'Bandung', 'cuaca': 'Clouds', 'cuaca_deskripsi': 'scattered clouds', 'temperatur': 296.92, 'waktu': '2022-08-03T00:48:32.320880'}
[2022-08-03 00:48:32,321] {python.py:118} INFO - Done. Returned value was: None
[2022-08-03 00:48:32,344] {taskinstance.py:1142} INFO - Marking task as SUCCESS. dag_id=penjadwalan, task_id=dapat_suhu, execution_date=20220803T004000, start_date=20220803T004829, end_date=20220803T004832
[2022-08-03 00:48:32,398] {taskinstance.py:1195} INFO - 0 downstream tasks scheduled from follow-on schedule check
[2022-08-03 00:48:32,439] {local_task_job.py:118} INFO - Task exited with return code 0
