[2022-08-03 09:26:01,987] {taskinstance.py:826} INFO - Dependencies all met for <TaskInstance: penjadwalan.dapat_suhu 2022-08-03T09:24:00+00:00 [queued]>
[2022-08-03 09:26:02,022] {taskinstance.py:826} INFO - Dependencies all met for <TaskInstance: penjadwalan.dapat_suhu 2022-08-03T09:24:00+00:00 [queued]>
[2022-08-03 09:26:02,023] {taskinstance.py:1017} INFO - 
--------------------------------------------------------------------------------
[2022-08-03 09:26:02,024] {taskinstance.py:1018} INFO - Starting attempt 1 of 1
[2022-08-03 09:26:02,025] {taskinstance.py:1019} INFO - 
--------------------------------------------------------------------------------
[2022-08-03 09:26:02,068] {taskinstance.py:1038} INFO - Executing <Task(PythonOperator): dapat_suhu> on 2022-08-03T09:24:00+00:00
[2022-08-03 09:26:02,072] {standard_task_runner.py:51} INFO - Started process 31110 to run task
[2022-08-03 09:26:02,079] {standard_task_runner.py:75} INFO - Running: ['airflow', 'tasks', 'run', 'penjadwalan', 'dapat_suhu', '2022-08-03T09:24:00+00:00', '--job-id', '929', '--pool', 'default_pool', '--raw', '--subdir', 'DAGS_FOLDER/penjadwalan.py', '--cfg-path', '/tmp/tmp0qiwram1']
[2022-08-03 09:26:02,083] {standard_task_runner.py:76} INFO - Job 929: Subtask dapat_suhu
[2022-08-03 09:26:02,183] {logging_mixin.py:103} INFO - Running <TaskInstance: penjadwalan.dapat_suhu 2022-08-03T09:24:00+00:00 [running]> on host b4dcda255553
[2022-08-03 09:26:02,329] {taskinstance.py:1232} INFO - Exporting the following env vars:
AIRFLOW_CTX_DAG_OWNER=airflow
AIRFLOW_CTX_DAG_ID=penjadwalan
AIRFLOW_CTX_TASK_ID=dapat_suhu
AIRFLOW_CTX_EXECUTION_DATE=2022-08-03T09:24:00+00:00
AIRFLOW_CTX_DAG_RUN_ID=scheduled__2022-08-03T09:24:00+00:00
[2022-08-03 09:26:02,488] {logging_mixin.py:103} INFO - {'kota': 'Bali', 'cuaca': 'Clouds', 'cuaca_deskripsi': 'broken clouds', 'temperatur': 300.5, 'waktu': '2022-08-03T09:26:02.488177'}
[2022-08-03 09:26:02,760] {logging_mixin.py:103} INFO - {'kota': 'Lombok', 'cuaca': 'Rain', 'cuaca_deskripsi': 'moderate rain', 'temperatur': 296.25, 'waktu': '2022-08-03T09:26:02.760268'}
[2022-08-03 09:26:02,964] {logging_mixin.py:103} INFO - {'kota': 'Labuan Bajo', 'cuaca': 'Clouds', 'cuaca_deskripsi': 'overcast clouds', 'temperatur': 300.25, 'waktu': '2022-08-03T09:26:02.963908'}
[2022-08-03 09:26:03,429] {logging_mixin.py:103} INFO - {'kota': 'Bogor', 'cuaca': 'Clouds', 'cuaca_deskripsi': 'overcast clouds', 'temperatur': 302.6, 'waktu': '2022-08-03T09:26:03.429496'}
[2022-08-03 09:26:04,039] {logging_mixin.py:103} INFO - {'kota': 'Bandung', 'cuaca': 'Clouds', 'cuaca_deskripsi': 'overcast clouds', 'temperatur': 297, 'waktu': '2022-08-03T09:26:04.038999'}
[2022-08-03 09:26:04,048] {python.py:118} INFO - Done. Returned value was: None
[2022-08-03 09:26:04,079] {taskinstance.py:1142} INFO - Marking task as SUCCESS. dag_id=penjadwalan, task_id=dapat_suhu, execution_date=20220803T092400, start_date=20220803T092601, end_date=20220803T092604
[2022-08-03 09:26:04,140] {taskinstance.py:1195} INFO - 0 downstream tasks scheduled from follow-on schedule check
[2022-08-03 09:26:04,191] {local_task_job.py:118} INFO - Task exited with return code 0
