[2022-08-03 03:34:01,170] {taskinstance.py:826} INFO - Dependencies all met for <TaskInstance: penjadwalan.dapat_suhu 2022-08-03T03:32:00+00:00 [queued]>
[2022-08-03 03:34:01,199] {taskinstance.py:826} INFO - Dependencies all met for <TaskInstance: penjadwalan.dapat_suhu 2022-08-03T03:32:00+00:00 [queued]>
[2022-08-03 03:34:01,200] {taskinstance.py:1017} INFO - 
--------------------------------------------------------------------------------
[2022-08-03 03:34:01,200] {taskinstance.py:1018} INFO - Starting attempt 1 of 1
[2022-08-03 03:34:01,201] {taskinstance.py:1019} INFO - 
--------------------------------------------------------------------------------
[2022-08-03 03:34:01,216] {taskinstance.py:1038} INFO - Executing <Task(PythonOperator): dapat_suhu> on 2022-08-03T03:32:00+00:00
[2022-08-03 03:34:01,222] {standard_task_runner.py:51} INFO - Started process 24241 to run task
[2022-08-03 03:34:01,227] {standard_task_runner.py:75} INFO - Running: ['airflow', 'tasks', 'run', 'penjadwalan', 'dapat_suhu', '2022-08-03T03:32:00+00:00', '--job-id', '581', '--pool', 'default_pool', '--raw', '--subdir', 'DAGS_FOLDER/penjadwalan.py', '--cfg-path', '/tmp/tmpn97w6gfp']
[2022-08-03 03:34:01,232] {standard_task_runner.py:76} INFO - Job 581: Subtask dapat_suhu
[2022-08-03 03:34:01,306] {logging_mixin.py:103} INFO - Running <TaskInstance: penjadwalan.dapat_suhu 2022-08-03T03:32:00+00:00 [running]> on host b4dcda255553
[2022-08-03 03:34:01,385] {taskinstance.py:1232} INFO - Exporting the following env vars:
AIRFLOW_CTX_DAG_OWNER=airflow
AIRFLOW_CTX_DAG_ID=penjadwalan
AIRFLOW_CTX_TASK_ID=dapat_suhu
AIRFLOW_CTX_EXECUTION_DATE=2022-08-03T03:32:00+00:00
AIRFLOW_CTX_DAG_RUN_ID=scheduled__2022-08-03T03:32:00+00:00
[2022-08-03 03:34:01,634] {logging_mixin.py:103} INFO - {'kota': 'Bali', 'cuaca': 'Clouds', 'cuaca_deskripsi': 'scattered clouds', 'temperatur': 301.61, 'waktu': '2022-08-03T03:34:01.633770'}
[2022-08-03 03:34:01,744] {logging_mixin.py:103} INFO - {'kota': 'Lombok', 'cuaca': 'Rain', 'cuaca_deskripsi': 'heavy intensity rain', 'temperatur': 298.97, 'waktu': '2022-08-03T03:34:01.744548'}
[2022-08-03 03:34:01,877] {logging_mixin.py:103} INFO - {'kota': 'Labuan Bajo', 'cuaca': 'Clouds', 'cuaca_deskripsi': 'broken clouds', 'temperatur': 302.05, 'waktu': '2022-08-03T03:34:01.877426'}
[2022-08-03 03:34:01,987] {logging_mixin.py:103} INFO - {'kota': 'Bogor', 'cuaca': 'Clouds', 'cuaca_deskripsi': 'overcast clouds', 'temperatur': 304.2, 'waktu': '2022-08-03T03:34:01.987191'}
[2022-08-03 03:34:02,116] {logging_mixin.py:103} INFO - {'kota': 'Bandung', 'cuaca': 'Clouds', 'cuaca_deskripsi': 'broken clouds', 'temperatur': 302.13, 'waktu': '2022-08-03T03:34:02.116498'}
[2022-08-03 03:34:02,117] {python.py:118} INFO - Done. Returned value was: None
[2022-08-03 03:34:02,145] {taskinstance.py:1142} INFO - Marking task as SUCCESS. dag_id=penjadwalan, task_id=dapat_suhu, execution_date=20220803T033200, start_date=20220803T033401, end_date=20220803T033402
[2022-08-03 03:34:02,185] {taskinstance.py:1195} INFO - 0 downstream tasks scheduled from follow-on schedule check
[2022-08-03 03:34:02,201] {local_task_job.py:118} INFO - Task exited with return code 0
