[2022-08-03 05:26:00,918] {taskinstance.py:826} INFO - Dependencies all met for <TaskInstance: penjadwalan.dapat_suhu 2022-08-03T05:24:00+00:00 [queued]>
[2022-08-03 05:26:00,944] {taskinstance.py:826} INFO - Dependencies all met for <TaskInstance: penjadwalan.dapat_suhu 2022-08-03T05:24:00+00:00 [queued]>
[2022-08-03 05:26:00,945] {taskinstance.py:1017} INFO - 
--------------------------------------------------------------------------------
[2022-08-03 05:26:00,946] {taskinstance.py:1018} INFO - Starting attempt 1 of 1
[2022-08-03 05:26:00,946] {taskinstance.py:1019} INFO - 
--------------------------------------------------------------------------------
[2022-08-03 05:26:00,961] {taskinstance.py:1038} INFO - Executing <Task(PythonOperator): dapat_suhu> on 2022-08-03T05:24:00+00:00
[2022-08-03 05:26:00,966] {standard_task_runner.py:51} INFO - Started process 4978 to run task
[2022-08-03 05:26:00,972] {standard_task_runner.py:75} INFO - Running: ['airflow', 'tasks', 'run', 'penjadwalan', 'dapat_suhu', '2022-08-03T05:24:00+00:00', '--job-id', '681', '--pool', 'default_pool', '--raw', '--subdir', 'DAGS_FOLDER/penjadwalan.py', '--cfg-path', '/tmp/tmptz0eqq9j']
[2022-08-03 05:26:00,976] {standard_task_runner.py:76} INFO - Job 681: Subtask dapat_suhu
[2022-08-03 05:26:01,052] {logging_mixin.py:103} INFO - Running <TaskInstance: penjadwalan.dapat_suhu 2022-08-03T05:24:00+00:00 [running]> on host b4dcda255553
[2022-08-03 05:26:01,127] {taskinstance.py:1232} INFO - Exporting the following env vars:
AIRFLOW_CTX_DAG_OWNER=airflow
AIRFLOW_CTX_DAG_ID=penjadwalan
AIRFLOW_CTX_TASK_ID=dapat_suhu
AIRFLOW_CTX_EXECUTION_DATE=2022-08-03T05:24:00+00:00
AIRFLOW_CTX_DAG_RUN_ID=scheduled__2022-08-03T05:24:00+00:00
[2022-08-03 05:26:01,272] {logging_mixin.py:103} INFO - {'kota': 'Bali', 'cuaca': 'Clouds', 'cuaca_deskripsi': 'scattered clouds', 'temperatur': 302.69, 'waktu': '2022-08-03T05:26:01.272397'}
[2022-08-03 05:26:01,393] {logging_mixin.py:103} INFO - {'kota': 'Lombok', 'cuaca': 'Clouds', 'cuaca_deskripsi': 'overcast clouds', 'temperatur': 298.32, 'waktu': '2022-08-03T05:26:01.393367'}
[2022-08-03 05:26:01,522] {logging_mixin.py:103} INFO - {'kota': 'Labuan Bajo', 'cuaca': 'Clouds', 'cuaca_deskripsi': 'broken clouds', 'temperatur': 301.43, 'waktu': '2022-08-03T05:26:01.522663'}
[2022-08-03 05:26:01,638] {logging_mixin.py:103} INFO - {'kota': 'Bogor', 'cuaca': 'Clouds', 'cuaca_deskripsi': 'overcast clouds', 'temperatur': 303.41, 'waktu': '2022-08-03T05:26:01.637822'}
[2022-08-03 05:26:01,751] {logging_mixin.py:103} INFO - {'kota': 'Bandung', 'cuaca': 'Clouds', 'cuaca_deskripsi': 'broken clouds', 'temperatur': 302.02, 'waktu': '2022-08-03T05:26:01.751057'}
[2022-08-03 05:26:01,751] {python.py:118} INFO - Done. Returned value was: None
[2022-08-03 05:26:01,774] {taskinstance.py:1142} INFO - Marking task as SUCCESS. dag_id=penjadwalan, task_id=dapat_suhu, execution_date=20220803T052400, start_date=20220803T052600, end_date=20220803T052601
[2022-08-03 05:26:01,820] {taskinstance.py:1195} INFO - 0 downstream tasks scheduled from follow-on schedule check
[2022-08-03 05:26:01,865] {local_task_job.py:118} INFO - Task exited with return code 0
