[2022-08-03 04:38:13,316] {taskinstance.py:826} INFO - Dependencies all met for <TaskInstance: penjadwalan.dapat_suhu 2022-08-03T04:36:00+00:00 [queued]>
[2022-08-03 04:38:13,416] {taskinstance.py:826} INFO - Dependencies all met for <TaskInstance: penjadwalan.dapat_suhu 2022-08-03T04:36:00+00:00 [queued]>
[2022-08-03 04:38:13,416] {taskinstance.py:1017} INFO - 
--------------------------------------------------------------------------------
[2022-08-03 04:38:13,417] {taskinstance.py:1018} INFO - Starting attempt 1 of 1
[2022-08-03 04:38:13,417] {taskinstance.py:1019} INFO - 
--------------------------------------------------------------------------------
[2022-08-03 04:38:14,304] {taskinstance.py:1038} INFO - Executing <Task(PythonOperator): dapat_suhu> on 2022-08-03T04:36:00+00:00
[2022-08-03 04:38:14,309] {standard_task_runner.py:51} INFO - Started process 21059 to run task
[2022-08-03 04:38:14,315] {standard_task_runner.py:75} INFO - Running: ['airflow', 'tasks', 'run', 'penjadwalan', 'dapat_suhu', '2022-08-03T04:36:00+00:00', '--job-id', '637', '--pool', 'default_pool', '--raw', '--subdir', 'DAGS_FOLDER/penjadwalan.py', '--cfg-path', '/tmp/tmp4ut9hj5z']
[2022-08-03 04:38:14,321] {standard_task_runner.py:76} INFO - Job 637: Subtask dapat_suhu
[2022-08-03 04:38:15,594] {logging_mixin.py:103} INFO - Running <TaskInstance: penjadwalan.dapat_suhu 2022-08-03T04:36:00+00:00 [running]> on host b4dcda255553
[2022-08-03 04:38:22,739] {taskinstance.py:1232} INFO - Exporting the following env vars:
AIRFLOW_CTX_DAG_OWNER=airflow
AIRFLOW_CTX_DAG_ID=penjadwalan
AIRFLOW_CTX_TASK_ID=dapat_suhu
AIRFLOW_CTX_EXECUTION_DATE=2022-08-03T04:36:00+00:00
AIRFLOW_CTX_DAG_RUN_ID=scheduled__2022-08-03T04:36:00+00:00
[2022-08-03 04:38:22,902] {logging_mixin.py:103} INFO - {'kota': 'Bali', 'cuaca': 'Clouds', 'cuaca_deskripsi': 'scattered clouds', 'temperatur': 302.69, 'waktu': '2022-08-03T04:38:22.902676'}
[2022-08-03 04:38:27,040] {logging_mixin.py:103} INFO - {'kota': 'Lombok', 'cuaca': 'Clouds', 'cuaca_deskripsi': 'overcast clouds', 'temperatur': 298.32, 'waktu': '2022-08-03T04:38:27.040469'}
[2022-08-03 04:38:27,292] {logging_mixin.py:103} INFO - {'kota': 'Labuan Bajo', 'cuaca': 'Clouds', 'cuaca_deskripsi': 'broken clouds', 'temperatur': 301.43, 'waktu': '2022-08-03T04:38:27.291997'}
[2022-08-03 04:38:27,448] {logging_mixin.py:103} INFO - {'kota': 'Bogor', 'cuaca': 'Clouds', 'cuaca_deskripsi': 'overcast clouds', 'temperatur': 303.96, 'waktu': '2022-08-03T04:38:27.447991'}
[2022-08-03 04:38:27,570] {logging_mixin.py:103} INFO - {'kota': 'Bandung', 'cuaca': 'Clouds', 'cuaca_deskripsi': 'broken clouds', 'temperatur': 302.02, 'waktu': '2022-08-03T04:38:27.570170'}
[2022-08-03 04:38:27,571] {python.py:118} INFO - Done. Returned value was: None
[2022-08-03 04:38:27,601] {taskinstance.py:1142} INFO - Marking task as SUCCESS. dag_id=penjadwalan, task_id=dapat_suhu, execution_date=20220803T043600, start_date=20220803T043813, end_date=20220803T043827
[2022-08-03 04:38:27,690] {taskinstance.py:1195} INFO - 0 downstream tasks scheduled from follow-on schedule check
[2022-08-03 04:38:27,707] {local_task_job.py:118} INFO - Task exited with return code 0
