[2022-08-03 03:26:01,192] {taskinstance.py:826} INFO - Dependencies all met for <TaskInstance: penjadwalan.dapat_suhu 2022-08-03T03:24:00+00:00 [queued]>
[2022-08-03 03:26:01,221] {taskinstance.py:826} INFO - Dependencies all met for <TaskInstance: penjadwalan.dapat_suhu 2022-08-03T03:24:00+00:00 [queued]>
[2022-08-03 03:26:01,222] {taskinstance.py:1017} INFO - 
--------------------------------------------------------------------------------
[2022-08-03 03:26:01,222] {taskinstance.py:1018} INFO - Starting attempt 1 of 1
[2022-08-03 03:26:01,223] {taskinstance.py:1019} INFO - 
--------------------------------------------------------------------------------
[2022-08-03 03:26:01,241] {taskinstance.py:1038} INFO - Executing <Task(PythonOperator): dapat_suhu> on 2022-08-03T03:24:00+00:00
[2022-08-03 03:26:01,247] {standard_task_runner.py:51} INFO - Started process 7000 to run task
[2022-08-03 03:26:01,253] {standard_task_runner.py:75} INFO - Running: ['airflow', 'tasks', 'run', 'penjadwalan', 'dapat_suhu', '2022-08-03T03:24:00+00:00', '--job-id', '573', '--pool', 'default_pool', '--raw', '--subdir', 'DAGS_FOLDER/penjadwalan.py', '--cfg-path', '/tmp/tmp4bbaive_']
[2022-08-03 03:26:01,257] {standard_task_runner.py:76} INFO - Job 573: Subtask dapat_suhu
[2022-08-03 03:26:01,343] {logging_mixin.py:103} INFO - Running <TaskInstance: penjadwalan.dapat_suhu 2022-08-03T03:24:00+00:00 [running]> on host b4dcda255553
[2022-08-03 03:26:01,436] {taskinstance.py:1232} INFO - Exporting the following env vars:
AIRFLOW_CTX_DAG_OWNER=airflow
AIRFLOW_CTX_DAG_ID=penjadwalan
AIRFLOW_CTX_TASK_ID=dapat_suhu
AIRFLOW_CTX_EXECUTION_DATE=2022-08-03T03:24:00+00:00
AIRFLOW_CTX_DAG_RUN_ID=scheduled__2022-08-03T03:24:00+00:00
[2022-08-03 03:26:01,591] {logging_mixin.py:103} INFO - {'kota': 'Bali', 'cuaca': 'Clouds', 'cuaca_deskripsi': 'scattered clouds', 'temperatur': 301.61, 'waktu': '2022-08-03T03:26:01.591128'}
[2022-08-03 03:26:01,752] {logging_mixin.py:103} INFO - {'kota': 'Lombok', 'cuaca': 'Rain', 'cuaca_deskripsi': 'heavy intensity rain', 'temperatur': 297.83, 'waktu': '2022-08-03T03:26:01.752264'}
[2022-08-03 03:26:01,859] {logging_mixin.py:103} INFO - {'kota': 'Labuan Bajo', 'cuaca': 'Clouds', 'cuaca_deskripsi': 'broken clouds', 'temperatur': 302.24, 'waktu': '2022-08-03T03:26:01.859796'}
[2022-08-03 03:26:02,015] {logging_mixin.py:103} INFO - {'kota': 'Bogor', 'cuaca': 'Clouds', 'cuaca_deskripsi': 'overcast clouds', 'temperatur': 303.65, 'waktu': '2022-08-03T03:26:02.015547'}
[2022-08-03 03:26:02,211] {logging_mixin.py:103} INFO - {'kota': 'Bandung', 'cuaca': 'Clouds', 'cuaca_deskripsi': 'broken clouds', 'temperatur': 300.9, 'waktu': '2022-08-03T03:26:02.211285'}
[2022-08-03 03:26:02,212] {python.py:118} INFO - Done. Returned value was: None
[2022-08-03 03:26:02,232] {taskinstance.py:1142} INFO - Marking task as SUCCESS. dag_id=penjadwalan, task_id=dapat_suhu, execution_date=20220803T032400, start_date=20220803T032601, end_date=20220803T032602
[2022-08-03 03:26:02,286] {taskinstance.py:1195} INFO - 0 downstream tasks scheduled from follow-on schedule check
[2022-08-03 03:26:02,307] {local_task_job.py:118} INFO - Task exited with return code 0
