[2022-08-03 00:45:46,790] {taskinstance.py:826} INFO - Dependencies all met for <TaskInstance: penjadwalan.dapat_suhu 2022-08-02T19:50:00+00:00 [queued]>
[2022-08-03 00:45:46,825] {taskinstance.py:826} INFO - Dependencies all met for <TaskInstance: penjadwalan.dapat_suhu 2022-08-02T19:50:00+00:00 [queued]>
[2022-08-03 00:45:46,826] {taskinstance.py:1017} INFO - 
--------------------------------------------------------------------------------
[2022-08-03 00:45:46,828] {taskinstance.py:1018} INFO - Starting attempt 1 of 1
[2022-08-03 00:45:46,828] {taskinstance.py:1019} INFO - 
--------------------------------------------------------------------------------
[2022-08-03 00:45:46,847] {taskinstance.py:1038} INFO - Executing <Task(PythonOperator): dapat_suhu> on 2022-08-02T19:50:00+00:00
[2022-08-03 00:45:46,855] {standard_task_runner.py:51} INFO - Started process 26678 to run task
[2022-08-03 00:45:46,866] {standard_task_runner.py:75} INFO - Running: ['airflow', 'tasks', 'run', 'penjadwalan', 'dapat_suhu', '2022-08-02T19:50:00+00:00', '--job-id', '282', '--pool', 'default_pool', '--raw', '--subdir', 'DAGS_FOLDER/penjadwalan.py', '--cfg-path', '/tmp/tmpbr3f723g']
[2022-08-03 00:45:46,873] {standard_task_runner.py:76} INFO - Job 282: Subtask dapat_suhu
[2022-08-03 00:45:46,972] {logging_mixin.py:103} INFO - Running <TaskInstance: penjadwalan.dapat_suhu 2022-08-02T19:50:00+00:00 [running]> on host b4dcda255553
[2022-08-03 00:45:47,075] {taskinstance.py:1232} INFO - Exporting the following env vars:
AIRFLOW_CTX_DAG_OWNER=airflow
AIRFLOW_CTX_DAG_ID=penjadwalan
AIRFLOW_CTX_TASK_ID=dapat_suhu
AIRFLOW_CTX_EXECUTION_DATE=2022-08-02T19:50:00+00:00
AIRFLOW_CTX_DAG_RUN_ID=scheduled__2022-08-02T19:50:00+00:00
[2022-08-03 00:45:49,361] {logging_mixin.py:103} INFO - {'kota': 'Bali', 'cuaca': 'Clouds', 'cuaca_deskripsi': 'overcast clouds', 'temperatur': 298.28, 'waktu': '2022-08-03T00:45:49.359833'}
[2022-08-03 00:45:52,022] {logging_mixin.py:103} INFO - {'kota': 'Lombok', 'cuaca': 'Clouds', 'cuaca_deskripsi': 'overcast clouds', 'temperatur': 295.51, 'waktu': '2022-08-03T00:45:52.021836'}
[2022-08-03 00:45:53,760] {logging_mixin.py:103} INFO - {'kota': 'Labuan Bajo', 'cuaca': 'Clouds', 'cuaca_deskripsi': 'scattered clouds', 'temperatur': 300.93, 'waktu': '2022-08-03T00:45:53.760187'}
[2022-08-03 00:45:54,067] {logging_mixin.py:103} INFO - {'kota': 'Bogor', 'cuaca': 'Rain', 'cuaca_deskripsi': 'light rain', 'temperatur': 300.87, 'waktu': '2022-08-03T00:45:54.067007'}
[2022-08-03 00:45:54,254] {logging_mixin.py:103} INFO - {'kota': 'Bandung', 'cuaca': 'Clouds', 'cuaca_deskripsi': 'scattered clouds', 'temperatur': 296.92, 'waktu': '2022-08-03T00:45:54.253942'}
[2022-08-03 00:45:54,256] {python.py:118} INFO - Done. Returned value was: None
[2022-08-03 00:45:54,292] {taskinstance.py:1142} INFO - Marking task as SUCCESS. dag_id=penjadwalan, task_id=dapat_suhu, execution_date=20220802T195000, start_date=20220803T004546, end_date=20220803T004554
[2022-08-03 00:45:54,352] {taskinstance.py:1195} INFO - 0 downstream tasks scheduled from follow-on schedule check
[2022-08-03 00:45:54,381] {local_task_job.py:118} INFO - Task exited with return code 0
