[2022-08-03 06:10:01,744] {taskinstance.py:826} INFO - Dependencies all met for <TaskInstance: penjadwalan.dapat_suhu 2022-08-03T06:08:00+00:00 [queued]>
[2022-08-03 06:10:02,215] {taskinstance.py:826} INFO - Dependencies all met for <TaskInstance: penjadwalan.dapat_suhu 2022-08-03T06:08:00+00:00 [queued]>
[2022-08-03 06:10:02,216] {taskinstance.py:1017} INFO - 
--------------------------------------------------------------------------------
[2022-08-03 06:10:02,216] {taskinstance.py:1018} INFO - Starting attempt 1 of 1
[2022-08-03 06:10:02,217] {taskinstance.py:1019} INFO - 
--------------------------------------------------------------------------------
[2022-08-03 06:10:02,245] {taskinstance.py:1038} INFO - Executing <Task(PythonOperator): dapat_suhu> on 2022-08-03T06:08:00+00:00
[2022-08-03 06:10:02,259] {standard_task_runner.py:51} INFO - Started process 31066 to run task
[2022-08-03 06:10:02,267] {standard_task_runner.py:75} INFO - Running: ['airflow', 'tasks', 'run', 'penjadwalan', 'dapat_suhu', '2022-08-03T06:08:00+00:00', '--job-id', '719', '--pool', 'default_pool', '--raw', '--subdir', 'DAGS_FOLDER/penjadwalan.py', '--cfg-path', '/tmp/tmpka4atm1f']
[2022-08-03 06:10:02,280] {standard_task_runner.py:76} INFO - Job 719: Subtask dapat_suhu
[2022-08-03 06:10:02,418] {logging_mixin.py:103} INFO - Running <TaskInstance: penjadwalan.dapat_suhu 2022-08-03T06:08:00+00:00 [running]> on host b4dcda255553
[2022-08-03 06:10:04,443] {taskinstance.py:1232} INFO - Exporting the following env vars:
AIRFLOW_CTX_DAG_OWNER=airflow
AIRFLOW_CTX_DAG_ID=penjadwalan
AIRFLOW_CTX_TASK_ID=dapat_suhu
AIRFLOW_CTX_EXECUTION_DATE=2022-08-03T06:08:00+00:00
AIRFLOW_CTX_DAG_RUN_ID=scheduled__2022-08-03T06:08:00+00:00
[2022-08-03 06:10:04,653] {logging_mixin.py:103} INFO - {'kota': 'Bali', 'cuaca': 'Clouds', 'cuaca_deskripsi': 'scattered clouds', 'temperatur': 302.69, 'waktu': '2022-08-03T06:10:04.653319'}
[2022-08-03 06:10:04,768] {logging_mixin.py:103} INFO - {'kota': 'Lombok', 'cuaca': 'Rain', 'cuaca_deskripsi': 'heavy intensity rain', 'temperatur': 298.08, 'waktu': '2022-08-03T06:10:04.768420'}
[2022-08-03 06:10:05,019] {logging_mixin.py:103} INFO - {'kota': 'Labuan Bajo', 'cuaca': 'Clouds', 'cuaca_deskripsi': 'broken clouds', 'temperatur': 300.81, 'waktu': '2022-08-03T06:10:05.019733'}
[2022-08-03 06:10:05,141] {logging_mixin.py:103} INFO - {'kota': 'Bogor', 'cuaca': 'Clouds', 'cuaca_deskripsi': 'overcast clouds', 'temperatur': 305.07, 'waktu': '2022-08-03T06:10:05.141027'}
[2022-08-03 06:10:05,261] {logging_mixin.py:103} INFO - {'kota': 'Bandung', 'cuaca': 'Clouds', 'cuaca_deskripsi': 'broken clouds', 'temperatur': 302.27, 'waktu': '2022-08-03T06:10:05.261275'}
[2022-08-03 06:10:05,262] {python.py:118} INFO - Done. Returned value was: None
[2022-08-03 06:10:05,403] {taskinstance.py:1142} INFO - Marking task as SUCCESS. dag_id=penjadwalan, task_id=dapat_suhu, execution_date=20220803T060800, start_date=20220803T061001, end_date=20220803T061005
[2022-08-03 06:10:05,524] {taskinstance.py:1195} INFO - 0 downstream tasks scheduled from follow-on schedule check
[2022-08-03 06:10:05,541] {local_task_job.py:118} INFO - Task exited with return code 0
