[2022-08-03 00:50:02,078] {taskinstance.py:826} INFO - Dependencies all met for <TaskInstance: my_simple_dag.say_Hi 2022-08-03T00:40:00+00:00 [queued]>
[2022-08-03 00:50:02,143] {taskinstance.py:826} INFO - Dependencies all met for <TaskInstance: my_simple_dag.say_Hi 2022-08-03T00:40:00+00:00 [queued]>
[2022-08-03 00:50:02,158] {taskinstance.py:1017} INFO - 
--------------------------------------------------------------------------------
[2022-08-03 00:50:02,158] {taskinstance.py:1018} INFO - Starting attempt 1 of 1
[2022-08-03 00:50:02,159] {taskinstance.py:1019} INFO - 
--------------------------------------------------------------------------------
[2022-08-03 00:50:02,192] {taskinstance.py:1038} INFO - Executing <Task(BashOperator): say_Hi> on 2022-08-03T00:40:00+00:00
[2022-08-03 00:50:02,201] {standard_task_runner.py:51} INFO - Started process 6454 to run task
[2022-08-03 00:50:02,213] {standard_task_runner.py:75} INFO - Running: ['airflow', 'tasks', 'run', 'my_simple_dag', 'say_Hi', '2022-08-03T00:40:00+00:00', '--job-id', '432', '--pool', 'default_pool', '--raw', '--subdir', 'DAGS_FOLDER/my_simple_dag.py', '--cfg-path', '/tmp/tmp4p45ecr6']
[2022-08-03 00:50:02,228] {standard_task_runner.py:76} INFO - Job 432: Subtask say_Hi
[2022-08-03 00:50:02,417] {logging_mixin.py:103} INFO - Running <TaskInstance: my_simple_dag.say_Hi 2022-08-03T00:40:00+00:00 [running]> on host b4dcda255553
[2022-08-03 00:50:02,593] {taskinstance.py:1232} INFO - Exporting the following env vars:
AIRFLOW_CTX_DAG_OWNER=airflow
AIRFLOW_CTX_DAG_ID=my_simple_dag
AIRFLOW_CTX_TASK_ID=say_Hi
AIRFLOW_CTX_EXECUTION_DATE=2022-08-03T00:40:00+00:00
AIRFLOW_CTX_DAG_RUN_ID=scheduled__2022-08-03T00:40:00+00:00
[2022-08-03 00:50:02,595] {bash.py:135} INFO - Tmp dir root location: 
 /tmp
[2022-08-03 00:50:02,597] {bash.py:158} INFO - Running command: echo "Hi!!"
[2022-08-03 00:50:02,622] {bash.py:169} INFO - Output:
[2022-08-03 00:50:02,624] {bash.py:173} INFO - Hi!!
[2022-08-03 00:50:02,625] {bash.py:177} INFO - Command exited with return code 0
[2022-08-03 00:50:02,700] {taskinstance.py:1142} INFO - Marking task as SUCCESS. dag_id=my_simple_dag, task_id=say_Hi, execution_date=20220803T004000, start_date=20220803T005002, end_date=20220803T005002
[2022-08-03 00:50:02,831] {taskinstance.py:1195} INFO - 1 downstream tasks scheduled from follow-on schedule check
[2022-08-03 00:50:02,857] {local_task_job.py:118} INFO - Task exited with return code 0
