[2022-08-03 07:40:01,886] {taskinstance.py:826} INFO - Dependencies all met for <TaskInstance: penjadwalan.dapat_suhu 2022-08-03T07:38:00+00:00 [queued]>
[2022-08-03 07:40:02,003] {taskinstance.py:826} INFO - Dependencies all met for <TaskInstance: penjadwalan.dapat_suhu 2022-08-03T07:38:00+00:00 [queued]>
[2022-08-03 07:40:02,004] {taskinstance.py:1017} INFO - 
--------------------------------------------------------------------------------
[2022-08-03 07:40:02,006] {taskinstance.py:1018} INFO - Starting attempt 1 of 1
[2022-08-03 07:40:02,010] {taskinstance.py:1019} INFO - 
--------------------------------------------------------------------------------
[2022-08-03 07:40:02,062] {taskinstance.py:1038} INFO - Executing <Task(PythonOperator): dapat_suhu> on 2022-08-03T07:38:00+00:00
[2022-08-03 07:40:02,073] {standard_task_runner.py:51} INFO - Started process 17397 to run task
[2022-08-03 07:40:02,093] {standard_task_runner.py:75} INFO - Running: ['airflow', 'tasks', 'run', 'penjadwalan', 'dapat_suhu', '2022-08-03T07:38:00+00:00', '--job-id', '833', '--pool', 'default_pool', '--raw', '--subdir', 'DAGS_FOLDER/penjadwalan.py', '--cfg-path', '/tmp/tmpdgrygtyk']
[2022-08-03 07:40:02,101] {standard_task_runner.py:76} INFO - Job 833: Subtask dapat_suhu
[2022-08-03 07:40:02,335] {logging_mixin.py:103} INFO - Running <TaskInstance: penjadwalan.dapat_suhu 2022-08-03T07:38:00+00:00 [running]> on host b4dcda255553
[2022-08-03 07:40:02,590] {taskinstance.py:1232} INFO - Exporting the following env vars:
AIRFLOW_CTX_DAG_OWNER=airflow
AIRFLOW_CTX_DAG_ID=penjadwalan
AIRFLOW_CTX_TASK_ID=dapat_suhu
AIRFLOW_CTX_EXECUTION_DATE=2022-08-03T07:38:00+00:00
AIRFLOW_CTX_DAG_RUN_ID=scheduled__2022-08-03T07:38:00+00:00
[2022-08-03 07:40:02,896] {logging_mixin.py:103} INFO - {'kota': 'Bali', 'cuaca': 'Clouds', 'cuaca_deskripsi': 'broken clouds', 'temperatur': 302.69, 'waktu': '2022-08-03T07:40:02.896520'}
[2022-08-03 07:40:03,148] {logging_mixin.py:103} INFO - {'kota': 'Lombok', 'cuaca': 'Rain', 'cuaca_deskripsi': 'moderate rain', 'temperatur': 296.95, 'waktu': '2022-08-03T07:40:03.148118'}
[2022-08-03 07:40:03,537] {logging_mixin.py:103} INFO - {'kota': 'Labuan Bajo', 'cuaca': 'Clouds', 'cuaca_deskripsi': 'overcast clouds', 'temperatur': 300.58, 'waktu': '2022-08-03T07:40:03.536948'}
[2022-08-03 07:40:03,821] {logging_mixin.py:103} INFO - {'kota': 'Bogor', 'cuaca': 'Clouds', 'cuaca_deskripsi': 'overcast clouds', 'temperatur': 304.76, 'waktu': '2022-08-03T07:40:03.821197'}
[2022-08-03 07:40:04,042] {logging_mixin.py:103} INFO - {'kota': 'Bandung', 'cuaca': 'Clouds', 'cuaca_deskripsi': 'overcast clouds', 'temperatur': 298.69, 'waktu': '2022-08-03T07:40:04.042431'}
[2022-08-03 07:40:04,043] {python.py:118} INFO - Done. Returned value was: None
[2022-08-03 07:40:04,088] {taskinstance.py:1142} INFO - Marking task as SUCCESS. dag_id=penjadwalan, task_id=dapat_suhu, execution_date=20220803T073800, start_date=20220803T074001, end_date=20220803T074004
[2022-08-03 07:40:04,226] {taskinstance.py:1195} INFO - 0 downstream tasks scheduled from follow-on schedule check
[2022-08-03 07:40:04,251] {local_task_job.py:118} INFO - Task exited with return code 0
