[2022-08-02 15:10:09,962] {taskinstance.py:826} INFO - Dependencies all met for <TaskInstance: pokea.greet 2022-08-02T15:00:00+00:00 [queued]>
[2022-08-02 15:10:10,065] {taskinstance.py:826} INFO - Dependencies all met for <TaskInstance: pokea.greet 2022-08-02T15:00:00+00:00 [queued]>
[2022-08-02 15:10:10,067] {taskinstance.py:1017} INFO - 
--------------------------------------------------------------------------------
[2022-08-02 15:10:10,068] {taskinstance.py:1018} INFO - Starting attempt 1 of 1
[2022-08-02 15:10:10,070] {taskinstance.py:1019} INFO - 
--------------------------------------------------------------------------------
[2022-08-02 15:10:10,151] {taskinstance.py:1038} INFO - Executing <Task(PythonOperator): greet> on 2022-08-02T15:00:00+00:00
[2022-08-02 15:10:10,178] {standard_task_runner.py:51} INFO - Started process 1596 to run task
[2022-08-02 15:10:10,208] {standard_task_runner.py:75} INFO - Running: ['airflow', 'tasks', 'run', 'pokea', 'greet', '2022-08-02T15:00:00+00:00', '--job-id', '45', '--pool', 'default_pool', '--raw', '--subdir', 'DAGS_FOLDER/pokea.py', '--cfg-path', '/tmp/tmpd18eo1az']
[2022-08-02 15:10:10,233] {standard_task_runner.py:76} INFO - Job 45: Subtask greet
[2022-08-02 15:10:10,494] {logging_mixin.py:103} INFO - Running <TaskInstance: pokea.greet 2022-08-02T15:00:00+00:00 [running]> on host b4dcda255553
[2022-08-02 15:10:10,726] {taskinstance.py:1232} INFO - Exporting the following env vars:
AIRFLOW_CTX_DAG_OWNER=airflow
AIRFLOW_CTX_DAG_ID=pokea
AIRFLOW_CTX_TASK_ID=greet
AIRFLOW_CTX_EXECUTION_DATE=2022-08-02T15:00:00+00:00
AIRFLOW_CTX_DAG_RUN_ID=scheduled__2022-08-02T15:00:00+00:00
[2022-08-02 15:10:10,730] {logging_mixin.py:103} INFO - Halo Salam dari Apache Airflow2022-08-02 15:10
[2022-08-02 15:10:10,732] {python.py:118} INFO - Done. Returned value was: None
[2022-08-02 15:10:10,791] {taskinstance.py:1142} INFO - Marking task as SUCCESS. dag_id=pokea, task_id=greet, execution_date=20220802T150000, start_date=20220802T151009, end_date=20220802T151010
[2022-08-02 15:10:10,962] {taskinstance.py:1195} INFO - 1 downstream tasks scheduled from follow-on schedule check
[2022-08-02 15:10:10,986] {local_task_job.py:118} INFO - Task exited with return code 0
