[2022-08-03 06:38:49,807] {taskinstance.py:826} INFO - Dependencies all met for <TaskInstance: penjadwalan.dapat_suhu 2022-08-03T06:30:00+00:00 [queued]>
[2022-08-03 06:38:49,942] {taskinstance.py:826} INFO - Dependencies all met for <TaskInstance: penjadwalan.dapat_suhu 2022-08-03T06:30:00+00:00 [queued]>
[2022-08-03 06:38:49,951] {taskinstance.py:1017} INFO - 
--------------------------------------------------------------------------------
[2022-08-03 06:38:49,953] {taskinstance.py:1018} INFO - Starting attempt 1 of 1
[2022-08-03 06:38:49,954] {taskinstance.py:1019} INFO - 
--------------------------------------------------------------------------------
[2022-08-03 06:38:50,073] {taskinstance.py:1038} INFO - Executing <Task(PythonOperator): dapat_suhu> on 2022-08-03T06:30:00+00:00
[2022-08-03 06:38:50,106] {standard_task_runner.py:51} INFO - Started process 204 to run task
[2022-08-03 06:38:50,125] {standard_task_runner.py:75} INFO - Running: ['airflow', 'tasks', 'run', 'penjadwalan', 'dapat_suhu', '2022-08-03T06:30:00+00:00', '--job-id', '772', '--pool', 'default_pool', '--raw', '--subdir', 'DAGS_FOLDER/penjadwalan.py', '--cfg-path', '/tmp/tmpq56psvvx']
[2022-08-03 06:38:50,207] {standard_task_runner.py:76} INFO - Job 772: Subtask dapat_suhu
[2022-08-03 06:38:50,675] {logging_mixin.py:103} INFO - Running <TaskInstance: penjadwalan.dapat_suhu 2022-08-03T06:30:00+00:00 [running]> on host b4dcda255553
[2022-08-03 06:38:51,005] {taskinstance.py:1232} INFO - Exporting the following env vars:
AIRFLOW_CTX_DAG_OWNER=airflow
AIRFLOW_CTX_DAG_ID=penjadwalan
AIRFLOW_CTX_TASK_ID=dapat_suhu
AIRFLOW_CTX_EXECUTION_DATE=2022-08-03T06:30:00+00:00
AIRFLOW_CTX_DAG_RUN_ID=scheduled__2022-08-03T06:30:00+00:00
[2022-08-03 06:38:51,394] {logging_mixin.py:103} INFO - {'kota': 'Bali', 'cuaca': 'Clouds', 'cuaca_deskripsi': 'broken clouds', 'temperatur': 302.69, 'waktu': '2022-08-03T06:38:51.393923'}
[2022-08-03 06:38:51,806] {logging_mixin.py:103} INFO - {'kota': 'Lombok', 'cuaca': 'Rain', 'cuaca_deskripsi': 'light rain', 'temperatur': 297.58, 'waktu': '2022-08-03T06:38:51.806303'}
[2022-08-03 06:38:52,166] {logging_mixin.py:103} INFO - {'kota': 'Labuan Bajo', 'cuaca': 'Clouds', 'cuaca_deskripsi': 'overcast clouds', 'temperatur': 300.69, 'waktu': '2022-08-03T06:38:52.166801'}
[2022-08-03 06:38:52,539] {logging_mixin.py:103} INFO - {'kota': 'Bogor', 'cuaca': 'Clouds', 'cuaca_deskripsi': 'overcast clouds', 'temperatur': 305.87, 'waktu': '2022-08-03T06:38:52.539755'}
[2022-08-03 06:38:52,981] {logging_mixin.py:103} INFO - {'kota': 'Bandung', 'cuaca': 'Clouds', 'cuaca_deskripsi': 'overcast clouds', 'temperatur': 301.31, 'waktu': '2022-08-03T06:38:52.980990'}
[2022-08-03 06:38:52,996] {python.py:118} INFO - Done. Returned value was: None
[2022-08-03 06:38:53,120] {taskinstance.py:1142} INFO - Marking task as SUCCESS. dag_id=penjadwalan, task_id=dapat_suhu, execution_date=20220803T063000, start_date=20220803T063849, end_date=20220803T063853
[2022-08-03 06:38:53,380] {taskinstance.py:1195} INFO - 0 downstream tasks scheduled from follow-on schedule check
[2022-08-03 06:38:53,422] {local_task_job.py:118} INFO - Task exited with return code 0
