[2022-08-03 10:00:02,508] {taskinstance.py:826} INFO - Dependencies all met for <TaskInstance: my_simple_dag.greet 2022-08-03T09:50:00+00:00 [queued]>
[2022-08-03 10:00:02,570] {taskinstance.py:826} INFO - Dependencies all met for <TaskInstance: my_simple_dag.greet 2022-08-03T09:50:00+00:00 [queued]>
[2022-08-03 10:00:02,574] {taskinstance.py:1017} INFO - 
--------------------------------------------------------------------------------
[2022-08-03 10:00:02,575] {taskinstance.py:1018} INFO - Starting attempt 1 of 1
[2022-08-03 10:00:02,575] {taskinstance.py:1019} INFO - 
--------------------------------------------------------------------------------
[2022-08-03 10:00:02,616] {taskinstance.py:1038} INFO - Executing <Task(PythonOperator): greet> on 2022-08-03T09:50:00+00:00
[2022-08-03 10:00:02,622] {standard_task_runner.py:51} INFO - Started process 14145 to run task
[2022-08-03 10:00:02,634] {standard_task_runner.py:75} INFO - Running: ['airflow', 'tasks', 'run', 'my_simple_dag', 'greet', '2022-08-03T09:50:00+00:00', '--job-id', '960', '--pool', 'default_pool', '--raw', '--subdir', 'DAGS_FOLDER/my_simple_dag.py', '--cfg-path', '/tmp/tmpc9dt9w4x']
[2022-08-03 10:00:02,640] {standard_task_runner.py:76} INFO - Job 960: Subtask greet
[2022-08-03 10:00:02,740] {logging_mixin.py:103} INFO - Running <TaskInstance: my_simple_dag.greet 2022-08-03T09:50:00+00:00 [running]> on host b4dcda255553
[2022-08-03 10:00:02,833] {taskinstance.py:1232} INFO - Exporting the following env vars:
AIRFLOW_CTX_DAG_OWNER=airflow
AIRFLOW_CTX_DAG_ID=my_simple_dag
AIRFLOW_CTX_TASK_ID=greet
AIRFLOW_CTX_EXECUTION_DATE=2022-08-03T09:50:00+00:00
AIRFLOW_CTX_DAG_RUN_ID=scheduled__2022-08-03T09:50:00+00:00
[2022-08-03 10:00:02,835] {logging_mixin.py:103} INFO - Halo Salam dari Apache Airflow2022-08-03 10:00
[2022-08-03 10:00:02,835] {python.py:118} INFO - Done. Returned value was: None
[2022-08-03 10:00:02,856] {taskinstance.py:1142} INFO - Marking task as SUCCESS. dag_id=my_simple_dag, task_id=greet, execution_date=20220803T095000, start_date=20220803T100002, end_date=20220803T100002
[2022-08-03 10:00:02,905] {taskinstance.py:1195} INFO - 1 downstream tasks scheduled from follow-on schedule check
[2022-08-03 10:00:02,926] {local_task_job.py:118} INFO - Task exited with return code 0
