[2022-08-03 02:54:02,597] {taskinstance.py:826} INFO - Dependencies all met for <TaskInstance: penjadwalan.dapat_suhu 2022-08-03T02:52:00+00:00 [queued]>
[2022-08-03 02:54:02,635] {taskinstance.py:826} INFO - Dependencies all met for <TaskInstance: penjadwalan.dapat_suhu 2022-08-03T02:52:00+00:00 [queued]>
[2022-08-03 02:54:02,636] {taskinstance.py:1017} INFO - 
--------------------------------------------------------------------------------
[2022-08-03 02:54:02,637] {taskinstance.py:1018} INFO - Starting attempt 1 of 1
[2022-08-03 02:54:02,638] {taskinstance.py:1019} INFO - 
--------------------------------------------------------------------------------
[2022-08-03 02:54:02,662] {taskinstance.py:1038} INFO - Executing <Task(PythonOperator): dapat_suhu> on 2022-08-03T02:52:00+00:00
[2022-08-03 02:54:02,671] {standard_task_runner.py:51} INFO - Started process 3632 to run task
[2022-08-03 02:54:02,677] {standard_task_runner.py:75} INFO - Running: ['airflow', 'tasks', 'run', 'penjadwalan', 'dapat_suhu', '2022-08-03T02:52:00+00:00', '--job-id', '545', '--pool', 'default_pool', '--raw', '--subdir', 'DAGS_FOLDER/penjadwalan.py', '--cfg-path', '/tmp/tmp5oko6a32']
[2022-08-03 02:54:02,682] {standard_task_runner.py:76} INFO - Job 545: Subtask dapat_suhu
[2022-08-03 02:54:02,814] {logging_mixin.py:103} INFO - Running <TaskInstance: penjadwalan.dapat_suhu 2022-08-03T02:52:00+00:00 [running]> on host b4dcda255553
[2022-08-03 02:54:02,921] {taskinstance.py:1232} INFO - Exporting the following env vars:
AIRFLOW_CTX_DAG_OWNER=airflow
AIRFLOW_CTX_DAG_ID=penjadwalan
AIRFLOW_CTX_TASK_ID=dapat_suhu
AIRFLOW_CTX_EXECUTION_DATE=2022-08-03T02:52:00+00:00
AIRFLOW_CTX_DAG_RUN_ID=scheduled__2022-08-03T02:52:00+00:00
[2022-08-03 02:54:03,262] {logging_mixin.py:103} INFO - {'kota': 'Bali', 'cuaca': 'Clouds', 'cuaca_deskripsi': 'scattered clouds', 'temperatur': 299.39, 'waktu': '2022-08-03T02:54:03.262530'}
[2022-08-03 02:54:03,430] {logging_mixin.py:103} INFO - {'kota': 'Lombok', 'cuaca': 'Rain', 'cuaca_deskripsi': 'heavy intensity rain', 'temperatur': 297.83, 'waktu': '2022-08-03T02:54:03.430303'}
[2022-08-03 02:54:03,618] {logging_mixin.py:103} INFO - {'kota': 'Labuan Bajo', 'cuaca': 'Clouds', 'cuaca_deskripsi': 'broken clouds', 'temperatur': 302.24, 'waktu': '2022-08-03T02:54:03.618327'}
[2022-08-03 02:54:03,761] {logging_mixin.py:103} INFO - {'kota': 'Bogor', 'cuaca': 'Clouds', 'cuaca_deskripsi': 'overcast clouds', 'temperatur': 302.55, 'waktu': '2022-08-03T02:54:03.761617'}
[2022-08-03 02:54:04,071] {logging_mixin.py:103} INFO - {'kota': 'Bandung', 'cuaca': 'Clouds', 'cuaca_deskripsi': 'broken clouds', 'temperatur': 300.9, 'waktu': '2022-08-03T02:54:04.071607'}
[2022-08-03 02:54:04,072] {python.py:118} INFO - Done. Returned value was: None
[2022-08-03 02:54:04,096] {taskinstance.py:1142} INFO - Marking task as SUCCESS. dag_id=penjadwalan, task_id=dapat_suhu, execution_date=20220803T025200, start_date=20220803T025402, end_date=20220803T025404
[2022-08-03 02:54:04,150] {taskinstance.py:1195} INFO - 0 downstream tasks scheduled from follow-on schedule check
[2022-08-03 02:54:04,180] {local_task_job.py:118} INFO - Task exited with return code 0
