[2022-08-03 08:44:00,466] {taskinstance.py:826} INFO - Dependencies all met for <TaskInstance: penjadwalan.dapat_suhu 2022-08-03T08:42:00+00:00 [queued]>
[2022-08-03 08:44:00,490] {taskinstance.py:826} INFO - Dependencies all met for <TaskInstance: penjadwalan.dapat_suhu 2022-08-03T08:42:00+00:00 [queued]>
[2022-08-03 08:44:00,491] {taskinstance.py:1017} INFO - 
--------------------------------------------------------------------------------
[2022-08-03 08:44:00,492] {taskinstance.py:1018} INFO - Starting attempt 1 of 1
[2022-08-03 08:44:00,492] {taskinstance.py:1019} INFO - 
--------------------------------------------------------------------------------
[2022-08-03 08:44:00,511] {taskinstance.py:1038} INFO - Executing <Task(PythonOperator): dapat_suhu> on 2022-08-03T08:42:00+00:00
[2022-08-03 08:44:00,515] {standard_task_runner.py:51} INFO - Started process 25654 to run task
[2022-08-03 08:44:00,521] {standard_task_runner.py:75} INFO - Running: ['airflow', 'tasks', 'run', 'penjadwalan', 'dapat_suhu', '2022-08-03T08:42:00+00:00', '--job-id', '892', '--pool', 'default_pool', '--raw', '--subdir', 'DAGS_FOLDER/penjadwalan.py', '--cfg-path', '/tmp/tmpmh9aq9qs']
[2022-08-03 08:44:00,525] {standard_task_runner.py:76} INFO - Job 892: Subtask dapat_suhu
[2022-08-03 08:44:00,609] {logging_mixin.py:103} INFO - Running <TaskInstance: penjadwalan.dapat_suhu 2022-08-03T08:42:00+00:00 [running]> on host b4dcda255553
[2022-08-03 08:44:00,689] {taskinstance.py:1232} INFO - Exporting the following env vars:
AIRFLOW_CTX_DAG_OWNER=airflow
AIRFLOW_CTX_DAG_ID=penjadwalan
AIRFLOW_CTX_TASK_ID=dapat_suhu
AIRFLOW_CTX_EXECUTION_DATE=2022-08-03T08:42:00+00:00
AIRFLOW_CTX_DAG_RUN_ID=scheduled__2022-08-03T08:42:00+00:00
[2022-08-03 08:44:00,818] {logging_mixin.py:103} INFO - {'kota': 'Bali', 'cuaca': 'Clouds', 'cuaca_deskripsi': 'broken clouds', 'temperatur': 301.61, 'waktu': '2022-08-03T08:44:00.818346'}
[2022-08-03 08:44:00,933] {logging_mixin.py:103} INFO - {'kota': 'Lombok', 'cuaca': 'Rain', 'cuaca_deskripsi': 'moderate rain', 'temperatur': 296.25, 'waktu': '2022-08-03T08:44:00.933091'}
[2022-08-03 08:44:01,043] {logging_mixin.py:103} INFO - {'kota': 'Labuan Bajo', 'cuaca': 'Clouds', 'cuaca_deskripsi': 'overcast clouds', 'temperatur': 300.25, 'waktu': '2022-08-03T08:44:01.043176'}
[2022-08-03 08:44:01,149] {logging_mixin.py:103} INFO - {'kota': 'Bogor', 'cuaca': 'Clouds', 'cuaca_deskripsi': 'overcast clouds', 'temperatur': 303.65, 'waktu': '2022-08-03T08:44:01.149434'}
[2022-08-03 08:44:01,260] {logging_mixin.py:103} INFO - {'kota': 'Bandung', 'cuaca': 'Clouds', 'cuaca_deskripsi': 'overcast clouds', 'temperatur': 297, 'waktu': '2022-08-03T08:44:01.259909'}
[2022-08-03 08:44:01,260] {python.py:118} INFO - Done. Returned value was: None
[2022-08-03 08:44:01,276] {taskinstance.py:1142} INFO - Marking task as SUCCESS. dag_id=penjadwalan, task_id=dapat_suhu, execution_date=20220803T084200, start_date=20220803T084400, end_date=20220803T084401
[2022-08-03 08:44:01,314] {taskinstance.py:1195} INFO - 0 downstream tasks scheduled from follow-on schedule check
[2022-08-03 08:44:01,334] {local_task_job.py:118} INFO - Task exited with return code 0
