[2022-08-03 00:45:44,460] {taskinstance.py:826} INFO - Dependencies all met for <TaskInstance: penjadwalan.dapat_suhu 2022-08-02T19:40:00+00:00 [queued]>
[2022-08-03 00:45:44,492] {taskinstance.py:826} INFO - Dependencies all met for <TaskInstance: penjadwalan.dapat_suhu 2022-08-02T19:40:00+00:00 [queued]>
[2022-08-03 00:45:44,493] {taskinstance.py:1017} INFO - 
--------------------------------------------------------------------------------
[2022-08-03 00:45:44,493] {taskinstance.py:1018} INFO - Starting attempt 1 of 1
[2022-08-03 00:45:44,494] {taskinstance.py:1019} INFO - 
--------------------------------------------------------------------------------
[2022-08-03 00:45:44,512] {taskinstance.py:1038} INFO - Executing <Task(PythonOperator): dapat_suhu> on 2022-08-02T19:40:00+00:00
[2022-08-03 00:45:44,517] {standard_task_runner.py:51} INFO - Started process 26608 to run task
[2022-08-03 00:45:44,522] {standard_task_runner.py:75} INFO - Running: ['airflow', 'tasks', 'run', 'penjadwalan', 'dapat_suhu', '2022-08-02T19:40:00+00:00', '--job-id', '277', '--pool', 'default_pool', '--raw', '--subdir', 'DAGS_FOLDER/penjadwalan.py', '--cfg-path', '/tmp/tmplxrvm8rd']
[2022-08-03 00:45:44,527] {standard_task_runner.py:76} INFO - Job 277: Subtask dapat_suhu
[2022-08-03 00:45:44,655] {logging_mixin.py:103} INFO - Running <TaskInstance: penjadwalan.dapat_suhu 2022-08-02T19:40:00+00:00 [running]> on host b4dcda255553
[2022-08-03 00:45:44,772] {taskinstance.py:1232} INFO - Exporting the following env vars:
AIRFLOW_CTX_DAG_OWNER=airflow
AIRFLOW_CTX_DAG_ID=penjadwalan
AIRFLOW_CTX_TASK_ID=dapat_suhu
AIRFLOW_CTX_EXECUTION_DATE=2022-08-02T19:40:00+00:00
AIRFLOW_CTX_DAG_RUN_ID=scheduled__2022-08-02T19:40:00+00:00
[2022-08-03 00:45:46,598] {logging_mixin.py:103} INFO - {'kota': 'Bali', 'cuaca': 'Clouds', 'cuaca_deskripsi': 'overcast clouds', 'temperatur': 298.28, 'waktu': '2022-08-03T00:45:46.597965'}
[2022-08-03 00:45:54,082] {logging_mixin.py:103} INFO - {'kota': 'Lombok', 'cuaca': 'Clouds', 'cuaca_deskripsi': 'overcast clouds', 'temperatur': 295.51, 'waktu': '2022-08-03T00:45:54.082639'}
[2022-08-03 00:45:54,248] {logging_mixin.py:103} INFO - {'kota': 'Labuan Bajo', 'cuaca': 'Clouds', 'cuaca_deskripsi': 'scattered clouds', 'temperatur': 300.93, 'waktu': '2022-08-03T00:45:54.248545'}
[2022-08-03 00:45:54,402] {logging_mixin.py:103} INFO - {'kota': 'Bogor', 'cuaca': 'Rain', 'cuaca_deskripsi': 'light rain', 'temperatur': 300.87, 'waktu': '2022-08-03T00:45:54.402489'}
[2022-08-03 00:45:54,600] {logging_mixin.py:103} INFO - {'kota': 'Bandung', 'cuaca': 'Clouds', 'cuaca_deskripsi': 'scattered clouds', 'temperatur': 296.92, 'waktu': '2022-08-03T00:45:54.600277'}
[2022-08-03 00:45:54,601] {python.py:118} INFO - Done. Returned value was: None
[2022-08-03 00:45:54,625] {taskinstance.py:1142} INFO - Marking task as SUCCESS. dag_id=penjadwalan, task_id=dapat_suhu, execution_date=20220802T194000, start_date=20220803T004544, end_date=20220803T004554
[2022-08-03 00:45:54,708] {taskinstance.py:1195} INFO - 0 downstream tasks scheduled from follow-on schedule check
[2022-08-03 00:45:54,748] {local_task_job.py:118} INFO - Task exited with return code 0
