[2022-08-03 06:10:07,195] {taskinstance.py:826} INFO - Dependencies all met for <TaskInstance: my_simple_dag.greet 2022-08-03T06:00:00+00:00 [queued]>
[2022-08-03 06:10:07,245] {taskinstance.py:826} INFO - Dependencies all met for <TaskInstance: my_simple_dag.greet 2022-08-03T06:00:00+00:00 [queued]>
[2022-08-03 06:10:07,245] {taskinstance.py:1017} INFO - 
--------------------------------------------------------------------------------
[2022-08-03 06:10:07,246] {taskinstance.py:1018} INFO - Starting attempt 1 of 1
[2022-08-03 06:10:07,247] {taskinstance.py:1019} INFO - 
--------------------------------------------------------------------------------
[2022-08-03 06:10:07,540] {taskinstance.py:1038} INFO - Executing <Task(PythonOperator): greet> on 2022-08-03T06:00:00+00:00
[2022-08-03 06:10:07,546] {standard_task_runner.py:51} INFO - Started process 31196 to run task
[2022-08-03 06:10:07,554] {standard_task_runner.py:75} INFO - Running: ['airflow', 'tasks', 'run', 'my_simple_dag', 'greet', '2022-08-03T06:00:00+00:00', '--job-id', '721', '--pool', 'default_pool', '--raw', '--subdir', 'DAGS_FOLDER/my_simple_dag.py', '--cfg-path', '/tmp/tmp3rgu4mhq']
[2022-08-03 06:10:07,560] {standard_task_runner.py:76} INFO - Job 721: Subtask greet
[2022-08-03 06:10:07,698] {logging_mixin.py:103} INFO - Running <TaskInstance: my_simple_dag.greet 2022-08-03T06:00:00+00:00 [running]> on host b4dcda255553
[2022-08-03 06:10:08,197] {taskinstance.py:1232} INFO - Exporting the following env vars:
AIRFLOW_CTX_DAG_OWNER=airflow
AIRFLOW_CTX_DAG_ID=my_simple_dag
AIRFLOW_CTX_TASK_ID=greet
AIRFLOW_CTX_EXECUTION_DATE=2022-08-03T06:00:00+00:00
AIRFLOW_CTX_DAG_RUN_ID=scheduled__2022-08-03T06:00:00+00:00
[2022-08-03 06:10:08,200] {logging_mixin.py:103} INFO - Halo Salam dari Apache Airflow2022-08-03 06:10
[2022-08-03 06:10:08,200] {python.py:118} INFO - Done. Returned value was: None
[2022-08-03 06:10:08,227] {taskinstance.py:1142} INFO - Marking task as SUCCESS. dag_id=my_simple_dag, task_id=greet, execution_date=20220803T060000, start_date=20220803T061007, end_date=20220803T061008
[2022-08-03 06:10:08,294] {taskinstance.py:1195} INFO - 1 downstream tasks scheduled from follow-on schedule check
[2022-08-03 06:10:08,304] {local_task_job.py:118} INFO - Task exited with return code 0
