[2022-08-03 00:44:33,503] {taskinstance.py:826} INFO - Dependencies all met for <TaskInstance: penjadwalan.dapat_suhu 2022-08-02T17:36:00+00:00 [queued]>
[2022-08-03 00:44:33,646] {taskinstance.py:826} INFO - Dependencies all met for <TaskInstance: penjadwalan.dapat_suhu 2022-08-02T17:36:00+00:00 [queued]>
[2022-08-03 00:44:33,649] {taskinstance.py:1017} INFO - 
--------------------------------------------------------------------------------
[2022-08-03 00:44:33,656] {taskinstance.py:1018} INFO - Starting attempt 1 of 1
[2022-08-03 00:44:33,674] {taskinstance.py:1019} INFO - 
--------------------------------------------------------------------------------
[2022-08-03 00:44:33,833] {taskinstance.py:1038} INFO - Executing <Task(PythonOperator): dapat_suhu> on 2022-08-02T17:36:00+00:00
[2022-08-03 00:44:33,951] {standard_task_runner.py:51} INFO - Started process 24954 to run task
[2022-08-03 00:44:33,955] {standard_task_runner.py:75} INFO - Running: ['airflow', 'tasks', 'run', 'penjadwalan', 'dapat_suhu', '2022-08-02T17:36:00+00:00', '--job-id', '208', '--pool', 'default_pool', '--raw', '--subdir', 'DAGS_FOLDER/penjadwalan.py', '--cfg-path', '/tmp/tmp3_37hy_6']
[2022-08-03 00:44:34,011] {standard_task_runner.py:76} INFO - Job 208: Subtask dapat_suhu
[2022-08-03 00:44:34,606] {logging_mixin.py:103} INFO - Running <TaskInstance: penjadwalan.dapat_suhu 2022-08-02T17:36:00+00:00 [running]> on host b4dcda255553
[2022-08-03 00:44:35,484] {taskinstance.py:1232} INFO - Exporting the following env vars:
AIRFLOW_CTX_DAG_OWNER=airflow
AIRFLOW_CTX_DAG_ID=penjadwalan
AIRFLOW_CTX_TASK_ID=dapat_suhu
AIRFLOW_CTX_EXECUTION_DATE=2022-08-02T17:36:00+00:00
AIRFLOW_CTX_DAG_RUN_ID=scheduled__2022-08-02T17:36:00+00:00
[2022-08-03 00:44:53,921] {logging_mixin.py:103} INFO - {'kota': 'Bali', 'cuaca': 'Clouds', 'cuaca_deskripsi': 'overcast clouds', 'temperatur': 298.28, 'waktu': '2022-08-03T00:44:53.921351'}
[2022-08-03 00:44:57,409] {logging_mixin.py:103} INFO - {'kota': 'Lombok', 'cuaca': 'Clouds', 'cuaca_deskripsi': 'overcast clouds', 'temperatur': 295.51, 'waktu': '2022-08-03T00:44:57.409286'}
[2022-08-03 00:44:57,898] {logging_mixin.py:103} INFO - {'kota': 'Labuan Bajo', 'cuaca': 'Clouds', 'cuaca_deskripsi': 'scattered clouds', 'temperatur': 300.93, 'waktu': '2022-08-03T00:44:57.898714'}
[2022-08-03 00:44:58,408] {logging_mixin.py:103} INFO - {'kota': 'Bogor', 'cuaca': 'Rain', 'cuaca_deskripsi': 'light rain', 'temperatur': 300.87, 'waktu': '2022-08-03T00:44:58.408184'}
[2022-08-03 00:45:07,546] {logging_mixin.py:103} INFO - {'kota': 'Bandung', 'cuaca': 'Clouds', 'cuaca_deskripsi': 'scattered clouds', 'temperatur': 296.92, 'waktu': '2022-08-03T00:45:07.546473'}
[2022-08-03 00:45:07,547] {python.py:118} INFO - Done. Returned value was: None
[2022-08-03 00:45:07,605] {taskinstance.py:1142} INFO - Marking task as SUCCESS. dag_id=penjadwalan, task_id=dapat_suhu, execution_date=20220802T173600, start_date=20220803T004433, end_date=20220803T004507
[2022-08-03 00:45:07,697] {taskinstance.py:1195} INFO - 0 downstream tasks scheduled from follow-on schedule check
[2022-08-03 00:45:07,747] {local_task_job.py:118} INFO - Task exited with return code 0
