[2022-08-03 00:47:44,590] {taskinstance.py:826} INFO - Dependencies all met for <TaskInstance: penjadwalan.dapat_suhu 2022-08-02T22:56:00+00:00 [queued]>
[2022-08-03 00:47:44,647] {taskinstance.py:826} INFO - Dependencies all met for <TaskInstance: penjadwalan.dapat_suhu 2022-08-02T22:56:00+00:00 [queued]>
[2022-08-03 00:47:44,649] {taskinstance.py:1017} INFO - 
--------------------------------------------------------------------------------
[2022-08-03 00:47:44,650] {taskinstance.py:1018} INFO - Starting attempt 1 of 1
[2022-08-03 00:47:44,652] {taskinstance.py:1019} INFO - 
--------------------------------------------------------------------------------
[2022-08-03 00:47:44,688] {taskinstance.py:1038} INFO - Executing <Task(PythonOperator): dapat_suhu> on 2022-08-02T22:56:00+00:00
[2022-08-03 00:47:44,695] {standard_task_runner.py:51} INFO - Started process 31817 to run task
[2022-08-03 00:47:44,708] {standard_task_runner.py:75} INFO - Running: ['airflow', 'tasks', 'run', 'penjadwalan', 'dapat_suhu', '2022-08-02T22:56:00+00:00', '--job-id', '375', '--pool', 'default_pool', '--raw', '--subdir', 'DAGS_FOLDER/penjadwalan.py', '--cfg-path', '/tmp/tmp1iodsvq_']
[2022-08-03 00:47:44,712] {standard_task_runner.py:76} INFO - Job 375: Subtask dapat_suhu
[2022-08-03 00:47:44,889] {logging_mixin.py:103} INFO - Running <TaskInstance: penjadwalan.dapat_suhu 2022-08-02T22:56:00+00:00 [running]> on host b4dcda255553
[2022-08-03 00:47:45,075] {taskinstance.py:1232} INFO - Exporting the following env vars:
AIRFLOW_CTX_DAG_OWNER=airflow
AIRFLOW_CTX_DAG_ID=penjadwalan
AIRFLOW_CTX_TASK_ID=dapat_suhu
AIRFLOW_CTX_EXECUTION_DATE=2022-08-02T22:56:00+00:00
AIRFLOW_CTX_DAG_RUN_ID=scheduled__2022-08-02T22:56:00+00:00
[2022-08-03 00:47:49,351] {logging_mixin.py:103} INFO - {'kota': 'Bali', 'cuaca': 'Clouds', 'cuaca_deskripsi': 'overcast clouds', 'temperatur': 298.28, 'waktu': '2022-08-03T00:47:49.350905'}
[2022-08-03 00:47:50,136] {logging_mixin.py:103} INFO - {'kota': 'Lombok', 'cuaca': 'Clouds', 'cuaca_deskripsi': 'overcast clouds', 'temperatur': 295.51, 'waktu': '2022-08-03T00:47:50.136306'}
[2022-08-03 00:47:50,851] {logging_mixin.py:103} INFO - {'kota': 'Labuan Bajo', 'cuaca': 'Clouds', 'cuaca_deskripsi': 'scattered clouds', 'temperatur': 300.93, 'waktu': '2022-08-03T00:47:50.851161'}
[2022-08-03 00:47:52,802] {logging_mixin.py:103} INFO - {'kota': 'Bogor', 'cuaca': 'Rain', 'cuaca_deskripsi': 'light rain', 'temperatur': 300.87, 'waktu': '2022-08-03T00:47:52.801908'}
[2022-08-03 00:47:53,811] {logging_mixin.py:103} INFO - {'kota': 'Bandung', 'cuaca': 'Clouds', 'cuaca_deskripsi': 'scattered clouds', 'temperatur': 296.92, 'waktu': '2022-08-03T00:47:53.811651'}
[2022-08-03 00:47:53,813] {python.py:118} INFO - Done. Returned value was: None
[2022-08-03 00:47:53,847] {taskinstance.py:1142} INFO - Marking task as SUCCESS. dag_id=penjadwalan, task_id=dapat_suhu, execution_date=20220802T225600, start_date=20220803T004744, end_date=20220803T004753
[2022-08-03 00:47:54,154] {taskinstance.py:1195} INFO - 0 downstream tasks scheduled from follow-on schedule check
[2022-08-03 00:47:54,188] {local_task_job.py:118} INFO - Task exited with return code 0
