[2022-08-03 00:45:31,084] {taskinstance.py:826} INFO - Dependencies all met for <TaskInstance: penjadwalan.dapat_suhu 2022-08-02T19:12:00+00:00 [queued]>
[2022-08-03 00:45:31,131] {taskinstance.py:826} INFO - Dependencies all met for <TaskInstance: penjadwalan.dapat_suhu 2022-08-02T19:12:00+00:00 [queued]>
[2022-08-03 00:45:31,136] {taskinstance.py:1017} INFO - 
--------------------------------------------------------------------------------
[2022-08-03 00:45:31,136] {taskinstance.py:1018} INFO - Starting attempt 1 of 1
[2022-08-03 00:45:31,137] {taskinstance.py:1019} INFO - 
--------------------------------------------------------------------------------
[2022-08-03 00:45:31,167] {taskinstance.py:1038} INFO - Executing <Task(PythonOperator): dapat_suhu> on 2022-08-02T19:12:00+00:00
[2022-08-03 00:45:31,177] {standard_task_runner.py:51} INFO - Started process 26082 to run task
[2022-08-03 00:45:31,183] {standard_task_runner.py:75} INFO - Running: ['airflow', 'tasks', 'run', 'penjadwalan', 'dapat_suhu', '2022-08-02T19:12:00+00:00', '--job-id', '263', '--pool', 'default_pool', '--raw', '--subdir', 'DAGS_FOLDER/penjadwalan.py', '--cfg-path', '/tmp/tmpt6i7up0v']
[2022-08-03 00:45:31,193] {standard_task_runner.py:76} INFO - Job 263: Subtask dapat_suhu
[2022-08-03 00:45:31,405] {logging_mixin.py:103} INFO - Running <TaskInstance: penjadwalan.dapat_suhu 2022-08-02T19:12:00+00:00 [running]> on host b4dcda255553
[2022-08-03 00:45:31,585] {taskinstance.py:1232} INFO - Exporting the following env vars:
AIRFLOW_CTX_DAG_OWNER=airflow
AIRFLOW_CTX_DAG_ID=penjadwalan
AIRFLOW_CTX_TASK_ID=dapat_suhu
AIRFLOW_CTX_EXECUTION_DATE=2022-08-02T19:12:00+00:00
AIRFLOW_CTX_DAG_RUN_ID=scheduled__2022-08-02T19:12:00+00:00
[2022-08-03 00:45:32,497] {logging_mixin.py:103} INFO - {'kota': 'Bali', 'cuaca': 'Clouds', 'cuaca_deskripsi': 'overcast clouds', 'temperatur': 298.28, 'waktu': '2022-08-03T00:45:32.497335'}
[2022-08-03 00:45:33,644] {logging_mixin.py:103} INFO - {'kota': 'Lombok', 'cuaca': 'Clouds', 'cuaca_deskripsi': 'overcast clouds', 'temperatur': 295.51, 'waktu': '2022-08-03T00:45:33.644716'}
[2022-08-03 00:45:34,404] {logging_mixin.py:103} INFO - {'kota': 'Labuan Bajo', 'cuaca': 'Clouds', 'cuaca_deskripsi': 'scattered clouds', 'temperatur': 300.93, 'waktu': '2022-08-03T00:45:34.404720'}
[2022-08-03 00:45:34,726] {logging_mixin.py:103} INFO - {'kota': 'Bogor', 'cuaca': 'Rain', 'cuaca_deskripsi': 'light rain', 'temperatur': 300.87, 'waktu': '2022-08-03T00:45:34.726723'}
[2022-08-03 00:45:35,252] {logging_mixin.py:103} INFO - {'kota': 'Bandung', 'cuaca': 'Clouds', 'cuaca_deskripsi': 'scattered clouds', 'temperatur': 296.92, 'waktu': '2022-08-03T00:45:35.252168'}
[2022-08-03 00:45:35,266] {python.py:118} INFO - Done. Returned value was: None
[2022-08-03 00:45:35,308] {taskinstance.py:1142} INFO - Marking task as SUCCESS. dag_id=penjadwalan, task_id=dapat_suhu, execution_date=20220802T191200, start_date=20220803T004531, end_date=20220803T004535
[2022-08-03 00:45:35,439] {taskinstance.py:1195} INFO - 0 downstream tasks scheduled from follow-on schedule check
[2022-08-03 00:45:35,500] {local_task_job.py:118} INFO - Task exited with return code 0
