[2022-08-03 00:45:09,211] {taskinstance.py:826} INFO - Dependencies all met for <TaskInstance: penjadwalan.dapat_suhu 2022-08-02T18:26:00+00:00 [queued]>
[2022-08-03 00:45:09,269] {taskinstance.py:826} INFO - Dependencies all met for <TaskInstance: penjadwalan.dapat_suhu 2022-08-02T18:26:00+00:00 [queued]>
[2022-08-03 00:45:09,270] {taskinstance.py:1017} INFO - 
--------------------------------------------------------------------------------
[2022-08-03 00:45:09,271] {taskinstance.py:1018} INFO - Starting attempt 1 of 1
[2022-08-03 00:45:09,271] {taskinstance.py:1019} INFO - 
--------------------------------------------------------------------------------
[2022-08-03 00:45:09,293] {taskinstance.py:1038} INFO - Executing <Task(PythonOperator): dapat_suhu> on 2022-08-02T18:26:00+00:00
[2022-08-03 00:45:09,323] {standard_task_runner.py:51} INFO - Started process 25519 to run task
[2022-08-03 00:45:09,329] {standard_task_runner.py:75} INFO - Running: ['airflow', 'tasks', 'run', 'penjadwalan', 'dapat_suhu', '2022-08-02T18:26:00+00:00', '--job-id', '240', '--pool', 'default_pool', '--raw', '--subdir', 'DAGS_FOLDER/penjadwalan.py', '--cfg-path', '/tmp/tmp5zaoiugi']
[2022-08-03 00:45:09,343] {standard_task_runner.py:76} INFO - Job 240: Subtask dapat_suhu
[2022-08-03 00:45:09,463] {logging_mixin.py:103} INFO - Running <TaskInstance: penjadwalan.dapat_suhu 2022-08-02T18:26:00+00:00 [running]> on host b4dcda255553
[2022-08-03 00:45:09,608] {taskinstance.py:1232} INFO - Exporting the following env vars:
AIRFLOW_CTX_DAG_OWNER=airflow
AIRFLOW_CTX_DAG_ID=penjadwalan
AIRFLOW_CTX_TASK_ID=dapat_suhu
AIRFLOW_CTX_EXECUTION_DATE=2022-08-02T18:26:00+00:00
AIRFLOW_CTX_DAG_RUN_ID=scheduled__2022-08-02T18:26:00+00:00
[2022-08-03 00:45:17,551] {logging_mixin.py:103} INFO - {'kota': 'Bali', 'cuaca': 'Clouds', 'cuaca_deskripsi': 'overcast clouds', 'temperatur': 298.28, 'waktu': '2022-08-03T00:45:17.551182'}
[2022-08-03 00:45:18,540] {logging_mixin.py:103} INFO - {'kota': 'Lombok', 'cuaca': 'Clouds', 'cuaca_deskripsi': 'overcast clouds', 'temperatur': 295.51, 'waktu': '2022-08-03T00:45:18.539994'}
[2022-08-03 00:45:18,881] {logging_mixin.py:103} INFO - {'kota': 'Labuan Bajo', 'cuaca': 'Clouds', 'cuaca_deskripsi': 'scattered clouds', 'temperatur': 300.93, 'waktu': '2022-08-03T00:45:18.881691'}
[2022-08-03 00:45:19,144] {logging_mixin.py:103} INFO - {'kota': 'Bogor', 'cuaca': 'Rain', 'cuaca_deskripsi': 'light rain', 'temperatur': 300.87, 'waktu': '2022-08-03T00:45:19.144572'}
[2022-08-03 00:45:19,427] {logging_mixin.py:103} INFO - {'kota': 'Bandung', 'cuaca': 'Clouds', 'cuaca_deskripsi': 'scattered clouds', 'temperatur': 296.92, 'waktu': '2022-08-03T00:45:19.426842'}
[2022-08-03 00:45:19,439] {python.py:118} INFO - Done. Returned value was: None
[2022-08-03 00:45:19,507] {taskinstance.py:1142} INFO - Marking task as SUCCESS. dag_id=penjadwalan, task_id=dapat_suhu, execution_date=20220802T182600, start_date=20220803T004509, end_date=20220803T004519
[2022-08-03 00:45:19,759] {taskinstance.py:1195} INFO - 0 downstream tasks scheduled from follow-on schedule check
[2022-08-03 00:45:19,795] {local_task_job.py:118} INFO - Task exited with return code 0
