[2022-08-03 01:30:00,529] {taskinstance.py:826} INFO - Dependencies all met for <TaskInstance: my_simple_dag.say_Hi 2022-08-03T01:20:00+00:00 [queued]>
[2022-08-03 01:30:00,561] {taskinstance.py:826} INFO - Dependencies all met for <TaskInstance: my_simple_dag.say_Hi 2022-08-03T01:20:00+00:00 [queued]>
[2022-08-03 01:30:00,561] {taskinstance.py:1017} INFO - 
--------------------------------------------------------------------------------
[2022-08-03 01:30:00,562] {taskinstance.py:1018} INFO - Starting attempt 1 of 1
[2022-08-03 01:30:00,562] {taskinstance.py:1019} INFO - 
--------------------------------------------------------------------------------
[2022-08-03 01:30:00,579] {taskinstance.py:1038} INFO - Executing <Task(BashOperator): say_Hi> on 2022-08-03T01:20:00+00:00
[2022-08-03 01:30:00,585] {standard_task_runner.py:51} INFO - Started process 6689 to run task
[2022-08-03 01:30:00,591] {standard_task_runner.py:75} INFO - Running: ['airflow', 'tasks', 'run', 'my_simple_dag', 'say_Hi', '2022-08-03T01:20:00+00:00', '--job-id', '468', '--pool', 'default_pool', '--raw', '--subdir', 'DAGS_FOLDER/my_simple_dag.py', '--cfg-path', '/tmp/tmps5vss5vg']
[2022-08-03 01:30:00,595] {standard_task_runner.py:76} INFO - Job 468: Subtask say_Hi
[2022-08-03 01:30:00,665] {logging_mixin.py:103} INFO - Running <TaskInstance: my_simple_dag.say_Hi 2022-08-03T01:20:00+00:00 [running]> on host b4dcda255553
[2022-08-03 01:30:00,762] {taskinstance.py:1232} INFO - Exporting the following env vars:
AIRFLOW_CTX_DAG_OWNER=airflow
AIRFLOW_CTX_DAG_ID=my_simple_dag
AIRFLOW_CTX_TASK_ID=say_Hi
AIRFLOW_CTX_EXECUTION_DATE=2022-08-03T01:20:00+00:00
AIRFLOW_CTX_DAG_RUN_ID=scheduled__2022-08-03T01:20:00+00:00
[2022-08-03 01:30:00,763] {bash.py:135} INFO - Tmp dir root location: 
 /tmp
[2022-08-03 01:30:00,765] {bash.py:158} INFO - Running command: echo "Hi!!"
[2022-08-03 01:30:00,775] {bash.py:169} INFO - Output:
[2022-08-03 01:30:00,777] {bash.py:173} INFO - Hi!!
[2022-08-03 01:30:00,777] {bash.py:177} INFO - Command exited with return code 0
[2022-08-03 01:30:00,811] {taskinstance.py:1142} INFO - Marking task as SUCCESS. dag_id=my_simple_dag, task_id=say_Hi, execution_date=20220803T012000, start_date=20220803T013000, end_date=20220803T013000
[2022-08-03 01:30:00,859] {taskinstance.py:1195} INFO - 1 downstream tasks scheduled from follow-on schedule check
[2022-08-03 01:30:00,882] {local_task_job.py:118} INFO - Task exited with return code 0
