[2022-08-03 07:50:00,841] {taskinstance.py:826} INFO - Dependencies all met for <TaskInstance: penjadwalan.dapat_suhu 2022-08-03T07:48:00+00:00 [queued]>
[2022-08-03 07:50:00,870] {taskinstance.py:826} INFO - Dependencies all met for <TaskInstance: penjadwalan.dapat_suhu 2022-08-03T07:48:00+00:00 [queued]>
[2022-08-03 07:50:00,870] {taskinstance.py:1017} INFO - 
--------------------------------------------------------------------------------
[2022-08-03 07:50:00,871] {taskinstance.py:1018} INFO - Starting attempt 1 of 1
[2022-08-03 07:50:00,871] {taskinstance.py:1019} INFO - 
--------------------------------------------------------------------------------
[2022-08-03 07:50:00,888] {taskinstance.py:1038} INFO - Executing <Task(PythonOperator): dapat_suhu> on 2022-08-03T07:48:00+00:00
[2022-08-03 07:50:00,892] {standard_task_runner.py:51} INFO - Started process 14801 to run task
[2022-08-03 07:50:00,898] {standard_task_runner.py:75} INFO - Running: ['airflow', 'tasks', 'run', 'penjadwalan', 'dapat_suhu', '2022-08-03T07:48:00+00:00', '--job-id', '841', '--pool', 'default_pool', '--raw', '--subdir', 'DAGS_FOLDER/penjadwalan.py', '--cfg-path', '/tmp/tmpwvvv6irh']
[2022-08-03 07:50:00,903] {standard_task_runner.py:76} INFO - Job 841: Subtask dapat_suhu
[2022-08-03 07:50:00,974] {logging_mixin.py:103} INFO - Running <TaskInstance: penjadwalan.dapat_suhu 2022-08-03T07:48:00+00:00 [running]> on host b4dcda255553
[2022-08-03 07:50:01,053] {taskinstance.py:1232} INFO - Exporting the following env vars:
AIRFLOW_CTX_DAG_OWNER=airflow
AIRFLOW_CTX_DAG_ID=penjadwalan
AIRFLOW_CTX_TASK_ID=dapat_suhu
AIRFLOW_CTX_EXECUTION_DATE=2022-08-03T07:48:00+00:00
AIRFLOW_CTX_DAG_RUN_ID=scheduled__2022-08-03T07:48:00+00:00
[2022-08-03 07:50:01,228] {logging_mixin.py:103} INFO - {'kota': 'Bali', 'cuaca': 'Clouds', 'cuaca_deskripsi': 'broken clouds', 'temperatur': 301.61, 'waktu': '2022-08-03T07:50:01.228584'}
[2022-08-03 07:50:01,333] {logging_mixin.py:103} INFO - {'kota': 'Lombok', 'cuaca': 'Rain', 'cuaca_deskripsi': 'moderate rain', 'temperatur': 296.95, 'waktu': '2022-08-03T07:50:01.333648'}
[2022-08-03 07:50:01,452] {logging_mixin.py:103} INFO - {'kota': 'Labuan Bajo', 'cuaca': 'Clouds', 'cuaca_deskripsi': 'overcast clouds', 'temperatur': 300.58, 'waktu': '2022-08-03T07:50:01.452521'}
[2022-08-03 07:50:01,558] {logging_mixin.py:103} INFO - {'kota': 'Bogor', 'cuaca': 'Clouds', 'cuaca_deskripsi': 'overcast clouds', 'temperatur': 304.2, 'waktu': '2022-08-03T07:50:01.558486'}
[2022-08-03 07:50:01,674] {logging_mixin.py:103} INFO - {'kota': 'Bandung', 'cuaca': 'Clouds', 'cuaca_deskripsi': 'overcast clouds', 'temperatur': 298.69, 'waktu': '2022-08-03T07:50:01.674174'}
[2022-08-03 07:50:01,675] {python.py:118} INFO - Done. Returned value was: None
[2022-08-03 07:50:01,693] {taskinstance.py:1142} INFO - Marking task as SUCCESS. dag_id=penjadwalan, task_id=dapat_suhu, execution_date=20220803T074800, start_date=20220803T075000, end_date=20220803T075001
[2022-08-03 07:50:01,731] {taskinstance.py:1195} INFO - 0 downstream tasks scheduled from follow-on schedule check
[2022-08-03 07:50:01,752] {local_task_job.py:118} INFO - Task exited with return code 0
