[2022-08-03 00:46:28,683] {taskinstance.py:826} INFO - Dependencies all met for <TaskInstance: penjadwalan.dapat_suhu 2022-08-02T21:18:00+00:00 [queued]>
[2022-08-03 00:46:28,721] {taskinstance.py:826} INFO - Dependencies all met for <TaskInstance: penjadwalan.dapat_suhu 2022-08-02T21:18:00+00:00 [queued]>
[2022-08-03 00:46:28,722] {taskinstance.py:1017} INFO - 
--------------------------------------------------------------------------------
[2022-08-03 00:46:28,722] {taskinstance.py:1018} INFO - Starting attempt 1 of 1
[2022-08-03 00:46:28,723] {taskinstance.py:1019} INFO - 
--------------------------------------------------------------------------------
[2022-08-03 00:46:28,743] {taskinstance.py:1038} INFO - Executing <Task(PythonOperator): dapat_suhu> on 2022-08-02T21:18:00+00:00
[2022-08-03 00:46:28,750] {standard_task_runner.py:51} INFO - Started process 28579 to run task
[2022-08-03 00:46:28,759] {standard_task_runner.py:75} INFO - Running: ['airflow', 'tasks', 'run', 'penjadwalan', 'dapat_suhu', '2022-08-02T21:18:00+00:00', '--job-id', '326', '--pool', 'default_pool', '--raw', '--subdir', 'DAGS_FOLDER/penjadwalan.py', '--cfg-path', '/tmp/tmprjv0vd0e']
[2022-08-03 00:46:28,772] {standard_task_runner.py:76} INFO - Job 326: Subtask dapat_suhu
[2022-08-03 00:46:28,901] {logging_mixin.py:103} INFO - Running <TaskInstance: penjadwalan.dapat_suhu 2022-08-02T21:18:00+00:00 [running]> on host b4dcda255553
[2022-08-03 00:46:29,050] {taskinstance.py:1232} INFO - Exporting the following env vars:
AIRFLOW_CTX_DAG_OWNER=airflow
AIRFLOW_CTX_DAG_ID=penjadwalan
AIRFLOW_CTX_TASK_ID=dapat_suhu
AIRFLOW_CTX_EXECUTION_DATE=2022-08-02T21:18:00+00:00
AIRFLOW_CTX_DAG_RUN_ID=scheduled__2022-08-02T21:18:00+00:00
[2022-08-03 00:46:29,474] {logging_mixin.py:103} INFO - {'kota': 'Bali', 'cuaca': 'Clouds', 'cuaca_deskripsi': 'overcast clouds', 'temperatur': 298.28, 'waktu': '2022-08-03T00:46:29.473879'}
[2022-08-03 00:46:30,109] {logging_mixin.py:103} INFO - {'kota': 'Lombok', 'cuaca': 'Clouds', 'cuaca_deskripsi': 'overcast clouds', 'temperatur': 295.51, 'waktu': '2022-08-03T00:46:30.109710'}
[2022-08-03 00:46:30,465] {logging_mixin.py:103} INFO - {'kota': 'Labuan Bajo', 'cuaca': 'Clouds', 'cuaca_deskripsi': 'scattered clouds', 'temperatur': 300.93, 'waktu': '2022-08-03T00:46:30.465145'}
[2022-08-03 00:46:31,805] {logging_mixin.py:103} INFO - {'kota': 'Bogor', 'cuaca': 'Rain', 'cuaca_deskripsi': 'light rain', 'temperatur': 300.87, 'waktu': '2022-08-03T00:46:31.805479'}
[2022-08-03 00:46:33,680] {logging_mixin.py:103} INFO - {'kota': 'Bandung', 'cuaca': 'Clouds', 'cuaca_deskripsi': 'scattered clouds', 'temperatur': 296.92, 'waktu': '2022-08-03T00:46:33.680263'}
[2022-08-03 00:46:33,682] {python.py:118} INFO - Done. Returned value was: None
[2022-08-03 00:46:33,734] {taskinstance.py:1142} INFO - Marking task as SUCCESS. dag_id=penjadwalan, task_id=dapat_suhu, execution_date=20220802T211800, start_date=20220803T004628, end_date=20220803T004633
[2022-08-03 00:46:33,933] {local_task_job.py:170} WARNING - State of this instance has been externally set to success. Terminating instance.
[2022-08-03 00:46:33,945] {process_utils.py:95} INFO - Sending Signals.SIGTERM to GPID 28579
[2022-08-03 00:46:34,247] {taskinstance.py:1214} ERROR - Received SIGTERM. Terminating subprocesses.
[2022-08-03 00:46:34,294] {process_utils.py:61} INFO - Process psutil.Process(pid=28579, status='terminated', exitcode=1, started='00:46:28') (28579) terminated with exit code 1
[2022-08-03 00:46:34,296] {local_task_job.py:118} INFO - Task exited with return code 1
