[2022-08-03 00:45:35,039] {taskinstance.py:826} INFO - Dependencies all met for <TaskInstance: penjadwalan.dapat_suhu 2022-08-02T19:18:00+00:00 [queued]>
[2022-08-03 00:45:35,104] {taskinstance.py:826} INFO - Dependencies all met for <TaskInstance: penjadwalan.dapat_suhu 2022-08-02T19:18:00+00:00 [queued]>
[2022-08-03 00:45:35,109] {taskinstance.py:1017} INFO - 
--------------------------------------------------------------------------------
[2022-08-03 00:45:35,112] {taskinstance.py:1018} INFO - Starting attempt 1 of 1
[2022-08-03 00:45:35,118] {taskinstance.py:1019} INFO - 
--------------------------------------------------------------------------------
[2022-08-03 00:45:35,171] {taskinstance.py:1038} INFO - Executing <Task(PythonOperator): dapat_suhu> on 2022-08-02T19:18:00+00:00
[2022-08-03 00:45:35,178] {standard_task_runner.py:51} INFO - Started process 26211 to run task
[2022-08-03 00:45:35,197] {standard_task_runner.py:75} INFO - Running: ['airflow', 'tasks', 'run', 'penjadwalan', 'dapat_suhu', '2022-08-02T19:18:00+00:00', '--job-id', '266', '--pool', 'default_pool', '--raw', '--subdir', 'DAGS_FOLDER/penjadwalan.py', '--cfg-path', '/tmp/tmp3ugi1kcx']
[2022-08-03 00:45:35,220] {standard_task_runner.py:76} INFO - Job 266: Subtask dapat_suhu
[2022-08-03 00:45:35,442] {logging_mixin.py:103} INFO - Running <TaskInstance: penjadwalan.dapat_suhu 2022-08-02T19:18:00+00:00 [running]> on host b4dcda255553
[2022-08-03 00:45:35,672] {taskinstance.py:1232} INFO - Exporting the following env vars:
AIRFLOW_CTX_DAG_OWNER=airflow
AIRFLOW_CTX_DAG_ID=penjadwalan
AIRFLOW_CTX_TASK_ID=dapat_suhu
AIRFLOW_CTX_EXECUTION_DATE=2022-08-02T19:18:00+00:00
AIRFLOW_CTX_DAG_RUN_ID=scheduled__2022-08-02T19:18:00+00:00
[2022-08-03 00:45:36,056] {logging_mixin.py:103} INFO - {'kota': 'Bali', 'cuaca': 'Clouds', 'cuaca_deskripsi': 'overcast clouds', 'temperatur': 298.28, 'waktu': '2022-08-03T00:45:36.056107'}
[2022-08-03 00:45:37,152] {logging_mixin.py:103} INFO - {'kota': 'Lombok', 'cuaca': 'Clouds', 'cuaca_deskripsi': 'overcast clouds', 'temperatur': 295.51, 'waktu': '2022-08-03T00:45:37.152520'}
[2022-08-03 00:45:37,556] {logging_mixin.py:103} INFO - {'kota': 'Labuan Bajo', 'cuaca': 'Clouds', 'cuaca_deskripsi': 'scattered clouds', 'temperatur': 300.93, 'waktu': '2022-08-03T00:45:37.556004'}
[2022-08-03 00:45:37,719] {logging_mixin.py:103} INFO - {'kota': 'Bogor', 'cuaca': 'Rain', 'cuaca_deskripsi': 'light rain', 'temperatur': 300.87, 'waktu': '2022-08-03T00:45:37.719469'}
[2022-08-03 00:45:39,174] {logging_mixin.py:103} INFO - {'kota': 'Bandung', 'cuaca': 'Clouds', 'cuaca_deskripsi': 'scattered clouds', 'temperatur': 296.92, 'waktu': '2022-08-03T00:45:39.174592'}
[2022-08-03 00:45:39,175] {python.py:118} INFO - Done. Returned value was: None
[2022-08-03 00:45:39,215] {taskinstance.py:1142} INFO - Marking task as SUCCESS. dag_id=penjadwalan, task_id=dapat_suhu, execution_date=20220802T191800, start_date=20220803T004535, end_date=20220803T004539
[2022-08-03 00:45:39,311] {taskinstance.py:1195} INFO - 0 downstream tasks scheduled from follow-on schedule check
[2022-08-03 00:45:39,336] {local_task_job.py:118} INFO - Task exited with return code 0
