[2022-08-03 09:06:01,047] {taskinstance.py:826} INFO - Dependencies all met for <TaskInstance: penjadwalan.dapat_suhu 2022-08-03T09:04:00+00:00 [queued]>
[2022-08-03 09:06:01,069] {taskinstance.py:826} INFO - Dependencies all met for <TaskInstance: penjadwalan.dapat_suhu 2022-08-03T09:04:00+00:00 [queued]>
[2022-08-03 09:06:01,069] {taskinstance.py:1017} INFO - 
--------------------------------------------------------------------------------
[2022-08-03 09:06:01,070] {taskinstance.py:1018} INFO - Starting attempt 1 of 1
[2022-08-03 09:06:01,070] {taskinstance.py:1019} INFO - 
--------------------------------------------------------------------------------
[2022-08-03 09:06:01,084] {taskinstance.py:1038} INFO - Executing <Task(PythonOperator): dapat_suhu> on 2022-08-03T09:04:00+00:00
[2022-08-03 09:06:01,088] {standard_task_runner.py:51} INFO - Started process 8243 to run task
[2022-08-03 09:06:01,093] {standard_task_runner.py:75} INFO - Running: ['airflow', 'tasks', 'run', 'penjadwalan', 'dapat_suhu', '2022-08-03T09:04:00+00:00', '--job-id', '911', '--pool', 'default_pool', '--raw', '--subdir', 'DAGS_FOLDER/penjadwalan.py', '--cfg-path', '/tmp/tmpaf7lnsek']
[2022-08-03 09:06:01,097] {standard_task_runner.py:76} INFO - Job 911: Subtask dapat_suhu
[2022-08-03 09:06:01,158] {logging_mixin.py:103} INFO - Running <TaskInstance: penjadwalan.dapat_suhu 2022-08-03T09:04:00+00:00 [running]> on host b4dcda255553
[2022-08-03 09:06:01,225] {taskinstance.py:1232} INFO - Exporting the following env vars:
AIRFLOW_CTX_DAG_OWNER=airflow
AIRFLOW_CTX_DAG_ID=penjadwalan
AIRFLOW_CTX_TASK_ID=dapat_suhu
AIRFLOW_CTX_EXECUTION_DATE=2022-08-03T09:04:00+00:00
AIRFLOW_CTX_DAG_RUN_ID=scheduled__2022-08-03T09:04:00+00:00
[2022-08-03 09:06:01,497] {logging_mixin.py:103} INFO - {'kota': 'Bali', 'cuaca': 'Clouds', 'cuaca_deskripsi': 'broken clouds', 'temperatur': 300.5, 'waktu': '2022-08-03T09:06:01.497645'}
[2022-08-03 09:06:01,767] {logging_mixin.py:103} INFO - {'kota': 'Lombok', 'cuaca': 'Rain', 'cuaca_deskripsi': 'moderate rain', 'temperatur': 296.25, 'waktu': '2022-08-03T09:06:01.767250'}
[2022-08-03 09:06:01,888] {logging_mixin.py:103} INFO - {'kota': 'Labuan Bajo', 'cuaca': 'Clouds', 'cuaca_deskripsi': 'overcast clouds', 'temperatur': 300.25, 'waktu': '2022-08-03T09:06:01.888392'}
[2022-08-03 09:06:02,022] {logging_mixin.py:103} INFO - {'kota': 'Bogor', 'cuaca': 'Clouds', 'cuaca_deskripsi': 'overcast clouds', 'temperatur': 303.61, 'waktu': '2022-08-03T09:06:02.022528'}
[2022-08-03 09:06:02,247] {logging_mixin.py:103} INFO - {'kota': 'Bandung', 'cuaca': 'Clouds', 'cuaca_deskripsi': 'overcast clouds', 'temperatur': 297, 'waktu': '2022-08-03T09:06:02.247232'}
[2022-08-03 09:06:02,248] {python.py:118} INFO - Done. Returned value was: None
[2022-08-03 09:06:02,268] {taskinstance.py:1142} INFO - Marking task as SUCCESS. dag_id=penjadwalan, task_id=dapat_suhu, execution_date=20220803T090400, start_date=20220803T090601, end_date=20220803T090602
[2022-08-03 09:06:02,324] {taskinstance.py:1195} INFO - 0 downstream tasks scheduled from follow-on schedule check
[2022-08-03 09:06:02,348] {local_task_job.py:118} INFO - Task exited with return code 0
