[2022-08-03 00:45:25,111] {taskinstance.py:826} INFO - Dependencies all met for <TaskInstance: penjadwalan.dapat_suhu 2022-08-02T18:56:00+00:00 [queued]>
[2022-08-03 00:45:25,171] {taskinstance.py:826} INFO - Dependencies all met for <TaskInstance: penjadwalan.dapat_suhu 2022-08-02T18:56:00+00:00 [queued]>
[2022-08-03 00:45:25,172] {taskinstance.py:1017} INFO - 
--------------------------------------------------------------------------------
[2022-08-03 00:45:25,193] {taskinstance.py:1018} INFO - Starting attempt 1 of 1
[2022-08-03 00:45:25,205] {taskinstance.py:1019} INFO - 
--------------------------------------------------------------------------------
[2022-08-03 00:45:25,254] {taskinstance.py:1038} INFO - Executing <Task(PythonOperator): dapat_suhu> on 2022-08-02T18:56:00+00:00
[2022-08-03 00:45:25,260] {standard_task_runner.py:51} INFO - Started process 25895 to run task
[2022-08-03 00:45:25,276] {standard_task_runner.py:75} INFO - Running: ['airflow', 'tasks', 'run', 'penjadwalan', 'dapat_suhu', '2022-08-02T18:56:00+00:00', '--job-id', '255', '--pool', 'default_pool', '--raw', '--subdir', 'DAGS_FOLDER/penjadwalan.py', '--cfg-path', '/tmp/tmph651bk3j']
[2022-08-03 00:45:25,280] {standard_task_runner.py:76} INFO - Job 255: Subtask dapat_suhu
[2022-08-03 00:45:25,488] {logging_mixin.py:103} INFO - Running <TaskInstance: penjadwalan.dapat_suhu 2022-08-02T18:56:00+00:00 [running]> on host b4dcda255553
[2022-08-03 00:45:25,750] {taskinstance.py:1232} INFO - Exporting the following env vars:
AIRFLOW_CTX_DAG_OWNER=airflow
AIRFLOW_CTX_DAG_ID=penjadwalan
AIRFLOW_CTX_TASK_ID=dapat_suhu
AIRFLOW_CTX_EXECUTION_DATE=2022-08-02T18:56:00+00:00
AIRFLOW_CTX_DAG_RUN_ID=scheduled__2022-08-02T18:56:00+00:00
[2022-08-03 00:45:26,256] {logging_mixin.py:103} INFO - {'kota': 'Bali', 'cuaca': 'Clouds', 'cuaca_deskripsi': 'overcast clouds', 'temperatur': 298.28, 'waktu': '2022-08-03T00:45:26.256121'}
[2022-08-03 00:45:29,635] {logging_mixin.py:103} INFO - {'kota': 'Lombok', 'cuaca': 'Clouds', 'cuaca_deskripsi': 'overcast clouds', 'temperatur': 295.51, 'waktu': '2022-08-03T00:45:29.635163'}
[2022-08-03 00:45:30,212] {logging_mixin.py:103} INFO - {'kota': 'Labuan Bajo', 'cuaca': 'Clouds', 'cuaca_deskripsi': 'scattered clouds', 'temperatur': 300.93, 'waktu': '2022-08-03T00:45:30.212047'}
[2022-08-03 00:45:30,454] {logging_mixin.py:103} INFO - {'kota': 'Bogor', 'cuaca': 'Rain', 'cuaca_deskripsi': 'light rain', 'temperatur': 300.87, 'waktu': '2022-08-03T00:45:30.454217'}
[2022-08-03 00:45:31,216] {logging_mixin.py:103} INFO - {'kota': 'Bandung', 'cuaca': 'Clouds', 'cuaca_deskripsi': 'scattered clouds', 'temperatur': 296.92, 'waktu': '2022-08-03T00:45:31.216679'}
[2022-08-03 00:45:31,219] {python.py:118} INFO - Done. Returned value was: None
[2022-08-03 00:45:31,276] {taskinstance.py:1142} INFO - Marking task as SUCCESS. dag_id=penjadwalan, task_id=dapat_suhu, execution_date=20220802T185600, start_date=20220803T004525, end_date=20220803T004531
[2022-08-03 00:45:31,413] {taskinstance.py:1195} INFO - 0 downstream tasks scheduled from follow-on schedule check
[2022-08-03 00:45:31,447] {local_task_job.py:118} INFO - Task exited with return code 0
