[2022-08-03 09:40:01,848] {taskinstance.py:826} INFO - Dependencies all met for <TaskInstance: my_simple_dag.greet 2022-08-03T09:30:00+00:00 [queued]>
[2022-08-03 09:40:01,885] {taskinstance.py:826} INFO - Dependencies all met for <TaskInstance: my_simple_dag.greet 2022-08-03T09:30:00+00:00 [queued]>
[2022-08-03 09:40:01,886] {taskinstance.py:1017} INFO - 
--------------------------------------------------------------------------------
[2022-08-03 09:40:01,887] {taskinstance.py:1018} INFO - Starting attempt 1 of 1
[2022-08-03 09:40:01,888] {taskinstance.py:1019} INFO - 
--------------------------------------------------------------------------------
[2022-08-03 09:40:01,907] {taskinstance.py:1038} INFO - Executing <Task(PythonOperator): greet> on 2022-08-03T09:30:00+00:00
[2022-08-03 09:40:01,911] {standard_task_runner.py:51} INFO - Started process 2173 to run task
[2022-08-03 09:40:01,916] {standard_task_runner.py:75} INFO - Running: ['airflow', 'tasks', 'run', 'my_simple_dag', 'greet', '2022-08-03T09:30:00+00:00', '--job-id', '942', '--pool', 'default_pool', '--raw', '--subdir', 'DAGS_FOLDER/my_simple_dag.py', '--cfg-path', '/tmp/tmp5oxaz8no']
[2022-08-03 09:40:01,919] {standard_task_runner.py:76} INFO - Job 942: Subtask greet
[2022-08-03 09:40:02,006] {logging_mixin.py:103} INFO - Running <TaskInstance: my_simple_dag.greet 2022-08-03T09:30:00+00:00 [running]> on host b4dcda255553
[2022-08-03 09:40:02,096] {taskinstance.py:1232} INFO - Exporting the following env vars:
AIRFLOW_CTX_DAG_OWNER=airflow
AIRFLOW_CTX_DAG_ID=my_simple_dag
AIRFLOW_CTX_TASK_ID=greet
AIRFLOW_CTX_EXECUTION_DATE=2022-08-03T09:30:00+00:00
AIRFLOW_CTX_DAG_RUN_ID=scheduled__2022-08-03T09:30:00+00:00
[2022-08-03 09:40:02,097] {logging_mixin.py:103} INFO - Halo Salam dari Apache Airflow2022-08-03 09:40
[2022-08-03 09:40:02,098] {python.py:118} INFO - Done. Returned value was: None
[2022-08-03 09:40:02,113] {taskinstance.py:1142} INFO - Marking task as SUCCESS. dag_id=my_simple_dag, task_id=greet, execution_date=20220803T093000, start_date=20220803T094001, end_date=20220803T094002
[2022-08-03 09:40:02,167] {taskinstance.py:1195} INFO - 1 downstream tasks scheduled from follow-on schedule check
[2022-08-03 09:40:02,210] {local_task_job.py:118} INFO - Task exited with return code 0
