[2022-08-03 02:22:03,923] {taskinstance.py:826} INFO - Dependencies all met for <TaskInstance: penjadwalan.dapat_suhu 2022-08-03T02:20:00+00:00 [queued]>
[2022-08-03 02:22:03,947] {taskinstance.py:826} INFO - Dependencies all met for <TaskInstance: penjadwalan.dapat_suhu 2022-08-03T02:20:00+00:00 [queued]>
[2022-08-03 02:22:03,947] {taskinstance.py:1017} INFO - 
--------------------------------------------------------------------------------
[2022-08-03 02:22:03,948] {taskinstance.py:1018} INFO - Starting attempt 1 of 1
[2022-08-03 02:22:03,948] {taskinstance.py:1019} INFO - 
--------------------------------------------------------------------------------
[2022-08-03 02:22:03,961] {taskinstance.py:1038} INFO - Executing <Task(PythonOperator): dapat_suhu> on 2022-08-03T02:20:00+00:00
[2022-08-03 02:22:03,966] {standard_task_runner.py:51} INFO - Started process 1748 to run task
[2022-08-03 02:22:03,971] {standard_task_runner.py:75} INFO - Running: ['airflow', 'tasks', 'run', 'penjadwalan', 'dapat_suhu', '2022-08-03T02:20:00+00:00', '--job-id', '517', '--pool', 'default_pool', '--raw', '--subdir', 'DAGS_FOLDER/penjadwalan.py', '--cfg-path', '/tmp/tmps7okc8tb']
[2022-08-03 02:22:03,975] {standard_task_runner.py:76} INFO - Job 517: Subtask dapat_suhu
[2022-08-03 02:22:04,052] {logging_mixin.py:103} INFO - Running <TaskInstance: penjadwalan.dapat_suhu 2022-08-03T02:20:00+00:00 [running]> on host b4dcda255553
[2022-08-03 02:22:04,138] {taskinstance.py:1232} INFO - Exporting the following env vars:
AIRFLOW_CTX_DAG_OWNER=airflow
AIRFLOW_CTX_DAG_ID=penjadwalan
AIRFLOW_CTX_TASK_ID=dapat_suhu
AIRFLOW_CTX_EXECUTION_DATE=2022-08-03T02:20:00+00:00
AIRFLOW_CTX_DAG_RUN_ID=scheduled__2022-08-03T02:20:00+00:00
[2022-08-03 02:22:04,704] {logging_mixin.py:103} INFO - {'kota': 'Bali', 'cuaca': 'Clouds', 'cuaca_deskripsi': 'broken clouds', 'temperatur': 298.28, 'waktu': '2022-08-03T02:22:04.703972'}
[2022-08-03 02:22:05,364] {logging_mixin.py:103} INFO - {'kota': 'Lombok', 'cuaca': 'Rain', 'cuaca_deskripsi': 'moderate rain', 'temperatur': 295.93, 'waktu': '2022-08-03T02:22:05.364777'}
[2022-08-03 02:22:05,702] {logging_mixin.py:103} INFO - {'kota': 'Labuan Bajo', 'cuaca': 'Clouds', 'cuaca_deskripsi': 'broken clouds', 'temperatur': 301.94, 'waktu': '2022-08-03T02:22:05.702373'}
[2022-08-03 02:22:06,026] {logging_mixin.py:103} INFO - {'kota': 'Bogor', 'cuaca': 'Clouds', 'cuaca_deskripsi': 'overcast clouds', 'temperatur': 300.43, 'waktu': '2022-08-03T02:22:06.026756'}
[2022-08-03 02:22:06,307] {logging_mixin.py:103} INFO - {'kota': 'Bandung', 'cuaca': 'Clouds', 'cuaca_deskripsi': 'scattered clouds', 'temperatur': 299.15, 'waktu': '2022-08-03T02:22:06.306856'}
[2022-08-03 02:22:06,307] {python.py:118} INFO - Done. Returned value was: None
[2022-08-03 02:22:06,321] {taskinstance.py:1142} INFO - Marking task as SUCCESS. dag_id=penjadwalan, task_id=dapat_suhu, execution_date=20220803T022000, start_date=20220803T022203, end_date=20220803T022206
[2022-08-03 02:22:06,360] {taskinstance.py:1195} INFO - 0 downstream tasks scheduled from follow-on schedule check
[2022-08-03 02:22:06,392] {local_task_job.py:118} INFO - Task exited with return code 0
