[2022-08-03 03:50:00,996] {taskinstance.py:826} INFO - Dependencies all met for <TaskInstance: penjadwalan.dapat_suhu 2022-08-03T03:48:00+00:00 [queued]>
[2022-08-03 03:50:01,019] {taskinstance.py:826} INFO - Dependencies all met for <TaskInstance: penjadwalan.dapat_suhu 2022-08-03T03:48:00+00:00 [queued]>
[2022-08-03 03:50:01,020] {taskinstance.py:1017} INFO - 
--------------------------------------------------------------------------------
[2022-08-03 03:50:01,020] {taskinstance.py:1018} INFO - Starting attempt 1 of 1
[2022-08-03 03:50:01,021] {taskinstance.py:1019} INFO - 
--------------------------------------------------------------------------------
[2022-08-03 03:50:01,034] {taskinstance.py:1038} INFO - Executing <Task(PythonOperator): dapat_suhu> on 2022-08-03T03:48:00+00:00
[2022-08-03 03:50:01,039] {standard_task_runner.py:51} INFO - Started process 15523 to run task
[2022-08-03 03:50:01,044] {standard_task_runner.py:75} INFO - Running: ['airflow', 'tasks', 'run', 'penjadwalan', 'dapat_suhu', '2022-08-03T03:48:00+00:00', '--job-id', '593', '--pool', 'default_pool', '--raw', '--subdir', 'DAGS_FOLDER/penjadwalan.py', '--cfg-path', '/tmp/tmpuaa2z8sz']
[2022-08-03 03:50:01,048] {standard_task_runner.py:76} INFO - Job 593: Subtask dapat_suhu
[2022-08-03 03:50:01,114] {logging_mixin.py:103} INFO - Running <TaskInstance: penjadwalan.dapat_suhu 2022-08-03T03:48:00+00:00 [running]> on host b4dcda255553
[2022-08-03 03:50:01,186] {taskinstance.py:1232} INFO - Exporting the following env vars:
AIRFLOW_CTX_DAG_OWNER=airflow
AIRFLOW_CTX_DAG_ID=penjadwalan
AIRFLOW_CTX_TASK_ID=dapat_suhu
AIRFLOW_CTX_EXECUTION_DATE=2022-08-03T03:48:00+00:00
AIRFLOW_CTX_DAG_RUN_ID=scheduled__2022-08-03T03:48:00+00:00
[2022-08-03 03:50:01,320] {logging_mixin.py:103} INFO - {'kota': 'Bali', 'cuaca': 'Clouds', 'cuaca_deskripsi': 'scattered clouds', 'temperatur': 302.69, 'waktu': '2022-08-03T03:50:01.320759'}
[2022-08-03 03:50:01,485] {logging_mixin.py:103} INFO - {'kota': 'Lombok', 'cuaca': 'Clouds', 'cuaca_deskripsi': 'overcast clouds', 'temperatur': 298.97, 'waktu': '2022-08-03T03:50:01.485331'}
[2022-08-03 03:50:01,621] {logging_mixin.py:103} INFO - {'kota': 'Labuan Bajo', 'cuaca': 'Clouds', 'cuaca_deskripsi': 'broken clouds', 'temperatur': 302.05, 'waktu': '2022-08-03T03:50:01.620850'}
[2022-08-03 03:50:01,751] {logging_mixin.py:103} INFO - {'kota': 'Bogor', 'cuaca': 'Clouds', 'cuaca_deskripsi': 'overcast clouds', 'temperatur': 304.2, 'waktu': '2022-08-03T03:50:01.751420'}
[2022-08-03 03:50:01,861] {logging_mixin.py:103} INFO - {'kota': 'Bandung', 'cuaca': 'Clouds', 'cuaca_deskripsi': 'broken clouds', 'temperatur': 302.13, 'waktu': '2022-08-03T03:50:01.861750'}
[2022-08-03 03:50:01,862] {python.py:118} INFO - Done. Returned value was: None
[2022-08-03 03:50:01,881] {taskinstance.py:1142} INFO - Marking task as SUCCESS. dag_id=penjadwalan, task_id=dapat_suhu, execution_date=20220803T034800, start_date=20220803T035000, end_date=20220803T035001
[2022-08-03 03:50:01,926] {taskinstance.py:1195} INFO - 0 downstream tasks scheduled from follow-on schedule check
[2022-08-03 03:50:01,939] {local_task_job.py:118} INFO - Task exited with return code 0
