[2022-08-03 01:34:01,393] {taskinstance.py:826} INFO - Dependencies all met for <TaskInstance: penjadwalan.dapat_suhu 2022-08-03T01:32:00+00:00 [queued]>
[2022-08-03 01:34:01,420] {taskinstance.py:826} INFO - Dependencies all met for <TaskInstance: penjadwalan.dapat_suhu 2022-08-03T01:32:00+00:00 [queued]>
[2022-08-03 01:34:01,421] {taskinstance.py:1017} INFO - 
--------------------------------------------------------------------------------
[2022-08-03 01:34:01,421] {taskinstance.py:1018} INFO - Starting attempt 1 of 1
[2022-08-03 01:34:01,421] {taskinstance.py:1019} INFO - 
--------------------------------------------------------------------------------
[2022-08-03 01:34:01,438] {taskinstance.py:1038} INFO - Executing <Task(PythonOperator): dapat_suhu> on 2022-08-03T01:32:00+00:00
[2022-08-03 01:34:01,444] {standard_task_runner.py:51} INFO - Started process 22909 to run task
[2022-08-03 01:34:01,451] {standard_task_runner.py:75} INFO - Running: ['airflow', 'tasks', 'run', 'penjadwalan', 'dapat_suhu', '2022-08-03T01:32:00+00:00', '--job-id', '473', '--pool', 'default_pool', '--raw', '--subdir', 'DAGS_FOLDER/penjadwalan.py', '--cfg-path', '/tmp/tmpa5rqur2g']
[2022-08-03 01:34:01,457] {standard_task_runner.py:76} INFO - Job 473: Subtask dapat_suhu
[2022-08-03 01:34:01,535] {logging_mixin.py:103} INFO - Running <TaskInstance: penjadwalan.dapat_suhu 2022-08-03T01:32:00+00:00 [running]> on host b4dcda255553
[2022-08-03 01:34:01,611] {taskinstance.py:1232} INFO - Exporting the following env vars:
AIRFLOW_CTX_DAG_OWNER=airflow
AIRFLOW_CTX_DAG_ID=penjadwalan
AIRFLOW_CTX_TASK_ID=dapat_suhu
AIRFLOW_CTX_EXECUTION_DATE=2022-08-03T01:32:00+00:00
AIRFLOW_CTX_DAG_RUN_ID=scheduled__2022-08-03T01:32:00+00:00
[2022-08-03 01:34:02,091] {logging_mixin.py:103} INFO - {'kota': 'Bali', 'cuaca': 'Clouds', 'cuaca_deskripsi': 'broken clouds', 'temperatur': 298.28, 'waktu': '2022-08-03T01:34:02.091069'}
[2022-08-03 01:34:02,778] {logging_mixin.py:103} INFO - {'kota': 'Lombok', 'cuaca': 'Rain', 'cuaca_deskripsi': 'moderate rain', 'temperatur': 295.93, 'waktu': '2022-08-03T01:34:02.778159'}
[2022-08-03 01:34:03,245] {logging_mixin.py:103} INFO - {'kota': 'Labuan Bajo', 'cuaca': 'Clouds', 'cuaca_deskripsi': 'broken clouds', 'temperatur': 301.94, 'waktu': '2022-08-03T01:34:03.245463'}
[2022-08-03 01:34:03,785] {logging_mixin.py:103} INFO - {'kota': 'Bogor', 'cuaca': 'Rain', 'cuaca_deskripsi': 'light rain', 'temperatur': 298.85, 'waktu': '2022-08-03T01:34:03.785632'}
[2022-08-03 01:34:04,057] {logging_mixin.py:103} INFO - {'kota': 'Bandung', 'cuaca': 'Clouds', 'cuaca_deskripsi': 'scattered clouds', 'temperatur': 299.15, 'waktu': '2022-08-03T01:34:04.056901'}
[2022-08-03 01:34:04,057] {python.py:118} INFO - Done. Returned value was: None
[2022-08-03 01:34:04,073] {taskinstance.py:1142} INFO - Marking task as SUCCESS. dag_id=penjadwalan, task_id=dapat_suhu, execution_date=20220803T013200, start_date=20220803T013401, end_date=20220803T013404
[2022-08-03 01:34:04,115] {taskinstance.py:1195} INFO - 0 downstream tasks scheduled from follow-on schedule check
[2022-08-03 01:34:04,150] {local_task_job.py:118} INFO - Task exited with return code 0
