[2022-08-03 06:38:48,490] {taskinstance.py:826} INFO - Dependencies all met for <TaskInstance: penjadwalan.dapat_suhu 2022-08-03T06:28:00+00:00 [queued]>
[2022-08-03 06:38:48,704] {taskinstance.py:826} INFO - Dependencies all met for <TaskInstance: penjadwalan.dapat_suhu 2022-08-03T06:28:00+00:00 [queued]>
[2022-08-03 06:38:48,717] {taskinstance.py:1017} INFO - 
--------------------------------------------------------------------------------
[2022-08-03 06:38:48,726] {taskinstance.py:1018} INFO - Starting attempt 1 of 1
[2022-08-03 06:38:48,748] {taskinstance.py:1019} INFO - 
--------------------------------------------------------------------------------
[2022-08-03 06:38:48,975] {taskinstance.py:1038} INFO - Executing <Task(PythonOperator): dapat_suhu> on 2022-08-03T06:28:00+00:00
[2022-08-03 06:38:48,991] {standard_task_runner.py:51} INFO - Started process 197 to run task
[2022-08-03 06:38:49,014] {standard_task_runner.py:75} INFO - Running: ['airflow', 'tasks', 'run', 'penjadwalan', 'dapat_suhu', '2022-08-03T06:28:00+00:00', '--job-id', '769', '--pool', 'default_pool', '--raw', '--subdir', 'DAGS_FOLDER/penjadwalan.py', '--cfg-path', '/tmp/tmpsr717h28']
[2022-08-03 06:38:49,039] {standard_task_runner.py:76} INFO - Job 769: Subtask dapat_suhu
[2022-08-03 06:38:49,382] {logging_mixin.py:103} INFO - Running <TaskInstance: penjadwalan.dapat_suhu 2022-08-03T06:28:00+00:00 [running]> on host b4dcda255553
[2022-08-03 06:38:49,988] {taskinstance.py:1232} INFO - Exporting the following env vars:
AIRFLOW_CTX_DAG_OWNER=airflow
AIRFLOW_CTX_DAG_ID=penjadwalan
AIRFLOW_CTX_TASK_ID=dapat_suhu
AIRFLOW_CTX_EXECUTION_DATE=2022-08-03T06:28:00+00:00
AIRFLOW_CTX_DAG_RUN_ID=scheduled__2022-08-03T06:28:00+00:00
[2022-08-03 06:38:50,659] {logging_mixin.py:103} INFO - {'kota': 'Bali', 'cuaca': 'Clouds', 'cuaca_deskripsi': 'broken clouds', 'temperatur': 302.69, 'waktu': '2022-08-03T06:38:50.659797'}
[2022-08-03 06:38:50,963] {logging_mixin.py:103} INFO - {'kota': 'Lombok', 'cuaca': 'Rain', 'cuaca_deskripsi': 'light rain', 'temperatur': 297.58, 'waktu': '2022-08-03T06:38:50.963659'}
[2022-08-03 06:38:51,247] {logging_mixin.py:103} INFO - {'kota': 'Labuan Bajo', 'cuaca': 'Clouds', 'cuaca_deskripsi': 'overcast clouds', 'temperatur': 300.69, 'waktu': '2022-08-03T06:38:51.246984'}
[2022-08-03 06:38:51,474] {logging_mixin.py:103} INFO - {'kota': 'Bogor', 'cuaca': 'Clouds', 'cuaca_deskripsi': 'overcast clouds', 'temperatur': 305.87, 'waktu': '2022-08-03T06:38:51.474268'}
[2022-08-03 06:38:51,940] {logging_mixin.py:103} INFO - {'kota': 'Bandung', 'cuaca': 'Clouds', 'cuaca_deskripsi': 'overcast clouds', 'temperatur': 301.31, 'waktu': '2022-08-03T06:38:51.940330'}
[2022-08-03 06:38:51,945] {python.py:118} INFO - Done. Returned value was: None
[2022-08-03 06:38:52,125] {taskinstance.py:1142} INFO - Marking task as SUCCESS. dag_id=penjadwalan, task_id=dapat_suhu, execution_date=20220803T062800, start_date=20220803T063848, end_date=20220803T063852
[2022-08-03 06:38:52,731] {taskinstance.py:1195} INFO - 0 downstream tasks scheduled from follow-on schedule check
[2022-08-03 06:38:52,803] {local_task_job.py:118} INFO - Task exited with return code 0
