[2022-08-03 06:38:57,003] {taskinstance.py:826} INFO - Dependencies all met for <TaskInstance: my_simple_dag.sleep_me 2022-08-03T06:20:00+00:00 [queued]>
[2022-08-03 06:38:57,091] {taskinstance.py:826} INFO - Dependencies all met for <TaskInstance: my_simple_dag.sleep_me 2022-08-03T06:20:00+00:00 [queued]>
[2022-08-03 06:38:57,093] {taskinstance.py:1017} INFO - 
--------------------------------------------------------------------------------
[2022-08-03 06:38:57,094] {taskinstance.py:1018} INFO - Starting attempt 1 of 1
[2022-08-03 06:38:57,095] {taskinstance.py:1019} INFO - 
--------------------------------------------------------------------------------
[2022-08-03 06:38:57,158] {taskinstance.py:1038} INFO - Executing <Task(BashOperator): sleep_me> on 2022-08-03T06:20:00+00:00
[2022-08-03 06:38:57,173] {standard_task_runner.py:51} INFO - Started process 300 to run task
[2022-08-03 06:38:57,186] {standard_task_runner.py:75} INFO - Running: ['airflow', 'tasks', 'run', 'my_simple_dag', 'sleep_me', '2022-08-03T06:20:00+00:00', '--job-id', '776', '--pool', 'default_pool', '--raw', '--subdir', 'DAGS_FOLDER/my_simple_dag.py', '--cfg-path', '/tmp/tmppjlz0mca']
[2022-08-03 06:38:57,212] {standard_task_runner.py:76} INFO - Job 776: Subtask sleep_me
[2022-08-03 06:38:57,517] {logging_mixin.py:103} INFO - Running <TaskInstance: my_simple_dag.sleep_me 2022-08-03T06:20:00+00:00 [running]> on host b4dcda255553
[2022-08-03 06:38:57,823] {taskinstance.py:1232} INFO - Exporting the following env vars:
AIRFLOW_CTX_DAG_OWNER=airflow
AIRFLOW_CTX_DAG_ID=my_simple_dag
AIRFLOW_CTX_TASK_ID=sleep_me
AIRFLOW_CTX_EXECUTION_DATE=2022-08-03T06:20:00+00:00
AIRFLOW_CTX_DAG_RUN_ID=scheduled__2022-08-03T06:20:00+00:00
[2022-08-03 06:38:57,826] {bash.py:135} INFO - Tmp dir root location: 
 /tmp
[2022-08-03 06:38:57,828] {bash.py:158} INFO - Running command: sleep 5
[2022-08-03 06:38:57,862] {bash.py:169} INFO - Output:
[2022-08-03 06:39:02,886] {bash.py:177} INFO - Command exited with return code 0
[2022-08-03 06:39:03,015] {taskinstance.py:1142} INFO - Marking task as SUCCESS. dag_id=my_simple_dag, task_id=sleep_me, execution_date=20220803T062000, start_date=20220803T063857, end_date=20220803T063903
[2022-08-03 06:39:03,188] {taskinstance.py:1195} INFO - 1 downstream tasks scheduled from follow-on schedule check
[2022-08-03 06:39:03,249] {local_task_job.py:118} INFO - Task exited with return code 0
