[2022-08-03 09:34:00,462] {taskinstance.py:826} INFO - Dependencies all met for <TaskInstance: penjadwalan.dapat_suhu 2022-08-03T09:32:00+00:00 [queued]>
[2022-08-03 09:34:00,491] {taskinstance.py:826} INFO - Dependencies all met for <TaskInstance: penjadwalan.dapat_suhu 2022-08-03T09:32:00+00:00 [queued]>
[2022-08-03 09:34:00,493] {taskinstance.py:1017} INFO - 
--------------------------------------------------------------------------------
[2022-08-03 09:34:00,493] {taskinstance.py:1018} INFO - Starting attempt 1 of 1
[2022-08-03 09:34:00,494] {taskinstance.py:1019} INFO - 
--------------------------------------------------------------------------------
[2022-08-03 09:34:00,510] {taskinstance.py:1038} INFO - Executing <Task(PythonOperator): dapat_suhu> on 2022-08-03T09:32:00+00:00
[2022-08-03 09:34:00,514] {standard_task_runner.py:51} INFO - Started process 19980 to run task
[2022-08-03 09:34:00,520] {standard_task_runner.py:75} INFO - Running: ['airflow', 'tasks', 'run', 'penjadwalan', 'dapat_suhu', '2022-08-03T09:32:00+00:00', '--job-id', '937', '--pool', 'default_pool', '--raw', '--subdir', 'DAGS_FOLDER/penjadwalan.py', '--cfg-path', '/tmp/tmpqexsg_81']
[2022-08-03 09:34:00,524] {standard_task_runner.py:76} INFO - Job 937: Subtask dapat_suhu
[2022-08-03 09:34:00,607] {logging_mixin.py:103} INFO - Running <TaskInstance: penjadwalan.dapat_suhu 2022-08-03T09:32:00+00:00 [running]> on host b4dcda255553
[2022-08-03 09:34:00,698] {taskinstance.py:1232} INFO - Exporting the following env vars:
AIRFLOW_CTX_DAG_OWNER=airflow
AIRFLOW_CTX_DAG_ID=penjadwalan
AIRFLOW_CTX_TASK_ID=dapat_suhu
AIRFLOW_CTX_EXECUTION_DATE=2022-08-03T09:32:00+00:00
AIRFLOW_CTX_DAG_RUN_ID=scheduled__2022-08-03T09:32:00+00:00
[2022-08-03 09:34:00,891] {logging_mixin.py:103} INFO - {'kota': 'Bali', 'cuaca': 'Clouds', 'cuaca_deskripsi': 'broken clouds', 'temperatur': 300.5, 'waktu': '2022-08-03T09:34:00.891716'}
[2022-08-03 09:34:01,013] {logging_mixin.py:103} INFO - {'kota': 'Lombok', 'cuaca': 'Rain', 'cuaca_deskripsi': 'moderate rain', 'temperatur': 295.7, 'waktu': '2022-08-03T09:34:01.013442'}
[2022-08-03 09:34:01,183] {logging_mixin.py:103} INFO - {'kota': 'Labuan Bajo', 'cuaca': 'Clouds', 'cuaca_deskripsi': 'overcast clouds', 'temperatur': 298.84, 'waktu': '2022-08-03T09:34:01.183285'}
[2022-08-03 09:34:01,311] {logging_mixin.py:103} INFO - {'kota': 'Bogor', 'cuaca': 'Clouds', 'cuaca_deskripsi': 'overcast clouds', 'temperatur': 302.49, 'waktu': '2022-08-03T09:34:01.311244'}
[2022-08-03 09:34:01,449] {logging_mixin.py:103} INFO - {'kota': 'Bandung', 'cuaca': 'Clouds', 'cuaca_deskripsi': 'overcast clouds', 'temperatur': 296.4, 'waktu': '2022-08-03T09:34:01.448798'}
[2022-08-03 09:34:01,449] {python.py:118} INFO - Done. Returned value was: None
[2022-08-03 09:34:01,470] {taskinstance.py:1142} INFO - Marking task as SUCCESS. dag_id=penjadwalan, task_id=dapat_suhu, execution_date=20220803T093200, start_date=20220803T093400, end_date=20220803T093401
[2022-08-03 09:34:01,512] {taskinstance.py:1195} INFO - 0 downstream tasks scheduled from follow-on schedule check
[2022-08-03 09:34:01,534] {local_task_job.py:118} INFO - Task exited with return code 0
