[2022-08-03 04:42:02,663] {taskinstance.py:826} INFO - Dependencies all met for <TaskInstance: penjadwalan.dapat_suhu 2022-08-03T04:40:00+00:00 [queued]>
[2022-08-03 04:42:02,694] {taskinstance.py:826} INFO - Dependencies all met for <TaskInstance: penjadwalan.dapat_suhu 2022-08-03T04:40:00+00:00 [queued]>
[2022-08-03 04:42:02,694] {taskinstance.py:1017} INFO - 
--------------------------------------------------------------------------------
[2022-08-03 04:42:02,695] {taskinstance.py:1018} INFO - Starting attempt 1 of 1
[2022-08-03 04:42:02,695] {taskinstance.py:1019} INFO - 
--------------------------------------------------------------------------------
[2022-08-03 04:42:02,713] {taskinstance.py:1038} INFO - Executing <Task(PythonOperator): dapat_suhu> on 2022-08-03T04:40:00+00:00
[2022-08-03 04:42:02,718] {standard_task_runner.py:51} INFO - Started process 1277 to run task
[2022-08-03 04:42:02,724] {standard_task_runner.py:75} INFO - Running: ['airflow', 'tasks', 'run', 'penjadwalan', 'dapat_suhu', '2022-08-03T04:40:00+00:00', '--job-id', '643', '--pool', 'default_pool', '--raw', '--subdir', 'DAGS_FOLDER/penjadwalan.py', '--cfg-path', '/tmp/tmp3vk6ctbt']
[2022-08-03 04:42:02,729] {standard_task_runner.py:76} INFO - Job 643: Subtask dapat_suhu
[2022-08-03 04:42:02,814] {logging_mixin.py:103} INFO - Running <TaskInstance: penjadwalan.dapat_suhu 2022-08-03T04:40:00+00:00 [running]> on host b4dcda255553
[2022-08-03 04:42:02,923] {taskinstance.py:1232} INFO - Exporting the following env vars:
AIRFLOW_CTX_DAG_OWNER=airflow
AIRFLOW_CTX_DAG_ID=penjadwalan
AIRFLOW_CTX_TASK_ID=dapat_suhu
AIRFLOW_CTX_EXECUTION_DATE=2022-08-03T04:40:00+00:00
AIRFLOW_CTX_DAG_RUN_ID=scheduled__2022-08-03T04:40:00+00:00
[2022-08-03 04:42:03,098] {logging_mixin.py:103} INFO - {'kota': 'Bali', 'cuaca': 'Clouds', 'cuaca_deskripsi': 'scattered clouds', 'temperatur': 302.69, 'waktu': '2022-08-03T04:42:03.098099'}
[2022-08-03 04:42:03,257] {logging_mixin.py:103} INFO - {'kota': 'Lombok', 'cuaca': 'Clouds', 'cuaca_deskripsi': 'overcast clouds', 'temperatur': 298.32, 'waktu': '2022-08-03T04:42:03.257718'}
[2022-08-03 04:42:03,424] {logging_mixin.py:103} INFO - {'kota': 'Labuan Bajo', 'cuaca': 'Clouds', 'cuaca_deskripsi': 'broken clouds', 'temperatur': 301.43, 'waktu': '2022-08-03T04:42:03.424207'}
[2022-08-03 04:42:03,549] {logging_mixin.py:103} INFO - {'kota': 'Bogor', 'cuaca': 'Clouds', 'cuaca_deskripsi': 'overcast clouds', 'temperatur': 306.42, 'waktu': '2022-08-03T04:42:03.549327'}
[2022-08-03 04:42:03,665] {logging_mixin.py:103} INFO - {'kota': 'Bandung', 'cuaca': 'Clouds', 'cuaca_deskripsi': 'broken clouds', 'temperatur': 302.02, 'waktu': '2022-08-03T04:42:03.664998'}
[2022-08-03 04:42:03,665] {python.py:118} INFO - Done. Returned value was: None
[2022-08-03 04:42:03,754] {taskinstance.py:1142} INFO - Marking task as SUCCESS. dag_id=penjadwalan, task_id=dapat_suhu, execution_date=20220803T044000, start_date=20220803T044202, end_date=20220803T044203
[2022-08-03 04:42:03,915] {taskinstance.py:1195} INFO - 0 downstream tasks scheduled from follow-on schedule check
[2022-08-03 04:42:03,957] {local_task_job.py:118} INFO - Task exited with return code 0
