[2022-08-02 17:18:01,308] {taskinstance.py:826} INFO - Dependencies all met for <TaskInstance: penjadwalan.dapat_suhu 2022-08-02T17:16:00+00:00 [queued]>
[2022-08-02 17:18:01,342] {taskinstance.py:826} INFO - Dependencies all met for <TaskInstance: penjadwalan.dapat_suhu 2022-08-02T17:16:00+00:00 [queued]>
[2022-08-02 17:18:01,343] {taskinstance.py:1017} INFO - 
--------------------------------------------------------------------------------
[2022-08-02 17:18:01,344] {taskinstance.py:1018} INFO - Starting attempt 1 of 1
[2022-08-02 17:18:01,344] {taskinstance.py:1019} INFO - 
--------------------------------------------------------------------------------
[2022-08-02 17:18:01,365] {taskinstance.py:1038} INFO - Executing <Task(PythonOperator): dapat_suhu> on 2022-08-02T17:16:00+00:00
[2022-08-02 17:18:01,370] {standard_task_runner.py:51} INFO - Started process 23185 to run task
[2022-08-02 17:18:01,377] {standard_task_runner.py:75} INFO - Running: ['airflow', 'tasks', 'run', 'penjadwalan', 'dapat_suhu', '2022-08-02T17:16:00+00:00', '--job-id', '189', '--pool', 'default_pool', '--raw', '--subdir', 'DAGS_FOLDER/penjadwalan.py', '--cfg-path', '/tmp/tmpah93q8a7']
[2022-08-02 17:18:01,383] {standard_task_runner.py:76} INFO - Job 189: Subtask dapat_suhu
[2022-08-02 17:18:01,503] {logging_mixin.py:103} INFO - Running <TaskInstance: penjadwalan.dapat_suhu 2022-08-02T17:16:00+00:00 [running]> on host b4dcda255553
[2022-08-02 17:18:01,677] {taskinstance.py:1232} INFO - Exporting the following env vars:
AIRFLOW_CTX_DAG_OWNER=airflow
AIRFLOW_CTX_DAG_ID=penjadwalan
AIRFLOW_CTX_TASK_ID=dapat_suhu
AIRFLOW_CTX_EXECUTION_DATE=2022-08-02T17:16:00+00:00
AIRFLOW_CTX_DAG_RUN_ID=scheduled__2022-08-02T17:16:00+00:00
[2022-08-02 17:18:06,998] {logging_mixin.py:103} INFO - {'kota': 'Bali', 'cuaca': 'Clouds', 'cuaca_deskripsi': 'overcast clouds', 'temperatur': 298.28, 'waktu': '2022-08-02T17:18:06.997989'}
[2022-08-02 17:18:07,224] {logging_mixin.py:103} INFO - {'kota': 'Lombok', 'cuaca': 'Clouds', 'cuaca_deskripsi': 'broken clouds', 'temperatur': 293.44, 'waktu': '2022-08-02T17:18:07.223883'}
[2022-08-02 17:18:07,370] {logging_mixin.py:103} INFO - {'kota': 'Labuan Bajo', 'cuaca': 'Clouds', 'cuaca_deskripsi': 'broken clouds', 'temperatur': 297.27, 'waktu': '2022-08-02T17:18:07.370203'}
[2022-08-02 17:18:08,815] {logging_mixin.py:103} INFO - {'kota': 'Bogor', 'cuaca': 'Clouds', 'cuaca_deskripsi': 'broken clouds', 'temperatur': 296.93, 'waktu': '2022-08-02T17:18:08.815558'}
[2022-08-02 17:18:09,638] {logging_mixin.py:103} INFO - {'kota': 'Bandung', 'cuaca': 'Clouds', 'cuaca_deskripsi': 'broken clouds', 'temperatur': 293.46, 'waktu': '2022-08-02T17:18:09.638125'}
[2022-08-02 17:18:09,639] {python.py:118} INFO - Done. Returned value was: None
[2022-08-02 17:18:09,681] {taskinstance.py:1142} INFO - Marking task as SUCCESS. dag_id=penjadwalan, task_id=dapat_suhu, execution_date=20220802T171600, start_date=20220802T171801, end_date=20220802T171809
[2022-08-02 17:18:09,746] {taskinstance.py:1195} INFO - 0 downstream tasks scheduled from follow-on schedule check
[2022-08-02 17:18:09,765] {local_task_job.py:118} INFO - Task exited with return code 0
