[2022-08-03 00:47:46,033] {taskinstance.py:826} INFO - Dependencies all met for <TaskInstance: penjadwalan.dapat_suhu 2022-08-02T23:02:00+00:00 [queued]>
[2022-08-03 00:47:46,146] {taskinstance.py:826} INFO - Dependencies all met for <TaskInstance: penjadwalan.dapat_suhu 2022-08-02T23:02:00+00:00 [queued]>
[2022-08-03 00:47:46,151] {taskinstance.py:1017} INFO - 
--------------------------------------------------------------------------------
[2022-08-03 00:47:46,152] {taskinstance.py:1018} INFO - Starting attempt 1 of 1
[2022-08-03 00:47:46,152] {taskinstance.py:1019} INFO - 
--------------------------------------------------------------------------------
[2022-08-03 00:47:46,223] {taskinstance.py:1038} INFO - Executing <Task(PythonOperator): dapat_suhu> on 2022-08-02T23:02:00+00:00
[2022-08-03 00:47:46,246] {standard_task_runner.py:51} INFO - Started process 31848 to run task
[2022-08-03 00:47:46,261] {standard_task_runner.py:75} INFO - Running: ['airflow', 'tasks', 'run', 'penjadwalan', 'dapat_suhu', '2022-08-02T23:02:00+00:00', '--job-id', '378', '--pool', 'default_pool', '--raw', '--subdir', 'DAGS_FOLDER/penjadwalan.py', '--cfg-path', '/tmp/tmpw6j7nwhx']
[2022-08-03 00:47:46,265] {standard_task_runner.py:76} INFO - Job 378: Subtask dapat_suhu
[2022-08-03 00:47:46,464] {logging_mixin.py:103} INFO - Running <TaskInstance: penjadwalan.dapat_suhu 2022-08-02T23:02:00+00:00 [running]> on host b4dcda255553
[2022-08-03 00:47:46,698] {taskinstance.py:1232} INFO - Exporting the following env vars:
AIRFLOW_CTX_DAG_OWNER=airflow
AIRFLOW_CTX_DAG_ID=penjadwalan
AIRFLOW_CTX_TASK_ID=dapat_suhu
AIRFLOW_CTX_EXECUTION_DATE=2022-08-02T23:02:00+00:00
AIRFLOW_CTX_DAG_RUN_ID=scheduled__2022-08-02T23:02:00+00:00
[2022-08-03 00:47:47,322] {logging_mixin.py:103} INFO - {'kota': 'Bali', 'cuaca': 'Clouds', 'cuaca_deskripsi': 'overcast clouds', 'temperatur': 298.28, 'waktu': '2022-08-03T00:47:47.322449'}
[2022-08-03 00:47:49,848] {logging_mixin.py:103} INFO - {'kota': 'Lombok', 'cuaca': 'Clouds', 'cuaca_deskripsi': 'overcast clouds', 'temperatur': 295.51, 'waktu': '2022-08-03T00:47:49.848787'}
[2022-08-03 00:47:50,433] {logging_mixin.py:103} INFO - {'kota': 'Labuan Bajo', 'cuaca': 'Clouds', 'cuaca_deskripsi': 'scattered clouds', 'temperatur': 300.93, 'waktu': '2022-08-03T00:47:50.433062'}
[2022-08-03 00:47:53,233] {logging_mixin.py:103} INFO - {'kota': 'Bogor', 'cuaca': 'Rain', 'cuaca_deskripsi': 'light rain', 'temperatur': 300.87, 'waktu': '2022-08-03T00:47:53.233662'}
[2022-08-03 00:47:54,207] {logging_mixin.py:103} INFO - {'kota': 'Bandung', 'cuaca': 'Clouds', 'cuaca_deskripsi': 'scattered clouds', 'temperatur': 296.92, 'waktu': '2022-08-03T00:47:54.207353'}
[2022-08-03 00:47:54,209] {python.py:118} INFO - Done. Returned value was: None
[2022-08-03 00:47:54,267] {taskinstance.py:1142} INFO - Marking task as SUCCESS. dag_id=penjadwalan, task_id=dapat_suhu, execution_date=20220802T230200, start_date=20220803T004746, end_date=20220803T004754
[2022-08-03 00:47:54,370] {taskinstance.py:1195} INFO - 0 downstream tasks scheduled from follow-on schedule check
[2022-08-03 00:47:54,401] {local_task_job.py:118} INFO - Task exited with return code 0
