[2022-08-03 00:46:37,440] {taskinstance.py:826} INFO - Dependencies all met for <TaskInstance: penjadwalan.dapat_suhu 2022-08-02T21:38:00+00:00 [queued]>
[2022-08-03 00:46:37,475] {taskinstance.py:826} INFO - Dependencies all met for <TaskInstance: penjadwalan.dapat_suhu 2022-08-02T21:38:00+00:00 [queued]>
[2022-08-03 00:46:37,476] {taskinstance.py:1017} INFO - 
--------------------------------------------------------------------------------
[2022-08-03 00:46:37,476] {taskinstance.py:1018} INFO - Starting attempt 1 of 1
[2022-08-03 00:46:37,476] {taskinstance.py:1019} INFO - 
--------------------------------------------------------------------------------
[2022-08-03 00:46:37,495] {taskinstance.py:1038} INFO - Executing <Task(PythonOperator): dapat_suhu> on 2022-08-02T21:38:00+00:00
[2022-08-03 00:46:37,500] {standard_task_runner.py:51} INFO - Started process 28982 to run task
[2022-08-03 00:46:37,506] {standard_task_runner.py:75} INFO - Running: ['airflow', 'tasks', 'run', 'penjadwalan', 'dapat_suhu', '2022-08-02T21:38:00+00:00', '--job-id', '336', '--pool', 'default_pool', '--raw', '--subdir', 'DAGS_FOLDER/penjadwalan.py', '--cfg-path', '/tmp/tmpr0pk71b0']
[2022-08-03 00:46:37,512] {standard_task_runner.py:76} INFO - Job 336: Subtask dapat_suhu
[2022-08-03 00:46:37,642] {logging_mixin.py:103} INFO - Running <TaskInstance: penjadwalan.dapat_suhu 2022-08-02T21:38:00+00:00 [running]> on host b4dcda255553
[2022-08-03 00:46:37,778] {taskinstance.py:1232} INFO - Exporting the following env vars:
AIRFLOW_CTX_DAG_OWNER=airflow
AIRFLOW_CTX_DAG_ID=penjadwalan
AIRFLOW_CTX_TASK_ID=dapat_suhu
AIRFLOW_CTX_EXECUTION_DATE=2022-08-02T21:38:00+00:00
AIRFLOW_CTX_DAG_RUN_ID=scheduled__2022-08-02T21:38:00+00:00
[2022-08-03 00:46:38,634] {logging_mixin.py:103} INFO - {'kota': 'Bali', 'cuaca': 'Clouds', 'cuaca_deskripsi': 'overcast clouds', 'temperatur': 298.28, 'waktu': '2022-08-03T00:46:38.634094'}
[2022-08-03 00:46:39,883] {logging_mixin.py:103} INFO - {'kota': 'Lombok', 'cuaca': 'Clouds', 'cuaca_deskripsi': 'overcast clouds', 'temperatur': 295.51, 'waktu': '2022-08-03T00:46:39.883164'}
[2022-08-03 00:46:41,807] {logging_mixin.py:103} INFO - {'kota': 'Labuan Bajo', 'cuaca': 'Clouds', 'cuaca_deskripsi': 'scattered clouds', 'temperatur': 300.93, 'waktu': '2022-08-03T00:46:41.807470'}
[2022-08-03 00:46:42,242] {logging_mixin.py:103} INFO - {'kota': 'Bogor', 'cuaca': 'Rain', 'cuaca_deskripsi': 'light rain', 'temperatur': 300.87, 'waktu': '2022-08-03T00:46:42.242395'}
[2022-08-03 00:46:43,805] {logging_mixin.py:103} INFO - {'kota': 'Bandung', 'cuaca': 'Clouds', 'cuaca_deskripsi': 'scattered clouds', 'temperatur': 296.92, 'waktu': '2022-08-03T00:46:43.805390'}
[2022-08-03 00:46:43,806] {python.py:118} INFO - Done. Returned value was: None
[2022-08-03 00:46:43,841] {taskinstance.py:1142} INFO - Marking task as SUCCESS. dag_id=penjadwalan, task_id=dapat_suhu, execution_date=20220802T213800, start_date=20220803T004637, end_date=20220803T004643
[2022-08-03 00:46:43,905] {taskinstance.py:1195} INFO - 0 downstream tasks scheduled from follow-on schedule check
[2022-08-03 00:46:43,948] {local_task_job.py:118} INFO - Task exited with return code 0
