[2022-08-03 00:50:12,705] {taskinstance.py:826} INFO - Dependencies all met for <TaskInstance: my_simple_dag.respond 2022-08-03T00:40:00+00:00 [queued]>
[2022-08-03 00:50:12,737] {taskinstance.py:826} INFO - Dependencies all met for <TaskInstance: my_simple_dag.respond 2022-08-03T00:40:00+00:00 [queued]>
[2022-08-03 00:50:12,737] {taskinstance.py:1017} INFO - 
--------------------------------------------------------------------------------
[2022-08-03 00:50:12,738] {taskinstance.py:1018} INFO - Starting attempt 1 of 1
[2022-08-03 00:50:12,738] {taskinstance.py:1019} INFO - 
--------------------------------------------------------------------------------
[2022-08-03 00:50:12,758] {taskinstance.py:1038} INFO - Executing <Task(PythonOperator): respond> on 2022-08-03T00:40:00+00:00
[2022-08-03 00:50:12,763] {standard_task_runner.py:51} INFO - Started process 6987 to run task
[2022-08-03 00:50:12,769] {standard_task_runner.py:75} INFO - Running: ['airflow', 'tasks', 'run', 'my_simple_dag', 'respond', '2022-08-03T00:40:00+00:00', '--job-id', '435', '--pool', 'default_pool', '--raw', '--subdir', 'DAGS_FOLDER/my_simple_dag.py', '--cfg-path', '/tmp/tmpw97a_m6q']
[2022-08-03 00:50:12,773] {standard_task_runner.py:76} INFO - Job 435: Subtask respond
[2022-08-03 00:50:12,924] {logging_mixin.py:103} INFO - Running <TaskInstance: my_simple_dag.respond 2022-08-03T00:40:00+00:00 [running]> on host b4dcda255553
[2022-08-03 00:50:13,025] {taskinstance.py:1232} INFO - Exporting the following env vars:
AIRFLOW_CTX_DAG_OWNER=airflow
AIRFLOW_CTX_DAG_ID=my_simple_dag
AIRFLOW_CTX_TASK_ID=respond
AIRFLOW_CTX_EXECUTION_DATE=2022-08-03T00:40:00+00:00
AIRFLOW_CTX_DAG_RUN_ID=scheduled__2022-08-03T00:40:00+00:00
[2022-08-03 00:50:13,026] {python.py:118} INFO - Done. Returned value was: Greet Responded Again
[2022-08-03 00:50:13,076] {taskinstance.py:1142} INFO - Marking task as SUCCESS. dag_id=my_simple_dag, task_id=respond, execution_date=20220803T004000, start_date=20220803T005012, end_date=20220803T005013
[2022-08-03 00:50:13,130] {taskinstance.py:1195} INFO - 0 downstream tasks scheduled from follow-on schedule check
[2022-08-03 00:50:13,144] {local_task_job.py:118} INFO - Task exited with return code 0
