[2022-08-03 04:00:00,656] {taskinstance.py:826} INFO - Dependencies all met for <TaskInstance: my_simple_dag.say_Hi 2022-08-03T03:50:00+00:00 [queued]>
[2022-08-03 04:00:00,694] {taskinstance.py:826} INFO - Dependencies all met for <TaskInstance: my_simple_dag.say_Hi 2022-08-03T03:50:00+00:00 [queued]>
[2022-08-03 04:00:00,695] {taskinstance.py:1017} INFO - 
--------------------------------------------------------------------------------
[2022-08-03 04:00:00,696] {taskinstance.py:1018} INFO - Starting attempt 1 of 1
[2022-08-03 04:00:00,696] {taskinstance.py:1019} INFO - 
--------------------------------------------------------------------------------
[2022-08-03 04:00:00,715] {taskinstance.py:1038} INFO - Executing <Task(BashOperator): say_Hi> on 2022-08-03T03:50:00+00:00
[2022-08-03 04:00:00,722] {standard_task_runner.py:51} INFO - Started process 22970 to run task
[2022-08-03 04:00:00,729] {standard_task_runner.py:75} INFO - Running: ['airflow', 'tasks', 'run', 'my_simple_dag', 'say_Hi', '2022-08-03T03:50:00+00:00', '--job-id', '602', '--pool', 'default_pool', '--raw', '--subdir', 'DAGS_FOLDER/my_simple_dag.py', '--cfg-path', '/tmp/tmp413ldo26']
[2022-08-03 04:00:00,736] {standard_task_runner.py:76} INFO - Job 602: Subtask say_Hi
[2022-08-03 04:00:00,833] {logging_mixin.py:103} INFO - Running <TaskInstance: my_simple_dag.say_Hi 2022-08-03T03:50:00+00:00 [running]> on host b4dcda255553
[2022-08-03 04:00:00,915] {taskinstance.py:1232} INFO - Exporting the following env vars:
AIRFLOW_CTX_DAG_OWNER=airflow
AIRFLOW_CTX_DAG_ID=my_simple_dag
AIRFLOW_CTX_TASK_ID=say_Hi
AIRFLOW_CTX_EXECUTION_DATE=2022-08-03T03:50:00+00:00
AIRFLOW_CTX_DAG_RUN_ID=scheduled__2022-08-03T03:50:00+00:00
[2022-08-03 04:00:00,916] {bash.py:135} INFO - Tmp dir root location: 
 /tmp
[2022-08-03 04:00:00,917] {bash.py:158} INFO - Running command: echo "Hi!!"
[2022-08-03 04:00:00,926] {bash.py:169} INFO - Output:
[2022-08-03 04:00:00,928] {bash.py:173} INFO - Hi!!
[2022-08-03 04:00:00,929] {bash.py:177} INFO - Command exited with return code 0
[2022-08-03 04:00:00,972] {taskinstance.py:1142} INFO - Marking task as SUCCESS. dag_id=my_simple_dag, task_id=say_Hi, execution_date=20220803T035000, start_date=20220803T040000, end_date=20220803T040000
[2022-08-03 04:00:01,015] {taskinstance.py:1195} INFO - 1 downstream tasks scheduled from follow-on schedule check
[2022-08-03 04:00:01,060] {local_task_job.py:118} INFO - Task exited with return code 0
