[2022-08-03 09:58:00,553] {taskinstance.py:826} INFO - Dependencies all met for <TaskInstance: penjadwalan.dapat_suhu 2022-08-03T09:56:00+00:00 [queued]>
[2022-08-03 09:58:00,579] {taskinstance.py:826} INFO - Dependencies all met for <TaskInstance: penjadwalan.dapat_suhu 2022-08-03T09:56:00+00:00 [queued]>
[2022-08-03 09:58:00,579] {taskinstance.py:1017} INFO - 
--------------------------------------------------------------------------------
[2022-08-03 09:58:00,580] {taskinstance.py:1018} INFO - Starting attempt 1 of 1
[2022-08-03 09:58:00,580] {taskinstance.py:1019} INFO - 
--------------------------------------------------------------------------------
[2022-08-03 09:58:00,595] {taskinstance.py:1038} INFO - Executing <Task(PythonOperator): dapat_suhu> on 2022-08-03T09:56:00+00:00
[2022-08-03 09:58:00,599] {standard_task_runner.py:51} INFO - Started process 9850 to run task
[2022-08-03 09:58:00,604] {standard_task_runner.py:75} INFO - Running: ['airflow', 'tasks', 'run', 'penjadwalan', 'dapat_suhu', '2022-08-03T09:56:00+00:00', '--job-id', '957', '--pool', 'default_pool', '--raw', '--subdir', 'DAGS_FOLDER/penjadwalan.py', '--cfg-path', '/tmp/tmpzfuq45dw']
[2022-08-03 09:58:00,607] {standard_task_runner.py:76} INFO - Job 957: Subtask dapat_suhu
[2022-08-03 09:58:00,684] {logging_mixin.py:103} INFO - Running <TaskInstance: penjadwalan.dapat_suhu 2022-08-03T09:56:00+00:00 [running]> on host b4dcda255553
[2022-08-03 09:58:00,767] {taskinstance.py:1232} INFO - Exporting the following env vars:
AIRFLOW_CTX_DAG_OWNER=airflow
AIRFLOW_CTX_DAG_ID=penjadwalan
AIRFLOW_CTX_TASK_ID=dapat_suhu
AIRFLOW_CTX_EXECUTION_DATE=2022-08-03T09:56:00+00:00
AIRFLOW_CTX_DAG_RUN_ID=scheduled__2022-08-03T09:56:00+00:00
[2022-08-03 09:58:01,062] {logging_mixin.py:103} INFO - {'kota': 'Bali', 'cuaca': 'Clouds', 'cuaca_deskripsi': 'broken clouds', 'temperatur': 300.5, 'waktu': '2022-08-03T09:58:01.062484'}
[2022-08-03 09:58:01,233] {logging_mixin.py:103} INFO - {'kota': 'Lombok', 'cuaca': 'Clouds', 'cuaca_deskripsi': 'overcast clouds', 'temperatur': 295.7, 'waktu': '2022-08-03T09:58:01.233078'}
[2022-08-03 09:58:01,391] {logging_mixin.py:103} INFO - {'kota': 'Labuan Bajo', 'cuaca': 'Clouds', 'cuaca_deskripsi': 'overcast clouds', 'temperatur': 298.84, 'waktu': '2022-08-03T09:58:01.391367'}
[2022-08-03 09:58:01,529] {logging_mixin.py:103} INFO - {'kota': 'Bogor', 'cuaca': 'Clouds', 'cuaca_deskripsi': 'overcast clouds', 'temperatur': 300.82, 'waktu': '2022-08-03T09:58:01.529131'}
[2022-08-03 09:58:01,650] {logging_mixin.py:103} INFO - {'kota': 'Bandung', 'cuaca': 'Clouds', 'cuaca_deskripsi': 'overcast clouds', 'temperatur': 296.4, 'waktu': '2022-08-03T09:58:01.650402'}
[2022-08-03 09:58:01,651] {python.py:118} INFO - Done. Returned value was: None
[2022-08-03 09:58:01,673] {taskinstance.py:1142} INFO - Marking task as SUCCESS. dag_id=penjadwalan, task_id=dapat_suhu, execution_date=20220803T095600, start_date=20220803T095800, end_date=20220803T095801
[2022-08-03 09:58:01,710] {taskinstance.py:1195} INFO - 0 downstream tasks scheduled from follow-on schedule check
[2022-08-03 09:58:01,740] {local_task_job.py:118} INFO - Task exited with return code 0
