[2022-08-03 08:46:01,325] {taskinstance.py:826} INFO - Dependencies all met for <TaskInstance: penjadwalan.dapat_suhu 2022-08-03T08:44:00+00:00 [queued]>
[2022-08-03 08:46:01,352] {taskinstance.py:826} INFO - Dependencies all met for <TaskInstance: penjadwalan.dapat_suhu 2022-08-03T08:44:00+00:00 [queued]>
[2022-08-03 08:46:01,353] {taskinstance.py:1017} INFO - 
--------------------------------------------------------------------------------
[2022-08-03 08:46:01,353] {taskinstance.py:1018} INFO - Starting attempt 1 of 1
[2022-08-03 08:46:01,354] {taskinstance.py:1019} INFO - 
--------------------------------------------------------------------------------
[2022-08-03 08:46:01,371] {taskinstance.py:1038} INFO - Executing <Task(PythonOperator): dapat_suhu> on 2022-08-03T08:44:00+00:00
[2022-08-03 08:46:01,376] {standard_task_runner.py:51} INFO - Started process 389 to run task
[2022-08-03 08:46:01,386] {standard_task_runner.py:75} INFO - Running: ['airflow', 'tasks', 'run', 'penjadwalan', 'dapat_suhu', '2022-08-03T08:44:00+00:00', '--job-id', '893', '--pool', 'default_pool', '--raw', '--subdir', 'DAGS_FOLDER/penjadwalan.py', '--cfg-path', '/tmp/tmp67qdwpae']
[2022-08-03 08:46:01,390] {standard_task_runner.py:76} INFO - Job 893: Subtask dapat_suhu
[2022-08-03 08:46:01,476] {logging_mixin.py:103} INFO - Running <TaskInstance: penjadwalan.dapat_suhu 2022-08-03T08:44:00+00:00 [running]> on host b4dcda255553
[2022-08-03 08:46:01,553] {taskinstance.py:1232} INFO - Exporting the following env vars:
AIRFLOW_CTX_DAG_OWNER=airflow
AIRFLOW_CTX_DAG_ID=penjadwalan
AIRFLOW_CTX_TASK_ID=dapat_suhu
AIRFLOW_CTX_EXECUTION_DATE=2022-08-03T08:44:00+00:00
AIRFLOW_CTX_DAG_RUN_ID=scheduled__2022-08-03T08:44:00+00:00
[2022-08-03 08:46:01,680] {logging_mixin.py:103} INFO - {'kota': 'Bali', 'cuaca': 'Clouds', 'cuaca_deskripsi': 'broken clouds', 'temperatur': 300.5, 'waktu': '2022-08-03T08:46:01.680365'}
[2022-08-03 08:46:01,786] {logging_mixin.py:103} INFO - {'kota': 'Lombok', 'cuaca': 'Rain', 'cuaca_deskripsi': 'moderate rain', 'temperatur': 296.25, 'waktu': '2022-08-03T08:46:01.786666'}
[2022-08-03 08:46:01,889] {logging_mixin.py:103} INFO - {'kota': 'Labuan Bajo', 'cuaca': 'Clouds', 'cuaca_deskripsi': 'overcast clouds', 'temperatur': 300.25, 'waktu': '2022-08-03T08:46:01.889444'}
[2022-08-03 08:46:02,011] {logging_mixin.py:103} INFO - {'kota': 'Bogor', 'cuaca': 'Clouds', 'cuaca_deskripsi': 'overcast clouds', 'temperatur': 303.65, 'waktu': '2022-08-03T08:46:02.011799'}
[2022-08-03 08:46:02,124] {logging_mixin.py:103} INFO - {'kota': 'Bandung', 'cuaca': 'Clouds', 'cuaca_deskripsi': 'overcast clouds', 'temperatur': 297, 'waktu': '2022-08-03T08:46:02.124577'}
[2022-08-03 08:46:02,125] {python.py:118} INFO - Done. Returned value was: None
[2022-08-03 08:46:02,151] {taskinstance.py:1142} INFO - Marking task as SUCCESS. dag_id=penjadwalan, task_id=dapat_suhu, execution_date=20220803T084400, start_date=20220803T084601, end_date=20220803T084602
[2022-08-03 08:46:02,189] {taskinstance.py:1195} INFO - 0 downstream tasks scheduled from follow-on schedule check
[2022-08-03 08:46:02,236] {local_task_job.py:118} INFO - Task exited with return code 0
