[2022-08-03 03:54:00,756] {taskinstance.py:826} INFO - Dependencies all met for <TaskInstance: penjadwalan.dapat_suhu 2022-08-03T03:52:00+00:00 [queued]>
[2022-08-03 03:54:00,780] {taskinstance.py:826} INFO - Dependencies all met for <TaskInstance: penjadwalan.dapat_suhu 2022-08-03T03:52:00+00:00 [queued]>
[2022-08-03 03:54:00,781] {taskinstance.py:1017} INFO - 
--------------------------------------------------------------------------------
[2022-08-03 03:54:00,781] {taskinstance.py:1018} INFO - Starting attempt 1 of 1
[2022-08-03 03:54:00,781] {taskinstance.py:1019} INFO - 
--------------------------------------------------------------------------------
[2022-08-03 03:54:00,793] {taskinstance.py:1038} INFO - Executing <Task(PythonOperator): dapat_suhu> on 2022-08-03T03:52:00+00:00
[2022-08-03 03:54:00,798] {standard_task_runner.py:51} INFO - Started process 31761 to run task
[2022-08-03 03:54:00,802] {standard_task_runner.py:75} INFO - Running: ['airflow', 'tasks', 'run', 'penjadwalan', 'dapat_suhu', '2022-08-03T03:52:00+00:00', '--job-id', '599', '--pool', 'default_pool', '--raw', '--subdir', 'DAGS_FOLDER/penjadwalan.py', '--cfg-path', '/tmp/tmp9whc7ysl']
[2022-08-03 03:54:00,806] {standard_task_runner.py:76} INFO - Job 599: Subtask dapat_suhu
[2022-08-03 03:54:00,873] {logging_mixin.py:103} INFO - Running <TaskInstance: penjadwalan.dapat_suhu 2022-08-03T03:52:00+00:00 [running]> on host b4dcda255553
[2022-08-03 03:54:00,933] {taskinstance.py:1232} INFO - Exporting the following env vars:
AIRFLOW_CTX_DAG_OWNER=airflow
AIRFLOW_CTX_DAG_ID=penjadwalan
AIRFLOW_CTX_TASK_ID=dapat_suhu
AIRFLOW_CTX_EXECUTION_DATE=2022-08-03T03:52:00+00:00
AIRFLOW_CTX_DAG_RUN_ID=scheduled__2022-08-03T03:52:00+00:00
[2022-08-03 03:54:01,056] {logging_mixin.py:103} INFO - {'kota': 'Bali', 'cuaca': 'Clouds', 'cuaca_deskripsi': 'scattered clouds', 'temperatur': 302.69, 'waktu': '2022-08-03T03:54:01.056129'}
[2022-08-03 03:54:01,156] {logging_mixin.py:103} INFO - {'kota': 'Lombok', 'cuaca': 'Rain', 'cuaca_deskripsi': 'light rain', 'temperatur': 298.97, 'waktu': '2022-08-03T03:54:01.156063'}
[2022-08-03 03:54:01,259] {logging_mixin.py:103} INFO - {'kota': 'Labuan Bajo', 'cuaca': 'Clouds', 'cuaca_deskripsi': 'broken clouds', 'temperatur': 302.05, 'waktu': '2022-08-03T03:54:01.259523'}
[2022-08-03 03:54:01,364] {logging_mixin.py:103} INFO - {'kota': 'Bogor', 'cuaca': 'Clouds', 'cuaca_deskripsi': 'overcast clouds', 'temperatur': 304.2, 'waktu': '2022-08-03T03:54:01.364728'}
[2022-08-03 03:54:01,474] {logging_mixin.py:103} INFO - {'kota': 'Bandung', 'cuaca': 'Clouds', 'cuaca_deskripsi': 'broken clouds', 'temperatur': 302.13, 'waktu': '2022-08-03T03:54:01.474193'}
[2022-08-03 03:54:01,474] {python.py:118} INFO - Done. Returned value was: None
[2022-08-03 03:54:01,491] {taskinstance.py:1142} INFO - Marking task as SUCCESS. dag_id=penjadwalan, task_id=dapat_suhu, execution_date=20220803T035200, start_date=20220803T035400, end_date=20220803T035401
[2022-08-03 03:54:01,553] {taskinstance.py:1195} INFO - 0 downstream tasks scheduled from follow-on schedule check
[2022-08-03 03:54:01,575] {local_task_job.py:118} INFO - Task exited with return code 0
