[2022-08-03 07:20:01,489] {taskinstance.py:826} INFO - Dependencies all met for <TaskInstance: penjadwalan.dapat_suhu 2022-08-03T07:18:00+00:00 [queued]>
[2022-08-03 07:20:01,517] {taskinstance.py:826} INFO - Dependencies all met for <TaskInstance: penjadwalan.dapat_suhu 2022-08-03T07:18:00+00:00 [queued]>
[2022-08-03 07:20:01,518] {taskinstance.py:1017} INFO - 
--------------------------------------------------------------------------------
[2022-08-03 07:20:01,518] {taskinstance.py:1018} INFO - Starting attempt 1 of 1
[2022-08-03 07:20:01,519] {taskinstance.py:1019} INFO - 
--------------------------------------------------------------------------------
[2022-08-03 07:20:01,536] {taskinstance.py:1038} INFO - Executing <Task(PythonOperator): dapat_suhu> on 2022-08-03T07:18:00+00:00
[2022-08-03 07:20:01,541] {standard_task_runner.py:51} INFO - Started process 9870 to run task
[2022-08-03 07:20:01,549] {standard_task_runner.py:75} INFO - Running: ['airflow', 'tasks', 'run', 'penjadwalan', 'dapat_suhu', '2022-08-03T07:18:00+00:00', '--job-id', '815', '--pool', 'default_pool', '--raw', '--subdir', 'DAGS_FOLDER/penjadwalan.py', '--cfg-path', '/tmp/tmp1d_hlvyd']
[2022-08-03 07:20:01,553] {standard_task_runner.py:76} INFO - Job 815: Subtask dapat_suhu
[2022-08-03 07:20:01,643] {logging_mixin.py:103} INFO - Running <TaskInstance: penjadwalan.dapat_suhu 2022-08-03T07:18:00+00:00 [running]> on host b4dcda255553
[2022-08-03 07:20:01,733] {taskinstance.py:1232} INFO - Exporting the following env vars:
AIRFLOW_CTX_DAG_OWNER=airflow
AIRFLOW_CTX_DAG_ID=penjadwalan
AIRFLOW_CTX_TASK_ID=dapat_suhu
AIRFLOW_CTX_EXECUTION_DATE=2022-08-03T07:18:00+00:00
AIRFLOW_CTX_DAG_RUN_ID=scheduled__2022-08-03T07:18:00+00:00
[2022-08-03 07:20:01,884] {logging_mixin.py:103} INFO - {'kota': 'Bali', 'cuaca': 'Clouds', 'cuaca_deskripsi': 'broken clouds', 'temperatur': 302.69, 'waktu': '2022-08-03T07:20:01.884037'}
[2022-08-03 07:20:02,325] {logging_mixin.py:103} INFO - {'kota': 'Lombok', 'cuaca': 'Rain', 'cuaca_deskripsi': 'light rain', 'temperatur': 297.58, 'waktu': '2022-08-03T07:20:02.324895'}
[2022-08-03 07:20:02,542] {logging_mixin.py:103} INFO - {'kota': 'Labuan Bajo', 'cuaca': 'Clouds', 'cuaca_deskripsi': 'overcast clouds', 'temperatur': 300.69, 'waktu': '2022-08-03T07:20:02.542643'}
[2022-08-03 07:20:02,718] {logging_mixin.py:103} INFO - {'kota': 'Bogor', 'cuaca': 'Clouds', 'cuaca_deskripsi': 'overcast clouds', 'temperatur': 304.76, 'waktu': '2022-08-03T07:20:02.717899'}
[2022-08-03 07:20:02,904] {logging_mixin.py:103} INFO - {'kota': 'Bandung', 'cuaca': 'Clouds', 'cuaca_deskripsi': 'overcast clouds', 'temperatur': 301.31, 'waktu': '2022-08-03T07:20:02.903864'}
[2022-08-03 07:20:02,911] {python.py:118} INFO - Done. Returned value was: None
[2022-08-03 07:20:03,003] {taskinstance.py:1142} INFO - Marking task as SUCCESS. dag_id=penjadwalan, task_id=dapat_suhu, execution_date=20220803T071800, start_date=20220803T072001, end_date=20220803T072003
[2022-08-03 07:20:03,095] {taskinstance.py:1195} INFO - 0 downstream tasks scheduled from follow-on schedule check
[2022-08-03 07:20:03,138] {local_task_job.py:118} INFO - Task exited with return code 0
