[2022-08-03 00:45:33,881] {taskinstance.py:826} INFO - Dependencies all met for <TaskInstance: penjadwalan.dapat_suhu 2022-08-02T19:16:00+00:00 [queued]>
[2022-08-03 00:45:33,959] {taskinstance.py:826} INFO - Dependencies all met for <TaskInstance: penjadwalan.dapat_suhu 2022-08-02T19:16:00+00:00 [queued]>
[2022-08-03 00:45:33,961] {taskinstance.py:1017} INFO - 
--------------------------------------------------------------------------------
[2022-08-03 00:45:33,974] {taskinstance.py:1018} INFO - Starting attempt 1 of 1
[2022-08-03 00:45:33,989] {taskinstance.py:1019} INFO - 
--------------------------------------------------------------------------------
[2022-08-03 00:45:34,046] {taskinstance.py:1038} INFO - Executing <Task(PythonOperator): dapat_suhu> on 2022-08-02T19:16:00+00:00
[2022-08-03 00:45:34,081] {standard_task_runner.py:51} INFO - Started process 26178 to run task
[2022-08-03 00:45:34,079] {standard_task_runner.py:75} INFO - Running: ['airflow', 'tasks', 'run', 'penjadwalan', 'dapat_suhu', '2022-08-02T19:16:00+00:00', '--job-id', '265', '--pool', 'default_pool', '--raw', '--subdir', 'DAGS_FOLDER/penjadwalan.py', '--cfg-path', '/tmp/tmpp3g24wo6']
[2022-08-03 00:45:34,113] {standard_task_runner.py:76} INFO - Job 265: Subtask dapat_suhu
[2022-08-03 00:45:34,376] {logging_mixin.py:103} INFO - Running <TaskInstance: penjadwalan.dapat_suhu 2022-08-02T19:16:00+00:00 [running]> on host b4dcda255553
[2022-08-03 00:45:34,640] {taskinstance.py:1232} INFO - Exporting the following env vars:
AIRFLOW_CTX_DAG_OWNER=airflow
AIRFLOW_CTX_DAG_ID=penjadwalan
AIRFLOW_CTX_TASK_ID=dapat_suhu
AIRFLOW_CTX_EXECUTION_DATE=2022-08-02T19:16:00+00:00
AIRFLOW_CTX_DAG_RUN_ID=scheduled__2022-08-02T19:16:00+00:00
[2022-08-03 00:45:35,114] {logging_mixin.py:103} INFO - {'kota': 'Bali', 'cuaca': 'Clouds', 'cuaca_deskripsi': 'overcast clouds', 'temperatur': 298.28, 'waktu': '2022-08-03T00:45:35.114203'}
[2022-08-03 00:45:35,466] {logging_mixin.py:103} INFO - {'kota': 'Lombok', 'cuaca': 'Clouds', 'cuaca_deskripsi': 'overcast clouds', 'temperatur': 295.51, 'waktu': '2022-08-03T00:45:35.466413'}
[2022-08-03 00:45:35,733] {logging_mixin.py:103} INFO - {'kota': 'Labuan Bajo', 'cuaca': 'Clouds', 'cuaca_deskripsi': 'scattered clouds', 'temperatur': 300.93, 'waktu': '2022-08-03T00:45:35.733243'}
[2022-08-03 00:45:36,001] {logging_mixin.py:103} INFO - {'kota': 'Bogor', 'cuaca': 'Rain', 'cuaca_deskripsi': 'light rain', 'temperatur': 300.87, 'waktu': '2022-08-03T00:45:36.000915'}
[2022-08-03 00:45:37,103] {logging_mixin.py:103} INFO - {'kota': 'Bandung', 'cuaca': 'Clouds', 'cuaca_deskripsi': 'scattered clouds', 'temperatur': 296.92, 'waktu': '2022-08-03T00:45:37.103650'}
[2022-08-03 00:45:37,115] {python.py:118} INFO - Done. Returned value was: None
[2022-08-03 00:45:37,154] {taskinstance.py:1142} INFO - Marking task as SUCCESS. dag_id=penjadwalan, task_id=dapat_suhu, execution_date=20220802T191600, start_date=20220803T004533, end_date=20220803T004537
[2022-08-03 00:45:37,396] {taskinstance.py:1195} INFO - 0 downstream tasks scheduled from follow-on schedule check
[2022-08-03 00:45:37,432] {local_task_job.py:118} INFO - Task exited with return code 0
