[2022-08-03 09:28:02,595] {taskinstance.py:826} INFO - Dependencies all met for <TaskInstance: penjadwalan.dapat_suhu 2022-08-03T09:26:00+00:00 [queued]>
[2022-08-03 09:28:02,642] {taskinstance.py:826} INFO - Dependencies all met for <TaskInstance: penjadwalan.dapat_suhu 2022-08-03T09:26:00+00:00 [queued]>
[2022-08-03 09:28:02,643] {taskinstance.py:1017} INFO - 
--------------------------------------------------------------------------------
[2022-08-03 09:28:02,643] {taskinstance.py:1018} INFO - Starting attempt 1 of 1
[2022-08-03 09:28:02,644] {taskinstance.py:1019} INFO - 
--------------------------------------------------------------------------------
[2022-08-03 09:28:02,665] {taskinstance.py:1038} INFO - Executing <Task(PythonOperator): dapat_suhu> on 2022-08-03T09:26:00+00:00
[2022-08-03 09:28:02,669] {standard_task_runner.py:51} INFO - Started process 4139 to run task
[2022-08-03 09:28:02,675] {standard_task_runner.py:75} INFO - Running: ['airflow', 'tasks', 'run', 'penjadwalan', 'dapat_suhu', '2022-08-03T09:26:00+00:00', '--job-id', '930', '--pool', 'default_pool', '--raw', '--subdir', 'DAGS_FOLDER/penjadwalan.py', '--cfg-path', '/tmp/tmp8vbokj4i']
[2022-08-03 09:28:02,679] {standard_task_runner.py:76} INFO - Job 930: Subtask dapat_suhu
[2022-08-03 09:28:02,772] {logging_mixin.py:103} INFO - Running <TaskInstance: penjadwalan.dapat_suhu 2022-08-03T09:26:00+00:00 [running]> on host b4dcda255553
[2022-08-03 09:28:02,896] {taskinstance.py:1232} INFO - Exporting the following env vars:
AIRFLOW_CTX_DAG_OWNER=airflow
AIRFLOW_CTX_DAG_ID=penjadwalan
AIRFLOW_CTX_TASK_ID=dapat_suhu
AIRFLOW_CTX_EXECUTION_DATE=2022-08-03T09:26:00+00:00
AIRFLOW_CTX_DAG_RUN_ID=scheduled__2022-08-03T09:26:00+00:00
[2022-08-03 09:28:03,096] {logging_mixin.py:103} INFO - {'kota': 'Bali', 'cuaca': 'Clouds', 'cuaca_deskripsi': 'broken clouds', 'temperatur': 300.5, 'waktu': '2022-08-03T09:28:03.096614'}
[2022-08-03 09:28:03,295] {logging_mixin.py:103} INFO - {'kota': 'Lombok', 'cuaca': 'Rain', 'cuaca_deskripsi': 'moderate rain', 'temperatur': 296.25, 'waktu': '2022-08-03T09:28:03.295022'}
[2022-08-03 09:28:03,429] {logging_mixin.py:103} INFO - {'kota': 'Labuan Bajo', 'cuaca': 'Clouds', 'cuaca_deskripsi': 'overcast clouds', 'temperatur': 300.25, 'waktu': '2022-08-03T09:28:03.429613'}
[2022-08-03 09:28:03,544] {logging_mixin.py:103} INFO - {'kota': 'Bogor', 'cuaca': 'Clouds', 'cuaca_deskripsi': 'overcast clouds', 'temperatur': 302.6, 'waktu': '2022-08-03T09:28:03.544495'}
[2022-08-03 09:28:03,706] {logging_mixin.py:103} INFO - {'kota': 'Bandung', 'cuaca': 'Clouds', 'cuaca_deskripsi': 'overcast clouds', 'temperatur': 297, 'waktu': '2022-08-03T09:28:03.706159'}
[2022-08-03 09:28:03,706] {python.py:118} INFO - Done. Returned value was: None
[2022-08-03 09:28:03,722] {taskinstance.py:1142} INFO - Marking task as SUCCESS. dag_id=penjadwalan, task_id=dapat_suhu, execution_date=20220803T092600, start_date=20220803T092802, end_date=20220803T092803
[2022-08-03 09:28:03,762] {taskinstance.py:1195} INFO - 0 downstream tasks scheduled from follow-on schedule check
[2022-08-03 09:28:03,770] {local_task_job.py:118} INFO - Task exited with return code 0
