[2022-08-03 05:38:00,956] {taskinstance.py:826} INFO - Dependencies all met for <TaskInstance: penjadwalan.dapat_suhu 2022-08-03T05:36:00+00:00 [queued]>
[2022-08-03 05:38:00,998] {taskinstance.py:826} INFO - Dependencies all met for <TaskInstance: penjadwalan.dapat_suhu 2022-08-03T05:36:00+00:00 [queued]>
[2022-08-03 05:38:00,999] {taskinstance.py:1017} INFO - 
--------------------------------------------------------------------------------
[2022-08-03 05:38:00,999] {taskinstance.py:1018} INFO - Starting attempt 1 of 1
[2022-08-03 05:38:01,000] {taskinstance.py:1019} INFO - 
--------------------------------------------------------------------------------
[2022-08-03 05:38:01,014] {taskinstance.py:1038} INFO - Executing <Task(PythonOperator): dapat_suhu> on 2022-08-03T05:36:00+00:00
[2022-08-03 05:38:01,022] {standard_task_runner.py:51} INFO - Started process 2467 to run task
[2022-08-03 05:38:01,027] {standard_task_runner.py:75} INFO - Running: ['airflow', 'tasks', 'run', 'penjadwalan', 'dapat_suhu', '2022-08-03T05:36:00+00:00', '--job-id', '691', '--pool', 'default_pool', '--raw', '--subdir', 'DAGS_FOLDER/penjadwalan.py', '--cfg-path', '/tmp/tmpegd3cy2e']
[2022-08-03 05:38:01,033] {standard_task_runner.py:76} INFO - Job 691: Subtask dapat_suhu
[2022-08-03 05:38:01,136] {logging_mixin.py:103} INFO - Running <TaskInstance: penjadwalan.dapat_suhu 2022-08-03T05:36:00+00:00 [running]> on host b4dcda255553
[2022-08-03 05:38:01,239] {taskinstance.py:1232} INFO - Exporting the following env vars:
AIRFLOW_CTX_DAG_OWNER=airflow
AIRFLOW_CTX_DAG_ID=penjadwalan
AIRFLOW_CTX_TASK_ID=dapat_suhu
AIRFLOW_CTX_EXECUTION_DATE=2022-08-03T05:36:00+00:00
AIRFLOW_CTX_DAG_RUN_ID=scheduled__2022-08-03T05:36:00+00:00
[2022-08-03 05:38:01,524] {logging_mixin.py:103} INFO - {'kota': 'Bali', 'cuaca': 'Clouds', 'cuaca_deskripsi': 'scattered clouds', 'temperatur': 302.69, 'waktu': '2022-08-03T05:38:01.524064'}
[2022-08-03 05:38:01,764] {logging_mixin.py:103} INFO - {'kota': 'Lombok', 'cuaca': 'Rain', 'cuaca_deskripsi': 'heavy intensity rain', 'temperatur': 297.64, 'waktu': '2022-08-03T05:38:01.764700'}
[2022-08-03 05:38:01,891] {logging_mixin.py:103} INFO - {'kota': 'Labuan Bajo', 'cuaca': 'Clouds', 'cuaca_deskripsi': 'broken clouds', 'temperatur': 300.81, 'waktu': '2022-08-03T05:38:01.891005'}
[2022-08-03 05:38:02,061] {logging_mixin.py:103} INFO - {'kota': 'Bogor', 'cuaca': 'Clouds', 'cuaca_deskripsi': 'overcast clouds', 'temperatur': 303.96, 'waktu': '2022-08-03T05:38:02.061107'}
[2022-08-03 05:38:02,250] {logging_mixin.py:103} INFO - {'kota': 'Bandung', 'cuaca': 'Clouds', 'cuaca_deskripsi': 'broken clouds', 'temperatur': 301.75, 'waktu': '2022-08-03T05:38:02.250771'}
[2022-08-03 05:38:02,251] {python.py:118} INFO - Done. Returned value was: None
[2022-08-03 05:38:03,095] {taskinstance.py:1142} INFO - Marking task as SUCCESS. dag_id=penjadwalan, task_id=dapat_suhu, execution_date=20220803T053600, start_date=20220803T053800, end_date=20220803T053803
[2022-08-03 05:38:03,603] {taskinstance.py:1195} INFO - 0 downstream tasks scheduled from follow-on schedule check
[2022-08-03 05:38:03,651] {local_task_job.py:118} INFO - Task exited with return code 0
