[2022-08-03 00:45:49,647] {taskinstance.py:826} INFO - Dependencies all met for <TaskInstance: penjadwalan.dapat_suhu 2022-08-02T19:58:00+00:00 [queued]>
[2022-08-03 00:45:49,683] {taskinstance.py:826} INFO - Dependencies all met for <TaskInstance: penjadwalan.dapat_suhu 2022-08-02T19:58:00+00:00 [queued]>
[2022-08-03 00:45:49,684] {taskinstance.py:1017} INFO - 
--------------------------------------------------------------------------------
[2022-08-03 00:45:49,684] {taskinstance.py:1018} INFO - Starting attempt 1 of 1
[2022-08-03 00:45:49,685] {taskinstance.py:1019} INFO - 
--------------------------------------------------------------------------------
[2022-08-03 00:45:49,702] {taskinstance.py:1038} INFO - Executing <Task(PythonOperator): dapat_suhu> on 2022-08-02T19:58:00+00:00
[2022-08-03 00:45:49,707] {standard_task_runner.py:51} INFO - Started process 26800 to run task
[2022-08-03 00:45:49,716] {standard_task_runner.py:75} INFO - Running: ['airflow', 'tasks', 'run', 'penjadwalan', 'dapat_suhu', '2022-08-02T19:58:00+00:00', '--job-id', '286', '--pool', 'default_pool', '--raw', '--subdir', 'DAGS_FOLDER/penjadwalan.py', '--cfg-path', '/tmp/tmppc1ronb0']
[2022-08-03 00:45:49,722] {standard_task_runner.py:76} INFO - Job 286: Subtask dapat_suhu
[2022-08-03 00:45:49,828] {logging_mixin.py:103} INFO - Running <TaskInstance: penjadwalan.dapat_suhu 2022-08-02T19:58:00+00:00 [running]> on host b4dcda255553
[2022-08-03 00:45:49,936] {taskinstance.py:1232} INFO - Exporting the following env vars:
AIRFLOW_CTX_DAG_OWNER=airflow
AIRFLOW_CTX_DAG_ID=penjadwalan
AIRFLOW_CTX_TASK_ID=dapat_suhu
AIRFLOW_CTX_EXECUTION_DATE=2022-08-02T19:58:00+00:00
AIRFLOW_CTX_DAG_RUN_ID=scheduled__2022-08-02T19:58:00+00:00
[2022-08-03 00:45:54,638] {logging_mixin.py:103} INFO - {'kota': 'Bali', 'cuaca': 'Clouds', 'cuaca_deskripsi': 'overcast clouds', 'temperatur': 298.28, 'waktu': '2022-08-03T00:45:54.638244'}
[2022-08-03 00:45:55,211] {logging_mixin.py:103} INFO - {'kota': 'Lombok', 'cuaca': 'Clouds', 'cuaca_deskripsi': 'overcast clouds', 'temperatur': 295.51, 'waktu': '2022-08-03T00:45:55.211445'}
[2022-08-03 00:45:56,037] {logging_mixin.py:103} INFO - {'kota': 'Labuan Bajo', 'cuaca': 'Clouds', 'cuaca_deskripsi': 'scattered clouds', 'temperatur': 300.93, 'waktu': '2022-08-03T00:45:56.037215'}
[2022-08-03 00:45:57,687] {logging_mixin.py:103} INFO - {'kota': 'Bogor', 'cuaca': 'Rain', 'cuaca_deskripsi': 'light rain', 'temperatur': 300.87, 'waktu': '2022-08-03T00:45:57.686843'}
[2022-08-03 00:46:00,407] {logging_mixin.py:103} INFO - {'kota': 'Bandung', 'cuaca': 'Clouds', 'cuaca_deskripsi': 'scattered clouds', 'temperatur': 296.92, 'waktu': '2022-08-03T00:46:00.406927'}
[2022-08-03 00:46:00,414] {python.py:118} INFO - Done. Returned value was: None
[2022-08-03 00:46:00,473] {taskinstance.py:1142} INFO - Marking task as SUCCESS. dag_id=penjadwalan, task_id=dapat_suhu, execution_date=20220802T195800, start_date=20220803T004549, end_date=20220803T004600
[2022-08-03 00:46:00,666] {taskinstance.py:1195} INFO - 0 downstream tasks scheduled from follow-on schedule check
[2022-08-03 00:46:00,723] {local_task_job.py:118} INFO - Task exited with return code 0
