[2022-08-03 00:46:46,396] {taskinstance.py:826} INFO - Dependencies all met for <TaskInstance: penjadwalan.dapat_suhu 2022-08-02T22:04:00+00:00 [queued]>
[2022-08-03 00:46:46,425] {taskinstance.py:826} INFO - Dependencies all met for <TaskInstance: penjadwalan.dapat_suhu 2022-08-02T22:04:00+00:00 [queued]>
[2022-08-03 00:46:46,426] {taskinstance.py:1017} INFO - 
--------------------------------------------------------------------------------
[2022-08-03 00:46:46,426] {taskinstance.py:1018} INFO - Starting attempt 1 of 1
[2022-08-03 00:46:46,427] {taskinstance.py:1019} INFO - 
--------------------------------------------------------------------------------
[2022-08-03 00:46:46,445] {taskinstance.py:1038} INFO - Executing <Task(PythonOperator): dapat_suhu> on 2022-08-02T22:04:00+00:00
[2022-08-03 00:46:46,451] {standard_task_runner.py:51} INFO - Started process 29451 to run task
[2022-08-03 00:46:46,456] {standard_task_runner.py:75} INFO - Running: ['airflow', 'tasks', 'run', 'penjadwalan', 'dapat_suhu', '2022-08-02T22:04:00+00:00', '--job-id', '349', '--pool', 'default_pool', '--raw', '--subdir', 'DAGS_FOLDER/penjadwalan.py', '--cfg-path', '/tmp/tmpmt0ifcso']
[2022-08-03 00:46:46,459] {standard_task_runner.py:76} INFO - Job 349: Subtask dapat_suhu
[2022-08-03 00:46:46,534] {logging_mixin.py:103} INFO - Running <TaskInstance: penjadwalan.dapat_suhu 2022-08-02T22:04:00+00:00 [running]> on host b4dcda255553
[2022-08-03 00:46:46,603] {taskinstance.py:1232} INFO - Exporting the following env vars:
AIRFLOW_CTX_DAG_OWNER=airflow
AIRFLOW_CTX_DAG_ID=penjadwalan
AIRFLOW_CTX_TASK_ID=dapat_suhu
AIRFLOW_CTX_EXECUTION_DATE=2022-08-02T22:04:00+00:00
AIRFLOW_CTX_DAG_RUN_ID=scheduled__2022-08-02T22:04:00+00:00
[2022-08-03 00:46:52,406] {logging_mixin.py:103} INFO - {'kota': 'Bali', 'cuaca': 'Clouds', 'cuaca_deskripsi': 'overcast clouds', 'temperatur': 298.28, 'waktu': '2022-08-03T00:46:52.406160'}
[2022-08-03 00:46:52,748] {logging_mixin.py:103} INFO - {'kota': 'Lombok', 'cuaca': 'Clouds', 'cuaca_deskripsi': 'overcast clouds', 'temperatur': 295.51, 'waktu': '2022-08-03T00:46:52.747717'}
[2022-08-03 00:46:53,101] {logging_mixin.py:103} INFO - {'kota': 'Labuan Bajo', 'cuaca': 'Clouds', 'cuaca_deskripsi': 'scattered clouds', 'temperatur': 300.93, 'waktu': '2022-08-03T00:46:53.101213'}
[2022-08-03 00:46:53,604] {logging_mixin.py:103} INFO - {'kota': 'Bogor', 'cuaca': 'Rain', 'cuaca_deskripsi': 'light rain', 'temperatur': 300.87, 'waktu': '2022-08-03T00:46:53.604622'}
[2022-08-03 00:46:53,859] {logging_mixin.py:103} INFO - {'kota': 'Bandung', 'cuaca': 'Clouds', 'cuaca_deskripsi': 'scattered clouds', 'temperatur': 296.92, 'waktu': '2022-08-03T00:46:53.858934'}
[2022-08-03 00:46:53,861] {python.py:118} INFO - Done. Returned value was: None
[2022-08-03 00:46:53,957] {taskinstance.py:1142} INFO - Marking task as SUCCESS. dag_id=penjadwalan, task_id=dapat_suhu, execution_date=20220802T220400, start_date=20220803T004646, end_date=20220803T004653
[2022-08-03 00:46:54,411] {taskinstance.py:1195} INFO - 0 downstream tasks scheduled from follow-on schedule check
[2022-08-03 00:46:54,440] {local_task_job.py:118} INFO - Task exited with return code 0
