[2022-08-03 03:00:10,047] {taskinstance.py:826} INFO - Dependencies all met for <TaskInstance: my_simple_dag.respond 2022-08-03T02:50:00+00:00 [queued]>
[2022-08-03 03:00:10,077] {taskinstance.py:826} INFO - Dependencies all met for <TaskInstance: my_simple_dag.respond 2022-08-03T02:50:00+00:00 [queued]>
[2022-08-03 03:00:10,078] {taskinstance.py:1017} INFO - 
--------------------------------------------------------------------------------
[2022-08-03 03:00:10,078] {taskinstance.py:1018} INFO - Starting attempt 1 of 1
[2022-08-03 03:00:10,079] {taskinstance.py:1019} INFO - 
--------------------------------------------------------------------------------
[2022-08-03 03:00:10,102] {taskinstance.py:1038} INFO - Executing <Task(PythonOperator): respond> on 2022-08-03T02:50:00+00:00
[2022-08-03 03:00:10,115] {standard_task_runner.py:51} INFO - Started process 17514 to run task
[2022-08-03 03:00:10,120] {standard_task_runner.py:75} INFO - Running: ['airflow', 'tasks', 'run', 'my_simple_dag', 'respond', '2022-08-03T02:50:00+00:00', '--job-id', '552', '--pool', 'default_pool', '--raw', '--subdir', 'DAGS_FOLDER/my_simple_dag.py', '--cfg-path', '/tmp/tmpjg8n_mk5']
[2022-08-03 03:00:10,124] {standard_task_runner.py:76} INFO - Job 552: Subtask respond
[2022-08-03 03:00:10,197] {logging_mixin.py:103} INFO - Running <TaskInstance: my_simple_dag.respond 2022-08-03T02:50:00+00:00 [running]> on host b4dcda255553
[2022-08-03 03:00:10,275] {taskinstance.py:1232} INFO - Exporting the following env vars:
AIRFLOW_CTX_DAG_OWNER=airflow
AIRFLOW_CTX_DAG_ID=my_simple_dag
AIRFLOW_CTX_TASK_ID=respond
AIRFLOW_CTX_EXECUTION_DATE=2022-08-03T02:50:00+00:00
AIRFLOW_CTX_DAG_RUN_ID=scheduled__2022-08-03T02:50:00+00:00
[2022-08-03 03:00:10,276] {python.py:118} INFO - Done. Returned value was: Greet Responded Again
[2022-08-03 03:00:10,323] {taskinstance.py:1142} INFO - Marking task as SUCCESS. dag_id=my_simple_dag, task_id=respond, execution_date=20220803T025000, start_date=20220803T030010, end_date=20220803T030010
[2022-08-03 03:00:10,380] {taskinstance.py:1195} INFO - 0 downstream tasks scheduled from follow-on schedule check
[2022-08-03 03:00:10,414] {local_task_job.py:118} INFO - Task exited with return code 0
