[2022-08-03 01:02:01,221] {taskinstance.py:826} INFO - Dependencies all met for <TaskInstance: penjadwalan.dapat_suhu 2022-08-03T01:00:00+00:00 [queued]>
[2022-08-03 01:02:01,261] {taskinstance.py:826} INFO - Dependencies all met for <TaskInstance: penjadwalan.dapat_suhu 2022-08-03T01:00:00+00:00 [queued]>
[2022-08-03 01:02:01,263] {taskinstance.py:1017} INFO - 
--------------------------------------------------------------------------------
[2022-08-03 01:02:01,265] {taskinstance.py:1018} INFO - Starting attempt 1 of 1
[2022-08-03 01:02:01,265] {taskinstance.py:1019} INFO - 
--------------------------------------------------------------------------------
[2022-08-03 01:02:01,290] {taskinstance.py:1038} INFO - Executing <Task(PythonOperator): dapat_suhu> on 2022-08-03T01:00:00+00:00
[2022-08-03 01:02:01,296] {standard_task_runner.py:51} INFO - Started process 11748 to run task
[2022-08-03 01:02:01,305] {standard_task_runner.py:75} INFO - Running: ['airflow', 'tasks', 'run', 'penjadwalan', 'dapat_suhu', '2022-08-03T01:00:00+00:00', '--job-id', '445', '--pool', 'default_pool', '--raw', '--subdir', 'DAGS_FOLDER/penjadwalan.py', '--cfg-path', '/tmp/tmpqvlkxai2']
[2022-08-03 01:02:01,310] {standard_task_runner.py:76} INFO - Job 445: Subtask dapat_suhu
[2022-08-03 01:02:01,444] {logging_mixin.py:103} INFO - Running <TaskInstance: penjadwalan.dapat_suhu 2022-08-03T01:00:00+00:00 [running]> on host b4dcda255553
[2022-08-03 01:02:01,572] {taskinstance.py:1232} INFO - Exporting the following env vars:
AIRFLOW_CTX_DAG_OWNER=airflow
AIRFLOW_CTX_DAG_ID=penjadwalan
AIRFLOW_CTX_TASK_ID=dapat_suhu
AIRFLOW_CTX_EXECUTION_DATE=2022-08-03T01:00:00+00:00
AIRFLOW_CTX_DAG_RUN_ID=scheduled__2022-08-03T01:00:00+00:00
[2022-08-03 01:02:03,518] {logging_mixin.py:103} INFO - {'kota': 'Bali', 'cuaca': 'Clouds', 'cuaca_deskripsi': 'overcast clouds', 'temperatur': 298.28, 'waktu': '2022-08-03T01:02:03.518614'}
[2022-08-03 01:02:03,807] {logging_mixin.py:103} INFO - {'kota': 'Lombok', 'cuaca': 'Clouds', 'cuaca_deskripsi': 'overcast clouds', 'temperatur': 295.51, 'waktu': '2022-08-03T01:02:03.807465'}
[2022-08-03 01:02:05,813] {logging_mixin.py:103} INFO - {'kota': 'Labuan Bajo', 'cuaca': 'Clouds', 'cuaca_deskripsi': 'scattered clouds', 'temperatur': 300.93, 'waktu': '2022-08-03T01:02:05.813660'}
[2022-08-03 01:02:08,032] {logging_mixin.py:103} INFO - {'kota': 'Bogor', 'cuaca': 'Rain', 'cuaca_deskripsi': 'light rain', 'temperatur': 296.32, 'waktu': '2022-08-03T01:02:08.032008'}
[2022-08-03 01:02:08,302] {logging_mixin.py:103} INFO - {'kota': 'Bandung', 'cuaca': 'Clouds', 'cuaca_deskripsi': 'scattered clouds', 'temperatur': 296.92, 'waktu': '2022-08-03T01:02:08.302823'}
[2022-08-03 01:02:08,303] {python.py:118} INFO - Done. Returned value was: None
[2022-08-03 01:02:08,324] {taskinstance.py:1142} INFO - Marking task as SUCCESS. dag_id=penjadwalan, task_id=dapat_suhu, execution_date=20220803T010000, start_date=20220803T010201, end_date=20220803T010208
[2022-08-03 01:02:08,373] {taskinstance.py:1195} INFO - 0 downstream tasks scheduled from follow-on schedule check
[2022-08-03 01:02:08,406] {local_task_job.py:118} INFO - Task exited with return code 0
