[2022-08-03 00:48:18,142] {taskinstance.py:826} INFO - Dependencies all met for <TaskInstance: penjadwalan.dapat_suhu 2022-08-03T00:16:00+00:00 [queued]>
[2022-08-03 00:48:18,178] {taskinstance.py:826} INFO - Dependencies all met for <TaskInstance: penjadwalan.dapat_suhu 2022-08-03T00:16:00+00:00 [queued]>
[2022-08-03 00:48:18,179] {taskinstance.py:1017} INFO - 
--------------------------------------------------------------------------------
[2022-08-03 00:48:18,179] {taskinstance.py:1018} INFO - Starting attempt 1 of 1
[2022-08-03 00:48:18,180] {taskinstance.py:1019} INFO - 
--------------------------------------------------------------------------------
[2022-08-03 00:48:18,200] {taskinstance.py:1038} INFO - Executing <Task(PythonOperator): dapat_suhu> on 2022-08-03T00:16:00+00:00
[2022-08-03 00:48:18,207] {standard_task_runner.py:51} INFO - Started process 679 to run task
[2022-08-03 00:48:18,225] {standard_task_runner.py:75} INFO - Running: ['airflow', 'tasks', 'run', 'penjadwalan', 'dapat_suhu', '2022-08-03T00:16:00+00:00', '--job-id', '415', '--pool', 'default_pool', '--raw', '--subdir', 'DAGS_FOLDER/penjadwalan.py', '--cfg-path', '/tmp/tmpm0kl_o7o']
[2022-08-03 00:48:18,229] {standard_task_runner.py:76} INFO - Job 415: Subtask dapat_suhu
[2022-08-03 00:48:18,331] {logging_mixin.py:103} INFO - Running <TaskInstance: penjadwalan.dapat_suhu 2022-08-03T00:16:00+00:00 [running]> on host b4dcda255553
[2022-08-03 00:48:18,483] {taskinstance.py:1232} INFO - Exporting the following env vars:
AIRFLOW_CTX_DAG_OWNER=airflow
AIRFLOW_CTX_DAG_ID=penjadwalan
AIRFLOW_CTX_TASK_ID=dapat_suhu
AIRFLOW_CTX_EXECUTION_DATE=2022-08-03T00:16:00+00:00
AIRFLOW_CTX_DAG_RUN_ID=scheduled__2022-08-03T00:16:00+00:00
[2022-08-03 00:48:19,531] {logging_mixin.py:103} INFO - {'kota': 'Bali', 'cuaca': 'Clouds', 'cuaca_deskripsi': 'overcast clouds', 'temperatur': 298.28, 'waktu': '2022-08-03T00:48:19.531038'}
[2022-08-03 00:48:19,922] {logging_mixin.py:103} INFO - {'kota': 'Lombok', 'cuaca': 'Clouds', 'cuaca_deskripsi': 'overcast clouds', 'temperatur': 295.51, 'waktu': '2022-08-03T00:48:19.922367'}
[2022-08-03 00:48:20,251] {logging_mixin.py:103} INFO - {'kota': 'Labuan Bajo', 'cuaca': 'Clouds', 'cuaca_deskripsi': 'scattered clouds', 'temperatur': 300.93, 'waktu': '2022-08-03T00:48:20.251597'}
[2022-08-03 00:48:20,901] {logging_mixin.py:103} INFO - {'kota': 'Bogor', 'cuaca': 'Rain', 'cuaca_deskripsi': 'light rain', 'temperatur': 300.87, 'waktu': '2022-08-03T00:48:20.901566'}
[2022-08-03 00:48:22,671] {logging_mixin.py:103} INFO - {'kota': 'Bandung', 'cuaca': 'Clouds', 'cuaca_deskripsi': 'scattered clouds', 'temperatur': 296.92, 'waktu': '2022-08-03T00:48:22.671146'}
[2022-08-03 00:48:22,671] {python.py:118} INFO - Done. Returned value was: None
[2022-08-03 00:48:22,725] {taskinstance.py:1142} INFO - Marking task as SUCCESS. dag_id=penjadwalan, task_id=dapat_suhu, execution_date=20220803T001600, start_date=20220803T004818, end_date=20220803T004822
[2022-08-03 00:48:22,892] {taskinstance.py:1195} INFO - 0 downstream tasks scheduled from follow-on schedule check
[2022-08-03 00:48:22,968] {local_task_job.py:118} INFO - Task exited with return code 0
