[2022-08-03 08:24:00,497] {taskinstance.py:826} INFO - Dependencies all met for <TaskInstance: penjadwalan.dapat_suhu 2022-08-03T08:22:00+00:00 [queued]>
[2022-08-03 08:24:00,525] {taskinstance.py:826} INFO - Dependencies all met for <TaskInstance: penjadwalan.dapat_suhu 2022-08-03T08:22:00+00:00 [queued]>
[2022-08-03 08:24:00,526] {taskinstance.py:1017} INFO - 
--------------------------------------------------------------------------------
[2022-08-03 08:24:00,526] {taskinstance.py:1018} INFO - Starting attempt 1 of 1
[2022-08-03 08:24:00,527] {taskinstance.py:1019} INFO - 
--------------------------------------------------------------------------------
[2022-08-03 08:24:00,542] {taskinstance.py:1038} INFO - Executing <Task(PythonOperator): dapat_suhu> on 2022-08-03T08:22:00+00:00
[2022-08-03 08:24:00,546] {standard_task_runner.py:51} INFO - Started process 11460 to run task
[2022-08-03 08:24:00,554] {standard_task_runner.py:75} INFO - Running: ['airflow', 'tasks', 'run', 'penjadwalan', 'dapat_suhu', '2022-08-03T08:22:00+00:00', '--job-id', '874', '--pool', 'default_pool', '--raw', '--subdir', 'DAGS_FOLDER/penjadwalan.py', '--cfg-path', '/tmp/tmp577zpa7q']
[2022-08-03 08:24:00,558] {standard_task_runner.py:76} INFO - Job 874: Subtask dapat_suhu
[2022-08-03 08:24:00,638] {logging_mixin.py:103} INFO - Running <TaskInstance: penjadwalan.dapat_suhu 2022-08-03T08:22:00+00:00 [running]> on host b4dcda255553
[2022-08-03 08:24:00,723] {taskinstance.py:1232} INFO - Exporting the following env vars:
AIRFLOW_CTX_DAG_OWNER=airflow
AIRFLOW_CTX_DAG_ID=penjadwalan
AIRFLOW_CTX_TASK_ID=dapat_suhu
AIRFLOW_CTX_EXECUTION_DATE=2022-08-03T08:22:00+00:00
AIRFLOW_CTX_DAG_RUN_ID=scheduled__2022-08-03T08:22:00+00:00
[2022-08-03 08:24:00,856] {logging_mixin.py:103} INFO - {'kota': 'Bali', 'cuaca': 'Clouds', 'cuaca_deskripsi': 'broken clouds', 'temperatur': 301.61, 'waktu': '2022-08-03T08:24:00.856171'}
[2022-08-03 08:24:00,965] {logging_mixin.py:103} INFO - {'kota': 'Lombok', 'cuaca': 'Rain', 'cuaca_deskripsi': 'moderate rain', 'temperatur': 296.95, 'waktu': '2022-08-03T08:24:00.965648'}
[2022-08-03 08:24:01,075] {logging_mixin.py:103} INFO - {'kota': 'Labuan Bajo', 'cuaca': 'Clouds', 'cuaca_deskripsi': 'overcast clouds', 'temperatur': 300.58, 'waktu': '2022-08-03T08:24:01.075704'}
[2022-08-03 08:24:01,186] {logging_mixin.py:103} INFO - {'kota': 'Bogor', 'cuaca': 'Clouds', 'cuaca_deskripsi': 'overcast clouds', 'temperatur': 303.65, 'waktu': '2022-08-03T08:24:01.186433'}
[2022-08-03 08:24:01,288] {logging_mixin.py:103} INFO - {'kota': 'Bandung', 'cuaca': 'Clouds', 'cuaca_deskripsi': 'overcast clouds', 'temperatur': 298.69, 'waktu': '2022-08-03T08:24:01.287799'}
[2022-08-03 08:24:01,288] {python.py:118} INFO - Done. Returned value was: None
[2022-08-03 08:24:01,326] {taskinstance.py:1142} INFO - Marking task as SUCCESS. dag_id=penjadwalan, task_id=dapat_suhu, execution_date=20220803T082200, start_date=20220803T082400, end_date=20220803T082401
[2022-08-03 08:24:01,378] {taskinstance.py:1195} INFO - 0 downstream tasks scheduled from follow-on schedule check
[2022-08-03 08:24:01,406] {local_task_job.py:118} INFO - Task exited with return code 0
