[2022-08-03 06:54:00,532] {taskinstance.py:826} INFO - Dependencies all met for <TaskInstance: penjadwalan.dapat_suhu 2022-08-03T06:52:00+00:00 [queued]>
[2022-08-03 06:54:00,559] {taskinstance.py:826} INFO - Dependencies all met for <TaskInstance: penjadwalan.dapat_suhu 2022-08-03T06:52:00+00:00 [queued]>
[2022-08-03 06:54:00,560] {taskinstance.py:1017} INFO - 
--------------------------------------------------------------------------------
[2022-08-03 06:54:00,561] {taskinstance.py:1018} INFO - Starting attempt 1 of 1
[2022-08-03 06:54:00,561] {taskinstance.py:1019} INFO - 
--------------------------------------------------------------------------------
[2022-08-03 06:54:00,583] {taskinstance.py:1038} INFO - Executing <Task(PythonOperator): dapat_suhu> on 2022-08-03T06:52:00+00:00
[2022-08-03 06:54:00,587] {standard_task_runner.py:51} INFO - Started process 768 to run task
[2022-08-03 06:54:00,593] {standard_task_runner.py:75} INFO - Running: ['airflow', 'tasks', 'run', 'penjadwalan', 'dapat_suhu', '2022-08-03T06:52:00+00:00', '--job-id', '793', '--pool', 'default_pool', '--raw', '--subdir', 'DAGS_FOLDER/penjadwalan.py', '--cfg-path', '/tmp/tmpqkogdluv']
[2022-08-03 06:54:00,598] {standard_task_runner.py:76} INFO - Job 793: Subtask dapat_suhu
[2022-08-03 06:54:00,695] {logging_mixin.py:103} INFO - Running <TaskInstance: penjadwalan.dapat_suhu 2022-08-03T06:52:00+00:00 [running]> on host b4dcda255553
[2022-08-03 06:54:00,789] {taskinstance.py:1232} INFO - Exporting the following env vars:
AIRFLOW_CTX_DAG_OWNER=airflow
AIRFLOW_CTX_DAG_ID=penjadwalan
AIRFLOW_CTX_TASK_ID=dapat_suhu
AIRFLOW_CTX_EXECUTION_DATE=2022-08-03T06:52:00+00:00
AIRFLOW_CTX_DAG_RUN_ID=scheduled__2022-08-03T06:52:00+00:00
[2022-08-03 06:54:00,990] {logging_mixin.py:103} INFO - {'kota': 'Bali', 'cuaca': 'Clouds', 'cuaca_deskripsi': 'broken clouds', 'temperatur': 302.69, 'waktu': '2022-08-03T06:54:00.990768'}
[2022-08-03 06:54:01,114] {logging_mixin.py:103} INFO - {'kota': 'Lombok', 'cuaca': 'Rain', 'cuaca_deskripsi': 'heavy intensity rain', 'temperatur': 297.58, 'waktu': '2022-08-03T06:54:01.114111'}
[2022-08-03 06:54:01,223] {logging_mixin.py:103} INFO - {'kota': 'Labuan Bajo', 'cuaca': 'Clouds', 'cuaca_deskripsi': 'overcast clouds', 'temperatur': 300.69, 'waktu': '2022-08-03T06:54:01.223561'}
[2022-08-03 06:54:01,330] {logging_mixin.py:103} INFO - {'kota': 'Bogor', 'cuaca': 'Clouds', 'cuaca_deskripsi': 'overcast clouds', 'temperatur': 305.31, 'waktu': '2022-08-03T06:54:01.330144'}
[2022-08-03 06:54:01,494] {logging_mixin.py:103} INFO - {'kota': 'Bandung', 'cuaca': 'Clouds', 'cuaca_deskripsi': 'overcast clouds', 'temperatur': 301.31, 'waktu': '2022-08-03T06:54:01.493785'}
[2022-08-03 06:54:01,494] {python.py:118} INFO - Done. Returned value was: None
[2022-08-03 06:54:01,531] {taskinstance.py:1142} INFO - Marking task as SUCCESS. dag_id=penjadwalan, task_id=dapat_suhu, execution_date=20220803T065200, start_date=20220803T065400, end_date=20220803T065401
[2022-08-03 06:54:01,587] {taskinstance.py:1195} INFO - 0 downstream tasks scheduled from follow-on schedule check
[2022-08-03 06:54:01,609] {local_task_job.py:118} INFO - Task exited with return code 0
