[2022-08-03 05:42:03,642] {taskinstance.py:826} INFO - Dependencies all met for <TaskInstance: penjadwalan.dapat_suhu 2022-08-03T05:40:00+00:00 [queued]>
[2022-08-03 05:42:03,672] {taskinstance.py:826} INFO - Dependencies all met for <TaskInstance: penjadwalan.dapat_suhu 2022-08-03T05:40:00+00:00 [queued]>
[2022-08-03 05:42:03,673] {taskinstance.py:1017} INFO - 
--------------------------------------------------------------------------------
[2022-08-03 05:42:03,673] {taskinstance.py:1018} INFO - Starting attempt 1 of 1
[2022-08-03 05:42:03,676] {taskinstance.py:1019} INFO - 
--------------------------------------------------------------------------------
[2022-08-03 05:42:03,695] {taskinstance.py:1038} INFO - Executing <Task(PythonOperator): dapat_suhu> on 2022-08-03T05:40:00+00:00
[2022-08-03 05:42:03,702] {standard_task_runner.py:51} INFO - Started process 14141 to run task
[2022-08-03 05:42:03,711] {standard_task_runner.py:75} INFO - Running: ['airflow', 'tasks', 'run', 'penjadwalan', 'dapat_suhu', '2022-08-03T05:40:00+00:00', '--job-id', '697', '--pool', 'default_pool', '--raw', '--subdir', 'DAGS_FOLDER/penjadwalan.py', '--cfg-path', '/tmp/tmp66zuvub4']
[2022-08-03 05:42:03,717] {standard_task_runner.py:76} INFO - Job 697: Subtask dapat_suhu
[2022-08-03 05:42:03,822] {logging_mixin.py:103} INFO - Running <TaskInstance: penjadwalan.dapat_suhu 2022-08-03T05:40:00+00:00 [running]> on host b4dcda255553
[2022-08-03 05:42:03,907] {taskinstance.py:1232} INFO - Exporting the following env vars:
AIRFLOW_CTX_DAG_OWNER=airflow
AIRFLOW_CTX_DAG_ID=penjadwalan
AIRFLOW_CTX_TASK_ID=dapat_suhu
AIRFLOW_CTX_EXECUTION_DATE=2022-08-03T05:40:00+00:00
AIRFLOW_CTX_DAG_RUN_ID=scheduled__2022-08-03T05:40:00+00:00
[2022-08-03 05:42:04,121] {logging_mixin.py:103} INFO - {'kota': 'Bali', 'cuaca': 'Clouds', 'cuaca_deskripsi': 'scattered clouds', 'temperatur': 302.69, 'waktu': '2022-08-03T05:42:04.120860'}
[2022-08-03 05:42:04,366] {logging_mixin.py:103} INFO - {'kota': 'Lombok', 'cuaca': 'Rain', 'cuaca_deskripsi': 'moderate rain', 'temperatur': 297.64, 'waktu': '2022-08-03T05:42:04.366160'}
[2022-08-03 05:42:04,607] {logging_mixin.py:103} INFO - {'kota': 'Labuan Bajo', 'cuaca': 'Clouds', 'cuaca_deskripsi': 'broken clouds', 'temperatur': 300.81, 'waktu': '2022-08-03T05:42:04.607124'}
[2022-08-03 05:42:04,743] {logging_mixin.py:103} INFO - {'kota': 'Bogor', 'cuaca': 'Clouds', 'cuaca_deskripsi': 'overcast clouds', 'temperatur': 303.96, 'waktu': '2022-08-03T05:42:04.743072'}
[2022-08-03 05:42:04,846] {logging_mixin.py:103} INFO - {'kota': 'Bandung', 'cuaca': 'Clouds', 'cuaca_deskripsi': 'broken clouds', 'temperatur': 301.75, 'waktu': '2022-08-03T05:42:04.845964'}
[2022-08-03 05:42:04,846] {python.py:118} INFO - Done. Returned value was: None
[2022-08-03 05:42:05,007] {taskinstance.py:1142} INFO - Marking task as SUCCESS. dag_id=penjadwalan, task_id=dapat_suhu, execution_date=20220803T054000, start_date=20220803T054203, end_date=20220803T054205
[2022-08-03 05:42:05,093] {taskinstance.py:1195} INFO - 0 downstream tasks scheduled from follow-on schedule check
[2022-08-03 05:42:05,126] {local_task_job.py:118} INFO - Task exited with return code 0
