[2022-08-02 13:21:04,952] {taskinstance.py:826} INFO - Dependencies all met for <TaskInstance: my_simple_dag.respond 2022-08-02T13:10:00+00:00 [queued]>
[2022-08-02 13:21:04,984] {taskinstance.py:826} INFO - Dependencies all met for <TaskInstance: my_simple_dag.respond 2022-08-02T13:10:00+00:00 [queued]>
[2022-08-02 13:21:04,984] {taskinstance.py:1017} INFO - 
--------------------------------------------------------------------------------
[2022-08-02 13:21:04,985] {taskinstance.py:1018} INFO - Starting attempt 1 of 1
[2022-08-02 13:21:04,985] {taskinstance.py:1019} INFO - 
--------------------------------------------------------------------------------
[2022-08-02 13:21:05,006] {taskinstance.py:1038} INFO - Executing <Task(PythonOperator): respond> on 2022-08-02T13:10:00+00:00
[2022-08-02 13:21:05,012] {standard_task_runner.py:51} INFO - Started process 1697 to run task
[2022-08-02 13:21:05,019] {standard_task_runner.py:75} INFO - Running: ['airflow', 'tasks', 'run', 'my_simple_dag', 'respond', '2022-08-02T13:10:00+00:00', '--job-id', '6', '--pool', 'default_pool', '--raw', '--subdir', 'DAGS_FOLDER/my_simple_dag.py', '--cfg-path', '/tmp/tmpvsj1g_q5']
[2022-08-02 13:21:05,023] {standard_task_runner.py:76} INFO - Job 6: Subtask respond
[2022-08-02 13:21:05,107] {logging_mixin.py:103} INFO - Running <TaskInstance: my_simple_dag.respond 2022-08-02T13:10:00+00:00 [running]> on host 86695ca91b02
[2022-08-02 13:21:05,198] {taskinstance.py:1232} INFO - Exporting the following env vars:
AIRFLOW_CTX_DAG_OWNER=airflow
AIRFLOW_CTX_DAG_ID=my_simple_dag
AIRFLOW_CTX_TASK_ID=respond
AIRFLOW_CTX_EXECUTION_DATE=2022-08-02T13:10:00+00:00
AIRFLOW_CTX_DAG_RUN_ID=scheduled__2022-08-02T13:10:00+00:00
[2022-08-02 13:21:05,199] {python.py:118} INFO - Done. Returned value was: Greet Responded Again
[2022-08-02 13:21:05,244] {taskinstance.py:1142} INFO - Marking task as SUCCESS. dag_id=my_simple_dag, task_id=respond, execution_date=20220802T131000, start_date=20220802T132104, end_date=20220802T132105
[2022-08-02 13:21:05,289] {taskinstance.py:1195} INFO - 0 downstream tasks scheduled from follow-on schedule check
[2022-08-02 13:21:05,310] {local_task_job.py:118} INFO - Task exited with return code 0
