[2022-08-03 01:56:01,284] {taskinstance.py:826} INFO - Dependencies all met for <TaskInstance: penjadwalan.dapat_suhu 2022-08-03T01:54:00+00:00 [queued]>
[2022-08-03 01:56:01,315] {taskinstance.py:826} INFO - Dependencies all met for <TaskInstance: penjadwalan.dapat_suhu 2022-08-03T01:54:00+00:00 [queued]>
[2022-08-03 01:56:01,316] {taskinstance.py:1017} INFO - 
--------------------------------------------------------------------------------
[2022-08-03 01:56:01,316] {taskinstance.py:1018} INFO - Starting attempt 1 of 1
[2022-08-03 01:56:01,317] {taskinstance.py:1019} INFO - 
--------------------------------------------------------------------------------
[2022-08-03 01:56:01,332] {taskinstance.py:1038} INFO - Executing <Task(PythonOperator): dapat_suhu> on 2022-08-03T01:54:00+00:00
[2022-08-03 01:56:01,337] {standard_task_runner.py:51} INFO - Started process 9339 to run task
[2022-08-03 01:56:01,344] {standard_task_runner.py:75} INFO - Running: ['airflow', 'tasks', 'run', 'penjadwalan', 'dapat_suhu', '2022-08-03T01:54:00+00:00', '--job-id', '492', '--pool', 'default_pool', '--raw', '--subdir', 'DAGS_FOLDER/penjadwalan.py', '--cfg-path', '/tmp/tmpf6ws1dg2']
[2022-08-03 01:56:01,348] {standard_task_runner.py:76} INFO - Job 492: Subtask dapat_suhu
[2022-08-03 01:56:01,436] {logging_mixin.py:103} INFO - Running <TaskInstance: penjadwalan.dapat_suhu 2022-08-03T01:54:00+00:00 [running]> on host b4dcda255553
[2022-08-03 01:56:01,523] {taskinstance.py:1232} INFO - Exporting the following env vars:
AIRFLOW_CTX_DAG_OWNER=airflow
AIRFLOW_CTX_DAG_ID=penjadwalan
AIRFLOW_CTX_TASK_ID=dapat_suhu
AIRFLOW_CTX_EXECUTION_DATE=2022-08-03T01:54:00+00:00
AIRFLOW_CTX_DAG_RUN_ID=scheduled__2022-08-03T01:54:00+00:00
[2022-08-03 01:56:02,086] {logging_mixin.py:103} INFO - {'kota': 'Bali', 'cuaca': 'Clouds', 'cuaca_deskripsi': 'broken clouds', 'temperatur': 298.28, 'waktu': '2022-08-03T01:56:02.086148'}
[2022-08-03 01:56:02,877] {logging_mixin.py:103} INFO - {'kota': 'Lombok', 'cuaca': 'Clouds', 'cuaca_deskripsi': 'overcast clouds', 'temperatur': 295.93, 'waktu': '2022-08-03T01:56:02.876942'}
[2022-08-03 01:56:03,300] {logging_mixin.py:103} INFO - {'kota': 'Labuan Bajo', 'cuaca': 'Clouds', 'cuaca_deskripsi': 'broken clouds', 'temperatur': 301.94, 'waktu': '2022-08-03T01:56:03.300763'}
[2022-08-03 01:56:03,557] {logging_mixin.py:103} INFO - {'kota': 'Bogor', 'cuaca': 'Clouds', 'cuaca_deskripsi': 'overcast clouds', 'temperatur': 299.37, 'waktu': '2022-08-03T01:56:03.557740'}
[2022-08-03 01:56:03,919] {logging_mixin.py:103} INFO - {'kota': 'Bandung', 'cuaca': 'Clouds', 'cuaca_deskripsi': 'scattered clouds', 'temperatur': 299.15, 'waktu': '2022-08-03T01:56:03.919668'}
[2022-08-03 01:56:03,920] {python.py:118} INFO - Done. Returned value was: None
[2022-08-03 01:56:03,938] {taskinstance.py:1142} INFO - Marking task as SUCCESS. dag_id=penjadwalan, task_id=dapat_suhu, execution_date=20220803T015400, start_date=20220803T015601, end_date=20220803T015603
[2022-08-03 01:56:03,983] {taskinstance.py:1195} INFO - 0 downstream tasks scheduled from follow-on schedule check
[2022-08-03 01:56:04,003] {local_task_job.py:118} INFO - Task exited with return code 0
