[2022-08-03 08:06:01,997] {taskinstance.py:826} INFO - Dependencies all met for <TaskInstance: penjadwalan.dapat_suhu 2022-08-03T08:04:00+00:00 [queued]>
[2022-08-03 08:06:02,024] {taskinstance.py:826} INFO - Dependencies all met for <TaskInstance: penjadwalan.dapat_suhu 2022-08-03T08:04:00+00:00 [queued]>
[2022-08-03 08:06:02,025] {taskinstance.py:1017} INFO - 
--------------------------------------------------------------------------------
[2022-08-03 08:06:02,026] {taskinstance.py:1018} INFO - Starting attempt 1 of 1
[2022-08-03 08:06:02,027] {taskinstance.py:1019} INFO - 
--------------------------------------------------------------------------------
[2022-08-03 08:06:02,046] {taskinstance.py:1038} INFO - Executing <Task(PythonOperator): dapat_suhu> on 2022-08-03T08:04:00+00:00
[2022-08-03 08:06:02,050] {standard_task_runner.py:51} INFO - Started process 8872 to run task
[2022-08-03 08:06:02,059] {standard_task_runner.py:75} INFO - Running: ['airflow', 'tasks', 'run', 'penjadwalan', 'dapat_suhu', '2022-08-03T08:04:00+00:00', '--job-id', '857', '--pool', 'default_pool', '--raw', '--subdir', 'DAGS_FOLDER/penjadwalan.py', '--cfg-path', '/tmp/tmplqf74u1e']
[2022-08-03 08:06:02,067] {standard_task_runner.py:76} INFO - Job 857: Subtask dapat_suhu
[2022-08-03 08:06:02,150] {logging_mixin.py:103} INFO - Running <TaskInstance: penjadwalan.dapat_suhu 2022-08-03T08:04:00+00:00 [running]> on host b4dcda255553
[2022-08-03 08:06:02,263] {taskinstance.py:1232} INFO - Exporting the following env vars:
AIRFLOW_CTX_DAG_OWNER=airflow
AIRFLOW_CTX_DAG_ID=penjadwalan
AIRFLOW_CTX_TASK_ID=dapat_suhu
AIRFLOW_CTX_EXECUTION_DATE=2022-08-03T08:04:00+00:00
AIRFLOW_CTX_DAG_RUN_ID=scheduled__2022-08-03T08:04:00+00:00
[2022-08-03 08:06:02,395] {logging_mixin.py:103} INFO - {'kota': 'Bali', 'cuaca': 'Clouds', 'cuaca_deskripsi': 'broken clouds', 'temperatur': 301.61, 'waktu': '2022-08-03T08:06:02.395472'}
[2022-08-03 08:06:02,514] {logging_mixin.py:103} INFO - {'kota': 'Lombok', 'cuaca': 'Rain', 'cuaca_deskripsi': 'moderate rain', 'temperatur': 296.95, 'waktu': '2022-08-03T08:06:02.514648'}
[2022-08-03 08:06:03,000] {logging_mixin.py:103} INFO - {'kota': 'Labuan Bajo', 'cuaca': 'Clouds', 'cuaca_deskripsi': 'overcast clouds', 'temperatur': 300.58, 'waktu': '2022-08-03T08:06:03.000340'}
[2022-08-03 08:06:03,117] {logging_mixin.py:103} INFO - {'kota': 'Bogor', 'cuaca': 'Clouds', 'cuaca_deskripsi': 'overcast clouds', 'temperatur': 304.2, 'waktu': '2022-08-03T08:06:03.117424'}
[2022-08-03 08:06:03,332] {logging_mixin.py:103} INFO - {'kota': 'Bandung', 'cuaca': 'Clouds', 'cuaca_deskripsi': 'overcast clouds', 'temperatur': 298.69, 'waktu': '2022-08-03T08:06:03.332410'}
[2022-08-03 08:06:03,333] {python.py:118} INFO - Done. Returned value was: None
[2022-08-03 08:06:03,353] {taskinstance.py:1142} INFO - Marking task as SUCCESS. dag_id=penjadwalan, task_id=dapat_suhu, execution_date=20220803T080400, start_date=20220803T080601, end_date=20220803T080603
[2022-08-03 08:06:03,396] {taskinstance.py:1195} INFO - 0 downstream tasks scheduled from follow-on schedule check
[2022-08-03 08:06:03,432] {local_task_job.py:118} INFO - Task exited with return code 0
