[2022-08-03 04:58:03,704] {taskinstance.py:826} INFO - Dependencies all met for <TaskInstance: penjadwalan.dapat_suhu 2022-08-03T04:56:00+00:00 [queued]>
[2022-08-03 04:58:03,889] {taskinstance.py:826} INFO - Dependencies all met for <TaskInstance: penjadwalan.dapat_suhu 2022-08-03T04:56:00+00:00 [queued]>
[2022-08-03 04:58:03,889] {taskinstance.py:1017} INFO - 
--------------------------------------------------------------------------------
[2022-08-03 04:58:03,890] {taskinstance.py:1018} INFO - Starting attempt 1 of 1
[2022-08-03 04:58:03,890] {taskinstance.py:1019} INFO - 
--------------------------------------------------------------------------------
[2022-08-03 04:58:03,909] {taskinstance.py:1038} INFO - Executing <Task(PythonOperator): dapat_suhu> on 2022-08-03T04:56:00+00:00
[2022-08-03 04:58:03,915] {standard_task_runner.py:51} INFO - Started process 18695 to run task
[2022-08-03 04:58:03,920] {standard_task_runner.py:75} INFO - Running: ['airflow', 'tasks', 'run', 'penjadwalan', 'dapat_suhu', '2022-08-03T04:56:00+00:00', '--job-id', '655', '--pool', 'default_pool', '--raw', '--subdir', 'DAGS_FOLDER/penjadwalan.py', '--cfg-path', '/tmp/tmpuml93d1a']
[2022-08-03 04:58:03,924] {standard_task_runner.py:76} INFO - Job 655: Subtask dapat_suhu
[2022-08-03 04:58:03,999] {logging_mixin.py:103} INFO - Running <TaskInstance: penjadwalan.dapat_suhu 2022-08-03T04:56:00+00:00 [running]> on host b4dcda255553
[2022-08-03 04:58:04,067] {taskinstance.py:1232} INFO - Exporting the following env vars:
AIRFLOW_CTX_DAG_OWNER=airflow
AIRFLOW_CTX_DAG_ID=penjadwalan
AIRFLOW_CTX_TASK_ID=dapat_suhu
AIRFLOW_CTX_EXECUTION_DATE=2022-08-03T04:56:00+00:00
AIRFLOW_CTX_DAG_RUN_ID=scheduled__2022-08-03T04:56:00+00:00
[2022-08-03 04:58:04,201] {logging_mixin.py:103} INFO - {'kota': 'Bali', 'cuaca': 'Clouds', 'cuaca_deskripsi': 'scattered clouds', 'temperatur': 302.69, 'waktu': '2022-08-03T04:58:04.200921'}
[2022-08-03 04:58:04,316] {logging_mixin.py:103} INFO - {'kota': 'Lombok', 'cuaca': 'Clouds', 'cuaca_deskripsi': 'overcast clouds', 'temperatur': 298.32, 'waktu': '2022-08-03T04:58:04.315851'}
[2022-08-03 04:58:04,432] {logging_mixin.py:103} INFO - {'kota': 'Labuan Bajo', 'cuaca': 'Clouds', 'cuaca_deskripsi': 'broken clouds', 'temperatur': 301.43, 'waktu': '2022-08-03T04:58:04.431887'}
[2022-08-03 04:58:04,568] {logging_mixin.py:103} INFO - {'kota': 'Bogor', 'cuaca': 'Clouds', 'cuaca_deskripsi': 'overcast clouds', 'temperatur': 303.96, 'waktu': '2022-08-03T04:58:04.567929'}
[2022-08-03 04:58:04,704] {logging_mixin.py:103} INFO - {'kota': 'Bandung', 'cuaca': 'Clouds', 'cuaca_deskripsi': 'broken clouds', 'temperatur': 302.02, 'waktu': '2022-08-03T04:58:04.703932'}
[2022-08-03 04:58:04,704] {python.py:118} INFO - Done. Returned value was: None
[2022-08-03 04:58:04,728] {taskinstance.py:1142} INFO - Marking task as SUCCESS. dag_id=penjadwalan, task_id=dapat_suhu, execution_date=20220803T045600, start_date=20220803T045803, end_date=20220803T045804
[2022-08-03 04:58:04,776] {taskinstance.py:1195} INFO - 0 downstream tasks scheduled from follow-on schedule check
[2022-08-03 04:58:04,814] {local_task_job.py:118} INFO - Task exited with return code 0
