[2022-08-02 14:27:27,460] {taskinstance.py:826} INFO - Dependencies all met for <TaskInstance: my_simple_dag.respond 2022-08-02T14:10:00+00:00 [queued]>
[2022-08-02 14:27:27,491] {taskinstance.py:826} INFO - Dependencies all met for <TaskInstance: my_simple_dag.respond 2022-08-02T14:10:00+00:00 [queued]>
[2022-08-02 14:27:27,491] {taskinstance.py:1017} INFO - 
--------------------------------------------------------------------------------
[2022-08-02 14:27:27,492] {taskinstance.py:1018} INFO - Starting attempt 1 of 1
[2022-08-02 14:27:27,492] {taskinstance.py:1019} INFO - 
--------------------------------------------------------------------------------
[2022-08-02 14:27:27,508] {taskinstance.py:1038} INFO - Executing <Task(PythonOperator): respond> on 2022-08-02T14:10:00+00:00
[2022-08-02 14:27:27,513] {standard_task_runner.py:51} INFO - Started process 1781 to run task
[2022-08-02 14:27:27,519] {standard_task_runner.py:75} INFO - Running: ['airflow', 'tasks', 'run', 'my_simple_dag', 'respond', '2022-08-02T14:10:00+00:00', '--job-id', '5', '--pool', 'default_pool', '--raw', '--subdir', 'DAGS_FOLDER/my_simple_dag.py', '--cfg-path', '/tmp/tmpvqdkyl35']
[2022-08-02 14:27:27,524] {standard_task_runner.py:76} INFO - Job 5: Subtask respond
[2022-08-02 14:27:27,608] {logging_mixin.py:103} INFO - Running <TaskInstance: my_simple_dag.respond 2022-08-02T14:10:00+00:00 [running]> on host b4dcda255553
[2022-08-02 14:27:27,720] {taskinstance.py:1232} INFO - Exporting the following env vars:
AIRFLOW_CTX_DAG_OWNER=airflow
AIRFLOW_CTX_DAG_ID=my_simple_dag
AIRFLOW_CTX_TASK_ID=respond
AIRFLOW_CTX_EXECUTION_DATE=2022-08-02T14:10:00+00:00
AIRFLOW_CTX_DAG_RUN_ID=scheduled__2022-08-02T14:10:00+00:00
[2022-08-02 14:27:27,721] {python.py:118} INFO - Done. Returned value was: Greet Responded Again
[2022-08-02 14:27:27,785] {taskinstance.py:1142} INFO - Marking task as SUCCESS. dag_id=my_simple_dag, task_id=respond, execution_date=20220802T141000, start_date=20220802T142727, end_date=20220802T142727
[2022-08-02 14:27:27,857] {taskinstance.py:1195} INFO - 0 downstream tasks scheduled from follow-on schedule check
[2022-08-02 14:27:27,891] {local_task_job.py:118} INFO - Task exited with return code 0
