[2022-08-03 04:18:01,416] {taskinstance.py:826} INFO - Dependencies all met for <TaskInstance: penjadwalan.dapat_suhu 2022-08-03T04:16:00+00:00 [queued]>
[2022-08-03 04:18:01,445] {taskinstance.py:826} INFO - Dependencies all met for <TaskInstance: penjadwalan.dapat_suhu 2022-08-03T04:16:00+00:00 [queued]>
[2022-08-03 04:18:01,446] {taskinstance.py:1017} INFO - 
--------------------------------------------------------------------------------
[2022-08-03 04:18:01,446] {taskinstance.py:1018} INFO - Starting attempt 1 of 1
[2022-08-03 04:18:01,447] {taskinstance.py:1019} INFO - 
--------------------------------------------------------------------------------
[2022-08-03 04:18:01,461] {taskinstance.py:1038} INFO - Executing <Task(PythonOperator): dapat_suhu> on 2022-08-03T04:16:00+00:00
[2022-08-03 04:18:01,467] {standard_task_runner.py:51} INFO - Started process 24949 to run task
[2022-08-03 04:18:01,476] {standard_task_runner.py:75} INFO - Running: ['airflow', 'tasks', 'run', 'penjadwalan', 'dapat_suhu', '2022-08-03T04:16:00+00:00', '--job-id', '619', '--pool', 'default_pool', '--raw', '--subdir', 'DAGS_FOLDER/penjadwalan.py', '--cfg-path', '/tmp/tmpeg2yu9y9']
[2022-08-03 04:18:01,481] {standard_task_runner.py:76} INFO - Job 619: Subtask dapat_suhu
[2022-08-03 04:18:01,572] {logging_mixin.py:103} INFO - Running <TaskInstance: penjadwalan.dapat_suhu 2022-08-03T04:16:00+00:00 [running]> on host b4dcda255553
[2022-08-03 04:18:01,649] {taskinstance.py:1232} INFO - Exporting the following env vars:
AIRFLOW_CTX_DAG_OWNER=airflow
AIRFLOW_CTX_DAG_ID=penjadwalan
AIRFLOW_CTX_TASK_ID=dapat_suhu
AIRFLOW_CTX_EXECUTION_DATE=2022-08-03T04:16:00+00:00
AIRFLOW_CTX_DAG_RUN_ID=scheduled__2022-08-03T04:16:00+00:00
[2022-08-03 04:18:01,780] {logging_mixin.py:103} INFO - {'kota': 'Bali', 'cuaca': 'Clouds', 'cuaca_deskripsi': 'scattered clouds', 'temperatur': 302.69, 'waktu': '2022-08-03T04:18:01.780129'}
[2022-08-03 04:18:01,899] {logging_mixin.py:103} INFO - {'kota': 'Lombok', 'cuaca': 'Clouds', 'cuaca_deskripsi': 'overcast clouds', 'temperatur': 298.97, 'waktu': '2022-08-03T04:18:01.898811'}
[2022-08-03 04:18:02,017] {logging_mixin.py:103} INFO - {'kota': 'Labuan Bajo', 'cuaca': 'Clouds', 'cuaca_deskripsi': 'broken clouds', 'temperatur': 302.05, 'waktu': '2022-08-03T04:18:02.017046'}
[2022-08-03 04:18:02,143] {logging_mixin.py:103} INFO - {'kota': 'Bogor', 'cuaca': 'Clouds', 'cuaca_deskripsi': 'overcast clouds', 'temperatur': 305.31, 'waktu': '2022-08-03T04:18:02.143288'}
[2022-08-03 04:18:02,255] {logging_mixin.py:103} INFO - {'kota': 'Bandung', 'cuaca': 'Clouds', 'cuaca_deskripsi': 'broken clouds', 'temperatur': 302.13, 'waktu': '2022-08-03T04:18:02.255745'}
[2022-08-03 04:18:02,256] {python.py:118} INFO - Done. Returned value was: None
[2022-08-03 04:18:02,278] {taskinstance.py:1142} INFO - Marking task as SUCCESS. dag_id=penjadwalan, task_id=dapat_suhu, execution_date=20220803T041600, start_date=20220803T041801, end_date=20220803T041802
[2022-08-03 04:18:02,322] {taskinstance.py:1195} INFO - 0 downstream tasks scheduled from follow-on schedule check
[2022-08-03 04:18:02,367] {local_task_job.py:118} INFO - Task exited with return code 0
