[2022-08-03 06:00:01,394] {taskinstance.py:826} INFO - Dependencies all met for <TaskInstance: penjadwalan.dapat_suhu 2022-08-03T05:58:00+00:00 [queued]>
[2022-08-03 06:00:01,661] {taskinstance.py:826} INFO - Dependencies all met for <TaskInstance: penjadwalan.dapat_suhu 2022-08-03T05:58:00+00:00 [queued]>
[2022-08-03 06:00:01,663] {taskinstance.py:1017} INFO - 
--------------------------------------------------------------------------------
[2022-08-03 06:00:01,665] {taskinstance.py:1018} INFO - Starting attempt 1 of 1
[2022-08-03 06:00:01,665] {taskinstance.py:1019} INFO - 
--------------------------------------------------------------------------------
[2022-08-03 06:00:01,993] {taskinstance.py:1038} INFO - Executing <Task(PythonOperator): dapat_suhu> on 2022-08-03T05:58:00+00:00
[2022-08-03 06:00:01,999] {standard_task_runner.py:51} INFO - Started process 3240 to run task
[2022-08-03 06:00:02,005] {standard_task_runner.py:75} INFO - Running: ['airflow', 'tasks', 'run', 'penjadwalan', 'dapat_suhu', '2022-08-03T05:58:00+00:00', '--job-id', '711', '--pool', 'default_pool', '--raw', '--subdir', 'DAGS_FOLDER/penjadwalan.py', '--cfg-path', '/tmp/tmpnqrx2il4']
[2022-08-03 06:00:02,010] {standard_task_runner.py:76} INFO - Job 711: Subtask dapat_suhu
[2022-08-03 06:00:02,317] {logging_mixin.py:103} INFO - Running <TaskInstance: penjadwalan.dapat_suhu 2022-08-03T05:58:00+00:00 [running]> on host b4dcda255553
[2022-08-03 06:00:03,609] {taskinstance.py:1232} INFO - Exporting the following env vars:
AIRFLOW_CTX_DAG_OWNER=airflow
AIRFLOW_CTX_DAG_ID=penjadwalan
AIRFLOW_CTX_TASK_ID=dapat_suhu
AIRFLOW_CTX_EXECUTION_DATE=2022-08-03T05:58:00+00:00
AIRFLOW_CTX_DAG_RUN_ID=scheduled__2022-08-03T05:58:00+00:00
[2022-08-03 06:00:03,828] {logging_mixin.py:103} INFO - {'kota': 'Bali', 'cuaca': 'Clouds', 'cuaca_deskripsi': 'scattered clouds', 'temperatur': 302.69, 'waktu': '2022-08-03T06:00:03.828388'}
[2022-08-03 06:00:04,757] {logging_mixin.py:103} INFO - {'kota': 'Lombok', 'cuaca': 'Rain', 'cuaca_deskripsi': 'moderate rain', 'temperatur': 298.08, 'waktu': '2022-08-03T06:00:04.757223'}
[2022-08-03 06:00:04,906] {logging_mixin.py:103} INFO - {'kota': 'Labuan Bajo', 'cuaca': 'Clouds', 'cuaca_deskripsi': 'overcast clouds', 'temperatur': 300.85, 'waktu': '2022-08-03T06:00:04.906554'}
[2022-08-03 06:00:05,028] {logging_mixin.py:103} INFO - {'kota': 'Bogor', 'cuaca': 'Clouds', 'cuaca_deskripsi': 'overcast clouds', 'temperatur': 305.07, 'waktu': '2022-08-03T06:00:05.028505'}
[2022-08-03 06:00:05,155] {logging_mixin.py:103} INFO - {'kota': 'Bandung', 'cuaca': 'Clouds', 'cuaca_deskripsi': 'broken clouds', 'temperatur': 302.27, 'waktu': '2022-08-03T06:00:05.154973'}
[2022-08-03 06:00:05,156] {python.py:118} INFO - Done. Returned value was: None
[2022-08-03 06:00:05,173] {taskinstance.py:1142} INFO - Marking task as SUCCESS. dag_id=penjadwalan, task_id=dapat_suhu, execution_date=20220803T055800, start_date=20220803T060001, end_date=20220803T060005
[2022-08-03 06:00:05,218] {taskinstance.py:1195} INFO - 0 downstream tasks scheduled from follow-on schedule check
[2022-08-03 06:00:05,240] {local_task_job.py:118} INFO - Task exited with return code 0
