[2022-08-03 01:40:00,782] {taskinstance.py:826} INFO - Dependencies all met for <TaskInstance: penjadwalan.dapat_suhu 2022-08-03T01:38:00+00:00 [queued]>
[2022-08-03 01:40:00,808] {taskinstance.py:826} INFO - Dependencies all met for <TaskInstance: penjadwalan.dapat_suhu 2022-08-03T01:38:00+00:00 [queued]>
[2022-08-03 01:40:00,809] {taskinstance.py:1017} INFO - 
--------------------------------------------------------------------------------
[2022-08-03 01:40:00,809] {taskinstance.py:1018} INFO - Starting attempt 1 of 1
[2022-08-03 01:40:00,809] {taskinstance.py:1019} INFO - 
--------------------------------------------------------------------------------
[2022-08-03 01:40:00,827] {taskinstance.py:1038} INFO - Executing <Task(PythonOperator): dapat_suhu> on 2022-08-03T01:38:00+00:00
[2022-08-03 01:40:00,832] {standard_task_runner.py:51} INFO - Started process 15144 to run task
[2022-08-03 01:40:00,840] {standard_task_runner.py:75} INFO - Running: ['airflow', 'tasks', 'run', 'penjadwalan', 'dapat_suhu', '2022-08-03T01:38:00+00:00', '--job-id', '476', '--pool', 'default_pool', '--raw', '--subdir', 'DAGS_FOLDER/penjadwalan.py', '--cfg-path', '/tmp/tmpa7m8fuun']
[2022-08-03 01:40:00,845] {standard_task_runner.py:76} INFO - Job 476: Subtask dapat_suhu
[2022-08-03 01:40:00,930] {logging_mixin.py:103} INFO - Running <TaskInstance: penjadwalan.dapat_suhu 2022-08-03T01:38:00+00:00 [running]> on host b4dcda255553
[2022-08-03 01:40:01,005] {taskinstance.py:1232} INFO - Exporting the following env vars:
AIRFLOW_CTX_DAG_OWNER=airflow
AIRFLOW_CTX_DAG_ID=penjadwalan
AIRFLOW_CTX_TASK_ID=dapat_suhu
AIRFLOW_CTX_EXECUTION_DATE=2022-08-03T01:38:00+00:00
AIRFLOW_CTX_DAG_RUN_ID=scheduled__2022-08-03T01:38:00+00:00
[2022-08-03 01:40:01,585] {logging_mixin.py:103} INFO - {'kota': 'Bali', 'cuaca': 'Clouds', 'cuaca_deskripsi': 'broken clouds', 'temperatur': 298.28, 'waktu': '2022-08-03T01:40:01.585103'}
[2022-08-03 01:40:02,616] {logging_mixin.py:103} INFO - {'kota': 'Lombok', 'cuaca': 'Rain', 'cuaca_deskripsi': 'moderate rain', 'temperatur': 295.93, 'waktu': '2022-08-03T01:40:02.616066'}
[2022-08-03 01:40:03,327] {logging_mixin.py:103} INFO - {'kota': 'Labuan Bajo', 'cuaca': 'Clouds', 'cuaca_deskripsi': 'broken clouds', 'temperatur': 301.94, 'waktu': '2022-08-03T01:40:03.327602'}
[2022-08-03 01:40:03,603] {logging_mixin.py:103} INFO - {'kota': 'Bogor', 'cuaca': 'Clouds', 'cuaca_deskripsi': 'overcast clouds', 'temperatur': 299.37, 'waktu': '2022-08-03T01:40:03.602802'}
[2022-08-03 01:40:03,868] {logging_mixin.py:103} INFO - {'kota': 'Bandung', 'cuaca': 'Clouds', 'cuaca_deskripsi': 'scattered clouds', 'temperatur': 299.15, 'waktu': '2022-08-03T01:40:03.868684'}
[2022-08-03 01:40:03,869] {python.py:118} INFO - Done. Returned value was: None
[2022-08-03 01:40:03,887] {taskinstance.py:1142} INFO - Marking task as SUCCESS. dag_id=penjadwalan, task_id=dapat_suhu, execution_date=20220803T013800, start_date=20220803T014000, end_date=20220803T014003
[2022-08-03 01:40:03,930] {taskinstance.py:1195} INFO - 0 downstream tasks scheduled from follow-on schedule check
[2022-08-03 01:40:03,943] {local_task_job.py:118} INFO - Task exited with return code 0
