[2022-08-03 05:12:11,585] {taskinstance.py:826} INFO - Dependencies all met for <TaskInstance: penjadwalan.dapat_suhu 2022-08-03T05:10:00+00:00 [queued]>
[2022-08-03 05:12:11,667] {taskinstance.py:826} INFO - Dependencies all met for <TaskInstance: penjadwalan.dapat_suhu 2022-08-03T05:10:00+00:00 [queued]>
[2022-08-03 05:12:11,667] {taskinstance.py:1017} INFO - 
--------------------------------------------------------------------------------
[2022-08-03 05:12:11,669] {taskinstance.py:1018} INFO - Starting attempt 1 of 1
[2022-08-03 05:12:11,670] {taskinstance.py:1019} INFO - 
--------------------------------------------------------------------------------
[2022-08-03 05:12:11,699] {taskinstance.py:1038} INFO - Executing <Task(PythonOperator): dapat_suhu> on 2022-08-03T05:10:00+00:00
[2022-08-03 05:12:11,711] {standard_task_runner.py:51} INFO - Started process 30985 to run task
[2022-08-03 05:12:11,721] {standard_task_runner.py:75} INFO - Running: ['airflow', 'tasks', 'run', 'penjadwalan', 'dapat_suhu', '2022-08-03T05:10:00+00:00', '--job-id', '670', '--pool', 'default_pool', '--raw', '--subdir', 'DAGS_FOLDER/penjadwalan.py', '--cfg-path', '/tmp/tmpw313v5ex']
[2022-08-03 05:12:11,740] {standard_task_runner.py:76} INFO - Job 670: Subtask dapat_suhu
[2022-08-03 05:12:11,871] {logging_mixin.py:103} INFO - Running <TaskInstance: penjadwalan.dapat_suhu 2022-08-03T05:10:00+00:00 [running]> on host b4dcda255553
[2022-08-03 05:12:12,035] {taskinstance.py:1232} INFO - Exporting the following env vars:
AIRFLOW_CTX_DAG_OWNER=airflow
AIRFLOW_CTX_DAG_ID=penjadwalan
AIRFLOW_CTX_TASK_ID=dapat_suhu
AIRFLOW_CTX_EXECUTION_DATE=2022-08-03T05:10:00+00:00
AIRFLOW_CTX_DAG_RUN_ID=scheduled__2022-08-03T05:10:00+00:00
[2022-08-03 05:12:14,083] {logging_mixin.py:103} INFO - {'kota': 'Bali', 'cuaca': 'Clouds', 'cuaca_deskripsi': 'scattered clouds', 'temperatur': 302.69, 'waktu': '2022-08-03T05:12:14.082958'}
[2022-08-03 05:12:14,668] {logging_mixin.py:103} INFO - {'kota': 'Lombok', 'cuaca': 'Clouds', 'cuaca_deskripsi': 'overcast clouds', 'temperatur': 298.32, 'waktu': '2022-08-03T05:12:14.667945'}
[2022-08-03 05:12:14,789] {logging_mixin.py:103} INFO - {'kota': 'Labuan Bajo', 'cuaca': 'Clouds', 'cuaca_deskripsi': 'broken clouds', 'temperatur': 301.43, 'waktu': '2022-08-03T05:12:14.789146'}
[2022-08-03 05:12:14,916] {logging_mixin.py:103} INFO - {'kota': 'Bogor', 'cuaca': 'Clouds', 'cuaca_deskripsi': 'overcast clouds', 'temperatur': 303.96, 'waktu': '2022-08-03T05:12:14.916414'}
[2022-08-03 05:12:15,111] {logging_mixin.py:103} INFO - {'kota': 'Bandung', 'cuaca': 'Clouds', 'cuaca_deskripsi': 'broken clouds', 'temperatur': 302.02, 'waktu': '2022-08-03T05:12:15.111117'}
[2022-08-03 05:12:15,112] {python.py:118} INFO - Done. Returned value was: None
[2022-08-03 05:12:15,195] {taskinstance.py:1142} INFO - Marking task as SUCCESS. dag_id=penjadwalan, task_id=dapat_suhu, execution_date=20220803T051000, start_date=20220803T051211, end_date=20220803T051215
[2022-08-03 05:12:15,480] {taskinstance.py:1195} INFO - 0 downstream tasks scheduled from follow-on schedule check
[2022-08-03 05:12:15,518] {local_task_job.py:118} INFO - Task exited with return code 0
