[2022-08-03 10:06:05,011] {taskinstance.py:826} INFO - Dependencies all met for <TaskInstance: penjadwalan.dapat_suhu 2022-08-03T10:04:00+00:00 [queued]>
[2022-08-03 10:06:05,189] {taskinstance.py:826} INFO - Dependencies all met for <TaskInstance: penjadwalan.dapat_suhu 2022-08-03T10:04:00+00:00 [queued]>
[2022-08-03 10:06:05,198] {taskinstance.py:1017} INFO - 
--------------------------------------------------------------------------------
[2022-08-03 10:06:05,204] {taskinstance.py:1018} INFO - Starting attempt 1 of 1
[2022-08-03 10:06:05,207] {taskinstance.py:1019} INFO - 
--------------------------------------------------------------------------------
[2022-08-03 10:06:05,407] {taskinstance.py:1038} INFO - Executing <Task(PythonOperator): dapat_suhu> on 2022-08-03T10:04:00+00:00
[2022-08-03 10:06:05,430] {standard_task_runner.py:51} INFO - Started process 25596 to run task
[2022-08-03 10:06:05,467] {standard_task_runner.py:75} INFO - Running: ['airflow', 'tasks', 'run', 'penjadwalan', 'dapat_suhu', '2022-08-03T10:04:00+00:00', '--job-id', '965', '--pool', 'default_pool', '--raw', '--subdir', 'DAGS_FOLDER/penjadwalan.py', '--cfg-path', '/tmp/tmp_pnomgi6']
[2022-08-03 10:06:05,506] {standard_task_runner.py:76} INFO - Job 965: Subtask dapat_suhu
[2022-08-03 10:06:06,023] {logging_mixin.py:103} INFO - Running <TaskInstance: penjadwalan.dapat_suhu 2022-08-03T10:04:00+00:00 [running]> on host b4dcda255553
[2022-08-03 10:06:06,610] {taskinstance.py:1232} INFO - Exporting the following env vars:
AIRFLOW_CTX_DAG_OWNER=airflow
AIRFLOW_CTX_DAG_ID=penjadwalan
AIRFLOW_CTX_TASK_ID=dapat_suhu
AIRFLOW_CTX_EXECUTION_DATE=2022-08-03T10:04:00+00:00
AIRFLOW_CTX_DAG_RUN_ID=scheduled__2022-08-03T10:04:00+00:00
[2022-08-03 10:06:07,059] {logging_mixin.py:103} INFO - {'kota': 'Bali', 'cuaca': 'Clouds', 'cuaca_deskripsi': 'broken clouds', 'temperatur': 300.5, 'waktu': '2022-08-03T10:06:07.058643'}
[2022-08-03 10:06:07,583] {logging_mixin.py:103} INFO - {'kota': 'Lombok', 'cuaca': 'Clouds', 'cuaca_deskripsi': 'overcast clouds', 'temperatur': 295.7, 'waktu': '2022-08-03T10:06:07.583290'}
[2022-08-03 10:06:08,175] {logging_mixin.py:103} INFO - {'kota': 'Labuan Bajo', 'cuaca': 'Clouds', 'cuaca_deskripsi': 'overcast clouds', 'temperatur': 298.84, 'waktu': '2022-08-03T10:06:08.170162'}
[2022-08-03 10:06:08,503] {logging_mixin.py:103} INFO - {'kota': 'Bogor', 'cuaca': 'Clouds', 'cuaca_deskripsi': 'overcast clouds', 'temperatur': 300.82, 'waktu': '2022-08-03T10:06:08.503119'}
[2022-08-03 10:06:08,852] {logging_mixin.py:103} INFO - {'kota': 'Bandung', 'cuaca': 'Clouds', 'cuaca_deskripsi': 'overcast clouds', 'temperatur': 296.4, 'waktu': '2022-08-03T10:06:08.851782'}
[2022-08-03 10:06:08,871] {python.py:118} INFO - Done. Returned value was: None
[2022-08-03 10:06:08,961] {taskinstance.py:1142} INFO - Marking task as SUCCESS. dag_id=penjadwalan, task_id=dapat_suhu, execution_date=20220803T100400, start_date=20220803T100605, end_date=20220803T100608
[2022-08-03 10:06:09,180] {taskinstance.py:1195} INFO - 0 downstream tasks scheduled from follow-on schedule check
[2022-08-03 10:06:09,243] {local_task_job.py:118} INFO - Task exited with return code 0
