[2022-08-03 08:14:01,229] {taskinstance.py:826} INFO - Dependencies all met for <TaskInstance: penjadwalan.dapat_suhu 2022-08-03T08:12:00+00:00 [queued]>
[2022-08-03 08:14:01,251] {taskinstance.py:826} INFO - Dependencies all met for <TaskInstance: penjadwalan.dapat_suhu 2022-08-03T08:12:00+00:00 [queued]>
[2022-08-03 08:14:01,252] {taskinstance.py:1017} INFO - 
--------------------------------------------------------------------------------
[2022-08-03 08:14:01,252] {taskinstance.py:1018} INFO - Starting attempt 1 of 1
[2022-08-03 08:14:01,253] {taskinstance.py:1019} INFO - 
--------------------------------------------------------------------------------
[2022-08-03 08:14:01,267] {taskinstance.py:1038} INFO - Executing <Task(PythonOperator): dapat_suhu> on 2022-08-03T08:12:00+00:00
[2022-08-03 08:14:01,272] {standard_task_runner.py:51} INFO - Started process 8492 to run task
[2022-08-03 08:14:01,277] {standard_task_runner.py:75} INFO - Running: ['airflow', 'tasks', 'run', 'penjadwalan', 'dapat_suhu', '2022-08-03T08:12:00+00:00', '--job-id', '865', '--pool', 'default_pool', '--raw', '--subdir', 'DAGS_FOLDER/penjadwalan.py', '--cfg-path', '/tmp/tmpv5_its9w']
[2022-08-03 08:14:01,282] {standard_task_runner.py:76} INFO - Job 865: Subtask dapat_suhu
[2022-08-03 08:14:01,363] {logging_mixin.py:103} INFO - Running <TaskInstance: penjadwalan.dapat_suhu 2022-08-03T08:12:00+00:00 [running]> on host b4dcda255553
[2022-08-03 08:14:01,440] {taskinstance.py:1232} INFO - Exporting the following env vars:
AIRFLOW_CTX_DAG_OWNER=airflow
AIRFLOW_CTX_DAG_ID=penjadwalan
AIRFLOW_CTX_TASK_ID=dapat_suhu
AIRFLOW_CTX_EXECUTION_DATE=2022-08-03T08:12:00+00:00
AIRFLOW_CTX_DAG_RUN_ID=scheduled__2022-08-03T08:12:00+00:00
[2022-08-03 08:14:01,665] {logging_mixin.py:103} INFO - {'kota': 'Bali', 'cuaca': 'Clouds', 'cuaca_deskripsi': 'broken clouds', 'temperatur': 301.61, 'waktu': '2022-08-03T08:14:01.664911'}
[2022-08-03 08:14:01,811] {logging_mixin.py:103} INFO - {'kota': 'Lombok', 'cuaca': 'Rain', 'cuaca_deskripsi': 'moderate rain', 'temperatur': 296.95, 'waktu': '2022-08-03T08:14:01.811334'}
[2022-08-03 08:14:01,924] {logging_mixin.py:103} INFO - {'kota': 'Labuan Bajo', 'cuaca': 'Clouds', 'cuaca_deskripsi': 'overcast clouds', 'temperatur': 300.58, 'waktu': '2022-08-03T08:14:01.924638'}
[2022-08-03 08:14:02,026] {logging_mixin.py:103} INFO - {'kota': 'Bogor', 'cuaca': 'Clouds', 'cuaca_deskripsi': 'overcast clouds', 'temperatur': 304.2, 'waktu': '2022-08-03T08:14:02.025966'}
[2022-08-03 08:14:02,129] {logging_mixin.py:103} INFO - {'kota': 'Bandung', 'cuaca': 'Clouds', 'cuaca_deskripsi': 'overcast clouds', 'temperatur': 298.69, 'waktu': '2022-08-03T08:14:02.129593'}
[2022-08-03 08:14:02,130] {python.py:118} INFO - Done. Returned value was: None
[2022-08-03 08:14:02,147] {taskinstance.py:1142} INFO - Marking task as SUCCESS. dag_id=penjadwalan, task_id=dapat_suhu, execution_date=20220803T081200, start_date=20220803T081401, end_date=20220803T081402
[2022-08-03 08:14:02,188] {taskinstance.py:1195} INFO - 0 downstream tasks scheduled from follow-on schedule check
[2022-08-03 08:14:02,211] {local_task_job.py:118} INFO - Task exited with return code 0
