[2022-08-03 02:38:01,671] {taskinstance.py:826} INFO - Dependencies all met for <TaskInstance: penjadwalan.dapat_suhu 2022-08-03T02:36:00+00:00 [queued]>
[2022-08-03 02:38:01,698] {taskinstance.py:826} INFO - Dependencies all met for <TaskInstance: penjadwalan.dapat_suhu 2022-08-03T02:36:00+00:00 [queued]>
[2022-08-03 02:38:01,699] {taskinstance.py:1017} INFO - 
--------------------------------------------------------------------------------
[2022-08-03 02:38:01,699] {taskinstance.py:1018} INFO - Starting attempt 1 of 1
[2022-08-03 02:38:01,700] {taskinstance.py:1019} INFO - 
--------------------------------------------------------------------------------
[2022-08-03 02:38:01,714] {taskinstance.py:1038} INFO - Executing <Task(PythonOperator): dapat_suhu> on 2022-08-03T02:36:00+00:00
[2022-08-03 02:38:01,719] {standard_task_runner.py:51} INFO - Started process 2311 to run task
[2022-08-03 02:38:01,724] {standard_task_runner.py:75} INFO - Running: ['airflow', 'tasks', 'run', 'penjadwalan', 'dapat_suhu', '2022-08-03T02:36:00+00:00', '--job-id', '529', '--pool', 'default_pool', '--raw', '--subdir', 'DAGS_FOLDER/penjadwalan.py', '--cfg-path', '/tmp/tmp83uvo7u1']
[2022-08-03 02:38:01,728] {standard_task_runner.py:76} INFO - Job 529: Subtask dapat_suhu
[2022-08-03 02:38:01,812] {logging_mixin.py:103} INFO - Running <TaskInstance: penjadwalan.dapat_suhu 2022-08-03T02:36:00+00:00 [running]> on host b4dcda255553
[2022-08-03 02:38:01,895] {taskinstance.py:1232} INFO - Exporting the following env vars:
AIRFLOW_CTX_DAG_OWNER=airflow
AIRFLOW_CTX_DAG_ID=penjadwalan
AIRFLOW_CTX_TASK_ID=dapat_suhu
AIRFLOW_CTX_EXECUTION_DATE=2022-08-03T02:36:00+00:00
AIRFLOW_CTX_DAG_RUN_ID=scheduled__2022-08-03T02:36:00+00:00
[2022-08-03 02:38:02,432] {logging_mixin.py:103} INFO - {'kota': 'Bali', 'cuaca': 'Clouds', 'cuaca_deskripsi': 'scattered clouds', 'temperatur': 298.28, 'waktu': '2022-08-03T02:38:02.431807'}
[2022-08-03 02:38:02,697] {logging_mixin.py:103} INFO - {'kota': 'Lombok', 'cuaca': 'Rain', 'cuaca_deskripsi': 'heavy intensity rain', 'temperatur': 297.83, 'waktu': '2022-08-03T02:38:02.696950'}
[2022-08-03 02:38:02,888] {logging_mixin.py:103} INFO - {'kota': 'Labuan Bajo', 'cuaca': 'Clouds', 'cuaca_deskripsi': 'broken clouds', 'temperatur': 302.24, 'waktu': '2022-08-03T02:38:02.888349'}
[2022-08-03 02:38:03,695] {logging_mixin.py:103} INFO - {'kota': 'Bogor', 'cuaca': 'Clouds', 'cuaca_deskripsi': 'overcast clouds', 'temperatur': 301.49, 'waktu': '2022-08-03T02:38:03.695330'}
[2022-08-03 02:38:04,091] {logging_mixin.py:103} INFO - {'kota': 'Bandung', 'cuaca': 'Clouds', 'cuaca_deskripsi': 'broken clouds', 'temperatur': 300.9, 'waktu': '2022-08-03T02:38:04.091717'}
[2022-08-03 02:38:04,092] {python.py:118} INFO - Done. Returned value was: None
[2022-08-03 02:38:04,110] {taskinstance.py:1142} INFO - Marking task as SUCCESS. dag_id=penjadwalan, task_id=dapat_suhu, execution_date=20220803T023600, start_date=20220803T023801, end_date=20220803T023804
[2022-08-03 02:38:04,152] {taskinstance.py:1195} INFO - 0 downstream tasks scheduled from follow-on schedule check
[2022-08-03 02:38:04,185] {local_task_job.py:118} INFO - Task exited with return code 0
