[2022-08-03 00:48:29,663] {taskinstance.py:826} INFO - Dependencies all met for <TaskInstance: penjadwalan.dapat_suhu 2022-08-03T00:44:00+00:00 [queued]>
[2022-08-03 00:48:29,715] {taskinstance.py:826} INFO - Dependencies all met for <TaskInstance: penjadwalan.dapat_suhu 2022-08-03T00:44:00+00:00 [queued]>
[2022-08-03 00:48:29,715] {taskinstance.py:1017} INFO - 
--------------------------------------------------------------------------------
[2022-08-03 00:48:29,716] {taskinstance.py:1018} INFO - Starting attempt 1 of 1
[2022-08-03 00:48:29,717] {taskinstance.py:1019} INFO - 
--------------------------------------------------------------------------------
[2022-08-03 00:48:29,739] {taskinstance.py:1038} INFO - Executing <Task(PythonOperator): dapat_suhu> on 2022-08-03T00:44:00+00:00
[2022-08-03 00:48:29,748] {standard_task_runner.py:51} INFO - Started process 1316 to run task
[2022-08-03 00:48:29,753] {standard_task_runner.py:75} INFO - Running: ['airflow', 'tasks', 'run', 'penjadwalan', 'dapat_suhu', '2022-08-03T00:44:00+00:00', '--job-id', '429', '--pool', 'default_pool', '--raw', '--subdir', 'DAGS_FOLDER/penjadwalan.py', '--cfg-path', '/tmp/tmpbteee732']
[2022-08-03 00:48:29,763] {standard_task_runner.py:76} INFO - Job 429: Subtask dapat_suhu
[2022-08-03 00:48:29,863] {logging_mixin.py:103} INFO - Running <TaskInstance: penjadwalan.dapat_suhu 2022-08-03T00:44:00+00:00 [running]> on host b4dcda255553
[2022-08-03 00:48:29,953] {taskinstance.py:1232} INFO - Exporting the following env vars:
AIRFLOW_CTX_DAG_OWNER=airflow
AIRFLOW_CTX_DAG_ID=penjadwalan
AIRFLOW_CTX_TASK_ID=dapat_suhu
AIRFLOW_CTX_EXECUTION_DATE=2022-08-03T00:44:00+00:00
AIRFLOW_CTX_DAG_RUN_ID=scheduled__2022-08-03T00:44:00+00:00
[2022-08-03 00:48:30,488] {logging_mixin.py:103} INFO - {'kota': 'Bali', 'cuaca': 'Clouds', 'cuaca_deskripsi': 'overcast clouds', 'temperatur': 298.28, 'waktu': '2022-08-03T00:48:30.487923'}
[2022-08-03 00:48:30,984] {logging_mixin.py:103} INFO - {'kota': 'Lombok', 'cuaca': 'Clouds', 'cuaca_deskripsi': 'overcast clouds', 'temperatur': 295.51, 'waktu': '2022-08-03T00:48:30.984523'}
[2022-08-03 00:48:32,119] {logging_mixin.py:103} INFO - {'kota': 'Labuan Bajo', 'cuaca': 'Clouds', 'cuaca_deskripsi': 'scattered clouds', 'temperatur': 300.93, 'waktu': '2022-08-03T00:48:32.119094'}
[2022-08-03 00:48:33,501] {logging_mixin.py:103} INFO - {'kota': 'Bogor', 'cuaca': 'Rain', 'cuaca_deskripsi': 'light rain', 'temperatur': 300.87, 'waktu': '2022-08-03T00:48:33.501340'}
[2022-08-03 00:48:34,587] {logging_mixin.py:103} INFO - {'kota': 'Bandung', 'cuaca': 'Clouds', 'cuaca_deskripsi': 'scattered clouds', 'temperatur': 296.92, 'waktu': '2022-08-03T00:48:34.587244'}
[2022-08-03 00:48:34,587] {python.py:118} INFO - Done. Returned value was: None
[2022-08-03 00:48:34,605] {taskinstance.py:1142} INFO - Marking task as SUCCESS. dag_id=penjadwalan, task_id=dapat_suhu, execution_date=20220803T004400, start_date=20220803T004829, end_date=20220803T004834
[2022-08-03 00:48:34,650] {taskinstance.py:1195} INFO - 0 downstream tasks scheduled from follow-on schedule check
[2022-08-03 00:48:34,669] {local_task_job.py:118} INFO - Task exited with return code 0
