[2022-08-03 00:46:12,243] {taskinstance.py:826} INFO - Dependencies all met for <TaskInstance: penjadwalan.dapat_suhu 2022-08-02T20:32:00+00:00 [queued]>
[2022-08-03 00:46:12,272] {taskinstance.py:826} INFO - Dependencies all met for <TaskInstance: penjadwalan.dapat_suhu 2022-08-02T20:32:00+00:00 [queued]>
[2022-08-03 00:46:12,272] {taskinstance.py:1017} INFO - 
--------------------------------------------------------------------------------
[2022-08-03 00:46:12,273] {taskinstance.py:1018} INFO - Starting attempt 1 of 1
[2022-08-03 00:46:12,273] {taskinstance.py:1019} INFO - 
--------------------------------------------------------------------------------
[2022-08-03 00:46:12,290] {taskinstance.py:1038} INFO - Executing <Task(PythonOperator): dapat_suhu> on 2022-08-02T20:32:00+00:00
[2022-08-03 00:46:12,296] {standard_task_runner.py:51} INFO - Started process 27900 to run task
[2022-08-03 00:46:12,302] {standard_task_runner.py:75} INFO - Running: ['airflow', 'tasks', 'run', 'penjadwalan', 'dapat_suhu', '2022-08-02T20:32:00+00:00', '--job-id', '303', '--pool', 'default_pool', '--raw', '--subdir', 'DAGS_FOLDER/penjadwalan.py', '--cfg-path', '/tmp/tmpfl0zsexl']
[2022-08-03 00:46:12,306] {standard_task_runner.py:76} INFO - Job 303: Subtask dapat_suhu
[2022-08-03 00:46:12,407] {logging_mixin.py:103} INFO - Running <TaskInstance: penjadwalan.dapat_suhu 2022-08-02T20:32:00+00:00 [running]> on host b4dcda255553
[2022-08-03 00:46:12,541] {taskinstance.py:1232} INFO - Exporting the following env vars:
AIRFLOW_CTX_DAG_OWNER=airflow
AIRFLOW_CTX_DAG_ID=penjadwalan
AIRFLOW_CTX_TASK_ID=dapat_suhu
AIRFLOW_CTX_EXECUTION_DATE=2022-08-02T20:32:00+00:00
AIRFLOW_CTX_DAG_RUN_ID=scheduled__2022-08-02T20:32:00+00:00
[2022-08-03 00:46:13,970] {logging_mixin.py:103} INFO - {'kota': 'Bali', 'cuaca': 'Clouds', 'cuaca_deskripsi': 'overcast clouds', 'temperatur': 298.28, 'waktu': '2022-08-03T00:46:13.969964'}
[2022-08-03 00:46:14,209] {logging_mixin.py:103} INFO - {'kota': 'Lombok', 'cuaca': 'Clouds', 'cuaca_deskripsi': 'overcast clouds', 'temperatur': 295.51, 'waktu': '2022-08-03T00:46:14.208953'}
[2022-08-03 00:46:14,570] {logging_mixin.py:103} INFO - {'kota': 'Labuan Bajo', 'cuaca': 'Clouds', 'cuaca_deskripsi': 'scattered clouds', 'temperatur': 300.93, 'waktu': '2022-08-03T00:46:14.570295'}
[2022-08-03 00:46:16,481] {logging_mixin.py:103} INFO - {'kota': 'Bogor', 'cuaca': 'Rain', 'cuaca_deskripsi': 'light rain', 'temperatur': 300.87, 'waktu': '2022-08-03T00:46:16.481275'}
[2022-08-03 00:46:18,602] {logging_mixin.py:103} INFO - {'kota': 'Bandung', 'cuaca': 'Clouds', 'cuaca_deskripsi': 'scattered clouds', 'temperatur': 296.92, 'waktu': '2022-08-03T00:46:18.602193'}
[2022-08-03 00:46:18,603] {python.py:118} INFO - Done. Returned value was: None
[2022-08-03 00:46:18,622] {taskinstance.py:1142} INFO - Marking task as SUCCESS. dag_id=penjadwalan, task_id=dapat_suhu, execution_date=20220802T203200, start_date=20220803T004612, end_date=20220803T004618
[2022-08-03 00:46:18,676] {taskinstance.py:1195} INFO - 0 downstream tasks scheduled from follow-on schedule check
[2022-08-03 00:46:18,728] {local_task_job.py:118} INFO - Task exited with return code 0
