[2022-08-03 03:36:00,848] {taskinstance.py:826} INFO - Dependencies all met for <TaskInstance: penjadwalan.dapat_suhu 2022-08-03T03:34:00+00:00 [queued]>
[2022-08-03 03:36:00,885] {taskinstance.py:826} INFO - Dependencies all met for <TaskInstance: penjadwalan.dapat_suhu 2022-08-03T03:34:00+00:00 [queued]>
[2022-08-03 03:36:00,886] {taskinstance.py:1017} INFO - 
--------------------------------------------------------------------------------
[2022-08-03 03:36:00,886] {taskinstance.py:1018} INFO - Starting attempt 1 of 1
[2022-08-03 03:36:00,887] {taskinstance.py:1019} INFO - 
--------------------------------------------------------------------------------
[2022-08-03 03:36:00,910] {taskinstance.py:1038} INFO - Executing <Task(PythonOperator): dapat_suhu> on 2022-08-03T03:34:00+00:00
[2022-08-03 03:36:00,916] {standard_task_runner.py:51} INFO - Started process 28388 to run task
[2022-08-03 03:36:00,923] {standard_task_runner.py:75} INFO - Running: ['airflow', 'tasks', 'run', 'penjadwalan', 'dapat_suhu', '2022-08-03T03:34:00+00:00', '--job-id', '582', '--pool', 'default_pool', '--raw', '--subdir', 'DAGS_FOLDER/penjadwalan.py', '--cfg-path', '/tmp/tmpnh69d24h']
[2022-08-03 03:36:00,952] {standard_task_runner.py:76} INFO - Job 582: Subtask dapat_suhu
[2022-08-03 03:36:01,025] {logging_mixin.py:103} INFO - Running <TaskInstance: penjadwalan.dapat_suhu 2022-08-03T03:34:00+00:00 [running]> on host b4dcda255553
[2022-08-03 03:36:01,091] {taskinstance.py:1232} INFO - Exporting the following env vars:
AIRFLOW_CTX_DAG_OWNER=airflow
AIRFLOW_CTX_DAG_ID=penjadwalan
AIRFLOW_CTX_TASK_ID=dapat_suhu
AIRFLOW_CTX_EXECUTION_DATE=2022-08-03T03:34:00+00:00
AIRFLOW_CTX_DAG_RUN_ID=scheduled__2022-08-03T03:34:00+00:00
[2022-08-03 03:36:01,662] {logging_mixin.py:103} INFO - {'kota': 'Bali', 'cuaca': 'Clouds', 'cuaca_deskripsi': 'scattered clouds', 'temperatur': 301.61, 'waktu': '2022-08-03T03:36:01.661935'}
[2022-08-03 03:36:01,771] {logging_mixin.py:103} INFO - {'kota': 'Lombok', 'cuaca': 'Rain', 'cuaca_deskripsi': 'light rain', 'temperatur': 298.97, 'waktu': '2022-08-03T03:36:01.771525'}
[2022-08-03 03:36:01,896] {logging_mixin.py:103} INFO - {'kota': 'Labuan Bajo', 'cuaca': 'Clouds', 'cuaca_deskripsi': 'broken clouds', 'temperatur': 302.05, 'waktu': '2022-08-03T03:36:01.896333'}
[2022-08-03 03:36:01,998] {logging_mixin.py:103} INFO - {'kota': 'Bogor', 'cuaca': 'Clouds', 'cuaca_deskripsi': 'overcast clouds', 'temperatur': 304.2, 'waktu': '2022-08-03T03:36:01.998225'}
[2022-08-03 03:36:02,114] {logging_mixin.py:103} INFO - {'kota': 'Bandung', 'cuaca': 'Clouds', 'cuaca_deskripsi': 'broken clouds', 'temperatur': 302.13, 'waktu': '2022-08-03T03:36:02.114647'}
[2022-08-03 03:36:02,115] {python.py:118} INFO - Done. Returned value was: None
[2022-08-03 03:36:02,139] {taskinstance.py:1142} INFO - Marking task as SUCCESS. dag_id=penjadwalan, task_id=dapat_suhu, execution_date=20220803T033400, start_date=20220803T033600, end_date=20220803T033602
[2022-08-03 03:36:02,187] {taskinstance.py:1195} INFO - 0 downstream tasks scheduled from follow-on schedule check
[2022-08-03 03:36:02,227] {local_task_job.py:118} INFO - Task exited with return code 0
