[2022-08-02 16:50:03,742] {taskinstance.py:826} INFO - Dependencies all met for <TaskInstance: my_simple_dag.say_Hi 2022-08-02T16:40:00+00:00 [queued]>
[2022-08-02 16:50:03,895] {taskinstance.py:826} INFO - Dependencies all met for <TaskInstance: my_simple_dag.say_Hi 2022-08-02T16:40:00+00:00 [queued]>
[2022-08-02 16:50:03,901] {taskinstance.py:1017} INFO - 
--------------------------------------------------------------------------------
[2022-08-02 16:50:03,901] {taskinstance.py:1018} INFO - Starting attempt 1 of 1
[2022-08-02 16:50:03,916] {taskinstance.py:1019} INFO - 
--------------------------------------------------------------------------------
[2022-08-02 16:50:03,998] {taskinstance.py:1038} INFO - Executing <Task(BashOperator): say_Hi> on 2022-08-02T16:40:00+00:00
[2022-08-02 16:50:04,082] {standard_task_runner.py:75} INFO - Running: ['airflow', 'tasks', 'run', 'my_simple_dag', 'say_Hi', '2022-08-02T16:40:00+00:00', '--job-id', '150', '--pool', 'default_pool', '--raw', '--subdir', 'DAGS_FOLDER/my_simple_dag.py', '--cfg-path', '/tmp/tmpg9nyjlko']
[2022-08-02 16:50:04,062] {standard_task_runner.py:51} INFO - Started process 20179 to run task
[2022-08-02 16:50:04,103] {standard_task_runner.py:76} INFO - Job 150: Subtask say_Hi
[2022-08-02 16:50:04,392] {logging_mixin.py:103} INFO - Running <TaskInstance: my_simple_dag.say_Hi 2022-08-02T16:40:00+00:00 [running]> on host b4dcda255553
[2022-08-02 16:50:04,631] {taskinstance.py:1232} INFO - Exporting the following env vars:
AIRFLOW_CTX_DAG_OWNER=airflow
AIRFLOW_CTX_DAG_ID=my_simple_dag
AIRFLOW_CTX_TASK_ID=say_Hi
AIRFLOW_CTX_EXECUTION_DATE=2022-08-02T16:40:00+00:00
AIRFLOW_CTX_DAG_RUN_ID=scheduled__2022-08-02T16:40:00+00:00
[2022-08-02 16:50:04,636] {bash.py:135} INFO - Tmp dir root location: 
 /tmp
[2022-08-02 16:50:04,650] {bash.py:158} INFO - Running command: echo "Hi!!"
[2022-08-02 16:50:04,670] {bash.py:169} INFO - Output:
[2022-08-02 16:50:04,688] {bash.py:173} INFO - Hi!!
[2022-08-02 16:50:04,707] {bash.py:177} INFO - Command exited with return code 0
[2022-08-02 16:50:04,957] {taskinstance.py:1142} INFO - Marking task as SUCCESS. dag_id=my_simple_dag, task_id=say_Hi, execution_date=20220802T164000, start_date=20220802T165003, end_date=20220802T165004
[2022-08-02 16:50:05,104] {taskinstance.py:1195} INFO - 1 downstream tasks scheduled from follow-on schedule check
[2022-08-02 16:50:05,155] {local_task_job.py:118} INFO - Task exited with return code 0
