[2022-08-03 03:42:00,737] {taskinstance.py:826} INFO - Dependencies all met for <TaskInstance: penjadwalan.dapat_suhu 2022-08-03T03:40:00+00:00 [queued]>
[2022-08-03 03:42:00,765] {taskinstance.py:826} INFO - Dependencies all met for <TaskInstance: penjadwalan.dapat_suhu 2022-08-03T03:40:00+00:00 [queued]>
[2022-08-03 03:42:00,766] {taskinstance.py:1017} INFO - 
--------------------------------------------------------------------------------
[2022-08-03 03:42:00,767] {taskinstance.py:1018} INFO - Starting attempt 1 of 1
[2022-08-03 03:42:00,768] {taskinstance.py:1019} INFO - 
--------------------------------------------------------------------------------
[2022-08-03 03:42:00,785] {taskinstance.py:1038} INFO - Executing <Task(PythonOperator): dapat_suhu> on 2022-08-03T03:40:00+00:00
[2022-08-03 03:42:00,790] {standard_task_runner.py:51} INFO - Started process 15576 to run task
[2022-08-03 03:42:00,795] {standard_task_runner.py:75} INFO - Running: ['airflow', 'tasks', 'run', 'penjadwalan', 'dapat_suhu', '2022-08-03T03:40:00+00:00', '--job-id', '589', '--pool', 'default_pool', '--raw', '--subdir', 'DAGS_FOLDER/penjadwalan.py', '--cfg-path', '/tmp/tmpbrhsv_8c']
[2022-08-03 03:42:00,800] {standard_task_runner.py:76} INFO - Job 589: Subtask dapat_suhu
[2022-08-03 03:42:00,871] {logging_mixin.py:103} INFO - Running <TaskInstance: penjadwalan.dapat_suhu 2022-08-03T03:40:00+00:00 [running]> on host b4dcda255553
[2022-08-03 03:42:00,949] {taskinstance.py:1232} INFO - Exporting the following env vars:
AIRFLOW_CTX_DAG_OWNER=airflow
AIRFLOW_CTX_DAG_ID=penjadwalan
AIRFLOW_CTX_TASK_ID=dapat_suhu
AIRFLOW_CTX_EXECUTION_DATE=2022-08-03T03:40:00+00:00
AIRFLOW_CTX_DAG_RUN_ID=scheduled__2022-08-03T03:40:00+00:00
[2022-08-03 03:42:01,082] {logging_mixin.py:103} INFO - {'kota': 'Bali', 'cuaca': 'Clouds', 'cuaca_deskripsi': 'scattered clouds', 'temperatur': 302.69, 'waktu': '2022-08-03T03:42:01.081872'}
[2022-08-03 03:42:01,184] {logging_mixin.py:103} INFO - {'kota': 'Lombok', 'cuaca': 'Clouds', 'cuaca_deskripsi': 'overcast clouds', 'temperatur': 298.97, 'waktu': '2022-08-03T03:42:01.184497'}
[2022-08-03 03:42:01,443] {logging_mixin.py:103} INFO - {'kota': 'Labuan Bajo', 'cuaca': 'Clouds', 'cuaca_deskripsi': 'broken clouds', 'temperatur': 302.05, 'waktu': '2022-08-03T03:42:01.443006'}
[2022-08-03 03:42:01,608] {logging_mixin.py:103} INFO - {'kota': 'Bogor', 'cuaca': 'Clouds', 'cuaca_deskripsi': 'overcast clouds', 'temperatur': 304.2, 'waktu': '2022-08-03T03:42:01.608264'}
[2022-08-03 03:42:01,719] {logging_mixin.py:103} INFO - {'kota': 'Bandung', 'cuaca': 'Clouds', 'cuaca_deskripsi': 'broken clouds', 'temperatur': 302.13, 'waktu': '2022-08-03T03:42:01.719018'}
[2022-08-03 03:42:01,719] {python.py:118} INFO - Done. Returned value was: None
[2022-08-03 03:42:01,738] {taskinstance.py:1142} INFO - Marking task as SUCCESS. dag_id=penjadwalan, task_id=dapat_suhu, execution_date=20220803T034000, start_date=20220803T034200, end_date=20220803T034201
[2022-08-03 03:42:01,782] {taskinstance.py:1195} INFO - 0 downstream tasks scheduled from follow-on schedule check
[2022-08-03 03:42:01,810] {local_task_job.py:118} INFO - Task exited with return code 0
