[2022-08-03 05:58:00,816] {taskinstance.py:826} INFO - Dependencies all met for <TaskInstance: penjadwalan.dapat_suhu 2022-08-03T05:56:00+00:00 [queued]>
[2022-08-03 05:58:00,846] {taskinstance.py:826} INFO - Dependencies all met for <TaskInstance: penjadwalan.dapat_suhu 2022-08-03T05:56:00+00:00 [queued]>
[2022-08-03 05:58:00,847] {taskinstance.py:1017} INFO - 
--------------------------------------------------------------------------------
[2022-08-03 05:58:00,847] {taskinstance.py:1018} INFO - Starting attempt 1 of 1
[2022-08-03 05:58:00,848] {taskinstance.py:1019} INFO - 
--------------------------------------------------------------------------------
[2022-08-03 05:58:00,864] {taskinstance.py:1038} INFO - Executing <Task(PythonOperator): dapat_suhu> on 2022-08-03T05:56:00+00:00
[2022-08-03 05:58:00,870] {standard_task_runner.py:51} INFO - Started process 29424 to run task
[2022-08-03 05:58:00,876] {standard_task_runner.py:75} INFO - Running: ['airflow', 'tasks', 'run', 'penjadwalan', 'dapat_suhu', '2022-08-03T05:56:00+00:00', '--job-id', '709', '--pool', 'default_pool', '--raw', '--subdir', 'DAGS_FOLDER/penjadwalan.py', '--cfg-path', '/tmp/tmpuqaly_54']
[2022-08-03 05:58:00,882] {standard_task_runner.py:76} INFO - Job 709: Subtask dapat_suhu
[2022-08-03 05:58:00,969] {logging_mixin.py:103} INFO - Running <TaskInstance: penjadwalan.dapat_suhu 2022-08-03T05:56:00+00:00 [running]> on host b4dcda255553
[2022-08-03 05:58:01,040] {taskinstance.py:1232} INFO - Exporting the following env vars:
AIRFLOW_CTX_DAG_OWNER=airflow
AIRFLOW_CTX_DAG_ID=penjadwalan
AIRFLOW_CTX_TASK_ID=dapat_suhu
AIRFLOW_CTX_EXECUTION_DATE=2022-08-03T05:56:00+00:00
AIRFLOW_CTX_DAG_RUN_ID=scheduled__2022-08-03T05:56:00+00:00
[2022-08-03 05:58:01,372] {logging_mixin.py:103} INFO - {'kota': 'Bali', 'cuaca': 'Clouds', 'cuaca_deskripsi': 'scattered clouds', 'temperatur': 302.69, 'waktu': '2022-08-03T05:58:01.372304'}
[2022-08-03 05:58:01,501] {logging_mixin.py:103} INFO - {'kota': 'Lombok', 'cuaca': 'Rain', 'cuaca_deskripsi': 'moderate rain', 'temperatur': 298.08, 'waktu': '2022-08-03T05:58:01.500967'}
[2022-08-03 05:58:01,671] {logging_mixin.py:103} INFO - {'kota': 'Labuan Bajo', 'cuaca': 'Clouds', 'cuaca_deskripsi': 'broken clouds', 'temperatur': 300.81, 'waktu': '2022-08-03T05:58:01.671332'}
[2022-08-03 05:58:01,799] {logging_mixin.py:103} INFO - {'kota': 'Bogor', 'cuaca': 'Clouds', 'cuaca_deskripsi': 'overcast clouds', 'temperatur': 305.07, 'waktu': '2022-08-03T05:58:01.799023'}
[2022-08-03 05:58:01,912] {logging_mixin.py:103} INFO - {'kota': 'Bandung', 'cuaca': 'Clouds', 'cuaca_deskripsi': 'broken clouds', 'temperatur': 301.75, 'waktu': '2022-08-03T05:58:01.911559'}
[2022-08-03 05:58:01,914] {python.py:118} INFO - Done. Returned value was: None
[2022-08-03 05:58:01,934] {taskinstance.py:1142} INFO - Marking task as SUCCESS. dag_id=penjadwalan, task_id=dapat_suhu, execution_date=20220803T055600, start_date=20220803T055800, end_date=20220803T055801
[2022-08-03 05:58:01,986] {taskinstance.py:1195} INFO - 0 downstream tasks scheduled from follow-on schedule check
[2022-08-03 05:58:02,012] {local_task_job.py:118} INFO - Task exited with return code 0
