[2022-08-03 04:04:00,868] {taskinstance.py:826} INFO - Dependencies all met for <TaskInstance: penjadwalan.dapat_suhu 2022-08-03T04:02:00+00:00 [queued]>
[2022-08-03 04:04:00,895] {taskinstance.py:826} INFO - Dependencies all met for <TaskInstance: penjadwalan.dapat_suhu 2022-08-03T04:02:00+00:00 [queued]>
[2022-08-03 04:04:00,895] {taskinstance.py:1017} INFO - 
--------------------------------------------------------------------------------
[2022-08-03 04:04:00,896] {taskinstance.py:1018} INFO - Starting attempt 1 of 1
[2022-08-03 04:04:00,897] {taskinstance.py:1019} INFO - 
--------------------------------------------------------------------------------
[2022-08-03 04:04:00,919] {taskinstance.py:1038} INFO - Executing <Task(PythonOperator): dapat_suhu> on 2022-08-03T04:02:00+00:00
[2022-08-03 04:04:00,925] {standard_task_runner.py:51} INFO - Started process 4747 to run task
[2022-08-03 04:04:00,933] {standard_task_runner.py:75} INFO - Running: ['airflow', 'tasks', 'run', 'penjadwalan', 'dapat_suhu', '2022-08-03T04:02:00+00:00', '--job-id', '608', '--pool', 'default_pool', '--raw', '--subdir', 'DAGS_FOLDER/penjadwalan.py', '--cfg-path', '/tmp/tmpfddu0in0']
[2022-08-03 04:04:00,938] {standard_task_runner.py:76} INFO - Job 608: Subtask dapat_suhu
[2022-08-03 04:04:01,022] {logging_mixin.py:103} INFO - Running <TaskInstance: penjadwalan.dapat_suhu 2022-08-03T04:02:00+00:00 [running]> on host b4dcda255553
[2022-08-03 04:04:01,172] {taskinstance.py:1232} INFO - Exporting the following env vars:
AIRFLOW_CTX_DAG_OWNER=airflow
AIRFLOW_CTX_DAG_ID=penjadwalan
AIRFLOW_CTX_TASK_ID=dapat_suhu
AIRFLOW_CTX_EXECUTION_DATE=2022-08-03T04:02:00+00:00
AIRFLOW_CTX_DAG_RUN_ID=scheduled__2022-08-03T04:02:00+00:00
[2022-08-03 04:04:01,308] {logging_mixin.py:103} INFO - {'kota': 'Bali', 'cuaca': 'Clouds', 'cuaca_deskripsi': 'scattered clouds', 'temperatur': 302.69, 'waktu': '2022-08-03T04:04:01.308279'}
[2022-08-03 04:04:01,487] {logging_mixin.py:103} INFO - {'kota': 'Lombok', 'cuaca': 'Clouds', 'cuaca_deskripsi': 'overcast clouds', 'temperatur': 298.97, 'waktu': '2022-08-03T04:04:01.487543'}
[2022-08-03 04:04:01,606] {logging_mixin.py:103} INFO - {'kota': 'Labuan Bajo', 'cuaca': 'Clouds', 'cuaca_deskripsi': 'broken clouds', 'temperatur': 302.05, 'waktu': '2022-08-03T04:04:01.606700'}
[2022-08-03 04:04:01,728] {logging_mixin.py:103} INFO - {'kota': 'Bogor', 'cuaca': 'Clouds', 'cuaca_deskripsi': 'overcast clouds', 'temperatur': 305.31, 'waktu': '2022-08-03T04:04:01.728066'}
[2022-08-03 04:04:01,914] {logging_mixin.py:103} INFO - {'kota': 'Bandung', 'cuaca': 'Clouds', 'cuaca_deskripsi': 'broken clouds', 'temperatur': 302.13, 'waktu': '2022-08-03T04:04:01.914012'}
[2022-08-03 04:04:01,914] {python.py:118} INFO - Done. Returned value was: None
[2022-08-03 04:04:01,935] {taskinstance.py:1142} INFO - Marking task as SUCCESS. dag_id=penjadwalan, task_id=dapat_suhu, execution_date=20220803T040200, start_date=20220803T040400, end_date=20220803T040401
[2022-08-03 04:04:01,980] {taskinstance.py:1195} INFO - 0 downstream tasks scheduled from follow-on schedule check
[2022-08-03 04:04:01,989] {local_task_job.py:118} INFO - Task exited with return code 0
