[2022-08-03 05:54:00,524] {taskinstance.py:826} INFO - Dependencies all met for <TaskInstance: penjadwalan.dapat_suhu 2022-08-03T05:52:00+00:00 [queued]>
[2022-08-03 05:54:00,550] {taskinstance.py:826} INFO - Dependencies all met for <TaskInstance: penjadwalan.dapat_suhu 2022-08-03T05:52:00+00:00 [queued]>
[2022-08-03 05:54:00,551] {taskinstance.py:1017} INFO - 
--------------------------------------------------------------------------------
[2022-08-03 05:54:00,551] {taskinstance.py:1018} INFO - Starting attempt 1 of 1
[2022-08-03 05:54:00,552] {taskinstance.py:1019} INFO - 
--------------------------------------------------------------------------------
[2022-08-03 05:54:00,565] {taskinstance.py:1038} INFO - Executing <Task(PythonOperator): dapat_suhu> on 2022-08-03T05:52:00+00:00
[2022-08-03 05:54:00,571] {standard_task_runner.py:51} INFO - Started process 18685 to run task
[2022-08-03 05:54:00,577] {standard_task_runner.py:75} INFO - Running: ['airflow', 'tasks', 'run', 'penjadwalan', 'dapat_suhu', '2022-08-03T05:52:00+00:00', '--job-id', '707', '--pool', 'default_pool', '--raw', '--subdir', 'DAGS_FOLDER/penjadwalan.py', '--cfg-path', '/tmp/tmpq1n0wnzv']
[2022-08-03 05:54:00,581] {standard_task_runner.py:76} INFO - Job 707: Subtask dapat_suhu
[2022-08-03 05:54:00,656] {logging_mixin.py:103} INFO - Running <TaskInstance: penjadwalan.dapat_suhu 2022-08-03T05:52:00+00:00 [running]> on host b4dcda255553
[2022-08-03 05:54:00,736] {taskinstance.py:1232} INFO - Exporting the following env vars:
AIRFLOW_CTX_DAG_OWNER=airflow
AIRFLOW_CTX_DAG_ID=penjadwalan
AIRFLOW_CTX_TASK_ID=dapat_suhu
AIRFLOW_CTX_EXECUTION_DATE=2022-08-03T05:52:00+00:00
AIRFLOW_CTX_DAG_RUN_ID=scheduled__2022-08-03T05:52:00+00:00
[2022-08-03 05:54:00,897] {logging_mixin.py:103} INFO - {'kota': 'Bali', 'cuaca': 'Clouds', 'cuaca_deskripsi': 'scattered clouds', 'temperatur': 302.69, 'waktu': '2022-08-03T05:54:00.897243'}
[2022-08-03 05:54:01,025] {logging_mixin.py:103} INFO - {'kota': 'Lombok', 'cuaca': 'Rain', 'cuaca_deskripsi': 'moderate rain', 'temperatur': 298.08, 'waktu': '2022-08-03T05:54:01.025008'}
[2022-08-03 05:54:01,147] {logging_mixin.py:103} INFO - {'kota': 'Labuan Bajo', 'cuaca': 'Clouds', 'cuaca_deskripsi': 'overcast clouds', 'temperatur': 300.85, 'waktu': '2022-08-03T05:54:01.146998'}
[2022-08-03 05:54:01,270] {logging_mixin.py:103} INFO - {'kota': 'Bogor', 'cuaca': 'Clouds', 'cuaca_deskripsi': 'overcast clouds', 'temperatur': 304.52, 'waktu': '2022-08-03T05:54:01.270016'}
[2022-08-03 05:54:01,397] {logging_mixin.py:103} INFO - {'kota': 'Bandung', 'cuaca': 'Clouds', 'cuaca_deskripsi': 'broken clouds', 'temperatur': 301.75, 'waktu': '2022-08-03T05:54:01.397497'}
[2022-08-03 05:54:01,398] {python.py:118} INFO - Done. Returned value was: None
[2022-08-03 05:54:01,421] {taskinstance.py:1142} INFO - Marking task as SUCCESS. dag_id=penjadwalan, task_id=dapat_suhu, execution_date=20220803T055200, start_date=20220803T055400, end_date=20220803T055401
[2022-08-03 05:54:01,473] {taskinstance.py:1195} INFO - 0 downstream tasks scheduled from follow-on schedule check
[2022-08-03 05:54:01,511] {local_task_job.py:118} INFO - Task exited with return code 0
