[2022-08-02 15:30:01,213] {taskinstance.py:826} INFO - Dependencies all met for <TaskInstance: my_simple_dag.say_Hi 2022-08-02T15:20:00+00:00 [queued]>
[2022-08-02 15:30:01,254] {taskinstance.py:826} INFO - Dependencies all met for <TaskInstance: my_simple_dag.say_Hi 2022-08-02T15:20:00+00:00 [queued]>
[2022-08-02 15:30:01,255] {taskinstance.py:1017} INFO - 
--------------------------------------------------------------------------------
[2022-08-02 15:30:01,256] {taskinstance.py:1018} INFO - Starting attempt 1 of 1
[2022-08-02 15:30:01,257] {taskinstance.py:1019} INFO - 
--------------------------------------------------------------------------------
[2022-08-02 15:30:01,275] {taskinstance.py:1038} INFO - Executing <Task(BashOperator): say_Hi> on 2022-08-02T15:20:00+00:00
[2022-08-02 15:30:01,281] {standard_task_runner.py:51} INFO - Started process 15497 to run task
[2022-08-02 15:30:01,289] {standard_task_runner.py:75} INFO - Running: ['airflow', 'tasks', 'run', 'my_simple_dag', 'say_Hi', '2022-08-02T15:20:00+00:00', '--job-id', '58', '--pool', 'default_pool', '--raw', '--subdir', 'DAGS_FOLDER/my_simple_dag.py', '--cfg-path', '/tmp/tmpe3zb6go1']
[2022-08-02 15:30:01,294] {standard_task_runner.py:76} INFO - Job 58: Subtask say_Hi
[2022-08-02 15:30:01,418] {logging_mixin.py:103} INFO - Running <TaskInstance: my_simple_dag.say_Hi 2022-08-02T15:20:00+00:00 [running]> on host b4dcda255553
[2022-08-02 15:30:01,546] {taskinstance.py:1232} INFO - Exporting the following env vars:
AIRFLOW_CTX_DAG_OWNER=airflow
AIRFLOW_CTX_DAG_ID=my_simple_dag
AIRFLOW_CTX_TASK_ID=say_Hi
AIRFLOW_CTX_EXECUTION_DATE=2022-08-02T15:20:00+00:00
AIRFLOW_CTX_DAG_RUN_ID=scheduled__2022-08-02T15:20:00+00:00
[2022-08-02 15:30:01,547] {bash.py:135} INFO - Tmp dir root location: 
 /tmp
[2022-08-02 15:30:01,549] {bash.py:158} INFO - Running command: echo "Hi!!"
[2022-08-02 15:30:01,568] {bash.py:169} INFO - Output:
[2022-08-02 15:30:01,570] {bash.py:173} INFO - Hi!!
[2022-08-02 15:30:01,571] {bash.py:177} INFO - Command exited with return code 0
[2022-08-02 15:30:01,641] {taskinstance.py:1142} INFO - Marking task as SUCCESS. dag_id=my_simple_dag, task_id=say_Hi, execution_date=20220802T152000, start_date=20220802T153001, end_date=20220802T153001
[2022-08-02 15:30:01,808] {taskinstance.py:1195} INFO - 0 downstream tasks scheduled from follow-on schedule check
[2022-08-02 15:30:01,870] {local_task_job.py:118} INFO - Task exited with return code 0
