[2022-08-03 00:45:22,321] {taskinstance.py:826} INFO - Dependencies all met for <TaskInstance: penjadwalan.dapat_suhu 2022-08-02T18:44:00+00:00 [queued]>
[2022-08-03 00:45:22,444] {taskinstance.py:826} INFO - Dependencies all met for <TaskInstance: penjadwalan.dapat_suhu 2022-08-02T18:44:00+00:00 [queued]>
[2022-08-03 00:45:22,448] {taskinstance.py:1017} INFO - 
--------------------------------------------------------------------------------
[2022-08-03 00:45:22,449] {taskinstance.py:1018} INFO - Starting attempt 1 of 1
[2022-08-03 00:45:22,450] {taskinstance.py:1019} INFO - 
--------------------------------------------------------------------------------
[2022-08-03 00:45:22,524] {taskinstance.py:1038} INFO - Executing <Task(PythonOperator): dapat_suhu> on 2022-08-02T18:44:00+00:00
[2022-08-03 00:45:22,542] {standard_task_runner.py:51} INFO - Started process 25843 to run task
[2022-08-03 00:45:22,554] {standard_task_runner.py:75} INFO - Running: ['airflow', 'tasks', 'run', 'penjadwalan', 'dapat_suhu', '2022-08-02T18:44:00+00:00', '--job-id', '249', '--pool', 'default_pool', '--raw', '--subdir', 'DAGS_FOLDER/penjadwalan.py', '--cfg-path', '/tmp/tmpmfxckegn']
[2022-08-03 00:45:22,560] {standard_task_runner.py:76} INFO - Job 249: Subtask dapat_suhu
[2022-08-03 00:45:22,812] {logging_mixin.py:103} INFO - Running <TaskInstance: penjadwalan.dapat_suhu 2022-08-02T18:44:00+00:00 [running]> on host b4dcda255553
[2022-08-03 00:45:23,124] {taskinstance.py:1232} INFO - Exporting the following env vars:
AIRFLOW_CTX_DAG_OWNER=airflow
AIRFLOW_CTX_DAG_ID=penjadwalan
AIRFLOW_CTX_TASK_ID=dapat_suhu
AIRFLOW_CTX_EXECUTION_DATE=2022-08-02T18:44:00+00:00
AIRFLOW_CTX_DAG_RUN_ID=scheduled__2022-08-02T18:44:00+00:00
[2022-08-03 00:45:25,164] {logging_mixin.py:103} INFO - {'kota': 'Bali', 'cuaca': 'Clouds', 'cuaca_deskripsi': 'overcast clouds', 'temperatur': 298.28, 'waktu': '2022-08-03T00:45:25.164709'}
[2022-08-03 00:45:25,605] {logging_mixin.py:103} INFO - {'kota': 'Lombok', 'cuaca': 'Clouds', 'cuaca_deskripsi': 'overcast clouds', 'temperatur': 295.51, 'waktu': '2022-08-03T00:45:25.605541'}
[2022-08-03 00:45:25,912] {logging_mixin.py:103} INFO - {'kota': 'Labuan Bajo', 'cuaca': 'Clouds', 'cuaca_deskripsi': 'scattered clouds', 'temperatur': 300.93, 'waktu': '2022-08-03T00:45:25.900707'}
[2022-08-03 00:45:26,979] {logging_mixin.py:103} INFO - {'kota': 'Bogor', 'cuaca': 'Rain', 'cuaca_deskripsi': 'light rain', 'temperatur': 300.87, 'waktu': '2022-08-03T00:45:26.978878'}
[2022-08-03 00:45:29,765] {logging_mixin.py:103} INFO - {'kota': 'Bandung', 'cuaca': 'Clouds', 'cuaca_deskripsi': 'scattered clouds', 'temperatur': 296.92, 'waktu': '2022-08-03T00:45:29.760449'}
[2022-08-03 00:45:29,768] {python.py:118} INFO - Done. Returned value was: None
[2022-08-03 00:45:29,809] {taskinstance.py:1142} INFO - Marking task as SUCCESS. dag_id=penjadwalan, task_id=dapat_suhu, execution_date=20220802T184400, start_date=20220803T004522, end_date=20220803T004529
[2022-08-03 00:45:29,951] {taskinstance.py:1195} INFO - 0 downstream tasks scheduled from follow-on schedule check
[2022-08-03 00:45:30,004] {local_task_job.py:118} INFO - Task exited with return code 0
