[2022-08-02 17:34:02,125] {taskinstance.py:826} INFO - Dependencies all met for <TaskInstance: penjadwalan.dapat_suhu 2022-08-02T17:32:00+00:00 [queued]>
[2022-08-02 17:34:02,181] {taskinstance.py:826} INFO - Dependencies all met for <TaskInstance: penjadwalan.dapat_suhu 2022-08-02T17:32:00+00:00 [queued]>
[2022-08-02 17:34:02,182] {taskinstance.py:1017} INFO - 
--------------------------------------------------------------------------------
[2022-08-02 17:34:02,183] {taskinstance.py:1018} INFO - Starting attempt 1 of 1
[2022-08-02 17:34:02,184] {taskinstance.py:1019} INFO - 
--------------------------------------------------------------------------------
[2022-08-02 17:34:02,214] {taskinstance.py:1038} INFO - Executing <Task(PythonOperator): dapat_suhu> on 2022-08-02T17:32:00+00:00
[2022-08-02 17:34:02,223] {standard_task_runner.py:51} INFO - Started process 23016 to run task
[2022-08-02 17:34:02,236] {standard_task_runner.py:75} INFO - Running: ['airflow', 'tasks', 'run', 'penjadwalan', 'dapat_suhu', '2022-08-02T17:32:00+00:00', '--job-id', '205', '--pool', 'default_pool', '--raw', '--subdir', 'DAGS_FOLDER/penjadwalan.py', '--cfg-path', '/tmp/tmpqzq14e3j']
[2022-08-02 17:34:02,242] {standard_task_runner.py:76} INFO - Job 205: Subtask dapat_suhu
[2022-08-02 17:34:02,345] {logging_mixin.py:103} INFO - Running <TaskInstance: penjadwalan.dapat_suhu 2022-08-02T17:32:00+00:00 [running]> on host b4dcda255553
[2022-08-02 17:34:02,468] {taskinstance.py:1232} INFO - Exporting the following env vars:
AIRFLOW_CTX_DAG_OWNER=airflow
AIRFLOW_CTX_DAG_ID=penjadwalan
AIRFLOW_CTX_TASK_ID=dapat_suhu
AIRFLOW_CTX_EXECUTION_DATE=2022-08-02T17:32:00+00:00
AIRFLOW_CTX_DAG_RUN_ID=scheduled__2022-08-02T17:32:00+00:00
[2022-08-02 17:34:03,459] {logging_mixin.py:103} INFO - {'kota': 'Bali', 'cuaca': 'Clouds', 'cuaca_deskripsi': 'overcast clouds', 'temperatur': 298.28, 'waktu': '2022-08-02T17:34:03.459477'}
[2022-08-02 17:34:04,355] {logging_mixin.py:103} INFO - {'kota': 'Lombok', 'cuaca': 'Clouds', 'cuaca_deskripsi': 'broken clouds', 'temperatur': 293.31, 'waktu': '2022-08-02T17:34:04.355257'}
[2022-08-02 17:34:04,840] {logging_mixin.py:103} INFO - {'kota': 'Labuan Bajo', 'cuaca': 'Clouds', 'cuaca_deskripsi': 'broken clouds', 'temperatur': 297.04, 'waktu': '2022-08-02T17:34:04.840144'}
[2022-08-02 17:34:05,038] {logging_mixin.py:103} INFO - {'kota': 'Bogor', 'cuaca': 'Rain', 'cuaca_deskripsi': 'light rain', 'temperatur': 296.93, 'waktu': '2022-08-02T17:34:05.038340'}
[2022-08-02 17:34:05,221] {logging_mixin.py:103} INFO - {'kota': 'Bandung', 'cuaca': 'Clouds', 'cuaca_deskripsi': 'broken clouds', 'temperatur': 293.29, 'waktu': '2022-08-02T17:34:05.221271'}
[2022-08-02 17:34:05,222] {python.py:118} INFO - Done. Returned value was: None
[2022-08-02 17:34:05,241] {taskinstance.py:1142} INFO - Marking task as SUCCESS. dag_id=penjadwalan, task_id=dapat_suhu, execution_date=20220802T173200, start_date=20220802T173402, end_date=20220802T173405
[2022-08-02 17:34:05,301] {taskinstance.py:1195} INFO - 0 downstream tasks scheduled from follow-on schedule check
[2022-08-02 17:34:05,341] {local_task_job.py:118} INFO - Task exited with return code 0
