[2022-08-03 02:58:00,970] {taskinstance.py:826} INFO - Dependencies all met for <TaskInstance: penjadwalan.dapat_suhu 2022-08-03T02:56:00+00:00 [queued]>
[2022-08-03 02:58:00,996] {taskinstance.py:826} INFO - Dependencies all met for <TaskInstance: penjadwalan.dapat_suhu 2022-08-03T02:56:00+00:00 [queued]>
[2022-08-03 02:58:00,996] {taskinstance.py:1017} INFO - 
--------------------------------------------------------------------------------
[2022-08-03 02:58:00,997] {taskinstance.py:1018} INFO - Starting attempt 1 of 1
[2022-08-03 02:58:00,997] {taskinstance.py:1019} INFO - 
--------------------------------------------------------------------------------
[2022-08-03 02:58:01,012] {taskinstance.py:1038} INFO - Executing <Task(PythonOperator): dapat_suhu> on 2022-08-03T02:56:00+00:00
[2022-08-03 02:58:01,018] {standard_task_runner.py:51} INFO - Started process 12694 to run task
[2022-08-03 02:58:01,023] {standard_task_runner.py:75} INFO - Running: ['airflow', 'tasks', 'run', 'penjadwalan', 'dapat_suhu', '2022-08-03T02:56:00+00:00', '--job-id', '547', '--pool', 'default_pool', '--raw', '--subdir', 'DAGS_FOLDER/penjadwalan.py', '--cfg-path', '/tmp/tmp_vpmn_9b']
[2022-08-03 02:58:01,027] {standard_task_runner.py:76} INFO - Job 547: Subtask dapat_suhu
[2022-08-03 02:58:01,105] {logging_mixin.py:103} INFO - Running <TaskInstance: penjadwalan.dapat_suhu 2022-08-03T02:56:00+00:00 [running]> on host b4dcda255553
[2022-08-03 02:58:01,181] {taskinstance.py:1232} INFO - Exporting the following env vars:
AIRFLOW_CTX_DAG_OWNER=airflow
AIRFLOW_CTX_DAG_ID=penjadwalan
AIRFLOW_CTX_TASK_ID=dapat_suhu
AIRFLOW_CTX_EXECUTION_DATE=2022-08-03T02:56:00+00:00
AIRFLOW_CTX_DAG_RUN_ID=scheduled__2022-08-03T02:56:00+00:00
[2022-08-03 02:58:01,393] {logging_mixin.py:103} INFO - {'kota': 'Bali', 'cuaca': 'Clouds', 'cuaca_deskripsi': 'scattered clouds', 'temperatur': 299.39, 'waktu': '2022-08-03T02:58:01.393371'}
[2022-08-03 02:58:01,583] {logging_mixin.py:103} INFO - {'kota': 'Lombok', 'cuaca': 'Rain', 'cuaca_deskripsi': 'heavy intensity rain', 'temperatur': 297.83, 'waktu': '2022-08-03T02:58:01.583650'}
[2022-08-03 02:58:01,755] {logging_mixin.py:103} INFO - {'kota': 'Labuan Bajo', 'cuaca': 'Clouds', 'cuaca_deskripsi': 'broken clouds', 'temperatur': 302.24, 'waktu': '2022-08-03T02:58:01.754154'}
[2022-08-03 02:58:01,903] {logging_mixin.py:103} INFO - {'kota': 'Bogor', 'cuaca': 'Clouds', 'cuaca_deskripsi': 'overcast clouds', 'temperatur': 302.55, 'waktu': '2022-08-03T02:58:01.903460'}
[2022-08-03 02:58:02,129] {logging_mixin.py:103} INFO - {'kota': 'Bandung', 'cuaca': 'Clouds', 'cuaca_deskripsi': 'broken clouds', 'temperatur': 300.9, 'waktu': '2022-08-03T02:58:02.129674'}
[2022-08-03 02:58:02,141] {python.py:118} INFO - Done. Returned value was: None
[2022-08-03 02:58:02,225] {taskinstance.py:1142} INFO - Marking task as SUCCESS. dag_id=penjadwalan, task_id=dapat_suhu, execution_date=20220803T025600, start_date=20220803T025800, end_date=20220803T025802
[2022-08-03 02:58:02,314] {taskinstance.py:1195} INFO - 0 downstream tasks scheduled from follow-on schedule check
[2022-08-03 02:58:02,362] {local_task_job.py:118} INFO - Task exited with return code 0
