[2022-08-03 07:30:01,182] {taskinstance.py:826} INFO - Dependencies all met for <TaskInstance: penjadwalan.dapat_suhu 2022-08-03T07:28:00+00:00 [queued]>
[2022-08-03 07:30:01,210] {taskinstance.py:826} INFO - Dependencies all met for <TaskInstance: penjadwalan.dapat_suhu 2022-08-03T07:28:00+00:00 [queued]>
[2022-08-03 07:30:01,210] {taskinstance.py:1017} INFO - 
--------------------------------------------------------------------------------
[2022-08-03 07:30:01,211] {taskinstance.py:1018} INFO - Starting attempt 1 of 1
[2022-08-03 07:30:01,211] {taskinstance.py:1019} INFO - 
--------------------------------------------------------------------------------
[2022-08-03 07:30:01,228] {taskinstance.py:1038} INFO - Executing <Task(PythonOperator): dapat_suhu> on 2022-08-03T07:28:00+00:00
[2022-08-03 07:30:01,232] {standard_task_runner.py:51} INFO - Started process 30560 to run task
[2022-08-03 07:30:01,238] {standard_task_runner.py:75} INFO - Running: ['airflow', 'tasks', 'run', 'penjadwalan', 'dapat_suhu', '2022-08-03T07:28:00+00:00', '--job-id', '824', '--pool', 'default_pool', '--raw', '--subdir', 'DAGS_FOLDER/penjadwalan.py', '--cfg-path', '/tmp/tmpo0gkpl97']
[2022-08-03 07:30:01,242] {standard_task_runner.py:76} INFO - Job 824: Subtask dapat_suhu
[2022-08-03 07:30:01,313] {logging_mixin.py:103} INFO - Running <TaskInstance: penjadwalan.dapat_suhu 2022-08-03T07:28:00+00:00 [running]> on host b4dcda255553
[2022-08-03 07:30:01,394] {taskinstance.py:1232} INFO - Exporting the following env vars:
AIRFLOW_CTX_DAG_OWNER=airflow
AIRFLOW_CTX_DAG_ID=penjadwalan
AIRFLOW_CTX_TASK_ID=dapat_suhu
AIRFLOW_CTX_EXECUTION_DATE=2022-08-03T07:28:00+00:00
AIRFLOW_CTX_DAG_RUN_ID=scheduled__2022-08-03T07:28:00+00:00
[2022-08-03 07:30:01,527] {logging_mixin.py:103} INFO - {'kota': 'Bali', 'cuaca': 'Clouds', 'cuaca_deskripsi': 'broken clouds', 'temperatur': 302.69, 'waktu': '2022-08-03T07:30:01.527436'}
[2022-08-03 07:30:01,637] {logging_mixin.py:103} INFO - {'kota': 'Lombok', 'cuaca': 'Clouds', 'cuaca_deskripsi': 'overcast clouds', 'temperatur': 297.58, 'waktu': '2022-08-03T07:30:01.637421'}
[2022-08-03 07:30:01,788] {logging_mixin.py:103} INFO - {'kota': 'Labuan Bajo', 'cuaca': 'Clouds', 'cuaca_deskripsi': 'overcast clouds', 'temperatur': 300.58, 'waktu': '2022-08-03T07:30:01.788270'}
[2022-08-03 07:30:01,906] {logging_mixin.py:103} INFO - {'kota': 'Bogor', 'cuaca': 'Clouds', 'cuaca_deskripsi': 'overcast clouds', 'temperatur': 305.31, 'waktu': '2022-08-03T07:30:01.906198'}
[2022-08-03 07:30:02,155] {logging_mixin.py:103} INFO - {'kota': 'Bandung', 'cuaca': 'Clouds', 'cuaca_deskripsi': 'overcast clouds', 'temperatur': 301.31, 'waktu': '2022-08-03T07:30:02.155785'}
[2022-08-03 07:30:02,158] {python.py:118} INFO - Done. Returned value was: None
[2022-08-03 07:30:02,183] {taskinstance.py:1142} INFO - Marking task as SUCCESS. dag_id=penjadwalan, task_id=dapat_suhu, execution_date=20220803T072800, start_date=20220803T073001, end_date=20220803T073002
[2022-08-03 07:30:02,277] {taskinstance.py:1195} INFO - 0 downstream tasks scheduled from follow-on schedule check
[2022-08-03 07:30:02,301] {local_task_job.py:118} INFO - Task exited with return code 0
