[2022-08-03 10:10:01,026] {taskinstance.py:826} INFO - Dependencies all met for <TaskInstance: penjadwalan.dapat_suhu 2022-08-03T10:08:00+00:00 [queued]>
[2022-08-03 10:10:01,084] {taskinstance.py:826} INFO - Dependencies all met for <TaskInstance: penjadwalan.dapat_suhu 2022-08-03T10:08:00+00:00 [queued]>
[2022-08-03 10:10:01,085] {taskinstance.py:1017} INFO - 
--------------------------------------------------------------------------------
[2022-08-03 10:10:01,086] {taskinstance.py:1018} INFO - Starting attempt 1 of 1
[2022-08-03 10:10:01,088] {taskinstance.py:1019} INFO - 
--------------------------------------------------------------------------------
[2022-08-03 10:10:01,124] {taskinstance.py:1038} INFO - Executing <Task(PythonOperator): dapat_suhu> on 2022-08-03T10:08:00+00:00
[2022-08-03 10:10:01,131] {standard_task_runner.py:51} INFO - Started process 30257 to run task
[2022-08-03 10:10:01,145] {standard_task_runner.py:75} INFO - Running: ['airflow', 'tasks', 'run', 'penjadwalan', 'dapat_suhu', '2022-08-03T10:08:00+00:00', '--job-id', '968', '--pool', 'default_pool', '--raw', '--subdir', 'DAGS_FOLDER/penjadwalan.py', '--cfg-path', '/tmp/tmpkuefzdse']
[2022-08-03 10:10:01,154] {standard_task_runner.py:76} INFO - Job 968: Subtask dapat_suhu
[2022-08-03 10:10:01,303] {logging_mixin.py:103} INFO - Running <TaskInstance: penjadwalan.dapat_suhu 2022-08-03T10:08:00+00:00 [running]> on host b4dcda255553
[2022-08-03 10:10:01,463] {taskinstance.py:1232} INFO - Exporting the following env vars:
AIRFLOW_CTX_DAG_OWNER=airflow
AIRFLOW_CTX_DAG_ID=penjadwalan
AIRFLOW_CTX_TASK_ID=dapat_suhu
AIRFLOW_CTX_EXECUTION_DATE=2022-08-03T10:08:00+00:00
AIRFLOW_CTX_DAG_RUN_ID=scheduled__2022-08-03T10:08:00+00:00
[2022-08-03 10:10:01,856] {logging_mixin.py:103} INFO - {'kota': 'Bali', 'cuaca': 'Clouds', 'cuaca_deskripsi': 'broken clouds', 'temperatur': 300.5, 'waktu': '2022-08-03T10:10:01.856035'}
[2022-08-03 10:10:02,024] {logging_mixin.py:103} INFO - {'kota': 'Lombok', 'cuaca': 'Clouds', 'cuaca_deskripsi': 'overcast clouds', 'temperatur': 295.7, 'waktu': '2022-08-03T10:10:02.023835'}
[2022-08-03 10:10:02,223] {logging_mixin.py:103} INFO - {'kota': 'Labuan Bajo', 'cuaca': 'Clouds', 'cuaca_deskripsi': 'overcast clouds', 'temperatur': 298.84, 'waktu': '2022-08-03T10:10:02.223394'}
[2022-08-03 10:10:02,468] {logging_mixin.py:103} INFO - {'kota': 'Bogor', 'cuaca': 'Clouds', 'cuaca_deskripsi': 'overcast clouds', 'temperatur': 300.27, 'waktu': '2022-08-03T10:10:02.467723'}
[2022-08-03 10:10:02,677] {logging_mixin.py:103} INFO - {'kota': 'Bandung', 'cuaca': 'Clouds', 'cuaca_deskripsi': 'overcast clouds', 'temperatur': 296.4, 'waktu': '2022-08-03T10:10:02.677479'}
[2022-08-03 10:10:02,679] {python.py:118} INFO - Done. Returned value was: None
[2022-08-03 10:10:02,764] {taskinstance.py:1142} INFO - Marking task as SUCCESS. dag_id=penjadwalan, task_id=dapat_suhu, execution_date=20220803T100800, start_date=20220803T101001, end_date=20220803T101002
[2022-08-03 10:10:02,967] {taskinstance.py:1195} INFO - 0 downstream tasks scheduled from follow-on schedule check
[2022-08-03 10:10:03,023] {local_task_job.py:118} INFO - Task exited with return code 0
