[2022-08-03 04:56:02,660] {taskinstance.py:826} INFO - Dependencies all met for <TaskInstance: penjadwalan.dapat_suhu 2022-08-03T04:54:00+00:00 [queued]>
[2022-08-03 04:56:02,690] {taskinstance.py:826} INFO - Dependencies all met for <TaskInstance: penjadwalan.dapat_suhu 2022-08-03T04:54:00+00:00 [queued]>
[2022-08-03 04:56:02,691] {taskinstance.py:1017} INFO - 
--------------------------------------------------------------------------------
[2022-08-03 04:56:02,692] {taskinstance.py:1018} INFO - Starting attempt 1 of 1
[2022-08-03 04:56:02,692] {taskinstance.py:1019} INFO - 
--------------------------------------------------------------------------------
[2022-08-03 04:56:02,708] {taskinstance.py:1038} INFO - Executing <Task(PythonOperator): dapat_suhu> on 2022-08-03T04:54:00+00:00
[2022-08-03 04:56:02,714] {standard_task_runner.py:51} INFO - Started process 12626 to run task
[2022-08-03 04:56:02,719] {standard_task_runner.py:75} INFO - Running: ['airflow', 'tasks', 'run', 'penjadwalan', 'dapat_suhu', '2022-08-03T04:54:00+00:00', '--job-id', '654', '--pool', 'default_pool', '--raw', '--subdir', 'DAGS_FOLDER/penjadwalan.py', '--cfg-path', '/tmp/tmpnmqhwfli']
[2022-08-03 04:56:02,724] {standard_task_runner.py:76} INFO - Job 654: Subtask dapat_suhu
[2022-08-03 04:56:02,805] {logging_mixin.py:103} INFO - Running <TaskInstance: penjadwalan.dapat_suhu 2022-08-03T04:54:00+00:00 [running]> on host b4dcda255553
[2022-08-03 04:56:02,889] {taskinstance.py:1232} INFO - Exporting the following env vars:
AIRFLOW_CTX_DAG_OWNER=airflow
AIRFLOW_CTX_DAG_ID=penjadwalan
AIRFLOW_CTX_TASK_ID=dapat_suhu
AIRFLOW_CTX_EXECUTION_DATE=2022-08-03T04:54:00+00:00
AIRFLOW_CTX_DAG_RUN_ID=scheduled__2022-08-03T04:54:00+00:00
[2022-08-03 04:56:03,041] {logging_mixin.py:103} INFO - {'kota': 'Bali', 'cuaca': 'Clouds', 'cuaca_deskripsi': 'scattered clouds', 'temperatur': 302.69, 'waktu': '2022-08-03T04:56:03.041265'}
[2022-08-03 04:56:03,171] {logging_mixin.py:103} INFO - {'kota': 'Lombok', 'cuaca': 'Clouds', 'cuaca_deskripsi': 'overcast clouds', 'temperatur': 298.32, 'waktu': '2022-08-03T04:56:03.171622'}
[2022-08-03 04:56:03,287] {logging_mixin.py:103} INFO - {'kota': 'Labuan Bajo', 'cuaca': 'Clouds', 'cuaca_deskripsi': 'broken clouds', 'temperatur': 301.43, 'waktu': '2022-08-03T04:56:03.286840'}
[2022-08-03 04:56:03,410] {logging_mixin.py:103} INFO - {'kota': 'Bogor', 'cuaca': 'Clouds', 'cuaca_deskripsi': 'overcast clouds', 'temperatur': 303.96, 'waktu': '2022-08-03T04:56:03.409874'}
[2022-08-03 04:56:03,525] {logging_mixin.py:103} INFO - {'kota': 'Bandung', 'cuaca': 'Clouds', 'cuaca_deskripsi': 'broken clouds', 'temperatur': 302.02, 'waktu': '2022-08-03T04:56:03.525600'}
[2022-08-03 04:56:03,526] {python.py:118} INFO - Done. Returned value was: None
[2022-08-03 04:56:03,557] {taskinstance.py:1142} INFO - Marking task as SUCCESS. dag_id=penjadwalan, task_id=dapat_suhu, execution_date=20220803T045400, start_date=20220803T045602, end_date=20220803T045603
[2022-08-03 04:56:03,605] {taskinstance.py:1195} INFO - 0 downstream tasks scheduled from follow-on schedule check
[2022-08-03 04:56:03,618] {local_task_job.py:118} INFO - Task exited with return code 0
