[2022-08-03 07:00:02,907] {taskinstance.py:826} INFO - Dependencies all met for <TaskInstance: penjadwalan.dapat_suhu 2022-08-03T06:58:00+00:00 [queued]>
[2022-08-03 07:00:02,990] {taskinstance.py:826} INFO - Dependencies all met for <TaskInstance: penjadwalan.dapat_suhu 2022-08-03T06:58:00+00:00 [queued]>
[2022-08-03 07:00:02,995] {taskinstance.py:1017} INFO - 
--------------------------------------------------------------------------------
[2022-08-03 07:00:03,004] {taskinstance.py:1018} INFO - Starting attempt 1 of 1
[2022-08-03 07:00:03,016] {taskinstance.py:1019} INFO - 
--------------------------------------------------------------------------------
[2022-08-03 07:00:03,081] {taskinstance.py:1038} INFO - Executing <Task(PythonOperator): dapat_suhu> on 2022-08-03T06:58:00+00:00
[2022-08-03 07:00:03,090] {standard_task_runner.py:51} INFO - Started process 20566 to run task
[2022-08-03 07:00:03,101] {standard_task_runner.py:75} INFO - Running: ['airflow', 'tasks', 'run', 'penjadwalan', 'dapat_suhu', '2022-08-03T06:58:00+00:00', '--job-id', '797', '--pool', 'default_pool', '--raw', '--subdir', 'DAGS_FOLDER/penjadwalan.py', '--cfg-path', '/tmp/tmp6mog6v6h']
[2022-08-03 07:00:03,109] {standard_task_runner.py:76} INFO - Job 797: Subtask dapat_suhu
[2022-08-03 07:00:03,340] {logging_mixin.py:103} INFO - Running <TaskInstance: penjadwalan.dapat_suhu 2022-08-03T06:58:00+00:00 [running]> on host b4dcda255553
[2022-08-03 07:00:03,546] {taskinstance.py:1232} INFO - Exporting the following env vars:
AIRFLOW_CTX_DAG_OWNER=airflow
AIRFLOW_CTX_DAG_ID=penjadwalan
AIRFLOW_CTX_TASK_ID=dapat_suhu
AIRFLOW_CTX_EXECUTION_DATE=2022-08-03T06:58:00+00:00
AIRFLOW_CTX_DAG_RUN_ID=scheduled__2022-08-03T06:58:00+00:00
[2022-08-03 07:00:03,830] {logging_mixin.py:103} INFO - {'kota': 'Bali', 'cuaca': 'Clouds', 'cuaca_deskripsi': 'broken clouds', 'temperatur': 302.69, 'waktu': '2022-08-03T07:00:03.830797'}
[2022-08-03 07:00:04,006] {logging_mixin.py:103} INFO - {'kota': 'Lombok', 'cuaca': 'Rain', 'cuaca_deskripsi': 'light rain', 'temperatur': 297.58, 'waktu': '2022-08-03T07:00:04.006560'}
[2022-08-03 07:00:04,198] {logging_mixin.py:103} INFO - {'kota': 'Labuan Bajo', 'cuaca': 'Clouds', 'cuaca_deskripsi': 'overcast clouds', 'temperatur': 300.69, 'waktu': '2022-08-03T07:00:04.198604'}
[2022-08-03 07:00:04,413] {logging_mixin.py:103} INFO - {'kota': 'Bogor', 'cuaca': 'Clouds', 'cuaca_deskripsi': 'overcast clouds', 'temperatur': 305.31, 'waktu': '2022-08-03T07:00:04.413389'}
[2022-08-03 07:00:04,607] {logging_mixin.py:103} INFO - {'kota': 'Bandung', 'cuaca': 'Clouds', 'cuaca_deskripsi': 'overcast clouds', 'temperatur': 301.31, 'waktu': '2022-08-03T07:00:04.607837'}
[2022-08-03 07:00:04,608] {python.py:118} INFO - Done. Returned value was: None
[2022-08-03 07:00:04,641] {taskinstance.py:1142} INFO - Marking task as SUCCESS. dag_id=penjadwalan, task_id=dapat_suhu, execution_date=20220803T065800, start_date=20220803T070002, end_date=20220803T070004
[2022-08-03 07:00:04,724] {taskinstance.py:1195} INFO - 0 downstream tasks scheduled from follow-on schedule check
[2022-08-03 07:00:04,775] {local_task_job.py:118} INFO - Task exited with return code 0
