[2022-08-02 16:30:03,913] {taskinstance.py:826} INFO - Dependencies all met for <TaskInstance: my_simple_dag.greet 2022-08-02T16:20:00+00:00 [queued]>
[2022-08-02 16:30:03,939] {taskinstance.py:826} INFO - Dependencies all met for <TaskInstance: my_simple_dag.greet 2022-08-02T16:20:00+00:00 [queued]>
[2022-08-02 16:30:03,940] {taskinstance.py:1017} INFO - 
--------------------------------------------------------------------------------
[2022-08-02 16:30:03,940] {taskinstance.py:1018} INFO - Starting attempt 1 of 1
[2022-08-02 16:30:03,941] {taskinstance.py:1019} INFO - 
--------------------------------------------------------------------------------
[2022-08-02 16:30:03,959] {taskinstance.py:1038} INFO - Executing <Task(PythonOperator): greet> on 2022-08-02T16:20:00+00:00
[2022-08-02 16:30:03,963] {standard_task_runner.py:51} INFO - Started process 13024 to run task
[2022-08-02 16:30:03,970] {standard_task_runner.py:75} INFO - Running: ['airflow', 'tasks', 'run', 'my_simple_dag', 'greet', '2022-08-02T16:20:00+00:00', '--job-id', '135', '--pool', 'default_pool', '--raw', '--subdir', 'DAGS_FOLDER/my_simple_dag.py', '--cfg-path', '/tmp/tmpwq1rspvp']
[2022-08-02 16:30:03,976] {standard_task_runner.py:76} INFO - Job 135: Subtask greet
[2022-08-02 16:30:04,069] {logging_mixin.py:103} INFO - Running <TaskInstance: my_simple_dag.greet 2022-08-02T16:20:00+00:00 [running]> on host b4dcda255553
[2022-08-02 16:30:04,182] {taskinstance.py:1232} INFO - Exporting the following env vars:
AIRFLOW_CTX_DAG_OWNER=airflow
AIRFLOW_CTX_DAG_ID=my_simple_dag
AIRFLOW_CTX_TASK_ID=greet
AIRFLOW_CTX_EXECUTION_DATE=2022-08-02T16:20:00+00:00
AIRFLOW_CTX_DAG_RUN_ID=scheduled__2022-08-02T16:20:00+00:00
[2022-08-02 16:30:04,184] {logging_mixin.py:103} INFO - Halo Salam dari Apache Airflow2022-08-02 16:30
[2022-08-02 16:30:04,186] {python.py:118} INFO - Done. Returned value was: None
[2022-08-02 16:30:04,209] {taskinstance.py:1142} INFO - Marking task as SUCCESS. dag_id=my_simple_dag, task_id=greet, execution_date=20220802T162000, start_date=20220802T163003, end_date=20220802T163004
[2022-08-02 16:30:04,271] {taskinstance.py:1195} INFO - 1 downstream tasks scheduled from follow-on schedule check
[2022-08-02 16:30:04,302] {local_task_job.py:118} INFO - Task exited with return code 0
