[2022-08-03 00:48:29,449] {taskinstance.py:826} INFO - Dependencies all met for <TaskInstance: penjadwalan.dapat_suhu 2022-08-03T00:42:00+00:00 [queued]>
[2022-08-03 00:48:29,500] {taskinstance.py:826} INFO - Dependencies all met for <TaskInstance: penjadwalan.dapat_suhu 2022-08-03T00:42:00+00:00 [queued]>
[2022-08-03 00:48:29,501] {taskinstance.py:1017} INFO - 
--------------------------------------------------------------------------------
[2022-08-03 00:48:29,502] {taskinstance.py:1018} INFO - Starting attempt 1 of 1
[2022-08-03 00:48:29,503] {taskinstance.py:1019} INFO - 
--------------------------------------------------------------------------------
[2022-08-03 00:48:29,528] {taskinstance.py:1038} INFO - Executing <Task(PythonOperator): dapat_suhu> on 2022-08-03T00:42:00+00:00
[2022-08-03 00:48:29,536] {standard_task_runner.py:51} INFO - Started process 1308 to run task
[2022-08-03 00:48:29,543] {standard_task_runner.py:75} INFO - Running: ['airflow', 'tasks', 'run', 'penjadwalan', 'dapat_suhu', '2022-08-03T00:42:00+00:00', '--job-id', '428', '--pool', 'default_pool', '--raw', '--subdir', 'DAGS_FOLDER/penjadwalan.py', '--cfg-path', '/tmp/tmppyzcbfwf']
[2022-08-03 00:48:29,550] {standard_task_runner.py:76} INFO - Job 428: Subtask dapat_suhu
[2022-08-03 00:48:29,683] {logging_mixin.py:103} INFO - Running <TaskInstance: penjadwalan.dapat_suhu 2022-08-03T00:42:00+00:00 [running]> on host b4dcda255553
[2022-08-03 00:48:29,800] {taskinstance.py:1232} INFO - Exporting the following env vars:
AIRFLOW_CTX_DAG_OWNER=airflow
AIRFLOW_CTX_DAG_ID=penjadwalan
AIRFLOW_CTX_TASK_ID=dapat_suhu
AIRFLOW_CTX_EXECUTION_DATE=2022-08-03T00:42:00+00:00
AIRFLOW_CTX_DAG_RUN_ID=scheduled__2022-08-03T00:42:00+00:00
[2022-08-03 00:48:30,223] {logging_mixin.py:103} INFO - {'kota': 'Bali', 'cuaca': 'Clouds', 'cuaca_deskripsi': 'overcast clouds', 'temperatur': 298.28, 'waktu': '2022-08-03T00:48:30.222935'}
[2022-08-03 00:48:30,769] {logging_mixin.py:103} INFO - {'kota': 'Lombok', 'cuaca': 'Clouds', 'cuaca_deskripsi': 'overcast clouds', 'temperatur': 295.51, 'waktu': '2022-08-03T00:48:30.769444'}
[2022-08-03 00:48:32,030] {logging_mixin.py:103} INFO - {'kota': 'Labuan Bajo', 'cuaca': 'Clouds', 'cuaca_deskripsi': 'scattered clouds', 'temperatur': 300.93, 'waktu': '2022-08-03T00:48:32.030071'}
[2022-08-03 00:48:32,567] {logging_mixin.py:103} INFO - {'kota': 'Bogor', 'cuaca': 'Rain', 'cuaca_deskripsi': 'light rain', 'temperatur': 300.87, 'waktu': '2022-08-03T00:48:32.567763'}
[2022-08-03 00:48:33,638] {logging_mixin.py:103} INFO - {'kota': 'Bandung', 'cuaca': 'Clouds', 'cuaca_deskripsi': 'scattered clouds', 'temperatur': 296.92, 'waktu': '2022-08-03T00:48:33.638361'}
[2022-08-03 00:48:33,639] {python.py:118} INFO - Done. Returned value was: None
[2022-08-03 00:48:33,654] {taskinstance.py:1142} INFO - Marking task as SUCCESS. dag_id=penjadwalan, task_id=dapat_suhu, execution_date=20220803T004200, start_date=20220803T004829, end_date=20220803T004833
[2022-08-03 00:48:33,691] {taskinstance.py:1195} INFO - 0 downstream tasks scheduled from follow-on schedule check
[2022-08-03 00:48:33,737] {local_task_job.py:118} INFO - Task exited with return code 0
