[2022-08-03 07:36:01,758] {taskinstance.py:826} INFO - Dependencies all met for <TaskInstance: penjadwalan.dapat_suhu 2022-08-03T07:34:00+00:00 [queued]>
[2022-08-03 07:36:01,795] {taskinstance.py:826} INFO - Dependencies all met for <TaskInstance: penjadwalan.dapat_suhu 2022-08-03T07:34:00+00:00 [queued]>
[2022-08-03 07:36:01,796] {taskinstance.py:1017} INFO - 
--------------------------------------------------------------------------------
[2022-08-03 07:36:01,796] {taskinstance.py:1018} INFO - Starting attempt 1 of 1
[2022-08-03 07:36:01,797] {taskinstance.py:1019} INFO - 
--------------------------------------------------------------------------------
[2022-08-03 07:36:01,825] {taskinstance.py:1038} INFO - Executing <Task(PythonOperator): dapat_suhu> on 2022-08-03T07:34:00+00:00
[2022-08-03 07:36:01,830] {standard_task_runner.py:51} INFO - Started process 10458 to run task
[2022-08-03 07:36:01,841] {standard_task_runner.py:75} INFO - Running: ['airflow', 'tasks', 'run', 'penjadwalan', 'dapat_suhu', '2022-08-03T07:34:00+00:00', '--job-id', '830', '--pool', 'default_pool', '--raw', '--subdir', 'DAGS_FOLDER/penjadwalan.py', '--cfg-path', '/tmp/tmpnmb_u7lv']
[2022-08-03 07:36:01,846] {standard_task_runner.py:76} INFO - Job 830: Subtask dapat_suhu
[2022-08-03 07:36:01,990] {logging_mixin.py:103} INFO - Running <TaskInstance: penjadwalan.dapat_suhu 2022-08-03T07:34:00+00:00 [running]> on host b4dcda255553
[2022-08-03 07:36:02,186] {taskinstance.py:1232} INFO - Exporting the following env vars:
AIRFLOW_CTX_DAG_OWNER=airflow
AIRFLOW_CTX_DAG_ID=penjadwalan
AIRFLOW_CTX_TASK_ID=dapat_suhu
AIRFLOW_CTX_EXECUTION_DATE=2022-08-03T07:34:00+00:00
AIRFLOW_CTX_DAG_RUN_ID=scheduled__2022-08-03T07:34:00+00:00
[2022-08-03 07:36:02,472] {logging_mixin.py:103} INFO - {'kota': 'Bali', 'cuaca': 'Clouds', 'cuaca_deskripsi': 'broken clouds', 'temperatur': 302.69, 'waktu': '2022-08-03T07:36:02.472489'}
[2022-08-03 07:36:02,685] {logging_mixin.py:103} INFO - {'kota': 'Lombok', 'cuaca': 'Clouds', 'cuaca_deskripsi': 'overcast clouds', 'temperatur': 296.95, 'waktu': '2022-08-03T07:36:02.685479'}
[2022-08-03 07:36:02,899] {logging_mixin.py:103} INFO - {'kota': 'Labuan Bajo', 'cuaca': 'Clouds', 'cuaca_deskripsi': 'overcast clouds', 'temperatur': 300.58, 'waktu': '2022-08-03T07:36:02.899521'}
[2022-08-03 07:36:03,153] {logging_mixin.py:103} INFO - {'kota': 'Bogor', 'cuaca': 'Clouds', 'cuaca_deskripsi': 'overcast clouds', 'temperatur': 304.76, 'waktu': '2022-08-03T07:36:03.153396'}
[2022-08-03 07:36:03,313] {logging_mixin.py:103} INFO - {'kota': 'Bandung', 'cuaca': 'Clouds', 'cuaca_deskripsi': 'overcast clouds', 'temperatur': 298.69, 'waktu': '2022-08-03T07:36:03.313064'}
[2022-08-03 07:36:03,316] {python.py:118} INFO - Done. Returned value was: None
[2022-08-03 07:36:03,422] {taskinstance.py:1142} INFO - Marking task as SUCCESS. dag_id=penjadwalan, task_id=dapat_suhu, execution_date=20220803T073400, start_date=20220803T073601, end_date=20220803T073603
[2022-08-03 07:36:03,520] {taskinstance.py:1195} INFO - 0 downstream tasks scheduled from follow-on schedule check
[2022-08-03 07:36:03,571] {local_task_job.py:118} INFO - Task exited with return code 0
