[2022-08-02 16:01:40,327] {taskinstance.py:826} INFO - Dependencies all met for <TaskInstance: pokea.say_Hi 2022-08-02T15:50:00+00:00 [queued]>
[2022-08-02 16:01:40,387] {taskinstance.py:826} INFO - Dependencies all met for <TaskInstance: pokea.say_Hi 2022-08-02T15:50:00+00:00 [queued]>
[2022-08-02 16:01:40,394] {taskinstance.py:1017} INFO - 
--------------------------------------------------------------------------------
[2022-08-02 16:01:40,396] {taskinstance.py:1018} INFO - Starting attempt 1 of 1
[2022-08-02 16:01:40,398] {taskinstance.py:1019} INFO - 
--------------------------------------------------------------------------------
[2022-08-02 16:01:40,451] {taskinstance.py:1038} INFO - Executing <Task(BashOperator): say_Hi> on 2022-08-02T15:50:00+00:00
[2022-08-02 16:01:40,462] {standard_task_runner.py:51} INFO - Started process 210 to run task
[2022-08-02 16:01:40,501] {standard_task_runner.py:75} INFO - Running: ['airflow', 'tasks', 'run', 'pokea', 'say_Hi', '2022-08-02T15:50:00+00:00', '--job-id', '110', '--pool', 'default_pool', '--raw', '--subdir', 'DAGS_FOLDER/pokea.py', '--cfg-path', '/tmp/tmp941zshxj']
[2022-08-02 16:01:40,519] {standard_task_runner.py:76} INFO - Job 110: Subtask say_Hi
[2022-08-02 16:01:40,825] {logging_mixin.py:103} INFO - Running <TaskInstance: pokea.say_Hi 2022-08-02T15:50:00+00:00 [running]> on host b4dcda255553
[2022-08-02 16:01:41,063] {taskinstance.py:1232} INFO - Exporting the following env vars:
AIRFLOW_CTX_DAG_OWNER=airflow
AIRFLOW_CTX_DAG_ID=pokea
AIRFLOW_CTX_TASK_ID=say_Hi
AIRFLOW_CTX_EXECUTION_DATE=2022-08-02T15:50:00+00:00
AIRFLOW_CTX_DAG_RUN_ID=scheduled__2022-08-02T15:50:00+00:00
[2022-08-02 16:01:41,067] {bash.py:135} INFO - Tmp dir root location: 
 /tmp
[2022-08-02 16:01:41,082] {bash.py:158} INFO - Running command: echo "Hi!!"
[2022-08-02 16:01:41,099] {bash.py:169} INFO - Output:
[2022-08-02 16:01:41,104] {bash.py:173} INFO - Hi!!
[2022-08-02 16:01:41,106] {bash.py:177} INFO - Command exited with return code 0
[2022-08-02 16:01:41,236] {taskinstance.py:1142} INFO - Marking task as SUCCESS. dag_id=pokea, task_id=say_Hi, execution_date=20220802T155000, start_date=20220802T160140, end_date=20220802T160141
[2022-08-02 16:01:41,405] {taskinstance.py:1195} INFO - 1 downstream tasks scheduled from follow-on schedule check
[2022-08-02 16:01:41,452] {local_task_job.py:118} INFO - Task exited with return code 0
