[2022-08-03 04:00:01,980] {taskinstance.py:826} INFO - Dependencies all met for <TaskInstance: my_simple_dag.greet 2022-08-03T03:50:00+00:00 [queued]>
[2022-08-03 04:00:02,016] {taskinstance.py:826} INFO - Dependencies all met for <TaskInstance: my_simple_dag.greet 2022-08-03T03:50:00+00:00 [queued]>
[2022-08-03 04:00:02,017] {taskinstance.py:1017} INFO - 
--------------------------------------------------------------------------------
[2022-08-03 04:00:02,018] {taskinstance.py:1018} INFO - Starting attempt 1 of 1
[2022-08-03 04:00:02,019] {taskinstance.py:1019} INFO - 
--------------------------------------------------------------------------------
[2022-08-03 04:00:02,039] {taskinstance.py:1038} INFO - Executing <Task(PythonOperator): greet> on 2022-08-03T03:50:00+00:00
[2022-08-03 04:00:02,044] {standard_task_runner.py:51} INFO - Started process 23026 to run task
[2022-08-03 04:00:02,051] {standard_task_runner.py:75} INFO - Running: ['airflow', 'tasks', 'run', 'my_simple_dag', 'greet', '2022-08-03T03:50:00+00:00', '--job-id', '604', '--pool', 'default_pool', '--raw', '--subdir', 'DAGS_FOLDER/my_simple_dag.py', '--cfg-path', '/tmp/tmp72k9huua']
[2022-08-03 04:00:02,054] {standard_task_runner.py:76} INFO - Job 604: Subtask greet
[2022-08-03 04:00:02,143] {logging_mixin.py:103} INFO - Running <TaskInstance: my_simple_dag.greet 2022-08-03T03:50:00+00:00 [running]> on host b4dcda255553
[2022-08-03 04:00:02,265] {taskinstance.py:1232} INFO - Exporting the following env vars:
AIRFLOW_CTX_DAG_OWNER=airflow
AIRFLOW_CTX_DAG_ID=my_simple_dag
AIRFLOW_CTX_TASK_ID=greet
AIRFLOW_CTX_EXECUTION_DATE=2022-08-03T03:50:00+00:00
AIRFLOW_CTX_DAG_RUN_ID=scheduled__2022-08-03T03:50:00+00:00
[2022-08-03 04:00:02,266] {logging_mixin.py:103} INFO - Halo Salam dari Apache Airflow2022-08-03 04:00
[2022-08-03 04:00:02,267] {python.py:118} INFO - Done. Returned value was: None
[2022-08-03 04:00:02,295] {taskinstance.py:1142} INFO - Marking task as SUCCESS. dag_id=my_simple_dag, task_id=greet, execution_date=20220803T035000, start_date=20220803T040001, end_date=20220803T040002
[2022-08-03 04:00:02,397] {taskinstance.py:1195} INFO - 1 downstream tasks scheduled from follow-on schedule check
[2022-08-03 04:00:02,424] {local_task_job.py:118} INFO - Task exited with return code 0
