[2022-08-03 08:42:01,129] {taskinstance.py:826} INFO - Dependencies all met for <TaskInstance: penjadwalan.dapat_suhu 2022-08-03T08:40:00+00:00 [queued]>
[2022-08-03 08:42:01,154] {taskinstance.py:826} INFO - Dependencies all met for <TaskInstance: penjadwalan.dapat_suhu 2022-08-03T08:40:00+00:00 [queued]>
[2022-08-03 08:42:01,154] {taskinstance.py:1017} INFO - 
--------------------------------------------------------------------------------
[2022-08-03 08:42:01,155] {taskinstance.py:1018} INFO - Starting attempt 1 of 1
[2022-08-03 08:42:01,155] {taskinstance.py:1019} INFO - 
--------------------------------------------------------------------------------
[2022-08-03 08:42:01,170] {taskinstance.py:1038} INFO - Executing <Task(PythonOperator): dapat_suhu> on 2022-08-03T08:40:00+00:00
[2022-08-03 08:42:01,174] {standard_task_runner.py:51} INFO - Started process 17223 to run task
[2022-08-03 08:42:01,179] {standard_task_runner.py:75} INFO - Running: ['airflow', 'tasks', 'run', 'penjadwalan', 'dapat_suhu', '2022-08-03T08:40:00+00:00', '--job-id', '891', '--pool', 'default_pool', '--raw', '--subdir', 'DAGS_FOLDER/penjadwalan.py', '--cfg-path', '/tmp/tmpkho7eak_']
[2022-08-03 08:42:01,183] {standard_task_runner.py:76} INFO - Job 891: Subtask dapat_suhu
[2022-08-03 08:42:01,254] {logging_mixin.py:103} INFO - Running <TaskInstance: penjadwalan.dapat_suhu 2022-08-03T08:40:00+00:00 [running]> on host b4dcda255553
[2022-08-03 08:42:01,326] {taskinstance.py:1232} INFO - Exporting the following env vars:
AIRFLOW_CTX_DAG_OWNER=airflow
AIRFLOW_CTX_DAG_ID=penjadwalan
AIRFLOW_CTX_TASK_ID=dapat_suhu
AIRFLOW_CTX_EXECUTION_DATE=2022-08-03T08:40:00+00:00
AIRFLOW_CTX_DAG_RUN_ID=scheduled__2022-08-03T08:40:00+00:00
[2022-08-03 08:42:01,442] {logging_mixin.py:103} INFO - {'kota': 'Bali', 'cuaca': 'Clouds', 'cuaca_deskripsi': 'broken clouds', 'temperatur': 301.61, 'waktu': '2022-08-03T08:42:01.442687'}
[2022-08-03 08:42:01,560] {logging_mixin.py:103} INFO - {'kota': 'Lombok', 'cuaca': 'Rain', 'cuaca_deskripsi': 'moderate rain', 'temperatur': 296.25, 'waktu': '2022-08-03T08:42:01.559929'}
[2022-08-03 08:42:01,665] {logging_mixin.py:103} INFO - {'kota': 'Labuan Bajo', 'cuaca': 'Clouds', 'cuaca_deskripsi': 'overcast clouds', 'temperatur': 300.25, 'waktu': '2022-08-03T08:42:01.665073'}
[2022-08-03 08:42:01,771] {logging_mixin.py:103} INFO - {'kota': 'Bogor', 'cuaca': 'Clouds', 'cuaca_deskripsi': 'overcast clouds', 'temperatur': 303.65, 'waktu': '2022-08-03T08:42:01.771104'}
[2022-08-03 08:42:01,870] {logging_mixin.py:103} INFO - {'kota': 'Bandung', 'cuaca': 'Clouds', 'cuaca_deskripsi': 'overcast clouds', 'temperatur': 297, 'waktu': '2022-08-03T08:42:01.870286'}
[2022-08-03 08:42:01,871] {python.py:118} INFO - Done. Returned value was: None
[2022-08-03 08:42:01,885] {taskinstance.py:1142} INFO - Marking task as SUCCESS. dag_id=penjadwalan, task_id=dapat_suhu, execution_date=20220803T084000, start_date=20220803T084201, end_date=20220803T084201
[2022-08-03 08:42:01,928] {taskinstance.py:1195} INFO - 0 downstream tasks scheduled from follow-on schedule check
[2022-08-03 08:42:01,953] {local_task_job.py:118} INFO - Task exited with return code 0
