[2022-08-02 17:30:01,643] {taskinstance.py:826} INFO - Dependencies all met for <TaskInstance: penjadwalan.dapat_suhu 2022-08-02T17:28:00+00:00 [queued]>
[2022-08-02 17:30:01,707] {taskinstance.py:826} INFO - Dependencies all met for <TaskInstance: penjadwalan.dapat_suhu 2022-08-02T17:28:00+00:00 [queued]>
[2022-08-02 17:30:01,708] {taskinstance.py:1017} INFO - 
--------------------------------------------------------------------------------
[2022-08-02 17:30:01,709] {taskinstance.py:1018} INFO - Starting attempt 1 of 1
[2022-08-02 17:30:01,709] {taskinstance.py:1019} INFO - 
--------------------------------------------------------------------------------
[2022-08-02 17:30:01,761] {taskinstance.py:1038} INFO - Executing <Task(PythonOperator): dapat_suhu> on 2022-08-02T17:28:00+00:00
[2022-08-02 17:30:01,769] {standard_task_runner.py:51} INFO - Started process 14618 to run task
[2022-08-02 17:30:01,783] {standard_task_runner.py:75} INFO - Running: ['airflow', 'tasks', 'run', 'penjadwalan', 'dapat_suhu', '2022-08-02T17:28:00+00:00', '--job-id', '199', '--pool', 'default_pool', '--raw', '--subdir', 'DAGS_FOLDER/penjadwalan.py', '--cfg-path', '/tmp/tmpt3js3sjg']
[2022-08-02 17:30:01,788] {standard_task_runner.py:76} INFO - Job 199: Subtask dapat_suhu
[2022-08-02 17:30:01,939] {logging_mixin.py:103} INFO - Running <TaskInstance: penjadwalan.dapat_suhu 2022-08-02T17:28:00+00:00 [running]> on host b4dcda255553
[2022-08-02 17:30:02,184] {taskinstance.py:1232} INFO - Exporting the following env vars:
AIRFLOW_CTX_DAG_OWNER=airflow
AIRFLOW_CTX_DAG_ID=penjadwalan
AIRFLOW_CTX_TASK_ID=dapat_suhu
AIRFLOW_CTX_EXECUTION_DATE=2022-08-02T17:28:00+00:00
AIRFLOW_CTX_DAG_RUN_ID=scheduled__2022-08-02T17:28:00+00:00
[2022-08-02 17:30:02,497] {logging_mixin.py:103} INFO - {'kota': 'Bali', 'cuaca': 'Clouds', 'cuaca_deskripsi': 'overcast clouds', 'temperatur': 298.28, 'waktu': '2022-08-02T17:30:02.497796'}
[2022-08-02 17:30:02,678] {logging_mixin.py:103} INFO - {'kota': 'Lombok', 'cuaca': 'Clouds', 'cuaca_deskripsi': 'broken clouds', 'temperatur': 293.44, 'waktu': '2022-08-02T17:30:02.678011'}
[2022-08-02 17:30:03,019] {logging_mixin.py:103} INFO - {'kota': 'Labuan Bajo', 'cuaca': 'Clouds', 'cuaca_deskripsi': 'broken clouds', 'temperatur': 297.04, 'waktu': '2022-08-02T17:30:03.019555'}
[2022-08-02 17:30:03,322] {logging_mixin.py:103} INFO - {'kota': 'Bogor', 'cuaca': 'Clouds', 'cuaca_deskripsi': 'broken clouds', 'temperatur': 296.93, 'waktu': '2022-08-02T17:30:03.321942'}
[2022-08-02 17:30:03,771] {logging_mixin.py:103} INFO - {'kota': 'Bandung', 'cuaca': 'Clouds', 'cuaca_deskripsi': 'broken clouds', 'temperatur': 293.46, 'waktu': '2022-08-02T17:30:03.771566'}
[2022-08-02 17:30:03,772] {python.py:118} INFO - Done. Returned value was: None
[2022-08-02 17:30:03,810] {taskinstance.py:1142} INFO - Marking task as SUCCESS. dag_id=penjadwalan, task_id=dapat_suhu, execution_date=20220802T172800, start_date=20220802T173001, end_date=20220802T173003
[2022-08-02 17:30:03,908] {taskinstance.py:1195} INFO - 0 downstream tasks scheduled from follow-on schedule check
[2022-08-02 17:30:03,939] {local_task_job.py:118} INFO - Task exited with return code 0
