[2022-08-03 00:44:35,921] {taskinstance.py:826} INFO - Dependencies all met for <TaskInstance: penjadwalan.dapat_suhu 2022-08-02T17:48:00+00:00 [queued]>
[2022-08-03 00:44:36,149] {taskinstance.py:826} INFO - Dependencies all met for <TaskInstance: penjadwalan.dapat_suhu 2022-08-02T17:48:00+00:00 [queued]>
[2022-08-03 00:44:36,186] {taskinstance.py:1017} INFO - 
--------------------------------------------------------------------------------
[2022-08-03 00:44:36,213] {taskinstance.py:1018} INFO - Starting attempt 1 of 1
[2022-08-03 00:44:36,220] {taskinstance.py:1019} INFO - 
--------------------------------------------------------------------------------
[2022-08-03 00:44:36,419] {taskinstance.py:1038} INFO - Executing <Task(PythonOperator): dapat_suhu> on 2022-08-02T17:48:00+00:00
[2022-08-03 00:44:36,497] {standard_task_runner.py:51} INFO - Started process 24971 to run task
[2022-08-03 00:44:36,514] {standard_task_runner.py:75} INFO - Running: ['airflow', 'tasks', 'run', 'penjadwalan', 'dapat_suhu', '2022-08-02T17:48:00+00:00', '--job-id', '214', '--pool', 'default_pool', '--raw', '--subdir', 'DAGS_FOLDER/penjadwalan.py', '--cfg-path', '/tmp/tmpn28znd0w']
[2022-08-03 00:44:36,575] {standard_task_runner.py:76} INFO - Job 214: Subtask dapat_suhu
[2022-08-03 00:44:37,126] {logging_mixin.py:103} INFO - Running <TaskInstance: penjadwalan.dapat_suhu 2022-08-02T17:48:00+00:00 [running]> on host b4dcda255553
[2022-08-03 00:44:37,521] {taskinstance.py:1232} INFO - Exporting the following env vars:
AIRFLOW_CTX_DAG_OWNER=airflow
AIRFLOW_CTX_DAG_ID=penjadwalan
AIRFLOW_CTX_TASK_ID=dapat_suhu
AIRFLOW_CTX_EXECUTION_DATE=2022-08-02T17:48:00+00:00
AIRFLOW_CTX_DAG_RUN_ID=scheduled__2022-08-02T17:48:00+00:00
[2022-08-03 00:44:56,999] {logging_mixin.py:103} INFO - {'kota': 'Bali', 'cuaca': 'Clouds', 'cuaca_deskripsi': 'overcast clouds', 'temperatur': 298.28, 'waktu': '2022-08-03T00:44:56.999283'}
[2022-08-03 00:44:57,762] {logging_mixin.py:103} INFO - {'kota': 'Lombok', 'cuaca': 'Clouds', 'cuaca_deskripsi': 'overcast clouds', 'temperatur': 295.51, 'waktu': '2022-08-03T00:44:57.748036'}
[2022-08-03 00:44:58,179] {logging_mixin.py:103} INFO - {'kota': 'Labuan Bajo', 'cuaca': 'Clouds', 'cuaca_deskripsi': 'scattered clouds', 'temperatur': 300.93, 'waktu': '2022-08-03T00:44:58.179597'}
[2022-08-03 00:45:03,137] {logging_mixin.py:103} INFO - {'kota': 'Bogor', 'cuaca': 'Rain', 'cuaca_deskripsi': 'light rain', 'temperatur': 300.87, 'waktu': '2022-08-03T00:45:03.137573'}
[2022-08-03 00:45:04,704] {logging_mixin.py:103} INFO - {'kota': 'Bandung', 'cuaca': 'Clouds', 'cuaca_deskripsi': 'scattered clouds', 'temperatur': 296.92, 'waktu': '2022-08-03T00:45:04.704329'}
[2022-08-03 00:45:04,716] {python.py:118} INFO - Done. Returned value was: None
[2022-08-03 00:45:04,802] {taskinstance.py:1142} INFO - Marking task as SUCCESS. dag_id=penjadwalan, task_id=dapat_suhu, execution_date=20220802T174800, start_date=20220803T004435, end_date=20220803T004504
[2022-08-03 00:45:04,959] {taskinstance.py:1195} INFO - 0 downstream tasks scheduled from follow-on schedule check
[2022-08-03 00:45:05,017] {local_task_job.py:118} INFO - Task exited with return code 0
