[2022-08-03 03:28:01,320] {taskinstance.py:826} INFO - Dependencies all met for <TaskInstance: penjadwalan.dapat_suhu 2022-08-03T03:26:00+00:00 [queued]>
[2022-08-03 03:28:01,352] {taskinstance.py:826} INFO - Dependencies all met for <TaskInstance: penjadwalan.dapat_suhu 2022-08-03T03:26:00+00:00 [queued]>
[2022-08-03 03:28:01,352] {taskinstance.py:1017} INFO - 
--------------------------------------------------------------------------------
[2022-08-03 03:28:01,353] {taskinstance.py:1018} INFO - Starting attempt 1 of 1
[2022-08-03 03:28:01,353] {taskinstance.py:1019} INFO - 
--------------------------------------------------------------------------------
[2022-08-03 03:28:01,369] {taskinstance.py:1038} INFO - Executing <Task(PythonOperator): dapat_suhu> on 2022-08-03T03:26:00+00:00
[2022-08-03 03:28:01,375] {standard_task_runner.py:51} INFO - Started process 11042 to run task
[2022-08-03 03:28:01,381] {standard_task_runner.py:75} INFO - Running: ['airflow', 'tasks', 'run', 'penjadwalan', 'dapat_suhu', '2022-08-03T03:26:00+00:00', '--job-id', '574', '--pool', 'default_pool', '--raw', '--subdir', 'DAGS_FOLDER/penjadwalan.py', '--cfg-path', '/tmp/tmperadmvoo']
[2022-08-03 03:28:01,385] {standard_task_runner.py:76} INFO - Job 574: Subtask dapat_suhu
[2022-08-03 03:28:01,481] {logging_mixin.py:103} INFO - Running <TaskInstance: penjadwalan.dapat_suhu 2022-08-03T03:26:00+00:00 [running]> on host b4dcda255553
[2022-08-03 03:28:01,623] {taskinstance.py:1232} INFO - Exporting the following env vars:
AIRFLOW_CTX_DAG_OWNER=airflow
AIRFLOW_CTX_DAG_ID=penjadwalan
AIRFLOW_CTX_TASK_ID=dapat_suhu
AIRFLOW_CTX_EXECUTION_DATE=2022-08-03T03:26:00+00:00
AIRFLOW_CTX_DAG_RUN_ID=scheduled__2022-08-03T03:26:00+00:00
[2022-08-03 03:28:01,761] {logging_mixin.py:103} INFO - {'kota': 'Bali', 'cuaca': 'Clouds', 'cuaca_deskripsi': 'scattered clouds', 'temperatur': 301.61, 'waktu': '2022-08-03T03:28:01.761507'}
[2022-08-03 03:28:01,876] {logging_mixin.py:103} INFO - {'kota': 'Lombok', 'cuaca': 'Rain', 'cuaca_deskripsi': 'heavy intensity rain', 'temperatur': 297.83, 'waktu': '2022-08-03T03:28:01.876512'}
[2022-08-03 03:28:01,997] {logging_mixin.py:103} INFO - {'kota': 'Labuan Bajo', 'cuaca': 'Clouds', 'cuaca_deskripsi': 'broken clouds', 'temperatur': 302.24, 'waktu': '2022-08-03T03:28:01.997001'}
[2022-08-03 03:28:02,155] {logging_mixin.py:103} INFO - {'kota': 'Bogor', 'cuaca': 'Clouds', 'cuaca_deskripsi': 'overcast clouds', 'temperatur': 303.65, 'waktu': '2022-08-03T03:28:02.155148'}
[2022-08-03 03:28:02,268] {logging_mixin.py:103} INFO - {'kota': 'Bandung', 'cuaca': 'Clouds', 'cuaca_deskripsi': 'broken clouds', 'temperatur': 300.9, 'waktu': '2022-08-03T03:28:02.268025'}
[2022-08-03 03:28:02,269] {python.py:118} INFO - Done. Returned value was: None
[2022-08-03 03:28:02,321] {taskinstance.py:1142} INFO - Marking task as SUCCESS. dag_id=penjadwalan, task_id=dapat_suhu, execution_date=20220803T032600, start_date=20220803T032801, end_date=20220803T032802
[2022-08-03 03:28:02,375] {taskinstance.py:1195} INFO - 0 downstream tasks scheduled from follow-on schedule check
[2022-08-03 03:28:02,399] {local_task_job.py:118} INFO - Task exited with return code 0
