[2022-08-03 00:48:09,004] {taskinstance.py:826} INFO - Dependencies all met for <TaskInstance: penjadwalan.dapat_suhu 2022-08-02T23:46:00+00:00 [queued]>
[2022-08-03 00:48:09,055] {taskinstance.py:826} INFO - Dependencies all met for <TaskInstance: penjadwalan.dapat_suhu 2022-08-02T23:46:00+00:00 [queued]>
[2022-08-03 00:48:09,055] {taskinstance.py:1017} INFO - 
--------------------------------------------------------------------------------
[2022-08-03 00:48:09,056] {taskinstance.py:1018} INFO - Starting attempt 1 of 1
[2022-08-03 00:48:09,057] {taskinstance.py:1019} INFO - 
--------------------------------------------------------------------------------
[2022-08-03 00:48:09,085] {taskinstance.py:1038} INFO - Executing <Task(PythonOperator): dapat_suhu> on 2022-08-02T23:46:00+00:00
[2022-08-03 00:48:09,091] {standard_task_runner.py:51} INFO - Started process 400 to run task
[2022-08-03 00:48:09,105] {standard_task_runner.py:75} INFO - Running: ['airflow', 'tasks', 'run', 'penjadwalan', 'dapat_suhu', '2022-08-02T23:46:00+00:00', '--job-id', '400', '--pool', 'default_pool', '--raw', '--subdir', 'DAGS_FOLDER/penjadwalan.py', '--cfg-path', '/tmp/tmpd7f67lzs']
[2022-08-03 00:48:09,119] {standard_task_runner.py:76} INFO - Job 400: Subtask dapat_suhu
[2022-08-03 00:48:09,242] {logging_mixin.py:103} INFO - Running <TaskInstance: penjadwalan.dapat_suhu 2022-08-02T23:46:00+00:00 [running]> on host b4dcda255553
[2022-08-03 00:48:09,323] {taskinstance.py:1232} INFO - Exporting the following env vars:
AIRFLOW_CTX_DAG_OWNER=airflow
AIRFLOW_CTX_DAG_ID=penjadwalan
AIRFLOW_CTX_TASK_ID=dapat_suhu
AIRFLOW_CTX_EXECUTION_DATE=2022-08-02T23:46:00+00:00
AIRFLOW_CTX_DAG_RUN_ID=scheduled__2022-08-02T23:46:00+00:00
[2022-08-03 00:48:09,853] {logging_mixin.py:103} INFO - {'kota': 'Bali', 'cuaca': 'Clouds', 'cuaca_deskripsi': 'overcast clouds', 'temperatur': 298.28, 'waktu': '2022-08-03T00:48:09.853063'}
[2022-08-03 00:48:10,303] {logging_mixin.py:103} INFO - {'kota': 'Lombok', 'cuaca': 'Clouds', 'cuaca_deskripsi': 'overcast clouds', 'temperatur': 295.51, 'waktu': '2022-08-03T00:48:10.303762'}
[2022-08-03 00:48:10,731] {logging_mixin.py:103} INFO - {'kota': 'Labuan Bajo', 'cuaca': 'Clouds', 'cuaca_deskripsi': 'scattered clouds', 'temperatur': 300.93, 'waktu': '2022-08-03T00:48:10.731084'}
[2022-08-03 00:48:11,822] {logging_mixin.py:103} INFO - {'kota': 'Bogor', 'cuaca': 'Rain', 'cuaca_deskripsi': 'light rain', 'temperatur': 300.87, 'waktu': '2022-08-03T00:48:11.821827'}
[2022-08-03 00:48:12,057] {logging_mixin.py:103} INFO - {'kota': 'Bandung', 'cuaca': 'Clouds', 'cuaca_deskripsi': 'scattered clouds', 'temperatur': 296.92, 'waktu': '2022-08-03T00:48:12.057335'}
[2022-08-03 00:48:12,058] {python.py:118} INFO - Done. Returned value was: None
[2022-08-03 00:48:12,101] {taskinstance.py:1142} INFO - Marking task as SUCCESS. dag_id=penjadwalan, task_id=dapat_suhu, execution_date=20220802T234600, start_date=20220803T004809, end_date=20220803T004812
[2022-08-03 00:48:12,193] {taskinstance.py:1195} INFO - 0 downstream tasks scheduled from follow-on schedule check
[2022-08-03 00:48:12,239] {local_task_job.py:118} INFO - Task exited with return code 0
