[2022-08-03 04:46:00,927] {taskinstance.py:826} INFO - Dependencies all met for <TaskInstance: penjadwalan.dapat_suhu 2022-08-03T04:44:00+00:00 [queued]>
[2022-08-03 04:46:00,955] {taskinstance.py:826} INFO - Dependencies all met for <TaskInstance: penjadwalan.dapat_suhu 2022-08-03T04:44:00+00:00 [queued]>
[2022-08-03 04:46:00,956] {taskinstance.py:1017} INFO - 
--------------------------------------------------------------------------------
[2022-08-03 04:46:00,956] {taskinstance.py:1018} INFO - Starting attempt 1 of 1
[2022-08-03 04:46:00,957] {taskinstance.py:1019} INFO - 
--------------------------------------------------------------------------------
[2022-08-03 04:46:00,970] {taskinstance.py:1038} INFO - Executing <Task(PythonOperator): dapat_suhu> on 2022-08-03T04:44:00+00:00
[2022-08-03 04:46:00,977] {standard_task_runner.py:51} INFO - Started process 16709 to run task
[2022-08-03 04:46:00,983] {standard_task_runner.py:75} INFO - Running: ['airflow', 'tasks', 'run', 'penjadwalan', 'dapat_suhu', '2022-08-03T04:44:00+00:00', '--job-id', '645', '--pool', 'default_pool', '--raw', '--subdir', 'DAGS_FOLDER/penjadwalan.py', '--cfg-path', '/tmp/tmpose7f1fe']
[2022-08-03 04:46:00,987] {standard_task_runner.py:76} INFO - Job 645: Subtask dapat_suhu
[2022-08-03 04:46:01,072] {logging_mixin.py:103} INFO - Running <TaskInstance: penjadwalan.dapat_suhu 2022-08-03T04:44:00+00:00 [running]> on host b4dcda255553
[2022-08-03 04:46:01,150] {taskinstance.py:1232} INFO - Exporting the following env vars:
AIRFLOW_CTX_DAG_OWNER=airflow
AIRFLOW_CTX_DAG_ID=penjadwalan
AIRFLOW_CTX_TASK_ID=dapat_suhu
AIRFLOW_CTX_EXECUTION_DATE=2022-08-03T04:44:00+00:00
AIRFLOW_CTX_DAG_RUN_ID=scheduled__2022-08-03T04:44:00+00:00
[2022-08-03 04:46:01,524] {logging_mixin.py:103} INFO - {'kota': 'Bali', 'cuaca': 'Clouds', 'cuaca_deskripsi': 'scattered clouds', 'temperatur': 302.69, 'waktu': '2022-08-03T04:46:01.524143'}
[2022-08-03 04:46:01,864] {logging_mixin.py:103} INFO - {'kota': 'Lombok', 'cuaca': 'Clouds', 'cuaca_deskripsi': 'overcast clouds', 'temperatur': 298.32, 'waktu': '2022-08-03T04:46:01.864491'}
[2022-08-03 04:46:01,981] {logging_mixin.py:103} INFO - {'kota': 'Labuan Bajo', 'cuaca': 'Clouds', 'cuaca_deskripsi': 'broken clouds', 'temperatur': 301.43, 'waktu': '2022-08-03T04:46:01.981529'}
[2022-08-03 04:46:02,087] {logging_mixin.py:103} INFO - {'kota': 'Bogor', 'cuaca': 'Clouds', 'cuaca_deskripsi': 'overcast clouds', 'temperatur': 306.42, 'waktu': '2022-08-03T04:46:02.087073'}
[2022-08-03 04:46:02,194] {logging_mixin.py:103} INFO - {'kota': 'Bandung', 'cuaca': 'Clouds', 'cuaca_deskripsi': 'broken clouds', 'temperatur': 302.02, 'waktu': '2022-08-03T04:46:02.194554'}
[2022-08-03 04:46:02,195] {python.py:118} INFO - Done. Returned value was: None
[2022-08-03 04:46:02,215] {taskinstance.py:1142} INFO - Marking task as SUCCESS. dag_id=penjadwalan, task_id=dapat_suhu, execution_date=20220803T044400, start_date=20220803T044600, end_date=20220803T044602
[2022-08-03 04:46:02,261] {taskinstance.py:1195} INFO - 0 downstream tasks scheduled from follow-on schedule check
[2022-08-03 04:46:02,279] {local_task_job.py:118} INFO - Task exited with return code 0
