[2022-08-03 00:45:08,864] {taskinstance.py:826} INFO - Dependencies all met for <TaskInstance: penjadwalan.dapat_suhu 2022-08-02T18:24:00+00:00 [queued]>
[2022-08-03 00:45:08,929] {taskinstance.py:826} INFO - Dependencies all met for <TaskInstance: penjadwalan.dapat_suhu 2022-08-02T18:24:00+00:00 [queued]>
[2022-08-03 00:45:08,930] {taskinstance.py:1017} INFO - 
--------------------------------------------------------------------------------
[2022-08-03 00:45:08,931] {taskinstance.py:1018} INFO - Starting attempt 1 of 1
[2022-08-03 00:45:08,932] {taskinstance.py:1019} INFO - 
--------------------------------------------------------------------------------
[2022-08-03 00:45:08,980] {taskinstance.py:1038} INFO - Executing <Task(PythonOperator): dapat_suhu> on 2022-08-02T18:24:00+00:00
[2022-08-03 00:45:08,989] {standard_task_runner.py:51} INFO - Started process 25510 to run task
[2022-08-03 00:45:09,006] {standard_task_runner.py:75} INFO - Running: ['airflow', 'tasks', 'run', 'penjadwalan', 'dapat_suhu', '2022-08-02T18:24:00+00:00', '--job-id', '239', '--pool', 'default_pool', '--raw', '--subdir', 'DAGS_FOLDER/penjadwalan.py', '--cfg-path', '/tmp/tmpirth2y0s']
[2022-08-03 00:45:09,010] {standard_task_runner.py:76} INFO - Job 239: Subtask dapat_suhu
[2022-08-03 00:45:09,170] {logging_mixin.py:103} INFO - Running <TaskInstance: penjadwalan.dapat_suhu 2022-08-02T18:24:00+00:00 [running]> on host b4dcda255553
[2022-08-03 00:45:09,328] {taskinstance.py:1232} INFO - Exporting the following env vars:
AIRFLOW_CTX_DAG_OWNER=airflow
AIRFLOW_CTX_DAG_ID=penjadwalan
AIRFLOW_CTX_TASK_ID=dapat_suhu
AIRFLOW_CTX_EXECUTION_DATE=2022-08-02T18:24:00+00:00
AIRFLOW_CTX_DAG_RUN_ID=scheduled__2022-08-02T18:24:00+00:00
[2022-08-03 00:45:16,246] {logging_mixin.py:103} INFO - {'kota': 'Bali', 'cuaca': 'Clouds', 'cuaca_deskripsi': 'overcast clouds', 'temperatur': 298.28, 'waktu': '2022-08-03T00:45:16.246187'}
[2022-08-03 00:45:16,741] {logging_mixin.py:103} INFO - {'kota': 'Lombok', 'cuaca': 'Clouds', 'cuaca_deskripsi': 'overcast clouds', 'temperatur': 295.51, 'waktu': '2022-08-03T00:45:16.741071'}
[2022-08-03 00:45:17,554] {logging_mixin.py:103} INFO - {'kota': 'Labuan Bajo', 'cuaca': 'Clouds', 'cuaca_deskripsi': 'scattered clouds', 'temperatur': 300.93, 'waktu': '2022-08-03T00:45:17.553091'}
[2022-08-03 00:45:18,586] {logging_mixin.py:103} INFO - {'kota': 'Bogor', 'cuaca': 'Rain', 'cuaca_deskripsi': 'light rain', 'temperatur': 300.87, 'waktu': '2022-08-03T00:45:18.586214'}
[2022-08-03 00:45:18,874] {logging_mixin.py:103} INFO - {'kota': 'Bandung', 'cuaca': 'Clouds', 'cuaca_deskripsi': 'scattered clouds', 'temperatur': 296.92, 'waktu': '2022-08-03T00:45:18.874076'}
[2022-08-03 00:45:18,878] {python.py:118} INFO - Done. Returned value was: None
[2022-08-03 00:45:18,916] {taskinstance.py:1142} INFO - Marking task as SUCCESS. dag_id=penjadwalan, task_id=dapat_suhu, execution_date=20220802T182400, start_date=20220803T004508, end_date=20220803T004518
[2022-08-03 00:45:19,162] {taskinstance.py:1195} INFO - 0 downstream tasks scheduled from follow-on schedule check
[2022-08-03 00:45:19,194] {local_task_job.py:170} WARNING - State of this instance has been externally set to success. Terminating instance.
[2022-08-03 00:45:19,214] {process_utils.py:95} INFO - Sending Signals.SIGTERM to GPID 25510
[2022-08-03 00:45:19,292] {taskinstance.py:1214} ERROR - Received SIGTERM. Terminating subprocesses.
[2022-08-03 00:45:19,479] {process_utils.py:61} INFO - Process psutil.Process(pid=25510, status='terminated', exitcode=1, started='00:45:08') (25510) terminated with exit code 1
[2022-08-03 00:45:19,480] {local_task_job.py:118} INFO - Task exited with return code 1
