[2022-08-03 08:38:01,133] {taskinstance.py:826} INFO - Dependencies all met for <TaskInstance: penjadwalan.dapat_suhu 2022-08-03T08:36:00+00:00 [queued]>
[2022-08-03 08:38:01,156] {taskinstance.py:826} INFO - Dependencies all met for <TaskInstance: penjadwalan.dapat_suhu 2022-08-03T08:36:00+00:00 [queued]>
[2022-08-03 08:38:01,157] {taskinstance.py:1017} INFO - 
--------------------------------------------------------------------------------
[2022-08-03 08:38:01,157] {taskinstance.py:1018} INFO - Starting attempt 1 of 1
[2022-08-03 08:38:01,157] {taskinstance.py:1019} INFO - 
--------------------------------------------------------------------------------
[2022-08-03 08:38:01,169] {taskinstance.py:1038} INFO - Executing <Task(PythonOperator): dapat_suhu> on 2022-08-03T08:36:00+00:00
[2022-08-03 08:38:01,173] {standard_task_runner.py:51} INFO - Started process 3229 to run task
[2022-08-03 08:38:01,177] {standard_task_runner.py:75} INFO - Running: ['airflow', 'tasks', 'run', 'penjadwalan', 'dapat_suhu', '2022-08-03T08:36:00+00:00', '--job-id', '885', '--pool', 'default_pool', '--raw', '--subdir', 'DAGS_FOLDER/penjadwalan.py', '--cfg-path', '/tmp/tmppkleed50']
[2022-08-03 08:38:01,181] {standard_task_runner.py:76} INFO - Job 885: Subtask dapat_suhu
[2022-08-03 08:38:01,239] {logging_mixin.py:103} INFO - Running <TaskInstance: penjadwalan.dapat_suhu 2022-08-03T08:36:00+00:00 [running]> on host b4dcda255553
[2022-08-03 08:38:01,308] {taskinstance.py:1232} INFO - Exporting the following env vars:
AIRFLOW_CTX_DAG_OWNER=airflow
AIRFLOW_CTX_DAG_ID=penjadwalan
AIRFLOW_CTX_TASK_ID=dapat_suhu
AIRFLOW_CTX_EXECUTION_DATE=2022-08-03T08:36:00+00:00
AIRFLOW_CTX_DAG_RUN_ID=scheduled__2022-08-03T08:36:00+00:00
[2022-08-03 08:38:01,441] {logging_mixin.py:103} INFO - {'kota': 'Bali', 'cuaca': 'Clouds', 'cuaca_deskripsi': 'broken clouds', 'temperatur': 301.61, 'waktu': '2022-08-03T08:38:01.440894'}
[2022-08-03 08:38:01,545] {logging_mixin.py:103} INFO - {'kota': 'Lombok', 'cuaca': 'Rain', 'cuaca_deskripsi': 'moderate rain', 'temperatur': 296.25, 'waktu': '2022-08-03T08:38:01.545425'}
[2022-08-03 08:38:01,715] {logging_mixin.py:103} INFO - {'kota': 'Labuan Bajo', 'cuaca': 'Clouds', 'cuaca_deskripsi': 'overcast clouds', 'temperatur': 300.25, 'waktu': '2022-08-03T08:38:01.715513'}
[2022-08-03 08:38:01,817] {logging_mixin.py:103} INFO - {'kota': 'Bogor', 'cuaca': 'Clouds', 'cuaca_deskripsi': 'overcast clouds', 'temperatur': 303.65, 'waktu': '2022-08-03T08:38:01.817292'}
[2022-08-03 08:38:01,916] {logging_mixin.py:103} INFO - {'kota': 'Bandung', 'cuaca': 'Clouds', 'cuaca_deskripsi': 'overcast clouds', 'temperatur': 297, 'waktu': '2022-08-03T08:38:01.916716'}
[2022-08-03 08:38:01,917] {python.py:118} INFO - Done. Returned value was: None
[2022-08-03 08:38:01,934] {taskinstance.py:1142} INFO - Marking task as SUCCESS. dag_id=penjadwalan, task_id=dapat_suhu, execution_date=20220803T083600, start_date=20220803T083801, end_date=20220803T083801
[2022-08-03 08:38:01,978] {taskinstance.py:1195} INFO - 0 downstream tasks scheduled from follow-on schedule check
[2022-08-03 08:38:01,991] {local_task_job.py:118} INFO - Task exited with return code 0
