[2022-08-03 06:50:01,088] {taskinstance.py:826} INFO - Dependencies all met for <TaskInstance: penjadwalan.dapat_suhu 2022-08-03T06:48:00+00:00 [queued]>
[2022-08-03 06:50:01,145] {taskinstance.py:826} INFO - Dependencies all met for <TaskInstance: penjadwalan.dapat_suhu 2022-08-03T06:48:00+00:00 [queued]>
[2022-08-03 06:50:01,152] {taskinstance.py:1017} INFO - 
--------------------------------------------------------------------------------
[2022-08-03 06:50:01,153] {taskinstance.py:1018} INFO - Starting attempt 1 of 1
[2022-08-03 06:50:01,154] {taskinstance.py:1019} INFO - 
--------------------------------------------------------------------------------
[2022-08-03 06:50:01,177] {taskinstance.py:1038} INFO - Executing <Task(PythonOperator): dapat_suhu> on 2022-08-03T06:48:00+00:00
[2022-08-03 06:50:01,183] {standard_task_runner.py:51} INFO - Started process 22409 to run task
[2022-08-03 06:50:01,192] {standard_task_runner.py:75} INFO - Running: ['airflow', 'tasks', 'run', 'penjadwalan', 'dapat_suhu', '2022-08-03T06:48:00+00:00', '--job-id', '788', '--pool', 'default_pool', '--raw', '--subdir', 'DAGS_FOLDER/penjadwalan.py', '--cfg-path', '/tmp/tmpstc36ahy']
[2022-08-03 06:50:01,199] {standard_task_runner.py:76} INFO - Job 788: Subtask dapat_suhu
[2022-08-03 06:50:01,333] {logging_mixin.py:103} INFO - Running <TaskInstance: penjadwalan.dapat_suhu 2022-08-03T06:48:00+00:00 [running]> on host b4dcda255553
[2022-08-03 06:50:01,434] {taskinstance.py:1232} INFO - Exporting the following env vars:
AIRFLOW_CTX_DAG_OWNER=airflow
AIRFLOW_CTX_DAG_ID=penjadwalan
AIRFLOW_CTX_TASK_ID=dapat_suhu
AIRFLOW_CTX_EXECUTION_DATE=2022-08-03T06:48:00+00:00
AIRFLOW_CTX_DAG_RUN_ID=scheduled__2022-08-03T06:48:00+00:00
[2022-08-03 06:50:01,665] {logging_mixin.py:103} INFO - {'kota': 'Bali', 'cuaca': 'Clouds', 'cuaca_deskripsi': 'broken clouds', 'temperatur': 302.69, 'waktu': '2022-08-03T06:50:01.665081'}
[2022-08-03 06:50:01,790] {logging_mixin.py:103} INFO - {'kota': 'Lombok', 'cuaca': 'Rain', 'cuaca_deskripsi': 'heavy intensity rain', 'temperatur': 297.58, 'waktu': '2022-08-03T06:50:01.789972'}
[2022-08-03 06:50:01,963] {logging_mixin.py:103} INFO - {'kota': 'Labuan Bajo', 'cuaca': 'Clouds', 'cuaca_deskripsi': 'overcast clouds', 'temperatur': 300.69, 'waktu': '2022-08-03T06:50:01.963611'}
[2022-08-03 06:50:02,171] {logging_mixin.py:103} INFO - {'kota': 'Bogor', 'cuaca': 'Clouds', 'cuaca_deskripsi': 'overcast clouds', 'temperatur': 305.31, 'waktu': '2022-08-03T06:50:02.171725'}
[2022-08-03 06:50:02,490] {logging_mixin.py:103} INFO - {'kota': 'Bandung', 'cuaca': 'Clouds', 'cuaca_deskripsi': 'overcast clouds', 'temperatur': 301.31, 'waktu': '2022-08-03T06:50:02.490595'}
[2022-08-03 06:50:02,498] {python.py:118} INFO - Done. Returned value was: None
[2022-08-03 06:50:02,572] {taskinstance.py:1142} INFO - Marking task as SUCCESS. dag_id=penjadwalan, task_id=dapat_suhu, execution_date=20220803T064800, start_date=20220803T065001, end_date=20220803T065002
[2022-08-03 06:50:02,683] {taskinstance.py:1195} INFO - 0 downstream tasks scheduled from follow-on schedule check
[2022-08-03 06:50:02,730] {local_task_job.py:118} INFO - Task exited with return code 0
