[2022-08-02 17:14:01,320] {taskinstance.py:826} INFO - Dependencies all met for <TaskInstance: penjadwalan.dapat_suhu 2022-08-02T17:12:00+00:00 [queued]>
[2022-08-02 17:14:01,372] {taskinstance.py:826} INFO - Dependencies all met for <TaskInstance: penjadwalan.dapat_suhu 2022-08-02T17:12:00+00:00 [queued]>
[2022-08-02 17:14:01,373] {taskinstance.py:1017} INFO - 
--------------------------------------------------------------------------------
[2022-08-02 17:14:01,374] {taskinstance.py:1018} INFO - Starting attempt 1 of 1
[2022-08-02 17:14:01,374] {taskinstance.py:1019} INFO - 
--------------------------------------------------------------------------------
[2022-08-02 17:14:01,417] {taskinstance.py:1038} INFO - Executing <Task(PythonOperator): dapat_suhu> on 2022-08-02T17:12:00+00:00
[2022-08-02 17:14:01,423] {standard_task_runner.py:51} INFO - Started process 14764 to run task
[2022-08-02 17:14:01,434] {standard_task_runner.py:75} INFO - Running: ['airflow', 'tasks', 'run', 'penjadwalan', 'dapat_suhu', '2022-08-02T17:12:00+00:00', '--job-id', '187', '--pool', 'default_pool', '--raw', '--subdir', 'DAGS_FOLDER/penjadwalan.py', '--cfg-path', '/tmp/tmpd9bvi6r8']
[2022-08-02 17:14:01,439] {standard_task_runner.py:76} INFO - Job 187: Subtask dapat_suhu
[2022-08-02 17:14:01,597] {logging_mixin.py:103} INFO - Running <TaskInstance: penjadwalan.dapat_suhu 2022-08-02T17:12:00+00:00 [running]> on host b4dcda255553
[2022-08-02 17:14:01,784] {taskinstance.py:1232} INFO - Exporting the following env vars:
AIRFLOW_CTX_DAG_OWNER=airflow
AIRFLOW_CTX_DAG_ID=penjadwalan
AIRFLOW_CTX_TASK_ID=dapat_suhu
AIRFLOW_CTX_EXECUTION_DATE=2022-08-02T17:12:00+00:00
AIRFLOW_CTX_DAG_RUN_ID=scheduled__2022-08-02T17:12:00+00:00
[2022-08-02 17:14:02,341] {logging_mixin.py:103} INFO - {'kota': 'Bali', 'cuaca': 'Clouds', 'cuaca_deskripsi': 'overcast clouds', 'temperatur': 298.28, 'waktu': '2022-08-02T17:14:02.341265'}
[2022-08-02 17:14:02,658] {logging_mixin.py:103} INFO - {'kota': 'Lombok', 'cuaca': 'Clouds', 'cuaca_deskripsi': 'broken clouds', 'temperatur': 293.44, 'waktu': '2022-08-02T17:14:02.658321'}
[2022-08-02 17:14:02,903] {logging_mixin.py:103} INFO - {'kota': 'Labuan Bajo', 'cuaca': 'Clouds', 'cuaca_deskripsi': 'broken clouds', 'temperatur': 297.27, 'waktu': '2022-08-02T17:14:02.903008'}
[2022-08-02 17:14:04,371] {logging_mixin.py:103} INFO - {'kota': 'Bogor', 'cuaca': 'Clouds', 'cuaca_deskripsi': 'broken clouds', 'temperatur': 296.93, 'waktu': '2022-08-02T17:14:04.371793'}
[2022-08-02 17:14:04,565] {logging_mixin.py:103} INFO - {'kota': 'Bandung', 'cuaca': 'Clouds', 'cuaca_deskripsi': 'broken clouds', 'temperatur': 293.46, 'waktu': '2022-08-02T17:14:04.565768'}
[2022-08-02 17:14:04,566] {python.py:118} INFO - Done. Returned value was: None
[2022-08-02 17:14:04,623] {taskinstance.py:1142} INFO - Marking task as SUCCESS. dag_id=penjadwalan, task_id=dapat_suhu, execution_date=20220802T171200, start_date=20220802T171401, end_date=20220802T171404
[2022-08-02 17:14:04,668] {taskinstance.py:1195} INFO - 0 downstream tasks scheduled from follow-on schedule check
[2022-08-02 17:14:04,716] {local_task_job.py:118} INFO - Task exited with return code 0
