[2022-08-03 05:34:01,571] {taskinstance.py:826} INFO - Dependencies all met for <TaskInstance: penjadwalan.dapat_suhu 2022-08-03T05:32:00+00:00 [queued]>
[2022-08-03 05:34:02,329] {taskinstance.py:826} INFO - Dependencies all met for <TaskInstance: penjadwalan.dapat_suhu 2022-08-03T05:32:00+00:00 [queued]>
[2022-08-03 05:34:02,330] {taskinstance.py:1017} INFO - 
--------------------------------------------------------------------------------
[2022-08-03 05:34:02,332] {taskinstance.py:1018} INFO - Starting attempt 1 of 1
[2022-08-03 05:34:02,333] {taskinstance.py:1019} INFO - 
--------------------------------------------------------------------------------
[2022-08-03 05:34:02,394] {taskinstance.py:1038} INFO - Executing <Task(PythonOperator): dapat_suhu> on 2022-08-03T05:32:00+00:00
[2022-08-03 05:34:02,401] {standard_task_runner.py:51} INFO - Started process 25868 to run task
[2022-08-03 05:34:02,407] {standard_task_runner.py:75} INFO - Running: ['airflow', 'tasks', 'run', 'penjadwalan', 'dapat_suhu', '2022-08-03T05:32:00+00:00', '--job-id', '689', '--pool', 'default_pool', '--raw', '--subdir', 'DAGS_FOLDER/penjadwalan.py', '--cfg-path', '/tmp/tmpgx9m3r4x']
[2022-08-03 05:34:02,421] {standard_task_runner.py:76} INFO - Job 689: Subtask dapat_suhu
[2022-08-03 05:34:02,570] {logging_mixin.py:103} INFO - Running <TaskInstance: penjadwalan.dapat_suhu 2022-08-03T05:32:00+00:00 [running]> on host b4dcda255553
[2022-08-03 05:34:02,709] {taskinstance.py:1232} INFO - Exporting the following env vars:
AIRFLOW_CTX_DAG_OWNER=airflow
AIRFLOW_CTX_DAG_ID=penjadwalan
AIRFLOW_CTX_TASK_ID=dapat_suhu
AIRFLOW_CTX_EXECUTION_DATE=2022-08-03T05:32:00+00:00
AIRFLOW_CTX_DAG_RUN_ID=scheduled__2022-08-03T05:32:00+00:00
[2022-08-03 05:34:03,354] {logging_mixin.py:103} INFO - {'kota': 'Bali', 'cuaca': 'Clouds', 'cuaca_deskripsi': 'scattered clouds', 'temperatur': 302.69, 'waktu': '2022-08-03T05:34:03.353865'}
[2022-08-03 05:34:03,526] {logging_mixin.py:103} INFO - {'kota': 'Lombok', 'cuaca': 'Clouds', 'cuaca_deskripsi': 'overcast clouds', 'temperatur': 297.64, 'waktu': '2022-08-03T05:34:03.526349'}
[2022-08-03 05:34:03,674] {logging_mixin.py:103} INFO - {'kota': 'Labuan Bajo', 'cuaca': 'Clouds', 'cuaca_deskripsi': 'broken clouds', 'temperatur': 300.81, 'waktu': '2022-08-03T05:34:03.674646'}
[2022-08-03 05:34:03,822] {logging_mixin.py:103} INFO - {'kota': 'Bogor', 'cuaca': 'Clouds', 'cuaca_deskripsi': 'overcast clouds', 'temperatur': 303.41, 'waktu': '2022-08-03T05:34:03.822056'}
[2022-08-03 05:34:03,956] {logging_mixin.py:103} INFO - {'kota': 'Bandung', 'cuaca': 'Clouds', 'cuaca_deskripsi': 'broken clouds', 'temperatur': 301.75, 'waktu': '2022-08-03T05:34:03.956016'}
[2022-08-03 05:34:03,956] {python.py:118} INFO - Done. Returned value was: None
[2022-08-03 05:34:04,316] {taskinstance.py:1142} INFO - Marking task as SUCCESS. dag_id=penjadwalan, task_id=dapat_suhu, execution_date=20220803T053200, start_date=20220803T053401, end_date=20220803T053404
[2022-08-03 05:34:04,405] {taskinstance.py:1195} INFO - 0 downstream tasks scheduled from follow-on schedule check
[2022-08-03 05:34:04,441] {local_task_job.py:118} INFO - Task exited with return code 0
