[2022-08-02 16:20:06,898] {taskinstance.py:826} INFO - Dependencies all met for <TaskInstance: pokea.sleep_me 2022-08-02T16:10:00+00:00 [queued]>
[2022-08-02 16:20:07,005] {taskinstance.py:826} INFO - Dependencies all met for <TaskInstance: pokea.sleep_me 2022-08-02T16:10:00+00:00 [queued]>
[2022-08-02 16:20:07,006] {taskinstance.py:1017} INFO - 
--------------------------------------------------------------------------------
[2022-08-02 16:20:07,006] {taskinstance.py:1018} INFO - Starting attempt 1 of 1
[2022-08-02 16:20:07,007] {taskinstance.py:1019} INFO - 
--------------------------------------------------------------------------------
[2022-08-02 16:20:07,030] {taskinstance.py:1038} INFO - Executing <Task(BashOperator): sleep_me> on 2022-08-02T16:10:00+00:00
[2022-08-02 16:20:07,037] {standard_task_runner.py:51} INFO - Started process 26659 to run task
[2022-08-02 16:20:07,046] {standard_task_runner.py:75} INFO - Running: ['airflow', 'tasks', 'run', 'pokea', 'sleep_me', '2022-08-02T16:10:00+00:00', '--job-id', '130', '--pool', 'default_pool', '--raw', '--subdir', 'DAGS_FOLDER/pokea.py', '--cfg-path', '/tmp/tmp6bcczxlj']
[2022-08-02 16:20:07,056] {standard_task_runner.py:76} INFO - Job 130: Subtask sleep_me
[2022-08-02 16:20:07,190] {logging_mixin.py:103} INFO - Running <TaskInstance: pokea.sleep_me 2022-08-02T16:10:00+00:00 [running]> on host b4dcda255553
[2022-08-02 16:20:07,387] {taskinstance.py:1232} INFO - Exporting the following env vars:
AIRFLOW_CTX_DAG_OWNER=airflow
AIRFLOW_CTX_DAG_ID=pokea
AIRFLOW_CTX_TASK_ID=sleep_me
AIRFLOW_CTX_EXECUTION_DATE=2022-08-02T16:10:00+00:00
AIRFLOW_CTX_DAG_RUN_ID=scheduled__2022-08-02T16:10:00+00:00
[2022-08-02 16:20:07,401] {bash.py:135} INFO - Tmp dir root location: 
 /tmp
[2022-08-02 16:20:07,404] {bash.py:158} INFO - Running command: sleep 5
[2022-08-02 16:20:07,417] {bash.py:169} INFO - Output:
[2022-08-02 16:20:12,422] {bash.py:177} INFO - Command exited with return code 0
[2022-08-02 16:20:12,482] {taskinstance.py:1142} INFO - Marking task as SUCCESS. dag_id=pokea, task_id=sleep_me, execution_date=20220802T161000, start_date=20220802T162006, end_date=20220802T162012
[2022-08-02 16:20:12,531] {taskinstance.py:1195} INFO - 1 downstream tasks scheduled from follow-on schedule check
[2022-08-02 16:20:12,540] {local_task_job.py:118} INFO - Task exited with return code 0
