[2022-08-03 00:44:37,885] {taskinstance.py:826} INFO - Dependencies all met for <TaskInstance: penjadwalan.dapat_suhu 2022-08-02T17:52:00+00:00 [queued]>
[2022-08-03 00:44:38,024] {taskinstance.py:826} INFO - Dependencies all met for <TaskInstance: penjadwalan.dapat_suhu 2022-08-02T17:52:00+00:00 [queued]>
[2022-08-03 00:44:38,041] {taskinstance.py:1017} INFO - 
--------------------------------------------------------------------------------
[2022-08-03 00:44:38,057] {taskinstance.py:1018} INFO - Starting attempt 1 of 1
[2022-08-03 00:44:38,073] {taskinstance.py:1019} INFO - 
--------------------------------------------------------------------------------
[2022-08-03 00:44:38,181] {taskinstance.py:1038} INFO - Executing <Task(PythonOperator): dapat_suhu> on 2022-08-02T17:52:00+00:00
[2022-08-03 00:44:38,189] {standard_task_runner.py:51} INFO - Started process 24985 to run task
[2022-08-03 00:44:38,209] {standard_task_runner.py:75} INFO - Running: ['airflow', 'tasks', 'run', 'penjadwalan', 'dapat_suhu', '2022-08-02T17:52:00+00:00', '--job-id', '217', '--pool', 'default_pool', '--raw', '--subdir', 'DAGS_FOLDER/penjadwalan.py', '--cfg-path', '/tmp/tmp_s0azeek']
[2022-08-03 00:44:38,234] {standard_task_runner.py:76} INFO - Job 217: Subtask dapat_suhu
[2022-08-03 00:44:38,905] {logging_mixin.py:103} INFO - Running <TaskInstance: penjadwalan.dapat_suhu 2022-08-02T17:52:00+00:00 [running]> on host b4dcda255553
[2022-08-03 00:44:39,222] {taskinstance.py:1232} INFO - Exporting the following env vars:
AIRFLOW_CTX_DAG_OWNER=airflow
AIRFLOW_CTX_DAG_ID=penjadwalan
AIRFLOW_CTX_TASK_ID=dapat_suhu
AIRFLOW_CTX_EXECUTION_DATE=2022-08-02T17:52:00+00:00
AIRFLOW_CTX_DAG_RUN_ID=scheduled__2022-08-02T17:52:00+00:00
[2022-08-03 00:44:57,002] {logging_mixin.py:103} INFO - {'kota': 'Bali', 'cuaca': 'Clouds', 'cuaca_deskripsi': 'overcast clouds', 'temperatur': 298.28, 'waktu': '2022-08-03T00:44:57.002539'}
[2022-08-03 00:44:57,951] {logging_mixin.py:103} INFO - {'kota': 'Lombok', 'cuaca': 'Clouds', 'cuaca_deskripsi': 'overcast clouds', 'temperatur': 295.51, 'waktu': '2022-08-03T00:44:57.951523'}
[2022-08-03 00:44:58,401] {logging_mixin.py:103} INFO - {'kota': 'Labuan Bajo', 'cuaca': 'Clouds', 'cuaca_deskripsi': 'scattered clouds', 'temperatur': 300.93, 'waktu': '2022-08-03T00:44:58.401668'}
[2022-08-03 00:45:14,230] {logging_mixin.py:103} INFO - {'kota': 'Bogor', 'cuaca': 'Rain', 'cuaca_deskripsi': 'light rain', 'temperatur': 300.87, 'waktu': '2022-08-03T00:45:14.230587'}
[2022-08-03 00:45:16,209] {logging_mixin.py:103} INFO - {'kota': 'Bandung', 'cuaca': 'Clouds', 'cuaca_deskripsi': 'scattered clouds', 'temperatur': 296.92, 'waktu': '2022-08-03T00:45:16.209829'}
[2022-08-03 00:45:16,214] {python.py:118} INFO - Done. Returned value was: None
[2022-08-03 00:45:16,261] {taskinstance.py:1142} INFO - Marking task as SUCCESS. dag_id=penjadwalan, task_id=dapat_suhu, execution_date=20220802T175200, start_date=20220803T004437, end_date=20220803T004516
[2022-08-03 00:45:16,574] {taskinstance.py:1195} INFO - 0 downstream tasks scheduled from follow-on schedule check
[2022-08-03 00:45:16,618] {local_task_job.py:118} INFO - Task exited with return code 0
