[2022-08-03 07:24:02,163] {taskinstance.py:826} INFO - Dependencies all met for <TaskInstance: penjadwalan.dapat_suhu 2022-08-03T07:22:00+00:00 [queued]>
[2022-08-03 07:24:02,209] {taskinstance.py:826} INFO - Dependencies all met for <TaskInstance: penjadwalan.dapat_suhu 2022-08-03T07:22:00+00:00 [queued]>
[2022-08-03 07:24:02,211] {taskinstance.py:1017} INFO - 
--------------------------------------------------------------------------------
[2022-08-03 07:24:02,211] {taskinstance.py:1018} INFO - Starting attempt 1 of 1
[2022-08-03 07:24:02,212] {taskinstance.py:1019} INFO - 
--------------------------------------------------------------------------------
[2022-08-03 07:24:02,241] {taskinstance.py:1038} INFO - Executing <Task(PythonOperator): dapat_suhu> on 2022-08-03T07:22:00+00:00
[2022-08-03 07:24:02,248] {standard_task_runner.py:51} INFO - Started process 18142 to run task
[2022-08-03 07:24:02,258] {standard_task_runner.py:75} INFO - Running: ['airflow', 'tasks', 'run', 'penjadwalan', 'dapat_suhu', '2022-08-03T07:22:00+00:00', '--job-id', '820', '--pool', 'default_pool', '--raw', '--subdir', 'DAGS_FOLDER/penjadwalan.py', '--cfg-path', '/tmp/tmpvz4_565m']
[2022-08-03 07:24:02,267] {standard_task_runner.py:76} INFO - Job 820: Subtask dapat_suhu
[2022-08-03 07:24:02,421] {logging_mixin.py:103} INFO - Running <TaskInstance: penjadwalan.dapat_suhu 2022-08-03T07:22:00+00:00 [running]> on host b4dcda255553
[2022-08-03 07:24:02,609] {taskinstance.py:1232} INFO - Exporting the following env vars:
AIRFLOW_CTX_DAG_OWNER=airflow
AIRFLOW_CTX_DAG_ID=penjadwalan
AIRFLOW_CTX_TASK_ID=dapat_suhu
AIRFLOW_CTX_EXECUTION_DATE=2022-08-03T07:22:00+00:00
AIRFLOW_CTX_DAG_RUN_ID=scheduled__2022-08-03T07:22:00+00:00
[2022-08-03 07:24:02,794] {logging_mixin.py:103} INFO - {'kota': 'Bali', 'cuaca': 'Clouds', 'cuaca_deskripsi': 'broken clouds', 'temperatur': 302.69, 'waktu': '2022-08-03T07:24:02.794744'}
[2022-08-03 07:24:02,950] {logging_mixin.py:103} INFO - {'kota': 'Lombok', 'cuaca': 'Rain', 'cuaca_deskripsi': 'light rain', 'temperatur': 297.58, 'waktu': '2022-08-03T07:24:02.950772'}
[2022-08-03 07:24:03,131] {logging_mixin.py:103} INFO - {'kota': 'Labuan Bajo', 'cuaca': 'Clouds', 'cuaca_deskripsi': 'overcast clouds', 'temperatur': 300.69, 'waktu': '2022-08-03T07:24:03.131172'}
[2022-08-03 07:24:03,267] {logging_mixin.py:103} INFO - {'kota': 'Bogor', 'cuaca': 'Clouds', 'cuaca_deskripsi': 'overcast clouds', 'temperatur': 304.76, 'waktu': '2022-08-03T07:24:03.267628'}
[2022-08-03 07:24:03,434] {logging_mixin.py:103} INFO - {'kota': 'Bandung', 'cuaca': 'Clouds', 'cuaca_deskripsi': 'overcast clouds', 'temperatur': 301.31, 'waktu': '2022-08-03T07:24:03.434754'}
[2022-08-03 07:24:03,446] {python.py:118} INFO - Done. Returned value was: None
[2022-08-03 07:24:03,526] {taskinstance.py:1142} INFO - Marking task as SUCCESS. dag_id=penjadwalan, task_id=dapat_suhu, execution_date=20220803T072200, start_date=20220803T072402, end_date=20220803T072403
[2022-08-03 07:24:03,662] {taskinstance.py:1195} INFO - 0 downstream tasks scheduled from follow-on schedule check
[2022-08-03 07:24:03,697] {local_task_job.py:118} INFO - Task exited with return code 0
