[2022-08-03 05:18:01,137] {taskinstance.py:826} INFO - Dependencies all met for <TaskInstance: penjadwalan.dapat_suhu 2022-08-03T05:16:00+00:00 [queued]>
[2022-08-03 05:18:01,167] {taskinstance.py:826} INFO - Dependencies all met for <TaskInstance: penjadwalan.dapat_suhu 2022-08-03T05:16:00+00:00 [queued]>
[2022-08-03 05:18:01,168] {taskinstance.py:1017} INFO - 
--------------------------------------------------------------------------------
[2022-08-03 05:18:01,168] {taskinstance.py:1018} INFO - Starting attempt 1 of 1
[2022-08-03 05:18:01,169] {taskinstance.py:1019} INFO - 
--------------------------------------------------------------------------------
[2022-08-03 05:18:01,186] {taskinstance.py:1038} INFO - Executing <Task(PythonOperator): dapat_suhu> on 2022-08-03T05:16:00+00:00
[2022-08-03 05:18:01,192] {standard_task_runner.py:51} INFO - Started process 12728 to run task
[2022-08-03 05:18:01,199] {standard_task_runner.py:75} INFO - Running: ['airflow', 'tasks', 'run', 'penjadwalan', 'dapat_suhu', '2022-08-03T05:16:00+00:00', '--job-id', '673', '--pool', 'default_pool', '--raw', '--subdir', 'DAGS_FOLDER/penjadwalan.py', '--cfg-path', '/tmp/tmpgvbm01tj']
[2022-08-03 05:18:01,205] {standard_task_runner.py:76} INFO - Job 673: Subtask dapat_suhu
[2022-08-03 05:18:01,296] {logging_mixin.py:103} INFO - Running <TaskInstance: penjadwalan.dapat_suhu 2022-08-03T05:16:00+00:00 [running]> on host b4dcda255553
[2022-08-03 05:18:01,382] {taskinstance.py:1232} INFO - Exporting the following env vars:
AIRFLOW_CTX_DAG_OWNER=airflow
AIRFLOW_CTX_DAG_ID=penjadwalan
AIRFLOW_CTX_TASK_ID=dapat_suhu
AIRFLOW_CTX_EXECUTION_DATE=2022-08-03T05:16:00+00:00
AIRFLOW_CTX_DAG_RUN_ID=scheduled__2022-08-03T05:16:00+00:00
[2022-08-03 05:18:01,560] {logging_mixin.py:103} INFO - {'kota': 'Bali', 'cuaca': 'Clouds', 'cuaca_deskripsi': 'scattered clouds', 'temperatur': 302.69, 'waktu': '2022-08-03T05:18:01.560224'}
[2022-08-03 05:18:01,907] {logging_mixin.py:103} INFO - {'kota': 'Lombok', 'cuaca': 'Clouds', 'cuaca_deskripsi': 'overcast clouds', 'temperatur': 298.32, 'waktu': '2022-08-03T05:18:01.906824'}
[2022-08-03 05:18:02,017] {logging_mixin.py:103} INFO - {'kota': 'Labuan Bajo', 'cuaca': 'Clouds', 'cuaca_deskripsi': 'broken clouds', 'temperatur': 301.43, 'waktu': '2022-08-03T05:18:02.017535'}
[2022-08-03 05:18:02,127] {logging_mixin.py:103} INFO - {'kota': 'Bogor', 'cuaca': 'Clouds', 'cuaca_deskripsi': 'overcast clouds', 'temperatur': 303.96, 'waktu': '2022-08-03T05:18:02.127565'}
[2022-08-03 05:18:02,247] {logging_mixin.py:103} INFO - {'kota': 'Bandung', 'cuaca': 'Clouds', 'cuaca_deskripsi': 'broken clouds', 'temperatur': 302.02, 'waktu': '2022-08-03T05:18:02.247327'}
[2022-08-03 05:18:02,248] {python.py:118} INFO - Done. Returned value was: None
[2022-08-03 05:18:02,268] {taskinstance.py:1142} INFO - Marking task as SUCCESS. dag_id=penjadwalan, task_id=dapat_suhu, execution_date=20220803T051600, start_date=20220803T051801, end_date=20220803T051802
[2022-08-03 05:18:02,320] {taskinstance.py:1195} INFO - 0 downstream tasks scheduled from follow-on schedule check
[2022-08-03 05:18:02,334] {local_task_job.py:118} INFO - Task exited with return code 0
