[2022-08-03 03:30:02,481] {taskinstance.py:826} INFO - Dependencies all met for <TaskInstance: my_simple_dag.say_Hi 2022-08-03T03:20:00+00:00 [queued]>
[2022-08-03 03:30:02,521] {taskinstance.py:826} INFO - Dependencies all met for <TaskInstance: my_simple_dag.say_Hi 2022-08-03T03:20:00+00:00 [queued]>
[2022-08-03 03:30:02,522] {taskinstance.py:1017} INFO - 
--------------------------------------------------------------------------------
[2022-08-03 03:30:02,522] {taskinstance.py:1018} INFO - Starting attempt 1 of 1
[2022-08-03 03:30:02,523] {taskinstance.py:1019} INFO - 
--------------------------------------------------------------------------------
[2022-08-03 03:30:02,540] {taskinstance.py:1038} INFO - Executing <Task(BashOperator): say_Hi> on 2022-08-03T03:20:00+00:00
[2022-08-03 03:30:02,547] {standard_task_runner.py:51} INFO - Started process 15530 to run task
[2022-08-03 03:30:02,554] {standard_task_runner.py:75} INFO - Running: ['airflow', 'tasks', 'run', 'my_simple_dag', 'say_Hi', '2022-08-03T03:20:00+00:00', '--job-id', '575', '--pool', 'default_pool', '--raw', '--subdir', 'DAGS_FOLDER/my_simple_dag.py', '--cfg-path', '/tmp/tmp6n4s_a9a']
[2022-08-03 03:30:02,559] {standard_task_runner.py:76} INFO - Job 575: Subtask say_Hi
[2022-08-03 03:30:02,647] {logging_mixin.py:103} INFO - Running <TaskInstance: my_simple_dag.say_Hi 2022-08-03T03:20:00+00:00 [running]> on host b4dcda255553
[2022-08-03 03:30:02,749] {taskinstance.py:1232} INFO - Exporting the following env vars:
AIRFLOW_CTX_DAG_OWNER=airflow
AIRFLOW_CTX_DAG_ID=my_simple_dag
AIRFLOW_CTX_TASK_ID=say_Hi
AIRFLOW_CTX_EXECUTION_DATE=2022-08-03T03:20:00+00:00
AIRFLOW_CTX_DAG_RUN_ID=scheduled__2022-08-03T03:20:00+00:00
[2022-08-03 03:30:02,750] {bash.py:135} INFO - Tmp dir root location: 
 /tmp
[2022-08-03 03:30:02,752] {bash.py:158} INFO - Running command: echo "Hi!!"
[2022-08-03 03:30:02,769] {bash.py:169} INFO - Output:
[2022-08-03 03:30:02,771] {bash.py:173} INFO - Hi!!
[2022-08-03 03:30:02,772] {bash.py:177} INFO - Command exited with return code 0
[2022-08-03 03:30:02,830] {taskinstance.py:1142} INFO - Marking task as SUCCESS. dag_id=my_simple_dag, task_id=say_Hi, execution_date=20220803T032000, start_date=20220803T033002, end_date=20220803T033002
[2022-08-03 03:30:02,891] {taskinstance.py:1195} INFO - 1 downstream tasks scheduled from follow-on schedule check
[2022-08-03 03:30:02,926] {local_task_job.py:118} INFO - Task exited with return code 0
