[2022-08-03 07:32:00,858] {taskinstance.py:826} INFO - Dependencies all met for <TaskInstance: penjadwalan.dapat_suhu 2022-08-03T07:30:00+00:00 [queued]>
[2022-08-03 07:32:00,885] {taskinstance.py:826} INFO - Dependencies all met for <TaskInstance: penjadwalan.dapat_suhu 2022-08-03T07:30:00+00:00 [queued]>
[2022-08-03 07:32:00,886] {taskinstance.py:1017} INFO - 
--------------------------------------------------------------------------------
[2022-08-03 07:32:00,887] {taskinstance.py:1018} INFO - Starting attempt 1 of 1
[2022-08-03 07:32:00,887] {taskinstance.py:1019} INFO - 
--------------------------------------------------------------------------------
[2022-08-03 07:32:00,904] {taskinstance.py:1038} INFO - Executing <Task(PythonOperator): dapat_suhu> on 2022-08-03T07:30:00+00:00
[2022-08-03 07:32:00,907] {standard_task_runner.py:51} INFO - Started process 2204 to run task
[2022-08-03 07:32:00,913] {standard_task_runner.py:75} INFO - Running: ['airflow', 'tasks', 'run', 'penjadwalan', 'dapat_suhu', '2022-08-03T07:30:00+00:00', '--job-id', '828', '--pool', 'default_pool', '--raw', '--subdir', 'DAGS_FOLDER/penjadwalan.py', '--cfg-path', '/tmp/tmp1kl3f4r8']
[2022-08-03 07:32:00,918] {standard_task_runner.py:76} INFO - Job 828: Subtask dapat_suhu
[2022-08-03 07:32:00,988] {logging_mixin.py:103} INFO - Running <TaskInstance: penjadwalan.dapat_suhu 2022-08-03T07:30:00+00:00 [running]> on host b4dcda255553
[2022-08-03 07:32:01,116] {taskinstance.py:1232} INFO - Exporting the following env vars:
AIRFLOW_CTX_DAG_OWNER=airflow
AIRFLOW_CTX_DAG_ID=penjadwalan
AIRFLOW_CTX_TASK_ID=dapat_suhu
AIRFLOW_CTX_EXECUTION_DATE=2022-08-03T07:30:00+00:00
AIRFLOW_CTX_DAG_RUN_ID=scheduled__2022-08-03T07:30:00+00:00
[2022-08-03 07:32:01,244] {logging_mixin.py:103} INFO - {'kota': 'Bali', 'cuaca': 'Clouds', 'cuaca_deskripsi': 'broken clouds', 'temperatur': 302.69, 'waktu': '2022-08-03T07:32:01.244476'}
[2022-08-03 07:32:01,362] {logging_mixin.py:103} INFO - {'kota': 'Lombok', 'cuaca': 'Clouds', 'cuaca_deskripsi': 'overcast clouds', 'temperatur': 297.58, 'waktu': '2022-08-03T07:32:01.362666'}
[2022-08-03 07:32:01,514] {logging_mixin.py:103} INFO - {'kota': 'Labuan Bajo', 'cuaca': 'Clouds', 'cuaca_deskripsi': 'overcast clouds', 'temperatur': 300.58, 'waktu': '2022-08-03T07:32:01.514514'}
[2022-08-03 07:32:01,642] {logging_mixin.py:103} INFO - {'kota': 'Bogor', 'cuaca': 'Clouds', 'cuaca_deskripsi': 'overcast clouds', 'temperatur': 304.76, 'waktu': '2022-08-03T07:32:01.642250'}
[2022-08-03 07:32:01,752] {logging_mixin.py:103} INFO - {'kota': 'Bandung', 'cuaca': 'Clouds', 'cuaca_deskripsi': 'overcast clouds', 'temperatur': 301.31, 'waktu': '2022-08-03T07:32:01.752781'}
[2022-08-03 07:32:01,753] {python.py:118} INFO - Done. Returned value was: None
[2022-08-03 07:32:01,826] {taskinstance.py:1142} INFO - Marking task as SUCCESS. dag_id=penjadwalan, task_id=dapat_suhu, execution_date=20220803T073000, start_date=20220803T073200, end_date=20220803T073201
[2022-08-03 07:32:01,877] {taskinstance.py:1195} INFO - 0 downstream tasks scheduled from follow-on schedule check
[2022-08-03 07:32:01,887] {local_task_job.py:118} INFO - Task exited with return code 0
