[2022-08-03 09:44:01,156] {taskinstance.py:826} INFO - Dependencies all met for <TaskInstance: penjadwalan.dapat_suhu 2022-08-03T09:42:00+00:00 [queued]>
[2022-08-03 09:44:01,186] {taskinstance.py:826} INFO - Dependencies all met for <TaskInstance: penjadwalan.dapat_suhu 2022-08-03T09:42:00+00:00 [queued]>
[2022-08-03 09:44:01,186] {taskinstance.py:1017} INFO - 
--------------------------------------------------------------------------------
[2022-08-03 09:44:01,187] {taskinstance.py:1018} INFO - Starting attempt 1 of 1
[2022-08-03 09:44:01,187] {taskinstance.py:1019} INFO - 
--------------------------------------------------------------------------------
[2022-08-03 09:44:01,202] {taskinstance.py:1038} INFO - Executing <Task(PythonOperator): dapat_suhu> on 2022-08-03T09:42:00+00:00
[2022-08-03 09:44:01,205] {standard_task_runner.py:51} INFO - Started process 12042 to run task
[2022-08-03 09:44:01,211] {standard_task_runner.py:75} INFO - Running: ['airflow', 'tasks', 'run', 'penjadwalan', 'dapat_suhu', '2022-08-03T09:42:00+00:00', '--job-id', '946', '--pool', 'default_pool', '--raw', '--subdir', 'DAGS_FOLDER/penjadwalan.py', '--cfg-path', '/tmp/tmpxyjcc6q_']
[2022-08-03 09:44:01,215] {standard_task_runner.py:76} INFO - Job 946: Subtask dapat_suhu
[2022-08-03 09:44:01,286] {logging_mixin.py:103} INFO - Running <TaskInstance: penjadwalan.dapat_suhu 2022-08-03T09:42:00+00:00 [running]> on host b4dcda255553
[2022-08-03 09:44:01,356] {taskinstance.py:1232} INFO - Exporting the following env vars:
AIRFLOW_CTX_DAG_OWNER=airflow
AIRFLOW_CTX_DAG_ID=penjadwalan
AIRFLOW_CTX_TASK_ID=dapat_suhu
AIRFLOW_CTX_EXECUTION_DATE=2022-08-03T09:42:00+00:00
AIRFLOW_CTX_DAG_RUN_ID=scheduled__2022-08-03T09:42:00+00:00
[2022-08-03 09:44:01,526] {logging_mixin.py:103} INFO - {'kota': 'Bali', 'cuaca': 'Clouds', 'cuaca_deskripsi': 'broken clouds', 'temperatur': 300.5, 'waktu': '2022-08-03T09:44:01.526484'}
[2022-08-03 09:44:01,657] {logging_mixin.py:103} INFO - {'kota': 'Lombok', 'cuaca': 'Clouds', 'cuaca_deskripsi': 'overcast clouds', 'temperatur': 295.7, 'waktu': '2022-08-03T09:44:01.657184'}
[2022-08-03 09:44:01,798] {logging_mixin.py:103} INFO - {'kota': 'Labuan Bajo', 'cuaca': 'Clouds', 'cuaca_deskripsi': 'overcast clouds', 'temperatur': 298.84, 'waktu': '2022-08-03T09:44:01.797957'}
[2022-08-03 09:44:01,942] {logging_mixin.py:103} INFO - {'kota': 'Bogor', 'cuaca': 'Rain', 'cuaca_deskripsi': 'light rain', 'temperatur': 301.93, 'waktu': '2022-08-03T09:44:01.941919'}
[2022-08-03 09:44:02,070] {logging_mixin.py:103} INFO - {'kota': 'Bandung', 'cuaca': 'Clouds', 'cuaca_deskripsi': 'overcast clouds', 'temperatur': 296.4, 'waktu': '2022-08-03T09:44:02.070132'}
[2022-08-03 09:44:02,070] {python.py:118} INFO - Done. Returned value was: None
[2022-08-03 09:44:02,090] {taskinstance.py:1142} INFO - Marking task as SUCCESS. dag_id=penjadwalan, task_id=dapat_suhu, execution_date=20220803T094200, start_date=20220803T094401, end_date=20220803T094402
[2022-08-03 09:44:02,137] {taskinstance.py:1195} INFO - 0 downstream tasks scheduled from follow-on schedule check
[2022-08-03 09:44:02,144] {local_task_job.py:118} INFO - Task exited with return code 0
