[2022-08-02 14:30:04,097] {taskinstance.py:826} INFO - Dependencies all met for <TaskInstance: pokea.sleep_me 2022-08-02T14:20:00+00:00 [queued]>
[2022-08-02 14:30:04,131] {taskinstance.py:826} INFO - Dependencies all met for <TaskInstance: pokea.sleep_me 2022-08-02T14:20:00+00:00 [queued]>
[2022-08-02 14:30:04,132] {taskinstance.py:1017} INFO - 
--------------------------------------------------------------------------------
[2022-08-02 14:30:04,133] {taskinstance.py:1018} INFO - Starting attempt 1 of 1
[2022-08-02 14:30:04,133] {taskinstance.py:1019} INFO - 
--------------------------------------------------------------------------------
[2022-08-02 14:30:04,148] {taskinstance.py:1038} INFO - Executing <Task(BashOperator): sleep_me> on 2022-08-02T14:20:00+00:00
[2022-08-02 14:30:04,152] {standard_task_runner.py:51} INFO - Started process 6779 to run task
[2022-08-02 14:30:04,159] {standard_task_runner.py:75} INFO - Running: ['airflow', 'tasks', 'run', 'pokea', 'sleep_me', '2022-08-02T14:20:00+00:00', '--job-id', '14', '--pool', 'default_pool', '--raw', '--subdir', 'DAGS_FOLDER/pokea.py', '--cfg-path', '/tmp/tmpq7n46hi4']
[2022-08-02 14:30:04,163] {standard_task_runner.py:76} INFO - Job 14: Subtask sleep_me
[2022-08-02 14:30:04,245] {logging_mixin.py:103} INFO - Running <TaskInstance: pokea.sleep_me 2022-08-02T14:20:00+00:00 [running]> on host b4dcda255553
[2022-08-02 14:30:04,319] {taskinstance.py:1232} INFO - Exporting the following env vars:
AIRFLOW_CTX_DAG_OWNER=airflow
AIRFLOW_CTX_DAG_ID=pokea
AIRFLOW_CTX_TASK_ID=sleep_me
AIRFLOW_CTX_EXECUTION_DATE=2022-08-02T14:20:00+00:00
AIRFLOW_CTX_DAG_RUN_ID=scheduled__2022-08-02T14:20:00+00:00
[2022-08-02 14:30:04,320] {bash.py:135} INFO - Tmp dir root location: 
 /tmp
[2022-08-02 14:30:04,321] {bash.py:158} INFO - Running command: sleep 5
[2022-08-02 14:30:04,329] {bash.py:169} INFO - Output:
[2022-08-02 14:30:09,332] {bash.py:177} INFO - Command exited with return code 0
[2022-08-02 14:30:09,454] {taskinstance.py:1142} INFO - Marking task as SUCCESS. dag_id=pokea, task_id=sleep_me, execution_date=20220802T142000, start_date=20220802T143004, end_date=20220802T143009
[2022-08-02 14:30:09,531] {taskinstance.py:1195} INFO - 1 downstream tasks scheduled from follow-on schedule check
[2022-08-02 14:30:09,561] {local_task_job.py:118} INFO - Task exited with return code 0
