[2022-08-03 01:38:01,401] {taskinstance.py:826} INFO - Dependencies all met for <TaskInstance: penjadwalan.dapat_suhu 2022-08-03T01:36:00+00:00 [queued]>
[2022-08-03 01:38:01,439] {taskinstance.py:826} INFO - Dependencies all met for <TaskInstance: penjadwalan.dapat_suhu 2022-08-03T01:36:00+00:00 [queued]>
[2022-08-03 01:38:01,440] {taskinstance.py:1017} INFO - 
--------------------------------------------------------------------------------
[2022-08-03 01:38:01,441] {taskinstance.py:1018} INFO - Starting attempt 1 of 1
[2022-08-03 01:38:01,441] {taskinstance.py:1019} INFO - 
--------------------------------------------------------------------------------
[2022-08-03 01:38:01,461] {taskinstance.py:1038} INFO - Executing <Task(PythonOperator): dapat_suhu> on 2022-08-03T01:36:00+00:00
[2022-08-03 01:38:01,466] {standard_task_runner.py:51} INFO - Started process 6850 to run task
[2022-08-03 01:38:01,472] {standard_task_runner.py:75} INFO - Running: ['airflow', 'tasks', 'run', 'penjadwalan', 'dapat_suhu', '2022-08-03T01:36:00+00:00', '--job-id', '475', '--pool', 'default_pool', '--raw', '--subdir', 'DAGS_FOLDER/penjadwalan.py', '--cfg-path', '/tmp/tmpemzwu94u']
[2022-08-03 01:38:01,477] {standard_task_runner.py:76} INFO - Job 475: Subtask dapat_suhu
[2022-08-03 01:38:01,566] {logging_mixin.py:103} INFO - Running <TaskInstance: penjadwalan.dapat_suhu 2022-08-03T01:36:00+00:00 [running]> on host b4dcda255553
[2022-08-03 01:38:01,675] {taskinstance.py:1232} INFO - Exporting the following env vars:
AIRFLOW_CTX_DAG_OWNER=airflow
AIRFLOW_CTX_DAG_ID=penjadwalan
AIRFLOW_CTX_TASK_ID=dapat_suhu
AIRFLOW_CTX_EXECUTION_DATE=2022-08-03T01:36:00+00:00
AIRFLOW_CTX_DAG_RUN_ID=scheduled__2022-08-03T01:36:00+00:00
[2022-08-03 01:38:01,887] {logging_mixin.py:103} INFO - {'kota': 'Bali', 'cuaca': 'Clouds', 'cuaca_deskripsi': 'broken clouds', 'temperatur': 298.28, 'waktu': '2022-08-03T01:38:01.887106'}
[2022-08-03 01:38:02,339] {logging_mixin.py:103} INFO - {'kota': 'Lombok', 'cuaca': 'Rain', 'cuaca_deskripsi': 'moderate rain', 'temperatur': 295.93, 'waktu': '2022-08-03T01:38:02.339161'}
[2022-08-03 01:38:02,614] {logging_mixin.py:103} INFO - {'kota': 'Labuan Bajo', 'cuaca': 'Clouds', 'cuaca_deskripsi': 'broken clouds', 'temperatur': 301.94, 'waktu': '2022-08-03T01:38:02.614158'}
[2022-08-03 01:38:02,938] {logging_mixin.py:103} INFO - {'kota': 'Bogor', 'cuaca': 'Clouds', 'cuaca_deskripsi': 'overcast clouds', 'temperatur': 299.37, 'waktu': '2022-08-03T01:38:02.938569'}
[2022-08-03 01:38:03,469] {logging_mixin.py:103} INFO - {'kota': 'Bandung', 'cuaca': 'Clouds', 'cuaca_deskripsi': 'scattered clouds', 'temperatur': 299.15, 'waktu': '2022-08-03T01:38:03.469611'}
[2022-08-03 01:38:03,470] {python.py:118} INFO - Done. Returned value was: None
[2022-08-03 01:38:03,485] {taskinstance.py:1142} INFO - Marking task as SUCCESS. dag_id=penjadwalan, task_id=dapat_suhu, execution_date=20220803T013600, start_date=20220803T013801, end_date=20220803T013803
[2022-08-03 01:38:03,534] {taskinstance.py:1195} INFO - 0 downstream tasks scheduled from follow-on schedule check
[2022-08-03 01:38:03,573] {local_task_job.py:118} INFO - Task exited with return code 0
