[2022-08-03 00:47:51,803] {taskinstance.py:826} INFO - Dependencies all met for <TaskInstance: penjadwalan.dapat_suhu 2022-08-02T23:18:00+00:00 [queued]>
[2022-08-03 00:47:51,869] {taskinstance.py:826} INFO - Dependencies all met for <TaskInstance: penjadwalan.dapat_suhu 2022-08-02T23:18:00+00:00 [queued]>
[2022-08-03 00:47:51,870] {taskinstance.py:1017} INFO - 
--------------------------------------------------------------------------------
[2022-08-03 00:47:51,871] {taskinstance.py:1018} INFO - Starting attempt 1 of 1
[2022-08-03 00:47:51,871] {taskinstance.py:1019} INFO - 
--------------------------------------------------------------------------------
[2022-08-03 00:47:51,892] {taskinstance.py:1038} INFO - Executing <Task(PythonOperator): dapat_suhu> on 2022-08-02T23:18:00+00:00
[2022-08-03 00:47:51,902] {standard_task_runner.py:51} INFO - Started process 31993 to run task
[2022-08-03 00:47:51,910] {standard_task_runner.py:75} INFO - Running: ['airflow', 'tasks', 'run', 'penjadwalan', 'dapat_suhu', '2022-08-02T23:18:00+00:00', '--job-id', '386', '--pool', 'default_pool', '--raw', '--subdir', 'DAGS_FOLDER/penjadwalan.py', '--cfg-path', '/tmp/tmpygly6npb']
[2022-08-03 00:47:51,914] {standard_task_runner.py:76} INFO - Job 386: Subtask dapat_suhu
[2022-08-03 00:47:52,011] {logging_mixin.py:103} INFO - Running <TaskInstance: penjadwalan.dapat_suhu 2022-08-02T23:18:00+00:00 [running]> on host b4dcda255553
[2022-08-03 00:47:52,110] {taskinstance.py:1232} INFO - Exporting the following env vars:
AIRFLOW_CTX_DAG_OWNER=airflow
AIRFLOW_CTX_DAG_ID=penjadwalan
AIRFLOW_CTX_TASK_ID=dapat_suhu
AIRFLOW_CTX_EXECUTION_DATE=2022-08-02T23:18:00+00:00
AIRFLOW_CTX_DAG_RUN_ID=scheduled__2022-08-02T23:18:00+00:00
[2022-08-03 00:47:53,435] {logging_mixin.py:103} INFO - {'kota': 'Bali', 'cuaca': 'Clouds', 'cuaca_deskripsi': 'overcast clouds', 'temperatur': 298.28, 'waktu': '2022-08-03T00:47:53.435572'}
[2022-08-03 00:47:54,831] {logging_mixin.py:103} INFO - {'kota': 'Lombok', 'cuaca': 'Clouds', 'cuaca_deskripsi': 'overcast clouds', 'temperatur': 295.51, 'waktu': '2022-08-03T00:47:54.831765'}
[2022-08-03 00:47:55,430] {logging_mixin.py:103} INFO - {'kota': 'Labuan Bajo', 'cuaca': 'Clouds', 'cuaca_deskripsi': 'scattered clouds', 'temperatur': 300.93, 'waktu': '2022-08-03T00:47:55.430019'}
[2022-08-03 00:47:56,176] {logging_mixin.py:103} INFO - {'kota': 'Bogor', 'cuaca': 'Rain', 'cuaca_deskripsi': 'light rain', 'temperatur': 300.87, 'waktu': '2022-08-03T00:47:56.176615'}
[2022-08-03 00:47:56,459] {logging_mixin.py:103} INFO - {'kota': 'Bandung', 'cuaca': 'Clouds', 'cuaca_deskripsi': 'scattered clouds', 'temperatur': 296.92, 'waktu': '2022-08-03T00:47:56.459342'}
[2022-08-03 00:47:56,460] {python.py:118} INFO - Done. Returned value was: None
[2022-08-03 00:47:56,534] {taskinstance.py:1142} INFO - Marking task as SUCCESS. dag_id=penjadwalan, task_id=dapat_suhu, execution_date=20220802T231800, start_date=20220803T004751, end_date=20220803T004756
[2022-08-03 00:47:56,740] {taskinstance.py:1195} INFO - 0 downstream tasks scheduled from follow-on schedule check
[2022-08-03 00:47:56,848] {local_task_job.py:118} INFO - Task exited with return code 0
