[2022-08-03 07:42:01,291] {taskinstance.py:826} INFO - Dependencies all met for <TaskInstance: penjadwalan.dapat_suhu 2022-08-03T07:40:00+00:00 [queued]>
[2022-08-03 07:42:01,318] {taskinstance.py:826} INFO - Dependencies all met for <TaskInstance: penjadwalan.dapat_suhu 2022-08-03T07:40:00+00:00 [queued]>
[2022-08-03 07:42:01,318] {taskinstance.py:1017} INFO - 
--------------------------------------------------------------------------------
[2022-08-03 07:42:01,319] {taskinstance.py:1018} INFO - Starting attempt 1 of 1
[2022-08-03 07:42:01,319] {taskinstance.py:1019} INFO - 
--------------------------------------------------------------------------------
[2022-08-03 07:42:01,334] {taskinstance.py:1038} INFO - Executing <Task(PythonOperator): dapat_suhu> on 2022-08-03T07:40:00+00:00
[2022-08-03 07:42:01,337] {standard_task_runner.py:51} INFO - Started process 21372 to run task
[2022-08-03 07:42:01,343] {standard_task_runner.py:75} INFO - Running: ['airflow', 'tasks', 'run', 'penjadwalan', 'dapat_suhu', '2022-08-03T07:40:00+00:00', '--job-id', '837', '--pool', 'default_pool', '--raw', '--subdir', 'DAGS_FOLDER/penjadwalan.py', '--cfg-path', '/tmp/tmp7teyrsdx']
[2022-08-03 07:42:01,348] {standard_task_runner.py:76} INFO - Job 837: Subtask dapat_suhu
[2022-08-03 07:42:01,423] {logging_mixin.py:103} INFO - Running <TaskInstance: penjadwalan.dapat_suhu 2022-08-03T07:40:00+00:00 [running]> on host b4dcda255553
[2022-08-03 07:42:01,502] {taskinstance.py:1232} INFO - Exporting the following env vars:
AIRFLOW_CTX_DAG_OWNER=airflow
AIRFLOW_CTX_DAG_ID=penjadwalan
AIRFLOW_CTX_TASK_ID=dapat_suhu
AIRFLOW_CTX_EXECUTION_DATE=2022-08-03T07:40:00+00:00
AIRFLOW_CTX_DAG_RUN_ID=scheduled__2022-08-03T07:40:00+00:00
[2022-08-03 07:42:01,634] {logging_mixin.py:103} INFO - {'kota': 'Bali', 'cuaca': 'Clouds', 'cuaca_deskripsi': 'broken clouds', 'temperatur': 302.69, 'waktu': '2022-08-03T07:42:01.634395'}
[2022-08-03 07:42:01,779] {logging_mixin.py:103} INFO - {'kota': 'Lombok', 'cuaca': 'Rain', 'cuaca_deskripsi': 'moderate rain', 'temperatur': 296.95, 'waktu': '2022-08-03T07:42:01.778959'}
[2022-08-03 07:42:01,887] {logging_mixin.py:103} INFO - {'kota': 'Labuan Bajo', 'cuaca': 'Clouds', 'cuaca_deskripsi': 'overcast clouds', 'temperatur': 300.58, 'waktu': '2022-08-03T07:42:01.887262'}
[2022-08-03 07:42:01,990] {logging_mixin.py:103} INFO - {'kota': 'Bogor', 'cuaca': 'Clouds', 'cuaca_deskripsi': 'overcast clouds', 'temperatur': 304.76, 'waktu': '2022-08-03T07:42:01.990158'}
[2022-08-03 07:42:02,095] {logging_mixin.py:103} INFO - {'kota': 'Bandung', 'cuaca': 'Clouds', 'cuaca_deskripsi': 'overcast clouds', 'temperatur': 298.69, 'waktu': '2022-08-03T07:42:02.095549'}
[2022-08-03 07:42:02,096] {python.py:118} INFO - Done. Returned value was: None
[2022-08-03 07:42:02,113] {taskinstance.py:1142} INFO - Marking task as SUCCESS. dag_id=penjadwalan, task_id=dapat_suhu, execution_date=20220803T074000, start_date=20220803T074201, end_date=20220803T074202
[2022-08-03 07:42:02,161] {taskinstance.py:1195} INFO - 0 downstream tasks scheduled from follow-on schedule check
[2022-08-03 07:42:02,197] {local_task_job.py:118} INFO - Task exited with return code 0
