[2022-08-03 05:44:00,844] {taskinstance.py:826} INFO - Dependencies all met for <TaskInstance: penjadwalan.dapat_suhu 2022-08-03T05:42:00+00:00 [queued]>
[2022-08-03 05:44:00,872] {taskinstance.py:826} INFO - Dependencies all met for <TaskInstance: penjadwalan.dapat_suhu 2022-08-03T05:42:00+00:00 [queued]>
[2022-08-03 05:44:00,873] {taskinstance.py:1017} INFO - 
--------------------------------------------------------------------------------
[2022-08-03 05:44:00,873] {taskinstance.py:1018} INFO - Starting attempt 1 of 1
[2022-08-03 05:44:00,874] {taskinstance.py:1019} INFO - 
--------------------------------------------------------------------------------
[2022-08-03 05:44:00,889] {taskinstance.py:1038} INFO - Executing <Task(PythonOperator): dapat_suhu> on 2022-08-03T05:42:00+00:00
[2022-08-03 05:44:00,894] {standard_task_runner.py:51} INFO - Started process 20648 to run task
[2022-08-03 05:44:00,904] {standard_task_runner.py:75} INFO - Running: ['airflow', 'tasks', 'run', 'penjadwalan', 'dapat_suhu', '2022-08-03T05:42:00+00:00', '--job-id', '698', '--pool', 'default_pool', '--raw', '--subdir', 'DAGS_FOLDER/penjadwalan.py', '--cfg-path', '/tmp/tmpzj_7snzd']
[2022-08-03 05:44:00,910] {standard_task_runner.py:76} INFO - Job 698: Subtask dapat_suhu
[2022-08-03 05:44:00,984] {logging_mixin.py:103} INFO - Running <TaskInstance: penjadwalan.dapat_suhu 2022-08-03T05:42:00+00:00 [running]> on host b4dcda255553
[2022-08-03 05:44:01,059] {taskinstance.py:1232} INFO - Exporting the following env vars:
AIRFLOW_CTX_DAG_OWNER=airflow
AIRFLOW_CTX_DAG_ID=penjadwalan
AIRFLOW_CTX_TASK_ID=dapat_suhu
AIRFLOW_CTX_EXECUTION_DATE=2022-08-03T05:42:00+00:00
AIRFLOW_CTX_DAG_RUN_ID=scheduled__2022-08-03T05:42:00+00:00
[2022-08-03 05:44:01,260] {logging_mixin.py:103} INFO - {'kota': 'Bali', 'cuaca': 'Clouds', 'cuaca_deskripsi': 'scattered clouds', 'temperatur': 302.69, 'waktu': '2022-08-03T05:44:01.260245'}
[2022-08-03 05:44:01,376] {logging_mixin.py:103} INFO - {'kota': 'Lombok', 'cuaca': 'Rain', 'cuaca_deskripsi': 'moderate rain', 'temperatur': 297.64, 'waktu': '2022-08-03T05:44:01.375853'}
[2022-08-03 05:44:01,500] {logging_mixin.py:103} INFO - {'kota': 'Labuan Bajo', 'cuaca': 'Clouds', 'cuaca_deskripsi': 'broken clouds', 'temperatur': 300.81, 'waktu': '2022-08-03T05:44:01.500675'}
[2022-08-03 05:44:01,625] {logging_mixin.py:103} INFO - {'kota': 'Bogor', 'cuaca': 'Clouds', 'cuaca_deskripsi': 'overcast clouds', 'temperatur': 303.96, 'waktu': '2022-08-03T05:44:01.625043'}
[2022-08-03 05:44:01,836] {logging_mixin.py:103} INFO - {'kota': 'Bandung', 'cuaca': 'Clouds', 'cuaca_deskripsi': 'broken clouds', 'temperatur': 301.75, 'waktu': '2022-08-03T05:44:01.836743'}
[2022-08-03 05:44:01,837] {python.py:118} INFO - Done. Returned value was: None
[2022-08-03 05:44:01,960] {taskinstance.py:1142} INFO - Marking task as SUCCESS. dag_id=penjadwalan, task_id=dapat_suhu, execution_date=20220803T054200, start_date=20220803T054400, end_date=20220803T054401
[2022-08-03 05:44:02,011] {taskinstance.py:1195} INFO - 0 downstream tasks scheduled from follow-on schedule check
[2022-08-03 05:44:02,035] {local_task_job.py:118} INFO - Task exited with return code 0
