[2022-08-03 08:58:00,642] {taskinstance.py:826} INFO - Dependencies all met for <TaskInstance: penjadwalan.dapat_suhu 2022-08-03T08:56:00+00:00 [queued]>
[2022-08-03 08:58:00,666] {taskinstance.py:826} INFO - Dependencies all met for <TaskInstance: penjadwalan.dapat_suhu 2022-08-03T08:56:00+00:00 [queued]>
[2022-08-03 08:58:00,666] {taskinstance.py:1017} INFO - 
--------------------------------------------------------------------------------
[2022-08-03 08:58:00,667] {taskinstance.py:1018} INFO - Starting attempt 1 of 1
[2022-08-03 08:58:00,667] {taskinstance.py:1019} INFO - 
--------------------------------------------------------------------------------
[2022-08-03 08:58:00,680] {taskinstance.py:1038} INFO - Executing <Task(PythonOperator): dapat_suhu> on 2022-08-03T08:56:00+00:00
[2022-08-03 08:58:00,685] {standard_task_runner.py:51} INFO - Started process 10200 to run task
[2022-08-03 08:58:00,691] {standard_task_runner.py:75} INFO - Running: ['airflow', 'tasks', 'run', 'penjadwalan', 'dapat_suhu', '2022-08-03T08:56:00+00:00', '--job-id', '903', '--pool', 'default_pool', '--raw', '--subdir', 'DAGS_FOLDER/penjadwalan.py', '--cfg-path', '/tmp/tmp19gbcpaj']
[2022-08-03 08:58:00,695] {standard_task_runner.py:76} INFO - Job 903: Subtask dapat_suhu
[2022-08-03 08:58:00,774] {logging_mixin.py:103} INFO - Running <TaskInstance: penjadwalan.dapat_suhu 2022-08-03T08:56:00+00:00 [running]> on host b4dcda255553
[2022-08-03 08:58:00,850] {taskinstance.py:1232} INFO - Exporting the following env vars:
AIRFLOW_CTX_DAG_OWNER=airflow
AIRFLOW_CTX_DAG_ID=penjadwalan
AIRFLOW_CTX_TASK_ID=dapat_suhu
AIRFLOW_CTX_EXECUTION_DATE=2022-08-03T08:56:00+00:00
AIRFLOW_CTX_DAG_RUN_ID=scheduled__2022-08-03T08:56:00+00:00
[2022-08-03 08:58:01,140] {logging_mixin.py:103} INFO - {'kota': 'Bali', 'cuaca': 'Clouds', 'cuaca_deskripsi': 'broken clouds', 'temperatur': 300.5, 'waktu': '2022-08-03T08:58:01.140306'}
[2022-08-03 08:58:01,768] {logging_mixin.py:103} INFO - {'kota': 'Lombok', 'cuaca': 'Rain', 'cuaca_deskripsi': 'moderate rain', 'temperatur': 296.25, 'waktu': '2022-08-03T08:58:01.768142'}
[2022-08-03 08:58:02,167] {logging_mixin.py:103} INFO - {'kota': 'Labuan Bajo', 'cuaca': 'Clouds', 'cuaca_deskripsi': 'overcast clouds', 'temperatur': 300.25, 'waktu': '2022-08-03T08:58:02.166926'}
[2022-08-03 08:58:02,412] {logging_mixin.py:103} INFO - {'kota': 'Bogor', 'cuaca': 'Clouds', 'cuaca_deskripsi': 'overcast clouds', 'temperatur': 303.65, 'waktu': '2022-08-03T08:58:02.412374'}
[2022-08-03 08:58:02,729] {logging_mixin.py:103} INFO - {'kota': 'Bandung', 'cuaca': 'Clouds', 'cuaca_deskripsi': 'overcast clouds', 'temperatur': 297, 'waktu': '2022-08-03T08:58:02.729304'}
[2022-08-03 08:58:02,730] {python.py:118} INFO - Done. Returned value was: None
[2022-08-03 08:58:02,747] {taskinstance.py:1142} INFO - Marking task as SUCCESS. dag_id=penjadwalan, task_id=dapat_suhu, execution_date=20220803T085600, start_date=20220803T085800, end_date=20220803T085802
[2022-08-03 08:58:02,783] {taskinstance.py:1195} INFO - 0 downstream tasks scheduled from follow-on schedule check
[2022-08-03 08:58:02,790] {local_task_job.py:118} INFO - Task exited with return code 0
