[2022-08-03 08:22:01,135] {taskinstance.py:826} INFO - Dependencies all met for <TaskInstance: penjadwalan.dapat_suhu 2022-08-03T08:20:00+00:00 [queued]>
[2022-08-03 08:22:01,159] {taskinstance.py:826} INFO - Dependencies all met for <TaskInstance: penjadwalan.dapat_suhu 2022-08-03T08:20:00+00:00 [queued]>
[2022-08-03 08:22:01,160] {taskinstance.py:1017} INFO - 
--------------------------------------------------------------------------------
[2022-08-03 08:22:01,160] {taskinstance.py:1018} INFO - Starting attempt 1 of 1
[2022-08-03 08:22:01,160] {taskinstance.py:1019} INFO - 
--------------------------------------------------------------------------------
[2022-08-03 08:22:01,173] {taskinstance.py:1038} INFO - Executing <Task(PythonOperator): dapat_suhu> on 2022-08-03T08:20:00+00:00
[2022-08-03 08:22:01,177] {standard_task_runner.py:51} INFO - Started process 4213 to run task
[2022-08-03 08:22:01,182] {standard_task_runner.py:75} INFO - Running: ['airflow', 'tasks', 'run', 'penjadwalan', 'dapat_suhu', '2022-08-03T08:20:00+00:00', '--job-id', '873', '--pool', 'default_pool', '--raw', '--subdir', 'DAGS_FOLDER/penjadwalan.py', '--cfg-path', '/tmp/tmpuhuhesq2']
[2022-08-03 08:22:01,185] {standard_task_runner.py:76} INFO - Job 873: Subtask dapat_suhu
[2022-08-03 08:22:01,260] {logging_mixin.py:103} INFO - Running <TaskInstance: penjadwalan.dapat_suhu 2022-08-03T08:20:00+00:00 [running]> on host b4dcda255553
[2022-08-03 08:22:01,335] {taskinstance.py:1232} INFO - Exporting the following env vars:
AIRFLOW_CTX_DAG_OWNER=airflow
AIRFLOW_CTX_DAG_ID=penjadwalan
AIRFLOW_CTX_TASK_ID=dapat_suhu
AIRFLOW_CTX_EXECUTION_DATE=2022-08-03T08:20:00+00:00
AIRFLOW_CTX_DAG_RUN_ID=scheduled__2022-08-03T08:20:00+00:00
[2022-08-03 08:22:01,457] {logging_mixin.py:103} INFO - {'kota': 'Bali', 'cuaca': 'Clouds', 'cuaca_deskripsi': 'broken clouds', 'temperatur': 301.61, 'waktu': '2022-08-03T08:22:01.456877'}
[2022-08-03 08:22:01,566] {logging_mixin.py:103} INFO - {'kota': 'Lombok', 'cuaca': 'Rain', 'cuaca_deskripsi': 'moderate rain', 'temperatur': 296.95, 'waktu': '2022-08-03T08:22:01.566725'}
[2022-08-03 08:22:01,675] {logging_mixin.py:103} INFO - {'kota': 'Labuan Bajo', 'cuaca': 'Clouds', 'cuaca_deskripsi': 'overcast clouds', 'temperatur': 300.58, 'waktu': '2022-08-03T08:22:01.674917'}
[2022-08-03 08:22:01,780] {logging_mixin.py:103} INFO - {'kota': 'Bogor', 'cuaca': 'Clouds', 'cuaca_deskripsi': 'overcast clouds', 'temperatur': 303.65, 'waktu': '2022-08-03T08:22:01.780258'}
[2022-08-03 08:22:01,894] {logging_mixin.py:103} INFO - {'kota': 'Bandung', 'cuaca': 'Clouds', 'cuaca_deskripsi': 'overcast clouds', 'temperatur': 298.69, 'waktu': '2022-08-03T08:22:01.893912'}
[2022-08-03 08:22:01,895] {python.py:118} INFO - Done. Returned value was: None
[2022-08-03 08:22:01,915] {taskinstance.py:1142} INFO - Marking task as SUCCESS. dag_id=penjadwalan, task_id=dapat_suhu, execution_date=20220803T082000, start_date=20220803T082201, end_date=20220803T082201
[2022-08-03 08:22:01,960] {taskinstance.py:1195} INFO - 0 downstream tasks scheduled from follow-on schedule check
[2022-08-03 08:22:01,996] {local_task_job.py:118} INFO - Task exited with return code 0
