[2022-08-03 03:04:01,031] {taskinstance.py:826} INFO - Dependencies all met for <TaskInstance: penjadwalan.dapat_suhu 2022-08-03T03:02:00+00:00 [queued]>
[2022-08-03 03:04:01,057] {taskinstance.py:826} INFO - Dependencies all met for <TaskInstance: penjadwalan.dapat_suhu 2022-08-03T03:02:00+00:00 [queued]>
[2022-08-03 03:04:01,057] {taskinstance.py:1017} INFO - 
--------------------------------------------------------------------------------
[2022-08-03 03:04:01,058] {taskinstance.py:1018} INFO - Starting attempt 1 of 1
[2022-08-03 03:04:01,058] {taskinstance.py:1019} INFO - 
--------------------------------------------------------------------------------
[2022-08-03 03:04:01,072] {taskinstance.py:1038} INFO - Executing <Task(PythonOperator): dapat_suhu> on 2022-08-03T03:02:00+00:00
[2022-08-03 03:04:01,077] {standard_task_runner.py:51} INFO - Started process 26164 to run task
[2022-08-03 03:04:01,082] {standard_task_runner.py:75} INFO - Running: ['airflow', 'tasks', 'run', 'penjadwalan', 'dapat_suhu', '2022-08-03T03:02:00+00:00', '--job-id', '554', '--pool', 'default_pool', '--raw', '--subdir', 'DAGS_FOLDER/penjadwalan.py', '--cfg-path', '/tmp/tmpd0u86nvx']
[2022-08-03 03:04:01,086] {standard_task_runner.py:76} INFO - Job 554: Subtask dapat_suhu
[2022-08-03 03:04:01,154] {logging_mixin.py:103} INFO - Running <TaskInstance: penjadwalan.dapat_suhu 2022-08-03T03:02:00+00:00 [running]> on host b4dcda255553
[2022-08-03 03:04:01,246] {taskinstance.py:1232} INFO - Exporting the following env vars:
AIRFLOW_CTX_DAG_OWNER=airflow
AIRFLOW_CTX_DAG_ID=penjadwalan
AIRFLOW_CTX_TASK_ID=dapat_suhu
AIRFLOW_CTX_EXECUTION_DATE=2022-08-03T03:02:00+00:00
AIRFLOW_CTX_DAG_RUN_ID=scheduled__2022-08-03T03:02:00+00:00
[2022-08-03 03:04:01,518] {logging_mixin.py:103} INFO - {'kota': 'Bali', 'cuaca': 'Clouds', 'cuaca_deskripsi': 'scattered clouds', 'temperatur': 299.39, 'waktu': '2022-08-03T03:04:01.518272'}
[2022-08-03 03:04:01,752] {logging_mixin.py:103} INFO - {'kota': 'Lombok', 'cuaca': 'Rain', 'cuaca_deskripsi': 'heavy intensity rain', 'temperatur': 297.83, 'waktu': '2022-08-03T03:04:01.752610'}
[2022-08-03 03:04:01,894] {logging_mixin.py:103} INFO - {'kota': 'Labuan Bajo', 'cuaca': 'Clouds', 'cuaca_deskripsi': 'broken clouds', 'temperatur': 302.24, 'waktu': '2022-08-03T03:04:01.894393'}
[2022-08-03 03:04:02,029] {logging_mixin.py:103} INFO - {'kota': 'Bogor', 'cuaca': 'Clouds', 'cuaca_deskripsi': 'overcast clouds', 'temperatur': 303.06, 'waktu': '2022-08-03T03:04:02.029218'}
[2022-08-03 03:04:02,157] {logging_mixin.py:103} INFO - {'kota': 'Bandung', 'cuaca': 'Clouds', 'cuaca_deskripsi': 'broken clouds', 'temperatur': 300.9, 'waktu': '2022-08-03T03:04:02.157369'}
[2022-08-03 03:04:02,158] {python.py:118} INFO - Done. Returned value was: None
[2022-08-03 03:04:02,193] {taskinstance.py:1142} INFO - Marking task as SUCCESS. dag_id=penjadwalan, task_id=dapat_suhu, execution_date=20220803T030200, start_date=20220803T030401, end_date=20220803T030402
[2022-08-03 03:04:02,256] {taskinstance.py:1195} INFO - 0 downstream tasks scheduled from follow-on schedule check
[2022-08-03 03:04:02,298] {local_task_job.py:118} INFO - Task exited with return code 0
