[2022-08-03 08:52:01,214] {taskinstance.py:826} INFO - Dependencies all met for <TaskInstance: penjadwalan.dapat_suhu 2022-08-03T08:50:00+00:00 [queued]>
[2022-08-03 08:52:01,239] {taskinstance.py:826} INFO - Dependencies all met for <TaskInstance: penjadwalan.dapat_suhu 2022-08-03T08:50:00+00:00 [queued]>
[2022-08-03 08:52:01,240] {taskinstance.py:1017} INFO - 
--------------------------------------------------------------------------------
[2022-08-03 08:52:01,240] {taskinstance.py:1018} INFO - Starting attempt 1 of 1
[2022-08-03 08:52:01,241] {taskinstance.py:1019} INFO - 
--------------------------------------------------------------------------------
[2022-08-03 08:52:01,255] {taskinstance.py:1038} INFO - Executing <Task(PythonOperator): dapat_suhu> on 2022-08-03T08:50:00+00:00
[2022-08-03 08:52:01,259] {standard_task_runner.py:51} INFO - Started process 20960 to run task
[2022-08-03 08:52:01,264] {standard_task_runner.py:75} INFO - Running: ['airflow', 'tasks', 'run', 'penjadwalan', 'dapat_suhu', '2022-08-03T08:50:00+00:00', '--job-id', '900', '--pool', 'default_pool', '--raw', '--subdir', 'DAGS_FOLDER/penjadwalan.py', '--cfg-path', '/tmp/tmpt8dnnh1p']
[2022-08-03 08:52:01,268] {standard_task_runner.py:76} INFO - Job 900: Subtask dapat_suhu
[2022-08-03 08:52:01,346] {logging_mixin.py:103} INFO - Running <TaskInstance: penjadwalan.dapat_suhu 2022-08-03T08:50:00+00:00 [running]> on host b4dcda255553
[2022-08-03 08:52:01,430] {taskinstance.py:1232} INFO - Exporting the following env vars:
AIRFLOW_CTX_DAG_OWNER=airflow
AIRFLOW_CTX_DAG_ID=penjadwalan
AIRFLOW_CTX_TASK_ID=dapat_suhu
AIRFLOW_CTX_EXECUTION_DATE=2022-08-03T08:50:00+00:00
AIRFLOW_CTX_DAG_RUN_ID=scheduled__2022-08-03T08:50:00+00:00
[2022-08-03 08:52:01,590] {logging_mixin.py:103} INFO - {'kota': 'Bali', 'cuaca': 'Clouds', 'cuaca_deskripsi': 'broken clouds', 'temperatur': 300.5, 'waktu': '2022-08-03T08:52:01.590460'}
[2022-08-03 08:52:01,820] {logging_mixin.py:103} INFO - {'kota': 'Lombok', 'cuaca': 'Rain', 'cuaca_deskripsi': 'moderate rain', 'temperatur': 296.25, 'waktu': '2022-08-03T08:52:01.820221'}
[2022-08-03 08:52:02,056] {logging_mixin.py:103} INFO - {'kota': 'Labuan Bajo', 'cuaca': 'Clouds', 'cuaca_deskripsi': 'overcast clouds', 'temperatur': 300.25, 'waktu': '2022-08-03T08:52:02.056400'}
[2022-08-03 08:52:02,180] {logging_mixin.py:103} INFO - {'kota': 'Bogor', 'cuaca': 'Clouds', 'cuaca_deskripsi': 'overcast clouds', 'temperatur': 303.65, 'waktu': '2022-08-03T08:52:02.180677'}
[2022-08-03 08:52:02,337] {logging_mixin.py:103} INFO - {'kota': 'Bandung', 'cuaca': 'Clouds', 'cuaca_deskripsi': 'overcast clouds', 'temperatur': 297, 'waktu': '2022-08-03T08:52:02.337653'}
[2022-08-03 08:52:02,338] {python.py:118} INFO - Done. Returned value was: None
[2022-08-03 08:52:02,366] {taskinstance.py:1142} INFO - Marking task as SUCCESS. dag_id=penjadwalan, task_id=dapat_suhu, execution_date=20220803T085000, start_date=20220803T085201, end_date=20220803T085202
[2022-08-03 08:52:02,425] {taskinstance.py:1195} INFO - 0 downstream tasks scheduled from follow-on schedule check
[2022-08-03 08:52:02,441] {local_task_job.py:118} INFO - Task exited with return code 0
