[2022-08-03 02:26:00,657] {taskinstance.py:826} INFO - Dependencies all met for <TaskInstance: penjadwalan.dapat_suhu 2022-08-03T02:24:00+00:00 [queued]>
[2022-08-03 02:26:00,688] {taskinstance.py:826} INFO - Dependencies all met for <TaskInstance: penjadwalan.dapat_suhu 2022-08-03T02:24:00+00:00 [queued]>
[2022-08-03 02:26:00,689] {taskinstance.py:1017} INFO - 
--------------------------------------------------------------------------------
[2022-08-03 02:26:00,690] {taskinstance.py:1018} INFO - Starting attempt 1 of 1
[2022-08-03 02:26:00,690] {taskinstance.py:1019} INFO - 
--------------------------------------------------------------------------------
[2022-08-03 02:26:00,710] {taskinstance.py:1038} INFO - Executing <Task(PythonOperator): dapat_suhu> on 2022-08-03T02:24:00+00:00
[2022-08-03 02:26:00,716] {standard_task_runner.py:51} INFO - Started process 9965 to run task
[2022-08-03 02:26:00,725] {standard_task_runner.py:75} INFO - Running: ['airflow', 'tasks', 'run', 'penjadwalan', 'dapat_suhu', '2022-08-03T02:24:00+00:00', '--job-id', '519', '--pool', 'default_pool', '--raw', '--subdir', 'DAGS_FOLDER/penjadwalan.py', '--cfg-path', '/tmp/tmpcok4zrej']
[2022-08-03 02:26:00,730] {standard_task_runner.py:76} INFO - Job 519: Subtask dapat_suhu
[2022-08-03 02:26:00,835] {logging_mixin.py:103} INFO - Running <TaskInstance: penjadwalan.dapat_suhu 2022-08-03T02:24:00+00:00 [running]> on host b4dcda255553
[2022-08-03 02:26:00,915] {taskinstance.py:1232} INFO - Exporting the following env vars:
AIRFLOW_CTX_DAG_OWNER=airflow
AIRFLOW_CTX_DAG_ID=penjadwalan
AIRFLOW_CTX_TASK_ID=dapat_suhu
AIRFLOW_CTX_EXECUTION_DATE=2022-08-03T02:24:00+00:00
AIRFLOW_CTX_DAG_RUN_ID=scheduled__2022-08-03T02:24:00+00:00
[2022-08-03 02:26:01,655] {logging_mixin.py:103} INFO - {'kota': 'Bali', 'cuaca': 'Clouds', 'cuaca_deskripsi': 'broken clouds', 'temperatur': 298.28, 'waktu': '2022-08-03T02:26:01.654884'}
[2022-08-03 02:26:02,175] {logging_mixin.py:103} INFO - {'kota': 'Lombok', 'cuaca': 'Rain', 'cuaca_deskripsi': 'moderate rain', 'temperatur': 295.93, 'waktu': '2022-08-03T02:26:02.175372'}
[2022-08-03 02:26:02,802] {logging_mixin.py:103} INFO - {'kota': 'Labuan Bajo', 'cuaca': 'Clouds', 'cuaca_deskripsi': 'broken clouds', 'temperatur': 301.94, 'waktu': '2022-08-03T02:26:02.802838'}
[2022-08-03 02:26:03,588] {logging_mixin.py:103} INFO - {'kota': 'Bogor', 'cuaca': 'Clouds', 'cuaca_deskripsi': 'overcast clouds', 'temperatur': 300.43, 'waktu': '2022-08-03T02:26:03.588518'}
[2022-08-03 02:26:04,283] {logging_mixin.py:103} INFO - {'kota': 'Bandung', 'cuaca': 'Clouds', 'cuaca_deskripsi': 'scattered clouds', 'temperatur': 299.15, 'waktu': '2022-08-03T02:26:04.282406'}
[2022-08-03 02:26:04,285] {python.py:118} INFO - Done. Returned value was: None
[2022-08-03 02:26:04,331] {taskinstance.py:1142} INFO - Marking task as SUCCESS. dag_id=penjadwalan, task_id=dapat_suhu, execution_date=20220803T022400, start_date=20220803T022600, end_date=20220803T022604
[2022-08-03 02:26:04,372] {taskinstance.py:1195} INFO - 0 downstream tasks scheduled from follow-on schedule check
[2022-08-03 02:26:04,394] {local_task_job.py:118} INFO - Task exited with return code 0
