[2022-08-03 00:46:43,098] {taskinstance.py:826} INFO - Dependencies all met for <TaskInstance: penjadwalan.dapat_suhu 2022-08-02T21:56:00+00:00 [queued]>
[2022-08-03 00:46:43,130] {taskinstance.py:826} INFO - Dependencies all met for <TaskInstance: penjadwalan.dapat_suhu 2022-08-02T21:56:00+00:00 [queued]>
[2022-08-03 00:46:43,131] {taskinstance.py:1017} INFO - 
--------------------------------------------------------------------------------
[2022-08-03 00:46:43,131] {taskinstance.py:1018} INFO - Starting attempt 1 of 1
[2022-08-03 00:46:43,132] {taskinstance.py:1019} INFO - 
--------------------------------------------------------------------------------
[2022-08-03 00:46:43,149] {taskinstance.py:1038} INFO - Executing <Task(PythonOperator): dapat_suhu> on 2022-08-02T21:56:00+00:00
[2022-08-03 00:46:43,155] {standard_task_runner.py:51} INFO - Started process 29259 to run task
[2022-08-03 00:46:43,166] {standard_task_runner.py:75} INFO - Running: ['airflow', 'tasks', 'run', 'penjadwalan', 'dapat_suhu', '2022-08-02T21:56:00+00:00', '--job-id', '345', '--pool', 'default_pool', '--raw', '--subdir', 'DAGS_FOLDER/penjadwalan.py', '--cfg-path', '/tmp/tmpn1xr5nuf']
[2022-08-03 00:46:43,170] {standard_task_runner.py:76} INFO - Job 345: Subtask dapat_suhu
[2022-08-03 00:46:43,273] {logging_mixin.py:103} INFO - Running <TaskInstance: penjadwalan.dapat_suhu 2022-08-02T21:56:00+00:00 [running]> on host b4dcda255553
[2022-08-03 00:46:43,392] {taskinstance.py:1232} INFO - Exporting the following env vars:
AIRFLOW_CTX_DAG_OWNER=airflow
AIRFLOW_CTX_DAG_ID=penjadwalan
AIRFLOW_CTX_TASK_ID=dapat_suhu
AIRFLOW_CTX_EXECUTION_DATE=2022-08-02T21:56:00+00:00
AIRFLOW_CTX_DAG_RUN_ID=scheduled__2022-08-02T21:56:00+00:00
[2022-08-03 00:46:45,597] {logging_mixin.py:103} INFO - {'kota': 'Bali', 'cuaca': 'Clouds', 'cuaca_deskripsi': 'overcast clouds', 'temperatur': 298.28, 'waktu': '2022-08-03T00:46:45.597279'}
[2022-08-03 00:46:52,411] {logging_mixin.py:103} INFO - {'kota': 'Lombok', 'cuaca': 'Clouds', 'cuaca_deskripsi': 'overcast clouds', 'temperatur': 295.51, 'waktu': '2022-08-03T00:46:52.411527'}
[2022-08-03 00:46:52,743] {logging_mixin.py:103} INFO - {'kota': 'Labuan Bajo', 'cuaca': 'Clouds', 'cuaca_deskripsi': 'scattered clouds', 'temperatur': 300.93, 'waktu': '2022-08-03T00:46:52.743215'}
[2022-08-03 00:46:53,075] {logging_mixin.py:103} INFO - {'kota': 'Bogor', 'cuaca': 'Rain', 'cuaca_deskripsi': 'light rain', 'temperatur': 300.87, 'waktu': '2022-08-03T00:46:53.074894'}
[2022-08-03 00:46:53,435] {logging_mixin.py:103} INFO - {'kota': 'Bandung', 'cuaca': 'Clouds', 'cuaca_deskripsi': 'scattered clouds', 'temperatur': 296.92, 'waktu': '2022-08-03T00:46:53.435530'}
[2022-08-03 00:46:53,436] {python.py:118} INFO - Done. Returned value was: None
[2022-08-03 00:46:53,475] {taskinstance.py:1142} INFO - Marking task as SUCCESS. dag_id=penjadwalan, task_id=dapat_suhu, execution_date=20220802T215600, start_date=20220803T004643, end_date=20220803T004653
[2022-08-03 00:46:53,562] {taskinstance.py:1195} INFO - 0 downstream tasks scheduled from follow-on schedule check
[2022-08-03 00:46:53,608] {local_task_job.py:118} INFO - Task exited with return code 0
