[2022-08-03 06:12:00,863] {taskinstance.py:826} INFO - Dependencies all met for <TaskInstance: penjadwalan.dapat_suhu 2022-08-03T06:10:00+00:00 [queued]>
[2022-08-03 06:12:00,899] {taskinstance.py:826} INFO - Dependencies all met for <TaskInstance: penjadwalan.dapat_suhu 2022-08-03T06:10:00+00:00 [queued]>
[2022-08-03 06:12:00,899] {taskinstance.py:1017} INFO - 
--------------------------------------------------------------------------------
[2022-08-03 06:12:00,900] {taskinstance.py:1018} INFO - Starting attempt 1 of 1
[2022-08-03 06:12:00,901] {taskinstance.py:1019} INFO - 
--------------------------------------------------------------------------------
[2022-08-03 06:12:00,921] {taskinstance.py:1038} INFO - Executing <Task(PythonOperator): dapat_suhu> on 2022-08-03T06:10:00+00:00
[2022-08-03 06:12:00,928] {standard_task_runner.py:51} INFO - Started process 2894 to run task
[2022-08-03 06:12:00,937] {standard_task_runner.py:75} INFO - Running: ['airflow', 'tasks', 'run', 'penjadwalan', 'dapat_suhu', '2022-08-03T06:10:00+00:00', '--job-id', '724', '--pool', 'default_pool', '--raw', '--subdir', 'DAGS_FOLDER/penjadwalan.py', '--cfg-path', '/tmp/tmp0mm76rt5']
[2022-08-03 06:12:00,947] {standard_task_runner.py:76} INFO - Job 724: Subtask dapat_suhu
[2022-08-03 06:12:01,086] {logging_mixin.py:103} INFO - Running <TaskInstance: penjadwalan.dapat_suhu 2022-08-03T06:10:00+00:00 [running]> on host b4dcda255553
[2022-08-03 06:12:01,183] {taskinstance.py:1232} INFO - Exporting the following env vars:
AIRFLOW_CTX_DAG_OWNER=airflow
AIRFLOW_CTX_DAG_ID=penjadwalan
AIRFLOW_CTX_TASK_ID=dapat_suhu
AIRFLOW_CTX_EXECUTION_DATE=2022-08-03T06:10:00+00:00
AIRFLOW_CTX_DAG_RUN_ID=scheduled__2022-08-03T06:10:00+00:00
[2022-08-03 06:12:01,485] {logging_mixin.py:103} INFO - {'kota': 'Bali', 'cuaca': 'Clouds', 'cuaca_deskripsi': 'scattered clouds', 'temperatur': 302.69, 'waktu': '2022-08-03T06:12:01.485538'}
[2022-08-03 06:12:03,059] {logging_mixin.py:103} INFO - {'kota': 'Lombok', 'cuaca': 'Rain', 'cuaca_deskripsi': 'moderate rain', 'temperatur': 298.08, 'waktu': '2022-08-03T06:12:03.059054'}
[2022-08-03 06:12:03,183] {logging_mixin.py:103} INFO - {'kota': 'Labuan Bajo', 'cuaca': 'Clouds', 'cuaca_deskripsi': 'broken clouds', 'temperatur': 300.81, 'waktu': '2022-08-03T06:12:03.183140'}
[2022-08-03 06:12:03,308] {logging_mixin.py:103} INFO - {'kota': 'Bogor', 'cuaca': 'Clouds', 'cuaca_deskripsi': 'overcast clouds', 'temperatur': 305.07, 'waktu': '2022-08-03T06:12:03.308658'}
[2022-08-03 06:12:03,428] {logging_mixin.py:103} INFO - {'kota': 'Bandung', 'cuaca': 'Clouds', 'cuaca_deskripsi': 'broken clouds', 'temperatur': 302.27, 'waktu': '2022-08-03T06:12:03.427795'}
[2022-08-03 06:12:03,428] {python.py:118} INFO - Done. Returned value was: None
[2022-08-03 06:12:04,012] {taskinstance.py:1142} INFO - Marking task as SUCCESS. dag_id=penjadwalan, task_id=dapat_suhu, execution_date=20220803T061000, start_date=20220803T061200, end_date=20220803T061204
[2022-08-03 06:12:04,067] {taskinstance.py:1195} INFO - 0 downstream tasks scheduled from follow-on schedule check
[2022-08-03 06:12:04,082] {local_task_job.py:118} INFO - Task exited with return code 0
