[2022-08-02 17:06:04,587] {taskinstance.py:826} INFO - Dependencies all met for <TaskInstance: penjadwalan.dapat_suhu 2022-08-02T17:04:00+00:00 [queued]>
[2022-08-02 17:06:04,615] {taskinstance.py:826} INFO - Dependencies all met for <TaskInstance: penjadwalan.dapat_suhu 2022-08-02T17:04:00+00:00 [queued]>
[2022-08-02 17:06:04,616] {taskinstance.py:1017} INFO - 
--------------------------------------------------------------------------------
[2022-08-02 17:06:04,617] {taskinstance.py:1018} INFO - Starting attempt 1 of 1
[2022-08-02 17:06:04,617] {taskinstance.py:1019} INFO - 
--------------------------------------------------------------------------------
[2022-08-02 17:06:04,632] {taskinstance.py:1038} INFO - Executing <Task(PythonOperator): dapat_suhu> on 2022-08-02T17:04:00+00:00
[2022-08-02 17:06:04,637] {standard_task_runner.py:51} INFO - Started process 543 to run task
[2022-08-02 17:06:04,644] {standard_task_runner.py:75} INFO - Running: ['airflow', 'tasks', 'run', 'penjadwalan', 'dapat_suhu', '2022-08-02T17:04:00+00:00', '--job-id', '178', '--pool', 'default_pool', '--raw', '--subdir', 'DAGS_FOLDER/penjadwalan.py', '--cfg-path', '/tmp/tmpd_fkdmy5']
[2022-08-02 17:06:04,647] {standard_task_runner.py:76} INFO - Job 178: Subtask dapat_suhu
[2022-08-02 17:06:04,732] {logging_mixin.py:103} INFO - Running <TaskInstance: penjadwalan.dapat_suhu 2022-08-02T17:04:00+00:00 [running]> on host b4dcda255553
[2022-08-02 17:06:04,802] {taskinstance.py:1232} INFO - Exporting the following env vars:
AIRFLOW_CTX_DAG_OWNER=airflow
AIRFLOW_CTX_DAG_ID=penjadwalan
AIRFLOW_CTX_TASK_ID=dapat_suhu
AIRFLOW_CTX_EXECUTION_DATE=2022-08-02T17:04:00+00:00
AIRFLOW_CTX_DAG_RUN_ID=scheduled__2022-08-02T17:04:00+00:00
[2022-08-02 17:06:05,759] {logging_mixin.py:103} INFO - {'kota': 'Bali', 'cuaca': 'Clouds', 'cuaca_deskripsi': 'overcast clouds', 'temperatur': 298.28, 'waktu': '2022-08-02T17:06:05.759359'}
[2022-08-02 17:06:07,014] {logging_mixin.py:103} INFO - {'kota': 'Lombok', 'cuaca': 'Clouds', 'cuaca_deskripsi': 'broken clouds', 'temperatur': 293.44, 'waktu': '2022-08-02T17:06:07.014364'}
[2022-08-02 17:06:07,336] {logging_mixin.py:103} INFO - {'kota': 'Labuan Bajo', 'cuaca': 'Clouds', 'cuaca_deskripsi': 'broken clouds', 'temperatur': 297.27, 'waktu': '2022-08-02T17:06:07.336499'}
[2022-08-02 17:06:07,514] {logging_mixin.py:103} INFO - {'kota': 'Bogor', 'cuaca': 'Clouds', 'cuaca_deskripsi': 'broken clouds', 'temperatur': 296.93, 'waktu': '2022-08-02T17:06:07.513829'}
[2022-08-02 17:06:07,685] {logging_mixin.py:103} INFO - {'kota': 'Bandung', 'cuaca': 'Clouds', 'cuaca_deskripsi': 'broken clouds', 'temperatur': 293.46, 'waktu': '2022-08-02T17:06:07.685513'}
[2022-08-02 17:06:07,686] {python.py:118} INFO - Done. Returned value was: None
[2022-08-02 17:06:07,703] {taskinstance.py:1142} INFO - Marking task as SUCCESS. dag_id=penjadwalan, task_id=dapat_suhu, execution_date=20220802T170400, start_date=20220802T170604, end_date=20220802T170607
[2022-08-02 17:06:07,748] {taskinstance.py:1195} INFO - 0 downstream tasks scheduled from follow-on schedule check
[2022-08-02 17:06:07,788] {local_task_job.py:118} INFO - Task exited with return code 0
