[2022-08-03 00:45:45,385] {taskinstance.py:826} INFO - Dependencies all met for <TaskInstance: penjadwalan.dapat_suhu 2022-08-02T19:42:00+00:00 [queued]>
[2022-08-03 00:45:45,454] {taskinstance.py:826} INFO - Dependencies all met for <TaskInstance: penjadwalan.dapat_suhu 2022-08-02T19:42:00+00:00 [queued]>
[2022-08-03 00:45:45,455] {taskinstance.py:1017} INFO - 
--------------------------------------------------------------------------------
[2022-08-03 00:45:45,456] {taskinstance.py:1018} INFO - Starting attempt 1 of 1
[2022-08-03 00:45:45,459] {taskinstance.py:1019} INFO - 
--------------------------------------------------------------------------------
[2022-08-03 00:45:45,497] {taskinstance.py:1038} INFO - Executing <Task(PythonOperator): dapat_suhu> on 2022-08-02T19:42:00+00:00
[2022-08-03 00:45:45,510] {standard_task_runner.py:51} INFO - Started process 26631 to run task
[2022-08-03 00:45:45,538] {standard_task_runner.py:75} INFO - Running: ['airflow', 'tasks', 'run', 'penjadwalan', 'dapat_suhu', '2022-08-02T19:42:00+00:00', '--job-id', '278', '--pool', 'default_pool', '--raw', '--subdir', 'DAGS_FOLDER/penjadwalan.py', '--cfg-path', '/tmp/tmpn663iomq']
[2022-08-03 00:45:45,549] {standard_task_runner.py:76} INFO - Job 278: Subtask dapat_suhu
[2022-08-03 00:45:45,760] {logging_mixin.py:103} INFO - Running <TaskInstance: penjadwalan.dapat_suhu 2022-08-02T19:42:00+00:00 [running]> on host b4dcda255553
[2022-08-03 00:45:45,930] {taskinstance.py:1232} INFO - Exporting the following env vars:
AIRFLOW_CTX_DAG_OWNER=airflow
AIRFLOW_CTX_DAG_ID=penjadwalan
AIRFLOW_CTX_TASK_ID=dapat_suhu
AIRFLOW_CTX_EXECUTION_DATE=2022-08-02T19:42:00+00:00
AIRFLOW_CTX_DAG_RUN_ID=scheduled__2022-08-02T19:42:00+00:00
[2022-08-03 00:46:00,546] {logging_mixin.py:103} INFO - {'kota': 'Bali', 'cuaca': 'Clouds', 'cuaca_deskripsi': 'overcast clouds', 'temperatur': 298.28, 'waktu': '2022-08-03T00:46:00.546392'}
[2022-08-03 00:46:03,699] {logging_mixin.py:103} INFO - {'kota': 'Lombok', 'cuaca': 'Clouds', 'cuaca_deskripsi': 'overcast clouds', 'temperatur': 295.51, 'waktu': '2022-08-03T00:46:03.699500'}
[2022-08-03 00:46:04,289] {logging_mixin.py:103} INFO - {'kota': 'Labuan Bajo', 'cuaca': 'Clouds', 'cuaca_deskripsi': 'scattered clouds', 'temperatur': 300.93, 'waktu': '2022-08-03T00:46:04.289167'}
[2022-08-03 00:46:05,707] {logging_mixin.py:103} INFO - {'kota': 'Bogor', 'cuaca': 'Rain', 'cuaca_deskripsi': 'light rain', 'temperatur': 300.87, 'waktu': '2022-08-03T00:46:05.707643'}
[2022-08-03 00:46:06,762] {logging_mixin.py:103} INFO - {'kota': 'Bandung', 'cuaca': 'Clouds', 'cuaca_deskripsi': 'scattered clouds', 'temperatur': 296.92, 'waktu': '2022-08-03T00:46:06.762041'}
[2022-08-03 00:46:06,762] {python.py:118} INFO - Done. Returned value was: None
[2022-08-03 00:46:06,783] {taskinstance.py:1142} INFO - Marking task as SUCCESS. dag_id=penjadwalan, task_id=dapat_suhu, execution_date=20220802T194200, start_date=20220803T004545, end_date=20220803T004606
[2022-08-03 00:46:06,821] {taskinstance.py:1195} INFO - 0 downstream tasks scheduled from follow-on schedule check
[2022-08-03 00:46:06,837] {local_task_job.py:118} INFO - Task exited with return code 0
