[2022-08-02 17:20:01,172] {taskinstance.py:826} INFO - Dependencies all met for <TaskInstance: penjadwalan.dapat_suhu 2022-08-02T17:18:00+00:00 [queued]>
[2022-08-02 17:20:01,208] {taskinstance.py:826} INFO - Dependencies all met for <TaskInstance: penjadwalan.dapat_suhu 2022-08-02T17:18:00+00:00 [queued]>
[2022-08-02 17:20:01,210] {taskinstance.py:1017} INFO - 
--------------------------------------------------------------------------------
[2022-08-02 17:20:01,210] {taskinstance.py:1018} INFO - Starting attempt 1 of 1
[2022-08-02 17:20:01,211] {taskinstance.py:1019} INFO - 
--------------------------------------------------------------------------------
[2022-08-02 17:20:01,232] {taskinstance.py:1038} INFO - Executing <Task(PythonOperator): dapat_suhu> on 2022-08-02T17:18:00+00:00
[2022-08-02 17:20:01,238] {standard_task_runner.py:51} INFO - Started process 27039 to run task
[2022-08-02 17:20:01,244] {standard_task_runner.py:75} INFO - Running: ['airflow', 'tasks', 'run', 'penjadwalan', 'dapat_suhu', '2022-08-02T17:18:00+00:00', '--job-id', '191', '--pool', 'default_pool', '--raw', '--subdir', 'DAGS_FOLDER/penjadwalan.py', '--cfg-path', '/tmp/tmpne9xc5s4']
[2022-08-02 17:20:01,250] {standard_task_runner.py:76} INFO - Job 191: Subtask dapat_suhu
[2022-08-02 17:20:01,379] {logging_mixin.py:103} INFO - Running <TaskInstance: penjadwalan.dapat_suhu 2022-08-02T17:18:00+00:00 [running]> on host b4dcda255553
[2022-08-02 17:20:01,542] {taskinstance.py:1232} INFO - Exporting the following env vars:
AIRFLOW_CTX_DAG_OWNER=airflow
AIRFLOW_CTX_DAG_ID=penjadwalan
AIRFLOW_CTX_TASK_ID=dapat_suhu
AIRFLOW_CTX_EXECUTION_DATE=2022-08-02T17:18:00+00:00
AIRFLOW_CTX_DAG_RUN_ID=scheduled__2022-08-02T17:18:00+00:00
[2022-08-02 17:20:01,775] {logging_mixin.py:103} INFO - {'kota': 'Bali', 'cuaca': 'Clouds', 'cuaca_deskripsi': 'overcast clouds', 'temperatur': 298.28, 'waktu': '2022-08-02T17:20:01.774855'}
[2022-08-02 17:20:02,209] {logging_mixin.py:103} INFO - {'kota': 'Lombok', 'cuaca': 'Clouds', 'cuaca_deskripsi': 'broken clouds', 'temperatur': 293.44, 'waktu': '2022-08-02T17:20:02.209045'}
[2022-08-02 17:20:02,790] {logging_mixin.py:103} INFO - {'kota': 'Labuan Bajo', 'cuaca': 'Clouds', 'cuaca_deskripsi': 'broken clouds', 'temperatur': 297.27, 'waktu': '2022-08-02T17:20:02.790574'}
[2022-08-02 17:20:03,007] {logging_mixin.py:103} INFO - {'kota': 'Bogor', 'cuaca': 'Clouds', 'cuaca_deskripsi': 'broken clouds', 'temperatur': 296.93, 'waktu': '2022-08-02T17:20:03.007707'}
[2022-08-02 17:20:03,242] {logging_mixin.py:103} INFO - {'kota': 'Bandung', 'cuaca': 'Clouds', 'cuaca_deskripsi': 'broken clouds', 'temperatur': 293.46, 'waktu': '2022-08-02T17:20:03.242787'}
[2022-08-02 17:20:03,245] {python.py:118} INFO - Done. Returned value was: None
[2022-08-02 17:20:03,276] {taskinstance.py:1142} INFO - Marking task as SUCCESS. dag_id=penjadwalan, task_id=dapat_suhu, execution_date=20220802T171800, start_date=20220802T172001, end_date=20220802T172003
[2022-08-02 17:20:03,349] {taskinstance.py:1195} INFO - 0 downstream tasks scheduled from follow-on schedule check
[2022-08-02 17:20:03,361] {local_task_job.py:118} INFO - Task exited with return code 0
