[2022-08-03 00:45:03,713] {taskinstance.py:826} INFO - Dependencies all met for <TaskInstance: penjadwalan.dapat_suhu 2022-08-02T18:08:00+00:00 [queued]>
[2022-08-03 00:45:03,840] {taskinstance.py:826} INFO - Dependencies all met for <TaskInstance: penjadwalan.dapat_suhu 2022-08-02T18:08:00+00:00 [queued]>
[2022-08-03 00:45:03,858] {taskinstance.py:1017} INFO - 
--------------------------------------------------------------------------------
[2022-08-03 00:45:03,878] {taskinstance.py:1018} INFO - Starting attempt 1 of 1
[2022-08-03 00:45:03,896] {taskinstance.py:1019} INFO - 
--------------------------------------------------------------------------------
[2022-08-03 00:45:03,954] {taskinstance.py:1038} INFO - Executing <Task(PythonOperator): dapat_suhu> on 2022-08-02T18:08:00+00:00
[2022-08-03 00:45:03,987] {standard_task_runner.py:51} INFO - Started process 25386 to run task
[2022-08-03 00:45:04,001] {standard_task_runner.py:75} INFO - Running: ['airflow', 'tasks', 'run', 'penjadwalan', 'dapat_suhu', '2022-08-02T18:08:00+00:00', '--job-id', '231', '--pool', 'default_pool', '--raw', '--subdir', 'DAGS_FOLDER/penjadwalan.py', '--cfg-path', '/tmp/tmpn00cbd7a']
[2022-08-03 00:45:04,015] {standard_task_runner.py:76} INFO - Job 231: Subtask dapat_suhu
[2022-08-03 00:45:04,393] {logging_mixin.py:103} INFO - Running <TaskInstance: penjadwalan.dapat_suhu 2022-08-02T18:08:00+00:00 [running]> on host b4dcda255553
[2022-08-03 00:45:04,734] {taskinstance.py:1232} INFO - Exporting the following env vars:
AIRFLOW_CTX_DAG_OWNER=airflow
AIRFLOW_CTX_DAG_ID=penjadwalan
AIRFLOW_CTX_TASK_ID=dapat_suhu
AIRFLOW_CTX_EXECUTION_DATE=2022-08-02T18:08:00+00:00
AIRFLOW_CTX_DAG_RUN_ID=scheduled__2022-08-02T18:08:00+00:00
[2022-08-03 00:45:05,650] {logging_mixin.py:103} INFO - {'kota': 'Bali', 'cuaca': 'Clouds', 'cuaca_deskripsi': 'overcast clouds', 'temperatur': 298.28, 'waktu': '2022-08-03T00:45:05.650400'}
[2022-08-03 00:45:17,536] {logging_mixin.py:103} INFO - {'kota': 'Lombok', 'cuaca': 'Clouds', 'cuaca_deskripsi': 'overcast clouds', 'temperatur': 295.51, 'waktu': '2022-08-03T00:45:17.535919'}
[2022-08-03 00:45:18,427] {logging_mixin.py:103} INFO - {'kota': 'Labuan Bajo', 'cuaca': 'Clouds', 'cuaca_deskripsi': 'scattered clouds', 'temperatur': 300.93, 'waktu': '2022-08-03T00:45:18.427790'}
[2022-08-03 00:45:18,796] {logging_mixin.py:103} INFO - {'kota': 'Bogor', 'cuaca': 'Rain', 'cuaca_deskripsi': 'light rain', 'temperatur': 300.87, 'waktu': '2022-08-03T00:45:18.796536'}
[2022-08-03 00:45:19,035] {logging_mixin.py:103} INFO - {'kota': 'Bandung', 'cuaca': 'Clouds', 'cuaca_deskripsi': 'scattered clouds', 'temperatur': 296.92, 'waktu': '2022-08-03T00:45:19.034941'}
[2022-08-03 00:45:19,042] {python.py:118} INFO - Done. Returned value was: None
[2022-08-03 00:45:19,162] {taskinstance.py:1142} INFO - Marking task as SUCCESS. dag_id=penjadwalan, task_id=dapat_suhu, execution_date=20220802T180800, start_date=20220803T004503, end_date=20220803T004519
[2022-08-03 00:45:19,423] {local_task_job.py:170} WARNING - State of this instance has been externally set to success. Terminating instance.
[2022-08-03 00:45:19,454] {process_utils.py:95} INFO - Sending Signals.SIGTERM to GPID 25386
[2022-08-03 00:45:19,725] {taskinstance.py:1214} ERROR - Received SIGTERM. Terminating subprocesses.
[2022-08-03 00:45:19,737] {process_utils.py:61} INFO - Process psutil.Process(pid=25386, status='terminated', exitcode=1, started='00:45:03') (25386) terminated with exit code 1
[2022-08-03 00:45:19,748] {local_task_job.py:118} INFO - Task exited with return code 1
