[2022-08-02 17:10:02,581] {taskinstance.py:826} INFO - Dependencies all met for <TaskInstance: penjadwalan.dapat_suhu 2022-08-02T17:08:00+00:00 [queued]>
[2022-08-02 17:10:02,641] {taskinstance.py:826} INFO - Dependencies all met for <TaskInstance: penjadwalan.dapat_suhu 2022-08-02T17:08:00+00:00 [queued]>
[2022-08-02 17:10:02,642] {taskinstance.py:1017} INFO - 
--------------------------------------------------------------------------------
[2022-08-02 17:10:02,643] {taskinstance.py:1018} INFO - Starting attempt 1 of 1
[2022-08-02 17:10:02,643] {taskinstance.py:1019} INFO - 
--------------------------------------------------------------------------------
[2022-08-02 17:10:02,669] {taskinstance.py:1038} INFO - Executing <Task(PythonOperator): dapat_suhu> on 2022-08-02T17:08:00+00:00
[2022-08-02 17:10:02,677] {standard_task_runner.py:51} INFO - Started process 5947 to run task
[2022-08-02 17:10:02,687] {standard_task_runner.py:75} INFO - Running: ['airflow', 'tasks', 'run', 'penjadwalan', 'dapat_suhu', '2022-08-02T17:08:00+00:00', '--job-id', '182', '--pool', 'default_pool', '--raw', '--subdir', 'DAGS_FOLDER/penjadwalan.py', '--cfg-path', '/tmp/tmpg5bt45si']
[2022-08-02 17:10:02,697] {standard_task_runner.py:76} INFO - Job 182: Subtask dapat_suhu
[2022-08-02 17:10:02,830] {logging_mixin.py:103} INFO - Running <TaskInstance: penjadwalan.dapat_suhu 2022-08-02T17:08:00+00:00 [running]> on host b4dcda255553
[2022-08-02 17:10:02,996] {taskinstance.py:1232} INFO - Exporting the following env vars:
AIRFLOW_CTX_DAG_OWNER=airflow
AIRFLOW_CTX_DAG_ID=penjadwalan
AIRFLOW_CTX_TASK_ID=dapat_suhu
AIRFLOW_CTX_EXECUTION_DATE=2022-08-02T17:08:00+00:00
AIRFLOW_CTX_DAG_RUN_ID=scheduled__2022-08-02T17:08:00+00:00
[2022-08-02 17:10:03,533] {logging_mixin.py:103} INFO - {'kota': 'Bali', 'cuaca': 'Clouds', 'cuaca_deskripsi': 'overcast clouds', 'temperatur': 298.28, 'waktu': '2022-08-02T17:10:03.532970'}
[2022-08-02 17:10:04,098] {logging_mixin.py:103} INFO - {'kota': 'Lombok', 'cuaca': 'Clouds', 'cuaca_deskripsi': 'broken clouds', 'temperatur': 293.44, 'waktu': '2022-08-02T17:10:04.097863'}
[2022-08-02 17:10:04,369] {logging_mixin.py:103} INFO - {'kota': 'Labuan Bajo', 'cuaca': 'Clouds', 'cuaca_deskripsi': 'broken clouds', 'temperatur': 297.27, 'waktu': '2022-08-02T17:10:04.369472'}
[2022-08-02 17:10:04,665] {logging_mixin.py:103} INFO - {'kota': 'Bogor', 'cuaca': 'Clouds', 'cuaca_deskripsi': 'broken clouds', 'temperatur': 296.93, 'waktu': '2022-08-02T17:10:04.664686'}
[2022-08-02 17:10:05,063] {logging_mixin.py:103} INFO - {'kota': 'Bandung', 'cuaca': 'Clouds', 'cuaca_deskripsi': 'broken clouds', 'temperatur': 293.46, 'waktu': '2022-08-02T17:10:05.063554'}
[2022-08-02 17:10:05,064] {python.py:118} INFO - Done. Returned value was: None
[2022-08-02 17:10:05,091] {taskinstance.py:1142} INFO - Marking task as SUCCESS. dag_id=penjadwalan, task_id=dapat_suhu, execution_date=20220802T170800, start_date=20220802T171002, end_date=20220802T171005
[2022-08-02 17:10:05,176] {taskinstance.py:1195} INFO - 0 downstream tasks scheduled from follow-on schedule check
[2022-08-02 17:10:05,194] {local_task_job.py:118} INFO - Task exited with return code 0
