[2022-08-03 01:06:02,496] {taskinstance.py:826} INFO - Dependencies all met for <TaskInstance: penjadwalan.dapat_suhu 2022-08-03T01:04:00+00:00 [queued]>
[2022-08-03 01:06:02,538] {taskinstance.py:826} INFO - Dependencies all met for <TaskInstance: penjadwalan.dapat_suhu 2022-08-03T01:04:00+00:00 [queued]>
[2022-08-03 01:06:02,538] {taskinstance.py:1017} INFO - 
--------------------------------------------------------------------------------
[2022-08-03 01:06:02,539] {taskinstance.py:1018} INFO - Starting attempt 1 of 1
[2022-08-03 01:06:02,540] {taskinstance.py:1019} INFO - 
--------------------------------------------------------------------------------
[2022-08-03 01:06:02,564] {taskinstance.py:1038} INFO - Executing <Task(PythonOperator): dapat_suhu> on 2022-08-03T01:04:00+00:00
[2022-08-03 01:06:02,572] {standard_task_runner.py:51} INFO - Started process 24162 to run task
[2022-08-03 01:06:02,579] {standard_task_runner.py:75} INFO - Running: ['airflow', 'tasks', 'run', 'penjadwalan', 'dapat_suhu', '2022-08-03T01:04:00+00:00', '--job-id', '447', '--pool', 'default_pool', '--raw', '--subdir', 'DAGS_FOLDER/penjadwalan.py', '--cfg-path', '/tmp/tmp17k4delk']
[2022-08-03 01:06:02,594] {standard_task_runner.py:76} INFO - Job 447: Subtask dapat_suhu
[2022-08-03 01:06:02,833] {logging_mixin.py:103} INFO - Running <TaskInstance: penjadwalan.dapat_suhu 2022-08-03T01:04:00+00:00 [running]> on host b4dcda255553
[2022-08-03 01:06:02,954] {taskinstance.py:1232} INFO - Exporting the following env vars:
AIRFLOW_CTX_DAG_OWNER=airflow
AIRFLOW_CTX_DAG_ID=penjadwalan
AIRFLOW_CTX_TASK_ID=dapat_suhu
AIRFLOW_CTX_EXECUTION_DATE=2022-08-03T01:04:00+00:00
AIRFLOW_CTX_DAG_RUN_ID=scheduled__2022-08-03T01:04:00+00:00
[2022-08-03 01:06:04,341] {logging_mixin.py:103} INFO - {'kota': 'Bali', 'cuaca': 'Clouds', 'cuaca_deskripsi': 'overcast clouds', 'temperatur': 298.28, 'waktu': '2022-08-03T01:06:04.341659'}
[2022-08-03 01:06:05,533] {logging_mixin.py:103} INFO - {'kota': 'Lombok', 'cuaca': 'Rain', 'cuaca_deskripsi': 'moderate rain', 'temperatur': 295.51, 'waktu': '2022-08-03T01:06:05.533471'}
[2022-08-03 01:06:07,911] {logging_mixin.py:103} INFO - {'kota': 'Labuan Bajo', 'cuaca': 'Clouds', 'cuaca_deskripsi': 'scattered clouds', 'temperatur': 300.93, 'waktu': '2022-08-03T01:06:07.911463'}
[2022-08-03 01:06:08,435] {logging_mixin.py:103} INFO - {'kota': 'Bogor', 'cuaca': 'Rain', 'cuaca_deskripsi': 'light rain', 'temperatur': 296.32, 'waktu': '2022-08-03T01:06:08.434908'}
[2022-08-03 01:06:08,662] {logging_mixin.py:103} INFO - {'kota': 'Bandung', 'cuaca': 'Clouds', 'cuaca_deskripsi': 'scattered clouds', 'temperatur': 296.92, 'waktu': '2022-08-03T01:06:08.662163'}
[2022-08-03 01:06:08,663] {python.py:118} INFO - Done. Returned value was: None
[2022-08-03 01:06:08,684] {taskinstance.py:1142} INFO - Marking task as SUCCESS. dag_id=penjadwalan, task_id=dapat_suhu, execution_date=20220803T010400, start_date=20220803T010602, end_date=20220803T010608
[2022-08-03 01:06:08,732] {taskinstance.py:1195} INFO - 0 downstream tasks scheduled from follow-on schedule check
[2022-08-03 01:06:08,751] {local_task_job.py:118} INFO - Task exited with return code 0
