[2022-08-03 00:46:33,846] {taskinstance.py:826} INFO - Dependencies all met for <TaskInstance: penjadwalan.dapat_suhu 2022-08-02T21:32:00+00:00 [queued]>
[2022-08-03 00:46:33,920] {taskinstance.py:826} INFO - Dependencies all met for <TaskInstance: penjadwalan.dapat_suhu 2022-08-02T21:32:00+00:00 [queued]>
[2022-08-03 00:46:33,921] {taskinstance.py:1017} INFO - 
--------------------------------------------------------------------------------
[2022-08-03 00:46:33,922] {taskinstance.py:1018} INFO - Starting attempt 1 of 1
[2022-08-03 00:46:33,923] {taskinstance.py:1019} INFO - 
--------------------------------------------------------------------------------
[2022-08-03 00:46:33,966] {taskinstance.py:1038} INFO - Executing <Task(PythonOperator): dapat_suhu> on 2022-08-02T21:32:00+00:00
[2022-08-03 00:46:33,978] {standard_task_runner.py:51} INFO - Started process 28830 to run task
[2022-08-03 00:46:34,002] {standard_task_runner.py:75} INFO - Running: ['airflow', 'tasks', 'run', 'penjadwalan', 'dapat_suhu', '2022-08-02T21:32:00+00:00', '--job-id', '333', '--pool', 'default_pool', '--raw', '--subdir', 'DAGS_FOLDER/penjadwalan.py', '--cfg-path', '/tmp/tmpg3i2g6fm']
[2022-08-03 00:46:34,008] {standard_task_runner.py:76} INFO - Job 333: Subtask dapat_suhu
[2022-08-03 00:46:34,169] {logging_mixin.py:103} INFO - Running <TaskInstance: penjadwalan.dapat_suhu 2022-08-02T21:32:00+00:00 [running]> on host b4dcda255553
[2022-08-03 00:46:34,383] {taskinstance.py:1232} INFO - Exporting the following env vars:
AIRFLOW_CTX_DAG_OWNER=airflow
AIRFLOW_CTX_DAG_ID=penjadwalan
AIRFLOW_CTX_TASK_ID=dapat_suhu
AIRFLOW_CTX_EXECUTION_DATE=2022-08-02T21:32:00+00:00
AIRFLOW_CTX_DAG_RUN_ID=scheduled__2022-08-02T21:32:00+00:00
[2022-08-03 00:46:34,647] {logging_mixin.py:103} INFO - {'kota': 'Bali', 'cuaca': 'Clouds', 'cuaca_deskripsi': 'overcast clouds', 'temperatur': 298.28, 'waktu': '2022-08-03T00:46:34.647171'}
[2022-08-03 00:46:35,438] {logging_mixin.py:103} INFO - {'kota': 'Lombok', 'cuaca': 'Clouds', 'cuaca_deskripsi': 'overcast clouds', 'temperatur': 295.51, 'waktu': '2022-08-03T00:46:35.437963'}
[2022-08-03 00:46:37,297] {logging_mixin.py:103} INFO - {'kota': 'Labuan Bajo', 'cuaca': 'Clouds', 'cuaca_deskripsi': 'scattered clouds', 'temperatur': 300.93, 'waktu': '2022-08-03T00:46:37.297121'}
[2022-08-03 00:46:37,997] {logging_mixin.py:103} INFO - {'kota': 'Bogor', 'cuaca': 'Rain', 'cuaca_deskripsi': 'light rain', 'temperatur': 300.87, 'waktu': '2022-08-03T00:46:37.997159'}
[2022-08-03 00:46:38,825] {logging_mixin.py:103} INFO - {'kota': 'Bandung', 'cuaca': 'Clouds', 'cuaca_deskripsi': 'scattered clouds', 'temperatur': 296.92, 'waktu': '2022-08-03T00:46:38.825423'}
[2022-08-03 00:46:38,826] {python.py:118} INFO - Done. Returned value was: None
[2022-08-03 00:46:38,858] {taskinstance.py:1142} INFO - Marking task as SUCCESS. dag_id=penjadwalan, task_id=dapat_suhu, execution_date=20220802T213200, start_date=20220803T004633, end_date=20220803T004638
[2022-08-03 00:46:38,948] {taskinstance.py:1195} INFO - 0 downstream tasks scheduled from follow-on schedule check
[2022-08-03 00:46:38,984] {local_task_job.py:118} INFO - Task exited with return code 0
