[2022-08-03 02:20:01,226] {taskinstance.py:826} INFO - Dependencies all met for <TaskInstance: penjadwalan.dapat_suhu 2022-08-03T02:18:00+00:00 [queued]>
[2022-08-03 02:20:01,261] {taskinstance.py:826} INFO - Dependencies all met for <TaskInstance: penjadwalan.dapat_suhu 2022-08-03T02:18:00+00:00 [queued]>
[2022-08-03 02:20:01,262] {taskinstance.py:1017} INFO - 
--------------------------------------------------------------------------------
[2022-08-03 02:20:01,263] {taskinstance.py:1018} INFO - Starting attempt 1 of 1
[2022-08-03 02:20:01,263] {taskinstance.py:1019} INFO - 
--------------------------------------------------------------------------------
[2022-08-03 02:20:01,283] {taskinstance.py:1038} INFO - Executing <Task(PythonOperator): dapat_suhu> on 2022-08-03T02:18:00+00:00
[2022-08-03 02:20:01,289] {standard_task_runner.py:51} INFO - Started process 29573 to run task
[2022-08-03 02:20:01,298] {standard_task_runner.py:75} INFO - Running: ['airflow', 'tasks', 'run', 'penjadwalan', 'dapat_suhu', '2022-08-03T02:18:00+00:00', '--job-id', '512', '--pool', 'default_pool', '--raw', '--subdir', 'DAGS_FOLDER/penjadwalan.py', '--cfg-path', '/tmp/tmp7y0x81wv']
[2022-08-03 02:20:01,302] {standard_task_runner.py:76} INFO - Job 512: Subtask dapat_suhu
[2022-08-03 02:20:01,406] {logging_mixin.py:103} INFO - Running <TaskInstance: penjadwalan.dapat_suhu 2022-08-03T02:18:00+00:00 [running]> on host b4dcda255553
[2022-08-03 02:20:01,489] {taskinstance.py:1232} INFO - Exporting the following env vars:
AIRFLOW_CTX_DAG_OWNER=airflow
AIRFLOW_CTX_DAG_ID=penjadwalan
AIRFLOW_CTX_TASK_ID=dapat_suhu
AIRFLOW_CTX_EXECUTION_DATE=2022-08-03T02:18:00+00:00
AIRFLOW_CTX_DAG_RUN_ID=scheduled__2022-08-03T02:18:00+00:00
[2022-08-03 02:20:01,673] {logging_mixin.py:103} INFO - {'kota': 'Bali', 'cuaca': 'Clouds', 'cuaca_deskripsi': 'broken clouds', 'temperatur': 298.28, 'waktu': '2022-08-03T02:20:01.673092'}
[2022-08-03 02:20:01,827] {logging_mixin.py:103} INFO - {'kota': 'Lombok', 'cuaca': 'Rain', 'cuaca_deskripsi': 'heavy intensity rain', 'temperatur': 295.93, 'waktu': '2022-08-03T02:20:01.827525'}
[2022-08-03 02:20:01,999] {logging_mixin.py:103} INFO - {'kota': 'Labuan Bajo', 'cuaca': 'Clouds', 'cuaca_deskripsi': 'broken clouds', 'temperatur': 301.94, 'waktu': '2022-08-03T02:20:01.999629'}
[2022-08-03 02:20:02,139] {logging_mixin.py:103} INFO - {'kota': 'Bogor', 'cuaca': 'Clouds', 'cuaca_deskripsi': 'overcast clouds', 'temperatur': 300.43, 'waktu': '2022-08-03T02:20:02.138997'}
[2022-08-03 02:20:02,351] {logging_mixin.py:103} INFO - {'kota': 'Bandung', 'cuaca': 'Clouds', 'cuaca_deskripsi': 'scattered clouds', 'temperatur': 299.15, 'waktu': '2022-08-03T02:20:02.351161'}
[2022-08-03 02:20:02,353] {python.py:118} INFO - Done. Returned value was: None
[2022-08-03 02:20:02,379] {taskinstance.py:1142} INFO - Marking task as SUCCESS. dag_id=penjadwalan, task_id=dapat_suhu, execution_date=20220803T021800, start_date=20220803T022001, end_date=20220803T022002
[2022-08-03 02:20:02,433] {taskinstance.py:1195} INFO - 0 downstream tasks scheduled from follow-on schedule check
[2022-08-03 02:20:02,474] {local_task_job.py:118} INFO - Task exited with return code 0
