[2022-08-03 05:40:04,059] {taskinstance.py:826} INFO - Dependencies all met for <TaskInstance: my_simple_dag.greet 2022-08-03T05:30:00+00:00 [queued]>
[2022-08-03 05:40:04,089] {taskinstance.py:826} INFO - Dependencies all met for <TaskInstance: my_simple_dag.greet 2022-08-03T05:30:00+00:00 [queued]>
[2022-08-03 05:40:04,091] {taskinstance.py:1017} INFO - 
--------------------------------------------------------------------------------
[2022-08-03 05:40:04,092] {taskinstance.py:1018} INFO - Starting attempt 1 of 1
[2022-08-03 05:40:04,092] {taskinstance.py:1019} INFO - 
--------------------------------------------------------------------------------
[2022-08-03 05:40:04,110] {taskinstance.py:1038} INFO - Executing <Task(PythonOperator): greet> on 2022-08-03T05:30:00+00:00
[2022-08-03 05:40:04,115] {standard_task_runner.py:51} INFO - Started process 8089 to run task
[2022-08-03 05:40:04,123] {standard_task_runner.py:75} INFO - Running: ['airflow', 'tasks', 'run', 'my_simple_dag', 'greet', '2022-08-03T05:30:00+00:00', '--job-id', '694', '--pool', 'default_pool', '--raw', '--subdir', 'DAGS_FOLDER/my_simple_dag.py', '--cfg-path', '/tmp/tmpdb6x5g1s']
[2022-08-03 05:40:04,128] {standard_task_runner.py:76} INFO - Job 694: Subtask greet
[2022-08-03 05:40:04,200] {logging_mixin.py:103} INFO - Running <TaskInstance: my_simple_dag.greet 2022-08-03T05:30:00+00:00 [running]> on host b4dcda255553
[2022-08-03 05:40:04,277] {taskinstance.py:1232} INFO - Exporting the following env vars:
AIRFLOW_CTX_DAG_OWNER=airflow
AIRFLOW_CTX_DAG_ID=my_simple_dag
AIRFLOW_CTX_TASK_ID=greet
AIRFLOW_CTX_EXECUTION_DATE=2022-08-03T05:30:00+00:00
AIRFLOW_CTX_DAG_RUN_ID=scheduled__2022-08-03T05:30:00+00:00
[2022-08-03 05:40:04,278] {logging_mixin.py:103} INFO - Halo Salam dari Apache Airflow2022-08-03 05:40
[2022-08-03 05:40:04,279] {python.py:118} INFO - Done. Returned value was: None
[2022-08-03 05:40:04,295] {taskinstance.py:1142} INFO - Marking task as SUCCESS. dag_id=my_simple_dag, task_id=greet, execution_date=20220803T053000, start_date=20220803T054004, end_date=20220803T054004
[2022-08-03 05:40:04,338] {taskinstance.py:1195} INFO - 1 downstream tasks scheduled from follow-on schedule check
[2022-08-03 05:40:04,374] {local_task_job.py:118} INFO - Task exited with return code 0
