[2022-08-03 01:16:01,219] {taskinstance.py:826} INFO - Dependencies all met for <TaskInstance: penjadwalan.dapat_suhu 2022-08-03T01:14:00+00:00 [queued]>
[2022-08-03 01:16:01,246] {taskinstance.py:826} INFO - Dependencies all met for <TaskInstance: penjadwalan.dapat_suhu 2022-08-03T01:14:00+00:00 [queued]>
[2022-08-03 01:16:01,247] {taskinstance.py:1017} INFO - 
--------------------------------------------------------------------------------
[2022-08-03 01:16:01,247] {taskinstance.py:1018} INFO - Starting attempt 1 of 1
[2022-08-03 01:16:01,248] {taskinstance.py:1019} INFO - 
--------------------------------------------------------------------------------
[2022-08-03 01:16:01,263] {taskinstance.py:1038} INFO - Executing <Task(PythonOperator): dapat_suhu> on 2022-08-03T01:14:00+00:00
[2022-08-03 01:16:01,269] {standard_task_runner.py:51} INFO - Started process 27803 to run task
[2022-08-03 01:16:01,275] {standard_task_runner.py:75} INFO - Running: ['airflow', 'tasks', 'run', 'penjadwalan', 'dapat_suhu', '2022-08-03T01:14:00+00:00', '--job-id', '456', '--pool', 'default_pool', '--raw', '--subdir', 'DAGS_FOLDER/penjadwalan.py', '--cfg-path', '/tmp/tmpu09owqut']
[2022-08-03 01:16:01,281] {standard_task_runner.py:76} INFO - Job 456: Subtask dapat_suhu
[2022-08-03 01:16:01,358] {logging_mixin.py:103} INFO - Running <TaskInstance: penjadwalan.dapat_suhu 2022-08-03T01:14:00+00:00 [running]> on host b4dcda255553
[2022-08-03 01:16:01,437] {taskinstance.py:1232} INFO - Exporting the following env vars:
AIRFLOW_CTX_DAG_OWNER=airflow
AIRFLOW_CTX_DAG_ID=penjadwalan
AIRFLOW_CTX_TASK_ID=dapat_suhu
AIRFLOW_CTX_EXECUTION_DATE=2022-08-03T01:14:00+00:00
AIRFLOW_CTX_DAG_RUN_ID=scheduled__2022-08-03T01:14:00+00:00
[2022-08-03 01:16:01,774] {logging_mixin.py:103} INFO - {'kota': 'Bali', 'cuaca': 'Clouds', 'cuaca_deskripsi': 'overcast clouds', 'temperatur': 298.28, 'waktu': '2022-08-03T01:16:01.774053'}
[2022-08-03 01:16:03,916] {logging_mixin.py:103} INFO - {'kota': 'Lombok', 'cuaca': 'Rain', 'cuaca_deskripsi': 'moderate rain', 'temperatur': 295.51, 'waktu': '2022-08-03T01:16:03.916189'}
[2022-08-03 01:16:04,837] {logging_mixin.py:103} INFO - {'kota': 'Labuan Bajo', 'cuaca': 'Clouds', 'cuaca_deskripsi': 'scattered clouds', 'temperatur': 300.93, 'waktu': '2022-08-03T01:16:04.837180'}
[2022-08-03 01:16:05,562] {logging_mixin.py:103} INFO - {'kota': 'Bogor', 'cuaca': 'Clouds', 'cuaca_deskripsi': 'overcast clouds', 'temperatur': 296.83, 'waktu': '2022-08-03T01:16:05.562173'}
[2022-08-03 01:16:06,154] {logging_mixin.py:103} INFO - {'kota': 'Bandung', 'cuaca': 'Clouds', 'cuaca_deskripsi': 'scattered clouds', 'temperatur': 296.92, 'waktu': '2022-08-03T01:16:06.154819'}
[2022-08-03 01:16:06,155] {python.py:118} INFO - Done. Returned value was: None
[2022-08-03 01:16:06,168] {taskinstance.py:1142} INFO - Marking task as SUCCESS. dag_id=penjadwalan, task_id=dapat_suhu, execution_date=20220803T011400, start_date=20220803T011601, end_date=20220803T011606
[2022-08-03 01:16:06,203] {taskinstance.py:1195} INFO - 0 downstream tasks scheduled from follow-on schedule check
[2022-08-03 01:16:06,225] {local_task_job.py:118} INFO - Task exited with return code 0
