[2022-08-02 17:16:01,606] {taskinstance.py:826} INFO - Dependencies all met for <TaskInstance: penjadwalan.dapat_suhu 2022-08-02T17:14:00+00:00 [queued]>
[2022-08-02 17:16:01,645] {taskinstance.py:826} INFO - Dependencies all met for <TaskInstance: penjadwalan.dapat_suhu 2022-08-02T17:14:00+00:00 [queued]>
[2022-08-02 17:16:01,645] {taskinstance.py:1017} INFO - 
--------------------------------------------------------------------------------
[2022-08-02 17:16:01,646] {taskinstance.py:1018} INFO - Starting attempt 1 of 1
[2022-08-02 17:16:01,647] {taskinstance.py:1019} INFO - 
--------------------------------------------------------------------------------
[2022-08-02 17:16:01,668] {taskinstance.py:1038} INFO - Executing <Task(PythonOperator): dapat_suhu> on 2022-08-02T17:14:00+00:00
[2022-08-02 17:16:01,675] {standard_task_runner.py:51} INFO - Started process 19073 to run task
[2022-08-02 17:16:01,682] {standard_task_runner.py:75} INFO - Running: ['airflow', 'tasks', 'run', 'penjadwalan', 'dapat_suhu', '2022-08-02T17:14:00+00:00', '--job-id', '188', '--pool', 'default_pool', '--raw', '--subdir', 'DAGS_FOLDER/penjadwalan.py', '--cfg-path', '/tmp/tmpgt6uiqa9']
[2022-08-02 17:16:01,689] {standard_task_runner.py:76} INFO - Job 188: Subtask dapat_suhu
[2022-08-02 17:16:01,801] {logging_mixin.py:103} INFO - Running <TaskInstance: penjadwalan.dapat_suhu 2022-08-02T17:14:00+00:00 [running]> on host b4dcda255553
[2022-08-02 17:16:01,997] {taskinstance.py:1232} INFO - Exporting the following env vars:
AIRFLOW_CTX_DAG_OWNER=airflow
AIRFLOW_CTX_DAG_ID=penjadwalan
AIRFLOW_CTX_TASK_ID=dapat_suhu
AIRFLOW_CTX_EXECUTION_DATE=2022-08-02T17:14:00+00:00
AIRFLOW_CTX_DAG_RUN_ID=scheduled__2022-08-02T17:14:00+00:00
[2022-08-02 17:16:02,342] {logging_mixin.py:103} INFO - {'kota': 'Bali', 'cuaca': 'Clouds', 'cuaca_deskripsi': 'overcast clouds', 'temperatur': 298.28, 'waktu': '2022-08-02T17:16:02.342020'}
[2022-08-02 17:16:02,687] {logging_mixin.py:103} INFO - {'kota': 'Lombok', 'cuaca': 'Clouds', 'cuaca_deskripsi': 'broken clouds', 'temperatur': 293.44, 'waktu': '2022-08-02T17:16:02.687123'}
[2022-08-02 17:16:02,967] {logging_mixin.py:103} INFO - {'kota': 'Labuan Bajo', 'cuaca': 'Clouds', 'cuaca_deskripsi': 'broken clouds', 'temperatur': 297.27, 'waktu': '2022-08-02T17:16:02.967249'}
[2022-08-02 17:16:03,207] {logging_mixin.py:103} INFO - {'kota': 'Bogor', 'cuaca': 'Clouds', 'cuaca_deskripsi': 'broken clouds', 'temperatur': 296.93, 'waktu': '2022-08-02T17:16:03.207207'}
[2022-08-02 17:16:03,422] {logging_mixin.py:103} INFO - {'kota': 'Bandung', 'cuaca': 'Clouds', 'cuaca_deskripsi': 'broken clouds', 'temperatur': 293.46, 'waktu': '2022-08-02T17:16:03.421807'}
[2022-08-02 17:16:03,423] {python.py:118} INFO - Done. Returned value was: None
[2022-08-02 17:16:03,446] {taskinstance.py:1142} INFO - Marking task as SUCCESS. dag_id=penjadwalan, task_id=dapat_suhu, execution_date=20220802T171400, start_date=20220802T171601, end_date=20220802T171603
[2022-08-02 17:16:03,505] {taskinstance.py:1195} INFO - 0 downstream tasks scheduled from follow-on schedule check
[2022-08-02 17:16:03,541] {local_task_job.py:118} INFO - Task exited with return code 0
