[2022-08-03 01:30:03,535] {taskinstance.py:826} INFO - Dependencies all met for <TaskInstance: my_simple_dag.sleep_me 2022-08-03T01:20:00+00:00 [queued]>
[2022-08-03 01:30:03,575] {taskinstance.py:826} INFO - Dependencies all met for <TaskInstance: my_simple_dag.sleep_me 2022-08-03T01:20:00+00:00 [queued]>
[2022-08-03 01:30:03,576] {taskinstance.py:1017} INFO - 
--------------------------------------------------------------------------------
[2022-08-03 01:30:03,577] {taskinstance.py:1018} INFO - Starting attempt 1 of 1
[2022-08-03 01:30:03,577] {taskinstance.py:1019} INFO - 
--------------------------------------------------------------------------------
[2022-08-03 01:30:03,596] {taskinstance.py:1038} INFO - Executing <Task(BashOperator): sleep_me> on 2022-08-03T01:20:00+00:00
[2022-08-03 01:30:03,605] {standard_task_runner.py:51} INFO - Started process 6862 to run task
[2022-08-03 01:30:03,614] {standard_task_runner.py:75} INFO - Running: ['airflow', 'tasks', 'run', 'my_simple_dag', 'sleep_me', '2022-08-03T01:20:00+00:00', '--job-id', '470', '--pool', 'default_pool', '--raw', '--subdir', 'DAGS_FOLDER/my_simple_dag.py', '--cfg-path', '/tmp/tmpg1142yy8']
[2022-08-03 01:30:03,623] {standard_task_runner.py:76} INFO - Job 470: Subtask sleep_me
[2022-08-03 01:30:03,736] {logging_mixin.py:103} INFO - Running <TaskInstance: my_simple_dag.sleep_me 2022-08-03T01:20:00+00:00 [running]> on host b4dcda255553
[2022-08-03 01:30:03,828] {taskinstance.py:1232} INFO - Exporting the following env vars:
AIRFLOW_CTX_DAG_OWNER=airflow
AIRFLOW_CTX_DAG_ID=my_simple_dag
AIRFLOW_CTX_TASK_ID=sleep_me
AIRFLOW_CTX_EXECUTION_DATE=2022-08-03T01:20:00+00:00
AIRFLOW_CTX_DAG_RUN_ID=scheduled__2022-08-03T01:20:00+00:00
[2022-08-03 01:30:03,830] {bash.py:135} INFO - Tmp dir root location: 
 /tmp
[2022-08-03 01:30:03,832] {bash.py:158} INFO - Running command: sleep 5
[2022-08-03 01:30:03,846] {bash.py:169} INFO - Output:
[2022-08-03 01:30:08,850] {bash.py:177} INFO - Command exited with return code 0
[2022-08-03 01:30:08,903] {taskinstance.py:1142} INFO - Marking task as SUCCESS. dag_id=my_simple_dag, task_id=sleep_me, execution_date=20220803T012000, start_date=20220803T013003, end_date=20220803T013008
[2022-08-03 01:30:08,968] {taskinstance.py:1195} INFO - 1 downstream tasks scheduled from follow-on schedule check
[2022-08-03 01:30:08,992] {local_task_job.py:118} INFO - Task exited with return code 0
