[2022-08-03 00:46:12,632] {taskinstance.py:826} INFO - Dependencies all met for <TaskInstance: penjadwalan.dapat_suhu 2022-08-02T20:34:00+00:00 [queued]>
[2022-08-03 00:46:12,677] {taskinstance.py:826} INFO - Dependencies all met for <TaskInstance: penjadwalan.dapat_suhu 2022-08-02T20:34:00+00:00 [queued]>
[2022-08-03 00:46:12,678] {taskinstance.py:1017} INFO - 
--------------------------------------------------------------------------------
[2022-08-03 00:46:12,679] {taskinstance.py:1018} INFO - Starting attempt 1 of 1
[2022-08-03 00:46:12,679] {taskinstance.py:1019} INFO - 
--------------------------------------------------------------------------------
[2022-08-03 00:46:12,697] {taskinstance.py:1038} INFO - Executing <Task(PythonOperator): dapat_suhu> on 2022-08-02T20:34:00+00:00
[2022-08-03 00:46:12,706] {standard_task_runner.py:51} INFO - Started process 27925 to run task
[2022-08-03 00:46:12,720] {standard_task_runner.py:75} INFO - Running: ['airflow', 'tasks', 'run', 'penjadwalan', 'dapat_suhu', '2022-08-02T20:34:00+00:00', '--job-id', '304', '--pool', 'default_pool', '--raw', '--subdir', 'DAGS_FOLDER/penjadwalan.py', '--cfg-path', '/tmp/tmpznz5o0vw']
[2022-08-03 00:46:12,725] {standard_task_runner.py:76} INFO - Job 304: Subtask dapat_suhu
[2022-08-03 00:46:12,827] {logging_mixin.py:103} INFO - Running <TaskInstance: penjadwalan.dapat_suhu 2022-08-02T20:34:00+00:00 [running]> on host b4dcda255553
[2022-08-03 00:46:12,920] {taskinstance.py:1232} INFO - Exporting the following env vars:
AIRFLOW_CTX_DAG_OWNER=airflow
AIRFLOW_CTX_DAG_ID=penjadwalan
AIRFLOW_CTX_TASK_ID=dapat_suhu
AIRFLOW_CTX_EXECUTION_DATE=2022-08-02T20:34:00+00:00
AIRFLOW_CTX_DAG_RUN_ID=scheduled__2022-08-02T20:34:00+00:00
[2022-08-03 00:46:13,932] {logging_mixin.py:103} INFO - {'kota': 'Bali', 'cuaca': 'Clouds', 'cuaca_deskripsi': 'overcast clouds', 'temperatur': 298.28, 'waktu': '2022-08-03T00:46:13.932704'}
[2022-08-03 00:46:14,237] {logging_mixin.py:103} INFO - {'kota': 'Lombok', 'cuaca': 'Clouds', 'cuaca_deskripsi': 'overcast clouds', 'temperatur': 295.51, 'waktu': '2022-08-03T00:46:14.236884'}
[2022-08-03 00:46:14,564] {logging_mixin.py:103} INFO - {'kota': 'Labuan Bajo', 'cuaca': 'Clouds', 'cuaca_deskripsi': 'scattered clouds', 'temperatur': 300.93, 'waktu': '2022-08-03T00:46:14.564355'}
[2022-08-03 00:46:16,493] {logging_mixin.py:103} INFO - {'kota': 'Bogor', 'cuaca': 'Rain', 'cuaca_deskripsi': 'light rain', 'temperatur': 300.87, 'waktu': '2022-08-03T00:46:16.492801'}
[2022-08-03 00:46:18,608] {logging_mixin.py:103} INFO - {'kota': 'Bandung', 'cuaca': 'Clouds', 'cuaca_deskripsi': 'scattered clouds', 'temperatur': 296.92, 'waktu': '2022-08-03T00:46:18.608695'}
[2022-08-03 00:46:18,611] {python.py:118} INFO - Done. Returned value was: None
[2022-08-03 00:46:18,633] {taskinstance.py:1142} INFO - Marking task as SUCCESS. dag_id=penjadwalan, task_id=dapat_suhu, execution_date=20220802T203400, start_date=20220803T004612, end_date=20220803T004618
[2022-08-03 00:46:18,699] {taskinstance.py:1195} INFO - 0 downstream tasks scheduled from follow-on schedule check
[2022-08-03 00:46:18,718] {local_task_job.py:118} INFO - Task exited with return code 0
