[2022-08-03 00:45:44,259] {taskinstance.py:826} INFO - Dependencies all met for <TaskInstance: penjadwalan.dapat_suhu 2022-08-02T19:38:00+00:00 [queued]>
[2022-08-03 00:45:44,298] {taskinstance.py:826} INFO - Dependencies all met for <TaskInstance: penjadwalan.dapat_suhu 2022-08-02T19:38:00+00:00 [queued]>
[2022-08-03 00:45:44,299] {taskinstance.py:1017} INFO - 
--------------------------------------------------------------------------------
[2022-08-03 00:45:44,300] {taskinstance.py:1018} INFO - Starting attempt 1 of 1
[2022-08-03 00:45:44,300] {taskinstance.py:1019} INFO - 
--------------------------------------------------------------------------------
[2022-08-03 00:45:44,320] {taskinstance.py:1038} INFO - Executing <Task(PythonOperator): dapat_suhu> on 2022-08-02T19:38:00+00:00
[2022-08-03 00:45:44,326] {standard_task_runner.py:51} INFO - Started process 26607 to run task
[2022-08-03 00:45:44,331] {standard_task_runner.py:75} INFO - Running: ['airflow', 'tasks', 'run', 'penjadwalan', 'dapat_suhu', '2022-08-02T19:38:00+00:00', '--job-id', '276', '--pool', 'default_pool', '--raw', '--subdir', 'DAGS_FOLDER/penjadwalan.py', '--cfg-path', '/tmp/tmp5zswpua_']
[2022-08-03 00:45:44,335] {standard_task_runner.py:76} INFO - Job 276: Subtask dapat_suhu
[2022-08-03 00:45:44,408] {logging_mixin.py:103} INFO - Running <TaskInstance: penjadwalan.dapat_suhu 2022-08-02T19:38:00+00:00 [running]> on host b4dcda255553
[2022-08-03 00:45:44,478] {taskinstance.py:1232} INFO - Exporting the following env vars:
AIRFLOW_CTX_DAG_OWNER=airflow
AIRFLOW_CTX_DAG_ID=penjadwalan
AIRFLOW_CTX_TASK_ID=dapat_suhu
AIRFLOW_CTX_EXECUTION_DATE=2022-08-02T19:38:00+00:00
AIRFLOW_CTX_DAG_RUN_ID=scheduled__2022-08-02T19:38:00+00:00
[2022-08-03 00:45:44,697] {logging_mixin.py:103} INFO - {'kota': 'Bali', 'cuaca': 'Clouds', 'cuaca_deskripsi': 'overcast clouds', 'temperatur': 298.28, 'waktu': '2022-08-03T00:45:44.696774'}
[2022-08-03 00:45:44,937] {logging_mixin.py:103} INFO - {'kota': 'Lombok', 'cuaca': 'Clouds', 'cuaca_deskripsi': 'overcast clouds', 'temperatur': 295.51, 'waktu': '2022-08-03T00:45:44.934404'}
[2022-08-03 00:45:53,852] {logging_mixin.py:103} INFO - {'kota': 'Labuan Bajo', 'cuaca': 'Clouds', 'cuaca_deskripsi': 'scattered clouds', 'temperatur': 300.93, 'waktu': '2022-08-03T00:45:53.851932'}
[2022-08-03 00:45:54,158] {logging_mixin.py:103} INFO - {'kota': 'Bogor', 'cuaca': 'Rain', 'cuaca_deskripsi': 'light rain', 'temperatur': 300.87, 'waktu': '2022-08-03T00:45:54.158299'}
[2022-08-03 00:45:54,338] {logging_mixin.py:103} INFO - {'kota': 'Bandung', 'cuaca': 'Clouds', 'cuaca_deskripsi': 'scattered clouds', 'temperatur': 296.92, 'waktu': '2022-08-03T00:45:54.338140'}
[2022-08-03 00:45:54,339] {python.py:118} INFO - Done. Returned value was: None
[2022-08-03 00:45:54,379] {taskinstance.py:1142} INFO - Marking task as SUCCESS. dag_id=penjadwalan, task_id=dapat_suhu, execution_date=20220802T193800, start_date=20220803T004544, end_date=20220803T004554
[2022-08-03 00:45:54,503] {local_task_job.py:170} WARNING - State of this instance has been externally set to success. Terminating instance.
[2022-08-03 00:45:54,513] {process_utils.py:95} INFO - Sending Signals.SIGTERM to GPID 26607
[2022-08-03 00:45:54,684] {taskinstance.py:1214} ERROR - Received SIGTERM. Terminating subprocesses.
[2022-08-03 00:45:54,732] {process_utils.py:61} INFO - Process psutil.Process(pid=26607, status='terminated', exitcode=1, started='00:45:44') (26607) terminated with exit code 1
[2022-08-03 00:45:54,743] {local_task_job.py:118} INFO - Task exited with return code 1
