[2022-08-03 00:48:10,634] {taskinstance.py:826} INFO - Dependencies all met for <TaskInstance: penjadwalan.dapat_suhu 2022-08-02T23:50:00+00:00 [queued]>
[2022-08-03 00:48:10,689] {taskinstance.py:826} INFO - Dependencies all met for <TaskInstance: penjadwalan.dapat_suhu 2022-08-02T23:50:00+00:00 [queued]>
[2022-08-03 00:48:10,690] {taskinstance.py:1017} INFO - 
--------------------------------------------------------------------------------
[2022-08-03 00:48:10,690] {taskinstance.py:1018} INFO - Starting attempt 1 of 1
[2022-08-03 00:48:10,691] {taskinstance.py:1019} INFO - 
--------------------------------------------------------------------------------
[2022-08-03 00:48:10,744] {taskinstance.py:1038} INFO - Executing <Task(PythonOperator): dapat_suhu> on 2022-08-02T23:50:00+00:00
[2022-08-03 00:48:10,761] {standard_task_runner.py:51} INFO - Started process 466 to run task
[2022-08-03 00:48:10,773] {standard_task_runner.py:75} INFO - Running: ['airflow', 'tasks', 'run', 'penjadwalan', 'dapat_suhu', '2022-08-02T23:50:00+00:00', '--job-id', '402', '--pool', 'default_pool', '--raw', '--subdir', 'DAGS_FOLDER/penjadwalan.py', '--cfg-path', '/tmp/tmp98mwfnos']
[2022-08-03 00:48:10,797] {standard_task_runner.py:76} INFO - Job 402: Subtask dapat_suhu
[2022-08-03 00:48:10,968] {logging_mixin.py:103} INFO - Running <TaskInstance: penjadwalan.dapat_suhu 2022-08-02T23:50:00+00:00 [running]> on host b4dcda255553
[2022-08-03 00:48:11,130] {taskinstance.py:1232} INFO - Exporting the following env vars:
AIRFLOW_CTX_DAG_OWNER=airflow
AIRFLOW_CTX_DAG_ID=penjadwalan
AIRFLOW_CTX_TASK_ID=dapat_suhu
AIRFLOW_CTX_EXECUTION_DATE=2022-08-02T23:50:00+00:00
AIRFLOW_CTX_DAG_RUN_ID=scheduled__2022-08-02T23:50:00+00:00
[2022-08-03 00:48:11,854] {logging_mixin.py:103} INFO - {'kota': 'Bali', 'cuaca': 'Clouds', 'cuaca_deskripsi': 'overcast clouds', 'temperatur': 298.28, 'waktu': '2022-08-03T00:48:11.854414'}
[2022-08-03 00:48:12,065] {logging_mixin.py:103} INFO - {'kota': 'Lombok', 'cuaca': 'Clouds', 'cuaca_deskripsi': 'overcast clouds', 'temperatur': 295.51, 'waktu': '2022-08-03T00:48:12.064593'}
[2022-08-03 00:48:12,280] {logging_mixin.py:103} INFO - {'kota': 'Labuan Bajo', 'cuaca': 'Clouds', 'cuaca_deskripsi': 'scattered clouds', 'temperatur': 300.93, 'waktu': '2022-08-03T00:48:12.280436'}
[2022-08-03 00:48:12,430] {logging_mixin.py:103} INFO - {'kota': 'Bogor', 'cuaca': 'Rain', 'cuaca_deskripsi': 'light rain', 'temperatur': 300.87, 'waktu': '2022-08-03T00:48:12.430757'}
[2022-08-03 00:48:12,592] {logging_mixin.py:103} INFO - {'kota': 'Bandung', 'cuaca': 'Clouds', 'cuaca_deskripsi': 'scattered clouds', 'temperatur': 296.92, 'waktu': '2022-08-03T00:48:12.592265'}
[2022-08-03 00:48:12,593] {python.py:118} INFO - Done. Returned value was: None
[2022-08-03 00:48:12,621] {taskinstance.py:1142} INFO - Marking task as SUCCESS. dag_id=penjadwalan, task_id=dapat_suhu, execution_date=20220802T235000, start_date=20220803T004810, end_date=20220803T004812
[2022-08-03 00:48:12,706] {taskinstance.py:1195} INFO - 0 downstream tasks scheduled from follow-on schedule check
[2022-08-03 00:48:12,731] {local_task_job.py:118} INFO - Task exited with return code 0
