[2022-08-03 00:44:38,653] {taskinstance.py:826} INFO - Dependencies all met for <TaskInstance: penjadwalan.dapat_suhu 2022-08-02T17:54:00+00:00 [queued]>
[2022-08-03 00:44:38,884] {taskinstance.py:826} INFO - Dependencies all met for <TaskInstance: penjadwalan.dapat_suhu 2022-08-02T17:54:00+00:00 [queued]>
[2022-08-03 00:44:38,890] {taskinstance.py:1017} INFO - 
--------------------------------------------------------------------------------
[2022-08-03 00:44:38,891] {taskinstance.py:1018} INFO - Starting attempt 1 of 1
[2022-08-03 00:44:38,903] {taskinstance.py:1019} INFO - 
--------------------------------------------------------------------------------
[2022-08-03 00:44:39,002] {taskinstance.py:1038} INFO - Executing <Task(PythonOperator): dapat_suhu> on 2022-08-02T17:54:00+00:00
[2022-08-03 00:44:39,019] {standard_task_runner.py:51} INFO - Started process 24992 to run task
[2022-08-03 00:44:39,057] {standard_task_runner.py:75} INFO - Running: ['airflow', 'tasks', 'run', 'penjadwalan', 'dapat_suhu', '2022-08-02T17:54:00+00:00', '--job-id', '218', '--pool', 'default_pool', '--raw', '--subdir', 'DAGS_FOLDER/penjadwalan.py', '--cfg-path', '/tmp/tmptgrq8uw2']
[2022-08-03 00:44:39,073] {standard_task_runner.py:76} INFO - Job 218: Subtask dapat_suhu
[2022-08-03 00:44:39,724] {logging_mixin.py:103} INFO - Running <TaskInstance: penjadwalan.dapat_suhu 2022-08-02T17:54:00+00:00 [running]> on host b4dcda255553
[2022-08-03 00:44:40,213] {taskinstance.py:1232} INFO - Exporting the following env vars:
AIRFLOW_CTX_DAG_OWNER=airflow
AIRFLOW_CTX_DAG_ID=penjadwalan
AIRFLOW_CTX_TASK_ID=dapat_suhu
AIRFLOW_CTX_EXECUTION_DATE=2022-08-02T17:54:00+00:00
AIRFLOW_CTX_DAG_RUN_ID=scheduled__2022-08-02T17:54:00+00:00
[2022-08-03 00:44:48,658] {logging_mixin.py:103} INFO - {'kota': 'Bali', 'cuaca': 'Clouds', 'cuaca_deskripsi': 'overcast clouds', 'temperatur': 298.28, 'waktu': '2022-08-03T00:44:48.658169'}
[2022-08-03 00:44:53,914] {logging_mixin.py:103} INFO - {'kota': 'Lombok', 'cuaca': 'Clouds', 'cuaca_deskripsi': 'overcast clouds', 'temperatur': 295.51, 'waktu': '2022-08-03T00:44:53.914195'}
[2022-08-03 00:44:57,445] {logging_mixin.py:103} INFO - {'kota': 'Labuan Bajo', 'cuaca': 'Clouds', 'cuaca_deskripsi': 'scattered clouds', 'temperatur': 300.93, 'waktu': '2022-08-03T00:44:57.445575'}
[2022-08-03 00:44:57,831] {logging_mixin.py:103} INFO - {'kota': 'Bogor', 'cuaca': 'Rain', 'cuaca_deskripsi': 'light rain', 'temperatur': 300.87, 'waktu': '2022-08-03T00:44:57.831065'}
[2022-08-03 00:44:58,232] {logging_mixin.py:103} INFO - {'kota': 'Bandung', 'cuaca': 'Clouds', 'cuaca_deskripsi': 'scattered clouds', 'temperatur': 296.92, 'waktu': '2022-08-03T00:44:58.232645'}
[2022-08-03 00:44:58,233] {python.py:118} INFO - Done. Returned value was: None
[2022-08-03 00:44:58,517] {taskinstance.py:1142} INFO - Marking task as SUCCESS. dag_id=penjadwalan, task_id=dapat_suhu, execution_date=20220802T175400, start_date=20220803T004438, end_date=20220803T004458
[2022-08-03 00:44:58,739] {taskinstance.py:1195} INFO - 0 downstream tasks scheduled from follow-on schedule check
[2022-08-03 00:44:58,791] {local_task_job.py:118} INFO - Task exited with return code 0
