[2022-08-03 00:48:18,744] {taskinstance.py:826} INFO - Dependencies all met for <TaskInstance: penjadwalan.dapat_suhu 2022-08-03T00:20:00+00:00 [queued]>
[2022-08-03 00:48:18,804] {taskinstance.py:826} INFO - Dependencies all met for <TaskInstance: penjadwalan.dapat_suhu 2022-08-03T00:20:00+00:00 [queued]>
[2022-08-03 00:48:18,806] {taskinstance.py:1017} INFO - 
--------------------------------------------------------------------------------
[2022-08-03 00:48:18,807] {taskinstance.py:1018} INFO - Starting attempt 1 of 1
[2022-08-03 00:48:18,807] {taskinstance.py:1019} INFO - 
--------------------------------------------------------------------------------
[2022-08-03 00:48:18,832] {taskinstance.py:1038} INFO - Executing <Task(PythonOperator): dapat_suhu> on 2022-08-03T00:20:00+00:00
[2022-08-03 00:48:18,837] {standard_task_runner.py:51} INFO - Started process 700 to run task
[2022-08-03 00:48:18,856] {standard_task_runner.py:75} INFO - Running: ['airflow', 'tasks', 'run', 'penjadwalan', 'dapat_suhu', '2022-08-03T00:20:00+00:00', '--job-id', '417', '--pool', 'default_pool', '--raw', '--subdir', 'DAGS_FOLDER/penjadwalan.py', '--cfg-path', '/tmp/tmpoclozz8m']
[2022-08-03 00:48:18,867] {standard_task_runner.py:76} INFO - Job 417: Subtask dapat_suhu
[2022-08-03 00:48:18,997] {logging_mixin.py:103} INFO - Running <TaskInstance: penjadwalan.dapat_suhu 2022-08-03T00:20:00+00:00 [running]> on host b4dcda255553
[2022-08-03 00:48:19,192] {taskinstance.py:1232} INFO - Exporting the following env vars:
AIRFLOW_CTX_DAG_OWNER=airflow
AIRFLOW_CTX_DAG_ID=penjadwalan
AIRFLOW_CTX_TASK_ID=dapat_suhu
AIRFLOW_CTX_EXECUTION_DATE=2022-08-03T00:20:00+00:00
AIRFLOW_CTX_DAG_RUN_ID=scheduled__2022-08-03T00:20:00+00:00
[2022-08-03 00:48:19,723] {logging_mixin.py:103} INFO - {'kota': 'Bali', 'cuaca': 'Clouds', 'cuaca_deskripsi': 'overcast clouds', 'temperatur': 298.28, 'waktu': '2022-08-03T00:48:19.723215'}
[2022-08-03 00:48:20,071] {logging_mixin.py:103} INFO - {'kota': 'Lombok', 'cuaca': 'Clouds', 'cuaca_deskripsi': 'overcast clouds', 'temperatur': 295.51, 'waktu': '2022-08-03T00:48:20.071685'}
[2022-08-03 00:48:20,398] {logging_mixin.py:103} INFO - {'kota': 'Labuan Bajo', 'cuaca': 'Clouds', 'cuaca_deskripsi': 'scattered clouds', 'temperatur': 300.93, 'waktu': '2022-08-03T00:48:20.397543'}
[2022-08-03 00:48:21,015] {logging_mixin.py:103} INFO - {'kota': 'Bogor', 'cuaca': 'Rain', 'cuaca_deskripsi': 'light rain', 'temperatur': 300.87, 'waktu': '2022-08-03T00:48:21.015657'}
[2022-08-03 00:48:23,308] {logging_mixin.py:103} INFO - {'kota': 'Bandung', 'cuaca': 'Clouds', 'cuaca_deskripsi': 'scattered clouds', 'temperatur': 296.92, 'waktu': '2022-08-03T00:48:23.308348'}
[2022-08-03 00:48:23,309] {python.py:118} INFO - Done. Returned value was: None
[2022-08-03 00:48:23,350] {taskinstance.py:1142} INFO - Marking task as SUCCESS. dag_id=penjadwalan, task_id=dapat_suhu, execution_date=20220803T002000, start_date=20220803T004818, end_date=20220803T004823
[2022-08-03 00:48:23,465] {taskinstance.py:1195} INFO - 0 downstream tasks scheduled from follow-on schedule check
[2022-08-03 00:48:23,489] {local_task_job.py:118} INFO - Task exited with return code 0
