[2022-08-03 05:48:05,563] {taskinstance.py:826} INFO - Dependencies all met for <TaskInstance: penjadwalan.dapat_suhu 2022-08-03T05:46:00+00:00 [queued]>
[2022-08-03 05:48:05,598] {taskinstance.py:826} INFO - Dependencies all met for <TaskInstance: penjadwalan.dapat_suhu 2022-08-03T05:46:00+00:00 [queued]>
[2022-08-03 05:48:05,599] {taskinstance.py:1017} INFO - 
--------------------------------------------------------------------------------
[2022-08-03 05:48:05,600] {taskinstance.py:1018} INFO - Starting attempt 1 of 1
[2022-08-03 05:48:05,601] {taskinstance.py:1019} INFO - 
--------------------------------------------------------------------------------
[2022-08-03 05:48:05,620] {taskinstance.py:1038} INFO - Executing <Task(PythonOperator): dapat_suhu> on 2022-08-03T05:46:00+00:00
[2022-08-03 05:48:05,625] {standard_task_runner.py:51} INFO - Started process 679 to run task
[2022-08-03 05:48:05,632] {standard_task_runner.py:75} INFO - Running: ['airflow', 'tasks', 'run', 'penjadwalan', 'dapat_suhu', '2022-08-03T05:46:00+00:00', '--job-id', '700', '--pool', 'default_pool', '--raw', '--subdir', 'DAGS_FOLDER/penjadwalan.py', '--cfg-path', '/tmp/tmpi9gmnwo1']
[2022-08-03 05:48:05,637] {standard_task_runner.py:76} INFO - Job 700: Subtask dapat_suhu
[2022-08-03 05:48:05,714] {logging_mixin.py:103} INFO - Running <TaskInstance: penjadwalan.dapat_suhu 2022-08-03T05:46:00+00:00 [running]> on host b4dcda255553
[2022-08-03 05:48:05,794] {taskinstance.py:1232} INFO - Exporting the following env vars:
AIRFLOW_CTX_DAG_OWNER=airflow
AIRFLOW_CTX_DAG_ID=penjadwalan
AIRFLOW_CTX_TASK_ID=dapat_suhu
AIRFLOW_CTX_EXECUTION_DATE=2022-08-03T05:46:00+00:00
AIRFLOW_CTX_DAG_RUN_ID=scheduled__2022-08-03T05:46:00+00:00
[2022-08-03 05:48:06,140] {logging_mixin.py:103} INFO - {'kota': 'Bali', 'cuaca': 'Clouds', 'cuaca_deskripsi': 'scattered clouds', 'temperatur': 302.69, 'waktu': '2022-08-03T05:48:06.139811'}
[2022-08-03 05:48:06,834] {logging_mixin.py:103} INFO - {'kota': 'Lombok', 'cuaca': 'Rain', 'cuaca_deskripsi': 'moderate rain', 'temperatur': 297.64, 'waktu': '2022-08-03T05:48:06.834774'}
[2022-08-03 05:48:06,994] {logging_mixin.py:103} INFO - {'kota': 'Labuan Bajo', 'cuaca': 'Clouds', 'cuaca_deskripsi': 'broken clouds', 'temperatur': 300.81, 'waktu': '2022-08-03T05:48:06.994815'}
[2022-08-03 05:48:07,543] {logging_mixin.py:103} INFO - {'kota': 'Bogor', 'cuaca': 'Clouds', 'cuaca_deskripsi': 'overcast clouds', 'temperatur': 304.52, 'waktu': '2022-08-03T05:48:07.543724'}
[2022-08-03 05:48:07,678] {logging_mixin.py:103} INFO - {'kota': 'Bandung', 'cuaca': 'Clouds', 'cuaca_deskripsi': 'broken clouds', 'temperatur': 301.75, 'waktu': '2022-08-03T05:48:07.677882'}
[2022-08-03 05:48:07,678] {python.py:118} INFO - Done. Returned value was: None
[2022-08-03 05:48:07,697] {taskinstance.py:1142} INFO - Marking task as SUCCESS. dag_id=penjadwalan, task_id=dapat_suhu, execution_date=20220803T054600, start_date=20220803T054805, end_date=20220803T054807
[2022-08-03 05:48:07,858] {taskinstance.py:1195} INFO - 0 downstream tasks scheduled from follow-on schedule check
[2022-08-03 05:48:07,890] {local_task_job.py:118} INFO - Task exited with return code 0
