[2022-08-03 10:04:01,535] {taskinstance.py:826} INFO - Dependencies all met for <TaskInstance: penjadwalan.dapat_suhu 2022-08-03T10:02:00+00:00 [queued]>
[2022-08-03 10:04:01,611] {taskinstance.py:826} INFO - Dependencies all met for <TaskInstance: penjadwalan.dapat_suhu 2022-08-03T10:02:00+00:00 [queued]>
[2022-08-03 10:04:01,612] {taskinstance.py:1017} INFO - 
--------------------------------------------------------------------------------
[2022-08-03 10:04:01,612] {taskinstance.py:1018} INFO - Starting attempt 1 of 1
[2022-08-03 10:04:01,613] {taskinstance.py:1019} INFO - 
--------------------------------------------------------------------------------
[2022-08-03 10:04:01,627] {taskinstance.py:1038} INFO - Executing <Task(PythonOperator): dapat_suhu> on 2022-08-03T10:02:00+00:00
[2022-08-03 10:04:01,630] {standard_task_runner.py:51} INFO - Started process 22528 to run task
[2022-08-03 10:04:01,635] {standard_task_runner.py:75} INFO - Running: ['airflow', 'tasks', 'run', 'penjadwalan', 'dapat_suhu', '2022-08-03T10:02:00+00:00', '--job-id', '964', '--pool', 'default_pool', '--raw', '--subdir', 'DAGS_FOLDER/penjadwalan.py', '--cfg-path', '/tmp/tmps7ajhgq9']
[2022-08-03 10:04:01,639] {standard_task_runner.py:76} INFO - Job 964: Subtask dapat_suhu
[2022-08-03 10:04:01,700] {logging_mixin.py:103} INFO - Running <TaskInstance: penjadwalan.dapat_suhu 2022-08-03T10:02:00+00:00 [running]> on host b4dcda255553
[2022-08-03 10:04:01,764] {taskinstance.py:1232} INFO - Exporting the following env vars:
AIRFLOW_CTX_DAG_OWNER=airflow
AIRFLOW_CTX_DAG_ID=penjadwalan
AIRFLOW_CTX_TASK_ID=dapat_suhu
AIRFLOW_CTX_EXECUTION_DATE=2022-08-03T10:02:00+00:00
AIRFLOW_CTX_DAG_RUN_ID=scheduled__2022-08-03T10:02:00+00:00
[2022-08-03 10:04:01,903] {logging_mixin.py:103} INFO - {'kota': 'Bali', 'cuaca': 'Clouds', 'cuaca_deskripsi': 'broken clouds', 'temperatur': 300.5, 'waktu': '2022-08-03T10:04:01.903322'}
[2022-08-03 10:04:02,030] {logging_mixin.py:103} INFO - {'kota': 'Lombok', 'cuaca': 'Clouds', 'cuaca_deskripsi': 'overcast clouds', 'temperatur': 295.7, 'waktu': '2022-08-03T10:04:02.029886'}
[2022-08-03 10:04:02,180] {logging_mixin.py:103} INFO - {'kota': 'Labuan Bajo', 'cuaca': 'Clouds', 'cuaca_deskripsi': 'overcast clouds', 'temperatur': 298.84, 'waktu': '2022-08-03T10:04:02.179738'}
[2022-08-03 10:04:02,370] {logging_mixin.py:103} INFO - {'kota': 'Bogor', 'cuaca': 'Clouds', 'cuaca_deskripsi': 'overcast clouds', 'temperatur': 300.82, 'waktu': '2022-08-03T10:04:02.370853'}
[2022-08-03 10:04:02,572] {logging_mixin.py:103} INFO - {'kota': 'Bandung', 'cuaca': 'Clouds', 'cuaca_deskripsi': 'overcast clouds', 'temperatur': 296.4, 'waktu': '2022-08-03T10:04:02.572735'}
[2022-08-03 10:04:02,573] {python.py:118} INFO - Done. Returned value was: None
[2022-08-03 10:04:02,593] {taskinstance.py:1142} INFO - Marking task as SUCCESS. dag_id=penjadwalan, task_id=dapat_suhu, execution_date=20220803T100200, start_date=20220803T100401, end_date=20220803T100402
[2022-08-03 10:04:02,651] {taskinstance.py:1195} INFO - 0 downstream tasks scheduled from follow-on schedule check
[2022-08-03 10:04:02,691] {local_task_job.py:118} INFO - Task exited with return code 0
