[2022-08-03 08:12:00,574] {taskinstance.py:826} INFO - Dependencies all met for <TaskInstance: penjadwalan.dapat_suhu 2022-08-03T08:10:00+00:00 [queued]>
[2022-08-03 08:12:00,595] {taskinstance.py:826} INFO - Dependencies all met for <TaskInstance: penjadwalan.dapat_suhu 2022-08-03T08:10:00+00:00 [queued]>
[2022-08-03 08:12:00,596] {taskinstance.py:1017} INFO - 
--------------------------------------------------------------------------------
[2022-08-03 08:12:00,597] {taskinstance.py:1018} INFO - Starting attempt 1 of 1
[2022-08-03 08:12:00,597] {taskinstance.py:1019} INFO - 
--------------------------------------------------------------------------------
[2022-08-03 08:12:00,610] {taskinstance.py:1038} INFO - Executing <Task(PythonOperator): dapat_suhu> on 2022-08-03T08:10:00+00:00
[2022-08-03 08:12:00,615] {standard_task_runner.py:51} INFO - Started process 32538 to run task
[2022-08-03 08:12:00,621] {standard_task_runner.py:75} INFO - Running: ['airflow', 'tasks', 'run', 'penjadwalan', 'dapat_suhu', '2022-08-03T08:10:00+00:00', '--job-id', '864', '--pool', 'default_pool', '--raw', '--subdir', 'DAGS_FOLDER/penjadwalan.py', '--cfg-path', '/tmp/tmpm0euo9nu']
[2022-08-03 08:12:00,626] {standard_task_runner.py:76} INFO - Job 864: Subtask dapat_suhu
[2022-08-03 08:12:00,693] {logging_mixin.py:103} INFO - Running <TaskInstance: penjadwalan.dapat_suhu 2022-08-03T08:10:00+00:00 [running]> on host b4dcda255553
[2022-08-03 08:12:00,776] {taskinstance.py:1232} INFO - Exporting the following env vars:
AIRFLOW_CTX_DAG_OWNER=airflow
AIRFLOW_CTX_DAG_ID=penjadwalan
AIRFLOW_CTX_TASK_ID=dapat_suhu
AIRFLOW_CTX_EXECUTION_DATE=2022-08-03T08:10:00+00:00
AIRFLOW_CTX_DAG_RUN_ID=scheduled__2022-08-03T08:10:00+00:00
[2022-08-03 08:12:00,901] {logging_mixin.py:103} INFO - {'kota': 'Bali', 'cuaca': 'Clouds', 'cuaca_deskripsi': 'broken clouds', 'temperatur': 301.61, 'waktu': '2022-08-03T08:12:00.901792'}
[2022-08-03 08:12:01,043] {logging_mixin.py:103} INFO - {'kota': 'Lombok', 'cuaca': 'Rain', 'cuaca_deskripsi': 'moderate rain', 'temperatur': 296.95, 'waktu': '2022-08-03T08:12:01.043428'}
[2022-08-03 08:12:01,148] {logging_mixin.py:103} INFO - {'kota': 'Labuan Bajo', 'cuaca': 'Clouds', 'cuaca_deskripsi': 'overcast clouds', 'temperatur': 300.58, 'waktu': '2022-08-03T08:12:01.148731'}
[2022-08-03 08:12:01,249] {logging_mixin.py:103} INFO - {'kota': 'Bogor', 'cuaca': 'Clouds', 'cuaca_deskripsi': 'overcast clouds', 'temperatur': 304.2, 'waktu': '2022-08-03T08:12:01.249239'}
[2022-08-03 08:12:01,354] {logging_mixin.py:103} INFO - {'kota': 'Bandung', 'cuaca': 'Clouds', 'cuaca_deskripsi': 'overcast clouds', 'temperatur': 298.69, 'waktu': '2022-08-03T08:12:01.354031'}
[2022-08-03 08:12:01,354] {python.py:118} INFO - Done. Returned value was: None
[2022-08-03 08:12:01,371] {taskinstance.py:1142} INFO - Marking task as SUCCESS. dag_id=penjadwalan, task_id=dapat_suhu, execution_date=20220803T081000, start_date=20220803T081200, end_date=20220803T081201
[2022-08-03 08:12:01,418] {taskinstance.py:1195} INFO - 0 downstream tasks scheduled from follow-on schedule check
[2022-08-03 08:12:01,434] {local_task_job.py:118} INFO - Task exited with return code 0
