[2022-08-03 00:48:23,168] {taskinstance.py:826} INFO - Dependencies all met for <TaskInstance: penjadwalan.dapat_suhu 2022-08-03T00:34:00+00:00 [queued]>
[2022-08-03 00:48:23,235] {taskinstance.py:826} INFO - Dependencies all met for <TaskInstance: penjadwalan.dapat_suhu 2022-08-03T00:34:00+00:00 [queued]>
[2022-08-03 00:48:23,236] {taskinstance.py:1017} INFO - 
--------------------------------------------------------------------------------
[2022-08-03 00:48:23,236] {taskinstance.py:1018} INFO - Starting attempt 1 of 1
[2022-08-03 00:48:23,237] {taskinstance.py:1019} INFO - 
--------------------------------------------------------------------------------
[2022-08-03 00:48:23,255] {taskinstance.py:1038} INFO - Executing <Task(PythonOperator): dapat_suhu> on 2022-08-03T00:34:00+00:00
[2022-08-03 00:48:23,260] {standard_task_runner.py:51} INFO - Started process 890 to run task
[2022-08-03 00:48:23,269] {standard_task_runner.py:75} INFO - Running: ['airflow', 'tasks', 'run', 'penjadwalan', 'dapat_suhu', '2022-08-03T00:34:00+00:00', '--job-id', '424', '--pool', 'default_pool', '--raw', '--subdir', 'DAGS_FOLDER/penjadwalan.py', '--cfg-path', '/tmp/tmprv1fprgd']
[2022-08-03 00:48:23,274] {standard_task_runner.py:76} INFO - Job 424: Subtask dapat_suhu
[2022-08-03 00:48:23,471] {logging_mixin.py:103} INFO - Running <TaskInstance: penjadwalan.dapat_suhu 2022-08-03T00:34:00+00:00 [running]> on host b4dcda255553
[2022-08-03 00:48:23,724] {taskinstance.py:1232} INFO - Exporting the following env vars:
AIRFLOW_CTX_DAG_OWNER=airflow
AIRFLOW_CTX_DAG_ID=penjadwalan
AIRFLOW_CTX_TASK_ID=dapat_suhu
AIRFLOW_CTX_EXECUTION_DATE=2022-08-03T00:34:00+00:00
AIRFLOW_CTX_DAG_RUN_ID=scheduled__2022-08-03T00:34:00+00:00
[2022-08-03 00:48:25,330] {logging_mixin.py:103} INFO - {'kota': 'Bali', 'cuaca': 'Clouds', 'cuaca_deskripsi': 'overcast clouds', 'temperatur': 298.28, 'waktu': '2022-08-03T00:48:25.330003'}
[2022-08-03 00:48:25,721] {logging_mixin.py:103} INFO - {'kota': 'Lombok', 'cuaca': 'Clouds', 'cuaca_deskripsi': 'overcast clouds', 'temperatur': 295.51, 'waktu': '2022-08-03T00:48:25.720951'}
[2022-08-03 00:48:26,238] {logging_mixin.py:103} INFO - {'kota': 'Labuan Bajo', 'cuaca': 'Clouds', 'cuaca_deskripsi': 'scattered clouds', 'temperatur': 300.93, 'waktu': '2022-08-03T00:48:26.238476'}
[2022-08-03 00:48:26,767] {logging_mixin.py:103} INFO - {'kota': 'Bogor', 'cuaca': 'Rain', 'cuaca_deskripsi': 'light rain', 'temperatur': 300.87, 'waktu': '2022-08-03T00:48:26.767498'}
[2022-08-03 00:48:26,980] {logging_mixin.py:103} INFO - {'kota': 'Bandung', 'cuaca': 'Clouds', 'cuaca_deskripsi': 'scattered clouds', 'temperatur': 296.92, 'waktu': '2022-08-03T00:48:26.980151'}
[2022-08-03 00:48:26,986] {python.py:118} INFO - Done. Returned value was: None
[2022-08-03 00:48:27,028] {taskinstance.py:1142} INFO - Marking task as SUCCESS. dag_id=penjadwalan, task_id=dapat_suhu, execution_date=20220803T003400, start_date=20220803T004823, end_date=20220803T004827
[2022-08-03 00:48:27,139] {taskinstance.py:1195} INFO - 0 downstream tasks scheduled from follow-on schedule check
[2022-08-03 00:48:27,171] {local_task_job.py:118} INFO - Task exited with return code 0
