[2022-08-03 09:32:02,411] {taskinstance.py:826} INFO - Dependencies all met for <TaskInstance: penjadwalan.dapat_suhu 2022-08-03T09:30:00+00:00 [queued]>
[2022-08-03 09:32:02,455] {taskinstance.py:826} INFO - Dependencies all met for <TaskInstance: penjadwalan.dapat_suhu 2022-08-03T09:30:00+00:00 [queued]>
[2022-08-03 09:32:02,456] {taskinstance.py:1017} INFO - 
--------------------------------------------------------------------------------
[2022-08-03 09:32:02,456] {taskinstance.py:1018} INFO - Starting attempt 1 of 1
[2022-08-03 09:32:02,457] {taskinstance.py:1019} INFO - 
--------------------------------------------------------------------------------
[2022-08-03 09:32:02,477] {taskinstance.py:1038} INFO - Executing <Task(PythonOperator): dapat_suhu> on 2022-08-03T09:30:00+00:00
[2022-08-03 09:32:02,492] {standard_task_runner.py:51} INFO - Started process 14643 to run task
[2022-08-03 09:32:02,498] {standard_task_runner.py:75} INFO - Running: ['airflow', 'tasks', 'run', 'penjadwalan', 'dapat_suhu', '2022-08-03T09:30:00+00:00', '--job-id', '936', '--pool', 'default_pool', '--raw', '--subdir', 'DAGS_FOLDER/penjadwalan.py', '--cfg-path', '/tmp/tmp7k9i3edu']
[2022-08-03 09:32:02,503] {standard_task_runner.py:76} INFO - Job 936: Subtask dapat_suhu
[2022-08-03 09:32:02,603] {logging_mixin.py:103} INFO - Running <TaskInstance: penjadwalan.dapat_suhu 2022-08-03T09:30:00+00:00 [running]> on host b4dcda255553
[2022-08-03 09:32:02,690] {taskinstance.py:1232} INFO - Exporting the following env vars:
AIRFLOW_CTX_DAG_OWNER=airflow
AIRFLOW_CTX_DAG_ID=penjadwalan
AIRFLOW_CTX_TASK_ID=dapat_suhu
AIRFLOW_CTX_EXECUTION_DATE=2022-08-03T09:30:00+00:00
AIRFLOW_CTX_DAG_RUN_ID=scheduled__2022-08-03T09:30:00+00:00
[2022-08-03 09:32:02,936] {logging_mixin.py:103} INFO - {'kota': 'Bali', 'cuaca': 'Clouds', 'cuaca_deskripsi': 'broken clouds', 'temperatur': 300.5, 'waktu': '2022-08-03T09:32:02.936165'}
[2022-08-03 09:32:03,102] {logging_mixin.py:103} INFO - {'kota': 'Lombok', 'cuaca': 'Rain', 'cuaca_deskripsi': 'moderate rain', 'temperatur': 296.25, 'waktu': '2022-08-03T09:32:03.102080'}
[2022-08-03 09:32:03,263] {logging_mixin.py:103} INFO - {'kota': 'Labuan Bajo', 'cuaca': 'Clouds', 'cuaca_deskripsi': 'overcast clouds', 'temperatur': 300.25, 'waktu': '2022-08-03T09:32:03.263690'}
[2022-08-03 09:32:03,437] {logging_mixin.py:103} INFO - {'kota': 'Bogor', 'cuaca': 'Clouds', 'cuaca_deskripsi': 'overcast clouds', 'temperatur': 302.6, 'waktu': '2022-08-03T09:32:03.436822'}
[2022-08-03 09:32:03,623] {logging_mixin.py:103} INFO - {'kota': 'Bandung', 'cuaca': 'Clouds', 'cuaca_deskripsi': 'overcast clouds', 'temperatur': 296.4, 'waktu': '2022-08-03T09:32:03.623749'}
[2022-08-03 09:32:03,624] {python.py:118} INFO - Done. Returned value was: None
[2022-08-03 09:32:03,640] {taskinstance.py:1142} INFO - Marking task as SUCCESS. dag_id=penjadwalan, task_id=dapat_suhu, execution_date=20220803T093000, start_date=20220803T093202, end_date=20220803T093203
[2022-08-03 09:32:03,681] {taskinstance.py:1195} INFO - 0 downstream tasks scheduled from follow-on schedule check
[2022-08-03 09:32:03,713] {local_task_job.py:118} INFO - Task exited with return code 0
