[2022-08-03 02:24:02,291] {taskinstance.py:826} INFO - Dependencies all met for <TaskInstance: penjadwalan.dapat_suhu 2022-08-03T02:22:00+00:00 [queued]>
[2022-08-03 02:24:02,321] {taskinstance.py:826} INFO - Dependencies all met for <TaskInstance: penjadwalan.dapat_suhu 2022-08-03T02:22:00+00:00 [queued]>
[2022-08-03 02:24:02,321] {taskinstance.py:1017} INFO - 
--------------------------------------------------------------------------------
[2022-08-03 02:24:02,322] {taskinstance.py:1018} INFO - Starting attempt 1 of 1
[2022-08-03 02:24:02,322] {taskinstance.py:1019} INFO - 
--------------------------------------------------------------------------------
[2022-08-03 02:24:02,335] {taskinstance.py:1038} INFO - Executing <Task(PythonOperator): dapat_suhu> on 2022-08-03T02:22:00+00:00
[2022-08-03 02:24:02,341] {standard_task_runner.py:51} INFO - Started process 5885 to run task
[2022-08-03 02:24:02,347] {standard_task_runner.py:75} INFO - Running: ['airflow', 'tasks', 'run', 'penjadwalan', 'dapat_suhu', '2022-08-03T02:22:00+00:00', '--job-id', '518', '--pool', 'default_pool', '--raw', '--subdir', 'DAGS_FOLDER/penjadwalan.py', '--cfg-path', '/tmp/tmp9wzw_th7']
[2022-08-03 02:24:02,350] {standard_task_runner.py:76} INFO - Job 518: Subtask dapat_suhu
[2022-08-03 02:24:02,425] {logging_mixin.py:103} INFO - Running <TaskInstance: penjadwalan.dapat_suhu 2022-08-03T02:22:00+00:00 [running]> on host b4dcda255553
[2022-08-03 02:24:02,507] {taskinstance.py:1232} INFO - Exporting the following env vars:
AIRFLOW_CTX_DAG_OWNER=airflow
AIRFLOW_CTX_DAG_ID=penjadwalan
AIRFLOW_CTX_TASK_ID=dapat_suhu
AIRFLOW_CTX_EXECUTION_DATE=2022-08-03T02:22:00+00:00
AIRFLOW_CTX_DAG_RUN_ID=scheduled__2022-08-03T02:22:00+00:00
[2022-08-03 02:24:02,944] {logging_mixin.py:103} INFO - {'kota': 'Bali', 'cuaca': 'Clouds', 'cuaca_deskripsi': 'broken clouds', 'temperatur': 298.28, 'waktu': '2022-08-03T02:24:02.943976'}
[2022-08-03 02:24:03,202] {logging_mixin.py:103} INFO - {'kota': 'Lombok', 'cuaca': 'Rain', 'cuaca_deskripsi': 'heavy intensity rain', 'temperatur': 295.93, 'waktu': '2022-08-03T02:24:03.202268'}
[2022-08-03 02:24:03,569] {logging_mixin.py:103} INFO - {'kota': 'Labuan Bajo', 'cuaca': 'Clouds', 'cuaca_deskripsi': 'broken clouds', 'temperatur': 301.94, 'waktu': '2022-08-03T02:24:03.569470'}
[2022-08-03 02:24:03,971] {logging_mixin.py:103} INFO - {'kota': 'Bogor', 'cuaca': 'Clouds', 'cuaca_deskripsi': 'overcast clouds', 'temperatur': 300.43, 'waktu': '2022-08-03T02:24:03.971699'}
[2022-08-03 02:24:04,439] {logging_mixin.py:103} INFO - {'kota': 'Bandung', 'cuaca': 'Clouds', 'cuaca_deskripsi': 'scattered clouds', 'temperatur': 299.15, 'waktu': '2022-08-03T02:24:04.439394'}
[2022-08-03 02:24:04,442] {python.py:118} INFO - Done. Returned value was: None
[2022-08-03 02:24:04,496] {taskinstance.py:1142} INFO - Marking task as SUCCESS. dag_id=penjadwalan, task_id=dapat_suhu, execution_date=20220803T022200, start_date=20220803T022402, end_date=20220803T022404
[2022-08-03 02:24:04,558] {taskinstance.py:1195} INFO - 0 downstream tasks scheduled from follow-on schedule check
[2022-08-03 02:24:04,567] {local_task_job.py:118} INFO - Task exited with return code 0
