[2022-08-03 06:58:01,190] {taskinstance.py:826} INFO - Dependencies all met for <TaskInstance: penjadwalan.dapat_suhu 2022-08-03T06:56:00+00:00 [queued]>
[2022-08-03 06:58:01,212] {taskinstance.py:826} INFO - Dependencies all met for <TaskInstance: penjadwalan.dapat_suhu 2022-08-03T06:56:00+00:00 [queued]>
[2022-08-03 06:58:01,213] {taskinstance.py:1017} INFO - 
--------------------------------------------------------------------------------
[2022-08-03 06:58:01,213] {taskinstance.py:1018} INFO - Starting attempt 1 of 1
[2022-08-03 06:58:01,213] {taskinstance.py:1019} INFO - 
--------------------------------------------------------------------------------
[2022-08-03 06:58:01,227] {taskinstance.py:1038} INFO - Executing <Task(PythonOperator): dapat_suhu> on 2022-08-03T06:56:00+00:00
[2022-08-03 06:58:01,231] {standard_task_runner.py:51} INFO - Started process 13432 to run task
[2022-08-03 06:58:01,237] {standard_task_runner.py:75} INFO - Running: ['airflow', 'tasks', 'run', 'penjadwalan', 'dapat_suhu', '2022-08-03T06:56:00+00:00', '--job-id', '795', '--pool', 'default_pool', '--raw', '--subdir', 'DAGS_FOLDER/penjadwalan.py', '--cfg-path', '/tmp/tmpx5w5z5q1']
[2022-08-03 06:58:01,240] {standard_task_runner.py:76} INFO - Job 795: Subtask dapat_suhu
[2022-08-03 06:58:01,323] {logging_mixin.py:103} INFO - Running <TaskInstance: penjadwalan.dapat_suhu 2022-08-03T06:56:00+00:00 [running]> on host b4dcda255553
[2022-08-03 06:58:01,396] {taskinstance.py:1232} INFO - Exporting the following env vars:
AIRFLOW_CTX_DAG_OWNER=airflow
AIRFLOW_CTX_DAG_ID=penjadwalan
AIRFLOW_CTX_TASK_ID=dapat_suhu
AIRFLOW_CTX_EXECUTION_DATE=2022-08-03T06:56:00+00:00
AIRFLOW_CTX_DAG_RUN_ID=scheduled__2022-08-03T06:56:00+00:00
[2022-08-03 06:58:01,560] {logging_mixin.py:103} INFO - {'kota': 'Bali', 'cuaca': 'Clouds', 'cuaca_deskripsi': 'broken clouds', 'temperatur': 302.69, 'waktu': '2022-08-03T06:58:01.559939'}
[2022-08-03 06:58:01,674] {logging_mixin.py:103} INFO - {'kota': 'Lombok', 'cuaca': 'Rain', 'cuaca_deskripsi': 'light rain', 'temperatur': 297.58, 'waktu': '2022-08-03T06:58:01.674775'}
[2022-08-03 06:58:01,784] {logging_mixin.py:103} INFO - {'kota': 'Labuan Bajo', 'cuaca': 'Clouds', 'cuaca_deskripsi': 'overcast clouds', 'temperatur': 300.69, 'waktu': '2022-08-03T06:58:01.784089'}
[2022-08-03 06:58:01,901] {logging_mixin.py:103} INFO - {'kota': 'Bogor', 'cuaca': 'Clouds', 'cuaca_deskripsi': 'overcast clouds', 'temperatur': 305.31, 'waktu': '2022-08-03T06:58:01.901610'}
[2022-08-03 06:58:02,050] {logging_mixin.py:103} INFO - {'kota': 'Bandung', 'cuaca': 'Clouds', 'cuaca_deskripsi': 'overcast clouds', 'temperatur': 301.31, 'waktu': '2022-08-03T06:58:02.050077'}
[2022-08-03 06:58:02,055] {python.py:118} INFO - Done. Returned value was: None
[2022-08-03 06:58:02,095] {taskinstance.py:1142} INFO - Marking task as SUCCESS. dag_id=penjadwalan, task_id=dapat_suhu, execution_date=20220803T065600, start_date=20220803T065801, end_date=20220803T065802
[2022-08-03 06:58:02,215] {taskinstance.py:1195} INFO - 0 downstream tasks scheduled from follow-on schedule check
[2022-08-03 06:58:02,258] {local_task_job.py:118} INFO - Task exited with return code 0
