[2022-08-03 05:04:23,754] {taskinstance.py:826} INFO - Dependencies all met for <TaskInstance: penjadwalan.dapat_suhu 2022-08-03T05:02:00+00:00 [queued]>
[2022-08-03 05:04:23,821] {taskinstance.py:826} INFO - Dependencies all met for <TaskInstance: penjadwalan.dapat_suhu 2022-08-03T05:02:00+00:00 [queued]>
[2022-08-03 05:04:23,824] {taskinstance.py:1017} INFO - 
--------------------------------------------------------------------------------
[2022-08-03 05:04:23,826] {taskinstance.py:1018} INFO - Starting attempt 1 of 1
[2022-08-03 05:04:23,828] {taskinstance.py:1019} INFO - 
--------------------------------------------------------------------------------
[2022-08-03 05:04:23,858] {taskinstance.py:1038} INFO - Executing <Task(PythonOperator): dapat_suhu> on 2022-08-03T05:02:00+00:00
[2022-08-03 05:04:23,866] {standard_task_runner.py:51} INFO - Started process 30142 to run task
[2022-08-03 05:04:23,887] {standard_task_runner.py:75} INFO - Running: ['airflow', 'tasks', 'run', 'penjadwalan', 'dapat_suhu', '2022-08-03T05:02:00+00:00', '--job-id', '662', '--pool', 'default_pool', '--raw', '--subdir', 'DAGS_FOLDER/penjadwalan.py', '--cfg-path', '/tmp/tmpidvqzj_a']
[2022-08-03 05:04:23,901] {standard_task_runner.py:76} INFO - Job 662: Subtask dapat_suhu
[2022-08-03 05:04:24,136] {logging_mixin.py:103} INFO - Running <TaskInstance: penjadwalan.dapat_suhu 2022-08-03T05:02:00+00:00 [running]> on host b4dcda255553
[2022-08-03 05:04:24,364] {taskinstance.py:1232} INFO - Exporting the following env vars:
AIRFLOW_CTX_DAG_OWNER=airflow
AIRFLOW_CTX_DAG_ID=penjadwalan
AIRFLOW_CTX_TASK_ID=dapat_suhu
AIRFLOW_CTX_EXECUTION_DATE=2022-08-03T05:02:00+00:00
AIRFLOW_CTX_DAG_RUN_ID=scheduled__2022-08-03T05:02:00+00:00
[2022-08-03 05:04:24,736] {logging_mixin.py:103} INFO - {'kota': 'Bali', 'cuaca': 'Clouds', 'cuaca_deskripsi': 'scattered clouds', 'temperatur': 302.69, 'waktu': '2022-08-03T05:04:24.736421'}
[2022-08-03 05:04:24,950] {logging_mixin.py:103} INFO - {'kota': 'Lombok', 'cuaca': 'Clouds', 'cuaca_deskripsi': 'overcast clouds', 'temperatur': 298.32, 'waktu': '2022-08-03T05:04:24.949875'}
[2022-08-03 05:04:25,208] {logging_mixin.py:103} INFO - {'kota': 'Labuan Bajo', 'cuaca': 'Clouds', 'cuaca_deskripsi': 'broken clouds', 'temperatur': 301.43, 'waktu': '2022-08-03T05:04:25.208736'}
[2022-08-03 05:04:25,574] {logging_mixin.py:103} INFO - {'kota': 'Bogor', 'cuaca': 'Clouds', 'cuaca_deskripsi': 'overcast clouds', 'temperatur': 303.96, 'waktu': '2022-08-03T05:04:25.574748'}
[2022-08-03 05:04:25,750] {logging_mixin.py:103} INFO - {'kota': 'Bandung', 'cuaca': 'Clouds', 'cuaca_deskripsi': 'broken clouds', 'temperatur': 302.02, 'waktu': '2022-08-03T05:04:25.750421'}
[2022-08-03 05:04:25,753] {python.py:118} INFO - Done. Returned value was: None
[2022-08-03 05:04:39,240] {taskinstance.py:1142} INFO - Marking task as SUCCESS. dag_id=penjadwalan, task_id=dapat_suhu, execution_date=20220803T050200, start_date=20220803T050423, end_date=20220803T050439
[2022-08-03 05:04:46,195] {taskinstance.py:1195} INFO - 0 downstream tasks scheduled from follow-on schedule check
[2022-08-03 05:04:48,601] {local_task_job.py:118} INFO - Task exited with return code 0
