[2022-08-03 08:32:02,362] {taskinstance.py:826} INFO - Dependencies all met for <TaskInstance: penjadwalan.dapat_suhu 2022-08-03T08:30:00+00:00 [queued]>
[2022-08-03 08:32:02,391] {taskinstance.py:826} INFO - Dependencies all met for <TaskInstance: penjadwalan.dapat_suhu 2022-08-03T08:30:00+00:00 [queued]>
[2022-08-03 08:32:02,393] {taskinstance.py:1017} INFO - 
--------------------------------------------------------------------------------
[2022-08-03 08:32:02,393] {taskinstance.py:1018} INFO - Starting attempt 1 of 1
[2022-08-03 08:32:02,394] {taskinstance.py:1019} INFO - 
--------------------------------------------------------------------------------
[2022-08-03 08:32:02,409] {taskinstance.py:1038} INFO - Executing <Task(PythonOperator): dapat_suhu> on 2022-08-03T08:30:00+00:00
[2022-08-03 08:32:02,414] {standard_task_runner.py:51} INFO - Started process 12261 to run task
[2022-08-03 08:32:02,421] {standard_task_runner.py:75} INFO - Running: ['airflow', 'tasks', 'run', 'penjadwalan', 'dapat_suhu', '2022-08-03T08:30:00+00:00', '--job-id', '882', '--pool', 'default_pool', '--raw', '--subdir', 'DAGS_FOLDER/penjadwalan.py', '--cfg-path', '/tmp/tmp2_8txuy1']
[2022-08-03 08:32:02,426] {standard_task_runner.py:76} INFO - Job 882: Subtask dapat_suhu
[2022-08-03 08:32:02,514] {logging_mixin.py:103} INFO - Running <TaskInstance: penjadwalan.dapat_suhu 2022-08-03T08:30:00+00:00 [running]> on host b4dcda255553
[2022-08-03 08:32:02,592] {taskinstance.py:1232} INFO - Exporting the following env vars:
AIRFLOW_CTX_DAG_OWNER=airflow
AIRFLOW_CTX_DAG_ID=penjadwalan
AIRFLOW_CTX_TASK_ID=dapat_suhu
AIRFLOW_CTX_EXECUTION_DATE=2022-08-03T08:30:00+00:00
AIRFLOW_CTX_DAG_RUN_ID=scheduled__2022-08-03T08:30:00+00:00
[2022-08-03 08:32:02,757] {logging_mixin.py:103} INFO - {'kota': 'Bali', 'cuaca': 'Clouds', 'cuaca_deskripsi': 'broken clouds', 'temperatur': 301.61, 'waktu': '2022-08-03T08:32:02.757522'}
[2022-08-03 08:32:02,866] {logging_mixin.py:103} INFO - {'kota': 'Lombok', 'cuaca': 'Rain', 'cuaca_deskripsi': 'moderate rain', 'temperatur': 296.95, 'waktu': '2022-08-03T08:32:02.865943'}
[2022-08-03 08:32:02,970] {logging_mixin.py:103} INFO - {'kota': 'Labuan Bajo', 'cuaca': 'Clouds', 'cuaca_deskripsi': 'overcast clouds', 'temperatur': 300.25, 'waktu': '2022-08-03T08:32:02.970224'}
[2022-08-03 08:32:03,073] {logging_mixin.py:103} INFO - {'kota': 'Bogor', 'cuaca': 'Clouds', 'cuaca_deskripsi': 'overcast clouds', 'temperatur': 303.65, 'waktu': '2022-08-03T08:32:03.073648'}
[2022-08-03 08:32:03,178] {logging_mixin.py:103} INFO - {'kota': 'Bandung', 'cuaca': 'Clouds', 'cuaca_deskripsi': 'overcast clouds', 'temperatur': 298.69, 'waktu': '2022-08-03T08:32:03.177964'}
[2022-08-03 08:32:03,178] {python.py:118} INFO - Done. Returned value was: None
[2022-08-03 08:32:03,195] {taskinstance.py:1142} INFO - Marking task as SUCCESS. dag_id=penjadwalan, task_id=dapat_suhu, execution_date=20220803T083000, start_date=20220803T083202, end_date=20220803T083203
[2022-08-03 08:32:03,234] {taskinstance.py:1195} INFO - 0 downstream tasks scheduled from follow-on schedule check
[2022-08-03 08:32:03,273] {local_task_job.py:118} INFO - Task exited with return code 0
