[2022-08-02 15:03:12,433] {taskinstance.py:826} INFO - Dependencies all met for <TaskInstance: pokea.greet 2022-08-02T14:50:00+00:00 [queued]>
[2022-08-02 15:03:12,754] {taskinstance.py:826} INFO - Dependencies all met for <TaskInstance: pokea.greet 2022-08-02T14:50:00+00:00 [queued]>
[2022-08-02 15:03:12,817] {taskinstance.py:1017} INFO - 
--------------------------------------------------------------------------------
[2022-08-02 15:03:12,844] {taskinstance.py:1018} INFO - Starting attempt 1 of 1
[2022-08-02 15:03:12,885] {taskinstance.py:1019} INFO - 
--------------------------------------------------------------------------------
[2022-08-02 15:03:13,037] {taskinstance.py:1038} INFO - Executing <Task(PythonOperator): greet> on 2022-08-02T14:50:00+00:00
[2022-08-02 15:03:13,118] {standard_task_runner.py:51} INFO - Started process 28008 to run task
[2022-08-02 15:03:13,244] {standard_task_runner.py:75} INFO - Running: ['airflow', 'tasks', 'run', 'pokea', 'greet', '2022-08-02T14:50:00+00:00', '--job-id', '36', '--pool', 'default_pool', '--raw', '--subdir', 'DAGS_FOLDER/pokea.py', '--cfg-path', '/tmp/tmp3_74m7o3']
[2022-08-02 15:03:13,329] {standard_task_runner.py:76} INFO - Job 36: Subtask greet
[2022-08-02 15:03:14,155] {logging_mixin.py:103} INFO - Running <TaskInstance: pokea.greet 2022-08-02T14:50:00+00:00 [running]> on host b4dcda255553
[2022-08-02 15:03:14,760] {taskinstance.py:1232} INFO - Exporting the following env vars:
AIRFLOW_CTX_DAG_OWNER=airflow
AIRFLOW_CTX_DAG_ID=pokea
AIRFLOW_CTX_TASK_ID=greet
AIRFLOW_CTX_EXECUTION_DATE=2022-08-02T14:50:00+00:00
AIRFLOW_CTX_DAG_RUN_ID=scheduled__2022-08-02T14:50:00+00:00
[2022-08-02 15:03:14,818] {logging_mixin.py:103} INFO - Halo Salam dari Apache Airflow2022-08-02 15:03
[2022-08-02 15:03:14,825] {python.py:118} INFO - Done. Returned value was: None
[2022-08-02 15:03:15,026] {taskinstance.py:1142} INFO - Marking task as SUCCESS. dag_id=pokea, task_id=greet, execution_date=20220802T145000, start_date=20220802T150312, end_date=20220802T150315
[2022-08-02 15:03:21,269] {taskinstance.py:1195} INFO - 0 downstream tasks scheduled from follow-on schedule check
[2022-08-02 15:03:27,596] {local_task_job.py:118} INFO - Task exited with return code 0
