[2022-08-03 07:44:01,189] {taskinstance.py:826} INFO - Dependencies all met for <TaskInstance: penjadwalan.dapat_suhu 2022-08-03T07:42:00+00:00 [queued]>
[2022-08-03 07:44:01,217] {taskinstance.py:826} INFO - Dependencies all met for <TaskInstance: penjadwalan.dapat_suhu 2022-08-03T07:42:00+00:00 [queued]>
[2022-08-03 07:44:01,218] {taskinstance.py:1017} INFO - 
--------------------------------------------------------------------------------
[2022-08-03 07:44:01,218] {taskinstance.py:1018} INFO - Starting attempt 1 of 1
[2022-08-03 07:44:01,219] {taskinstance.py:1019} INFO - 
--------------------------------------------------------------------------------
[2022-08-03 07:44:01,234] {taskinstance.py:1038} INFO - Executing <Task(PythonOperator): dapat_suhu> on 2022-08-03T07:42:00+00:00
[2022-08-03 07:44:01,237] {standard_task_runner.py:51} INFO - Started process 26201 to run task
[2022-08-03 07:44:01,243] {standard_task_runner.py:75} INFO - Running: ['airflow', 'tasks', 'run', 'penjadwalan', 'dapat_suhu', '2022-08-03T07:42:00+00:00', '--job-id', '838', '--pool', 'default_pool', '--raw', '--subdir', 'DAGS_FOLDER/penjadwalan.py', '--cfg-path', '/tmp/tmp1ua0vufy']
[2022-08-03 07:44:01,247] {standard_task_runner.py:76} INFO - Job 838: Subtask dapat_suhu
[2022-08-03 07:44:01,323] {logging_mixin.py:103} INFO - Running <TaskInstance: penjadwalan.dapat_suhu 2022-08-03T07:42:00+00:00 [running]> on host b4dcda255553
[2022-08-03 07:44:01,408] {taskinstance.py:1232} INFO - Exporting the following env vars:
AIRFLOW_CTX_DAG_OWNER=airflow
AIRFLOW_CTX_DAG_ID=penjadwalan
AIRFLOW_CTX_TASK_ID=dapat_suhu
AIRFLOW_CTX_EXECUTION_DATE=2022-08-03T07:42:00+00:00
AIRFLOW_CTX_DAG_RUN_ID=scheduled__2022-08-03T07:42:00+00:00
[2022-08-03 07:44:01,540] {logging_mixin.py:103} INFO - {'kota': 'Bali', 'cuaca': 'Clouds', 'cuaca_deskripsi': 'broken clouds', 'temperatur': 302.69, 'waktu': '2022-08-03T07:44:01.540160'}
[2022-08-03 07:44:01,932] {logging_mixin.py:103} INFO - {'kota': 'Lombok', 'cuaca': 'Rain', 'cuaca_deskripsi': 'moderate rain', 'temperatur': 296.95, 'waktu': '2022-08-03T07:44:01.932405'}
[2022-08-03 07:44:02,147] {logging_mixin.py:103} INFO - {'kota': 'Labuan Bajo', 'cuaca': 'Clouds', 'cuaca_deskripsi': 'overcast clouds', 'temperatur': 300.58, 'waktu': '2022-08-03T07:44:02.147706'}
[2022-08-03 07:44:02,272] {logging_mixin.py:103} INFO - {'kota': 'Bogor', 'cuaca': 'Clouds', 'cuaca_deskripsi': 'overcast clouds', 'temperatur': 304.2, 'waktu': '2022-08-03T07:44:02.272681'}
[2022-08-03 07:44:02,398] {logging_mixin.py:103} INFO - {'kota': 'Bandung', 'cuaca': 'Clouds', 'cuaca_deskripsi': 'overcast clouds', 'temperatur': 298.69, 'waktu': '2022-08-03T07:44:02.398071'}
[2022-08-03 07:44:02,398] {python.py:118} INFO - Done. Returned value was: None
[2022-08-03 07:44:02,428] {taskinstance.py:1142} INFO - Marking task as SUCCESS. dag_id=penjadwalan, task_id=dapat_suhu, execution_date=20220803T074200, start_date=20220803T074401, end_date=20220803T074402
[2022-08-03 07:44:02,507] {taskinstance.py:1195} INFO - 0 downstream tasks scheduled from follow-on schedule check
[2022-08-03 07:44:02,539] {local_task_job.py:118} INFO - Task exited with return code 0
