[2022-08-03 05:36:01,174] {taskinstance.py:826} INFO - Dependencies all met for <TaskInstance: penjadwalan.dapat_suhu 2022-08-03T05:34:00+00:00 [queued]>
[2022-08-03 05:36:01,207] {taskinstance.py:826} INFO - Dependencies all met for <TaskInstance: penjadwalan.dapat_suhu 2022-08-03T05:34:00+00:00 [queued]>
[2022-08-03 05:36:01,208] {taskinstance.py:1017} INFO - 
--------------------------------------------------------------------------------
[2022-08-03 05:36:01,209] {taskinstance.py:1018} INFO - Starting attempt 1 of 1
[2022-08-03 05:36:01,210] {taskinstance.py:1019} INFO - 
--------------------------------------------------------------------------------
[2022-08-03 05:36:01,229] {taskinstance.py:1038} INFO - Executing <Task(PythonOperator): dapat_suhu> on 2022-08-03T05:34:00+00:00
[2022-08-03 05:36:01,236] {standard_task_runner.py:51} INFO - Started process 29600 to run task
[2022-08-03 05:36:01,243] {standard_task_runner.py:75} INFO - Running: ['airflow', 'tasks', 'run', 'penjadwalan', 'dapat_suhu', '2022-08-03T05:34:00+00:00', '--job-id', '690', '--pool', 'default_pool', '--raw', '--subdir', 'DAGS_FOLDER/penjadwalan.py', '--cfg-path', '/tmp/tmpaa_7jwic']
[2022-08-03 05:36:01,252] {standard_task_runner.py:76} INFO - Job 690: Subtask dapat_suhu
[2022-08-03 05:36:01,359] {logging_mixin.py:103} INFO - Running <TaskInstance: penjadwalan.dapat_suhu 2022-08-03T05:34:00+00:00 [running]> on host b4dcda255553
[2022-08-03 05:36:01,470] {taskinstance.py:1232} INFO - Exporting the following env vars:
AIRFLOW_CTX_DAG_OWNER=airflow
AIRFLOW_CTX_DAG_ID=penjadwalan
AIRFLOW_CTX_TASK_ID=dapat_suhu
AIRFLOW_CTX_EXECUTION_DATE=2022-08-03T05:34:00+00:00
AIRFLOW_CTX_DAG_RUN_ID=scheduled__2022-08-03T05:34:00+00:00
[2022-08-03 05:36:04,697] {logging_mixin.py:103} INFO - {'kota': 'Bali', 'cuaca': 'Clouds', 'cuaca_deskripsi': 'scattered clouds', 'temperatur': 302.69, 'waktu': '2022-08-03T05:36:04.697249'}
[2022-08-03 05:36:04,866] {logging_mixin.py:103} INFO - {'kota': 'Lombok', 'cuaca': 'Rain', 'cuaca_deskripsi': 'heavy intensity rain', 'temperatur': 297.64, 'waktu': '2022-08-03T05:36:04.864041'}
[2022-08-03 05:36:05,022] {logging_mixin.py:103} INFO - {'kota': 'Labuan Bajo', 'cuaca': 'Clouds', 'cuaca_deskripsi': 'broken clouds', 'temperatur': 300.81, 'waktu': '2022-08-03T05:36:05.022148'}
[2022-08-03 05:36:05,184] {logging_mixin.py:103} INFO - {'kota': 'Bogor', 'cuaca': 'Clouds', 'cuaca_deskripsi': 'overcast clouds', 'temperatur': 303.96, 'waktu': '2022-08-03T05:36:05.184600'}
[2022-08-03 05:36:05,335] {logging_mixin.py:103} INFO - {'kota': 'Bandung', 'cuaca': 'Clouds', 'cuaca_deskripsi': 'broken clouds', 'temperatur': 301.75, 'waktu': '2022-08-03T05:36:05.335308'}
[2022-08-03 05:36:05,336] {python.py:118} INFO - Done. Returned value was: None
[2022-08-03 05:36:05,363] {taskinstance.py:1142} INFO - Marking task as SUCCESS. dag_id=penjadwalan, task_id=dapat_suhu, execution_date=20220803T053400, start_date=20220803T053601, end_date=20220803T053605
[2022-08-03 05:36:05,435] {taskinstance.py:1195} INFO - 0 downstream tasks scheduled from follow-on schedule check
[2022-08-03 05:36:05,462] {local_task_job.py:118} INFO - Task exited with return code 0
