[2022-08-03 00:45:23,461] {taskinstance.py:826} INFO - Dependencies all met for <TaskInstance: penjadwalan.dapat_suhu 2022-08-02T18:48:00+00:00 [queued]>
[2022-08-03 00:45:23,537] {taskinstance.py:826} INFO - Dependencies all met for <TaskInstance: penjadwalan.dapat_suhu 2022-08-02T18:48:00+00:00 [queued]>
[2022-08-03 00:45:23,541] {taskinstance.py:1017} INFO - 
--------------------------------------------------------------------------------
[2022-08-03 00:45:23,547] {taskinstance.py:1018} INFO - Starting attempt 1 of 1
[2022-08-03 00:45:23,551] {taskinstance.py:1019} INFO - 
--------------------------------------------------------------------------------
[2022-08-03 00:45:23,580] {taskinstance.py:1038} INFO - Executing <Task(PythonOperator): dapat_suhu> on 2022-08-02T18:48:00+00:00
[2022-08-03 00:45:23,587] {standard_task_runner.py:51} INFO - Started process 25857 to run task
[2022-08-03 00:45:23,594] {standard_task_runner.py:75} INFO - Running: ['airflow', 'tasks', 'run', 'penjadwalan', 'dapat_suhu', '2022-08-02T18:48:00+00:00', '--job-id', '251', '--pool', 'default_pool', '--raw', '--subdir', 'DAGS_FOLDER/penjadwalan.py', '--cfg-path', '/tmp/tmppkwz__fq']
[2022-08-03 00:45:23,604] {standard_task_runner.py:76} INFO - Job 251: Subtask dapat_suhu
[2022-08-03 00:45:23,858] {logging_mixin.py:103} INFO - Running <TaskInstance: penjadwalan.dapat_suhu 2022-08-02T18:48:00+00:00 [running]> on host b4dcda255553
[2022-08-03 00:45:24,073] {taskinstance.py:1232} INFO - Exporting the following env vars:
AIRFLOW_CTX_DAG_OWNER=airflow
AIRFLOW_CTX_DAG_ID=penjadwalan
AIRFLOW_CTX_TASK_ID=dapat_suhu
AIRFLOW_CTX_EXECUTION_DATE=2022-08-02T18:48:00+00:00
AIRFLOW_CTX_DAG_RUN_ID=scheduled__2022-08-02T18:48:00+00:00
[2022-08-03 00:45:25,432] {logging_mixin.py:103} INFO - {'kota': 'Bali', 'cuaca': 'Clouds', 'cuaca_deskripsi': 'overcast clouds', 'temperatur': 298.28, 'waktu': '2022-08-03T00:45:25.432606'}
[2022-08-03 00:45:25,799] {logging_mixin.py:103} INFO - {'kota': 'Lombok', 'cuaca': 'Clouds', 'cuaca_deskripsi': 'overcast clouds', 'temperatur': 295.51, 'waktu': '2022-08-03T00:45:25.785522'}
[2022-08-03 00:45:26,214] {logging_mixin.py:103} INFO - {'kota': 'Labuan Bajo', 'cuaca': 'Clouds', 'cuaca_deskripsi': 'scattered clouds', 'temperatur': 300.93, 'waktu': '2022-08-03T00:45:26.214252'}
[2022-08-03 00:45:29,137] {logging_mixin.py:103} INFO - {'kota': 'Bogor', 'cuaca': 'Rain', 'cuaca_deskripsi': 'light rain', 'temperatur': 300.87, 'waktu': '2022-08-03T00:45:29.137290'}
[2022-08-03 00:45:30,031] {logging_mixin.py:103} INFO - {'kota': 'Bandung', 'cuaca': 'Clouds', 'cuaca_deskripsi': 'scattered clouds', 'temperatur': 296.92, 'waktu': '2022-08-03T00:45:30.031781'}
[2022-08-03 00:45:30,032] {python.py:118} INFO - Done. Returned value was: None
[2022-08-03 00:45:30,118] {taskinstance.py:1142} INFO - Marking task as SUCCESS. dag_id=penjadwalan, task_id=dapat_suhu, execution_date=20220802T184800, start_date=20220803T004523, end_date=20220803T004530
[2022-08-03 00:45:30,606] {taskinstance.py:1195} INFO - 0 downstream tasks scheduled from follow-on schedule check
[2022-08-03 00:45:30,673] {local_task_job.py:118} INFO - Task exited with return code 0
