[2022-08-02 16:40:04,568] {taskinstance.py:826} INFO - Dependencies all met for <TaskInstance: pokea.sleep_me 2022-08-02T16:30:00+00:00 [queued]>
[2022-08-02 16:40:04,615] {taskinstance.py:826} INFO - Dependencies all met for <TaskInstance: pokea.sleep_me 2022-08-02T16:30:00+00:00 [queued]>
[2022-08-02 16:40:04,616] {taskinstance.py:1017} INFO - 
--------------------------------------------------------------------------------
[2022-08-02 16:40:04,617] {taskinstance.py:1018} INFO - Starting attempt 1 of 1
[2022-08-02 16:40:04,617] {taskinstance.py:1019} INFO - 
--------------------------------------------------------------------------------
[2022-08-02 16:40:04,638] {taskinstance.py:1038} INFO - Executing <Task(BashOperator): sleep_me> on 2022-08-02T16:30:00+00:00
[2022-08-02 16:40:04,642] {standard_task_runner.py:51} INFO - Started process 1853 to run task
[2022-08-02 16:40:04,648] {standard_task_runner.py:75} INFO - Running: ['airflow', 'tasks', 'run', 'pokea', 'sleep_me', '2022-08-02T16:30:00+00:00', '--job-id', '145', '--pool', 'default_pool', '--raw', '--subdir', 'DAGS_FOLDER/pokea.py', '--cfg-path', '/tmp/tmphqzo8dpw']
[2022-08-02 16:40:04,652] {standard_task_runner.py:76} INFO - Job 145: Subtask sleep_me
[2022-08-02 16:40:04,732] {logging_mixin.py:103} INFO - Running <TaskInstance: pokea.sleep_me 2022-08-02T16:30:00+00:00 [running]> on host b4dcda255553
[2022-08-02 16:40:04,814] {taskinstance.py:1232} INFO - Exporting the following env vars:
AIRFLOW_CTX_DAG_OWNER=airflow
AIRFLOW_CTX_DAG_ID=pokea
AIRFLOW_CTX_TASK_ID=sleep_me
AIRFLOW_CTX_EXECUTION_DATE=2022-08-02T16:30:00+00:00
AIRFLOW_CTX_DAG_RUN_ID=scheduled__2022-08-02T16:30:00+00:00
[2022-08-02 16:40:04,815] {bash.py:135} INFO - Tmp dir root location: 
 /tmp
[2022-08-02 16:40:04,817] {bash.py:158} INFO - Running command: sleep 5
[2022-08-02 16:40:04,825] {bash.py:169} INFO - Output:
[2022-08-02 16:40:09,829] {bash.py:177} INFO - Command exited with return code 0
[2022-08-02 16:40:09,920] {taskinstance.py:1142} INFO - Marking task as SUCCESS. dag_id=pokea, task_id=sleep_me, execution_date=20220802T163000, start_date=20220802T164004, end_date=20220802T164009
[2022-08-02 16:40:09,989] {taskinstance.py:1195} INFO - 1 downstream tasks scheduled from follow-on schedule check
[2022-08-02 16:40:10,017] {local_task_job.py:118} INFO - Task exited with return code 0
