[2022-08-02 14:27:19,852] {taskinstance.py:826} INFO - Dependencies all met for <TaskInstance: my_simple_dag.greet 2022-08-02T14:10:00+00:00 [queued]>
[2022-08-02 14:27:19,880] {taskinstance.py:826} INFO - Dependencies all met for <TaskInstance: my_simple_dag.greet 2022-08-02T14:10:00+00:00 [queued]>
[2022-08-02 14:27:19,881] {taskinstance.py:1017} INFO - 
--------------------------------------------------------------------------------
[2022-08-02 14:27:19,881] {taskinstance.py:1018} INFO - Starting attempt 1 of 1
[2022-08-02 14:27:19,882] {taskinstance.py:1019} INFO - 
--------------------------------------------------------------------------------
[2022-08-02 14:27:19,896] {taskinstance.py:1038} INFO - Executing <Task(PythonOperator): greet> on 2022-08-02T14:10:00+00:00
[2022-08-02 14:27:19,900] {standard_task_runner.py:51} INFO - Started process 1541 to run task
[2022-08-02 14:27:19,909] {standard_task_runner.py:75} INFO - Running: ['airflow', 'tasks', 'run', 'my_simple_dag', 'greet', '2022-08-02T14:10:00+00:00', '--job-id', '3', '--pool', 'default_pool', '--raw', '--subdir', 'DAGS_FOLDER/my_simple_dag.py', '--cfg-path', '/tmp/tmpkh3oh6_s']
[2022-08-02 14:27:19,914] {standard_task_runner.py:76} INFO - Job 3: Subtask greet
[2022-08-02 14:27:19,996] {logging_mixin.py:103} INFO - Running <TaskInstance: my_simple_dag.greet 2022-08-02T14:10:00+00:00 [running]> on host b4dcda255553
[2022-08-02 14:27:20,125] {taskinstance.py:1232} INFO - Exporting the following env vars:
AIRFLOW_CTX_DAG_OWNER=airflow
AIRFLOW_CTX_DAG_ID=my_simple_dag
AIRFLOW_CTX_TASK_ID=greet
AIRFLOW_CTX_EXECUTION_DATE=2022-08-02T14:10:00+00:00
AIRFLOW_CTX_DAG_RUN_ID=scheduled__2022-08-02T14:10:00+00:00
[2022-08-02 14:27:20,127] {logging_mixin.py:103} INFO - Halo Salam dari Apache Airflow2022-08-02 14:27
[2022-08-02 14:27:20,128] {python.py:118} INFO - Done. Returned value was: None
[2022-08-02 14:27:20,152] {taskinstance.py:1142} INFO - Marking task as SUCCESS. dag_id=my_simple_dag, task_id=greet, execution_date=20220802T141000, start_date=20220802T142719, end_date=20220802T142720
[2022-08-02 14:27:20,214] {taskinstance.py:1195} INFO - 1 downstream tasks scheduled from follow-on schedule check
[2022-08-02 14:27:20,239] {local_task_job.py:118} INFO - Task exited with return code 0
