[2022-08-03 07:00:13,747] {taskinstance.py:826} INFO - Dependencies all met for <TaskInstance: my_simple_dag.respond 2022-08-03T06:50:00+00:00 [queued]>
[2022-08-03 07:00:13,783] {taskinstance.py:826} INFO - Dependencies all met for <TaskInstance: my_simple_dag.respond 2022-08-03T06:50:00+00:00 [queued]>
[2022-08-03 07:00:13,784] {taskinstance.py:1017} INFO - 
--------------------------------------------------------------------------------
[2022-08-03 07:00:13,785] {taskinstance.py:1018} INFO - Starting attempt 1 of 1
[2022-08-03 07:00:13,786] {taskinstance.py:1019} INFO - 
--------------------------------------------------------------------------------
[2022-08-03 07:00:13,808] {taskinstance.py:1038} INFO - Executing <Task(PythonOperator): respond> on 2022-08-03T06:50:00+00:00
[2022-08-03 07:00:13,815] {standard_task_runner.py:51} INFO - Started process 21066 to run task
[2022-08-03 07:00:13,821] {standard_task_runner.py:75} INFO - Running: ['airflow', 'tasks', 'run', 'my_simple_dag', 'respond', '2022-08-03T06:50:00+00:00', '--job-id', '800', '--pool', 'default_pool', '--raw', '--subdir', 'DAGS_FOLDER/my_simple_dag.py', '--cfg-path', '/tmp/tmp_fjyifne']
[2022-08-03 07:00:13,826] {standard_task_runner.py:76} INFO - Job 800: Subtask respond
[2022-08-03 07:00:13,923] {logging_mixin.py:103} INFO - Running <TaskInstance: my_simple_dag.respond 2022-08-03T06:50:00+00:00 [running]> on host b4dcda255553
[2022-08-03 07:00:14,065] {taskinstance.py:1232} INFO - Exporting the following env vars:
AIRFLOW_CTX_DAG_OWNER=airflow
AIRFLOW_CTX_DAG_ID=my_simple_dag
AIRFLOW_CTX_TASK_ID=respond
AIRFLOW_CTX_EXECUTION_DATE=2022-08-03T06:50:00+00:00
AIRFLOW_CTX_DAG_RUN_ID=scheduled__2022-08-03T06:50:00+00:00
[2022-08-03 07:00:14,067] {python.py:118} INFO - Done. Returned value was: Greet Responded Again
[2022-08-03 07:00:14,130] {taskinstance.py:1142} INFO - Marking task as SUCCESS. dag_id=my_simple_dag, task_id=respond, execution_date=20220803T065000, start_date=20220803T070013, end_date=20220803T070014
[2022-08-03 07:00:14,191] {taskinstance.py:1195} INFO - 0 downstream tasks scheduled from follow-on schedule check
[2022-08-03 07:00:14,240] {local_task_job.py:118} INFO - Task exited with return code 0
