[2022-08-03 09:02:01,039] {taskinstance.py:826} INFO - Dependencies all met for <TaskInstance: penjadwalan.dapat_suhu 2022-08-03T09:00:00+00:00 [queued]>
[2022-08-03 09:02:01,066] {taskinstance.py:826} INFO - Dependencies all met for <TaskInstance: penjadwalan.dapat_suhu 2022-08-03T09:00:00+00:00 [queued]>
[2022-08-03 09:02:01,066] {taskinstance.py:1017} INFO - 
--------------------------------------------------------------------------------
[2022-08-03 09:02:01,067] {taskinstance.py:1018} INFO - Starting attempt 1 of 1
[2022-08-03 09:02:01,067] {taskinstance.py:1019} INFO - 
--------------------------------------------------------------------------------
[2022-08-03 09:02:01,083] {taskinstance.py:1038} INFO - Executing <Task(PythonOperator): dapat_suhu> on 2022-08-03T09:00:00+00:00
[2022-08-03 09:02:01,086] {standard_task_runner.py:51} INFO - Started process 26992 to run task
[2022-08-03 09:02:01,092] {standard_task_runner.py:75} INFO - Running: ['airflow', 'tasks', 'run', 'penjadwalan', 'dapat_suhu', '2022-08-03T09:00:00+00:00', '--job-id', '909', '--pool', 'default_pool', '--raw', '--subdir', 'DAGS_FOLDER/penjadwalan.py', '--cfg-path', '/tmp/tmp81mvqzwz']
[2022-08-03 09:02:01,096] {standard_task_runner.py:76} INFO - Job 909: Subtask dapat_suhu
[2022-08-03 09:02:01,178] {logging_mixin.py:103} INFO - Running <TaskInstance: penjadwalan.dapat_suhu 2022-08-03T09:00:00+00:00 [running]> on host b4dcda255553
[2022-08-03 09:02:01,263] {taskinstance.py:1232} INFO - Exporting the following env vars:
AIRFLOW_CTX_DAG_OWNER=airflow
AIRFLOW_CTX_DAG_ID=penjadwalan
AIRFLOW_CTX_TASK_ID=dapat_suhu
AIRFLOW_CTX_EXECUTION_DATE=2022-08-03T09:00:00+00:00
AIRFLOW_CTX_DAG_RUN_ID=scheduled__2022-08-03T09:00:00+00:00
[2022-08-03 09:02:01,528] {logging_mixin.py:103} INFO - {'kota': 'Bali', 'cuaca': 'Clouds', 'cuaca_deskripsi': 'broken clouds', 'temperatur': 300.5, 'waktu': '2022-08-03T09:02:01.528016'}
[2022-08-03 09:02:01,734] {logging_mixin.py:103} INFO - {'kota': 'Lombok', 'cuaca': 'Rain', 'cuaca_deskripsi': 'moderate rain', 'temperatur': 296.25, 'waktu': '2022-08-03T09:02:01.734013'}
[2022-08-03 09:02:02,455] {logging_mixin.py:103} INFO - {'kota': 'Labuan Bajo', 'cuaca': 'Clouds', 'cuaca_deskripsi': 'overcast clouds', 'temperatur': 300.25, 'waktu': '2022-08-03T09:02:02.455133'}
[2022-08-03 09:02:02,874] {logging_mixin.py:103} INFO - {'kota': 'Bogor', 'cuaca': 'Clouds', 'cuaca_deskripsi': 'overcast clouds', 'temperatur': 303.61, 'waktu': '2022-08-03T09:02:02.874488'}
[2022-08-03 09:02:03,046] {logging_mixin.py:103} INFO - {'kota': 'Bandung', 'cuaca': 'Clouds', 'cuaca_deskripsi': 'overcast clouds', 'temperatur': 297, 'waktu': '2022-08-03T09:02:03.046126'}
[2022-08-03 09:02:03,047] {python.py:118} INFO - Done. Returned value was: None
[2022-08-03 09:02:03,064] {taskinstance.py:1142} INFO - Marking task as SUCCESS. dag_id=penjadwalan, task_id=dapat_suhu, execution_date=20220803T090000, start_date=20220803T090201, end_date=20220803T090203
[2022-08-03 09:02:03,104] {taskinstance.py:1195} INFO - 0 downstream tasks scheduled from follow-on schedule check
[2022-08-03 09:02:03,110] {local_task_job.py:118} INFO - Task exited with return code 0
