[2022-08-03 10:12:01,087] {taskinstance.py:826} INFO - Dependencies all met for <TaskInstance: penjadwalan.dapat_suhu 2022-08-03T10:10:00+00:00 [queued]>
[2022-08-03 10:12:01,198] {taskinstance.py:826} INFO - Dependencies all met for <TaskInstance: penjadwalan.dapat_suhu 2022-08-03T10:10:00+00:00 [queued]>
[2022-08-03 10:12:01,200] {taskinstance.py:1017} INFO - 
--------------------------------------------------------------------------------
[2022-08-03 10:12:01,202] {taskinstance.py:1018} INFO - Starting attempt 1 of 1
[2022-08-03 10:12:01,204] {taskinstance.py:1019} INFO - 
--------------------------------------------------------------------------------
[2022-08-03 10:12:01,251] {taskinstance.py:1038} INFO - Executing <Task(PythonOperator): dapat_suhu> on 2022-08-03T10:10:00+00:00
[2022-08-03 10:12:01,261] {standard_task_runner.py:51} INFO - Started process 379 to run task
[2022-08-03 10:12:01,278] {standard_task_runner.py:75} INFO - Running: ['airflow', 'tasks', 'run', 'penjadwalan', 'dapat_suhu', '2022-08-03T10:10:00+00:00', '--job-id', '972', '--pool', 'default_pool', '--raw', '--subdir', 'DAGS_FOLDER/penjadwalan.py', '--cfg-path', '/tmp/tmp0e09ty4o']
[2022-08-03 10:12:01,289] {standard_task_runner.py:76} INFO - Job 972: Subtask dapat_suhu
[2022-08-03 10:12:01,473] {logging_mixin.py:103} INFO - Running <TaskInstance: penjadwalan.dapat_suhu 2022-08-03T10:10:00+00:00 [running]> on host b4dcda255553
[2022-08-03 10:12:01,697] {taskinstance.py:1232} INFO - Exporting the following env vars:
AIRFLOW_CTX_DAG_OWNER=airflow
AIRFLOW_CTX_DAG_ID=penjadwalan
AIRFLOW_CTX_TASK_ID=dapat_suhu
AIRFLOW_CTX_EXECUTION_DATE=2022-08-03T10:10:00+00:00
AIRFLOW_CTX_DAG_RUN_ID=scheduled__2022-08-03T10:10:00+00:00
[2022-08-03 10:12:01,961] {logging_mixin.py:103} INFO - {'kota': 'Bali', 'cuaca': 'Clouds', 'cuaca_deskripsi': 'broken clouds', 'temperatur': 300.5, 'waktu': '2022-08-03T10:12:01.960931'}
[2022-08-03 10:12:02,216] {logging_mixin.py:103} INFO - {'kota': 'Lombok', 'cuaca': 'Clouds', 'cuaca_deskripsi': 'overcast clouds', 'temperatur': 295.7, 'waktu': '2022-08-03T10:12:02.216100'}
[2022-08-03 10:12:02,528] {logging_mixin.py:103} INFO - {'kota': 'Labuan Bajo', 'cuaca': 'Clouds', 'cuaca_deskripsi': 'overcast clouds', 'temperatur': 298.84, 'waktu': '2022-08-03T10:12:02.528014'}
[2022-08-03 10:12:02,848] {logging_mixin.py:103} INFO - {'kota': 'Bogor', 'cuaca': 'Clouds', 'cuaca_deskripsi': 'overcast clouds', 'temperatur': 300.27, 'waktu': '2022-08-03T10:12:02.847759'}
[2022-08-03 10:12:03,052] {logging_mixin.py:103} INFO - {'kota': 'Bandung', 'cuaca': 'Clouds', 'cuaca_deskripsi': 'overcast clouds', 'temperatur': 296.4, 'waktu': '2022-08-03T10:12:03.051913'}
[2022-08-03 10:12:03,054] {python.py:118} INFO - Done. Returned value was: None
[2022-08-03 10:12:03,102] {taskinstance.py:1142} INFO - Marking task as SUCCESS. dag_id=penjadwalan, task_id=dapat_suhu, execution_date=20220803T101000, start_date=20220803T101201, end_date=20220803T101203
[2022-08-03 10:12:03,232] {taskinstance.py:1195} INFO - 0 downstream tasks scheduled from follow-on schedule check
[2022-08-03 10:12:03,261] {local_task_job.py:118} INFO - Task exited with return code 0
