[2022-08-02 17:24:02,321] {taskinstance.py:826} INFO - Dependencies all met for <TaskInstance: penjadwalan.dapat_suhu 2022-08-02T17:22:00+00:00 [queued]>
[2022-08-02 17:24:02,417] {taskinstance.py:826} INFO - Dependencies all met for <TaskInstance: penjadwalan.dapat_suhu 2022-08-02T17:22:00+00:00 [queued]>
[2022-08-02 17:24:02,419] {taskinstance.py:1017} INFO - 
--------------------------------------------------------------------------------
[2022-08-02 17:24:02,421] {taskinstance.py:1018} INFO - Starting attempt 1 of 1
[2022-08-02 17:24:02,421] {taskinstance.py:1019} INFO - 
--------------------------------------------------------------------------------
[2022-08-02 17:24:02,444] {taskinstance.py:1038} INFO - Executing <Task(PythonOperator): dapat_suhu> on 2022-08-02T17:22:00+00:00
[2022-08-02 17:24:02,450] {standard_task_runner.py:51} INFO - Started process 2911 to run task
[2022-08-02 17:24:02,464] {standard_task_runner.py:75} INFO - Running: ['airflow', 'tasks', 'run', 'penjadwalan', 'dapat_suhu', '2022-08-02T17:22:00+00:00', '--job-id', '196', '--pool', 'default_pool', '--raw', '--subdir', 'DAGS_FOLDER/penjadwalan.py', '--cfg-path', '/tmp/tmp7t1t3npz']
[2022-08-02 17:24:02,470] {standard_task_runner.py:76} INFO - Job 196: Subtask dapat_suhu
[2022-08-02 17:24:02,594] {logging_mixin.py:103} INFO - Running <TaskInstance: penjadwalan.dapat_suhu 2022-08-02T17:22:00+00:00 [running]> on host b4dcda255553
[2022-08-02 17:24:02,764] {taskinstance.py:1232} INFO - Exporting the following env vars:
AIRFLOW_CTX_DAG_OWNER=airflow
AIRFLOW_CTX_DAG_ID=penjadwalan
AIRFLOW_CTX_TASK_ID=dapat_suhu
AIRFLOW_CTX_EXECUTION_DATE=2022-08-02T17:22:00+00:00
AIRFLOW_CTX_DAG_RUN_ID=scheduled__2022-08-02T17:22:00+00:00
[2022-08-02 17:24:03,454] {logging_mixin.py:103} INFO - {'kota': 'Bali', 'cuaca': 'Clouds', 'cuaca_deskripsi': 'overcast clouds', 'temperatur': 298.28, 'waktu': '2022-08-02T17:24:03.454522'}
[2022-08-02 17:24:04,010] {logging_mixin.py:103} INFO - {'kota': 'Lombok', 'cuaca': 'Clouds', 'cuaca_deskripsi': 'broken clouds', 'temperatur': 293.44, 'waktu': '2022-08-02T17:24:04.009794'}
[2022-08-02 17:24:05,526] {logging_mixin.py:103} INFO - {'kota': 'Labuan Bajo', 'cuaca': 'Clouds', 'cuaca_deskripsi': 'broken clouds', 'temperatur': 297.27, 'waktu': '2022-08-02T17:24:05.526299'}
[2022-08-02 17:24:06,584] {logging_mixin.py:103} INFO - {'kota': 'Bogor', 'cuaca': 'Clouds', 'cuaca_deskripsi': 'broken clouds', 'temperatur': 296.93, 'waktu': '2022-08-02T17:24:06.584514'}
[2022-08-02 17:24:06,851] {logging_mixin.py:103} INFO - {'kota': 'Bandung', 'cuaca': 'Clouds', 'cuaca_deskripsi': 'broken clouds', 'temperatur': 293.46, 'waktu': '2022-08-02T17:24:06.851095'}
[2022-08-02 17:24:06,852] {python.py:118} INFO - Done. Returned value was: None
[2022-08-02 17:24:06,924] {taskinstance.py:1142} INFO - Marking task as SUCCESS. dag_id=penjadwalan, task_id=dapat_suhu, execution_date=20220802T172200, start_date=20220802T172402, end_date=20220802T172406
[2022-08-02 17:24:06,993] {taskinstance.py:1195} INFO - 0 downstream tasks scheduled from follow-on schedule check
[2022-08-02 17:24:07,016] {local_task_job.py:118} INFO - Task exited with return code 0
