[2022-08-03 04:20:02,403] {taskinstance.py:826} INFO - Dependencies all met for <TaskInstance: penjadwalan.dapat_suhu 2022-08-03T04:18:00+00:00 [queued]>
[2022-08-03 04:20:02,507] {taskinstance.py:826} INFO - Dependencies all met for <TaskInstance: penjadwalan.dapat_suhu 2022-08-03T04:18:00+00:00 [queued]>
[2022-08-03 04:20:02,508] {taskinstance.py:1017} INFO - 
--------------------------------------------------------------------------------
[2022-08-03 04:20:02,509] {taskinstance.py:1018} INFO - Starting attempt 1 of 1
[2022-08-03 04:20:02,510] {taskinstance.py:1019} INFO - 
--------------------------------------------------------------------------------
[2022-08-03 04:20:02,560] {taskinstance.py:1038} INFO - Executing <Task(PythonOperator): dapat_suhu> on 2022-08-03T04:18:00+00:00
[2022-08-03 04:20:02,579] {standard_task_runner.py:51} INFO - Started process 32715 to run task
[2022-08-03 04:20:02,586] {standard_task_runner.py:75} INFO - Running: ['airflow', 'tasks', 'run', 'penjadwalan', 'dapat_suhu', '2022-08-03T04:18:00+00:00', '--job-id', '620', '--pool', 'default_pool', '--raw', '--subdir', 'DAGS_FOLDER/penjadwalan.py', '--cfg-path', '/tmp/tmpw4qf1fk4']
[2022-08-03 04:20:02,603] {standard_task_runner.py:76} INFO - Job 620: Subtask dapat_suhu
[2022-08-03 04:20:02,840] {logging_mixin.py:103} INFO - Running <TaskInstance: penjadwalan.dapat_suhu 2022-08-03T04:18:00+00:00 [running]> on host b4dcda255553
[2022-08-03 04:20:03,061] {taskinstance.py:1232} INFO - Exporting the following env vars:
AIRFLOW_CTX_DAG_OWNER=airflow
AIRFLOW_CTX_DAG_ID=penjadwalan
AIRFLOW_CTX_TASK_ID=dapat_suhu
AIRFLOW_CTX_EXECUTION_DATE=2022-08-03T04:18:00+00:00
AIRFLOW_CTX_DAG_RUN_ID=scheduled__2022-08-03T04:18:00+00:00
[2022-08-03 04:20:03,432] {logging_mixin.py:103} INFO - {'kota': 'Bali', 'cuaca': 'Clouds', 'cuaca_deskripsi': 'scattered clouds', 'temperatur': 302.69, 'waktu': '2022-08-03T04:20:03.432148'}
[2022-08-03 04:20:03,592] {logging_mixin.py:103} INFO - {'kota': 'Lombok', 'cuaca': 'Clouds', 'cuaca_deskripsi': 'overcast clouds', 'temperatur': 298.97, 'waktu': '2022-08-03T04:20:03.592200'}
[2022-08-03 04:20:03,829] {logging_mixin.py:103} INFO - {'kota': 'Labuan Bajo', 'cuaca': 'Clouds', 'cuaca_deskripsi': 'broken clouds', 'temperatur': 302.05, 'waktu': '2022-08-03T04:20:03.829321'}
[2022-08-03 04:20:04,053] {logging_mixin.py:103} INFO - {'kota': 'Bogor', 'cuaca': 'Clouds', 'cuaca_deskripsi': 'overcast clouds', 'temperatur': 305.31, 'waktu': '2022-08-03T04:20:04.053068'}
[2022-08-03 04:20:04,236] {logging_mixin.py:103} INFO - {'kota': 'Bandung', 'cuaca': 'Clouds', 'cuaca_deskripsi': 'broken clouds', 'temperatur': 302.13, 'waktu': '2022-08-03T04:20:04.235895'}
[2022-08-03 04:20:04,237] {python.py:118} INFO - Done. Returned value was: None
[2022-08-03 04:20:04,278] {taskinstance.py:1142} INFO - Marking task as SUCCESS. dag_id=penjadwalan, task_id=dapat_suhu, execution_date=20220803T041800, start_date=20220803T042002, end_date=20220803T042004
[2022-08-03 04:20:04,491] {taskinstance.py:1195} INFO - 0 downstream tasks scheduled from follow-on schedule check
[2022-08-03 04:20:04,513] {local_task_job.py:118} INFO - Task exited with return code 0
