[2022-08-03 00:46:38,700] {taskinstance.py:826} INFO - Dependencies all met for <TaskInstance: penjadwalan.dapat_suhu 2022-08-02T21:48:00+00:00 [queued]>
[2022-08-03 00:46:38,737] {taskinstance.py:826} INFO - Dependencies all met for <TaskInstance: penjadwalan.dapat_suhu 2022-08-02T21:48:00+00:00 [queued]>
[2022-08-03 00:46:38,737] {taskinstance.py:1017} INFO - 
--------------------------------------------------------------------------------
[2022-08-03 00:46:38,738] {taskinstance.py:1018} INFO - Starting attempt 1 of 1
[2022-08-03 00:46:38,739] {taskinstance.py:1019} INFO - 
--------------------------------------------------------------------------------
[2022-08-03 00:46:38,761] {taskinstance.py:1038} INFO - Executing <Task(PythonOperator): dapat_suhu> on 2022-08-02T21:48:00+00:00
[2022-08-03 00:46:38,768] {standard_task_runner.py:51} INFO - Started process 29043 to run task
[2022-08-03 00:46:38,775] {standard_task_runner.py:75} INFO - Running: ['airflow', 'tasks', 'run', 'penjadwalan', 'dapat_suhu', '2022-08-02T21:48:00+00:00', '--job-id', '341', '--pool', 'default_pool', '--raw', '--subdir', 'DAGS_FOLDER/penjadwalan.py', '--cfg-path', '/tmp/tmpt25isg_3']
[2022-08-03 00:46:38,780] {standard_task_runner.py:76} INFO - Job 341: Subtask dapat_suhu
[2022-08-03 00:46:38,898] {logging_mixin.py:103} INFO - Running <TaskInstance: penjadwalan.dapat_suhu 2022-08-02T21:48:00+00:00 [running]> on host b4dcda255553
[2022-08-03 00:46:39,029] {taskinstance.py:1232} INFO - Exporting the following env vars:
AIRFLOW_CTX_DAG_OWNER=airflow
AIRFLOW_CTX_DAG_ID=penjadwalan
AIRFLOW_CTX_TASK_ID=dapat_suhu
AIRFLOW_CTX_EXECUTION_DATE=2022-08-02T21:48:00+00:00
AIRFLOW_CTX_DAG_RUN_ID=scheduled__2022-08-02T21:48:00+00:00
[2022-08-03 00:46:40,217] {logging_mixin.py:103} INFO - {'kota': 'Bali', 'cuaca': 'Clouds', 'cuaca_deskripsi': 'overcast clouds', 'temperatur': 298.28, 'waktu': '2022-08-03T00:46:40.217207'}
[2022-08-03 00:46:42,217] {logging_mixin.py:103} INFO - {'kota': 'Lombok', 'cuaca': 'Clouds', 'cuaca_deskripsi': 'overcast clouds', 'temperatur': 295.51, 'waktu': '2022-08-03T00:46:42.217031'}
[2022-08-03 00:46:43,539] {logging_mixin.py:103} INFO - {'kota': 'Labuan Bajo', 'cuaca': 'Clouds', 'cuaca_deskripsi': 'scattered clouds', 'temperatur': 300.93, 'waktu': '2022-08-03T00:46:43.539496'}
[2022-08-03 00:46:45,609] {logging_mixin.py:103} INFO - {'kota': 'Bogor', 'cuaca': 'Rain', 'cuaca_deskripsi': 'light rain', 'temperatur': 300.87, 'waktu': '2022-08-03T00:46:45.609317'}
[2022-08-03 00:46:52,345] {logging_mixin.py:103} INFO - {'kota': 'Bandung', 'cuaca': 'Clouds', 'cuaca_deskripsi': 'scattered clouds', 'temperatur': 296.92, 'waktu': '2022-08-03T00:46:52.345248'}
[2022-08-03 00:46:52,350] {python.py:118} INFO - Done. Returned value was: None
[2022-08-03 00:46:52,398] {taskinstance.py:1142} INFO - Marking task as SUCCESS. dag_id=penjadwalan, task_id=dapat_suhu, execution_date=20220802T214800, start_date=20220803T004638, end_date=20220803T004652
[2022-08-03 00:46:52,514] {taskinstance.py:1195} INFO - 0 downstream tasks scheduled from follow-on schedule check
[2022-08-03 00:46:52,530] {local_task_job.py:118} INFO - Task exited with return code 0
