[2022-08-03 00:56:01,449] {taskinstance.py:826} INFO - Dependencies all met for <TaskInstance: penjadwalan.dapat_suhu 2022-08-03T00:54:00+00:00 [queued]>
[2022-08-03 00:56:01,488] {taskinstance.py:826} INFO - Dependencies all met for <TaskInstance: penjadwalan.dapat_suhu 2022-08-03T00:54:00+00:00 [queued]>
[2022-08-03 00:56:01,489] {taskinstance.py:1017} INFO - 
--------------------------------------------------------------------------------
[2022-08-03 00:56:01,490] {taskinstance.py:1018} INFO - Starting attempt 1 of 1
[2022-08-03 00:56:01,490] {taskinstance.py:1019} INFO - 
--------------------------------------------------------------------------------
[2022-08-03 00:56:01,516] {taskinstance.py:1038} INFO - Executing <Task(PythonOperator): dapat_suhu> on 2022-08-03T00:54:00+00:00
[2022-08-03 00:56:01,523] {standard_task_runner.py:51} INFO - Started process 24078 to run task
[2022-08-03 00:56:01,533] {standard_task_runner.py:75} INFO - Running: ['airflow', 'tasks', 'run', 'penjadwalan', 'dapat_suhu', '2022-08-03T00:54:00+00:00', '--job-id', '438', '--pool', 'default_pool', '--raw', '--subdir', 'DAGS_FOLDER/penjadwalan.py', '--cfg-path', '/tmp/tmpvp2ey82t']
[2022-08-03 00:56:01,538] {standard_task_runner.py:76} INFO - Job 438: Subtask dapat_suhu
[2022-08-03 00:56:01,650] {logging_mixin.py:103} INFO - Running <TaskInstance: penjadwalan.dapat_suhu 2022-08-03T00:54:00+00:00 [running]> on host b4dcda255553
[2022-08-03 00:56:01,775] {taskinstance.py:1232} INFO - Exporting the following env vars:
AIRFLOW_CTX_DAG_OWNER=airflow
AIRFLOW_CTX_DAG_ID=penjadwalan
AIRFLOW_CTX_TASK_ID=dapat_suhu
AIRFLOW_CTX_EXECUTION_DATE=2022-08-03T00:54:00+00:00
AIRFLOW_CTX_DAG_RUN_ID=scheduled__2022-08-03T00:54:00+00:00
[2022-08-03 00:56:04,746] {logging_mixin.py:103} INFO - {'kota': 'Bali', 'cuaca': 'Clouds', 'cuaca_deskripsi': 'overcast clouds', 'temperatur': 298.28, 'waktu': '2022-08-03T00:56:04.746629'}
[2022-08-03 00:56:05,195] {logging_mixin.py:103} INFO - {'kota': 'Lombok', 'cuaca': 'Clouds', 'cuaca_deskripsi': 'overcast clouds', 'temperatur': 295.51, 'waktu': '2022-08-03T00:56:05.195025'}
[2022-08-03 00:56:05,473] {logging_mixin.py:103} INFO - {'kota': 'Labuan Bajo', 'cuaca': 'Clouds', 'cuaca_deskripsi': 'scattered clouds', 'temperatur': 300.93, 'waktu': '2022-08-03T00:56:05.473310'}
[2022-08-03 00:56:05,699] {logging_mixin.py:103} INFO - {'kota': 'Bogor', 'cuaca': 'Rain', 'cuaca_deskripsi': 'light rain', 'temperatur': 296.27, 'waktu': '2022-08-03T00:56:05.699557'}
[2022-08-03 00:56:05,963] {logging_mixin.py:103} INFO - {'kota': 'Bandung', 'cuaca': 'Clouds', 'cuaca_deskripsi': 'scattered clouds', 'temperatur': 296.92, 'waktu': '2022-08-03T00:56:05.963127'}
[2022-08-03 00:56:05,964] {python.py:118} INFO - Done. Returned value was: None
[2022-08-03 00:56:05,984] {taskinstance.py:1142} INFO - Marking task as SUCCESS. dag_id=penjadwalan, task_id=dapat_suhu, execution_date=20220803T005400, start_date=20220803T005601, end_date=20220803T005605
[2022-08-03 00:56:06,039] {taskinstance.py:1195} INFO - 0 downstream tasks scheduled from follow-on schedule check
[2022-08-03 00:56:06,083] {local_task_job.py:118} INFO - Task exited with return code 0
