[2022-08-03 01:08:01,288] {taskinstance.py:826} INFO - Dependencies all met for <TaskInstance: penjadwalan.dapat_suhu 2022-08-03T01:06:00+00:00 [queued]>
[2022-08-03 01:08:01,324] {taskinstance.py:826} INFO - Dependencies all met for <TaskInstance: penjadwalan.dapat_suhu 2022-08-03T01:06:00+00:00 [queued]>
[2022-08-03 01:08:01,325] {taskinstance.py:1017} INFO - 
--------------------------------------------------------------------------------
[2022-08-03 01:08:01,326] {taskinstance.py:1018} INFO - Starting attempt 1 of 1
[2022-08-03 01:08:01,326] {taskinstance.py:1019} INFO - 
--------------------------------------------------------------------------------
[2022-08-03 01:08:01,349] {taskinstance.py:1038} INFO - Executing <Task(PythonOperator): dapat_suhu> on 2022-08-03T01:06:00+00:00
[2022-08-03 01:08:01,355] {standard_task_runner.py:51} INFO - Started process 30449 to run task
[2022-08-03 01:08:01,366] {standard_task_runner.py:75} INFO - Running: ['airflow', 'tasks', 'run', 'penjadwalan', 'dapat_suhu', '2022-08-03T01:06:00+00:00', '--job-id', '448', '--pool', 'default_pool', '--raw', '--subdir', 'DAGS_FOLDER/penjadwalan.py', '--cfg-path', '/tmp/tmpd05pu4jo']
[2022-08-03 01:08:01,375] {standard_task_runner.py:76} INFO - Job 448: Subtask dapat_suhu
[2022-08-03 01:08:01,478] {logging_mixin.py:103} INFO - Running <TaskInstance: penjadwalan.dapat_suhu 2022-08-03T01:06:00+00:00 [running]> on host b4dcda255553
[2022-08-03 01:08:01,582] {taskinstance.py:1232} INFO - Exporting the following env vars:
AIRFLOW_CTX_DAG_OWNER=airflow
AIRFLOW_CTX_DAG_ID=penjadwalan
AIRFLOW_CTX_TASK_ID=dapat_suhu
AIRFLOW_CTX_EXECUTION_DATE=2022-08-03T01:06:00+00:00
AIRFLOW_CTX_DAG_RUN_ID=scheduled__2022-08-03T01:06:00+00:00
[2022-08-03 01:08:05,352] {logging_mixin.py:103} INFO - {'kota': 'Bali', 'cuaca': 'Clouds', 'cuaca_deskripsi': 'overcast clouds', 'temperatur': 298.28, 'waktu': '2022-08-03T01:08:05.352072'}
[2022-08-03 01:08:05,842] {logging_mixin.py:103} INFO - {'kota': 'Lombok', 'cuaca': 'Rain', 'cuaca_deskripsi': 'moderate rain', 'temperatur': 295.51, 'waktu': '2022-08-03T01:08:05.841915'}
[2022-08-03 01:08:06,377] {logging_mixin.py:103} INFO - {'kota': 'Labuan Bajo', 'cuaca': 'Clouds', 'cuaca_deskripsi': 'scattered clouds', 'temperatur': 300.93, 'waktu': '2022-08-03T01:08:06.377002'}
[2022-08-03 01:08:06,843] {logging_mixin.py:103} INFO - {'kota': 'Bogor', 'cuaca': 'Clouds', 'cuaca_deskripsi': 'overcast clouds', 'temperatur': 296.83, 'waktu': '2022-08-03T01:08:06.843669'}
[2022-08-03 01:08:07,733] {logging_mixin.py:103} INFO - {'kota': 'Bandung', 'cuaca': 'Clouds', 'cuaca_deskripsi': 'scattered clouds', 'temperatur': 296.92, 'waktu': '2022-08-03T01:08:07.733662'}
[2022-08-03 01:08:07,734] {python.py:118} INFO - Done. Returned value was: None
[2022-08-03 01:08:07,754] {taskinstance.py:1142} INFO - Marking task as SUCCESS. dag_id=penjadwalan, task_id=dapat_suhu, execution_date=20220803T010600, start_date=20220803T010801, end_date=20220803T010807
[2022-08-03 01:08:07,807] {taskinstance.py:1195} INFO - 0 downstream tasks scheduled from follow-on schedule check
[2022-08-03 01:08:07,847] {local_task_job.py:118} INFO - Task exited with return code 0
