[2022-08-03 00:44:39,002] {taskinstance.py:826} INFO - Dependencies all met for <TaskInstance: my_simple_dag.greet 2022-08-02T17:30:00+00:00 [queued]>
[2022-08-03 00:44:39,180] {taskinstance.py:826} INFO - Dependencies all met for <TaskInstance: my_simple_dag.greet 2022-08-02T17:30:00+00:00 [queued]>
[2022-08-03 00:44:39,187] {taskinstance.py:1017} INFO - 
--------------------------------------------------------------------------------
[2022-08-03 00:44:39,205] {taskinstance.py:1018} INFO - Starting attempt 1 of 1
[2022-08-03 00:44:39,219] {taskinstance.py:1019} INFO - 
--------------------------------------------------------------------------------
[2022-08-03 00:44:39,359] {taskinstance.py:1038} INFO - Executing <Task(PythonOperator): greet> on 2022-08-02T17:30:00+00:00
[2022-08-03 00:44:39,423] {standard_task_runner.py:51} INFO - Started process 24996 to run task
[2022-08-03 00:44:39,450] {standard_task_runner.py:75} INFO - Running: ['airflow', 'tasks', 'run', 'my_simple_dag', 'greet', '2022-08-02T17:30:00+00:00', '--job-id', '220', '--pool', 'default_pool', '--raw', '--subdir', 'DAGS_FOLDER/my_simple_dag.py', '--cfg-path', '/tmp/tmpx8wi9k4b']
[2022-08-03 00:44:39,465] {standard_task_runner.py:76} INFO - Job 220: Subtask greet
[2022-08-03 00:44:39,935] {logging_mixin.py:103} INFO - Running <TaskInstance: my_simple_dag.greet 2022-08-02T17:30:00+00:00 [running]> on host b4dcda255553
[2022-08-03 00:44:40,215] {taskinstance.py:1232} INFO - Exporting the following env vars:
AIRFLOW_CTX_DAG_OWNER=airflow
AIRFLOW_CTX_DAG_ID=my_simple_dag
AIRFLOW_CTX_TASK_ID=greet
AIRFLOW_CTX_EXECUTION_DATE=2022-08-02T17:30:00+00:00
AIRFLOW_CTX_DAG_RUN_ID=scheduled__2022-08-02T17:30:00+00:00
[2022-08-03 00:44:40,234] {logging_mixin.py:103} INFO - Halo Salam dari Apache Airflow2022-08-03 00:44
[2022-08-03 00:44:40,250] {python.py:118} INFO - Done. Returned value was: None
[2022-08-03 00:44:40,413] {taskinstance.py:1142} INFO - Marking task as SUCCESS. dag_id=my_simple_dag, task_id=greet, execution_date=20220802T173000, start_date=20220803T004439, end_date=20220803T004440
[2022-08-03 00:44:41,065] {taskinstance.py:1195} INFO - 0 downstream tasks scheduled from follow-on schedule check
[2022-08-03 00:44:41,118] {local_task_job.py:118} INFO - Task exited with return code 0
