[2022-08-02 13:20:57,075] {taskinstance.py:826} INFO - Dependencies all met for <TaskInstance: my_simple_dag.greet 2022-08-02T13:10:00+00:00 [queued]>
[2022-08-02 13:20:57,106] {taskinstance.py:826} INFO - Dependencies all met for <TaskInstance: my_simple_dag.greet 2022-08-02T13:10:00+00:00 [queued]>
[2022-08-02 13:20:57,107] {taskinstance.py:1017} INFO - 
--------------------------------------------------------------------------------
[2022-08-02 13:20:57,108] {taskinstance.py:1018} INFO - Starting attempt 1 of 1
[2022-08-02 13:20:57,108] {taskinstance.py:1019} INFO - 
--------------------------------------------------------------------------------
[2022-08-02 13:20:57,130] {taskinstance.py:1038} INFO - Executing <Task(PythonOperator): greet> on 2022-08-02T13:10:00+00:00
[2022-08-02 13:20:57,134] {standard_task_runner.py:51} INFO - Started process 1537 to run task
[2022-08-02 13:20:57,141] {standard_task_runner.py:75} INFO - Running: ['airflow', 'tasks', 'run', 'my_simple_dag', 'greet', '2022-08-02T13:10:00+00:00', '--job-id', '4', '--pool', 'default_pool', '--raw', '--subdir', 'DAGS_FOLDER/my_simple_dag.py', '--cfg-path', '/tmp/tmpt7336xio']
[2022-08-02 13:20:57,145] {standard_task_runner.py:76} INFO - Job 4: Subtask greet
[2022-08-02 13:20:57,220] {logging_mixin.py:103} INFO - Running <TaskInstance: my_simple_dag.greet 2022-08-02T13:10:00+00:00 [running]> on host 86695ca91b02
[2022-08-02 13:20:57,292] {taskinstance.py:1232} INFO - Exporting the following env vars:
AIRFLOW_CTX_DAG_OWNER=airflow
AIRFLOW_CTX_DAG_ID=my_simple_dag
AIRFLOW_CTX_TASK_ID=greet
AIRFLOW_CTX_EXECUTION_DATE=2022-08-02T13:10:00+00:00
AIRFLOW_CTX_DAG_RUN_ID=scheduled__2022-08-02T13:10:00+00:00
[2022-08-02 13:20:57,293] {logging_mixin.py:103} INFO - Halo Salam dari Apache Airflow2022-08-02 13:20
[2022-08-02 13:20:57,294] {python.py:118} INFO - Done. Returned value was: None
[2022-08-02 13:20:57,309] {taskinstance.py:1142} INFO - Marking task as SUCCESS. dag_id=my_simple_dag, task_id=greet, execution_date=20220802T131000, start_date=20220802T132057, end_date=20220802T132057
[2022-08-02 13:20:57,350] {taskinstance.py:1195} INFO - 1 downstream tasks scheduled from follow-on schedule check
[2022-08-02 13:20:57,392] {local_task_job.py:118} INFO - Task exited with return code 0
