[2022-08-03 07:28:00,695] {taskinstance.py:826} INFO - Dependencies all met for <TaskInstance: penjadwalan.dapat_suhu 2022-08-03T07:26:00+00:00 [queued]>
[2022-08-03 07:28:00,722] {taskinstance.py:826} INFO - Dependencies all met for <TaskInstance: penjadwalan.dapat_suhu 2022-08-03T07:26:00+00:00 [queued]>
[2022-08-03 07:28:00,722] {taskinstance.py:1017} INFO - 
--------------------------------------------------------------------------------
[2022-08-03 07:28:00,723] {taskinstance.py:1018} INFO - Starting attempt 1 of 1
[2022-08-03 07:28:00,723] {taskinstance.py:1019} INFO - 
--------------------------------------------------------------------------------
[2022-08-03 07:28:00,737] {taskinstance.py:1038} INFO - Executing <Task(PythonOperator): dapat_suhu> on 2022-08-03T07:26:00+00:00
[2022-08-03 07:28:00,742] {standard_task_runner.py:51} INFO - Started process 26318 to run task
[2022-08-03 07:28:00,748] {standard_task_runner.py:75} INFO - Running: ['airflow', 'tasks', 'run', 'penjadwalan', 'dapat_suhu', '2022-08-03T07:26:00+00:00', '--job-id', '822', '--pool', 'default_pool', '--raw', '--subdir', 'DAGS_FOLDER/penjadwalan.py', '--cfg-path', '/tmp/tmpg3kxto_m']
[2022-08-03 07:28:00,752] {standard_task_runner.py:76} INFO - Job 822: Subtask dapat_suhu
[2022-08-03 07:28:00,830] {logging_mixin.py:103} INFO - Running <TaskInstance: penjadwalan.dapat_suhu 2022-08-03T07:26:00+00:00 [running]> on host b4dcda255553
[2022-08-03 07:28:00,971] {taskinstance.py:1232} INFO - Exporting the following env vars:
AIRFLOW_CTX_DAG_OWNER=airflow
AIRFLOW_CTX_DAG_ID=penjadwalan
AIRFLOW_CTX_TASK_ID=dapat_suhu
AIRFLOW_CTX_EXECUTION_DATE=2022-08-03T07:26:00+00:00
AIRFLOW_CTX_DAG_RUN_ID=scheduled__2022-08-03T07:26:00+00:00
[2022-08-03 07:28:01,109] {logging_mixin.py:103} INFO - {'kota': 'Bali', 'cuaca': 'Clouds', 'cuaca_deskripsi': 'broken clouds', 'temperatur': 302.69, 'waktu': '2022-08-03T07:28:01.109136'}
[2022-08-03 07:28:01,339] {logging_mixin.py:103} INFO - {'kota': 'Lombok', 'cuaca': 'Clouds', 'cuaca_deskripsi': 'overcast clouds', 'temperatur': 297.58, 'waktu': '2022-08-03T07:28:01.339729'}
[2022-08-03 07:28:01,462] {logging_mixin.py:103} INFO - {'kota': 'Labuan Bajo', 'cuaca': 'Clouds', 'cuaca_deskripsi': 'overcast clouds', 'temperatur': 300.69, 'waktu': '2022-08-03T07:28:01.462402'}
[2022-08-03 07:28:01,576] {logging_mixin.py:103} INFO - {'kota': 'Bogor', 'cuaca': 'Clouds', 'cuaca_deskripsi': 'overcast clouds', 'temperatur': 305.31, 'waktu': '2022-08-03T07:28:01.576271'}
[2022-08-03 07:28:01,682] {logging_mixin.py:103} INFO - {'kota': 'Bandung', 'cuaca': 'Clouds', 'cuaca_deskripsi': 'overcast clouds', 'temperatur': 301.31, 'waktu': '2022-08-03T07:28:01.682458'}
[2022-08-03 07:28:01,683] {python.py:118} INFO - Done. Returned value was: None
[2022-08-03 07:28:01,700] {taskinstance.py:1142} INFO - Marking task as SUCCESS. dag_id=penjadwalan, task_id=dapat_suhu, execution_date=20220803T072600, start_date=20220803T072800, end_date=20220803T072801
[2022-08-03 07:28:01,740] {taskinstance.py:1195} INFO - 0 downstream tasks scheduled from follow-on schedule check
[2022-08-03 07:28:01,761] {local_task_job.py:118} INFO - Task exited with return code 0
