[2022-08-03 00:47:55,960] {taskinstance.py:826} INFO - Dependencies all met for <TaskInstance: penjadwalan.dapat_suhu 2022-08-02T23:24:00+00:00 [queued]>
[2022-08-03 00:47:56,042] {taskinstance.py:826} INFO - Dependencies all met for <TaskInstance: penjadwalan.dapat_suhu 2022-08-02T23:24:00+00:00 [queued]>
[2022-08-03 00:47:56,052] {taskinstance.py:1017} INFO - 
--------------------------------------------------------------------------------
[2022-08-03 00:47:56,064] {taskinstance.py:1018} INFO - Starting attempt 1 of 1
[2022-08-03 00:47:56,076] {taskinstance.py:1019} INFO - 
--------------------------------------------------------------------------------
[2022-08-03 00:47:56,194] {taskinstance.py:1038} INFO - Executing <Task(PythonOperator): dapat_suhu> on 2022-08-02T23:24:00+00:00
[2022-08-03 00:47:56,213] {standard_task_runner.py:51} INFO - Started process 32159 to run task
[2022-08-03 00:47:56,249] {standard_task_runner.py:75} INFO - Running: ['airflow', 'tasks', 'run', 'penjadwalan', 'dapat_suhu', '2022-08-02T23:24:00+00:00', '--job-id', '389', '--pool', 'default_pool', '--raw', '--subdir', 'DAGS_FOLDER/penjadwalan.py', '--cfg-path', '/tmp/tmppjs9v1sl']
[2022-08-03 00:47:56,270] {standard_task_runner.py:76} INFO - Job 389: Subtask dapat_suhu
[2022-08-03 00:47:56,571] {logging_mixin.py:103} INFO - Running <TaskInstance: penjadwalan.dapat_suhu 2022-08-02T23:24:00+00:00 [running]> on host b4dcda255553
[2022-08-03 00:47:56,903] {taskinstance.py:1232} INFO - Exporting the following env vars:
AIRFLOW_CTX_DAG_OWNER=airflow
AIRFLOW_CTX_DAG_ID=penjadwalan
AIRFLOW_CTX_TASK_ID=dapat_suhu
AIRFLOW_CTX_EXECUTION_DATE=2022-08-02T23:24:00+00:00
AIRFLOW_CTX_DAG_RUN_ID=scheduled__2022-08-02T23:24:00+00:00
[2022-08-03 00:47:57,140] {logging_mixin.py:103} INFO - {'kota': 'Bali', 'cuaca': 'Clouds', 'cuaca_deskripsi': 'overcast clouds', 'temperatur': 298.28, 'waktu': '2022-08-03T00:47:57.140607'}
[2022-08-03 00:47:57,340] {logging_mixin.py:103} INFO - {'kota': 'Lombok', 'cuaca': 'Clouds', 'cuaca_deskripsi': 'overcast clouds', 'temperatur': 295.51, 'waktu': '2022-08-03T00:47:57.340001'}
[2022-08-03 00:47:57,679] {logging_mixin.py:103} INFO - {'kota': 'Labuan Bajo', 'cuaca': 'Clouds', 'cuaca_deskripsi': 'scattered clouds', 'temperatur': 300.93, 'waktu': '2022-08-03T00:47:57.679710'}
[2022-08-03 00:47:58,064] {logging_mixin.py:103} INFO - {'kota': 'Bogor', 'cuaca': 'Rain', 'cuaca_deskripsi': 'light rain', 'temperatur': 300.87, 'waktu': '2022-08-03T00:47:58.063969'}
[2022-08-03 00:47:58,352] {logging_mixin.py:103} INFO - {'kota': 'Bandung', 'cuaca': 'Clouds', 'cuaca_deskripsi': 'scattered clouds', 'temperatur': 296.92, 'waktu': '2022-08-03T00:47:58.351930'}
[2022-08-03 00:47:58,364] {python.py:118} INFO - Done. Returned value was: None
[2022-08-03 00:47:58,464] {taskinstance.py:1142} INFO - Marking task as SUCCESS. dag_id=penjadwalan, task_id=dapat_suhu, execution_date=20220802T232400, start_date=20220803T004755, end_date=20220803T004758
[2022-08-03 00:47:58,912] {taskinstance.py:1195} INFO - 0 downstream tasks scheduled from follow-on schedule check
[2022-08-03 00:47:58,957] {local_task_job.py:118} INFO - Task exited with return code 0
