[2022-08-03 00:46:10,794] {taskinstance.py:826} INFO - Dependencies all met for <TaskInstance: penjadwalan.dapat_suhu 2022-08-02T20:30:00+00:00 [queued]>
[2022-08-03 00:46:10,843] {taskinstance.py:826} INFO - Dependencies all met for <TaskInstance: penjadwalan.dapat_suhu 2022-08-02T20:30:00+00:00 [queued]>
[2022-08-03 00:46:10,844] {taskinstance.py:1017} INFO - 
--------------------------------------------------------------------------------
[2022-08-03 00:46:10,845] {taskinstance.py:1018} INFO - Starting attempt 1 of 1
[2022-08-03 00:46:10,848] {taskinstance.py:1019} INFO - 
--------------------------------------------------------------------------------
[2022-08-03 00:46:10,877] {taskinstance.py:1038} INFO - Executing <Task(PythonOperator): dapat_suhu> on 2022-08-02T20:30:00+00:00
[2022-08-03 00:46:10,883] {standard_task_runner.py:51} INFO - Started process 27822 to run task
[2022-08-03 00:46:10,889] {standard_task_runner.py:75} INFO - Running: ['airflow', 'tasks', 'run', 'penjadwalan', 'dapat_suhu', '2022-08-02T20:30:00+00:00', '--job-id', '302', '--pool', 'default_pool', '--raw', '--subdir', 'DAGS_FOLDER/penjadwalan.py', '--cfg-path', '/tmp/tmpxjc4evf9']
[2022-08-03 00:46:10,895] {standard_task_runner.py:76} INFO - Job 302: Subtask dapat_suhu
[2022-08-03 00:46:10,981] {logging_mixin.py:103} INFO - Running <TaskInstance: penjadwalan.dapat_suhu 2022-08-02T20:30:00+00:00 [running]> on host b4dcda255553
[2022-08-03 00:46:11,055] {taskinstance.py:1232} INFO - Exporting the following env vars:
AIRFLOW_CTX_DAG_OWNER=airflow
AIRFLOW_CTX_DAG_ID=penjadwalan
AIRFLOW_CTX_TASK_ID=dapat_suhu
AIRFLOW_CTX_EXECUTION_DATE=2022-08-02T20:30:00+00:00
AIRFLOW_CTX_DAG_RUN_ID=scheduled__2022-08-02T20:30:00+00:00
[2022-08-03 00:46:13,835] {logging_mixin.py:103} INFO - {'kota': 'Bali', 'cuaca': 'Clouds', 'cuaca_deskripsi': 'overcast clouds', 'temperatur': 298.28, 'waktu': '2022-08-03T00:46:13.835369'}
[2022-08-03 00:46:14,085] {logging_mixin.py:103} INFO - {'kota': 'Lombok', 'cuaca': 'Clouds', 'cuaca_deskripsi': 'overcast clouds', 'temperatur': 295.51, 'waktu': '2022-08-03T00:46:14.085313'}
[2022-08-03 00:46:14,313] {logging_mixin.py:103} INFO - {'kota': 'Labuan Bajo', 'cuaca': 'Clouds', 'cuaca_deskripsi': 'scattered clouds', 'temperatur': 300.93, 'waktu': '2022-08-03T00:46:14.313701'}
[2022-08-03 00:46:15,046] {logging_mixin.py:103} INFO - {'kota': 'Bogor', 'cuaca': 'Rain', 'cuaca_deskripsi': 'light rain', 'temperatur': 300.87, 'waktu': '2022-08-03T00:46:15.045874'}
[2022-08-03 00:46:16,737] {logging_mixin.py:103} INFO - {'kota': 'Bandung', 'cuaca': 'Clouds', 'cuaca_deskripsi': 'scattered clouds', 'temperatur': 296.92, 'waktu': '2022-08-03T00:46:16.737514'}
[2022-08-03 00:46:16,738] {python.py:118} INFO - Done. Returned value was: None
[2022-08-03 00:46:16,765] {taskinstance.py:1142} INFO - Marking task as SUCCESS. dag_id=penjadwalan, task_id=dapat_suhu, execution_date=20220802T203000, start_date=20220803T004610, end_date=20220803T004616
[2022-08-03 00:46:16,827] {taskinstance.py:1195} INFO - 0 downstream tasks scheduled from follow-on schedule check
[2022-08-03 00:46:16,865] {local_task_job.py:118} INFO - Task exited with return code 0
