[2022-08-03 00:47:41,951] {taskinstance.py:826} INFO - Dependencies all met for <TaskInstance: penjadwalan.dapat_suhu 2022-08-02T22:50:00+00:00 [queued]>
[2022-08-03 00:47:41,987] {taskinstance.py:826} INFO - Dependencies all met for <TaskInstance: penjadwalan.dapat_suhu 2022-08-02T22:50:00+00:00 [queued]>
[2022-08-03 00:47:41,996] {taskinstance.py:1017} INFO - 
--------------------------------------------------------------------------------
[2022-08-03 00:47:41,998] {taskinstance.py:1018} INFO - Starting attempt 1 of 1
[2022-08-03 00:47:42,002] {taskinstance.py:1019} INFO - 
--------------------------------------------------------------------------------
[2022-08-03 00:47:42,042] {taskinstance.py:1038} INFO - Executing <Task(PythonOperator): dapat_suhu> on 2022-08-02T22:50:00+00:00
[2022-08-03 00:47:42,047] {standard_task_runner.py:51} INFO - Started process 31762 to run task
[2022-08-03 00:47:42,064] {standard_task_runner.py:75} INFO - Running: ['airflow', 'tasks', 'run', 'penjadwalan', 'dapat_suhu', '2022-08-02T22:50:00+00:00', '--job-id', '372', '--pool', 'default_pool', '--raw', '--subdir', 'DAGS_FOLDER/penjadwalan.py', '--cfg-path', '/tmp/tmpso0f9tfc']
[2022-08-03 00:47:42,086] {standard_task_runner.py:76} INFO - Job 372: Subtask dapat_suhu
[2022-08-03 00:47:42,227] {logging_mixin.py:103} INFO - Running <TaskInstance: penjadwalan.dapat_suhu 2022-08-02T22:50:00+00:00 [running]> on host b4dcda255553
[2022-08-03 00:47:42,366] {taskinstance.py:1232} INFO - Exporting the following env vars:
AIRFLOW_CTX_DAG_OWNER=airflow
AIRFLOW_CTX_DAG_ID=penjadwalan
AIRFLOW_CTX_TASK_ID=dapat_suhu
AIRFLOW_CTX_EXECUTION_DATE=2022-08-02T22:50:00+00:00
AIRFLOW_CTX_DAG_RUN_ID=scheduled__2022-08-02T22:50:00+00:00
[2022-08-03 00:47:46,979] {logging_mixin.py:103} INFO - {'kota': 'Bali', 'cuaca': 'Clouds', 'cuaca_deskripsi': 'overcast clouds', 'temperatur': 298.28, 'waktu': '2022-08-03T00:47:46.979246'}
[2022-08-03 00:47:49,203] {logging_mixin.py:103} INFO - {'kota': 'Lombok', 'cuaca': 'Clouds', 'cuaca_deskripsi': 'overcast clouds', 'temperatur': 295.51, 'waktu': '2022-08-03T00:47:49.203482'}
[2022-08-03 00:47:50,249] {logging_mixin.py:103} INFO - {'kota': 'Labuan Bajo', 'cuaca': 'Clouds', 'cuaca_deskripsi': 'scattered clouds', 'temperatur': 300.93, 'waktu': '2022-08-03T00:47:50.249759'}
[2022-08-03 00:47:50,878] {logging_mixin.py:103} INFO - {'kota': 'Bogor', 'cuaca': 'Rain', 'cuaca_deskripsi': 'light rain', 'temperatur': 300.87, 'waktu': '2022-08-03T00:47:50.878281'}
[2022-08-03 00:47:52,882] {logging_mixin.py:103} INFO - {'kota': 'Bandung', 'cuaca': 'Clouds', 'cuaca_deskripsi': 'scattered clouds', 'temperatur': 296.92, 'waktu': '2022-08-03T00:47:52.882109'}
[2022-08-03 00:47:52,882] {python.py:118} INFO - Done. Returned value was: None
[2022-08-03 00:47:52,903] {taskinstance.py:1142} INFO - Marking task as SUCCESS. dag_id=penjadwalan, task_id=dapat_suhu, execution_date=20220802T225000, start_date=20220803T004741, end_date=20220803T004752
[2022-08-03 00:47:52,955] {taskinstance.py:1195} INFO - 0 downstream tasks scheduled from follow-on schedule check
[2022-08-03 00:47:52,976] {local_task_job.py:118} INFO - Task exited with return code 0
