[2022-08-03 00:48:11,048] {taskinstance.py:826} INFO - Dependencies all met for <TaskInstance: penjadwalan.dapat_suhu 2022-08-02T23:52:00+00:00 [queued]>
[2022-08-03 00:48:11,118] {taskinstance.py:826} INFO - Dependencies all met for <TaskInstance: penjadwalan.dapat_suhu 2022-08-02T23:52:00+00:00 [queued]>
[2022-08-03 00:48:11,119] {taskinstance.py:1017} INFO - 
--------------------------------------------------------------------------------
[2022-08-03 00:48:11,121] {taskinstance.py:1018} INFO - Starting attempt 1 of 1
[2022-08-03 00:48:11,122] {taskinstance.py:1019} INFO - 
--------------------------------------------------------------------------------
[2022-08-03 00:48:11,161] {taskinstance.py:1038} INFO - Executing <Task(PythonOperator): dapat_suhu> on 2022-08-02T23:52:00+00:00
[2022-08-03 00:48:11,168] {standard_task_runner.py:51} INFO - Started process 481 to run task
[2022-08-03 00:48:11,181] {standard_task_runner.py:75} INFO - Running: ['airflow', 'tasks', 'run', 'penjadwalan', 'dapat_suhu', '2022-08-02T23:52:00+00:00', '--job-id', '403', '--pool', 'default_pool', '--raw', '--subdir', 'DAGS_FOLDER/penjadwalan.py', '--cfg-path', '/tmp/tmpc6s783ez']
[2022-08-03 00:48:11,186] {standard_task_runner.py:76} INFO - Job 403: Subtask dapat_suhu
[2022-08-03 00:48:11,374] {logging_mixin.py:103} INFO - Running <TaskInstance: penjadwalan.dapat_suhu 2022-08-02T23:52:00+00:00 [running]> on host b4dcda255553
[2022-08-03 00:48:11,476] {taskinstance.py:1232} INFO - Exporting the following env vars:
AIRFLOW_CTX_DAG_OWNER=airflow
AIRFLOW_CTX_DAG_ID=penjadwalan
AIRFLOW_CTX_TASK_ID=dapat_suhu
AIRFLOW_CTX_EXECUTION_DATE=2022-08-02T23:52:00+00:00
AIRFLOW_CTX_DAG_RUN_ID=scheduled__2022-08-02T23:52:00+00:00
[2022-08-03 00:48:11,878] {logging_mixin.py:103} INFO - {'kota': 'Bali', 'cuaca': 'Clouds', 'cuaca_deskripsi': 'overcast clouds', 'temperatur': 298.28, 'waktu': '2022-08-03T00:48:11.878274'}
[2022-08-03 00:48:12,076] {logging_mixin.py:103} INFO - {'kota': 'Lombok', 'cuaca': 'Clouds', 'cuaca_deskripsi': 'overcast clouds', 'temperatur': 295.51, 'waktu': '2022-08-03T00:48:12.076027'}
[2022-08-03 00:48:12,292] {logging_mixin.py:103} INFO - {'kota': 'Labuan Bajo', 'cuaca': 'Clouds', 'cuaca_deskripsi': 'scattered clouds', 'temperatur': 300.93, 'waktu': '2022-08-03T00:48:12.292398'}
[2022-08-03 00:48:12,430] {logging_mixin.py:103} INFO - {'kota': 'Bogor', 'cuaca': 'Rain', 'cuaca_deskripsi': 'light rain', 'temperatur': 300.87, 'waktu': '2022-08-03T00:48:12.430778'}
[2022-08-03 00:48:12,584] {logging_mixin.py:103} INFO - {'kota': 'Bandung', 'cuaca': 'Clouds', 'cuaca_deskripsi': 'scattered clouds', 'temperatur': 296.92, 'waktu': '2022-08-03T00:48:12.584405'}
[2022-08-03 00:48:12,585] {python.py:118} INFO - Done. Returned value was: None
[2022-08-03 00:48:12,611] {taskinstance.py:1142} INFO - Marking task as SUCCESS. dag_id=penjadwalan, task_id=dapat_suhu, execution_date=20220802T235200, start_date=20220803T004811, end_date=20220803T004812
[2022-08-03 00:48:12,713] {taskinstance.py:1195} INFO - 0 downstream tasks scheduled from follow-on schedule check
[2022-08-03 00:48:12,763] {local_task_job.py:118} INFO - Task exited with return code 0
