[2022-08-03 09:20:01,045] {taskinstance.py:826} INFO - Dependencies all met for <TaskInstance: penjadwalan.dapat_suhu 2022-08-03T09:18:00+00:00 [queued]>
[2022-08-03 09:20:01,077] {taskinstance.py:826} INFO - Dependencies all met for <TaskInstance: penjadwalan.dapat_suhu 2022-08-03T09:18:00+00:00 [queued]>
[2022-08-03 09:20:01,078] {taskinstance.py:1017} INFO - 
--------------------------------------------------------------------------------
[2022-08-03 09:20:01,078] {taskinstance.py:1018} INFO - Starting attempt 1 of 1
[2022-08-03 09:20:01,079] {taskinstance.py:1019} INFO - 
--------------------------------------------------------------------------------
[2022-08-03 09:20:01,095] {taskinstance.py:1038} INFO - Executing <Task(PythonOperator): dapat_suhu> on 2022-08-03T09:18:00+00:00
[2022-08-03 09:20:01,100] {standard_task_runner.py:51} INFO - Started process 15550 to run task
[2022-08-03 09:20:01,106] {standard_task_runner.py:75} INFO - Running: ['airflow', 'tasks', 'run', 'penjadwalan', 'dapat_suhu', '2022-08-03T09:18:00+00:00', '--job-id', '922', '--pool', 'default_pool', '--raw', '--subdir', 'DAGS_FOLDER/penjadwalan.py', '--cfg-path', '/tmp/tmpsg7htq2i']
[2022-08-03 09:20:01,116] {standard_task_runner.py:76} INFO - Job 922: Subtask dapat_suhu
[2022-08-03 09:20:01,242] {logging_mixin.py:103} INFO - Running <TaskInstance: penjadwalan.dapat_suhu 2022-08-03T09:18:00+00:00 [running]> on host b4dcda255553
[2022-08-03 09:20:01,353] {taskinstance.py:1232} INFO - Exporting the following env vars:
AIRFLOW_CTX_DAG_OWNER=airflow
AIRFLOW_CTX_DAG_ID=penjadwalan
AIRFLOW_CTX_TASK_ID=dapat_suhu
AIRFLOW_CTX_EXECUTION_DATE=2022-08-03T09:18:00+00:00
AIRFLOW_CTX_DAG_RUN_ID=scheduled__2022-08-03T09:18:00+00:00
[2022-08-03 09:20:01,542] {logging_mixin.py:103} INFO - {'kota': 'Bali', 'cuaca': 'Clouds', 'cuaca_deskripsi': 'broken clouds', 'temperatur': 300.5, 'waktu': '2022-08-03T09:20:01.542658'}
[2022-08-03 09:20:01,714] {logging_mixin.py:103} INFO - {'kota': 'Lombok', 'cuaca': 'Rain', 'cuaca_deskripsi': 'moderate rain', 'temperatur': 296.25, 'waktu': '2022-08-03T09:20:01.714711'}
[2022-08-03 09:20:01,980] {logging_mixin.py:103} INFO - {'kota': 'Labuan Bajo', 'cuaca': 'Clouds', 'cuaca_deskripsi': 'overcast clouds', 'temperatur': 300.25, 'waktu': '2022-08-03T09:20:01.979706'}
[2022-08-03 09:20:02,203] {logging_mixin.py:103} INFO - {'kota': 'Bogor', 'cuaca': 'Clouds', 'cuaca_deskripsi': 'overcast clouds', 'temperatur': 303.11, 'waktu': '2022-08-03T09:20:02.202814'}
[2022-08-03 09:20:02,390] {logging_mixin.py:103} INFO - {'kota': 'Bandung', 'cuaca': 'Clouds', 'cuaca_deskripsi': 'overcast clouds', 'temperatur': 297, 'waktu': '2022-08-03T09:20:02.390038'}
[2022-08-03 09:20:02,391] {python.py:118} INFO - Done. Returned value was: None
[2022-08-03 09:20:02,437] {taskinstance.py:1142} INFO - Marking task as SUCCESS. dag_id=penjadwalan, task_id=dapat_suhu, execution_date=20220803T091800, start_date=20220803T092001, end_date=20220803T092002
[2022-08-03 09:20:02,510] {taskinstance.py:1195} INFO - 0 downstream tasks scheduled from follow-on schedule check
[2022-08-03 09:20:02,545] {local_task_job.py:118} INFO - Task exited with return code 0
