[2022-08-03 08:18:01,129] {taskinstance.py:826} INFO - Dependencies all met for <TaskInstance: penjadwalan.dapat_suhu 2022-08-03T08:16:00+00:00 [queued]>
[2022-08-03 08:18:01,149] {taskinstance.py:826} INFO - Dependencies all met for <TaskInstance: penjadwalan.dapat_suhu 2022-08-03T08:16:00+00:00 [queued]>
[2022-08-03 08:18:01,150] {taskinstance.py:1017} INFO - 
--------------------------------------------------------------------------------
[2022-08-03 08:18:01,150] {taskinstance.py:1018} INFO - Starting attempt 1 of 1
[2022-08-03 08:18:01,151] {taskinstance.py:1019} INFO - 
--------------------------------------------------------------------------------
[2022-08-03 08:18:01,165] {taskinstance.py:1038} INFO - Executing <Task(PythonOperator): dapat_suhu> on 2022-08-03T08:16:00+00:00
[2022-08-03 08:18:01,168] {standard_task_runner.py:51} INFO - Started process 23866 to run task
[2022-08-03 08:18:01,173] {standard_task_runner.py:75} INFO - Running: ['airflow', 'tasks', 'run', 'penjadwalan', 'dapat_suhu', '2022-08-03T08:16:00+00:00', '--job-id', '867', '--pool', 'default_pool', '--raw', '--subdir', 'DAGS_FOLDER/penjadwalan.py', '--cfg-path', '/tmp/tmprv7vepbv']
[2022-08-03 08:18:01,176] {standard_task_runner.py:76} INFO - Job 867: Subtask dapat_suhu
[2022-08-03 08:18:01,236] {logging_mixin.py:103} INFO - Running <TaskInstance: penjadwalan.dapat_suhu 2022-08-03T08:16:00+00:00 [running]> on host b4dcda255553
[2022-08-03 08:18:01,304] {taskinstance.py:1232} INFO - Exporting the following env vars:
AIRFLOW_CTX_DAG_OWNER=airflow
AIRFLOW_CTX_DAG_ID=penjadwalan
AIRFLOW_CTX_TASK_ID=dapat_suhu
AIRFLOW_CTX_EXECUTION_DATE=2022-08-03T08:16:00+00:00
AIRFLOW_CTX_DAG_RUN_ID=scheduled__2022-08-03T08:16:00+00:00
[2022-08-03 08:18:01,429] {logging_mixin.py:103} INFO - {'kota': 'Bali', 'cuaca': 'Clouds', 'cuaca_deskripsi': 'broken clouds', 'temperatur': 301.61, 'waktu': '2022-08-03T08:18:01.428960'}
[2022-08-03 08:18:01,533] {logging_mixin.py:103} INFO - {'kota': 'Lombok', 'cuaca': 'Rain', 'cuaca_deskripsi': 'moderate rain', 'temperatur': 296.95, 'waktu': '2022-08-03T08:18:01.533248'}
[2022-08-03 08:18:01,633] {logging_mixin.py:103} INFO - {'kota': 'Labuan Bajo', 'cuaca': 'Clouds', 'cuaca_deskripsi': 'overcast clouds', 'temperatur': 300.58, 'waktu': '2022-08-03T08:18:01.633126'}
[2022-08-03 08:18:01,781] {logging_mixin.py:103} INFO - {'kota': 'Bogor', 'cuaca': 'Clouds', 'cuaca_deskripsi': 'overcast clouds', 'temperatur': 303.65, 'waktu': '2022-08-03T08:18:01.781406'}
[2022-08-03 08:18:01,879] {logging_mixin.py:103} INFO - {'kota': 'Bandung', 'cuaca': 'Clouds', 'cuaca_deskripsi': 'overcast clouds', 'temperatur': 298.69, 'waktu': '2022-08-03T08:18:01.879112'}
[2022-08-03 08:18:01,879] {python.py:118} INFO - Done. Returned value was: None
[2022-08-03 08:18:01,897] {taskinstance.py:1142} INFO - Marking task as SUCCESS. dag_id=penjadwalan, task_id=dapat_suhu, execution_date=20220803T081600, start_date=20220803T081801, end_date=20220803T081801
[2022-08-03 08:18:01,934] {taskinstance.py:1195} INFO - 0 downstream tasks scheduled from follow-on schedule check
[2022-08-03 08:18:01,946] {local_task_job.py:118} INFO - Task exited with return code 0
