[2022-08-03 00:46:01,237] {taskinstance.py:826} INFO - Dependencies all met for <TaskInstance: penjadwalan.dapat_suhu 2022-08-02T20:10:00+00:00 [queued]>
[2022-08-03 00:46:01,293] {taskinstance.py:826} INFO - Dependencies all met for <TaskInstance: penjadwalan.dapat_suhu 2022-08-02T20:10:00+00:00 [queued]>
[2022-08-03 00:46:01,293] {taskinstance.py:1017} INFO - 
--------------------------------------------------------------------------------
[2022-08-03 00:46:01,294] {taskinstance.py:1018} INFO - Starting attempt 1 of 1
[2022-08-03 00:46:01,294] {taskinstance.py:1019} INFO - 
--------------------------------------------------------------------------------
[2022-08-03 00:46:01,323] {taskinstance.py:1038} INFO - Executing <Task(PythonOperator): dapat_suhu> on 2022-08-02T20:10:00+00:00
[2022-08-03 00:46:01,339] {standard_task_runner.py:51} INFO - Started process 27309 to run task
[2022-08-03 00:46:01,349] {standard_task_runner.py:75} INFO - Running: ['airflow', 'tasks', 'run', 'penjadwalan', 'dapat_suhu', '2022-08-02T20:10:00+00:00', '--job-id', '292', '--pool', 'default_pool', '--raw', '--subdir', 'DAGS_FOLDER/penjadwalan.py', '--cfg-path', '/tmp/tmp6_ljak28']
[2022-08-03 00:46:01,367] {standard_task_runner.py:76} INFO - Job 292: Subtask dapat_suhu
[2022-08-03 00:46:01,499] {logging_mixin.py:103} INFO - Running <TaskInstance: penjadwalan.dapat_suhu 2022-08-02T20:10:00+00:00 [running]> on host b4dcda255553
[2022-08-03 00:46:01,678] {taskinstance.py:1232} INFO - Exporting the following env vars:
AIRFLOW_CTX_DAG_OWNER=airflow
AIRFLOW_CTX_DAG_ID=penjadwalan
AIRFLOW_CTX_TASK_ID=dapat_suhu
AIRFLOW_CTX_EXECUTION_DATE=2022-08-02T20:10:00+00:00
AIRFLOW_CTX_DAG_RUN_ID=scheduled__2022-08-02T20:10:00+00:00
[2022-08-03 00:46:08,997] {logging_mixin.py:103} INFO - {'kota': 'Bali', 'cuaca': 'Clouds', 'cuaca_deskripsi': 'overcast clouds', 'temperatur': 298.28, 'waktu': '2022-08-03T00:46:08.997400'}
[2022-08-03 00:46:13,044] {logging_mixin.py:103} INFO - {'kota': 'Lombok', 'cuaca': 'Clouds', 'cuaca_deskripsi': 'overcast clouds', 'temperatur': 295.51, 'waktu': '2022-08-03T00:46:13.044491'}
[2022-08-03 00:46:13,866] {logging_mixin.py:103} INFO - {'kota': 'Labuan Bajo', 'cuaca': 'Clouds', 'cuaca_deskripsi': 'scattered clouds', 'temperatur': 300.93, 'waktu': '2022-08-03T00:46:13.866240'}
[2022-08-03 00:46:14,088] {logging_mixin.py:103} INFO - {'kota': 'Bogor', 'cuaca': 'Rain', 'cuaca_deskripsi': 'light rain', 'temperatur': 300.87, 'waktu': '2022-08-03T00:46:14.087696'}
[2022-08-03 00:46:14,348] {logging_mixin.py:103} INFO - {'kota': 'Bandung', 'cuaca': 'Clouds', 'cuaca_deskripsi': 'scattered clouds', 'temperatur': 296.92, 'waktu': '2022-08-03T00:46:14.348131'}
[2022-08-03 00:46:14,349] {python.py:118} INFO - Done. Returned value was: None
[2022-08-03 00:46:14,386] {taskinstance.py:1142} INFO - Marking task as SUCCESS. dag_id=penjadwalan, task_id=dapat_suhu, execution_date=20220802T201000, start_date=20220803T004601, end_date=20220803T004614
[2022-08-03 00:46:14,517] {taskinstance.py:1195} INFO - 0 downstream tasks scheduled from follow-on schedule check
[2022-08-03 00:46:14,558] {local_task_job.py:118} INFO - Task exited with return code 0
