[2022-08-03 00:47:52,150] {taskinstance.py:826} INFO - Dependencies all met for <TaskInstance: penjadwalan.dapat_suhu 2022-08-02T23:20:00+00:00 [queued]>
[2022-08-03 00:47:52,181] {taskinstance.py:826} INFO - Dependencies all met for <TaskInstance: penjadwalan.dapat_suhu 2022-08-02T23:20:00+00:00 [queued]>
[2022-08-03 00:47:52,182] {taskinstance.py:1017} INFO - 
--------------------------------------------------------------------------------
[2022-08-03 00:47:52,182] {taskinstance.py:1018} INFO - Starting attempt 1 of 1
[2022-08-03 00:47:52,183] {taskinstance.py:1019} INFO - 
--------------------------------------------------------------------------------
[2022-08-03 00:47:52,203] {taskinstance.py:1038} INFO - Executing <Task(PythonOperator): dapat_suhu> on 2022-08-02T23:20:00+00:00
[2022-08-03 00:47:52,210] {standard_task_runner.py:51} INFO - Started process 32007 to run task
[2022-08-03 00:47:52,217] {standard_task_runner.py:75} INFO - Running: ['airflow', 'tasks', 'run', 'penjadwalan', 'dapat_suhu', '2022-08-02T23:20:00+00:00', '--job-id', '387', '--pool', 'default_pool', '--raw', '--subdir', 'DAGS_FOLDER/penjadwalan.py', '--cfg-path', '/tmp/tmpfye360px']
[2022-08-03 00:47:52,221] {standard_task_runner.py:76} INFO - Job 387: Subtask dapat_suhu
[2022-08-03 00:47:52,306] {logging_mixin.py:103} INFO - Running <TaskInstance: penjadwalan.dapat_suhu 2022-08-02T23:20:00+00:00 [running]> on host b4dcda255553
[2022-08-03 00:47:52,381] {taskinstance.py:1232} INFO - Exporting the following env vars:
AIRFLOW_CTX_DAG_OWNER=airflow
AIRFLOW_CTX_DAG_ID=penjadwalan
AIRFLOW_CTX_TASK_ID=dapat_suhu
AIRFLOW_CTX_EXECUTION_DATE=2022-08-02T23:20:00+00:00
AIRFLOW_CTX_DAG_RUN_ID=scheduled__2022-08-02T23:20:00+00:00
[2022-08-03 00:47:53,447] {logging_mixin.py:103} INFO - {'kota': 'Bali', 'cuaca': 'Clouds', 'cuaca_deskripsi': 'overcast clouds', 'temperatur': 298.28, 'waktu': '2022-08-03T00:47:53.447332'}
[2022-08-03 00:47:54,838] {logging_mixin.py:103} INFO - {'kota': 'Lombok', 'cuaca': 'Clouds', 'cuaca_deskripsi': 'overcast clouds', 'temperatur': 295.51, 'waktu': '2022-08-03T00:47:54.838520'}
[2022-08-03 00:47:55,646] {logging_mixin.py:103} INFO - {'kota': 'Labuan Bajo', 'cuaca': 'Clouds', 'cuaca_deskripsi': 'scattered clouds', 'temperatur': 300.93, 'waktu': '2022-08-03T00:47:55.646442'}
[2022-08-03 00:47:56,271] {logging_mixin.py:103} INFO - {'kota': 'Bogor', 'cuaca': 'Rain', 'cuaca_deskripsi': 'light rain', 'temperatur': 300.87, 'waktu': '2022-08-03T00:47:56.271437'}
[2022-08-03 00:47:56,588] {logging_mixin.py:103} INFO - {'kota': 'Bandung', 'cuaca': 'Clouds', 'cuaca_deskripsi': 'scattered clouds', 'temperatur': 296.92, 'waktu': '2022-08-03T00:47:56.587949'}
[2022-08-03 00:47:56,595] {python.py:118} INFO - Done. Returned value was: None
[2022-08-03 00:47:56,672] {taskinstance.py:1142} INFO - Marking task as SUCCESS. dag_id=penjadwalan, task_id=dapat_suhu, execution_date=20220802T232000, start_date=20220803T004752, end_date=20220803T004756
[2022-08-03 00:47:56,907] {taskinstance.py:1195} INFO - 0 downstream tasks scheduled from follow-on schedule check
[2022-08-03 00:47:56,969] {local_task_job.py:118} INFO - Task exited with return code 0
