[2022-08-02 17:05:56,613] {taskinstance.py:826} INFO - Dependencies all met for <TaskInstance: penjadwalan.dapat_suhu 2022-08-02T17:00:00+00:00 [queued]>
[2022-08-02 17:05:56,654] {taskinstance.py:826} INFO - Dependencies all met for <TaskInstance: penjadwalan.dapat_suhu 2022-08-02T17:00:00+00:00 [queued]>
[2022-08-02 17:05:56,655] {taskinstance.py:1017} INFO - 
--------------------------------------------------------------------------------
[2022-08-02 17:05:56,657] {taskinstance.py:1018} INFO - Starting attempt 1 of 1
[2022-08-02 17:05:56,657] {taskinstance.py:1019} INFO - 
--------------------------------------------------------------------------------
[2022-08-02 17:05:56,678] {taskinstance.py:1038} INFO - Executing <Task(PythonOperator): dapat_suhu> on 2022-08-02T17:00:00+00:00
[2022-08-02 17:05:56,684] {standard_task_runner.py:51} INFO - Started process 199 to run task
[2022-08-02 17:05:56,694] {standard_task_runner.py:75} INFO - Running: ['airflow', 'tasks', 'run', 'penjadwalan', 'dapat_suhu', '2022-08-02T17:00:00+00:00', '--job-id', '177', '--pool', 'default_pool', '--raw', '--subdir', 'DAGS_FOLDER/penjadwalan.py', '--cfg-path', '/tmp/tmpnikpn56t']
[2022-08-02 17:05:56,702] {standard_task_runner.py:76} INFO - Job 177: Subtask dapat_suhu
[2022-08-02 17:05:56,822] {logging_mixin.py:103} INFO - Running <TaskInstance: penjadwalan.dapat_suhu 2022-08-02T17:00:00+00:00 [running]> on host b4dcda255553
[2022-08-02 17:05:56,939] {taskinstance.py:1232} INFO - Exporting the following env vars:
AIRFLOW_CTX_DAG_OWNER=airflow
AIRFLOW_CTX_DAG_ID=penjadwalan
AIRFLOW_CTX_TASK_ID=dapat_suhu
AIRFLOW_CTX_EXECUTION_DATE=2022-08-02T17:00:00+00:00
AIRFLOW_CTX_DAG_RUN_ID=scheduled__2022-08-02T17:00:00+00:00
[2022-08-02 17:05:57,409] {logging_mixin.py:103} INFO - {'kota': 'Bali', 'cuaca': 'Clouds', 'cuaca_deskripsi': 'overcast clouds', 'temperatur': 298.28, 'waktu': '2022-08-02T17:05:57.409562'}
[2022-08-02 17:05:57,890] {logging_mixin.py:103} INFO - {'kota': 'Lombok', 'cuaca': 'Clouds', 'cuaca_deskripsi': 'broken clouds', 'temperatur': 293.44, 'waktu': '2022-08-02T17:05:57.890523'}
[2022-08-02 17:05:58,477] {logging_mixin.py:103} INFO - {'kota': 'Labuan Bajo', 'cuaca': 'Clouds', 'cuaca_deskripsi': 'broken clouds', 'temperatur': 297.27, 'waktu': '2022-08-02T17:05:58.477713'}
[2022-08-02 17:05:59,343] {logging_mixin.py:103} INFO - {'kota': 'Bogor', 'cuaca': 'Clouds', 'cuaca_deskripsi': 'broken clouds', 'temperatur': 296.93, 'waktu': '2022-08-02T17:05:59.342954'}
[2022-08-02 17:05:59,997] {logging_mixin.py:103} INFO - {'kota': 'Bandung', 'cuaca': 'Clouds', 'cuaca_deskripsi': 'broken clouds', 'temperatur': 293.46, 'waktu': '2022-08-02T17:05:59.997414'}
[2022-08-02 17:05:59,998] {python.py:118} INFO - Done. Returned value was: None
[2022-08-02 17:06:00,076] {taskinstance.py:1142} INFO - Marking task as SUCCESS. dag_id=penjadwalan, task_id=dapat_suhu, execution_date=20220802T170000, start_date=20220802T170556, end_date=20220802T170600
[2022-08-02 17:06:00,126] {taskinstance.py:1195} INFO - 0 downstream tasks scheduled from follow-on schedule check
[2022-08-02 17:06:00,160] {local_task_job.py:118} INFO - Task exited with return code 0
