[2022-08-03 00:45:43,189] {taskinstance.py:826} INFO - Dependencies all met for <TaskInstance: penjadwalan.dapat_suhu 2022-08-02T19:32:00+00:00 [queued]>
[2022-08-03 00:45:43,226] {taskinstance.py:826} INFO - Dependencies all met for <TaskInstance: penjadwalan.dapat_suhu 2022-08-02T19:32:00+00:00 [queued]>
[2022-08-03 00:45:43,227] {taskinstance.py:1017} INFO - 
--------------------------------------------------------------------------------
[2022-08-03 00:45:43,228] {taskinstance.py:1018} INFO - Starting attempt 1 of 1
[2022-08-03 00:45:43,229] {taskinstance.py:1019} INFO - 
--------------------------------------------------------------------------------
[2022-08-03 00:45:43,281] {taskinstance.py:1038} INFO - Executing <Task(PythonOperator): dapat_suhu> on 2022-08-02T19:32:00+00:00
[2022-08-03 00:45:43,291] {standard_task_runner.py:51} INFO - Started process 26562 to run task
[2022-08-03 00:45:43,294] {standard_task_runner.py:75} INFO - Running: ['airflow', 'tasks', 'run', 'penjadwalan', 'dapat_suhu', '2022-08-02T19:32:00+00:00', '--job-id', '273', '--pool', 'default_pool', '--raw', '--subdir', 'DAGS_FOLDER/penjadwalan.py', '--cfg-path', '/tmp/tmpanr1fxxt']
[2022-08-03 00:45:43,305] {standard_task_runner.py:76} INFO - Job 273: Subtask dapat_suhu
[2022-08-03 00:45:43,478] {logging_mixin.py:103} INFO - Running <TaskInstance: penjadwalan.dapat_suhu 2022-08-02T19:32:00+00:00 [running]> on host b4dcda255553
[2022-08-03 00:45:43,641] {taskinstance.py:1232} INFO - Exporting the following env vars:
AIRFLOW_CTX_DAG_OWNER=airflow
AIRFLOW_CTX_DAG_ID=penjadwalan
AIRFLOW_CTX_TASK_ID=dapat_suhu
AIRFLOW_CTX_EXECUTION_DATE=2022-08-02T19:32:00+00:00
AIRFLOW_CTX_DAG_RUN_ID=scheduled__2022-08-02T19:32:00+00:00
[2022-08-03 00:45:44,588] {logging_mixin.py:103} INFO - {'kota': 'Bali', 'cuaca': 'Clouds', 'cuaca_deskripsi': 'overcast clouds', 'temperatur': 298.28, 'waktu': '2022-08-03T00:45:44.588336'}
[2022-08-03 00:45:44,745] {logging_mixin.py:103} INFO - {'kota': 'Lombok', 'cuaca': 'Clouds', 'cuaca_deskripsi': 'overcast clouds', 'temperatur': 295.51, 'waktu': '2022-08-03T00:45:44.744951'}
[2022-08-03 00:45:46,414] {logging_mixin.py:103} INFO - {'kota': 'Labuan Bajo', 'cuaca': 'Clouds', 'cuaca_deskripsi': 'scattered clouds', 'temperatur': 300.93, 'waktu': '2022-08-03T00:45:46.414718'}
[2022-08-03 00:46:00,460] {logging_mixin.py:103} INFO - {'kota': 'Bogor', 'cuaca': 'Rain', 'cuaca_deskripsi': 'light rain', 'temperatur': 300.87, 'waktu': '2022-08-03T00:46:00.460210'}
[2022-08-03 00:46:03,954] {logging_mixin.py:103} INFO - {'kota': 'Bandung', 'cuaca': 'Clouds', 'cuaca_deskripsi': 'scattered clouds', 'temperatur': 296.92, 'waktu': '2022-08-03T00:46:03.954220'}
[2022-08-03 00:46:03,955] {python.py:118} INFO - Done. Returned value was: None
[2022-08-03 00:46:03,994] {taskinstance.py:1142} INFO - Marking task as SUCCESS. dag_id=penjadwalan, task_id=dapat_suhu, execution_date=20220802T193200, start_date=20220803T004543, end_date=20220803T004603
[2022-08-03 00:46:04,062] {taskinstance.py:1195} INFO - 0 downstream tasks scheduled from follow-on schedule check
[2022-08-03 00:46:04,111] {local_task_job.py:118} INFO - Task exited with return code 0
