[2022-08-03 06:50:13,625] {taskinstance.py:826} INFO - Dependencies all met for <TaskInstance: my_simple_dag.respond 2022-08-03T06:40:00+00:00 [queued]>
[2022-08-03 06:50:13,710] {taskinstance.py:826} INFO - Dependencies all met for <TaskInstance: my_simple_dag.respond 2022-08-03T06:40:00+00:00 [queued]>
[2022-08-03 06:50:13,714] {taskinstance.py:1017} INFO - 
--------------------------------------------------------------------------------
[2022-08-03 06:50:13,716] {taskinstance.py:1018} INFO - Starting attempt 1 of 1
[2022-08-03 06:50:13,717] {taskinstance.py:1019} INFO - 
--------------------------------------------------------------------------------
[2022-08-03 06:50:13,793] {taskinstance.py:1038} INFO - Executing <Task(PythonOperator): respond> on 2022-08-03T06:40:00+00:00
[2022-08-03 06:50:13,801] {standard_task_runner.py:51} INFO - Started process 22792 to run task
[2022-08-03 06:50:13,809] {standard_task_runner.py:75} INFO - Running: ['airflow', 'tasks', 'run', 'my_simple_dag', 'respond', '2022-08-03T06:40:00+00:00', '--job-id', '791', '--pool', 'default_pool', '--raw', '--subdir', 'DAGS_FOLDER/my_simple_dag.py', '--cfg-path', '/tmp/tmp6vdfqx89']
[2022-08-03 06:50:13,845] {standard_task_runner.py:76} INFO - Job 791: Subtask respond
[2022-08-03 06:50:14,092] {logging_mixin.py:103} INFO - Running <TaskInstance: my_simple_dag.respond 2022-08-03T06:40:00+00:00 [running]> on host b4dcda255553
[2022-08-03 06:50:14,269] {taskinstance.py:1232} INFO - Exporting the following env vars:
AIRFLOW_CTX_DAG_OWNER=airflow
AIRFLOW_CTX_DAG_ID=my_simple_dag
AIRFLOW_CTX_TASK_ID=respond
AIRFLOW_CTX_EXECUTION_DATE=2022-08-03T06:40:00+00:00
AIRFLOW_CTX_DAG_RUN_ID=scheduled__2022-08-03T06:40:00+00:00
[2022-08-03 06:50:14,271] {python.py:118} INFO - Done. Returned value was: Greet Responded Again
[2022-08-03 06:50:14,355] {taskinstance.py:1142} INFO - Marking task as SUCCESS. dag_id=my_simple_dag, task_id=respond, execution_date=20220803T064000, start_date=20220803T065013, end_date=20220803T065014
[2022-08-03 06:50:14,465] {taskinstance.py:1195} INFO - 0 downstream tasks scheduled from follow-on schedule check
[2022-08-03 06:50:14,479] {local_task_job.py:118} INFO - Task exited with return code 0
