[2022-08-03 00:45:26,485] {taskinstance.py:826} INFO - Dependencies all met for <TaskInstance: penjadwalan.dapat_suhu 2022-08-02T19:00:00+00:00 [queued]>
[2022-08-03 00:45:26,569] {taskinstance.py:826} INFO - Dependencies all met for <TaskInstance: penjadwalan.dapat_suhu 2022-08-02T19:00:00+00:00 [queued]>
[2022-08-03 00:45:26,570] {taskinstance.py:1017} INFO - 
--------------------------------------------------------------------------------
[2022-08-03 00:45:26,572] {taskinstance.py:1018} INFO - Starting attempt 1 of 1
[2022-08-03 00:45:26,573] {taskinstance.py:1019} INFO - 
--------------------------------------------------------------------------------
[2022-08-03 00:45:26,616] {taskinstance.py:1038} INFO - Executing <Task(PythonOperator): dapat_suhu> on 2022-08-02T19:00:00+00:00
[2022-08-03 00:45:26,622] {standard_task_runner.py:51} INFO - Started process 25919 to run task
[2022-08-03 00:45:26,645] {standard_task_runner.py:75} INFO - Running: ['airflow', 'tasks', 'run', 'penjadwalan', 'dapat_suhu', '2022-08-02T19:00:00+00:00', '--job-id', '257', '--pool', 'default_pool', '--raw', '--subdir', 'DAGS_FOLDER/penjadwalan.py', '--cfg-path', '/tmp/tmp0rzdk0ge']
[2022-08-03 00:45:26,656] {standard_task_runner.py:76} INFO - Job 257: Subtask dapat_suhu
[2022-08-03 00:45:26,842] {logging_mixin.py:103} INFO - Running <TaskInstance: penjadwalan.dapat_suhu 2022-08-02T19:00:00+00:00 [running]> on host b4dcda255553
[2022-08-03 00:45:26,982] {taskinstance.py:1232} INFO - Exporting the following env vars:
AIRFLOW_CTX_DAG_OWNER=airflow
AIRFLOW_CTX_DAG_ID=penjadwalan
AIRFLOW_CTX_TASK_ID=dapat_suhu
AIRFLOW_CTX_EXECUTION_DATE=2022-08-02T19:00:00+00:00
AIRFLOW_CTX_DAG_RUN_ID=scheduled__2022-08-02T19:00:00+00:00
[2022-08-03 00:45:29,756] {logging_mixin.py:103} INFO - {'kota': 'Bali', 'cuaca': 'Clouds', 'cuaca_deskripsi': 'overcast clouds', 'temperatur': 298.28, 'waktu': '2022-08-03T00:45:29.756102'}
[2022-08-03 00:45:30,168] {logging_mixin.py:103} INFO - {'kota': 'Lombok', 'cuaca': 'Clouds', 'cuaca_deskripsi': 'overcast clouds', 'temperatur': 295.51, 'waktu': '2022-08-03T00:45:30.168524'}
[2022-08-03 00:45:30,468] {logging_mixin.py:103} INFO - {'kota': 'Labuan Bajo', 'cuaca': 'Clouds', 'cuaca_deskripsi': 'scattered clouds', 'temperatur': 300.93, 'waktu': '2022-08-03T00:45:30.468105'}
[2022-08-03 00:45:31,221] {logging_mixin.py:103} INFO - {'kota': 'Bogor', 'cuaca': 'Rain', 'cuaca_deskripsi': 'light rain', 'temperatur': 300.87, 'waktu': '2022-08-03T00:45:31.221231'}
[2022-08-03 00:45:31,933] {logging_mixin.py:103} INFO - {'kota': 'Bandung', 'cuaca': 'Clouds', 'cuaca_deskripsi': 'scattered clouds', 'temperatur': 296.92, 'waktu': '2022-08-03T00:45:31.932890'}
[2022-08-03 00:45:31,934] {python.py:118} INFO - Done. Returned value was: None
[2022-08-03 00:45:31,991] {taskinstance.py:1142} INFO - Marking task as SUCCESS. dag_id=penjadwalan, task_id=dapat_suhu, execution_date=20220802T190000, start_date=20220803T004526, end_date=20220803T004531
[2022-08-03 00:45:32,126] {taskinstance.py:1195} INFO - 0 downstream tasks scheduled from follow-on schedule check
[2022-08-03 00:45:32,175] {local_task_job.py:118} INFO - Task exited with return code 0
